starting from 0
DATE: 2021-01-11
TIME: 21:57:49
                                         version_number       10108
 read /hpc/group/physics/al363/sens/base/inlist_base
 read inlist_cluster
load saved model /hpc/group/physics/al363/sens/base/ns_relax.mod

 change to /hpc/group/physics/al363/sens/base/rp_305.net
             set special rate factor for r_ni60_ag_zn64        2499    1.0000000000000000D-02
             set special rate factor for r_zn64_ga_ni60        2500    1.0000000000000000D-02
             set special rate factor for r_ni60_ag_zn64        2499    1.0000000000000000D-02
             set special rate factor for r_zn64_ga_ni60        2500    1.0000000000000000D-02
 number of species         305
 read /hpc/group/physics/al363/sens/base/history_customACL.list_tau
 read /hpc/group/physics/al363/sens/base/profile_customACL.list_tau
 net name /hpc/group/physics/al363/sens/base/rp_305.net
 v_flag T
                         which_atm_option: grey_and_kap
                                           xmstar/mstar    4.5461189430843640D-12
                                             xmstar (g)    1.2660395722219186D+22
                                           M_center (g)    2.7848799999878681D+33
                                            xmstar/Msun    6.3645665203193175D-12
                                          M_center/Msun    1.3999999999939012D+00
                                          R_center (cm)    1.1200000000000000D+06
                                          R_center/Rsun    1.6092416448748527D-05
                                           core density    4.7322078204273819D+14
                                          L_center/Lsun    4.1647144567650578D+00
 kappa_file_prefix gs98
 kappa_lowT_prefix lowT_fa05_gs98

   eos_file_prefix mesa
                                        OMP_NUM_THREADS           8


__________________________________________________________________________________________________________________________________________________

       step    lg_Tcntr    Teff       lg_LH     lg_Lnuc     Mass       H_rich     H_cntr     N_cntr     Y_surf     X_avg     eta_cntr  zones retry
   lg_dt_yr    lg_Dcntr    lg_R       lg_L3a    lg_Lneu     lg_Mdot    He_core    He_cntr    O_cntr     Z_surf     Y_avg     gam_cntr  iters bckup
     age_yr    lg_Pcntr    lg_L       lg_LZ     lg_Psurf    lg_Dsurf   C_core     C_cntr     Ne_cntr    Si_cntr    Z_avg     v_div_cs     dt_limit
__________________________________________________________________________________________________________________________________________________

save LOGS/profile1.data for model 2
 grid1/grid1_000005.png/png
 burst_profile/burst_profile000005.png/png
          6   8.165156  1.497E+06   0.087590   0.087976   1.400000   1.400000   0.000000   0.000000   0.275200   0.030886  22.514775    791      0
  -5.817651   6.610341  -4.793035 -18.862378  -1.086578  -8.522879   0.000000   0.000000   0.000000   0.020000   0.011710 149.410225      6      0
 4.0040E-06  23.176196   0.068337  -2.962874  12.744977  -1.553972   0.000000   0.000000   0.000000   0.000687  9.574E-01  0.395E-11      lgT_cntr

save LOGS/profile2.data for model 6
 grid1/grid1_000010.png/png
 burst_profile/burst_profile000010.png/png
 grid1/grid1_000015.png/png
 burst_profile/burst_profile000015.png/png
 grid1/grid1_000020.png/png
 burst_profile/burst_profile000020.png/png
 grid1/grid1_000025.png/png
 burst_profile/burst_profile000025.png/png
       retry log10(dt/yr), log10(dt), retry_factor     1    30       -5.532111        1.967001        0.500000
 grid1/grid1_000030.png/png
 burst_profile/burst_profile000030.png/png
       retry log10(dt/yr), log10(dt), retry_factor     1    35       -5.231081        2.268031        0.500000
 grid1/grid1_000035.png/png
 burst_profile/burst_profile000035.png/png
       retry log10(dt/yr), log10(dt), retry_factor     1    36       -5.532111        1.967001        0.500000
       retry log10(dt/yr), log10(dt), retry_factor     1    40       -5.532111        1.967001        0.500000
 grid1/grid1_000040.png/png
 burst_profile/burst_profile000040.png/png
       retry log10(dt/yr), log10(dt), retry_factor     1    45       -5.231081        2.268031        0.500000
 grid1/grid1_000045.png/png
 burst_profile/burst_profile000045.png/png
       retry log10(dt/yr), log10(dt), retry_factor     1    49       -5.231081        2.268031        0.500000
 grid1/grid1_000050.png/png
 burst_profile/burst_profile000050.png/png
       retry log10(dt/yr), log10(dt), retry_factor     1    53       -5.231081        2.268031        0.500000
 grid1/grid1_000055.png/png
 burst_profile/burst_profile000055.png/png
       retry log10(dt/yr), log10(dt), retry_factor     1    56       -5.532111        1.967001        0.500000
       retry log10(dt/yr), log10(dt), retry_factor     2    56       -5.833141        1.665971        0.500000
 have reached retry limit so now backup
 grid1/grid1_000055.png/png
 burst_profile/burst_profile000055.png/png
       retry log10(dt/yr), log10(dt), retry_factor     1    58       -6.134171        1.364941        0.500000
       retry log10(dt/yr), log10(dt), retry_factor     2    58       -6.435201        1.063911        0.500000
 have reached retry limit so now backup
       retry log10(dt/yr), log10(dt), retry_factor     1    58       -6.736231        0.762881        0.500000
       retry log10(dt/yr), log10(dt), retry_factor     2    58       -7.037261        0.461851        0.500000
 have reached retry limit so now backup
       retry log10(dt/yr), log10(dt), retry_factor     1    60       -7.338291        0.160821        0.500000
       retry log10(dt/yr), log10(dt), retry_factor     2    60       -7.639321       -0.140209        0.500000
 have reached retry limit so now backup
 grid1/grid1_000060.png/png
 burst_profile/burst_profile000060.png/png
       retry log10(dt/yr), log10(dt), retry_factor     1    62       -7.940351       -0.441239        0.500000
       retry log10(dt/yr), log10(dt), retry_factor     2    62       -8.241381       -0.742269        0.500000
 grid1/grid1_000065.png/png
 burst_profile/burst_profile000065.png/png
 grid1/grid1_000070.png/png
 burst_profile/burst_profile000070.png/png
 grid1/grid1_000075.png/png
 burst_profile/burst_profile000075.png/png
       retry log10(dt/yr), log10(dt), retry_factor     1    76       -5.231081        2.268031        0.500000
       retry log10(dt/yr), log10(dt), retry_factor     2    76       -5.532111        1.967001        0.500000
       retry log10(dt/yr), log10(dt), retry_factor     1    77       -5.833141        1.665971        0.500000
       retry log10(dt/yr), log10(dt), retry_factor     2    77       -6.134171        1.364941        0.500000
 have reached retry limit so now backup
       retry log10(dt/yr), log10(dt), retry_factor     1    80       -6.435201        1.063911        0.500000
       retry log10(dt/yr), log10(dt), retry_factor     2    80       -6.736231        0.762881        0.500000
 have reached retry limit so now backup
 grid1/grid1_000080.png/png
 burst_profile/burst_profile000080.png/png
       retry log10(dt/yr), log10(dt), retry_factor     1    81       -7.037261        0.461851        0.500000
       retry log10(dt/yr), log10(dt), retry_factor     2    81       -7.338291        0.160821        0.500000
 have reached retry limit so now backup
 grid1/grid1_000080.png/png
 burst_profile/burst_profile000080.png/png
       retry log10(dt/yr), log10(dt), retry_factor     1    84       -7.639321       -0.140209        0.500000
       retry log10(dt/yr), log10(dt), retry_factor     2    84       -7.940351       -0.441239        0.500000
 have reached retry limit so now backup
       retry log10(dt/yr), log10(dt), retry_factor     1    84       -8.241381       -0.742269        0.500000
 grid1/grid1_000085.png/png
 burst_profile/burst_profile000085.png/png
 grid1/grid1_000090.png/png
 burst_profile/burst_profile000090.png/png
 grid1/grid1_000095.png/png
 burst_profile/burst_profile000095.png/png
       retry log10(dt/yr), log10(dt), retry_factor     1    97       -5.708197        1.790914        0.500000
       retry log10(dt/yr), log10(dt), retry_factor     1    98       -6.029742        1.469369        0.500000
       retry log10(dt/yr), log10(dt), retry_factor     1    99       -6.330772        1.168339        0.500000
        100   8.444841  4.670E+06   2.033172   2.166622   1.400000   1.400000   0.000000   0.000000   0.275200   0.100536  12.226478    752     31
  -6.029742   6.642744  -4.792800   1.206170   1.283423  -8.522879   0.000000   0.000000   0.000000   0.020000   0.058448  80.444496      6      8
 3.1300E-04  23.235090   2.045017   1.357015  13.860470  -0.943582   0.000000   0.000000   0.000000   0.000687  8.410E-01  0.987E-12          hold

 grid1/grid1_000100.png/png
 burst_profile/burst_profile000100.png/png
       retry log10(dt/yr), log10(dt), retry_factor     1   101       -6.631802        0.867309        0.500000
       retry log10(dt/yr), log10(dt), retry_factor     1   103       -6.932832        0.566279        0.500000
hydro_newton_step failed to accept
       retry log10(dt/yr), log10(dt), retry_factor     1   104       -7.233862        0.265249        0.500000
 grid1/grid1_000105.png/png
 burst_profile/burst_profile000105.png/png
       retry log10(dt/yr), log10(dt), retry_factor     1   106       -7.534892       -0.035780        0.500000
       retry log10(dt/yr), log10(dt), retry_factor     1   110       -7.649240       -0.150129        0.500000
       retry log10(dt/yr), log10(dt), retry_factor     2   110       -7.950270       -0.451159        0.500000
 grid1/grid1_000110.png/png
 burst_profile/burst_profile000110.png/png
       retry log10(dt/yr), log10(dt), retry_factor     1   112       -8.333830       -0.834718        0.500000
 grid1/grid1_000115.png/png
 burst_profile/burst_profile000115.png/png
 grid1/grid1_000120.png/png
 burst_profile/burst_profile000120.png/png
 grid1/grid1_000125.png/png
 burst_profile/burst_profile000125.png/png
 grid1/grid1_000130.png/png
 burst_profile/burst_profile000130.png/png
 grid1/grid1_000135.png/png
 burst_profile/burst_profile000135.png/png
 grid1/grid1_000140.png/png
 burst_profile/burst_profile000140.png/png
 grid1/grid1_000145.png/png
 burst_profile/burst_profile000145.png/png
 grid1/grid1_000150.png/png
 burst_profile/burst_profile000150.png/png
 grid1/grid1_000155.png/png
 burst_profile/burst_profile000155.png/png
 grid1/grid1_000160.png/png
 burst_profile/burst_profile000160.png/png
 grid1/grid1_000165.png/png
 burst_profile/burst_profile000165.png/png
                       super eddington wind: lg_Mdot, L/Ledd         166    -9.71308     1.00790
                       super eddington wind: lg_Mdot, L/Ledd         167    -9.00340     1.04041
                       super eddington wind: lg_Mdot, L/Ledd         168    -8.75791     1.07110
                       super eddington wind: lg_Mdot, L/Ledd         169    -8.62922     1.09548
                       super eddington wind: lg_Mdot, L/Ledd         170    -8.51977     1.12284
 grid1/grid1_000170.png/png
 burst_profile/burst_profile000170.png/png
                       super eddington wind: lg_Mdot, L/Ledd         171    -8.42304     1.15334
                       super eddington wind: lg_Mdot, L/Ledd         172    -8.60131     1.10154
                       super eddington wind: lg_Mdot, L/Ledd         173    -8.45974     1.14054
                       super eddington wind: lg_Mdot, L/Ledd         174    -8.38471     1.16714
                       super eddington wind: lg_Mdot, L/Ledd         175    -8.53041     1.11915
 grid1/grid1_000175.png/png
 burst_profile/burst_profile000175.png/png
                       super eddington wind: lg_Mdot, L/Ledd         176    -8.40342     1.15965
                       super eddington wind: lg_Mdot, L/Ledd         177    -8.32445     1.19144
                       super eddington wind: lg_Mdot, L/Ledd         178    -8.45080     1.14265
                       super eddington wind: lg_Mdot, L/Ledd         179    -8.33515     1.18604
                       super eddington wind: lg_Mdot, L/Ledd         180    -8.27824     1.21186
 grid1/grid1_000180.png/png
 burst_profile/burst_profile000180.png/png
                       super eddington wind: lg_Mdot, L/Ledd         181    -8.39278     1.16256
                       super eddington wind: lg_Mdot, L/Ledd         182    -8.29887     1.20169
                       super eddington wind: lg_Mdot, L/Ledd         183    -8.24308     1.22923
                       super eddington wind: lg_Mdot, L/Ledd         184    -8.36767     1.17169
                       super eddington wind: lg_Mdot, L/Ledd         185    -8.27854     1.21056
 grid1/grid1_000185.png/png
 burst_profile/burst_profile000185.png/png
                       super eddington wind: lg_Mdot, L/Ledd         186    -8.23329     1.23364
                       super eddington wind: lg_Mdot, L/Ledd         187    -8.36116     1.17368
                       super eddington wind: lg_Mdot, L/Ledd         188    -8.28497     1.20663
                       super eddington wind: lg_Mdot, L/Ledd         189    -8.25550     1.22108
                       super eddington wind: lg_Mdot, L/Ledd         190    -8.40002     1.15797
 grid1/grid1_000190.png/png
 burst_profile/burst_profile000190.png/png
                       super eddington wind: lg_Mdot, L/Ledd         191    -8.33741     1.18234
                       super eddington wind: lg_Mdot, L/Ledd         192    -8.31272     1.19294
                       super eddington wind: lg_Mdot, L/Ledd         193    -8.50684     1.12296
                       super eddington wind: lg_Mdot, L/Ledd         194    -8.43158     1.14619
       retry log10(dt/yr), log10(dt), retry_factor     1   194       -9.231647       -1.732535        0.500000
                       super eddington wind: lg_Mdot, L/Ledd         194    -8.43158     1.14619
       retry log10(dt/yr), log10(dt), retry_factor     2   194       -9.532677       -2.033565        0.500000
                       super eddington wind: lg_Mdot, L/Ledd         194    -8.43158     1.14619
 have reached retry limit so now backup
                       super eddington wind: lg_Mdot, L/Ledd         193    -8.50684     1.12296
                       super eddington wind: lg_Mdot, L/Ledd         194    -8.30852     1.19452
                       super eddington wind: lg_Mdot, L/Ledd         195    -8.58517     1.10279
 grid1/grid1_000195.png/png
 burst_profile/burst_profile000195.png/png
                       super eddington wind: lg_Mdot, L/Ledd         196    -8.47658     1.13187
                       super eddington wind: lg_Mdot, L/Ledd         197    -8.38570     1.16271
                       super eddington wind: lg_Mdot, L/Ledd         198    -8.58908     1.10177
                       super eddington wind: lg_Mdot, L/Ledd         199    -8.46389     1.13583
                       super eddington wind: lg_Mdot, L/Ledd         200    -8.41506     1.15200
       retry log10(dt/yr), log10(dt), retry_factor     1   200       -9.300427       -1.801316        0.500000
                       super eddington wind: lg_Mdot, L/Ledd         200    -8.41506     1.15200
       retry log10(dt/yr), log10(dt), retry_factor     2   200       -9.601457       -2.102346        0.500000
                       super eddington wind: lg_Mdot, L/Ledd         200    -8.41506     1.15200
        200   8.945542  2.400E+07   3.731448   6.698095   1.400000   1.400000   0.000000   0.000000   0.295767   0.076022   3.112213    662     42
  -9.300427   6.571021  -4.791535   3.025259   4.389836  -8.415060   0.000000   0.000000   0.000000   0.199723   0.044888  24.037377     10      9
 3.1497E-04  23.235178   4.891468   6.697534  15.069773  -0.898626   0.000000   0.000000   0.000000   0.000687  8.791E-01  0.169E-03         retry

 grid1/grid1_000200.png/png
 burst_profile/burst_profile000200.png/png
                       super eddington wind: lg_Mdot, L/Ledd         201    -8.46993     1.13375
                       super eddington wind: lg_Mdot, L/Ledd         202    -8.47050     1.13357
                       super eddington wind: lg_Mdot, L/Ledd         203    -8.64883     1.08854
                       super eddington wind: lg_Mdot, L/Ledd         204    -8.51045     1.12180
                       super eddington wind: lg_Mdot, L/Ledd         205    -8.42036     1.14985
 grid1/grid1_000205.png/png
 burst_profile/burst_profile000205.png/png
                       super eddington wind: lg_Mdot, L/Ledd         206    -8.61701     1.09530
                       super eddington wind: lg_Mdot, L/Ledd         207    -8.54039     1.11367
                       super eddington wind: lg_Mdot, L/Ledd         208    -8.74677     1.07051
                       super eddington wind: lg_Mdot, L/Ledd         209    -8.63016     1.09222
                       super eddington wind: lg_Mdot, L/Ledd         210    -8.55044     1.11085
 grid1/grid1_000210.png/png
 burst_profile/burst_profile000210.png/png
                       super eddington wind: lg_Mdot, L/Ledd         211    -8.70327     1.07781
                       super eddington wind: lg_Mdot, L/Ledd         212    -8.83403     1.05759
                       super eddington wind: lg_Mdot, L/Ledd         213    -9.44765     1.01401
                       super eddington wind: lg_Mdot, L/Ledd         214    -9.17543     1.02616
 grid1/grid1_000215.png/png
 burst_profile/burst_profile000215.png/png
                       super eddington wind: lg_Mdot, L/Ledd         216    -9.48844     1.01272
 grid1/grid1_000220.png/png
 burst_profile/burst_profile000220.png/png
       retry log10(dt/yr), log10(dt), retry_factor     1   221       -9.280125       -1.781014        0.500000
 grid1/grid1_000225.png/png
 burst_profile/burst_profile000225.png/png
 grid1/grid1_000230.png/png
 burst_profile/burst_profile000230.png/png
 grid1/grid1_000235.png/png
 burst_profile/burst_profile000235.png/png
       retry log10(dt/yr), log10(dt), retry_factor     1   240       -7.456842        0.042269        0.500000
       retry log10(dt/yr), log10(dt), retry_factor     2   240       -7.757872       -0.258761        0.500000
 have reached retry limit so now backup
 grid1/grid1_000240.png/png
 burst_profile/burst_profile000240.png/png
 grid1/grid1_000245.png/png
 burst_profile/burst_profile000245.png/png
       retry log10(dt/yr), log10(dt), retry_factor     1   247       -7.840147       -0.341036        0.500000
hydro_newton_step failed to accept
       retry log10(dt/yr), log10(dt), retry_factor     2   247       -8.141177       -0.642066        0.500000
 have reached retry limit so now backup
       retry log10(dt/yr), log10(dt), retry_factor     1   250       -8.493809       -0.994698        0.500000
 grid1/grid1_000250.png/png
 burst_profile/burst_profile000250.png/png
hydro_newton_step failed to accept
       retry log10(dt/yr), log10(dt), retry_factor     1   251       -8.794839       -1.295728        0.500000
       retry log10(dt/yr), log10(dt), retry_factor     2   251       -9.095869       -1.596758        0.500000
 grid1/grid1_000255.png/png
 burst_profile/burst_profile000255.png/png
hydro_newton_step failed to accept
       retry log10(dt/yr), log10(dt), retry_factor     1   257       -8.493809       -0.994698        0.500000
hydro_newton_step failed to accept
       retry log10(dt/yr), log10(dt), retry_factor     1   258       -8.493809       -0.994698        0.500000
 grid1/grid1_000260.png/png
 burst_profile/burst_profile000260.png/png
       retry log10(dt/yr), log10(dt), retry_factor     1   261       -7.891749       -0.392638        0.500000
 grid1/grid1_000265.png/png
 burst_profile/burst_profile000265.png/png
 grid1/grid1_000270.png/png
 burst_profile/burst_profile000270.png/png
 grid1/grid1_000275.png/png
 burst_profile/burst_profile000275.png/png
 grid1/grid1_000280.png/png
 burst_profile/burst_profile000280.png/png
 grid1/grid1_000285.png/png
 burst_profile/burst_profile000285.png/png
 grid1/grid1_000290.png/png
 burst_profile/burst_profile000290.png/png
       retry log10(dt/yr), log10(dt), retry_factor     1   291       -7.730416       -0.231304        0.500000
       retry log10(dt/yr), log10(dt), retry_factor     2   291       -8.031446       -0.532334        0.500000
 grid1/grid1_000295.png/png
 burst_profile/burst_profile000295.png/png
       retry log10(dt/yr), log10(dt), retry_factor     1   298       -7.640837       -0.141726        0.500000
       retry log10(dt/yr), log10(dt), retry_factor     2   298       -7.941867       -0.442756        0.500000
 have reached retry limit so now backup
        300   8.783915  1.044E+07   1.914118   3.382104   1.400000   1.400000   0.000000   0.000000   0.275200   0.020229   5.153749    709     57
  -7.640837   6.612061  -4.792647   1.800239   2.698961  -8.522879   0.000000   0.000000   0.000000   0.020000   0.020440  35.991055      8     12
 3.1807E-04  23.235938   3.443494   3.355125  14.454205  -0.741189   0.000000   0.000000   0.000000   0.000687  9.593E-01 -0.202E-08          hold

 grid1/grid1_000300.png/png
 burst_profile/burst_profile000300.png/png
 grid1/grid1_000305.png/png
 burst_profile/burst_profile000305.png/png
       retry log10(dt/yr), log10(dt), retry_factor     1   306       -7.723236       -0.224124        0.500000
hydro_newton_step failed to accept
       retry log10(dt/yr), log10(dt), retry_factor     2   306       -8.024266       -0.525154        0.500000
       retry log10(dt/yr), log10(dt), retry_factor     1   307       -8.325296       -0.826184        0.500000
 grid1/grid1_000310.png/png
 burst_profile/burst_profile000310.png/png
 grid1/grid1_000315.png/png
 burst_profile/burst_profile000315.png/png
 grid1/grid1_000320.png/png
 burst_profile/burst_profile000320.png/png
 grid1/grid1_000325.png/png
 burst_profile/burst_profile000325.png/png
 grid1/grid1_000330.png/png
 burst_profile/burst_profile000330.png/png
 grid1/grid1_000335.png/png
 burst_profile/burst_profile000335.png/png
 grid1/grid1_000340.png/png
 burst_profile/burst_profile000340.png/png
 grid1/grid1_000345.png/png
 burst_profile/burst_profile000345.png/png
 grid1/grid1_000350.png/png
 burst_profile/burst_profile000350.png/png
 grid1/grid1_000355.png/png
 burst_profile/burst_profile000355.png/png
       retry log10(dt/yr), log10(dt), retry_factor     1   356       -5.570858        1.928253        0.500000
hydro_newton_step failed to accept
       retry log10(dt/yr), log10(dt), retry_factor     2   356       -5.871888        1.627224        0.500000
 have reached retry limit so now backup
 grid1/grid1_000355.png/png
 burst_profile/burst_profile000355.png/png
       retry log10(dt/yr), log10(dt), retry_factor     1   357       -6.269828        1.229283        0.500000
 grid1/grid1_000360.png/png
 burst_profile/burst_profile000360.png/png
       retry log10(dt/yr), log10(dt), retry_factor     1   364       -5.586526        1.912585        0.500000
 grid1/grid1_000365.png/png
 burst_profile/burst_profile000365.png/png
       retry log10(dt/yr), log10(dt), retry_factor     1   369       -5.285496        2.213615        0.500000
hydro_newton_step failed to accept
       retry log10(dt/yr), log10(dt), retry_factor     2   369       -5.586526        1.912585        0.500000
 have reached retry limit so now backup
 grid1/grid1_000370.png/png
 burst_profile/burst_profile000370.png/png
       retry log10(dt/yr), log10(dt), retry_factor     1   374       -5.535238        1.963874        0.500000
       retry log10(dt/yr), log10(dt), retry_factor     1   375       -5.933178        1.565934        0.500000
 grid1/grid1_000375.png/png
 burst_profile/burst_profile000375.png/png
       retry log10(dt/yr), log10(dt), retry_factor     1   376       -6.234208        1.264904        0.500000
 grid1/grid1_000380.png/png
 burst_profile/burst_profile000380.png/png
       retry log10(dt/yr), log10(dt), retry_factor     1   383       -5.470215        2.028896        0.500000
 grid1/grid1_000385.png/png
 burst_profile/burst_profile000385.png/png
       retry log10(dt/yr), log10(dt), retry_factor     1   388       -5.487685        2.011426        0.500000
       retry log10(dt/yr), log10(dt), retry_factor     1   389       -5.788715        1.710396        0.500000
       retry log10(dt/yr), log10(dt), retry_factor     2   389       -6.089745        1.409366        0.500000
 have reached retry limit so now backup
 grid1/grid1_000390.png/png
 burst_profile/burst_profile000390.png/png
       retry log10(dt/yr), log10(dt), retry_factor     1   392       -6.390775        1.108336        0.500000
       retry log10(dt/yr), log10(dt), retry_factor     2   392       -6.691805        0.807306        0.500000
 have reached retry limit so now backup
       retry log10(dt/yr), log10(dt), retry_factor     1   394       -6.992835        0.506276        0.500000
       retry log10(dt/yr), log10(dt), retry_factor     2   394       -7.293865        0.205246        0.500000
 have reached retry limit so now backup
       retry log10(dt/yr), log10(dt), retry_factor     1   395       -7.594895       -0.095784        0.500000
       retry log10(dt/yr), log10(dt), retry_factor     2   395       -7.895925       -0.396814        0.500000
 grid1/grid1_000395.png/png
 burst_profile/burst_profile000395.png/png
        400   8.346832  3.635E+06   1.519511   1.545574   1.400000   1.400000   0.000000   0.000000   0.275200   0.061735  15.874003    752     79
  -6.992835   6.667767  -4.792872  -0.944742   0.690929  -8.522879   0.000000   0.000000   0.000000   0.020000   0.043755 102.765095      6     17
 5.0344E-04  23.267774   1.609669   0.286044  13.576619  -1.115994   0.000000   0.000000   0.000000   0.000687  8.945E-01  0.338E-10  max increase

 grid1/grid1_000400.png/png
 burst_profile/burst_profile000400.png/png
 grid1/grid1_000405.png/png
 burst_profile/burst_profile000405.png/png
       retry log10(dt/yr), log10(dt), retry_factor     1   408       -5.447873        2.051239        0.500000
       retry log10(dt/yr), log10(dt), retry_factor     2   408       -5.748903        1.750209        0.500000
 have reached retry limit so now backup
 grid1/grid1_000410.png/png
 burst_profile/burst_profile000410.png/png
       retry log10(dt/yr), log10(dt), retry_factor     1   413       -5.636107        1.863004        0.500000
hydro_newton_step failed to accept
       retry log10(dt/yr), log10(dt), retry_factor     1   414       -5.937137        1.561974        0.500000
hydro_newton_step failed to accept
       retry log10(dt/yr), log10(dt), retry_factor     2   414       -6.238167        1.260944        0.500000
 grid1/grid1_000415.png/png
 burst_profile/burst_profile000415.png/png
       retry log10(dt/yr), log10(dt), retry_factor     1   420       -5.715954        1.783157        0.500000
       retry log10(dt/yr), log10(dt), retry_factor     2   420       -6.016984        1.482127        0.500000
 have reached retry limit so now backup
 grid1/grid1_000420.png/png
 burst_profile/burst_profile000420.png/png
hydro_newton_step failed to accept
       retry log10(dt/yr), log10(dt), retry_factor     1   424       -6.071176        1.427936        0.500000
 grid1/grid1_000425.png/png
 burst_profile/burst_profile000425.png/png
hydro_newton_step failed to accept
       retry log10(dt/yr), log10(dt), retry_factor     1   426       -6.179556        1.319555        0.500000
       retry log10(dt/yr), log10(dt), retry_factor     2   426       -6.480586        1.018525        0.500000
 have reached retry limit so now backup
       retry log10(dt/yr), log10(dt), retry_factor     1   425       -6.781616        0.717495        0.500000
 grid1/grid1_000425.png/png
 burst_profile/burst_profile000425.png/png
 grid1/grid1_000430.png/png
 burst_profile/burst_profile000430.png/png
       retry log10(dt/yr), log10(dt), retry_factor     1   433       -5.787638        1.711473        0.500000
       retry log10(dt/yr), log10(dt), retry_factor     1   434       -6.185578        1.313533        0.500000
 grid1/grid1_000435.png/png
 burst_profile/burst_profile000435.png/png
        436   8.425046  4.457E+06   1.927510   2.042508   1.400000   1.400000   0.000000   0.000000   0.275200   0.076081  13.334850    763     92
  -5.884548   6.674491  -4.792809   1.189465   1.115686  -8.522879   0.000000   0.000000   0.000000   0.020000   0.053762  86.272673      6     20
 5.8597E-04  23.281204   1.963961   1.008033  13.808318  -0.974895   0.000000   0.000000   0.000000   0.000687  8.702E-01  0.461E-12          hold

save LOGS/profile3.data for model 436
       retry log10(dt/yr), log10(dt), retry_factor     1   437       -6.486608        1.012503        0.500000
       retry log10(dt/yr), log10(dt), retry_factor     1   440       -6.787638        0.711473        0.500000
 grid1/grid1_000440.png/png
 burst_profile/burst_profile000440.png/png
       retry log10(dt/yr), log10(dt), retry_factor     1   441       -7.185578        0.313533        0.500000
       retry log10(dt/yr), log10(dt), retry_factor     1   442       -7.486608        0.012503        0.500000
       retry log10(dt/yr), log10(dt), retry_factor     2   442       -7.787638       -0.288527        0.500000
       retry log10(dt/yr), log10(dt), retry_factor     1   444       -8.088668       -0.589557        0.500000
 grid1/grid1_000445.png/png
 burst_profile/burst_profile000445.png/png
       retry log10(dt/yr), log10(dt), retry_factor     1   450       -7.486608        0.012503        0.500000
 grid1/grid1_000450.png/png
 burst_profile/burst_profile000450.png/png
       retry log10(dt/yr), log10(dt), retry_factor     1   451       -7.787638       -0.288527        0.500000
       retry log10(dt/yr), log10(dt), retry_factor     2   451       -8.088668       -0.589557        0.500000
 have reached retry limit so now backup
 grid1/grid1_000450.png/png
 burst_profile/burst_profile000450.png/png
 grid1/grid1_000455.png/png
 burst_profile/burst_profile000455.png/png
       retry log10(dt/yr), log10(dt), retry_factor     1   456       -7.975975       -0.476864        0.500000
       retry log10(dt/yr), log10(dt), retry_factor     1   457       -8.321870       -0.822759        0.500000
 grid1/grid1_000460.png/png
 burst_profile/burst_profile000460.png/png
 grid1/grid1_000465.png/png
 burst_profile/burst_profile000465.png/png
 grid1/grid1_000470.png/png
 burst_profile/burst_profile000470.png/png
 grid1/grid1_000475.png/png
 burst_profile/burst_profile000475.png/png
 grid1/grid1_000480.png/png
 burst_profile/burst_profile000480.png/png
 grid1/grid1_000485.png/png
 burst_profile/burst_profile000485.png/png
       retry log10(dt/yr), log10(dt), retry_factor     1   490       -9.474711       -1.975599        0.500000
 grid1/grid1_000490.png/png
 burst_profile/burst_profile000490.png/png
 grid1/grid1_000495.png/png
 burst_profile/burst_profile000495.png/png
       retry log10(dt/yr), log10(dt), retry_factor     1   496       -9.243557       -1.744446        0.500000
        500   8.462962  1.538E+07   3.561876   6.573494   1.400000   1.400000   0.000000   0.000000   0.275200   0.071349  12.180802    769    105
  -8.641497   6.673296  -4.792025   3.270632   4.168681  -8.522879   0.000000   0.000000   0.000000   0.020000   0.046819  78.987510      6     21
 5.8886E-04  23.281574   4.117684   6.572855  14.628081  -0.862936   0.000000   0.000000   0.000000   0.000687  8.818E-01  0.113E-07  max increase

save LOGS/profile4.data for model 500
save photos/x500 for model 500
 grid1/grid1_000500.png/png
 burst_profile/burst_profile000500.png/png
 grid1/grid1_000505.png/png
 burst_profile/burst_profile000505.png/png
 grid1/grid1_000510.png/png
 burst_profile/burst_profile000510.png/png
 grid1/grid1_000515.png/png
 burst_profile/burst_profile000515.png/png
 grid1/grid1_000520.png/png
 burst_profile/burst_profile000520.png/png
 grid1/grid1_000525.png/png
 burst_profile/burst_profile000525.png/png
 grid1/grid1_000530.png/png
 burst_profile/burst_profile000530.png/png
 grid1/grid1_000535.png/png
 burst_profile/burst_profile000535.png/png
 grid1/grid1_000540.png/png
 burst_profile/burst_profile000540.png/png
 grid1/grid1_000545.png/png
 burst_profile/burst_profile000545.png/png
 grid1/grid1_000550.png/png
 burst_profile/burst_profile000550.png/png
       retry log10(dt/yr), log10(dt), retry_factor     1   551       -7.356758        0.142353        0.500000
       retry log10(dt/yr), log10(dt), retry_factor     2   551       -7.657788       -0.158677        0.500000
 have reached retry limit so now backup
 grid1/grid1_000550.png/png
 burst_profile/burst_profile000550.png/png
       retry log10(dt/yr), log10(dt), retry_factor     1   552       -7.958818       -0.459707        0.500000
       retry log10(dt/yr), log10(dt), retry_factor     2   552       -8.259848       -0.760737        0.500000
 have reached retry limit so now backup
       retry log10(dt/yr), log10(dt), retry_factor     1   554       -8.560878       -1.061767        0.500000
       retry log10(dt/yr), log10(dt), retry_factor     2   554       -8.861908       -1.362797        0.500000
 have reached retry limit so now backup
 grid1/grid1_000555.png/png
 burst_profile/burst_profile000555.png/png
       retry log10(dt/yr), log10(dt), retry_factor     1   557       -9.162938       -1.663827        0.500000
       retry log10(dt/yr), log10(dt), retry_factor     2   557       -9.463968       -1.964857        0.500000
 have reached retry limit so now backup
       retry log10(dt/yr), log10(dt), retry_factor     1   559       -9.764998       -2.265887        0.500000
 grid1/grid1_000560.png/png
 burst_profile/burst_profile000560.png/png
 grid1/grid1_000565.png/png
 burst_profile/burst_profile000565.png/png
 grid1/grid1_000570.png/png
 burst_profile/burst_profile000570.png/png
       retry log10(dt/yr), log10(dt), retry_factor     1   572       -7.433487        0.065624        0.500000
       retry log10(dt/yr), log10(dt), retry_factor     1   574       -7.928337       -0.429226        0.500000
       retry log10(dt/yr), log10(dt), retry_factor     1   575       -8.326277       -0.827166        0.500000
hydro_newton_step failed to accept
       retry log10(dt/yr), log10(dt), retry_factor     2   575       -8.627307       -1.128196        0.500000
 have reached retry limit so now backup
 grid1/grid1_000575.png/png
 burst_profile/burst_profile000575.png/png
 grid1/grid1_000580.png/png
 burst_profile/burst_profile000580.png/png
 grid1/grid1_000585.png/png
 burst_profile/burst_profile000585.png/png
 grid1/grid1_000590.png/png
 burst_profile/burst_profile000590.png/png
 grid1/grid1_000595.png/png
 burst_profile/burst_profile000595.png/png
        600   8.865536  1.300E+07   2.362485   4.236132   1.400000   1.400000   0.000000   0.000000   0.275200   0.019901   4.260351    850    118
  -7.563566   6.629107  -4.792484   2.160391   3.096540  -8.522879   0.000000   0.000000   0.000000   0.020000   0.020947  30.217288      6     26
 5.9105E-04  23.281974   3.823725   4.226570  14.536349  -0.807683   0.000000   0.000000   0.000000   0.000687  9.592E-01 -0.359E-09          dH/H

 grid1/grid1_000600.png/png
 burst_profile/burst_profile000600.png/png
 grid1/grid1_000605.png/png
 burst_profile/burst_profile000605.png/png
       retry log10(dt/yr), log10(dt), retry_factor     1   607       -7.932030       -0.432918        0.500000
 grid1/grid1_000610.png/png
 burst_profile/burst_profile000610.png/png
       retry log10(dt/yr), log10(dt), retry_factor     1   613       -7.728736       -0.229625        0.500000
       retry log10(dt/yr), log10(dt), retry_factor     2   613       -8.029766       -0.530655        0.500000
 grid1/grid1_000615.png/png
 burst_profile/burst_profile000615.png/png
 grid1/grid1_000620.png/png
 burst_profile/burst_profile000620.png/png
hydro_newton_step failed to accept
       retry log10(dt/yr), log10(dt), retry_factor     1   622       -7.605666       -0.106554        0.500000
       retry log10(dt/yr), log10(dt), retry_factor     2   622       -7.906696       -0.407584        0.500000
 have reached retry limit so now backup
 grid1/grid1_000625.png/png
 burst_profile/burst_profile000625.png/png
 grid1/grid1_000630.png/png
 burst_profile/burst_profile000630.png/png
 grid1/grid1_000635.png/png
 burst_profile/burst_profile000635.png/png
 grid1/grid1_000640.png/png
 burst_profile/burst_profile000640.png/png
 grid1/grid1_000645.png/png
 burst_profile/burst_profile000645.png/png
 grid1/grid1_000650.png/png
 burst_profile/burst_profile000650.png/png
 grid1/grid1_000655.png/png
 burst_profile/burst_profile000655.png/png
 grid1/grid1_000660.png/png
 burst_profile/burst_profile000660.png/png
 grid1/grid1_000665.png/png
 burst_profile/burst_profile000665.png/png
       retry log10(dt/yr), log10(dt), retry_factor     1   670       -5.647689        1.851423        0.500000
 grid1/grid1_000670.png/png
 burst_profile/burst_profile000670.png/png
       retry log10(dt/yr), log10(dt), retry_factor     1   671       -5.948719        1.550393        0.500000
 grid1/grid1_000675.png/png
 burst_profile/burst_profile000675.png/png
       retry log10(dt/yr), log10(dt), retry_factor     1   677       -5.564995        1.934117        0.500000
 grid1/grid1_000680.png/png
 burst_profile/burst_profile000680.png/png
       retry log10(dt/yr), log10(dt), retry_factor     1   682       -5.419083        2.080029        0.500000
 grid1/grid1_000685.png/png
 burst_profile/burst_profile000685.png/png
       retry log10(dt/yr), log10(dt), retry_factor     1   687       -5.336047        2.163065        0.500000
hydro_newton_step failed to accept
       retry log10(dt/yr), log10(dt), retry_factor     2   687       -5.637077        1.862035        0.500000
 have reached retry limit so now backup
 grid1/grid1_000690.png/png
 burst_profile/burst_profile000690.png/png
       retry log10(dt/yr), log10(dt), retry_factor     1   692       -5.601270        1.897842        0.500000
 grid1/grid1_000695.png/png
 burst_profile/burst_profile000695.png/png
       retry log10(dt/yr), log10(dt), retry_factor     1   697       -5.595986        1.903125        0.500000
        700   8.355101  3.692E+06   1.553976   1.582665   1.400000   1.400000   0.000000   0.000000   0.275200   0.058723  16.177057    890    131
  -5.294956   6.698141  -4.792852  -0.635755   0.726619  -8.522879   0.000000   0.000000   0.000000   0.020000   0.043176 103.205156      6     28
 7.9484E-04  23.313487   1.636604   0.345162  13.594190  -1.105224   0.000000   0.000000   0.000000   0.000687  8.981E-01  0.627E-13          hold

 grid1/grid1_000700.png/png
 burst_profile/burst_profile000700.png/png
       retry log10(dt/yr), log10(dt), retry_factor     1   702       -5.294956        2.204155        0.500000
       retry log10(dt/yr), log10(dt), retry_factor     2   702       -5.595986        1.903125        0.500000
 have reached retry limit so now backup
hydro_newton_step failed to accept
       retry log10(dt/yr), log10(dt), retry_factor     1   703       -6.090836        1.408275        0.500000
 grid1/grid1_000705.png/png
 burst_profile/burst_profile000705.png/png
       retry log10(dt/yr), log10(dt), retry_factor     1   708       -5.610830        1.888281        0.500000
 grid1/grid1_000710.png/png
 burst_profile/burst_profile000710.png/png
       retry log10(dt/yr), log10(dt), retry_factor     1   712       -5.659654        1.839457        0.500000
       retry log10(dt/yr), log10(dt), retry_factor     1   713       -5.960684        1.538427        0.500000
hydro_newton_step failed to accept
       retry log10(dt/yr), log10(dt), retry_factor     1   714       -6.358624        1.140487        0.500000
       retry log10(dt/yr), log10(dt), retry_factor     1   715       -6.659654        0.839457        0.500000
 grid1/grid1_000715.png/png
 burst_profile/burst_profile000715.png/png
       retry log10(dt/yr), log10(dt), retry_factor     1   716       -6.960684        0.538427        0.500000
 grid1/grid1_000720.png/png
 burst_profile/burst_profile000720.png/png
       retry log10(dt/yr), log10(dt), retry_factor     1   724       -5.917845        1.581266        0.500000
       retry log10(dt/yr), log10(dt), retry_factor     1   725       -6.315785        1.183326        0.500000
 grid1/grid1_000725.png/png
 burst_profile/burst_profile000725.png/png
hydro_newton_step failed to accept
       retry log10(dt/yr), log10(dt), retry_factor     1   726       -6.713725        0.785386        0.500000
       retry log10(dt/yr), log10(dt), retry_factor     1   727       -7.014755        0.484356        0.500000
 grid1/grid1_000730.png/png
 burst_profile/burst_profile000730.png/png
       retry log10(dt/yr), log10(dt), retry_factor     1   734       -6.111665        1.387446        0.500000
       retry log10(dt/yr), log10(dt), retry_factor     2   734       -6.412695        1.086416        0.500000
 grid1/grid1_000735.png/png
 burst_profile/burst_profile000735.png/png
       retry log10(dt/yr), log10(dt), retry_factor     1   736       -6.713725        0.785386        0.500000
       retry log10(dt/yr), log10(dt), retry_factor     1   738       -7.111665        0.387446        0.500000
       retry log10(dt/yr), log10(dt), retry_factor     2   738       -7.412695        0.086416        0.500000
hydro_newton_step failed to accept
       retry log10(dt/yr), log10(dt), retry_factor     1   740       -7.713725       -0.214614        0.500000
hydro_newton_step failed to accept
       retry log10(dt/yr), log10(dt), retry_factor     2   740       -8.014755       -0.515644        0.500000
 have reached retry limit so now backup
 grid1/grid1_000740.png/png
 burst_profile/burst_profile000740.png/png
hydro_newton_step failed to accept
       retry log10(dt/yr), log10(dt), retry_factor     1   743       -8.315785       -0.816674        0.500000
 grid1/grid1_000745.png/png
 burst_profile/burst_profile000745.png/png
       retry log10(dt/yr), log10(dt), retry_factor     1   748       -7.250265        0.248847        0.500000
       retry log10(dt/yr), log10(dt), retry_factor     1   749       -7.551295       -0.052183        0.500000
 grid1/grid1_000750.png/png
 burst_profile/burst_profile000750.png/png
       retry log10(dt/yr), log10(dt), retry_factor     1   752       -7.852325       -0.353213        0.500000
       retry log10(dt/yr), log10(dt), retry_factor     1   754       -8.153355       -0.654243        0.500000
       retry log10(dt/yr), log10(dt), retry_factor     2   754       -8.454385       -0.955273        0.500000
 have reached retry limit so now backup
 grid1/grid1_000755.png/png
 burst_profile/burst_profile000755.png/png
 grid1/grid1_000760.png/png
 burst_profile/burst_profile000760.png/png
       retry log10(dt/yr), log10(dt), retry_factor     1   764       -8.630675       -1.131564        0.500000
 grid1/grid1_000765.png/png
 burst_profile/burst_profile000765.png/png
 grid1/grid1_000770.png/png
 burst_profile/burst_profile000770.png/png
 grid1/grid1_000775.png/png
 burst_profile/burst_profile000775.png/png
 grid1/grid1_000780.png/png
 burst_profile/burst_profile000780.png/png
 grid1/grid1_000785.png/png
 burst_profile/burst_profile000785.png/png
 grid1/grid1_000790.png/png
 burst_profile/burst_profile000790.png/png
 grid1/grid1_000795.png/png
 burst_profile/burst_profile000795.png/png
        800   8.457227  1.681E+07   3.576386   6.757428   1.400000   1.400000   0.000000   0.000000   0.275204   0.064148  12.797334    932    158
  -8.315493   6.701685  -4.791870   3.216147   4.113289  -8.522879   0.000000   0.000000   0.000000   0.020086   0.042565  81.800647      7     31
 8.6240E-04  23.323326   4.272482   6.757016  14.690987  -0.892707   0.000000   0.000000   0.000000   0.000687  8.933E-01 -0.198E-08    varcontrol

 grid1/grid1_000800.png/png
 burst_profile/burst_profile000800.png/png
 grid1/grid1_000805.png/png
 burst_profile/burst_profile000805.png/png
 grid1/grid1_000810.png/png
 burst_profile/burst_profile000810.png/png
 grid1/grid1_000815.png/png
 burst_profile/burst_profile000815.png/png
 grid1/grid1_000820.png/png
 burst_profile/burst_profile000820.png/png
 grid1/grid1_000825.png/png
 burst_profile/burst_profile000825.png/png
 grid1/grid1_000830.png/png
 burst_profile/burst_profile000830.png/png
 grid1/grid1_000835.png/png
 burst_profile/burst_profile000835.png/png
 grid1/grid1_000840.png/png
 burst_profile/burst_profile000840.png/png
 grid1/grid1_000845.png/png
 burst_profile/burst_profile000845.png/png
       retry log10(dt/yr), log10(dt), retry_factor     1   848       -7.731417       -0.232306        0.500000
 grid1/grid1_000850.png/png
 burst_profile/burst_profile000850.png/png
hydro_newton_step failed to accept
       retry log10(dt/yr), log10(dt), retry_factor     1   852       -8.420087       -0.920976        0.500000
hydro_newton_step failed to accept
       retry log10(dt/yr), log10(dt), retry_factor     2   852       -8.721117       -1.222006        0.500000
       retry log10(dt/yr), log10(dt), retry_factor     1   853       -8.721117       -1.222006        0.500000
       retry log10(dt/yr), log10(dt), retry_factor     2   853       -9.022147       -1.523036        0.500000
 grid1/grid1_000855.png/png
 burst_profile/burst_profile000855.png/png
 grid1/grid1_000860.png/png
 burst_profile/burst_profile000860.png/png
       retry log10(dt/yr), log10(dt), retry_factor     1   863       -8.030928       -0.531817        0.500000
       retry log10(dt/yr), log10(dt), retry_factor     2   863       -8.331958       -0.832847        0.500000
 grid1/grid1_000865.png/png
 burst_profile/burst_profile000865.png/png
 grid1/grid1_000870.png/png
 burst_profile/burst_profile000870.png/png
 grid1/grid1_000875.png/png
 burst_profile/burst_profile000875.png/png
 grid1/grid1_000880.png/png
 burst_profile/burst_profile000880.png/png
 grid1/grid1_000885.png/png
 burst_profile/burst_profile000885.png/png
 grid1/grid1_000890.png/png
 burst_profile/burst_profile000890.png/png
       retry log10(dt/yr), log10(dt), retry_factor     1   894       -7.699750       -0.200638        0.500000
hydro_newton_step failed to accept
       retry log10(dt/yr), log10(dt), retry_factor     2   894       -8.000780       -0.501668        0.500000
 grid1/grid1_000895.png/png
 burst_profile/burst_profile000895.png/png
        900   8.810923  1.043E+07   1.864377   3.342722   1.400000   1.400000   0.000000   0.000000   0.275200   0.016545   5.211907    948    167
  -7.141936   6.670595  -4.792617   1.838804   2.647506  -8.522879   0.000000   0.000000   0.000000   0.020000   0.018471  35.375037      7     31
 8.6532E-04  23.323822   3.441041   3.313729  14.453657  -0.740858   0.000000   0.000000   0.000000   0.000687  9.650E-01  0.243E-08    varcontrol

 grid1/grid1_000900.png/png
 burst_profile/burst_profile000900.png/png
hydro_newton_step failed to accept
       retry log10(dt/yr), log10(dt), retry_factor     1   903       -7.577161       -0.078049        0.500000
       retry log10(dt/yr), log10(dt), retry_factor     2   903       -7.878191       -0.379079        0.500000
 have reached retry limit so now backup
 grid1/grid1_000905.png/png
 burst_profile/burst_profile000905.png/png
 grid1/grid1_000910.png/png
 burst_profile/burst_profile000910.png/png
 grid1/grid1_000915.png/png
 burst_profile/burst_profile000915.png/png
 grid1/grid1_000920.png/png
 burst_profile/burst_profile000920.png/png

stop because model_number >= max_model_number
      924      924

        924   8.631562  6.069E+06   1.201251   2.083273   1.400000   1.400000   0.000000   0.000000   0.275200   0.016638   8.363783    957    169
  -6.604544   6.692557  -4.792823   0.552516   1.671590  -8.522879   0.000000   0.000000   0.000000   0.020000   0.018099  54.372557      6     32
 8.6846E-04  23.324309   2.500278   2.007203  14.125819  -0.796336   0.000000   0.000000   0.000000   0.000687  9.653E-01  0.845E-11      lgT_cntr

save LOGS/profile5.data for model 924
save photos/x924 for model 924
save abund_profile_r_ni60_ag_zn64_01.data for model 924
 saved to final.mod
termination code: max_model_number
        924   8.631562  6.069E+06   1.201251   2.083273   1.400000   1.400000   0.000000   0.000000   0.275200   0.016638   8.363783    957    169
  -6.604544   6.692557  -4.792823   0.552516   1.671590  -8.522879   0.000000   0.000000   0.000000   0.020000   0.018099  54.372557      6     32
 8.6846E-04  23.324309   2.500278   2.007203  14.125819  -0.796336   0.000000   0.000000   0.000000   0.000687  9.653E-01  0.845E-11    varcontrol

DATE: 2021-01-12
TIME: 07:49:04
