starting from 0
DATE: 2021-01-12
TIME: 04:04:46
                                         version_number       10108
 read /hpc/group/physics/al363/sens/base/inlist_base
 read inlist_cluster
load saved model /hpc/group/physics/al363/sens/base/ns_relax.mod

 change to /hpc/group/physics/al363/sens/base/rp_305.net
              set special rate factor for r_o17_ag_ne21        2515    1.0000000000000000D-02
              set special rate factor for r_ne21_ga_o17        2516    1.0000000000000000D-02
              set special rate factor for r_o17_ag_ne21        2515    1.0000000000000000D-02
              set special rate factor for r_ne21_ga_o17        2516    1.0000000000000000D-02
 number of species         305
 read /hpc/group/physics/al363/sens/base/history_customACL.list_tau
 read /hpc/group/physics/al363/sens/base/profile_customACL.list_tau
 net name /hpc/group/physics/al363/sens/base/rp_305.net
 v_flag T
                         which_atm_option: grey_and_kap
                                           xmstar/mstar    4.5461189430843640D-12
                                             xmstar (g)    1.2660395722219186D+22
                                           M_center (g)    2.7848799999878681D+33
                                            xmstar/Msun    6.3645665203193175D-12
                                          M_center/Msun    1.3999999999939012D+00
                                          R_center (cm)    1.1200000000000000D+06
                                          R_center/Rsun    1.6092416448748527D-05
                                           core density    4.7322078204273819D+14
                                          L_center/Lsun    4.1647144567650578D+00
 kappa_file_prefix gs98
 kappa_lowT_prefix lowT_fa05_gs98

   eos_file_prefix mesa
                                        OMP_NUM_THREADS           8


__________________________________________________________________________________________________________________________________________________

       step    lg_Tcntr    Teff       lg_LH     lg_Lnuc     Mass       H_rich     H_cntr     N_cntr     Y_surf     X_avg     eta_cntr  zones retry
   lg_dt_yr    lg_Dcntr    lg_R       lg_L3a    lg_Lneu     lg_Mdot    He_core    He_cntr    O_cntr     Z_surf     Y_avg     gam_cntr  iters bckup
     age_yr    lg_Pcntr    lg_L       lg_LZ     lg_Psurf    lg_Dsurf   C_core     C_cntr     Ne_cntr    Si_cntr    Z_avg     v_div_cs     dt_limit
__________________________________________________________________________________________________________________________________________________

save LOGS/profile1.data for model 2
 grid1/grid1_000005.png/png
 burst_profile/burst_profile000005.png/png
          6   8.165156  1.497E+06   0.087590   0.087976   1.400000   1.400000   0.000000   0.000000   0.275200   0.030886  22.514775    791      0
  -5.817651   6.610341  -4.793035 -18.862378  -1.086578  -8.522879   0.000000   0.000000   0.000000   0.020000   0.011710 149.410225      6      0
 4.0040E-06  23.176196   0.068337  -2.962874  12.744977  -1.553972   0.000000   0.000000   0.000000   0.000687  9.574E-01  0.395E-11      lgT_cntr

save LOGS/profile2.data for model 6
 grid1/grid1_000010.png/png
 burst_profile/burst_profile000010.png/png
 grid1/grid1_000015.png/png
 burst_profile/burst_profile000015.png/png
 grid1/grid1_000020.png/png
 burst_profile/burst_profile000020.png/png
 grid1/grid1_000025.png/png
 burst_profile/burst_profile000025.png/png
       retry log10(dt/yr), log10(dt), retry_factor     1    30       -5.532111        1.967001        0.500000
 grid1/grid1_000030.png/png
 burst_profile/burst_profile000030.png/png
       retry log10(dt/yr), log10(dt), retry_factor     1    35       -5.231081        2.268031        0.500000
 grid1/grid1_000035.png/png
 burst_profile/burst_profile000035.png/png
       retry log10(dt/yr), log10(dt), retry_factor     1    36       -5.532111        1.967001        0.500000
       retry log10(dt/yr), log10(dt), retry_factor     1    40       -5.532111        1.967001        0.500000
 grid1/grid1_000040.png/png
 burst_profile/burst_profile000040.png/png
       retry log10(dt/yr), log10(dt), retry_factor     1    45       -5.231081        2.268031        0.500000
 grid1/grid1_000045.png/png
 burst_profile/burst_profile000045.png/png
       retry log10(dt/yr), log10(dt), retry_factor     1    49       -5.231081        2.268031        0.500000
 grid1/grid1_000050.png/png
 burst_profile/burst_profile000050.png/png
       retry log10(dt/yr), log10(dt), retry_factor     1    53       -5.231081        2.268031        0.500000
 grid1/grid1_000055.png/png
 burst_profile/burst_profile000055.png/png
       retry log10(dt/yr), log10(dt), retry_factor     1    56       -5.532111        1.967001        0.500000
       retry log10(dt/yr), log10(dt), retry_factor     2    56       -5.833141        1.665971        0.500000
 have reached retry limit so now backup
 grid1/grid1_000055.png/png
 burst_profile/burst_profile000055.png/png
       retry log10(dt/yr), log10(dt), retry_factor     1    58       -6.134171        1.364941        0.500000
       retry log10(dt/yr), log10(dt), retry_factor     2    58       -6.435201        1.063911        0.500000
 have reached retry limit so now backup
       retry log10(dt/yr), log10(dt), retry_factor     1    58       -6.736231        0.762881        0.500000
       retry log10(dt/yr), log10(dt), retry_factor     2    58       -7.037261        0.461851        0.500000
 have reached retry limit so now backup
       retry log10(dt/yr), log10(dt), retry_factor     1    60       -7.338291        0.160821        0.500000
       retry log10(dt/yr), log10(dt), retry_factor     2    60       -7.639321       -0.140209        0.500000
 have reached retry limit so now backup
 grid1/grid1_000060.png/png
 burst_profile/burst_profile000060.png/png
       retry log10(dt/yr), log10(dt), retry_factor     1    62       -7.940351       -0.441239        0.500000
       retry log10(dt/yr), log10(dt), retry_factor     2    62       -8.241381       -0.742269        0.500000
 grid1/grid1_000065.png/png
 burst_profile/burst_profile000065.png/png
 grid1/grid1_000070.png/png
 burst_profile/burst_profile000070.png/png
 grid1/grid1_000075.png/png
 burst_profile/burst_profile000075.png/png
       retry log10(dt/yr), log10(dt), retry_factor     1    76       -5.231081        2.268031        0.500000
       retry log10(dt/yr), log10(dt), retry_factor     2    76       -5.532111        1.967001        0.500000
       retry log10(dt/yr), log10(dt), retry_factor     1    77       -5.833141        1.665971        0.500000
       retry log10(dt/yr), log10(dt), retry_factor     2    77       -6.134171        1.364941        0.500000
 have reached retry limit so now backup
       retry log10(dt/yr), log10(dt), retry_factor     1    80       -6.435201        1.063911        0.500000
       retry log10(dt/yr), log10(dt), retry_factor     2    80       -6.736231        0.762881        0.500000
 have reached retry limit so now backup
 grid1/grid1_000080.png/png
 burst_profile/burst_profile000080.png/png
       retry log10(dt/yr), log10(dt), retry_factor     1    81       -7.037261        0.461851        0.500000
       retry log10(dt/yr), log10(dt), retry_factor     2    81       -7.338291        0.160821        0.500000
 have reached retry limit so now backup
 grid1/grid1_000080.png/png
 burst_profile/burst_profile000080.png/png
       retry log10(dt/yr), log10(dt), retry_factor     1    84       -7.639321       -0.140209        0.500000
       retry log10(dt/yr), log10(dt), retry_factor     2    84       -7.940351       -0.441239        0.500000
 have reached retry limit so now backup
       retry log10(dt/yr), log10(dt), retry_factor     1    84       -8.241381       -0.742269        0.500000
 grid1/grid1_000085.png/png
 burst_profile/burst_profile000085.png/png
 grid1/grid1_000090.png/png
 burst_profile/burst_profile000090.png/png
 grid1/grid1_000095.png/png
 burst_profile/burst_profile000095.png/png
       retry log10(dt/yr), log10(dt), retry_factor     1    97       -5.708215        1.790897        0.500000
       retry log10(dt/yr), log10(dt), retry_factor     1    98       -6.029746        1.469365        0.500000
       retry log10(dt/yr), log10(dt), retry_factor     1    99       -6.330776        1.168335        0.500000
        100   8.444837  4.670E+06   2.033150   2.166578   1.400000   1.400000   0.000000   0.000000   0.275200   0.100536  12.226582    750     31
  -6.029746   6.642744  -4.792800   1.206094   1.283372  -8.522879   0.000000   0.000000   0.000000   0.020000   0.058448  80.445166      6      8
 3.1300E-04  23.235090   2.044998   1.356889  13.860457  -0.943589   0.000000   0.000000   0.000000   0.000687  8.410E-01  0.988E-12          hold

 grid1/grid1_000100.png/png
 burst_profile/burst_profile000100.png/png
       retry log10(dt/yr), log10(dt), retry_factor     1   101       -6.631806        0.867305        0.500000
       retry log10(dt/yr), log10(dt), retry_factor     1   103       -6.932836        0.566275        0.500000
hydro_newton_step failed to accept
       retry log10(dt/yr), log10(dt), retry_factor     1   104       -7.233866        0.265245        0.500000
 grid1/grid1_000105.png/png
 burst_profile/burst_profile000105.png/png
       retry log10(dt/yr), log10(dt), retry_factor     1   106       -7.534896       -0.035785        0.500000
       retry log10(dt/yr), log10(dt), retry_factor     1   110       -7.534896       -0.035785        0.500000
       retry log10(dt/yr), log10(dt), retry_factor     2   110       -7.835926       -0.336815        0.500000
 grid1/grid1_000110.png/png
 burst_profile/burst_profile000110.png/png
       retry log10(dt/yr), log10(dt), retry_factor     1   111       -8.136956       -0.637845        0.500000
 grid1/grid1_000115.png/png
 burst_profile/burst_profile000115.png/png
 grid1/grid1_000120.png/png
 burst_profile/burst_profile000120.png/png
 grid1/grid1_000125.png/png
 burst_profile/burst_profile000125.png/png
 grid1/grid1_000130.png/png
 burst_profile/burst_profile000130.png/png
 grid1/grid1_000135.png/png
 burst_profile/burst_profile000135.png/png
 grid1/grid1_000140.png/png
 burst_profile/burst_profile000140.png/png
 grid1/grid1_000145.png/png
 burst_profile/burst_profile000145.png/png
 grid1/grid1_000150.png/png
 burst_profile/burst_profile000150.png/png
 grid1/grid1_000155.png/png
 burst_profile/burst_profile000155.png/png
                       super eddington wind: lg_Mdot, L/Ledd         160    -9.33372     1.01888
 grid1/grid1_000160.png/png
 burst_profile/burst_profile000160.png/png
                       super eddington wind: lg_Mdot, L/Ledd         161    -8.85570     1.05666
                       super eddington wind: lg_Mdot, L/Ledd         162    -8.66657     1.08740
                       super eddington wind: lg_Mdot, L/Ledd         163    -8.54506     1.11560
                       super eddington wind: lg_Mdot, L/Ledd         164    -8.45474     1.14205
                       super eddington wind: lg_Mdot, L/Ledd         165    -8.37806     1.16953
 grid1/grid1_000165.png/png
 burst_profile/burst_profile000165.png/png
                       super eddington wind: lg_Mdot, L/Ledd         166    -8.32456     1.19175
                       super eddington wind: lg_Mdot, L/Ledd         167    -8.28217     1.21141
                       super eddington wind: lg_Mdot, L/Ledd         168    -8.42736     1.15084
                       super eddington wind: lg_Mdot, L/Ledd         169    -8.34032     1.18431
                       super eddington wind: lg_Mdot, L/Ledd         170    -8.27716     1.21301
 grid1/grid1_000170.png/png
 burst_profile/burst_profile000170.png/png
                       super eddington wind: lg_Mdot, L/Ledd         171    -8.40763     1.15750
                       super eddington wind: lg_Mdot, L/Ledd         172    -8.31252     1.19595
                       super eddington wind: lg_Mdot, L/Ledd         173    -8.25062     1.22565
                       super eddington wind: lg_Mdot, L/Ledd         174    -8.38017     1.16728
                       super eddington wind: lg_Mdot, L/Ledd         175    -8.28765     1.20667
 grid1/grid1_000175.png/png
 burst_profile/burst_profile000175.png/png
                       super eddington wind: lg_Mdot, L/Ledd         176    -8.23995     1.23053
                       super eddington wind: lg_Mdot, L/Ledd         177    -8.36797     1.17130
                       super eddington wind: lg_Mdot, L/Ledd         178    -8.28306     1.20811
                       super eddington wind: lg_Mdot, L/Ledd         179    -8.24745     1.22584
                       super eddington wind: lg_Mdot, L/Ledd         180    -8.38261     1.16504
 grid1/grid1_000180.png/png
 burst_profile/burst_profile000180.png/png
                       super eddington wind: lg_Mdot, L/Ledd         181    -8.30612     1.19648
                       super eddington wind: lg_Mdot, L/Ledd         182    -8.28123     1.20796
                       super eddington wind: lg_Mdot, L/Ledd         183    -8.43566     1.14535
                       super eddington wind: lg_Mdot, L/Ledd         184    -8.37562     1.16684
                       super eddington wind: lg_Mdot, L/Ledd         185    -8.55033     1.11127
       retry log10(dt/yr), log10(dt), retry_factor     1   185       -9.090564       -1.591452        0.500000
                       super eddington wind: lg_Mdot, L/Ledd         185    -8.55033     1.11127
       retry log10(dt/yr), log10(dt), retry_factor     2   185       -9.391594       -1.892482        0.500000
                       super eddington wind: lg_Mdot, L/Ledd         185    -8.55033     1.11127
 have reached retry limit so now backup
                       super eddington wind: lg_Mdot, L/Ledd         184    -8.37562     1.16684
                       super eddington wind: lg_Mdot, L/Ledd         185    -8.73527     1.07275
 grid1/grid1_000185.png/png
 burst_profile/burst_profile000185.png/png
                       super eddington wind: lg_Mdot, L/Ledd         186    -8.43743     1.14450
                       super eddington wind: lg_Mdot, L/Ledd         187    -8.35350     1.17544
                       super eddington wind: lg_Mdot, L/Ledd         188    -8.52868     1.11707
                       super eddington wind: lg_Mdot, L/Ledd         189    -8.42546     1.14855
                       super eddington wind: lg_Mdot, L/Ledd         190    -8.35376     1.17519
 grid1/grid1_000190.png/png
 burst_profile/burst_profile000190.png/png
                       super eddington wind: lg_Mdot, L/Ledd         191    -8.54606     1.11242
                       super eddington wind: lg_Mdot, L/Ledd         192    -8.45068     1.14004
                       super eddington wind: lg_Mdot, L/Ledd         193    -8.65050     1.08820
                       super eddington wind: lg_Mdot, L/Ledd         194    -8.54423     1.11271
                       super eddington wind: lg_Mdot, L/Ledd         195    -8.67978     1.08242
 grid1/grid1_000195.png/png
 burst_profile/burst_profile000195.png/png
                       super eddington wind: lg_Mdot, L/Ledd         196    -8.57004     1.10613
                       super eddington wind: lg_Mdot, L/Ledd         197    -8.51992     1.11900
                       super eddington wind: lg_Mdot, L/Ledd         198    -8.74919     1.07009
                       super eddington wind: lg_Mdot, L/Ledd         199    -8.60507     1.09770
                       super eddington wind: lg_Mdot, L/Ledd         200    -8.77680     1.06569
        200   8.970499  2.358E+07   3.675111   6.644186   1.400000   1.400000   0.000000   0.000000   0.293646   0.073861   2.841750    681     40
  -8.439843   6.562006  -4.791578   3.017380   4.343379  -8.776798   0.000000   0.000000   0.000000   0.211359   0.044240  22.538513      6      9
 3.1499E-04  23.235200   4.860865   6.643616  15.048589  -0.884783   0.000000   0.000000   0.000000   0.000687  8.819E-01  0.293E-04          dH/H

 grid1/grid1_000200.png/png
 burst_profile/burst_profile000200.png/png
                       super eddington wind: lg_Mdot, L/Ledd         201    -8.87888     1.05194
                       super eddington wind: lg_Mdot, L/Ledd         202    -9.52635     1.01167
                       super eddington wind: lg_Mdot, L/Ledd         203    -9.14814     1.02790
                       super eddington wind: lg_Mdot, L/Ledd         205    -9.38262     1.01624
 grid1/grid1_000205.png/png
 burst_profile/burst_profile000205.png/png
                       super eddington wind: lg_Mdot, L/Ledd         207   -11.48112     1.00013
       retry log10(dt/yr), log10(dt), retry_factor     1   210       -9.190879       -1.691768        0.500000
 grid1/grid1_000210.png/png
 burst_profile/burst_profile000210.png/png
 grid1/grid1_000215.png/png
 burst_profile/burst_profile000215.png/png
 grid1/grid1_000220.png/png
 burst_profile/burst_profile000220.png/png
 grid1/grid1_000225.png/png
 burst_profile/burst_profile000225.png/png
       retry log10(dt/yr), log10(dt), retry_factor     1   229       -7.632731       -0.133619        0.500000
       retry log10(dt/yr), log10(dt), retry_factor     2   229       -7.933761       -0.434649        0.500000
 have reached retry limit so now backup
 grid1/grid1_000230.png/png
 burst_profile/burst_profile000230.png/png
 grid1/grid1_000235.png/png
 burst_profile/burst_profile000235.png/png
       retry log10(dt/yr), log10(dt), retry_factor     1   236       -7.964821       -0.465709        0.500000
hydro_newton_step failed to accept
       retry log10(dt/yr), log10(dt), retry_factor     1   237       -8.362761       -0.863649        0.500000
hydro_newton_step failed to accept
       retry log10(dt/yr), log10(dt), retry_factor     2   237       -8.663791       -1.164679        0.500000
 have reached retry limit so now backup
hydro_newton_step failed to accept
       retry log10(dt/yr), log10(dt), retry_factor     1   239       -8.964821       -1.465709        0.500000
       retry log10(dt/yr), log10(dt), retry_factor     1   240       -9.265851       -1.766739        0.500000
 grid1/grid1_000240.png/png
 burst_profile/burst_profile000240.png/png
       retry log10(dt/yr), log10(dt), retry_factor     1   244       -9.265851       -1.766739        0.500000
 grid1/grid1_000245.png/png
 burst_profile/burst_profile000245.png/png
 grid1/grid1_000250.png/png
 burst_profile/burst_profile000250.png/png
hydro_newton_step failed to accept
       retry log10(dt/yr), log10(dt), retry_factor     1   251       -8.362761       -0.863649        0.500000
hydro_newton_step failed to accept
       retry log10(dt/yr), log10(dt), retry_factor     1   253       -8.061731       -0.562619        0.500000
       retry log10(dt/yr), log10(dt), retry_factor     2   253       -8.362761       -0.863649        0.500000
       retry log10(dt/yr), log10(dt), retry_factor     1   255       -8.663791       -1.164679        0.500000
       retry log10(dt/yr), log10(dt), retry_factor     2   255       -8.964821       -1.465709        0.500000
 have reached retry limit so now backup
 grid1/grid1_000255.png/png
 burst_profile/burst_profile000255.png/png
       retry log10(dt/yr), log10(dt), retry_factor     1   257       -9.265851       -1.766739        0.500000
 grid1/grid1_000260.png/png
 burst_profile/burst_profile000260.png/png
 grid1/grid1_000265.png/png
 burst_profile/burst_profile000265.png/png
 grid1/grid1_000270.png/png
 burst_profile/burst_profile000270.png/png
 grid1/grid1_000275.png/png
 burst_profile/burst_profile000275.png/png
 grid1/grid1_000280.png/png
 burst_profile/burst_profile000280.png/png
 grid1/grid1_000285.png/png
 burst_profile/burst_profile000285.png/png
       retry log10(dt/yr), log10(dt), retry_factor     1   288       -7.767110       -0.267999        0.500000
       retry log10(dt/yr), log10(dt), retry_factor     2   288       -8.068140       -0.569029        0.500000
       retry log10(dt/yr), log10(dt), retry_factor     1   290       -8.369170       -0.870059        0.500000
 grid1/grid1_000290.png/png
 burst_profile/burst_profile000290.png/png
 grid1/grid1_000295.png/png
 burst_profile/burst_profile000295.png/png
       retry log10(dt/yr), log10(dt), retry_factor     1   298       -7.687835       -0.188723        0.500000
hydro_newton_step failed to accept
       retry log10(dt/yr), log10(dt), retry_factor     2   298       -7.988865       -0.489753        0.500000
 have reached retry limit so now backup
        300   8.793944  1.086E+07   2.013048   3.526928   1.400000   1.400000   0.000000   0.000000   0.275200   0.020489   5.009656    712     60
  -7.687835   6.610251  -4.792624   1.862815   2.781379  -8.522879   0.000000   0.000000   0.000000   0.020000   0.020574  35.120623      7     13
 3.1795E-04  23.235915   3.511360   3.503599  14.467469  -0.751805   0.000000   0.000000   0.000000   0.000687  9.589E-01 -0.457E-08          hold

 grid1/grid1_000300.png/png
 burst_profile/burst_profile000300.png/png
       retry log10(dt/yr), log10(dt), retry_factor     1   303       -7.687835       -0.188723        0.500000
       retry log10(dt/yr), log10(dt), retry_factor     2   303       -7.988865       -0.489753        0.500000
 grid1/grid1_000305.png/png
 burst_profile/burst_profile000305.png/png
hydro_newton_step failed to accept
       retry log10(dt/yr), log10(dt), retry_factor     1   309       -7.602418       -0.103307        0.500000
       retry log10(dt/yr), log10(dt), retry_factor     2   309       -7.903448       -0.404337        0.500000
 have reached retry limit so now backup
 grid1/grid1_000310.png/png
 burst_profile/burst_profile000310.png/png
       retry log10(dt/yr), log10(dt), retry_factor     1   315       -7.541182       -0.042070        0.500000
hydro_newton_step failed to accept
       retry log10(dt/yr), log10(dt), retry_factor     2   315       -7.842212       -0.343100        0.500000
 grid1/grid1_000315.png/png
 burst_profile/burst_profile000315.png/png
 grid1/grid1_000320.png/png
 burst_profile/burst_profile000320.png/png
 grid1/grid1_000325.png/png
 burst_profile/burst_profile000325.png/png
 grid1/grid1_000330.png/png
 burst_profile/burst_profile000330.png/png
 grid1/grid1_000335.png/png
 burst_profile/burst_profile000335.png/png
 grid1/grid1_000340.png/png
 burst_profile/burst_profile000340.png/png
 grid1/grid1_000345.png/png
 burst_profile/burst_profile000345.png/png
 grid1/grid1_000350.png/png
 burst_profile/burst_profile000350.png/png
 grid1/grid1_000355.png/png
 burst_profile/burst_profile000355.png/png
 grid1/grid1_000360.png/png
 burst_profile/burst_profile000360.png/png
       retry log10(dt/yr), log10(dt), retry_factor     1   361       -5.316951        2.182161        0.500000
hydro_newton_step failed to accept
       retry log10(dt/yr), log10(dt), retry_factor     2   361       -5.617981        1.881131        0.500000
 have reached retry limit so now backup
 grid1/grid1_000360.png/png
 burst_profile/burst_profile000360.png/png
 grid1/grid1_000365.png/png
 burst_profile/burst_profile000365.png/png
       retry log10(dt/yr), log10(dt), retry_factor     1   366       -5.607795        1.891317        0.500000
hydro_newton_step failed to accept
       retry log10(dt/yr), log10(dt), retry_factor     1   367       -5.908825        1.590287        0.500000
       retry log10(dt/yr), log10(dt), retry_factor     2   367       -6.209855        1.289257        0.500000
 have reached retry limit so now backup
 grid1/grid1_000370.png/png
 burst_profile/burst_profile000370.png/png
       retry log10(dt/yr), log10(dt), retry_factor     1   374       -5.495059        2.004052        0.500000
 grid1/grid1_000375.png/png
 burst_profile/burst_profile000375.png/png
       retry log10(dt/yr), log10(dt), retry_factor     1   379       -5.389299        2.109813        0.500000
hydro_newton_step failed to accept
       retry log10(dt/yr), log10(dt), retry_factor     2   379       -5.690329        1.808783        0.500000
 have reached retry limit so now backup
 grid1/grid1_000380.png/png
 burst_profile/burst_profile000380.png/png
       retry log10(dt/yr), log10(dt), retry_factor     1   385       -5.449947        2.049165        0.500000
       retry log10(dt/yr), log10(dt), retry_factor     2   385       -5.750977        1.748135        0.500000
 grid1/grid1_000385.png/png
 burst_profile/burst_profile000385.png/png
       retry log10(dt/yr), log10(dt), retry_factor     1   386       -6.052007        1.447105        0.500000
 grid1/grid1_000390.png/png
 burst_profile/burst_profile000390.png/png
       retry log10(dt/yr), log10(dt), retry_factor     1   393       -5.385660        2.113451        0.500000
       retry log10(dt/yr), log10(dt), retry_factor     2   393       -5.686690        1.812421        0.500000
 have reached retry limit so now backup
 grid1/grid1_000395.png/png
 burst_profile/burst_profile000395.png/png
       retry log10(dt/yr), log10(dt), retry_factor     1   396       -5.987720        1.511391        0.500000
       retry log10(dt/yr), log10(dt), retry_factor     2   396       -6.288750        1.210361        0.500000
 have reached retry limit so now backup
 grid1/grid1_000395.png/png
 burst_profile/burst_profile000395.png/png
       retry log10(dt/yr), log10(dt), retry_factor     1   396       -6.589780        0.909331        0.500000
       retry log10(dt/yr), log10(dt), retry_factor     2   396       -6.890810        0.608301        0.500000
 have reached retry limit so now backup
 grid1/grid1_000395.png/png
 burst_profile/burst_profile000395.png/png
       retry log10(dt/yr), log10(dt), retry_factor     1   396       -7.191840        0.307271        0.500000
       retry log10(dt/yr), log10(dt), retry_factor     2   396       -7.492870        0.006241        0.500000
 have reached retry limit so now backup
 grid1/grid1_000395.png/png
 burst_profile/burst_profile000395.png/png
       retry log10(dt/yr), log10(dt), retry_factor     1   397       -7.793900       -0.294789        0.500000
        400   8.346716  3.635E+06   1.519410   1.546429   1.400000   1.400000   0.000000   0.000000   0.275200   0.061727  15.878103    750     86
  -7.492870   6.667757  -4.792872  -0.950580   0.691940  -8.522879   0.000000   0.000000   0.000000   0.020000   0.043746 102.791837      6     21
 5.0331E-04  23.267753   1.609545   0.303312  13.576538  -1.116043   0.000000   0.000000   0.000000   0.000687  8.945E-01  0.160E-09          hold

 grid1/grid1_000400.png/png
 burst_profile/burst_profile000400.png/png
 grid1/grid1_000405.png/png
 burst_profile/burst_profile000405.png/png
       retry log10(dt/yr), log10(dt), retry_factor     1   409       -5.572681        1.926430        0.500000
 grid1/grid1_000410.png/png
 burst_profile/burst_profile000410.png/png
       retry log10(dt/yr), log10(dt), retry_factor     1   413       -5.670687        1.828425        0.500000
hydro_newton_step failed to accept
       retry log10(dt/yr), log10(dt), retry_factor     1   414       -6.068627        1.430485        0.500000
 grid1/grid1_000415.png/png
 burst_profile/burst_profile000415.png/png
       retry log10(dt/yr), log10(dt), retry_factor     1   419       -5.546432        1.952680        0.500000
hydro_newton_step failed to accept
       retry log10(dt/yr), log10(dt), retry_factor     1   420       -5.847462        1.651650        0.500000
 grid1/grid1_000420.png/png
 burst_profile/burst_profile000420.png/png
       retry log10(dt/yr), log10(dt), retry_factor     1   422       -6.237923        1.261188        0.500000
       retry log10(dt/yr), log10(dt), retry_factor     2   422       -6.538953        0.960158        0.500000
 have reached retry limit so now backup
       retry log10(dt/yr), log10(dt), retry_factor     1   425       -6.839983        0.659128        0.500000
 grid1/grid1_000425.png/png
 burst_profile/burst_profile000425.png/png
 grid1/grid1_000430.png/png
 burst_profile/burst_profile000430.png/png
       retry log10(dt/yr), log10(dt), retry_factor     1   433       -5.786311        1.712800        0.500000
       retry log10(dt/yr), log10(dt), retry_factor     1   434       -6.163790        1.335321        0.500000
hydro_newton_step failed to accept
       retry log10(dt/yr), log10(dt), retry_factor     1   435       -6.561730        0.937381        0.500000
        435   8.420273  4.410E+06   1.921686   2.022633   1.400000   1.400000   0.000000   0.000000   0.275200   0.075852  13.484564    757     97
  -6.260700   6.674476  -4.792812   1.128852   1.094125  -8.522879   0.000000   0.000000   0.000000   0.020000   0.053720  87.225078      6     22
 5.8431E-04  23.280938   1.945769   0.924049  13.796562  -0.981986   0.000000   0.000000   0.000000   0.000687  8.704E-01  0.676E-11         retry

save LOGS/profile3.data for model 435
 grid1/grid1_000435.png/png
 burst_profile/burst_profile000435.png/png
       retry log10(dt/yr), log10(dt), retry_factor     1   439       -6.416903        1.082209        0.500000
       retry log10(dt/yr), log10(dt), retry_factor     2   439       -6.717933        0.781179        0.500000
 grid1/grid1_000440.png/png
 burst_profile/burst_profile000440.png/png
       retry log10(dt/yr), log10(dt), retry_factor     1   442       -7.018963        0.480149        0.500000
       retry log10(dt/yr), log10(dt), retry_factor     1   443       -7.319993        0.179119        0.500000
       retry log10(dt/yr), log10(dt), retry_factor     1   444       -7.621023       -0.121911        0.500000
 grid1/grid1_000445.png/png
 burst_profile/burst_profile000445.png/png
       retry log10(dt/yr), log10(dt), retry_factor     1   447       -7.922053       -0.422941        0.500000
 grid1/grid1_000450.png/png
 burst_profile/burst_profile000450.png/png
       retry log10(dt/yr), log10(dt), retry_factor     1   451       -8.469252       -0.970140        0.500000
 grid1/grid1_000455.png/png
 burst_profile/burst_profile000455.png/png
 grid1/grid1_000460.png/png
 burst_profile/burst_profile000460.png/png
 grid1/grid1_000465.png/png
 burst_profile/burst_profile000465.png/png
 grid1/grid1_000470.png/png
 burst_profile/burst_profile000470.png/png
 grid1/grid1_000475.png/png
 burst_profile/burst_profile000475.png/png
 grid1/grid1_000480.png/png
 burst_profile/burst_profile000480.png/png
 grid1/grid1_000485.png/png
 burst_profile/burst_profile000485.png/png
 grid1/grid1_000490.png/png
 burst_profile/burst_profile000490.png/png
 grid1/grid1_000495.png/png
 burst_profile/burst_profile000495.png/png
        500   8.511303  2.111E+07   3.628539   6.813794   1.400000   1.400000   0.000000   0.000000   0.292218   0.064728  10.836846    766    104
  -7.985531   6.670988  -4.791701   3.016120   4.249768  -8.522879   0.000000   0.000000   0.000000   0.209802   0.041360  70.542221      7     22
 5.8836E-04  23.281440   4.668223   6.813441  14.918690  -0.850949   0.000000   0.000000   0.000000   0.000687  8.939E-01  0.962E-08      lgT_cntr

save LOGS/profile4.data for model 500
save photos/x500 for model 500
 grid1/grid1_000500.png/png
 burst_profile/burst_profile000500.png/png
 grid1/grid1_000505.png/png
 burst_profile/burst_profile000505.png/png
 grid1/grid1_000510.png/png
 burst_profile/burst_profile000510.png/png
 grid1/grid1_000515.png/png
 burst_profile/burst_profile000515.png/png
 grid1/grid1_000520.png/png
 burst_profile/burst_profile000520.png/png
 grid1/grid1_000525.png/png
 burst_profile/burst_profile000525.png/png
 grid1/grid1_000530.png/png
 burst_profile/burst_profile000530.png/png
 grid1/grid1_000535.png/png
 burst_profile/burst_profile000535.png/png
 grid1/grid1_000540.png/png
 burst_profile/burst_profile000540.png/png
hydro_newton_step failed to accept
       retry log10(dt/yr), log10(dt), retry_factor     1   543       -7.741331       -0.242219        0.500000
       retry log10(dt/yr), log10(dt), retry_factor     2   543       -8.042361       -0.543249        0.500000
 have reached retry limit so now backup
 grid1/grid1_000545.png/png
 burst_profile/burst_profile000545.png/png
hydro_newton_step failed to accept
       retry log10(dt/yr), log10(dt), retry_factor     1   546       -8.621295       -1.122183        0.500000
hydro_newton_step failed to accept
       retry log10(dt/yr), log10(dt), retry_factor     1   547       -8.621295       -1.122183        0.500000
hydro_newton_step failed to accept
       retry log10(dt/yr), log10(dt), retry_factor     1   548       -8.724377       -1.225265        0.500000
       retry log10(dt/yr), log10(dt), retry_factor     2   548       -9.025407       -1.526295        0.500000
 have reached retry limit so now backup
       retry log10(dt/yr), log10(dt), retry_factor     1   547       -9.326437       -1.827325        0.500000
 grid1/grid1_000550.png/png
 burst_profile/burst_profile000550.png/png
       retry log10(dt/yr), log10(dt), retry_factor     1   551       -9.326437       -1.827325        0.500000
 grid1/grid1_000555.png/png
 burst_profile/burst_profile000555.png/png
       retry log10(dt/yr), log10(dt), retry_factor     1   558       -8.423347       -0.924235        0.500000
hydro_newton_step failed to accept
       retry log10(dt/yr), log10(dt), retry_factor     2   558       -8.724377       -1.225265        0.500000
 grid1/grid1_000560.png/png
 burst_profile/burst_profile000560.png/png
hydro_newton_step failed to accept
       retry log10(dt/yr), log10(dt), retry_factor     1   563       -8.423347       -0.924235        0.500000
hydro_newton_step failed to accept
       retry log10(dt/yr), log10(dt), retry_factor     1   564       -8.423347       -0.924235        0.500000
       retry log10(dt/yr), log10(dt), retry_factor     2   564       -8.724377       -1.225265        0.500000
 grid1/grid1_000565.png/png
 burst_profile/burst_profile000565.png/png
       retry log10(dt/yr), log10(dt), retry_factor     1   568       -8.724377       -1.225265        0.500000
 grid1/grid1_000570.png/png
 burst_profile/burst_profile000570.png/png
hydro_newton_step failed to accept
       retry log10(dt/yr), log10(dt), retry_factor     1   574       -8.122317       -0.623205        0.500000
       retry log10(dt/yr), log10(dt), retry_factor     2   574       -8.423347       -0.924235        0.500000
 have reached retry limit so now backup
 grid1/grid1_000575.png/png
 burst_profile/burst_profile000575.png/png
 grid1/grid1_000580.png/png
 burst_profile/burst_profile000580.png/png
       retry log10(dt/yr), log10(dt), retry_factor     1   583       -8.026288       -0.527177        0.500000
 grid1/grid1_000585.png/png
 burst_profile/burst_profile000585.png/png
 grid1/grid1_000590.png/png
 burst_profile/burst_profile000590.png/png
 grid1/grid1_000595.png/png
 burst_profile/burst_profile000595.png/png
        600   8.860978  1.278E+07   2.332102   4.147489   1.400000   1.400000   0.000000   0.000000   0.275200   0.018971   4.318845    782    121
  -7.269097   6.630075  -4.792508   2.150165   3.062081  -8.522879   0.000000   0.000000   0.000000   0.020000   0.020816  30.558736      6     25
 5.9045E-04  23.281871   3.794322   4.136334  14.528857  -0.802225   0.000000   0.000000   0.000000   0.000687  9.602E-01  0.415E-08          dH/H

 grid1/grid1_000600.png/png
 burst_profile/burst_profile000600.png/png
       retry log10(dt/yr), log10(dt), retry_factor     1   603       -8.051216       -0.552105        0.500000
 grid1/grid1_000605.png/png
 burst_profile/burst_profile000605.png/png
hydro_newton_step failed to accept
       retry log10(dt/yr), log10(dt), retry_factor     1   610       -8.000137       -0.501026        0.500000
hydro_newton_step failed to accept
       retry log10(dt/yr), log10(dt), retry_factor     2   610       -8.301167       -0.802056        0.500000
 grid1/grid1_000610.png/png
 burst_profile/burst_profile000610.png/png
       retry log10(dt/yr), log10(dt), retry_factor     1   614       -7.669730       -0.170618        0.500000
       retry log10(dt/yr), log10(dt), retry_factor     2   614       -7.970760       -0.471648        0.500000
 have reached retry limit so now backup
 grid1/grid1_000615.png/png
 burst_profile/burst_profile000615.png/png
 grid1/grid1_000620.png/png
 burst_profile/burst_profile000620.png/png
 grid1/grid1_000625.png/png
 burst_profile/burst_profile000625.png/png
 grid1/grid1_000630.png/png
 burst_profile/burst_profile000630.png/png
 grid1/grid1_000635.png/png
 burst_profile/burst_profile000635.png/png
 grid1/grid1_000640.png/png
 burst_profile/burst_profile000640.png/png
 grid1/grid1_000645.png/png
 burst_profile/burst_profile000645.png/png
 grid1/grid1_000650.png/png
 burst_profile/burst_profile000650.png/png
 grid1/grid1_000655.png/png
 burst_profile/burst_profile000655.png/png
 grid1/grid1_000660.png/png
 burst_profile/burst_profile000660.png/png
 grid1/grid1_000665.png/png
 burst_profile/burst_profile000665.png/png
 grid1/grid1_000670.png/png
 burst_profile/burst_profile000670.png/png
       retry log10(dt/yr), log10(dt), retry_factor     1   672       -5.458526        2.040585        0.500000
       retry log10(dt/yr), log10(dt), retry_factor     1   673       -5.856466        1.642645        0.500000
       retry log10(dt/yr), log10(dt), retry_factor     1   674       -6.157496        1.341615        0.500000
       retry log10(dt/yr), log10(dt), retry_factor     1   675       -6.458526        1.040585        0.500000
 grid1/grid1_000675.png/png
 burst_profile/burst_profile000675.png/png
 grid1/grid1_000680.png/png
 burst_profile/burst_profile000680.png/png
       retry log10(dt/yr), log10(dt), retry_factor     1   683       -5.518739        1.980372        0.500000
       retry log10(dt/yr), log10(dt), retry_factor     2   683       -5.819769        1.679342        0.500000
       retry log10(dt/yr), log10(dt), retry_factor     1   684       -6.120799        1.378312        0.500000
 grid1/grid1_000685.png/png
 burst_profile/burst_profile000685.png/png
 grid1/grid1_000690.png/png
 burst_profile/burst_profile000690.png/png
       retry log10(dt/yr), log10(dt), retry_factor     1   691       -5.524183        1.974929        0.500000
       retry log10(dt/yr), log10(dt), retry_factor     2   691       -5.825213        1.673899        0.500000
 grid1/grid1_000695.png/png
 burst_profile/burst_profile000695.png/png
       retry log10(dt/yr), log10(dt), retry_factor     1   696       -5.524183        1.974929        0.500000
       retry log10(dt/yr), log10(dt), retry_factor     1   700       -5.602039        1.897072        0.500000
        700   8.348928  3.626E+06   1.518449   1.545718   1.400000   1.400000   0.000000   0.000000   0.275200   0.055064  16.376909    828    137
  -5.301009   6.696461  -4.792860  -0.907971   0.691931  -8.522879   0.000000   0.000000   0.000000   0.020000   0.040971 104.547630      6     26
 7.7655E-04  23.310756   1.605376   0.304169  13.573789  -1.117652   0.000000   0.000000   0.000000   0.000687  9.040E-01  0.134E-12         retry

 grid1/grid1_000700.png/png
 burst_profile/burst_profile000700.png/png
       retry log10(dt/yr), log10(dt), retry_factor     1   701       -5.999979        1.499132        0.500000
 grid1/grid1_000705.png/png
 burst_profile/burst_profile000705.png/png
       retry log10(dt/yr), log10(dt), retry_factor     1   709       -5.484120        2.014992        0.500000
hydro_newton_step failed to accept
       retry log10(dt/yr), log10(dt), retry_factor     1   710       -5.882060        1.617052        0.500000
hydro_newton_step failed to accept
       retry log10(dt/yr), log10(dt), retry_factor     2   710       -6.183090        1.316022        0.500000
 grid1/grid1_000710.png/png
 burst_profile/burst_profile000710.png/png
       retry log10(dt/yr), log10(dt), retry_factor     1   711       -6.484120        1.014992        0.500000
       retry log10(dt/yr), log10(dt), retry_factor     1   712       -6.785150        0.713962        0.500000
 grid1/grid1_000715.png/png
 burst_profile/burst_profile000715.png/png
       retry log10(dt/yr), log10(dt), retry_factor     1   720       -5.581030        1.918082        0.500000
 grid1/grid1_000720.png/png
 burst_profile/burst_profile000720.png/png
       retry log10(dt/yr), log10(dt), retry_factor     1   721       -5.882060        1.617052        0.500000
hydro_newton_step failed to accept
       retry log10(dt/yr), log10(dt), retry_factor     1   722       -6.280000        1.219112        0.500000
 grid1/grid1_000725.png/png
 burst_profile/burst_profile000725.png/png
       retry log10(dt/yr), log10(dt), retry_factor     1   727       -5.852561        1.646551        0.500000
       retry log10(dt/yr), log10(dt), retry_factor     1   728       -6.250501        1.248611        0.500000
 grid1/grid1_000730.png/png
 burst_profile/burst_profile000730.png/png
       retry log10(dt/yr), log10(dt), retry_factor     1   732       -6.250501        1.248611        0.500000
       retry log10(dt/yr), log10(dt), retry_factor     1   734       -6.551531        0.947581        0.500000
       retry log10(dt/yr), log10(dt), retry_factor     1   735       -6.852561        0.646551        0.500000
 grid1/grid1_000735.png/png
 burst_profile/burst_profile000735.png/png
       retry log10(dt/yr), log10(dt), retry_factor     1   736       -7.153591        0.345521        0.500000
       retry log10(dt/yr), log10(dt), retry_factor     1   737       -7.454621        0.044491        0.500000
       retry log10(dt/yr), log10(dt), retry_factor     1   739       -7.755651       -0.256539        0.500000
 grid1/grid1_000740.png/png
 burst_profile/burst_profile000740.png/png
hydro_newton_step failed to accept
       retry log10(dt/yr), log10(dt), retry_factor     1   741       -8.056681       -0.557569        0.500000
hydro_newton_step failed to accept
       retry log10(dt/yr), log10(dt), retry_factor     2   741       -8.357711       -0.858599        0.500000
       retry log10(dt/yr), log10(dt), retry_factor     1   745       -7.755651       -0.256539        0.500000
 grid1/grid1_000745.png/png
 burst_profile/burst_profile000745.png/png
       retry log10(dt/yr), log10(dt), retry_factor     1   746       -8.056681       -0.557569        0.500000
 grid1/grid1_000750.png/png
 burst_profile/burst_profile000750.png/png
 grid1/grid1_000755.png/png
 burst_profile/burst_profile000755.png/png
 grid1/grid1_000760.png/png
 burst_profile/burst_profile000760.png/png
 grid1/grid1_000765.png/png
 burst_profile/burst_profile000765.png/png
 grid1/grid1_000770.png/png
 burst_profile/burst_profile000770.png/png
       retry log10(dt/yr), log10(dt), retry_factor     1   775       -9.305412       -1.806301        0.500000
 grid1/grid1_000775.png/png
 burst_profile/burst_profile000775.png/png
 grid1/grid1_000780.png/png
 burst_profile/burst_profile000780.png/png
 grid1/grid1_000785.png/png
 burst_profile/burst_profile000785.png/png
 grid1/grid1_000790.png/png
 burst_profile/burst_profile000790.png/png
 grid1/grid1_000795.png/png
 burst_profile/burst_profile000795.png/png
        800   8.512224  2.207E+07   3.585667   6.721670   1.400000   1.400000   0.000000   0.000000   0.288760   0.057039  11.209745    912    159
  -7.849658   6.699315  -4.791611   2.961516   4.283865  -8.522879   0.000000   0.000000   0.000000   0.222388   0.037065  71.939995      7     26
 8.6256E-04  23.323300   4.745616   6.721277  14.969727  -0.857676   0.000000   0.000000   0.000000   0.000687  9.059E-01  0.107E-07      lgT_cntr

 grid1/grid1_000800.png/png
 burst_profile/burst_profile000800.png/png
 grid1/grid1_000805.png/png
 burst_profile/burst_profile000805.png/png
 grid1/grid1_000810.png/png
 burst_profile/burst_profile000810.png/png
 grid1/grid1_000815.png/png
 burst_profile/burst_profile000815.png/png
 grid1/grid1_000820.png/png
 burst_profile/burst_profile000820.png/png
 grid1/grid1_000825.png/png
 burst_profile/burst_profile000825.png/png
 grid1/grid1_000830.png/png
 burst_profile/burst_profile000830.png/png
 grid1/grid1_000835.png/png
 burst_profile/burst_profile000835.png/png
       retry log10(dt/yr), log10(dt), retry_factor     1   839       -7.868377       -0.369266        0.500000
       retry log10(dt/yr), log10(dt), retry_factor     2   839       -8.169407       -0.670296        0.500000
 have reached retry limit so now backup
 grid1/grid1_000840.png/png
 burst_profile/burst_profile000840.png/png
hydro_newton_step failed to accept
       retry log10(dt/yr), log10(dt), retry_factor     1   842       -8.609791       -1.110679        0.500000
hydro_newton_step failed to accept
       retry log10(dt/yr), log10(dt), retry_factor     1   843       -8.609791       -1.110679        0.500000
hydro_newton_step failed to accept
       retry log10(dt/yr), log10(dt), retry_factor     2   843       -8.910820       -1.411709        0.500000
 have reached retry limit so now backup
       retry log10(dt/yr), log10(dt), retry_factor     1   843       -9.211850       -1.712739        0.500000
 grid1/grid1_000845.png/png
 burst_profile/burst_profile000845.png/png
       retry log10(dt/yr), log10(dt), retry_factor     1   847       -9.211850       -1.712739        0.500000
 grid1/grid1_000850.png/png
 burst_profile/burst_profile000850.png/png
       retry log10(dt/yr), log10(dt), retry_factor     1   854       -8.396588       -0.897476        0.500000
 grid1/grid1_000855.png/png
 burst_profile/burst_profile000855.png/png
hydro_newton_step failed to accept
       retry log10(dt/yr), log10(dt), retry_factor     1   858       -8.396588       -0.897476        0.500000
 grid1/grid1_000860.png/png
 burst_profile/burst_profile000860.png/png
 grid1/grid1_000865.png/png
 burst_profile/burst_profile000865.png/png
 grid1/grid1_000870.png/png
 burst_profile/burst_profile000870.png/png
 grid1/grid1_000875.png/png
 burst_profile/burst_profile000875.png/png
 grid1/grid1_000880.png/png
 burst_profile/burst_profile000880.png/png
hydro_newton_step failed to accept
       retry log10(dt/yr), log10(dt), retry_factor     1   882       -8.057107       -0.557996        0.500000
 grid1/grid1_000885.png/png
 burst_profile/burst_profile000885.png/png
 grid1/grid1_000890.png/png
 burst_profile/burst_profile000890.png/png
 grid1/grid1_000895.png/png
 burst_profile/burst_profile000895.png/png
       retry log10(dt/yr), log10(dt), retry_factor     1   896       -7.579085       -0.079974        0.500000
       retry log10(dt/yr), log10(dt), retry_factor     2   896       -7.880115       -0.381004        0.500000
 have reached retry limit so now backup
 grid1/grid1_000895.png/png
 burst_profile/burst_profile000895.png/png
        900   8.792052  9.702E+06   1.673697   3.089876   1.400000   1.400000   0.000000   0.000000   0.275200   0.016255   5.493116    908    171
  -7.278055   6.673764  -4.792656   1.717356   2.489250  -8.522879   0.000000   0.000000   0.000000   0.020000   0.018276  37.036118      6     29
 8.6558E-04  23.323868   3.315571   3.053302  14.426841  -0.726071   0.000000   0.000000   0.000000   0.000687  9.655E-01 -0.511E-09  max increase

 grid1/grid1_000900.png/png
 burst_profile/burst_profile000900.png/png
 grid1/grid1_000905.png/png
 burst_profile/burst_profile000905.png/png
 grid1/grid1_000910.png/png
 burst_profile/burst_profile000910.png/png
 grid1/grid1_000915.png/png
 burst_profile/burst_profile000915.png/png

stop because model_number >= max_model_number
      918      918

        918   8.623759  5.972E+06   1.204675   2.067891   1.400000   1.400000   0.000000   0.000000   0.275200   0.016581   8.529210    920    171
  -6.466591   6.693193  -4.792828   0.495199   1.660018  -8.522879   0.000000   0.000000   0.000000   0.020000   0.018069  55.385258      6     29
 8.6870E-04  23.324344   2.472206   1.990218  14.111208  -0.803569   0.000000   0.000000   0.000000   0.000687  9.654E-01  0.450E-11    varcontrol

save LOGS/profile5.data for model 918
save photos/x918 for model 918
save abund_profile_r_o17_ag_ne21_01.data for model 918
 saved to final.mod
termination code: max_model_number
        918   8.623759  5.972E+06   1.204675   2.067891   1.400000   1.400000   0.000000   0.000000   0.275200   0.016581   8.529210    920    171
  -6.466591   6.693193  -4.792828   0.495199   1.660018  -8.522879   0.000000   0.000000   0.000000   0.020000   0.018069  55.385258      6     29
 8.6870E-04  23.324344   2.472206   1.990218  14.111208  -0.803569   0.000000   0.000000   0.000000   0.000687  9.654E-01  0.450E-11      lgT_cntr

DATE: 2021-01-12
TIME: 13:33:38
