                                         version_number       10108
 read /hpc/group/physics/al363/sens/base/inlist_base
 read inlist_cluster
load saved model /hpc/group/physics/al363/sens/base/ns_relax.mod

 change to /hpc/group/physics/al363/sens/base/rp_305.net
             set special rate factor for r_fe49_ng_fe50         141    1.0000000000000000D+02
             set special rate factor for r_fe50_gn_fe49         142    1.0000000000000000D+02
             set special rate factor for r_fe49_ng_fe50         141    1.0000000000000000D+02
             set special rate factor for r_fe50_gn_fe49         142    1.0000000000000000D+02
 number of species         305
 read /hpc/group/physics/al363/sens/base/history_customACL.list
 read /hpc/group/physics/al363/sens/base/profile_customACL.list
 net name /hpc/group/physics/al363/sens/base/rp_305.net
 v_flag T
                         which_atm_option: grey_and_kap
                                           xmstar/mstar    4.5461189430843640D-12
                                             xmstar (g)    1.2660395722219186D+22
                                           M_center (g)    2.7848799999878681D+33
                                            xmstar/Msun    6.3645665203193175D-12
                                          M_center/Msun    1.3999999999939012D+00
                                          R_center (cm)    1.1200000000000000D+06
                                          R_center/Rsun    1.6092416448748527D-05
                                           core density    4.7322078204273819D+14
                                          L_center/Lsun    4.1647144567650578D+00
 kappa_file_prefix gs98
 kappa_lowT_prefix lowT_fa05_gs98

   eos_file_prefix mesa
                                        OMP_NUM_THREADS           8


__________________________________________________________________________________________________________________________________________________

       step    lg_Tcntr    Teff       lg_LH     lg_Lnuc     Mass       H_rich     H_cntr     N_cntr     Y_surf     X_avg     eta_cntr  zones retry
   lg_dt_yr    lg_Dcntr    lg_R       lg_L3a    lg_Lneu     lg_Mdot    He_core    He_cntr    O_cntr     Z_surf     Y_avg     gam_cntr  iters bckup
     age_yr    lg_Pcntr    lg_L       lg_LZ     lg_Psurf    lg_Dsurf   C_core     C_cntr     Ne_cntr    Si_cntr    Z_avg     v_div_cs     dt_limit
__________________________________________________________________________________________________________________________________________________

save LOGS/profile1.data for model 2
 grid1/grid1_000005.png/png
 burst_profile/burst_profile000005.png/png
          6   8.165156  1.497E+06   0.087590   0.087976   1.400000   1.400000   0.000000   0.000000   0.275200   0.030886  22.514775    791      0
  -5.817651   6.610341  -4.793035 -18.862378  -1.086578  -8.522879   0.000000   0.000000   0.000000   0.020000   0.011710 149.410225      6      0
 4.0040E-06  23.176196   0.068337  -2.962874  12.744977  -1.553972   0.000000   0.000000   0.000000   0.000687  9.574E-01  0.395E-11      lgT_cntr

save LOGS/profile2.data for model 6
 grid1/grid1_000010.png/png
 burst_profile/burst_profile000010.png/png
 grid1/grid1_000015.png/png
 burst_profile/burst_profile000015.png/png
 grid1/grid1_000020.png/png
 burst_profile/burst_profile000020.png/png
 grid1/grid1_000025.png/png
 burst_profile/burst_profile000025.png/png
       retry log10(dt/yr), log10(dt), retry_factor     1    30       -5.532111        1.967001        0.500000
 grid1/grid1_000030.png/png
 burst_profile/burst_profile000030.png/png
       retry log10(dt/yr), log10(dt), retry_factor     1    35       -5.231081        2.268031        0.500000
 grid1/grid1_000035.png/png
 burst_profile/burst_profile000035.png/png
       retry log10(dt/yr), log10(dt), retry_factor     1    36       -5.532111        1.967001        0.500000
       retry log10(dt/yr), log10(dt), retry_factor     1    40       -5.532111        1.967001        0.500000
 grid1/grid1_000040.png/png
 burst_profile/burst_profile000040.png/png
       retry log10(dt/yr), log10(dt), retry_factor     1    45       -5.231081        2.268031        0.500000
 grid1/grid1_000045.png/png
 burst_profile/burst_profile000045.png/png
       retry log10(dt/yr), log10(dt), retry_factor     1    49       -5.231081        2.268031        0.500000
 grid1/grid1_000050.png/png
 burst_profile/burst_profile000050.png/png
       retry log10(dt/yr), log10(dt), retry_factor     1    53       -5.231081        2.268031        0.500000
 grid1/grid1_000055.png/png
 burst_profile/burst_profile000055.png/png
       retry log10(dt/yr), log10(dt), retry_factor     1    56       -5.532111        1.967001        0.500000
       retry log10(dt/yr), log10(dt), retry_factor     2    56       -5.833141        1.665971        0.500000
 have reached retry limit so now backup
 grid1/grid1_000055.png/png
 burst_profile/burst_profile000055.png/png
       retry log10(dt/yr), log10(dt), retry_factor     1    58       -6.134171        1.364941        0.500000
       retry log10(dt/yr), log10(dt), retry_factor     2    58       -6.435201        1.063911        0.500000
 have reached retry limit so now backup
       retry log10(dt/yr), log10(dt), retry_factor     1    58       -6.736231        0.762881        0.500000
       retry log10(dt/yr), log10(dt), retry_factor     2    58       -7.037261        0.461851        0.500000
 have reached retry limit so now backup
       retry log10(dt/yr), log10(dt), retry_factor     1    60       -7.338291        0.160821        0.500000
       retry log10(dt/yr), log10(dt), retry_factor     2    60       -7.639321       -0.140209        0.500000
 have reached retry limit so now backup
 grid1/grid1_000060.png/png
 burst_profile/burst_profile000060.png/png
       retry log10(dt/yr), log10(dt), retry_factor     1    62       -7.940351       -0.441239        0.500000
       retry log10(dt/yr), log10(dt), retry_factor     2    62       -8.241381       -0.742269        0.500000
 grid1/grid1_000065.png/png
 burst_profile/burst_profile000065.png/png
 grid1/grid1_000070.png/png
 burst_profile/burst_profile000070.png/png
 grid1/grid1_000075.png/png
 burst_profile/burst_profile000075.png/png
       retry log10(dt/yr), log10(dt), retry_factor     1    76       -5.231081        2.268031        0.500000
       retry log10(dt/yr), log10(dt), retry_factor     2    76       -5.532111        1.967001        0.500000
       retry log10(dt/yr), log10(dt), retry_factor     1    77       -5.833141        1.665971        0.500000
       retry log10(dt/yr), log10(dt), retry_factor     2    77       -6.134171        1.364941        0.500000
 have reached retry limit so now backup
       retry log10(dt/yr), log10(dt), retry_factor     1    80       -6.435201        1.063911        0.500000
       retry log10(dt/yr), log10(dt), retry_factor     2    80       -6.736231        0.762881        0.500000
 have reached retry limit so now backup
 grid1/grid1_000080.png/png
 burst_profile/burst_profile000080.png/png
       retry log10(dt/yr), log10(dt), retry_factor     1    81       -7.037261        0.461851        0.500000
       retry log10(dt/yr), log10(dt), retry_factor     2    81       -7.338291        0.160821        0.500000
 have reached retry limit so now backup
 grid1/grid1_000080.png/png
 burst_profile/burst_profile000080.png/png
       retry log10(dt/yr), log10(dt), retry_factor     1    84       -7.639321       -0.140209        0.500000
       retry log10(dt/yr), log10(dt), retry_factor     2    84       -7.940351       -0.441239        0.500000
 have reached retry limit so now backup
       retry log10(dt/yr), log10(dt), retry_factor     1    84       -8.241381       -0.742269        0.500000
 grid1/grid1_000085.png/png
 burst_profile/burst_profile000085.png/png
 grid1/grid1_000090.png/png
 burst_profile/burst_profile000090.png/png
 grid1/grid1_000095.png/png
 burst_profile/burst_profile000095.png/png
       retry log10(dt/yr), log10(dt), retry_factor     1    97       -5.708197        1.790914        0.500000
       retry log10(dt/yr), log10(dt), retry_factor     1    98       -6.029742        1.469369        0.500000
       retry log10(dt/yr), log10(dt), retry_factor     1    99       -6.330772        1.168339        0.500000
        100   8.444841  4.670E+06   2.033172   2.166622   1.400000   1.400000   0.000000   0.000000   0.275200   0.100536  12.226478    752     31
  -6.029742   6.642744  -4.792800   1.206170   1.283423  -8.522879   0.000000   0.000000   0.000000   0.020000   0.058448  80.444496      6      8
 3.1300E-04  23.235090   2.045017   1.357015  13.860470  -0.943582   0.000000   0.000000   0.000000   0.000687  8.410E-01  0.987E-12          hold

 grid1/grid1_000100.png/png
 burst_profile/burst_profile000100.png/png
       retry log10(dt/yr), log10(dt), retry_factor     1   101       -6.631802        0.867309        0.500000
       retry log10(dt/yr), log10(dt), retry_factor     1   103       -6.932832        0.566279        0.500000
hydro_newton_step failed to accept
       retry log10(dt/yr), log10(dt), retry_factor     1   104       -7.233862        0.265249        0.500000
 grid1/grid1_000105.png/png
 burst_profile/burst_profile000105.png/png
       retry log10(dt/yr), log10(dt), retry_factor     1   106       -7.534892       -0.035780        0.500000
       retry log10(dt/yr), log10(dt), retry_factor     1   110       -7.649263       -0.150151        0.500000
       retry log10(dt/yr), log10(dt), retry_factor     2   110       -7.950293       -0.451181        0.500000
 grid1/grid1_000110.png/png
 burst_profile/burst_profile000110.png/png
       retry log10(dt/yr), log10(dt), retry_factor     1   112       -8.333843       -0.834731        0.500000
 grid1/grid1_000115.png/png
 burst_profile/burst_profile000115.png/png
 grid1/grid1_000120.png/png
 burst_profile/burst_profile000120.png/png
 grid1/grid1_000125.png/png
 burst_profile/burst_profile000125.png/png
 grid1/grid1_000130.png/png
 burst_profile/burst_profile000130.png/png
 grid1/grid1_000135.png/png
 burst_profile/burst_profile000135.png/png
 grid1/grid1_000140.png/png
 burst_profile/burst_profile000140.png/png
 grid1/grid1_000145.png/png
 burst_profile/burst_profile000145.png/png
 grid1/grid1_000150.png/png
 burst_profile/burst_profile000150.png/png
 grid1/grid1_000155.png/png
 burst_profile/burst_profile000155.png/png
 grid1/grid1_000160.png/png
 burst_profile/burst_profile000160.png/png
 grid1/grid1_000165.png/png
 burst_profile/burst_profile000165.png/png
                       super eddington wind: lg_Mdot, L/Ledd         166    -9.82166     1.00615
                       super eddington wind: lg_Mdot, L/Ledd         167    -9.01806     1.03908
                       super eddington wind: lg_Mdot, L/Ledd         168    -8.76366     1.07020
                       super eddington wind: lg_Mdot, L/Ledd         169    -8.63105     1.09515
                       super eddington wind: lg_Mdot, L/Ledd         170    -8.52505     1.12130
 grid1/grid1_000170.png/png
 burst_profile/burst_profile000170.png/png
                       super eddington wind: lg_Mdot, L/Ledd         171    -8.44355     1.14620
                       super eddington wind: lg_Mdot, L/Ledd         172    -8.60618     1.10045
                       super eddington wind: lg_Mdot, L/Ledd         173    -8.46302     1.13954
                       super eddington wind: lg_Mdot, L/Ledd         174    -8.37729     1.16992
                       super eddington wind: lg_Mdot, L/Ledd         175    -8.52078     1.12192
 grid1/grid1_000175.png/png
 burst_profile/burst_profile000175.png/png
                       super eddington wind: lg_Mdot, L/Ledd         176    -8.39780     1.16186
                       super eddington wind: lg_Mdot, L/Ledd         177    -8.32823     1.18988
                       super eddington wind: lg_Mdot, L/Ledd         178    -8.44637     1.14422
                       super eddington wind: lg_Mdot, L/Ledd         179    -8.34464     1.18203
                       super eddington wind: lg_Mdot, L/Ledd         180    -8.27005     1.21616
 grid1/grid1_000180.png/png
 burst_profile/burst_profile000180.png/png
                       super eddington wind: lg_Mdot, L/Ledd         181    -8.40108     1.15954
                       super eddington wind: lg_Mdot, L/Ledd         182    -8.29843     1.20194
                       super eddington wind: lg_Mdot, L/Ledd         183    -8.24393     1.22882
                       super eddington wind: lg_Mdot, L/Ledd         184    -8.36314     1.17349
                       super eddington wind: lg_Mdot, L/Ledd         185    -8.27842     1.21056
 grid1/grid1_000185.png/png
 burst_profile/burst_profile000185.png/png
                       super eddington wind: lg_Mdot, L/Ledd         186    -8.23651     1.23175
                       super eddington wind: lg_Mdot, L/Ledd         187    -8.35939     1.17440
                       super eddington wind: lg_Mdot, L/Ledd         188    -8.28599     1.20610
                       super eddington wind: lg_Mdot, L/Ledd         189    -8.25461     1.22137
                       super eddington wind: lg_Mdot, L/Ledd         190    -8.39449     1.16006
 grid1/grid1_000190.png/png
 burst_profile/burst_profile000190.png/png
                       super eddington wind: lg_Mdot, L/Ledd         191    -8.33660     1.18266
                       super eddington wind: lg_Mdot, L/Ledd         192    -8.32348     1.18808
                       super eddington wind: lg_Mdot, L/Ledd         193    -8.51227     1.12150
       retry log10(dt/yr), log10(dt), retry_factor     1   193       -9.065213       -1.566101        0.500000
                       super eddington wind: lg_Mdot, L/Ledd         193    -8.51227     1.12150
       retry log10(dt/yr), log10(dt), retry_factor     2   193       -9.366243       -1.867131        0.500000
                       super eddington wind: lg_Mdot, L/Ledd         193    -8.51227     1.12150
 have reached retry limit so now backup
                       super eddington wind: lg_Mdot, L/Ledd         192    -8.32348     1.18808
                       super eddington wind: lg_Mdot, L/Ledd         193    -8.69626     1.07966
                       super eddington wind: lg_Mdot, L/Ledd         194    -8.39684     1.15875
                       super eddington wind: lg_Mdot, L/Ledd         195    -8.56600     1.10738
 grid1/grid1_000195.png/png
 burst_profile/burst_profile000195.png/png
                       super eddington wind: lg_Mdot, L/Ledd         196    -8.46683     1.13503
                       super eddington wind: lg_Mdot, L/Ledd         197    -8.37943     1.16519
                       super eddington wind: lg_Mdot, L/Ledd         198    -8.56262     1.10825
                       super eddington wind: lg_Mdot, L/Ledd         199    -8.42034     1.14998
                       super eddington wind: lg_Mdot, L/Ledd         200    -8.63404     1.09168
        200   8.945723  2.394E+07   3.731103   6.698152   1.400000   1.400000   0.000000   0.000000   0.295763   0.076011   3.110321    661     40
  -8.949767   6.570979  -4.791532   3.024960   4.389663  -8.634041   0.000000   0.000000   0.000000   0.199732   0.044884  24.026601      6      9
 3.1497E-04  23.235205   4.887083   6.697591  15.066587  -0.897576   0.000000   0.000000   0.000000   0.000687  8.791E-01  0.778E-04  newton iters

 grid1/grid1_000200.png/png
 burst_profile/burst_profile000200.png/png
                       super eddington wind: lg_Mdot, L/Ledd         201    -8.50671     1.12295
                       super eddington wind: lg_Mdot, L/Ledd         202    -8.41771     1.15071
                       super eddington wind: lg_Mdot, L/Ledd         203    -8.63382     1.09161
                       super eddington wind: lg_Mdot, L/Ledd         204    -8.50734     1.12266
       retry log10(dt/yr), log10(dt), retry_factor     1   204       -9.232546       -1.733435        0.500000
                       super eddington wind: lg_Mdot, L/Ledd         204    -8.50734     1.12266
                       super eddington wind: lg_Mdot, L/Ledd         205    -8.42872     1.14696
 grid1/grid1_000205.png/png
 burst_profile/burst_profile000205.png/png
                       super eddington wind: lg_Mdot, L/Ledd         206    -8.64802     1.08863
                       super eddington wind: lg_Mdot, L/Ledd         207    -8.47903     1.13079
                       super eddington wind: lg_Mdot, L/Ledd         208    -8.81358     1.06049
                       super eddington wind: lg_Mdot, L/Ledd         209    -8.60946     1.09675
                       super eddington wind: lg_Mdot, L/Ledd         210    -8.84246     1.05653
 grid1/grid1_000210.png/png
 burst_profile/burst_profile000210.png/png
                       super eddington wind: lg_Mdot, L/Ledd         211    -8.73610     1.07219
                       super eddington wind: lg_Mdot, L/Ledd         212    -8.67884     1.08240
                       super eddington wind: lg_Mdot, L/Ledd         213    -8.95543     1.04352
                       super eddington wind: lg_Mdot, L/Ledd         214    -8.85617     1.05472
                       super eddington wind: lg_Mdot, L/Ledd         215    -9.20501     1.02445
 grid1/grid1_000215.png/png
 burst_profile/burst_profile000215.png/png
                       super eddington wind: lg_Mdot, L/Ledd         216    -9.20349     1.02454
                       super eddington wind: lg_Mdot, L/Ledd         218    -9.43770     1.01431
       retry log10(dt/yr), log10(dt), retry_factor     1   220       -9.152761       -1.653650        0.500000
 grid1/grid1_000220.png/png
 burst_profile/burst_profile000220.png/png
 grid1/grid1_000225.png/png
 burst_profile/burst_profile000225.png/png
 grid1/grid1_000230.png/png
 burst_profile/burst_profile000230.png/png
 grid1/grid1_000235.png/png
 burst_profile/burst_profile000235.png/png
       retry log10(dt/yr), log10(dt), retry_factor     1   240       -7.596008       -0.096897        0.500000
       retry log10(dt/yr), log10(dt), retry_factor     2   240       -7.897038       -0.397927        0.500000
 have reached retry limit so now backup
 grid1/grid1_000240.png/png
 burst_profile/burst_profile000240.png/png
 grid1/grid1_000245.png/png
 burst_profile/burst_profile000245.png/png
       retry log10(dt/yr), log10(dt), retry_factor     1   247       -7.915986       -0.416875        0.500000
       retry log10(dt/yr), log10(dt), retry_factor     1   248       -8.313926       -0.814815        0.500000
       retry log10(dt/yr), log10(dt), retry_factor     2   248       -8.614956       -1.115845        0.500000
 grid1/grid1_000250.png/png
 burst_profile/burst_profile000250.png/png
       retry log10(dt/yr), log10(dt), retry_factor     1   252       -8.614956       -1.115845        0.500000
       retry log10(dt/yr), log10(dt), retry_factor     2   252       -8.915986       -1.416875        0.500000
 grid1/grid1_000255.png/png
 burst_profile/burst_profile000255.png/png
       retry log10(dt/yr), log10(dt), retry_factor     1   258       -8.313926       -0.814815        0.500000
 grid1/grid1_000260.png/png
 burst_profile/burst_profile000260.png/png
 grid1/grid1_000265.png/png
 burst_profile/burst_profile000265.png/png
 grid1/grid1_000270.png/png
 burst_profile/burst_profile000270.png/png
 grid1/grid1_000275.png/png
 burst_profile/burst_profile000275.png/png
 grid1/grid1_000280.png/png
 burst_profile/burst_profile000280.png/png
 grid1/grid1_000285.png/png
 burst_profile/burst_profile000285.png/png
       retry log10(dt/yr), log10(dt), retry_factor     1   287       -7.649068       -0.149957        0.500000
       retry log10(dt/yr), log10(dt), retry_factor     2   287       -7.950098       -0.450987        0.500000
 grid1/grid1_000290.png/png
 burst_profile/burst_profile000290.png/png
 grid1/grid1_000295.png/png
 burst_profile/burst_profile000295.png/png
hydro_newton_step failed to accept
       retry log10(dt/yr), log10(dt), retry_factor     1   299       -7.788390       -0.289278        0.500000
       retry log10(dt/yr), log10(dt), retry_factor     2   299       -8.089420       -0.590308        0.500000
        300   8.770938  9.938E+06   1.782494   3.208582   1.400000   1.400000   0.000000   0.000000   0.275200   0.019999   5.344285    702     54
  -7.788390   6.614294  -4.792674   1.716827   2.592335  -8.522879   0.000000   0.000000   0.000000   0.020000   0.020317  37.146295     10     10
 3.1823E-04  23.235971   3.357409   3.177196  14.436359  -0.730129   0.000000   0.000000   0.000000   0.000687  9.597E-01  0.146E-08          hold

 grid1/grid1_000300.png/png
 burst_profile/burst_profile000300.png/png
       retry log10(dt/yr), log10(dt), retry_factor     1   305       -7.497559        0.001553        0.500000
       retry log10(dt/yr), log10(dt), retry_factor     2   305       -7.798589       -0.299477        0.500000
 grid1/grid1_000305.png/png
 burst_profile/burst_profile000305.png/png
 grid1/grid1_000310.png/png
 burst_profile/burst_profile000310.png/png
 grid1/grid1_000315.png/png
 burst_profile/burst_profile000315.png/png
 grid1/grid1_000320.png/png
 burst_profile/burst_profile000320.png/png
 grid1/grid1_000325.png/png
 burst_profile/burst_profile000325.png/png
 grid1/grid1_000330.png/png
 burst_profile/burst_profile000330.png/png
 grid1/grid1_000335.png/png
 burst_profile/burst_profile000335.png/png
 grid1/grid1_000340.png/png
 burst_profile/burst_profile000340.png/png
 grid1/grid1_000345.png/png
 burst_profile/burst_profile000345.png/png
 grid1/grid1_000350.png/png
 burst_profile/burst_profile000350.png/png
       retry log10(dt/yr), log10(dt), retry_factor     1   351       -5.323436        2.175676        0.500000
hydro_newton_step failed to accept
       retry log10(dt/yr), log10(dt), retry_factor     2   351       -5.624466        1.874646        0.500000
       retry log10(dt/yr), log10(dt), retry_factor     1   355       -5.704425        1.794686        0.500000
 grid1/grid1_000355.png/png
 burst_profile/burst_profile000355.png/png
hydro_newton_step failed to accept
       retry log10(dt/yr), log10(dt), retry_factor     1   356       -6.005455        1.493656        0.500000
       retry log10(dt/yr), log10(dt), retry_factor     2   356       -6.306485        1.192626        0.500000
 grid1/grid1_000360.png/png
 burst_profile/burst_profile000360.png/png
       retry log10(dt/yr), log10(dt), retry_factor     1   363       -5.546174        1.952937        0.500000
hydro_newton_step failed to accept
       retry log10(dt/yr), log10(dt), retry_factor     2   363       -5.847204        1.651907        0.500000
 grid1/grid1_000365.png/png
 burst_profile/burst_profile000365.png/png
       retry log10(dt/yr), log10(dt), retry_factor     1   369       -5.429959        2.069152        0.500000
 grid1/grid1_000370.png/png
 burst_profile/burst_profile000370.png/png
       retry log10(dt/yr), log10(dt), retry_factor     1   373       -5.486085        2.013026        0.500000
 grid1/grid1_000375.png/png
 burst_profile/burst_profile000375.png/png
       retry log10(dt/yr), log10(dt), retry_factor     1   378       -5.486726        2.012385        0.500000
       retry log10(dt/yr), log10(dt), retry_factor     1   380       -5.787756        1.711355        0.500000
       retry log10(dt/yr), log10(dt), retry_factor     2   380       -6.088786        1.410325        0.500000
 have reached retry limit so now backup
       retry log10(dt/yr), log10(dt), retry_factor     1   379       -6.389816        1.109295        0.500000
       retry log10(dt/yr), log10(dt), retry_factor     1   380       -6.690846        0.808265        0.500000
       retry log10(dt/yr), log10(dt), retry_factor     2   380       -6.991876        0.507235        0.500000
 have reached retry limit so now backup
 grid1/grid1_000380.png/png
 burst_profile/burst_profile000380.png/png
       retry log10(dt/yr), log10(dt), retry_factor     1   382       -7.292906        0.206205        0.500000
       retry log10(dt/yr), log10(dt), retry_factor     2   382       -7.593936       -0.094825        0.500000
 have reached retry limit so now backup
       retry log10(dt/yr), log10(dt), retry_factor     1   382       -7.894966       -0.395855        0.500000
 grid1/grid1_000385.png/png
 burst_profile/burst_profile000385.png/png
 grid1/grid1_000390.png/png
 burst_profile/burst_profile000390.png/png
 grid1/grid1_000395.png/png
 burst_profile/burst_profile000395.png/png
       retry log10(dt/yr), log10(dt), retry_factor     1   396       -5.456336        2.042775        0.500000
       retry log10(dt/yr), log10(dt), retry_factor     2   396       -5.757366        1.741745        0.500000
hydro_newton_step failed to accept
       retry log10(dt/yr), log10(dt), retry_factor     1   397       -6.155306        1.343805        0.500000
        400   8.366797  3.834E+06   1.626465   1.658681   1.400000   1.400000   0.000000   0.000000   0.275200   0.070498  15.241009    745     77
  -5.553246   6.672427  -4.792851  -0.149976   0.797653  -8.522879   0.000000   0.000000   0.000000   0.020000   0.050081  98.499670      6     13
 5.5069E-04  23.275516   1.702271   0.406563  13.637398  -1.078851   0.000000   0.000000   0.000000   0.000687  8.794E-01  0.648E-12  max increase

 grid1/grid1_000400.png/png
 burst_profile/burst_profile000400.png/png
       retry log10(dt/yr), log10(dt), retry_factor     1   402       -5.726382        1.772729        0.500000
hydro_newton_step failed to accept
       retry log10(dt/yr), log10(dt), retry_factor     1   403       -6.124322        1.374789        0.500000
 grid1/grid1_000405.png/png
 burst_profile/burst_profile000405.png/png
       retry log10(dt/yr), log10(dt), retry_factor     1   408       -5.595363        1.903749        0.500000
       retry log10(dt/yr), log10(dt), retry_factor     2   408       -5.896393        1.602719        0.500000
 have reached retry limit so now backup
hydro_newton_step failed to accept
       retry log10(dt/yr), log10(dt), retry_factor     1   409       -6.387643        1.111468        0.500000
 grid1/grid1_000410.png/png
 burst_profile/burst_profile000410.png/png
       retry log10(dt/yr), log10(dt), retry_factor     1   414       -5.963230        1.535882        0.500000
hydro_newton_step failed to accept
       retry log10(dt/yr), log10(dt), retry_factor     1   415       -6.361170        1.137942        0.500000
 grid1/grid1_000415.png/png
 burst_profile/burst_profile000415.png/png
        418   8.418932  4.380E+06   1.891900   1.988331   1.400000   1.400000   0.000000   0.000000   0.275200   0.075913  13.529196    760     84
  -5.759110   6.674606  -4.792813   1.073764   1.069791  -8.522879   0.000000   0.000000   0.000000   0.020000   0.053861  87.503452      6     14
 5.8509E-04  23.281065   1.933696   0.876949  13.788752  -0.986701   0.000000   0.000000   0.000000   0.000687  8.702E-01  0.155E-12  max increase

save LOGS/profile3.data for model 418
       retry log10(dt/yr), log10(dt), retry_factor     1   419       -6.060140        1.438972        0.500000
       retry log10(dt/yr), log10(dt), retry_factor     1   420       -6.361170        1.137942        0.500000
       retry log10(dt/yr), log10(dt), retry_factor     2   420       -6.662200        0.836912        0.500000
 grid1/grid1_000420.png/png
 burst_profile/burst_profile000420.png/png
       retry log10(dt/yr), log10(dt), retry_factor     1   422       -6.963230        0.535882        0.500000
       retry log10(dt/yr), log10(dt), retry_factor     1   424       -7.264260        0.234852        0.500000
       retry log10(dt/yr), log10(dt), retry_factor     1   425       -7.565290       -0.066178        0.500000
       retry log10(dt/yr), log10(dt), retry_factor     2   425       -7.866320       -0.367208        0.500000
 grid1/grid1_000425.png/png
 burst_profile/burst_profile000425.png/png
       retry log10(dt/yr), log10(dt), retry_factor     1   427       -8.167350       -0.668238        0.500000
       retry log10(dt/yr), log10(dt), retry_factor     2   427       -8.468380       -0.969268        0.500000
 have reached retry limit so now backup
 grid1/grid1_000430.png/png
 burst_profile/burst_profile000430.png/png
       retry log10(dt/yr), log10(dt), retry_factor     1   434       -7.565290       -0.066178        0.500000
       retry log10(dt/yr), log10(dt), retry_factor     1   435       -7.866320       -0.367208        0.500000
 grid1/grid1_000435.png/png
 burst_profile/burst_profile000435.png/png
       retry log10(dt/yr), log10(dt), retry_factor     1   436       -8.264260       -0.765148        0.500000
 grid1/grid1_000440.png/png
 burst_profile/burst_profile000440.png/png
 grid1/grid1_000445.png/png
 burst_profile/burst_profile000445.png/png
 grid1/grid1_000450.png/png
 burst_profile/burst_profile000450.png/png
       retry log10(dt/yr), log10(dt), retry_factor     1   453       -9.372673       -1.873561        0.500000
       retry log10(dt/yr), log10(dt), retry_factor     2   453       -9.673703       -2.174591        0.500000
 grid1/grid1_000455.png/png
 burst_profile/burst_profile000455.png/png
 grid1/grid1_000460.png/png
 burst_profile/burst_profile000460.png/png
       retry log10(dt/yr), log10(dt), retry_factor     1   465       -9.223055       -1.723943        0.500000
 grid1/grid1_000465.png/png
 burst_profile/burst_profile000465.png/png
 grid1/grid1_000470.png/png
 burst_profile/burst_profile000470.png/png
 grid1/grid1_000475.png/png
 burst_profile/burst_profile000475.png/png
 grid1/grid1_000480.png/png
 burst_profile/burst_profile000480.png/png
 grid1/grid1_000485.png/png
 burst_profile/burst_profile000485.png/png
 grid1/grid1_000490.png/png
 burst_profile/burst_profile000490.png/png
 grid1/grid1_000495.png/png
 burst_profile/burst_profile000495.png/png
        500   8.816557  2.217E+07   3.540856   6.598524   1.400000   1.400000   0.000000   0.000000   0.284080   0.059415   4.917352    814     99
  -8.088393   6.638992  -4.791690   2.935132   4.257287  -8.522879   0.000000   0.000000   0.000000   0.247038   0.038652  34.082323      7     15
 5.8877E-04  23.281488   4.753462   6.598049  14.977033  -0.843139   0.000000   0.000000   0.000000   0.000687  9.019E-01  0.164E-07      lgT_cntr

save LOGS/profile4.data for model 500
save photos/x500 for model 500
 grid1/grid1_000500.png/png
 burst_profile/burst_profile000500.png/png
 grid1/grid1_000505.png/png
 burst_profile/burst_profile000505.png/png
 grid1/grid1_000510.png/png
 burst_profile/burst_profile000510.png/png
 grid1/grid1_000515.png/png
 burst_profile/burst_profile000515.png/png
 grid1/grid1_000520.png/png
 burst_profile/burst_profile000520.png/png
       retry log10(dt/yr), log10(dt), retry_factor     1   522       -7.793884       -0.294772        0.500000
       retry log10(dt/yr), log10(dt), retry_factor     1   523       -8.191824       -0.692712        0.500000
hydro_newton_step failed to accept
       retry log10(dt/yr), log10(dt), retry_factor     2   523       -8.492854       -0.993742        0.500000
 have reached retry limit so now backup
 grid1/grid1_000525.png/png
 burst_profile/burst_profile000525.png/png
hydro_newton_step failed to accept
       retry log10(dt/yr), log10(dt), retry_factor     1   526       -8.793884       -1.294772        0.500000
hydro_newton_step failed to accept
       retry log10(dt/yr), log10(dt), retry_factor     1   527       -8.793884       -1.294772        0.500000
       retry log10(dt/yr), log10(dt), retry_factor     2   527       -9.094914       -1.595802        0.500000
 grid1/grid1_000530.png/png
 burst_profile/burst_profile000530.png/png
       retry log10(dt/yr), log10(dt), retry_factor     1   531       -9.094914       -1.595802        0.500000
 grid1/grid1_000535.png/png
 burst_profile/burst_profile000535.png/png
hydro_newton_step failed to accept
       retry log10(dt/yr), log10(dt), retry_factor     1   537       -8.492854       -0.993742        0.500000
hydro_newton_step failed to accept
       retry log10(dt/yr), log10(dt), retry_factor     1   538       -8.492854       -0.993742        0.500000
       retry log10(dt/yr), log10(dt), retry_factor     2   538       -8.793884       -1.294772        0.500000
 have reached retry limit so now backup
 grid1/grid1_000540.png/png
 burst_profile/burst_profile000540.png/png
 grid1/grid1_000545.png/png
 burst_profile/burst_profile000545.png/png
 grid1/grid1_000550.png/png
 burst_profile/burst_profile000550.png/png
 grid1/grid1_000555.png/png
 burst_profile/burst_profile000555.png/png
 grid1/grid1_000560.png/png
 burst_profile/burst_profile000560.png/png
 grid1/grid1_000565.png/png
 burst_profile/burst_profile000565.png/png
 grid1/grid1_000570.png/png
 burst_profile/burst_profile000570.png/png
       retry log10(dt/yr), log10(dt), retry_factor     1   571       -7.636237       -0.137126        0.500000
       retry log10(dt/yr), log10(dt), retry_factor     2   571       -7.937267       -0.438156        0.500000
 have reached retry limit so now backup
 grid1/grid1_000570.png/png
 burst_profile/burst_profile000570.png/png
       retry log10(dt/yr), log10(dt), retry_factor     1   572       -8.238297       -0.739186        0.500000
hydro_newton_step failed to accept
       retry log10(dt/yr), log10(dt), retry_factor     2   572       -8.539327       -1.040216        0.500000
 have reached retry limit so now backup
 grid1/grid1_000575.png/png
 burst_profile/burst_profile000575.png/png
 grid1/grid1_000580.png/png
 burst_profile/burst_profile000580.png/png
       retry log10(dt/yr), log10(dt), retry_factor     1   584       -7.582351       -0.083239        0.500000
       retry log10(dt/yr), log10(dt), retry_factor     2   584       -7.883381       -0.384269        0.500000
 have reached retry limit so now backup
 grid1/grid1_000585.png/png
 burst_profile/burst_profile000585.png/png
       retry log10(dt/yr), log10(dt), retry_factor     1   590       -7.519939       -0.020827        0.500000
       retry log10(dt/yr), log10(dt), retry_factor     2   590       -7.820969       -0.321857        0.500000
 grid1/grid1_000590.png/png
 burst_profile/burst_profile000590.png/png
 grid1/grid1_000595.png/png
 burst_profile/burst_profile000595.png/png
        600   8.712457  7.583E+06   1.293895   2.411637   1.400000   1.400000   0.000000   0.000000   0.275200   0.018011   6.541605    850    117
  -6.873974   6.655368  -4.792771   1.203337   1.924870  -8.522879   0.000000   0.000000   0.000000   0.020000   0.019510  43.861971      6     20
 5.9265E-04  23.282272   2.887351   2.347066  14.298069  -0.728393   0.000000   0.000000   0.000000   0.000687  9.625E-01  0.371E-10    varcontrol

 grid1/grid1_000600.png/png
 burst_profile/burst_profile000600.png/png
 grid1/grid1_000605.png/png
 burst_profile/burst_profile000605.png/png
 grid1/grid1_000610.png/png
 burst_profile/burst_profile000610.png/png
 grid1/grid1_000615.png/png
 burst_profile/burst_profile000615.png/png
 grid1/grid1_000620.png/png
 burst_profile/burst_profile000620.png/png
 grid1/grid1_000625.png/png
 burst_profile/burst_profile000625.png/png
 grid1/grid1_000630.png/png
 burst_profile/burst_profile000630.png/png
 grid1/grid1_000635.png/png
 burst_profile/burst_profile000635.png/png
       retry log10(dt/yr), log10(dt), retry_factor     1   637       -5.681376        1.817735        0.500000
       retry log10(dt/yr), log10(dt), retry_factor     1   638       -5.982406        1.516705        0.500000
 grid1/grid1_000640.png/png
 burst_profile/burst_profile000640.png/png
       retry log10(dt/yr), log10(dt), retry_factor     1   644       -5.380346        2.118765        0.500000
       retry log10(dt/yr), log10(dt), retry_factor     2   644       -5.681376        1.817735        0.500000
 have reached retry limit so now backup
 grid1/grid1_000645.png/png
 burst_profile/burst_profile000645.png/png
       retry log10(dt/yr), log10(dt), retry_factor     1   649       -5.678458        1.820653        0.500000
 grid1/grid1_000650.png/png
 burst_profile/burst_profile000650.png/png
       retry log10(dt/yr), log10(dt), retry_factor     1   654       -5.377428        2.121683        0.500000
hydro_newton_step failed to accept
       retry log10(dt/yr), log10(dt), retry_factor     2   654       -5.678458        1.820653        0.500000
 have reached retry limit so now backup
       retry log10(dt/yr), log10(dt), retry_factor     1   655       -6.076398        1.422713        0.500000
 grid1/grid1_000655.png/png
 burst_profile/burst_profile000655.png/png
 grid1/grid1_000660.png/png
 burst_profile/burst_profile000660.png/png
       retry log10(dt/yr), log10(dt), retry_factor     1   661       -5.649623        1.849489        0.500000
 grid1/grid1_000665.png/png
 burst_profile/burst_profile000665.png/png
       retry log10(dt/yr), log10(dt), retry_factor     1   666       -5.537743        1.961369        0.500000
 grid1/grid1_000670.png/png
 burst_profile/burst_profile000670.png/png
       retry log10(dt/yr), log10(dt), retry_factor     1   671       -5.528013        1.971099        0.500000
       retry log10(dt/yr), log10(dt), retry_factor     2   671       -5.829043        1.670069        0.500000
 grid1/grid1_000675.png/png
 burst_profile/burst_profile000675.png/png
       retry log10(dt/yr), log10(dt), retry_factor     1   676       -5.665368        1.833744        0.500000
 grid1/grid1_000680.png/png
 burst_profile/burst_profile000680.png/png
       retry log10(dt/yr), log10(dt), retry_factor     1   681       -5.684989        1.814122        0.500000
       retry log10(dt/yr), log10(dt), retry_factor     1   685       -5.835874        1.663237        0.500000
 grid1/grid1_000685.png/png
 burst_profile/burst_profile000685.png/png
       retry log10(dt/yr), log10(dt), retry_factor     1   686       -6.212678        1.286433        0.500000
       retry log10(dt/yr), log10(dt), retry_factor     2   686       -6.513708        0.985403        0.500000
 have reached retry limit so now backup
 grid1/grid1_000685.png/png
 burst_profile/burst_profile000685.png/png
 grid1/grid1_000690.png/png
 burst_profile/burst_profile000690.png/png
       retry log10(dt/yr), log10(dt), retry_factor     1   693       -5.868772        1.630340        0.500000
hydro_newton_step failed to accept
       retry log10(dt/yr), log10(dt), retry_factor     2   693       -6.169802        1.329310        0.500000
 grid1/grid1_000695.png/png
 burst_profile/burst_profile000695.png/png
       retry log10(dt/yr), log10(dt), retry_factor     1   698       -6.079174        1.419938        0.500000
       retry log10(dt/yr), log10(dt), retry_factor     1   699       -6.405459        1.093653        0.500000
       retry log10(dt/yr), log10(dt), retry_factor     1   700       -6.737115        0.761996        0.500000
        700   8.437686  4.704E+06   2.053957   2.271897   1.400000   1.400000   0.000000   0.000000   0.275200   0.068758  13.404363    887    139
  -6.436085   6.702091  -4.792782   1.569713   1.339672  -8.522879   0.000000   0.000000   0.000000   0.020000   0.049601  85.591927      6     23
 8.5870E-04  23.322879   2.057633   1.564263  13.868482  -0.938731   0.000000   0.000000   0.000000   0.000687  8.816E-01  0.107E-10         retry

 grid1/grid1_000700.png/png
 burst_profile/burst_profile000700.png/png
       retry log10(dt/yr), log10(dt), retry_factor     1   702       -7.096434        0.402678        0.500000
       retry log10(dt/yr), log10(dt), retry_factor     2   702       -7.397464        0.101648        0.500000
 have reached retry limit so now backup
 grid1/grid1_000705.png/png
 burst_profile/burst_profile000705.png/png
       retry log10(dt/yr), log10(dt), retry_factor     1   707       -7.096434        0.402678        0.500000
       retry log10(dt/yr), log10(dt), retry_factor     1   708       -7.397464        0.101648        0.500000
 grid1/grid1_000710.png/png
 burst_profile/burst_profile000710.png/png
       retry log10(dt/yr), log10(dt), retry_factor     1   711       -7.698494       -0.199382        0.500000
       retry log10(dt/yr), log10(dt), retry_factor     1   714       -7.999524       -0.500412        0.500000
       retry log10(dt/yr), log10(dt), retry_factor     1   715       -8.300554       -0.801442        0.500000
 grid1/grid1_000715.png/png
 burst_profile/burst_profile000715.png/png
 grid1/grid1_000720.png/png
 burst_profile/burst_profile000720.png/png
 grid1/grid1_000725.png/png
 burst_profile/burst_profile000725.png/png
 grid1/grid1_000730.png/png
 burst_profile/burst_profile000730.png/png
 grid1/grid1_000735.png/png
 burst_profile/burst_profile000735.png/png
 grid1/grid1_000740.png/png
 burst_profile/burst_profile000740.png/png
 grid1/grid1_000745.png/png
 burst_profile/burst_profile000745.png/png
 grid1/grid1_000750.png/png
 burst_profile/burst_profile000750.png/png
 grid1/grid1_000755.png/png
 burst_profile/burst_profile000755.png/png
 grid1/grid1_000760.png/png
 burst_profile/burst_profile000760.png/png
 grid1/grid1_000765.png/png
 burst_profile/burst_profile000765.png/png
 grid1/grid1_000770.png/png
 burst_profile/burst_profile000770.png/png
 grid1/grid1_000775.png/png
 burst_profile/burst_profile000775.png/png
 grid1/grid1_000780.png/png
 burst_profile/burst_profile000780.png/png
 grid1/grid1_000785.png/png
 burst_profile/burst_profile000785.png/png
 grid1/grid1_000790.png/png
 burst_profile/burst_profile000790.png/png
 grid1/grid1_000795.png/png
 burst_profile/burst_profile000795.png/png
        800   8.960106  1.972E+07   3.374984   6.307671   1.400000   1.400000   0.000000   0.000000   0.274205   0.043398   3.291639    971    146
  -7.489081   6.634003  -4.791958   2.846316   3.974467  -8.522879   0.000000   0.000000   0.000000   0.306548   0.031477  24.395931      7     24
 8.6033E-04  23.322968   4.549186   6.307013  14.855543  -0.769013   0.000000   0.000000   0.000000   0.000687  9.251E-01  0.257E-07    varcontrol

 grid1/grid1_000800.png/png
 burst_profile/burst_profile000800.png/png
 grid1/grid1_000805.png/png
 burst_profile/burst_profile000805.png/png
       retry log10(dt/yr), log10(dt), retry_factor     1   809       -7.765788       -0.266676        0.500000
hydro_newton_step failed to accept
       retry log10(dt/yr), log10(dt), retry_factor     1   810       -8.066818       -0.567706        0.500000
       retry log10(dt/yr), log10(dt), retry_factor     2   810       -8.367848       -0.868736        0.500000
 have reached retry limit so now backup
 grid1/grid1_000810.png/png
 burst_profile/burst_profile000810.png/png
hydro_newton_step failed to accept
       retry log10(dt/yr), log10(dt), retry_factor     1   811       -8.668878       -1.169766        0.500000
       retry log10(dt/yr), log10(dt), retry_factor     1   812       -8.969908       -1.470796        0.500000
       retry log10(dt/yr), log10(dt), retry_factor     1   815       -9.270938       -1.771826        0.500000
 grid1/grid1_000815.png/png
 burst_profile/burst_profile000815.png/png
       retry log10(dt/yr), log10(dt), retry_factor     1   820       -8.969908       -1.470796        0.500000
       retry log10(dt/yr), log10(dt), retry_factor     2   820       -9.270938       -1.771826        0.500000
 grid1/grid1_000820.png/png
 burst_profile/burst_profile000820.png/png
 grid1/grid1_000825.png/png
 burst_profile/burst_profile000825.png/png
hydro_newton_step failed to accept
       retry log10(dt/yr), log10(dt), retry_factor     1   827       -8.367848       -0.868736        0.500000
 grid1/grid1_000830.png/png
 burst_profile/burst_profile000830.png/png
 grid1/grid1_000835.png/png
 burst_profile/burst_profile000835.png/png
       retry log10(dt/yr), log10(dt), retry_factor     1   839       -7.889135       -0.390024        0.500000
       retry log10(dt/yr), log10(dt), retry_factor     2   839       -8.190165       -0.691054        0.500000
 grid1/grid1_000840.png/png
 burst_profile/burst_profile000840.png/png
 grid1/grid1_000845.png/png
 burst_profile/burst_profile000845.png/png
 grid1/grid1_000850.png/png
 burst_profile/burst_profile000850.png/png
 grid1/grid1_000855.png/png
 burst_profile/burst_profile000855.png/png
hydro_newton_step failed to accept
       retry log10(dt/yr), log10(dt), retry_factor     1   858       -7.823186       -0.324074        0.500000
       retry log10(dt/yr), log10(dt), retry_factor     2   858       -8.124216       -0.625104        0.500000
 grid1/grid1_000860.png/png
 burst_profile/burst_profile000860.png/png
 grid1/grid1_000865.png/png
 burst_profile/burst_profile000865.png/png
       retry log10(dt/yr), log10(dt), retry_factor     1   869       -7.951852       -0.452740        0.500000
 grid1/grid1_000870.png/png
 burst_profile/burst_profile000870.png/png
 grid1/grid1_000875.png/png
 burst_profile/burst_profile000875.png/png
hydro_newton_step failed to accept
       retry log10(dt/yr), log10(dt), retry_factor     1   876       -7.575077       -0.075966        0.500000
 grid1/grid1_000880.png/png
 burst_profile/burst_profile000880.png/png
 grid1/grid1_000885.png/png
 burst_profile/burst_profile000885.png/png
 grid1/grid1_000890.png/png
 burst_profile/burst_profile000890.png/png
 grid1/grid1_000895.png/png
 burst_profile/burst_profile000895.png/png
        900   8.574834  5.418E+06   1.200606   1.969082   1.400000   1.400000   0.000000   0.000000   0.275200   0.016666   9.628914    956    161
  -6.277515   6.696505  -4.792851   0.142200   1.567076  -8.522879   0.000000   0.000000   0.000000   0.020000   0.018205  62.147385      6     25
 8.6778E-04  23.324215   2.303126   1.880069  14.018062  -0.852575   0.000000   0.000000   0.000000   0.000687  9.651E-01  0.202E-11      lgT_cntr

 grid1/grid1_000900.png/png
 burst_profile/burst_profile000900.png/png
 grid1/grid1_000905.png/png
 burst_profile/burst_profile000905.png/png
 grid1/grid1_000910.png/png
 burst_profile/burst_profile000910.png/png
 grid1/grid1_000915.png/png
 burst_profile/burst_profile000915.png/png
 grid1/grid1_000920.png/png
 burst_profile/burst_profile000920.png/png
       retry log10(dt/yr), log10(dt), retry_factor     1   922       -5.441650        2.057461        0.500000
       retry log10(dt/yr), log10(dt), retry_factor     2   922       -5.742680        1.756431        0.500000
 have reached retry limit so now backup
       retry log10(dt/yr), log10(dt), retry_factor     1   923       -6.112797        1.386315        0.500000
 grid1/grid1_000925.png/png
 burst_profile/burst_profile000925.png/png
       retry log10(dt/yr), log10(dt), retry_factor     1   929       -5.707792        1.791319        0.500000
 grid1/grid1_000930.png/png
 burst_profile/burst_profile000930.png/png
       retry log10(dt/yr), log10(dt), retry_factor     1   935       -5.387010        2.112101        0.500000
 grid1/grid1_000935.png/png
 burst_profile/burst_profile000935.png/png
       retry log10(dt/yr), log10(dt), retry_factor     1   936       -5.784950        1.714161        0.500000
       retry log10(dt/yr), log10(dt), retry_factor     1   937       -6.085980        1.413131        0.500000
 grid1/grid1_000940.png/png
 burst_profile/burst_profile000940.png/png
       retry log10(dt/yr), log10(dt), retry_factor     1   944       -5.416227        2.082885        0.500000
hydro_newton_step failed to accept
       retry log10(dt/yr), log10(dt), retry_factor     2   944       -5.717257        1.781855        0.500000
 have reached retry limit so now backup
 grid1/grid1_000945.png/png
 burst_profile/burst_profile000945.png/png
       retry log10(dt/yr), log10(dt), retry_factor     1   949       -5.567635        1.931477        0.500000
       retry log10(dt/yr), log10(dt), retry_factor     1   950       -5.965575        1.533537        0.500000
 grid1/grid1_000950.png/png
 burst_profile/burst_profile000950.png/png
       retry log10(dt/yr), log10(dt), retry_factor     1   951       -6.266605        1.232507        0.500000
 grid1/grid1_000955.png/png
 burst_profile/burst_profile000955.png/png
       retry log10(dt/yr), log10(dt), retry_factor     1   960       -5.842177        1.656935        0.500000
 grid1/grid1_000960.png/png
 burst_profile/burst_profile000960.png/png
       retry log10(dt/yr), log10(dt), retry_factor     1   961       -6.143207        1.355905        0.500000
 grid1/grid1_000965.png/png
 burst_profile/burst_profile000965.png/png
       retry log10(dt/yr), log10(dt), retry_factor     1   968       -5.240117        2.258995        0.500000
       retry log10(dt/yr), log10(dt), retry_factor     2   968       -5.541147        1.957965        0.500000
 have reached retry limit so now backup
hydro_newton_step failed to accept
       retry log10(dt/yr), log10(dt), retry_factor     1   969       -6.035997        1.463115        0.500000
       retry log10(dt/yr), log10(dt), retry_factor     1   970       -6.337027        1.162085        0.500000
 grid1/grid1_000970.png/png
 burst_profile/burst_profile000970.png/png
       retry log10(dt/yr), log10(dt), retry_factor     1   971       -6.638057        0.861055        0.500000
 grid1/grid1_000975.png/png
 burst_profile/burst_profile000975.png/png
       retry log10(dt/yr), log10(dt), retry_factor     1   979       -5.608156        1.890955        0.500000
hydro_newton_step failed to accept
       retry log10(dt/yr), log10(dt), retry_factor     1   980       -6.006096        1.493015        0.500000
 grid1/grid1_000980.png/png
 burst_profile/burst_profile000980.png/png
       retry log10(dt/yr), log10(dt), retry_factor     1   984       -5.795431        1.703681        0.500000
 grid1/grid1_000985.png/png
 burst_profile/burst_profile000985.png/png
       retry log10(dt/yr), log10(dt), retry_factor     1   988       -5.979432        1.519680        0.500000
       retry log10(dt/yr), log10(dt), retry_factor     1   989       -6.366791        1.132320        0.500000
       retry log10(dt/yr), log10(dt), retry_factor     2   989       -6.667821        0.831290        0.500000
 have reached retry limit so now backup
 grid1/grid1_000990.png/png
 burst_profile/burst_profile000990.png/png
       retry log10(dt/yr), log10(dt), retry_factor     1   995       -6.217829        1.281283        0.500000
 grid1/grid1_000995.png/png
 burst_profile/burst_profile000995.png/png
       retry log10(dt/yr), log10(dt), retry_factor     1   997       -6.547493        0.951619        0.500000

__________________________________________________________________________________________________________________________________________________

       step    lg_Tcntr    Teff       lg_LH     lg_Lnuc     Mass       H_rich     H_cntr     N_cntr     Y_surf     X_avg     eta_cntr  zones retry
   lg_dt_yr    lg_Dcntr    lg_R       lg_L3a    lg_Lneu     lg_Mdot    He_core    He_cntr    O_cntr     Z_surf     Y_avg     gam_cntr  iters bckup
     age_yr    lg_Pcntr    lg_L       lg_LZ     lg_Psurf    lg_Dsurf   C_core     C_cntr     Ne_cntr    Si_cntr    Z_avg     v_div_cs     dt_limit
__________________________________________________________________________________________________________________________________________________

       1000   8.425227  4.492E+06   1.944580   2.073480   1.400000   1.400000   0.000000   0.000000   0.275200   0.062973  14.259396    995    188
  -6.246463   6.728128  -4.792783   1.268637   1.140077  -8.522879   0.000000   0.000000   0.000000   0.020000   0.046256  89.861048      6     29
 1.1318E-03  23.360952   1.977675   1.073817  13.817114  -0.969527   0.000000   0.000000   0.000000   0.000687  8.908E-01  0.426E-11          hold

save LOGS/profile5.data for model 1000
save photos/1000 for model 1000
 grid1/grid1_001000.png/png
 burst_profile/burst_profile001000.png/png
       retry log10(dt/yr), log10(dt), retry_factor     1  1002       -6.471193        1.027919        0.500000
       retry log10(dt/yr), log10(dt), retry_factor     2  1002       -6.772223        0.726889        0.500000
       retry log10(dt/yr), log10(dt), retry_factor     1  1003       -7.073253        0.425859        0.500000
 grid1/grid1_001005.png/png
 burst_profile/burst_profile001005.png/png
       retry log10(dt/yr), log10(dt), retry_factor     1  1006       -7.374283        0.124829        0.500000
       retry log10(dt/yr), log10(dt), retry_factor     1  1007       -7.675313       -0.176201        0.500000
       retry log10(dt/yr), log10(dt), retry_factor     1  1009       -7.976343       -0.477231        0.500000
 grid1/grid1_001010.png/png
 burst_profile/burst_profile001010.png/png
 grid1/grid1_001015.png/png
 burst_profile/burst_profile001015.png/png
       retry log10(dt/yr), log10(dt), retry_factor     1  1018       -8.848891       -1.349780        0.500000
 grid1/grid1_001020.png/png
 burst_profile/burst_profile001020.png/png
 grid1/grid1_001025.png/png
 burst_profile/burst_profile001025.png/png
 grid1/grid1_001030.png/png
 burst_profile/burst_profile001030.png/png
 grid1/grid1_001035.png/png
 burst_profile/burst_profile001035.png/png
 grid1/grid1_001040.png/png
 burst_profile/burst_profile001040.png/png
 grid1/grid1_001045.png/png
 burst_profile/burst_profile001045.png/png
 grid1/grid1_001050.png/png
 burst_profile/burst_profile001050.png/png
 grid1/grid1_001055.png/png
 burst_profile/burst_profile001055.png/png
 grid1/grid1_001060.png/png
 burst_profile/burst_profile001060.png/png
 grid1/grid1_001065.png/png
 burst_profile/burst_profile001065.png/png
 grid1/grid1_001070.png/png
 burst_profile/burst_profile001070.png/png
 grid1/grid1_001075.png/png
 burst_profile/burst_profile001075.png/png
 grid1/grid1_001080.png/png
 burst_profile/burst_profile001080.png/png
 grid1/grid1_001085.png/png
 burst_profile/burst_profile001085.png/png
 grid1/grid1_001090.png/png
 burst_profile/burst_profile001090.png/png
 grid1/grid1_001095.png/png
 burst_profile/burst_profile001095.png/png
       retry log10(dt/yr), log10(dt), retry_factor     1  1098       -7.384662        0.114450        0.500000
       retry log10(dt/yr), log10(dt), retry_factor     2  1098       -7.685692       -0.186580        0.500000
 have reached retry limit so now backup
       1100   8.965985  1.721E+07   2.997114   5.707111   1.400000   1.400000   0.000000   0.000000   0.275375   0.027202   3.376500   1039    197
  -7.384662   6.661633  -4.792185   2.584117   3.663541  -8.522879   0.000000   0.000000   0.000000   0.285612   0.023011  24.583750      8     30
 1.1351E-03  23.361294   4.312485   5.705935  14.724985  -0.755259   0.000000   0.000000   0.000000   0.000687  9.498E-01 -0.216E-08          hold

 grid1/grid1_001100.png/png
 burst_profile/burst_profile001100.png/png
       retry log10(dt/yr), log10(dt), retry_factor     1  1101       -7.986722       -0.487610        0.500000
 grid1/grid1_001105.png/png
 burst_profile/burst_profile001105.png/png
       retry log10(dt/yr), log10(dt), retry_factor     1  1107       -7.998987       -0.499875        0.500000
       retry log10(dt/yr), log10(dt), retry_factor     2  1107       -8.300017       -0.800905        0.500000
hydro_newton_step failed to accept
       retry log10(dt/yr), log10(dt), retry_factor     1  1108       -8.601047       -1.101935        0.500000
       retry log10(dt/yr), log10(dt), retry_factor     2  1108       -8.902077       -1.402965        0.500000
 grid1/grid1_001110.png/png
 burst_profile/burst_profile001110.png/png
hydro_newton_step failed to accept
       retry log10(dt/yr), log10(dt), retry_factor     1  1115       -8.019457       -0.520346        0.500000
       retry log10(dt/yr), log10(dt), retry_factor     2  1115       -8.320487       -0.821376        0.500000
 have reached retry limit so now backup
 grid1/grid1_001115.png/png
 burst_profile/burst_profile001115.png/png
 grid1/grid1_001120.png/png
 burst_profile/burst_profile001120.png/png
 grid1/grid1_001125.png/png
 burst_profile/burst_profile001125.png/png
 grid1/grid1_001130.png/png
 burst_profile/burst_profile001130.png/png
 grid1/grid1_001135.png/png
 burst_profile/burst_profile001135.png/png
 grid1/grid1_001140.png/png
 burst_profile/burst_profile001140.png/png
 grid1/grid1_001145.png/png
 burst_profile/burst_profile001145.png/png
 grid1/grid1_001150.png/png
 burst_profile/burst_profile001150.png/png
       retry log10(dt/yr), log10(dt), retry_factor     1  1151       -7.678754       -0.179643        0.500000
 grid1/grid1_001155.png/png
 burst_profile/burst_profile001155.png/png
hydro_newton_step failed to accept
       retry log10(dt/yr), log10(dt), retry_factor     1  1157       -7.959581       -0.460469        0.500000
       retry log10(dt/yr), log10(dt), retry_factor     2  1157       -8.260611       -0.761499        0.500000
 grid1/grid1_001160.png/png
 burst_profile/burst_profile001160.png/png
       retry log10(dt/yr), log10(dt), retry_factor     1  1163       -7.658551       -0.159439        0.500000
       retry log10(dt/yr), log10(dt), retry_factor     2  1163       -7.959581       -0.460469        0.500000
 have reached retry limit so now backup
 grid1/grid1_001165.png/png
 burst_profile/burst_profile001165.png/png
 grid1/grid1_001170.png/png
 burst_profile/burst_profile001170.png/png
 grid1/grid1_001175.png/png
 burst_profile/burst_profile001175.png/png
 grid1/grid1_001180.png/png
 burst_profile/burst_profile001180.png/png
 grid1/grid1_001185.png/png
 burst_profile/burst_profile001185.png/png
 grid1/grid1_001190.png/png
 burst_profile/burst_profile001190.png/png
 grid1/grid1_001195.png/png
 burst_profile/burst_profile001195.png/png
       1200   8.466829  4.315E+06   1.214121   1.646052   1.400000   1.400000   0.000000   0.000000   0.275200   0.016787  12.938653   1051    209
  -6.090689   6.728347  -4.792877  -0.941957   1.179773  -8.522879   0.000000   0.000000   0.000000   0.020000   0.017546  81.666153      6     32
 1.1496E-03  23.363336   1.907685   1.443688  13.772051  -0.996674   0.000000   0.000000   0.000000   0.000687  9.657E-01  0.605E-12      lgT_cntr

 grid1/grid1_001200.png/png
 burst_profile/burst_profile001200.png/png
 grid1/grid1_001205.png/png
 burst_profile/burst_profile001205.png/png
 grid1/grid1_001210.png/png
 burst_profile/burst_profile001210.png/png
 grid1/grid1_001215.png/png
 burst_profile/burst_profile001215.png/png
       retry log10(dt/yr), log10(dt), retry_factor     1  1219       -5.397991        2.101120        0.500000
 grid1/grid1_001220.png/png
 burst_profile/burst_profile001220.png/png
       retry log10(dt/yr), log10(dt), retry_factor     1  1223       -5.551765        1.947346        0.500000
       retry log10(dt/yr), log10(dt), retry_factor     1  1224       -5.949705        1.549406        0.500000
       retry log10(dt/yr), log10(dt), retry_factor     1  1225       -6.250735        1.248376        0.500000
 grid1/grid1_001225.png/png
 burst_profile/burst_profile001225.png/png
       retry log10(dt/yr), log10(dt), retry_factor     1  1226       -6.551765        0.947346        0.500000
 grid1/grid1_001230.png/png
 burst_profile/burst_profile001230.png/png
       retry log10(dt/yr), log10(dt), retry_factor     1  1234       -5.579791        1.919320        0.500000
 grid1/grid1_001235.png/png
 burst_profile/burst_profile001235.png/png
       retry log10(dt/yr), log10(dt), retry_factor     1  1238       -5.690111        1.809001        0.500000
 grid1/grid1_001240.png/png
 burst_profile/burst_profile001240.png/png
       retry log10(dt/yr), log10(dt), retry_factor     1  1242       -5.690111        1.809001        0.500000
 grid1/grid1_001245.png/png
 burst_profile/burst_profile001245.png/png
       retry log10(dt/yr), log10(dt), retry_factor     1  1247       -5.569683        1.929428        0.500000
hydro_newton_step failed to accept
       retry log10(dt/yr), log10(dt), retry_factor     1  1248       -5.967623        1.531488        0.500000
 grid1/grid1_001250.png/png
 burst_profile/burst_profile001250.png/png
       retry log10(dt/yr), log10(dt), retry_factor     1  1253       -5.462473        2.036638        0.500000
       retry log10(dt/yr), log10(dt), retry_factor     1  1254       -5.763503        1.735608        0.500000
 grid1/grid1_001255.png/png
 burst_profile/burst_profile001255.png/png
       retry log10(dt/yr), log10(dt), retry_factor     1  1258       -5.941405        1.557706        0.500000
hydro_newton_step failed to accept
       retry log10(dt/yr), log10(dt), retry_factor     1  1259       -6.339345        1.159766        0.500000
 grid1/grid1_001260.png/png
 burst_profile/burst_profile001260.png/png
       retry log10(dt/yr), log10(dt), retry_factor     1  1264       -5.737285        1.761826        0.500000
 grid1/grid1_001265.png/png
 burst_profile/burst_profile001265.png/png
hydro_newton_step failed to accept
       retry log10(dt/yr), log10(dt), retry_factor     1  1266       -6.135225        1.363886        0.500000
       retry log10(dt/yr), log10(dt), retry_factor     2  1266       -6.436255        1.062856        0.500000
 have reached retry limit so now backup
 grid1/grid1_001265.png/png
 burst_profile/burst_profile001265.png/png
       retry log10(dt/yr), log10(dt), retry_factor     1  1270       -6.436255        1.062856        0.500000
 grid1/grid1_001270.png/png
 burst_profile/burst_profile001270.png/png
       retry log10(dt/yr), log10(dt), retry_factor     1  1275       -6.135225        1.363886        0.500000
hydro_newton_step failed to accept
       retry log10(dt/yr), log10(dt), retry_factor     2  1275       -6.436255        1.062856        0.500000
 grid1/grid1_001275.png/png
 burst_profile/burst_profile001275.png/png
hydro_newton_step failed to accept
       retry log10(dt/yr), log10(dt), retry_factor     1  1277       -6.737285        0.761826        0.500000
       retry log10(dt/yr), log10(dt), retry_factor     1  1279       -6.737285        0.761826        0.500000
       retry log10(dt/yr), log10(dt), retry_factor     2  1279       -7.038315        0.460796        0.500000
       retry log10(dt/yr), log10(dt), retry_factor     1  1280       -7.339345        0.159766        0.500000
 grid1/grid1_001280.png/png
 burst_profile/burst_profile001280.png/png
       retry log10(dt/yr), log10(dt), retry_factor     1  1283       -7.640375       -0.141264        0.500000
       retry log10(dt/yr), log10(dt), retry_factor     1  1285       -8.025501       -0.526389        0.500000
 grid1/grid1_001285.png/png
 burst_profile/burst_profile001285.png/png
 grid1/grid1_001290.png/png
 burst_profile/burst_profile001290.png/png
 grid1/grid1_001295.png/png
 burst_profile/burst_profile001295.png/png
       1300   8.447052  9.451E+06   3.806576   5.543707   1.400000   1.400000   0.000000   0.000000   0.275200   0.056353  13.947851   1084    235
  -8.705845   6.751345  -4.792420   3.313089   4.007904  -8.522879   0.000000   0.000000   0.000000   0.020000   0.039245  86.993181      6     33
 1.4086E-03  23.396367   3.270586   5.533069  14.415535  -0.722994   0.000000   0.000000   0.000000   0.000687  9.044E-01 -0.163E-08        lgTeff

 grid1/grid1_001300.png/png
 burst_profile/burst_profile001300.png/png
 grid1/grid1_001305.png/png
 burst_profile/burst_profile001305.png/png
 grid1/grid1_001310.png/png
 burst_profile/burst_profile001310.png/png
 grid1/grid1_001315.png/png
 burst_profile/burst_profile001315.png/png
 grid1/grid1_001320.png/png
 burst_profile/burst_profile001320.png/png
 grid1/grid1_001325.png/png
 burst_profile/burst_profile001325.png/png
 grid1/grid1_001330.png/png
 burst_profile/burst_profile001330.png/png
 grid1/grid1_001335.png/png
 burst_profile/burst_profile001335.png/png
 grid1/grid1_001340.png/png
 burst_profile/burst_profile001340.png/png
 grid1/grid1_001345.png/png
 burst_profile/burst_profile001345.png/png
 grid1/grid1_001350.png/png
 burst_profile/burst_profile001350.png/png
 grid1/grid1_001355.png/png
 burst_profile/burst_profile001355.png/png
 grid1/grid1_001360.png/png
 burst_profile/burst_profile001360.png/png
       retry log10(dt/yr), log10(dt), retry_factor     1  1364       -7.268584        0.230528        0.500000
       retry log10(dt/yr), log10(dt), retry_factor     2  1364       -7.569614       -0.070502        0.500000
 have reached retry limit so now backup
       retry log10(dt/yr), log10(dt), retry_factor     1  1364       -7.870644       -0.371532        0.500000
       retry log10(dt/yr), log10(dt), retry_factor     2  1364       -8.171674       -0.672562        0.500000
 have reached retry limit so now backup
 grid1/grid1_001365.png/png
 burst_profile/burst_profile001365.png/png
       retry log10(dt/yr), log10(dt), retry_factor     1  1366       -8.472704       -0.973592        0.500000
       retry log10(dt/yr), log10(dt), retry_factor     2  1366       -8.773734       -1.274622        0.500000
 have reached retry limit so now backup
 grid1/grid1_001365.png/png
 burst_profile/burst_profile001365.png/png
       retry log10(dt/yr), log10(dt), retry_factor     1  1366       -9.074764       -1.575652        0.500000
       retry log10(dt/yr), log10(dt), retry_factor     2  1366       -9.375794       -1.876682        0.500000
 have reached retry limit so now backup
 grid1/grid1_001365.png/png
 burst_profile/burst_profile001365.png/png
       retry log10(dt/yr), log10(dt), retry_factor     1  1366       -9.676824       -2.177712        0.500000
 grid1/grid1_001370.png/png
 burst_profile/burst_profile001370.png/png
 grid1/grid1_001375.png/png
 burst_profile/burst_profile001375.png/png
       retry log10(dt/yr), log10(dt), retry_factor     1  1379       -7.360343        0.138768        0.500000
 grid1/grid1_001380.png/png
 burst_profile/burst_profile001380.png/png
hydro_newton_step failed to accept
       retry log10(dt/yr), log10(dt), retry_factor     1  1382       -7.952103       -0.452992        0.500000
hydro_newton_step failed to accept
       retry log10(dt/yr), log10(dt), retry_factor     2  1382       -8.253133       -0.754022        0.500000
 have reached retry limit so now backup
       retry log10(dt/yr), log10(dt), retry_factor     1  1385       -8.651073       -1.151962        0.500000
       retry log10(dt/yr), log10(dt), retry_factor     2  1385       -8.952103       -1.452992        0.500000
 have reached retry limit so now backup
 grid1/grid1_001385.png/png
 burst_profile/burst_profile001385.png/png
 grid1/grid1_001390.png/png
 burst_profile/burst_profile001390.png/png
hydro_newton_step failed to accept
       retry log10(dt/yr), log10(dt), retry_factor     1  1392       -8.262932       -0.763821        0.500000
       retry log10(dt/yr), log10(dt), retry_factor     2  1392       -8.563962       -1.064851        0.500000
 have reached retry limit so now backup
 grid1/grid1_001395.png/png
 burst_profile/burst_profile001395.png/png
       retry log10(dt/yr), log10(dt), retry_factor     1  1396       -8.563962       -1.064851        0.500000
       retry log10(dt/yr), log10(dt), retry_factor     2  1396       -8.864992       -1.365881        0.500000
 have reached retry limit so now backup
 grid1/grid1_001395.png/png
 burst_profile/burst_profile001395.png/png
       retry log10(dt/yr), log10(dt), retry_factor     1  1397       -9.166022       -1.666911        0.500000
       1400   8.947508  1.615E+07   2.865188   5.373538   1.400000   1.400000   0.000000   0.000000   0.275695   0.021513   3.737516   1090    254
  -8.864992   6.693975  -4.792214   2.465805   3.526272  -8.522879   0.000000   0.000000   0.000000   0.074853   0.019628  26.296992      6     41
 1.4099E-03  23.396488   4.201596   5.371650  14.661443  -0.878442   0.000000   0.000000   0.000000   0.000687  9.589E-01 -0.822E-07          hold

 grid1/grid1_001400.png/png
 burst_profile/burst_profile001400.png/png
 grid1/grid1_001405.png/png
 burst_profile/burst_profile001405.png/png
hydro_newton_step failed to accept
       retry log10(dt/yr), log10(dt), retry_factor     1  1406       -7.891079       -0.391968        0.500000
hydro_newton_step failed to accept
       retry log10(dt/yr), log10(dt), retry_factor     2  1406       -8.192109       -0.692998        0.500000
 have reached retry limit so now backup
 grid1/grid1_001405.png/png
 burst_profile/burst_profile001405.png/png
 grid1/grid1_001410.png/png
 burst_profile/burst_profile001410.png/png
 grid1/grid1_001415.png/png
 burst_profile/burst_profile001415.png/png
hydro_newton_step failed to accept
       retry log10(dt/yr), log10(dt), retry_factor     1  1419       -8.129548       -0.630436        0.500000
hydro_newton_step failed to accept
       retry log10(dt/yr), log10(dt), retry_factor     2  1419       -8.430578       -0.931466        0.500000
 grid1/grid1_001420.png/png
 burst_profile/burst_profile001420.png/png
 grid1/grid1_001425.png/png
 burst_profile/burst_profile001425.png/png
 grid1/grid1_001430.png/png
 burst_profile/burst_profile001430.png/png
hydro_newton_step failed to accept
       retry log10(dt/yr), log10(dt), retry_factor     1  1435       -8.086830       -0.587719        0.500000
 grid1/grid1_001435.png/png
 burst_profile/burst_profile001435.png/png
       retry log10(dt/yr), log10(dt), retry_factor     1  1438       -7.648655       -0.149544        0.500000
       retry log10(dt/yr), log10(dt), retry_factor     1  1439       -7.949685       -0.450574        0.500000
 grid1/grid1_001440.png/png
 burst_profile/burst_profile001440.png/png
       retry log10(dt/yr), log10(dt), retry_factor     1  1444       -7.648655       -0.149544        0.500000
 grid1/grid1_001445.png/png
 burst_profile/burst_profile001445.png/png
       retry log10(dt/yr), log10(dt), retry_factor     1  1450       -7.502444       -0.003332        0.500000
hydro_newton_step failed to accept
       retry log10(dt/yr), log10(dt), retry_factor     2  1450       -7.803474       -0.304362        0.500000
 have reached retry limit so now backup
 grid1/grid1_001450.png/png
 burst_profile/burst_profile001450.png/png
 grid1/grid1_001455.png/png
 burst_profile/burst_profile001455.png/png
 grid1/grid1_001460.png/png
 burst_profile/burst_profile001460.png/png
 grid1/grid1_001465.png/png
 burst_profile/burst_profile001465.png/png
 grid1/grid1_001470.png/png
 burst_profile/burst_profile001470.png/png
 grid1/grid1_001475.png/png
 burst_profile/burst_profile001475.png/png

stop because model_number >= max_model_number
     1480     1480

       1480   8.553613  5.010E+06   1.219926   1.832344   1.400000   1.400000   0.000000   0.000000   0.275200   0.014802  10.808108   1086    264
  -6.159474   6.747898  -4.792841  -0.187927   1.412385  -8.522879   0.000000   0.000000   0.000000   0.020000   0.015852  67.885279      6     43
 1.4194E-03  23.397745   2.167303   1.705285  13.937389  -0.898028   0.000000   0.000000   0.000000   0.000687  9.693E-01  0.359E-11    varcontrol

save LOGS/profile6.data for model 1480
save photos/x480 for model 1480
save abund_profile_r_fe49_ng_fe50_100.data for model 1480
 saved to final.mod
termination code: max_model_number
 grid1/grid1_001480.png/png
 burst_profile/burst_profile001480.png/png
       1480   8.553613  5.010E+06   1.219926   1.832344   1.400000   1.400000   0.000000   0.000000   0.275200   0.014802  10.808108   1086    264
  -6.159474   6.747898  -4.792841  -0.187927   1.412385  -8.522879   0.000000   0.000000   0.000000   0.020000   0.015852  67.885279      6     43
 1.4194E-03  23.397745   2.167303   1.705285  13.937389  -0.898028   0.000000   0.000000   0.000000   0.000687  9.693E-01  0.359E-11      lgT_cntr

DATE: 2020-07-11
TIME: 21:58:16
