starting from 0
DATE: 2021-01-12
TIME: 06:20:37
                                         version_number       10108
 read /hpc/group/physics/al363/sens/base/inlist_base
 read inlist_cluster
load saved model /hpc/group/physics/al363/sens/base/ns_relax.mod

 change to /hpc/group/physics/al363/sens/base/rp_305.net
             set special rate factor for r_ca37_ag_ti41        2573    1.0000000000000000D-02
             set special rate factor for r_ti41_ga_ca37        2574    1.0000000000000000D-02
             set special rate factor for r_ca37_ag_ti41        2573    1.0000000000000000D-02
             set special rate factor for r_ti41_ga_ca37        2574    1.0000000000000000D-02
 number of species         305
 read /hpc/group/physics/al363/sens/base/history_customACL.list_tau
 read /hpc/group/physics/al363/sens/base/profile_customACL.list_tau
 net name /hpc/group/physics/al363/sens/base/rp_305.net
 v_flag T
                         which_atm_option: grey_and_kap
                                           xmstar/mstar    4.5461189430843640D-12
                                             xmstar (g)    1.2660395722219186D+22
                                           M_center (g)    2.7848799999878681D+33
                                            xmstar/Msun    6.3645665203193175D-12
                                          M_center/Msun    1.3999999999939012D+00
                                          R_center (cm)    1.1200000000000000D+06
                                          R_center/Rsun    1.6092416448748527D-05
                                           core density    4.7322078204273819D+14
                                          L_center/Lsun    4.1647144567650578D+00
 kappa_file_prefix gs98
 kappa_lowT_prefix lowT_fa05_gs98

   eos_file_prefix mesa
                                        OMP_NUM_THREADS           8


__________________________________________________________________________________________________________________________________________________

       step    lg_Tcntr    Teff       lg_LH     lg_Lnuc     Mass       H_rich     H_cntr     N_cntr     Y_surf     X_avg     eta_cntr  zones retry
   lg_dt_yr    lg_Dcntr    lg_R       lg_L3a    lg_Lneu     lg_Mdot    He_core    He_cntr    O_cntr     Z_surf     Y_avg     gam_cntr  iters bckup
     age_yr    lg_Pcntr    lg_L       lg_LZ     lg_Psurf    lg_Dsurf   C_core     C_cntr     Ne_cntr    Si_cntr    Z_avg     v_div_cs     dt_limit
__________________________________________________________________________________________________________________________________________________

save LOGS/profile1.data for model 2
 grid1/grid1_000005.png/png
 burst_profile/burst_profile000005.png/png
          6   8.165156  1.497E+06   0.087590   0.087976   1.400000   1.400000   0.000000   0.000000   0.275200   0.030886  22.514775    791      0
  -5.817651   6.610341  -4.793035 -18.862378  -1.086578  -8.522879   0.000000   0.000000   0.000000   0.020000   0.011710 149.410225      6      0
 4.0040E-06  23.176196   0.068337  -2.962874  12.744977  -1.553972   0.000000   0.000000   0.000000   0.000687  9.574E-01  0.395E-11      lgT_cntr

save LOGS/profile2.data for model 6
 grid1/grid1_000010.png/png
 burst_profile/burst_profile000010.png/png
 grid1/grid1_000015.png/png
 burst_profile/burst_profile000015.png/png
 grid1/grid1_000020.png/png
 burst_profile/burst_profile000020.png/png
 grid1/grid1_000025.png/png
 burst_profile/burst_profile000025.png/png
       retry log10(dt/yr), log10(dt), retry_factor     1    30       -5.532111        1.967001        0.500000
 grid1/grid1_000030.png/png
 burst_profile/burst_profile000030.png/png
       retry log10(dt/yr), log10(dt), retry_factor     1    35       -5.231081        2.268031        0.500000
 grid1/grid1_000035.png/png
 burst_profile/burst_profile000035.png/png
       retry log10(dt/yr), log10(dt), retry_factor     1    36       -5.532111        1.967001        0.500000
       retry log10(dt/yr), log10(dt), retry_factor     1    40       -5.532111        1.967001        0.500000
 grid1/grid1_000040.png/png
 burst_profile/burst_profile000040.png/png
       retry log10(dt/yr), log10(dt), retry_factor     1    45       -5.231081        2.268031        0.500000
 grid1/grid1_000045.png/png
 burst_profile/burst_profile000045.png/png
       retry log10(dt/yr), log10(dt), retry_factor     1    49       -5.231081        2.268031        0.500000
 grid1/grid1_000050.png/png
 burst_profile/burst_profile000050.png/png
       retry log10(dt/yr), log10(dt), retry_factor     1    53       -5.231081        2.268031        0.500000
 grid1/grid1_000055.png/png
 burst_profile/burst_profile000055.png/png
       retry log10(dt/yr), log10(dt), retry_factor     1    56       -5.532111        1.967001        0.500000
       retry log10(dt/yr), log10(dt), retry_factor     2    56       -5.833141        1.665971        0.500000
 have reached retry limit so now backup
 grid1/grid1_000055.png/png
 burst_profile/burst_profile000055.png/png
       retry log10(dt/yr), log10(dt), retry_factor     1    58       -6.134171        1.364941        0.500000
       retry log10(dt/yr), log10(dt), retry_factor     2    58       -6.435201        1.063911        0.500000
 have reached retry limit so now backup
       retry log10(dt/yr), log10(dt), retry_factor     1    58       -6.736231        0.762881        0.500000
       retry log10(dt/yr), log10(dt), retry_factor     2    58       -7.037261        0.461851        0.500000
 have reached retry limit so now backup
       retry log10(dt/yr), log10(dt), retry_factor     1    60       -7.338291        0.160821        0.500000
       retry log10(dt/yr), log10(dt), retry_factor     2    60       -7.639321       -0.140209        0.500000
 have reached retry limit so now backup
 grid1/grid1_000060.png/png
 burst_profile/burst_profile000060.png/png
       retry log10(dt/yr), log10(dt), retry_factor     1    62       -7.940351       -0.441239        0.500000
       retry log10(dt/yr), log10(dt), retry_factor     2    62       -8.241381       -0.742269        0.500000
 grid1/grid1_000065.png/png
 burst_profile/burst_profile000065.png/png
 grid1/grid1_000070.png/png
 burst_profile/burst_profile000070.png/png
 grid1/grid1_000075.png/png
 burst_profile/burst_profile000075.png/png
       retry log10(dt/yr), log10(dt), retry_factor     1    76       -5.231081        2.268031        0.500000
       retry log10(dt/yr), log10(dt), retry_factor     2    76       -5.532111        1.967001        0.500000
       retry log10(dt/yr), log10(dt), retry_factor     1    77       -5.833141        1.665971        0.500000
       retry log10(dt/yr), log10(dt), retry_factor     2    77       -6.134171        1.364941        0.500000
 have reached retry limit so now backup
       retry log10(dt/yr), log10(dt), retry_factor     1    80       -6.435201        1.063911        0.500000
       retry log10(dt/yr), log10(dt), retry_factor     2    80       -6.736231        0.762881        0.500000
 have reached retry limit so now backup
 grid1/grid1_000080.png/png
 burst_profile/burst_profile000080.png/png
       retry log10(dt/yr), log10(dt), retry_factor     1    81       -7.037261        0.461851        0.500000
       retry log10(dt/yr), log10(dt), retry_factor     2    81       -7.338291        0.160821        0.500000
 have reached retry limit so now backup
 grid1/grid1_000080.png/png
 burst_profile/burst_profile000080.png/png
       retry log10(dt/yr), log10(dt), retry_factor     1    84       -7.639321       -0.140209        0.500000
       retry log10(dt/yr), log10(dt), retry_factor     2    84       -7.940351       -0.441239        0.500000
 have reached retry limit so now backup
       retry log10(dt/yr), log10(dt), retry_factor     1    84       -8.241381       -0.742269        0.500000
 grid1/grid1_000085.png/png
 burst_profile/burst_profile000085.png/png
 grid1/grid1_000090.png/png
 burst_profile/burst_profile000090.png/png
 grid1/grid1_000095.png/png
 burst_profile/burst_profile000095.png/png
       retry log10(dt/yr), log10(dt), retry_factor     1    97       -5.708197        1.790914        0.500000
       retry log10(dt/yr), log10(dt), retry_factor     1    98       -6.029742        1.469369        0.500000
       retry log10(dt/yr), log10(dt), retry_factor     1    99       -6.330772        1.168339        0.500000
        100   8.444841  4.670E+06   2.033172   2.166622   1.400000   1.400000   0.000000   0.000000   0.275200   0.100536  12.226478    752     31
  -6.029742   6.642744  -4.792800   1.206170   1.283423  -8.522879   0.000000   0.000000   0.000000   0.020000   0.058448  80.444496      6      8
 3.1300E-04  23.235090   2.045017   1.357015  13.860470  -0.943582   0.000000   0.000000   0.000000   0.000687  8.410E-01  0.987E-12          hold

 grid1/grid1_000100.png/png
 burst_profile/burst_profile000100.png/png
       retry log10(dt/yr), log10(dt), retry_factor     1   101       -6.631802        0.867309        0.500000
       retry log10(dt/yr), log10(dt), retry_factor     1   103       -6.932832        0.566279        0.500000
hydro_newton_step failed to accept
       retry log10(dt/yr), log10(dt), retry_factor     1   104       -7.233862        0.265249        0.500000
 grid1/grid1_000105.png/png
 burst_profile/burst_profile000105.png/png
       retry log10(dt/yr), log10(dt), retry_factor     1   106       -7.534892       -0.035780        0.500000
       retry log10(dt/yr), log10(dt), retry_factor     1   110       -7.649240       -0.150129        0.500000
       retry log10(dt/yr), log10(dt), retry_factor     2   110       -7.950270       -0.451159        0.500000
 grid1/grid1_000110.png/png
 burst_profile/burst_profile000110.png/png
       retry log10(dt/yr), log10(dt), retry_factor     1   112       -8.333830       -0.834718        0.500000
 grid1/grid1_000115.png/png
 burst_profile/burst_profile000115.png/png
 grid1/grid1_000120.png/png
 burst_profile/burst_profile000120.png/png
 grid1/grid1_000125.png/png
 burst_profile/burst_profile000125.png/png
 grid1/grid1_000130.png/png
 burst_profile/burst_profile000130.png/png
 grid1/grid1_000135.png/png
 burst_profile/burst_profile000135.png/png
 grid1/grid1_000140.png/png
 burst_profile/burst_profile000140.png/png
 grid1/grid1_000145.png/png
 burst_profile/burst_profile000145.png/png
 grid1/grid1_000150.png/png
 burst_profile/burst_profile000150.png/png
 grid1/grid1_000155.png/png
 burst_profile/burst_profile000155.png/png
 grid1/grid1_000160.png/png
 burst_profile/burst_profile000160.png/png
 grid1/grid1_000165.png/png
 burst_profile/burst_profile000165.png/png
                       super eddington wind: lg_Mdot, L/Ledd         166    -9.72183     1.00774
                       super eddington wind: lg_Mdot, L/Ledd         167    -9.00562     1.04020
                       super eddington wind: lg_Mdot, L/Ledd         168    -8.75938     1.07085
                       super eddington wind: lg_Mdot, L/Ledd         169    -8.63024     1.09524
                       super eddington wind: lg_Mdot, L/Ledd         170    -8.52048     1.12262
 grid1/grid1_000170.png/png
 burst_profile/burst_profile000170.png/png
                       super eddington wind: lg_Mdot, L/Ledd         171    -8.42341     1.15318
                       super eddington wind: lg_Mdot, L/Ledd         172    -8.60090     1.10161
                       super eddington wind: lg_Mdot, L/Ledd         173    -8.46062     1.14023
                       super eddington wind: lg_Mdot, L/Ledd         174    -8.38578     1.16665
                       super eddington wind: lg_Mdot, L/Ledd         175    -8.52933     1.11949
 grid1/grid1_000175.png/png
 burst_profile/burst_profile000175.png/png
                       super eddington wind: lg_Mdot, L/Ledd         176    -8.40400     1.15939
                       super eddington wind: lg_Mdot, L/Ledd         177    -8.32868     1.18966
                       super eddington wind: lg_Mdot, L/Ledd         178    -8.44856     1.14335
                       super eddington wind: lg_Mdot, L/Ledd         179    -8.33779     1.18495
                       super eddington wind: lg_Mdot, L/Ledd         180    -8.27216     1.21510
 grid1/grid1_000180.png/png
 burst_profile/burst_profile000180.png/png
                       super eddington wind: lg_Mdot, L/Ledd         181    -8.39328     1.16248
                       super eddington wind: lg_Mdot, L/Ledd         182    -8.30233     1.19995
                       super eddington wind: lg_Mdot, L/Ledd         183    -8.24512     1.22823
                       super eddington wind: lg_Mdot, L/Ledd         184    -8.36377     1.17327
                       super eddington wind: lg_Mdot, L/Ledd         185    -8.28467     1.20756
 grid1/grid1_000185.png/png
 burst_profile/burst_profile000185.png/png
                       super eddington wind: lg_Mdot, L/Ledd         186    -8.23897     1.23050
                       super eddington wind: lg_Mdot, L/Ledd         187    -8.35643     1.17556
                       super eddington wind: lg_Mdot, L/Ledd         188    -8.29139     1.20360
                       super eddington wind: lg_Mdot, L/Ledd         189    -8.25103     1.22322
                       super eddington wind: lg_Mdot, L/Ledd         190    -8.38882     1.16218
 grid1/grid1_000190.png/png
 burst_profile/burst_profile000190.png/png
                       super eddington wind: lg_Mdot, L/Ledd         191    -8.34004     1.18123
                       super eddington wind: lg_Mdot, L/Ledd         192    -8.32858     1.18593
                       super eddington wind: lg_Mdot, L/Ledd         193    -8.50148     1.12454
       retry log10(dt/yr), log10(dt), retry_factor     1   193       -9.065501       -1.566389        0.500000
                       super eddington wind: lg_Mdot, L/Ledd         193    -8.50148     1.12454
       retry log10(dt/yr), log10(dt), retry_factor     2   193       -9.366531       -1.867419        0.500000
                       super eddington wind: lg_Mdot, L/Ledd         193    -8.50148     1.12454
                       super eddington wind: lg_Mdot, L/Ledd         194    -8.41586     1.15178
                       super eddington wind: lg_Mdot, L/Ledd         195    -8.59933     1.09944
 grid1/grid1_000195.png/png
 burst_profile/burst_profile000195.png/png
                       super eddington wind: lg_Mdot, L/Ledd         196    -8.49054     1.12766
                       super eddington wind: lg_Mdot, L/Ledd         197    -8.36493     1.17050
                       super eddington wind: lg_Mdot, L/Ledd         198    -8.60655     1.09762
                       super eddington wind: lg_Mdot, L/Ledd         199    -8.53617     1.11484
                       super eddington wind: lg_Mdot, L/Ledd         200    -8.71235     1.07647
        200   8.951904  2.391E+07   3.720449   6.685479   1.400000   1.400000   0.000000   0.000000   0.295234   0.075519   3.042439    666     40
  -8.882139   6.568825  -4.791540   3.023248   4.380349  -8.712349   0.000000   0.000000   0.000000   0.202570   0.044739  23.647933      6      8
 3.1498E-04  23.235203   4.884846   6.684913  15.065151  -0.895354   0.000000   0.000000   0.000000   0.000687  8.797E-01  0.654E-04    varcontrol

 grid1/grid1_000200.png/png
 burst_profile/burst_profile000200.png/png
                       super eddington wind: lg_Mdot, L/Ledd         201    -8.53282     1.11562
       retry log10(dt/yr), log10(dt), retry_factor     1   201       -9.291866       -1.792755        0.500000
                       super eddington wind: lg_Mdot, L/Ledd         201    -8.53282     1.11562
                       super eddington wind: lg_Mdot, L/Ledd         202    -8.46505     1.13519
                       super eddington wind: lg_Mdot, L/Ledd         203    -8.65643     1.08689
                       super eddington wind: lg_Mdot, L/Ledd         204    -8.50553     1.12299
                       super eddington wind: lg_Mdot, L/Ledd         205    -8.79978     1.06244
 grid1/grid1_000205.png/png
 burst_profile/burst_profile000205.png/png
                       super eddington wind: lg_Mdot, L/Ledd         206    -8.60716     1.09726
                       super eddington wind: lg_Mdot, L/Ledd         207    -8.54700     1.11176
                       super eddington wind: lg_Mdot, L/Ledd         208    -8.80767     1.06119
                       super eddington wind: lg_Mdot, L/Ledd         209    -8.77078     1.06661
                       super eddington wind: lg_Mdot, L/Ledd         210    -9.11509     1.03011
 grid1/grid1_000210.png/png
 burst_profile/burst_profile000210.png/png
                       super eddington wind: lg_Mdot, L/Ledd         211    -8.93463     1.04565
                       super eddington wind: lg_Mdot, L/Ledd         212    -9.57114     1.01052
                       super eddington wind: lg_Mdot, L/Ledd         213    -9.15637     1.02737
                       super eddington wind: lg_Mdot, L/Ledd         215    -9.86088     1.00539
 grid1/grid1_000215.png/png
 burst_profile/burst_profile000215.png/png
       retry log10(dt/yr), log10(dt), retry_factor     1   218       -9.118281       -1.619169        0.500000
 grid1/grid1_000220.png/png
 burst_profile/burst_profile000220.png/png
 grid1/grid1_000225.png/png
 burst_profile/burst_profile000225.png/png
 grid1/grid1_000230.png/png
 burst_profile/burst_profile000230.png/png
 grid1/grid1_000235.png/png
 burst_profile/burst_profile000235.png/png
       retry log10(dt/yr), log10(dt), retry_factor     1   239       -7.840190       -0.341078        0.500000
       retry log10(dt/yr), log10(dt), retry_factor     1   240       -8.238130       -0.739018        0.500000
hydro_newton_step failed to accept
       retry log10(dt/yr), log10(dt), retry_factor     2   240       -8.539160       -1.040048        0.500000
 have reached retry limit so now backup
 grid1/grid1_000240.png/png
 burst_profile/burst_profile000240.png/png
hydro_newton_step failed to accept
       retry log10(dt/yr), log10(dt), retry_factor     1   242       -8.840190       -1.341078        0.500000
 grid1/grid1_000245.png/png
 burst_profile/burst_profile000245.png/png
hydro_newton_step failed to accept
       retry log10(dt/yr), log10(dt), retry_factor     1   246       -8.238130       -0.739018        0.500000
       retry log10(dt/yr), log10(dt), retry_factor     2   246       -8.539160       -1.040048        0.500000
 have reached retry limit so now backup
 grid1/grid1_000245.png/png
 burst_profile/burst_profile000245.png/png
 grid1/grid1_000250.png/png
 burst_profile/burst_profile000250.png/png
hydro_newton_step failed to accept
       retry log10(dt/yr), log10(dt), retry_factor     1   251       -8.238130       -0.739018        0.500000
 grid1/grid1_000255.png/png
 burst_profile/burst_profile000255.png/png
 grid1/grid1_000260.png/png
 burst_profile/burst_profile000260.png/png
 grid1/grid1_000265.png/png
 burst_profile/burst_profile000265.png/png
 grid1/grid1_000270.png/png
 burst_profile/burst_profile000270.png/png
       retry log10(dt/yr), log10(dt), retry_factor     1   275       -7.552277       -0.053166        0.500000
       retry log10(dt/yr), log10(dt), retry_factor     2   275       -7.853307       -0.354196        0.500000
 have reached retry limit so now backup
 grid1/grid1_000275.png/png
 burst_profile/burst_profile000275.png/png
       retry log10(dt/yr), log10(dt), retry_factor     1   279       -7.947321       -0.448209        0.500000
hydro_newton_step failed to accept
       retry log10(dt/yr), log10(dt), retry_factor     2   279       -8.248351       -0.749239        0.500000
 grid1/grid1_000280.png/png
 burst_profile/burst_profile000280.png/png
 grid1/grid1_000285.png/png
 burst_profile/burst_profile000285.png/png
       retry log10(dt/yr), log10(dt), retry_factor     1   289       -7.626550       -0.127439        0.500000
       retry log10(dt/yr), log10(dt), retry_factor     2   289       -7.927580       -0.428469        0.500000
 have reached retry limit so now backup
 grid1/grid1_000290.png/png
 burst_profile/burst_profile000290.png/png
hydro_newton_step failed to accept
       retry log10(dt/yr), log10(dt), retry_factor     1   295       -7.576626       -0.077515        0.500000
 grid1/grid1_000295.png/png
 burst_profile/burst_profile000295.png/png
hydro_newton_step failed to accept
       retry log10(dt/yr), log10(dt), retry_factor     1   298       -7.615935       -0.116823        0.500000
       retry log10(dt/yr), log10(dt), retry_factor     2   298       -7.916965       -0.417853        0.500000
        300   8.751848  9.183E+06   1.584250   2.949099   1.400000   1.400000   0.000000   0.000000   0.275200   0.019858   5.633297    707     58
  -7.615935   6.617365  -4.792711   1.573046   2.406809  -8.522879   0.000000   0.000000   0.000000   0.020000   0.020205  38.907150      6     12
 3.1846E-04  23.236018   3.220041   2.910409  14.403273  -0.719776   0.000000   0.000000   0.000000   0.000687  9.599E-01 -0.630E-09          hold

 grid1/grid1_000300.png/png
 burst_profile/burst_profile000300.png/png
       retry log10(dt/yr), log10(dt), retry_factor     1   305       -7.639200       -0.140089        0.500000
       retry log10(dt/yr), log10(dt), retry_factor     2   305       -7.940230       -0.441119        0.500000
 grid1/grid1_000305.png/png
 burst_profile/burst_profile000305.png/png
 grid1/grid1_000310.png/png
 burst_profile/burst_profile000310.png/png
 grid1/grid1_000315.png/png
 burst_profile/burst_profile000315.png/png
 grid1/grid1_000320.png/png
 burst_profile/burst_profile000320.png/png
 grid1/grid1_000325.png/png
 burst_profile/burst_profile000325.png/png
 grid1/grid1_000330.png/png
 burst_profile/burst_profile000330.png/png
 grid1/grid1_000335.png/png
 burst_profile/burst_profile000335.png/png
 grid1/grid1_000340.png/png
 burst_profile/burst_profile000340.png/png
 grid1/grid1_000345.png/png
 burst_profile/burst_profile000345.png/png
hydro_newton_step failed to accept
       retry log10(dt/yr), log10(dt), retry_factor     1   346       -5.745906        1.753206        0.500000
       retry log10(dt/yr), log10(dt), retry_factor     1   348       -5.725324        1.773787        0.500000
 grid1/grid1_000350.png/png
 burst_profile/burst_profile000350.png/png
       retry log10(dt/yr), log10(dt), retry_factor     1   353       -5.619271        1.879840        0.500000
hydro_newton_step failed to accept
       retry log10(dt/yr), log10(dt), retry_factor     1   354       -5.920301        1.578810        0.500000
       retry log10(dt/yr), log10(dt), retry_factor     2   354       -6.221331        1.277780        0.500000
 grid1/grid1_000355.png/png
 burst_profile/burst_profile000355.png/png
 grid1/grid1_000360.png/png
 burst_profile/burst_profile000360.png/png
       retry log10(dt/yr), log10(dt), retry_factor     1   361       -5.554071        1.945040        0.500000
       retry log10(dt/yr), log10(dt), retry_factor     2   361       -5.855101        1.644010        0.500000
       retry log10(dt/yr), log10(dt), retry_factor     1   362       -6.156131        1.342980        0.500000
       retry log10(dt/yr), log10(dt), retry_factor     1   363       -6.457161        1.041950        0.500000
 grid1/grid1_000365.png/png
 burst_profile/burst_profile000365.png/png
 grid1/grid1_000370.png/png
 burst_profile/burst_profile000370.png/png
       retry log10(dt/yr), log10(dt), retry_factor     1   371       -5.495673        2.003439        0.500000
 grid1/grid1_000375.png/png
 burst_profile/burst_profile000375.png/png
       retry log10(dt/yr), log10(dt), retry_factor     1   376       -5.194643        2.304469        0.500000
hydro_newton_step failed to accept
       retry log10(dt/yr), log10(dt), retry_factor     2   376       -5.495673        2.003439        0.500000
 have reached retry limit so now backup
 grid1/grid1_000375.png/png
 burst_profile/burst_profile000375.png/png
 grid1/grid1_000380.png/png
 burst_profile/burst_profile000380.png/png
       retry log10(dt/yr), log10(dt), retry_factor     1   381       -5.562592        1.936520        0.500000
       retry log10(dt/yr), log10(dt), retry_factor     2   381       -5.863622        1.635490        0.500000
       retry log10(dt/yr), log10(dt), retry_factor     1   383       -6.164652        1.334460        0.500000
       retry log10(dt/yr), log10(dt), retry_factor     2   383       -6.465682        1.033430        0.500000
 have reached retry limit so now backup
       retry log10(dt/yr), log10(dt), retry_factor     1   385       -6.766712        0.732400        0.500000
       retry log10(dt/yr), log10(dt), retry_factor     2   385       -7.067742        0.431370        0.500000
 have reached retry limit so now backup
 grid1/grid1_000385.png/png
 burst_profile/burst_profile000385.png/png
       retry log10(dt/yr), log10(dt), retry_factor     1   388       -7.368772        0.130340        0.500000
       retry log10(dt/yr), log10(dt), retry_factor     2   388       -7.669802       -0.170690        0.500000
 have reached retry limit so now backup
       retry log10(dt/yr), log10(dt), retry_factor     1   388       -7.970832       -0.471720        0.500000
hydro_newton_step failed to accept
       retry log10(dt/yr), log10(dt), retry_factor     2   388       -8.271862       -0.772750        0.500000
 have reached retry limit so now backup
 grid1/grid1_000390.png/png
 burst_profile/burst_profile000390.png/png
 grid1/grid1_000395.png/png
 burst_profile/burst_profile000395.png/png
        400   8.349811  3.661E+06   1.536584   1.564051   1.400000   1.400000   0.000000   0.000000   0.275200   0.063806  15.786005    738     82
  -5.261562   6.668866  -4.792868  -0.802202   0.708563  -8.522879   0.000000   0.000000   0.000000   0.020000   0.045176 102.148856      6     17
 5.1409E-04  23.269530   1.622079   0.319801  13.584717  -1.111062   0.000000   0.000000   0.000000   0.000687  8.910E-01  0.174E-12  max increase

 grid1/grid1_000400.png/png
 burst_profile/burst_profile000400.png/png
       retry log10(dt/yr), log10(dt), retry_factor     1   402       -5.261562        2.237550        0.500000
       retry log10(dt/yr), log10(dt), retry_factor     2   402       -5.562592        1.936520        0.500000
 have reached retry limit so now backup
       retry log10(dt/yr), log10(dt), retry_factor     1   403       -6.057442        1.441670        0.500000
 grid1/grid1_000405.png/png
 burst_profile/burst_profile000405.png/png
       retry log10(dt/yr), log10(dt), retry_factor     1   409       -5.666736        1.832376        0.500000
 grid1/grid1_000410.png/png
 burst_profile/burst_profile000410.png/png
       retry log10(dt/yr), log10(dt), retry_factor     1   413       -5.666736        1.832376        0.500000
       retry log10(dt/yr), log10(dt), retry_factor     1   414       -5.967766        1.531346        0.500000
hydro_newton_step failed to accept
       retry log10(dt/yr), log10(dt), retry_factor     1   415       -6.344509        1.154603        0.500000
 grid1/grid1_000415.png/png
 burst_profile/burst_profile000415.png/png
       retry log10(dt/yr), log10(dt), retry_factor     1   416       -6.645539        0.853573        0.500000
 grid1/grid1_000420.png/png
 burst_profile/burst_profile000420.png/png
hydro_newton_step failed to accept
       retry log10(dt/yr), log10(dt), retry_factor     1   421       -6.344509        1.154603        0.500000
       retry log10(dt/yr), log10(dt), retry_factor     1   424       -5.742449        1.756663        0.500000
 grid1/grid1_000425.png/png
 burst_profile/burst_profile000425.png/png
       retry log10(dt/yr), log10(dt), retry_factor     1   426       -6.043479        1.455633        0.500000
hydro_newton_step failed to accept
       retry log10(dt/yr), log10(dt), retry_factor     1   427       -6.441419        1.057693        0.500000
hydro_newton_step failed to accept
       retry log10(dt/yr), log10(dt), retry_factor     2   427       -6.742449        0.756663        0.500000
        427   8.417397  4.376E+06   1.905172   1.998794   1.400000   1.400000   0.000000   0.000000   0.275200   0.075915  13.577739    753     95
  -6.441419   6.674595  -4.792814   1.076098   1.074327  -8.522879   0.000000   0.000000   0.000000   0.020000   0.053810  87.812541      6     18
 5.8453E-04  23.280972   1.932103   0.870584  13.787721  -0.987324   0.000000   0.000000   0.000000   0.000687  8.703E-01  0.166E-10         retry

save LOGS/profile3.data for model 427
       retry log10(dt/yr), log10(dt), retry_factor     1   428       -7.043479        0.455633        0.500000
 grid1/grid1_000430.png/png
 burst_profile/burst_profile000430.png/png
hydro_newton_step failed to accept
       retry log10(dt/yr), log10(dt), retry_factor     1   434       -6.441419        1.057693        0.500000
       retry log10(dt/yr), log10(dt), retry_factor     1   435       -6.441419        1.057693        0.500000
 grid1/grid1_000435.png/png
 burst_profile/burst_profile000435.png/png
       retry log10(dt/yr), log10(dt), retry_factor     1   436       -6.742449        0.756663        0.500000
       retry log10(dt/yr), log10(dt), retry_factor     1   438       -7.043479        0.455633        0.500000
       retry log10(dt/yr), log10(dt), retry_factor     1   440       -7.344509        0.154603        0.500000
 grid1/grid1_000440.png/png
 burst_profile/burst_profile000440.png/png
       retry log10(dt/yr), log10(dt), retry_factor     1   442       -7.678634       -0.179523        0.500000
       retry log10(dt/yr), log10(dt), retry_factor     2   442       -7.979664       -0.480553        0.500000
 have reached retry limit so now backup
 grid1/grid1_000445.png/png
 burst_profile/burst_profile000445.png/png
       retry log10(dt/yr), log10(dt), retry_factor     1   447       -7.678634       -0.179523        0.500000
       retry log10(dt/yr), log10(dt), retry_factor     1   448       -7.979664       -0.480553        0.500000
 grid1/grid1_000450.png/png
 burst_profile/burst_profile000450.png/png
       retry log10(dt/yr), log10(dt), retry_factor     1   451       -8.346614       -0.847503        0.500000
 grid1/grid1_000455.png/png
 burst_profile/burst_profile000455.png/png
 grid1/grid1_000460.png/png
 burst_profile/burst_profile000460.png/png
 grid1/grid1_000465.png/png
 burst_profile/burst_profile000465.png/png
 grid1/grid1_000470.png/png
 burst_profile/burst_profile000470.png/png
 grid1/grid1_000475.png/png
 burst_profile/burst_profile000475.png/png
 grid1/grid1_000480.png/png
 burst_profile/burst_profile000480.png/png
       retry log10(dt/yr), log10(dt), retry_factor     1   485       -9.232022       -1.732910        0.500000
 grid1/grid1_000485.png/png
 burst_profile/burst_profile000485.png/png
       retry log10(dt/yr), log10(dt), retry_factor     1   489       -9.348497       -1.849385        0.500000
       retry log10(dt/yr), log10(dt), retry_factor     2   489       -9.649527       -2.150415        0.500000
 grid1/grid1_000490.png/png
 burst_profile/burst_profile000490.png/png
 grid1/grid1_000495.png/png
 burst_profile/burst_profile000495.png/png
        500   8.465304  1.771E+07   3.578511   6.819585   1.400000   1.400000   0.000000   0.000000   0.277070   0.070331  12.113025    768    109
  -8.283099   6.673239  -4.791819   3.194412   4.087540  -8.522879   0.000000   0.000000   0.000000   0.024510   0.045291  78.559294      8     19
 5.8935E-04  23.281634   4.362314   6.819232  14.732540  -0.910648   0.000000   0.000000   0.000000   0.000687  8.844E-01  0.144E-08  newton iters

save LOGS/profile4.data for model 500
save photos/x500 for model 500
 grid1/grid1_000500.png/png
 burst_profile/burst_profile000500.png/png
 grid1/grid1_000505.png/png
 burst_profile/burst_profile000505.png/png
 grid1/grid1_000510.png/png
 burst_profile/burst_profile000510.png/png
 grid1/grid1_000515.png/png
 burst_profile/burst_profile000515.png/png
 grid1/grid1_000520.png/png
 burst_profile/burst_profile000520.png/png
 grid1/grid1_000525.png/png
 burst_profile/burst_profile000525.png/png
 grid1/grid1_000530.png/png
 burst_profile/burst_profile000530.png/png
 grid1/grid1_000535.png/png
 burst_profile/burst_profile000535.png/png
 grid1/grid1_000540.png/png
 burst_profile/burst_profile000540.png/png
 grid1/grid1_000545.png/png
 burst_profile/burst_profile000545.png/png
       retry log10(dt/yr), log10(dt), retry_factor     1   549       -7.659792       -0.160680        0.500000
       retry log10(dt/yr), log10(dt), retry_factor     2   549       -7.960822       -0.461710        0.500000
       retry log10(dt/yr), log10(dt), retry_factor     1   550       -8.358762       -0.859650        0.500000
hydro_newton_step failed to accept
       retry log10(dt/yr), log10(dt), retry_factor     2   550       -8.659792       -1.160680        0.500000
 grid1/grid1_000550.png/png
 burst_profile/burst_profile000550.png/png
 grid1/grid1_000555.png/png
 burst_profile/burst_profile000555.png/png
 grid1/grid1_000560.png/png
 burst_profile/burst_profile000560.png/png
 grid1/grid1_000565.png/png
 burst_profile/burst_profile000565.png/png
 grid1/grid1_000570.png/png
 burst_profile/burst_profile000570.png/png
 grid1/grid1_000575.png/png
 burst_profile/burst_profile000575.png/png
 grid1/grid1_000580.png/png
 burst_profile/burst_profile000580.png/png
 grid1/grid1_000585.png/png
 burst_profile/burst_profile000585.png/png
 grid1/grid1_000590.png/png
 burst_profile/burst_profile000590.png/png
hydro_newton_step failed to accept
       retry log10(dt/yr), log10(dt), retry_factor     1   591       -7.922625       -0.423513        0.500000
hydro_newton_step failed to accept
       retry log10(dt/yr), log10(dt), retry_factor     2   591       -8.223655       -0.724543        0.500000
 have reached retry limit so now backup
 grid1/grid1_000590.png/png
 burst_profile/burst_profile000590.png/png
 grid1/grid1_000595.png/png
 burst_profile/burst_profile000595.png/png
        600   8.802050  1.049E+07   1.886593   3.371380   1.400000   1.400000   0.000000   0.000000   0.275200   0.017944   5.127665    847    115
  -7.372150   6.642140  -4.792632   1.851202   2.669651  -8.522879   0.000000   0.000000   0.000000   0.020000   0.019849  35.325248      8     20
 5.9221E-04  23.282182   3.450730   3.343148  14.455611  -0.742266   0.000000   0.000000   0.000000   0.000687  9.622E-01  0.395E-08          dH/H

 grid1/grid1_000600.png/png
 burst_profile/burst_profile000600.png/png
       retry log10(dt/yr), log10(dt), retry_factor     1   602       -7.497304        0.001807        0.500000
       retry log10(dt/yr), log10(dt), retry_factor     2   602       -7.798334       -0.299223        0.500000
 have reached retry limit so now backup
 grid1/grid1_000605.png/png
 burst_profile/burst_profile000605.png/png
 grid1/grid1_000610.png/png
 burst_profile/burst_profile000610.png/png
 grid1/grid1_000615.png/png
 burst_profile/burst_profile000615.png/png
 grid1/grid1_000620.png/png
 burst_profile/burst_profile000620.png/png
 grid1/grid1_000625.png/png
 burst_profile/burst_profile000625.png/png
 grid1/grid1_000630.png/png
 burst_profile/burst_profile000630.png/png
 grid1/grid1_000635.png/png
 burst_profile/burst_profile000635.png/png
 grid1/grid1_000640.png/png
 burst_profile/burst_profile000640.png/png
 grid1/grid1_000645.png/png
 burst_profile/burst_profile000645.png/png
hydro_newton_step failed to accept
       retry log10(dt/yr), log10(dt), retry_factor     1   650       -5.790514        1.708598        0.500000
hydro_newton_step failed to accept
       retry log10(dt/yr), log10(dt), retry_factor     2   650       -6.091544        1.407568        0.500000
 have reached retry limit so now backup
 grid1/grid1_000650.png/png
 burst_profile/burst_profile000650.png/png
 grid1/grid1_000655.png/png
 burst_profile/burst_profile000655.png/png
       retry log10(dt/yr), log10(dt), retry_factor     1   659       -5.531595        1.967517        0.500000
       retry log10(dt/yr), log10(dt), retry_factor     2   659       -5.832625        1.666487        0.500000
 have reached retry limit so now backup
 grid1/grid1_000660.png/png
 burst_profile/burst_profile000660.png/png
       retry log10(dt/yr), log10(dt), retry_factor     1   664       -5.668696        1.830416        0.500000
       retry log10(dt/yr), log10(dt), retry_factor     1   665       -6.066636        1.432476        0.500000
 grid1/grid1_000665.png/png
 burst_profile/burst_profile000665.png/png
       retry log10(dt/yr), log10(dt), retry_factor     1   666       -6.367666        1.131446        0.500000
 grid1/grid1_000670.png/png
 burst_profile/burst_profile000670.png/png
       retry log10(dt/yr), log10(dt), retry_factor     1   673       -5.620165        1.878946        0.500000
       retry log10(dt/yr), log10(dt), retry_factor     1   674       -5.921195        1.577916        0.500000
 grid1/grid1_000675.png/png
 burst_profile/burst_profile000675.png/png
       retry log10(dt/yr), log10(dt), retry_factor     1   680       -5.512777        1.986335        0.500000
 grid1/grid1_000680.png/png
 burst_profile/burst_profile000680.png/png
 grid1/grid1_000685.png/png
 burst_profile/burst_profile000685.png/png
       retry log10(dt/yr), log10(dt), retry_factor     1   686       -5.445401        2.053710        0.500000
       retry log10(dt/yr), log10(dt), retry_factor     2   686       -5.746431        1.752680        0.500000
 grid1/grid1_000690.png/png
 burst_profile/burst_profile000690.png/png
       retry log10(dt/yr), log10(dt), retry_factor     1   691       -5.598887        1.900225        0.500000
hydro_newton_step failed to accept
       retry log10(dt/yr), log10(dt), retry_factor     1   692       -5.996827        1.502285        0.500000
 grid1/grid1_000695.png/png
 burst_profile/burst_profile000695.png/png
       retry log10(dt/yr), log10(dt), retry_factor     1   697       -5.491605        2.007507        0.500000
       retry log10(dt/yr), log10(dt), retry_factor     1   698       -5.792635        1.706477        0.500000
hydro_newton_step failed to accept
       retry log10(dt/yr), log10(dt), retry_factor     1   699       -6.190575        1.308537        0.500000
       retry log10(dt/yr), log10(dt), retry_factor     1   700       -6.491605        1.007507        0.500000
        700   8.378813  3.946E+06   1.689095   1.728042   1.400000   1.400000   0.000000   0.000000   0.275200   0.065489  15.375152    891    135
  -6.190575   6.701697  -4.792830   0.209871   0.856317  -8.522879   0.000000   0.000000   0.000000   0.020000   0.048166  97.988366      6     23
 8.3684E-04  23.319690   1.752308   0.471923  13.670346  -1.058625   0.000000   0.000000   0.000000   0.000687  8.863E-01  0.436E-11         retry

 grid1/grid1_000700.png/png
 burst_profile/burst_profile000700.png/png
 grid1/grid1_000705.png/png
 burst_profile/burst_profile000705.png/png
       retry log10(dt/yr), log10(dt), retry_factor     1   707       -5.746894        1.752217        0.500000
       retry log10(dt/yr), log10(dt), retry_factor     1   708       -6.144834        1.354277        0.500000
hydro_newton_step failed to accept
       retry log10(dt/yr), log10(dt), retry_factor     1   709       -6.542774        0.956337        0.500000
 grid1/grid1_000710.png/png
 burst_profile/burst_profile000710.png/png
       retry log10(dt/yr), log10(dt), retry_factor     1   714       -6.118745        1.380367        0.500000
hydro_newton_step failed to accept
       retry log10(dt/yr), log10(dt), retry_factor     2   714       -6.419775        1.079337        0.500000
 grid1/grid1_000715.png/png
 burst_profile/burst_profile000715.png/png
hydro_newton_step failed to accept
       retry log10(dt/yr), log10(dt), retry_factor     1   717       -6.817715        0.681397        0.500000
       retry log10(dt/yr), log10(dt), retry_factor     2   717       -7.118745        0.380367        0.500000
       retry log10(dt/yr), log10(dt), retry_factor     1   718       -7.419775        0.079337        0.500000
 grid1/grid1_000720.png/png
 burst_profile/burst_profile000720.png/png
       retry log10(dt/yr), log10(dt), retry_factor     1   723       -7.118745        0.380367        0.500000
       retry log10(dt/yr), log10(dt), retry_factor     1   725       -7.419775        0.079337        0.500000
 grid1/grid1_000725.png/png
 burst_profile/burst_profile000725.png/png
       retry log10(dt/yr), log10(dt), retry_factor     1   727       -7.720805       -0.221693        0.500000
       retry log10(dt/yr), log10(dt), retry_factor     1   729       -8.021835       -0.522723        0.500000
 grid1/grid1_000730.png/png
 burst_profile/burst_profile000730.png/png
 grid1/grid1_000735.png/png
 burst_profile/burst_profile000735.png/png
 grid1/grid1_000740.png/png
 burst_profile/burst_profile000740.png/png
 grid1/grid1_000745.png/png
 burst_profile/burst_profile000745.png/png
 grid1/grid1_000750.png/png
 burst_profile/burst_profile000750.png/png
 grid1/grid1_000755.png/png
 burst_profile/burst_profile000755.png/png
 grid1/grid1_000760.png/png
 burst_profile/burst_profile000760.png/png
 grid1/grid1_000765.png/png
 burst_profile/burst_profile000765.png/png
 grid1/grid1_000770.png/png
 burst_profile/burst_profile000770.png/png
 grid1/grid1_000775.png/png
 burst_profile/burst_profile000775.png/png
 grid1/grid1_000780.png/png
 burst_profile/burst_profile000780.png/png
 grid1/grid1_000785.png/png
 burst_profile/burst_profile000785.png/png
 grid1/grid1_000790.png/png
 burst_profile/burst_profile000790.png/png
 grid1/grid1_000795.png/png
 burst_profile/burst_profile000795.png/png
        800   8.912802  2.068E+07   3.446935   6.405022   1.400000   1.400000   0.000000   0.000000   0.277893   0.047198   3.848732   1008    147
  -7.869436   6.648090  -4.791851   2.884645   4.082717  -8.522879   0.000000   0.000000   0.000000   0.285073   0.033078  27.499023      7     23
 8.6188E-04  23.323193   4.631754   6.404412  14.902751  -0.796074   0.000000   0.000000   0.000000   0.000687  9.197E-01  0.246E-07      lgT_cntr

 grid1/grid1_000800.png/png
 burst_profile/burst_profile000800.png/png
 grid1/grid1_000805.png/png
 burst_profile/burst_profile000805.png/png
       retry log10(dt/yr), log10(dt), retry_factor     1   810       -7.455529        0.043583        0.500000
       retry log10(dt/yr), log10(dt), retry_factor     2   810       -7.756559       -0.257447        0.500000
 have reached retry limit so now backup
       retry log10(dt/yr), log10(dt), retry_factor     1   810       -8.057589       -0.558477        0.500000
       retry log10(dt/yr), log10(dt), retry_factor     2   810       -8.358619       -0.859507        0.500000
 have reached retry limit so now backup
 grid1/grid1_000810.png/png
 burst_profile/burst_profile000810.png/png
       retry log10(dt/yr), log10(dt), retry_factor     1   812       -8.659649       -1.160537        0.500000
       retry log10(dt/yr), log10(dt), retry_factor     2   812       -8.960679       -1.461567        0.500000
 have reached retry limit so now backup
       retry log10(dt/yr), log10(dt), retry_factor     1   813       -9.261709       -1.762597        0.500000
       retry log10(dt/yr), log10(dt), retry_factor     2   813       -9.562739       -2.063627        0.500000
 have reached retry limit so now backup
       retry log10(dt/yr), log10(dt), retry_factor     1   814       -9.863769       -2.364657        0.500000
 grid1/grid1_000815.png/png
 burst_profile/burst_profile000815.png/png
       retry log10(dt/yr), log10(dt), retry_factor     1   820       -9.358619       -1.859507        0.500000
 grid1/grid1_000820.png/png
 burst_profile/burst_profile000820.png/png
 grid1/grid1_000825.png/png
 burst_profile/burst_profile000825.png/png
 grid1/grid1_000830.png/png
 burst_profile/burst_profile000830.png/png
       retry log10(dt/yr), log10(dt), retry_factor     1   833       -7.642530       -0.143418        0.500000
       retry log10(dt/yr), log10(dt), retry_factor     1   834       -8.040470       -0.541358        0.500000
       retry log10(dt/yr), log10(dt), retry_factor     2   834       -8.341500       -0.842388        0.500000
 have reached retry limit so now backup
 grid1/grid1_000835.png/png
 burst_profile/burst_profile000835.png/png
hydro_newton_step failed to accept
       retry log10(dt/yr), log10(dt), retry_factor     1   837       -8.673794       -1.174683        0.500000
       retry log10(dt/yr), log10(dt), retry_factor     1   838       -8.992866       -1.493754        0.500000
 grid1/grid1_000840.png/png
 burst_profile/burst_profile000840.png/png
       retry log10(dt/yr), log10(dt), retry_factor     1   841       -9.293896       -1.794784        0.500000
 grid1/grid1_000845.png/png
 burst_profile/burst_profile000845.png/png
 grid1/grid1_000850.png/png
 burst_profile/burst_profile000850.png/png
 grid1/grid1_000855.png/png
 burst_profile/burst_profile000855.png/png
 grid1/grid1_000860.png/png
 burst_profile/burst_profile000860.png/png
 grid1/grid1_000865.png/png
 burst_profile/burst_profile000865.png/png
 grid1/grid1_000870.png/png
 burst_profile/burst_profile000870.png/png
 grid1/grid1_000875.png/png
 burst_profile/burst_profile000875.png/png
       retry log10(dt/yr), log10(dt), retry_factor     1   878       -8.082031       -0.582919        0.500000
       retry log10(dt/yr), log10(dt), retry_factor     2   878       -8.383061       -0.883949        0.500000
 grid1/grid1_000880.png/png
 burst_profile/burst_profile000880.png/png
       retry log10(dt/yr), log10(dt), retry_factor     1   884       -7.924981       -0.425870        0.500000
 grid1/grid1_000885.png/png
 burst_profile/burst_profile000885.png/png
 grid1/grid1_000890.png/png
 burst_profile/burst_profile000890.png/png
       retry log10(dt/yr), log10(dt), retry_factor     1   891       -7.710159       -0.211047        0.500000
       retry log10(dt/yr), log10(dt), retry_factor     2   891       -8.011189       -0.512077        0.500000
 grid1/grid1_000895.png/png
 burst_profile/burst_profile000895.png/png
hydro_newton_step failed to accept
       retry log10(dt/yr), log10(dt), retry_factor     1   897       -7.578566       -0.079455        0.500000
       retry log10(dt/yr), log10(dt), retry_factor     2   897       -7.879596       -0.380485        0.500000
 have reached retry limit so now backup
        900   8.793216  9.745E+06   1.682924   3.102812   1.400000   1.400000   0.000000   0.000000   0.275200   0.016273   5.474802    953    170
  -7.578566   6.673487  -4.792654   1.724144   2.497452  -8.522879   0.000000   0.000000   0.000000   0.020000   0.018297  36.929044      6     29
 8.6472E-04  23.323741   3.323334   3.066674  14.428638  -0.726764   0.000000   0.000000   0.000000   0.000687  9.654E-01 -0.761E-09          hold

 grid1/grid1_000900.png/png
 burst_profile/burst_profile000900.png/png
 grid1/grid1_000905.png/png
 burst_profile/burst_profile000905.png/png
 grid1/grid1_000910.png/png
 burst_profile/burst_profile000910.png/png
 grid1/grid1_000915.png/png
 burst_profile/burst_profile000915.png/png

stop because model_number >= max_model_number
      918      918

        918   8.632129  6.078E+06   1.205657   2.085775   1.400000   1.400000   0.000000   0.000000   0.275200   0.016542   8.350972    953    170
  -6.606390   6.692427  -4.792824   0.555310   1.674030  -8.522879   0.000000   0.000000   0.000000   0.020000   0.018068  54.296191      6     29
 8.6762E-04  23.324186   2.503000   2.009397  14.127223  -0.795649   0.000000   0.000000   0.000000   0.000687  9.654E-01  0.143E-10      lgT_cntr

save LOGS/profile5.data for model 918
save photos/x918 for model 918
save abund_profile_r_ca37_ag_ti41_01.data for model 918
 saved to final.mod
termination code: max_model_number
        918   8.632129  6.078E+06   1.205657   2.085775   1.400000   1.400000   0.000000   0.000000   0.275200   0.016542   8.350972    953    170
  -6.606390   6.692427  -4.792824   0.555310   1.674030  -8.522879   0.000000   0.000000   0.000000   0.020000   0.018068  54.296191      6     29
 8.6762E-04  23.324186   2.503000   2.009397  14.127223  -0.795649   0.000000   0.000000   0.000000   0.000687  9.654E-01  0.143E-10    varcontrol

DATE: 2021-01-12
TIME: 15:52:17
