                                         version_number       10108
 read /hpc/group/physics/al363/sens/base/inlist_base
 read inlist_cluster
load saved model /hpc/group/physics/al363/sens/base/ns_relax.mod

 change to /hpc/group/physics/al363/sens/base/rp_305.net
             set special rate factor for r_br72_ng_br73          51    1.0000000000000000D+02
             set special rate factor for r_br73_gn_br72          52    1.0000000000000000D+02
             set special rate factor for r_br72_ng_br73          51    1.0000000000000000D+02
             set special rate factor for r_br73_gn_br72          52    1.0000000000000000D+02
 number of species         305
 read /hpc/group/physics/al363/sens/base/history_customACL.list_tau
 read /hpc/group/physics/al363/sens/base/profile_customACL.list_tau
 net name /hpc/group/physics/al363/sens/base/rp_305.net
 v_flag T
                         which_atm_option: grey_and_kap
                                           xmstar/mstar    4.5461189430843640D-12
                                             xmstar (g)    1.2660395722219186D+22
                                           M_center (g)    2.7848799999878681D+33
                                            xmstar/Msun    6.3645665203193175D-12
                                          M_center/Msun    1.3999999999939012D+00
                                          R_center (cm)    1.1200000000000000D+06
                                          R_center/Rsun    1.6092416448748527D-05
                                           core density    4.7322078204273819D+14
                                          L_center/Lsun    4.1647144567650578D+00
 kappa_file_prefix gs98
 kappa_lowT_prefix lowT_fa05_gs98

   eos_file_prefix mesa
                                        OMP_NUM_THREADS           8


__________________________________________________________________________________________________________________________________________________

       step    lg_Tcntr    Teff       lg_LH     lg_Lnuc     Mass       H_rich     H_cntr     N_cntr     Y_surf     X_avg     eta_cntr  zones retry
   lg_dt_yr    lg_Dcntr    lg_R       lg_L3a    lg_Lneu     lg_Mdot    He_core    He_cntr    O_cntr     Z_surf     Y_avg     gam_cntr  iters bckup
     age_yr    lg_Pcntr    lg_L       lg_LZ     lg_Psurf    lg_Dsurf   C_core     C_cntr     Ne_cntr    Si_cntr    Z_avg     v_div_cs     dt_limit
__________________________________________________________________________________________________________________________________________________

save LOGS/profile1.data for model 2
 grid1/grid1_000005.png/png
 burst_profile/burst_profile000005.png/png
          6   8.165156  1.497E+06   0.087590   0.087976   1.400000   1.400000   0.000000   0.000000   0.275200   0.030886  22.514775    791      0
  -5.817651   6.610341  -4.793035 -18.862378  -1.086578  -8.522879   0.000000   0.000000   0.000000   0.020000   0.011710 149.410225      6      0
 4.0040E-06  23.176196   0.068337  -2.962874  12.744977  -1.553972   0.000000   0.000000   0.000000   0.000687  9.574E-01  0.395E-11      lgT_cntr

save LOGS/profile2.data for model 6
 grid1/grid1_000010.png/png
 burst_profile/burst_profile000010.png/png
 grid1/grid1_000015.png/png
 burst_profile/burst_profile000015.png/png
 grid1/grid1_000020.png/png
 burst_profile/burst_profile000020.png/png
 grid1/grid1_000025.png/png
 burst_profile/burst_profile000025.png/png
       retry log10(dt/yr), log10(dt), retry_factor     1    30       -5.532111        1.967001        0.500000
 grid1/grid1_000030.png/png
 burst_profile/burst_profile000030.png/png
       retry log10(dt/yr), log10(dt), retry_factor     1    35       -5.231081        2.268031        0.500000
 grid1/grid1_000035.png/png
 burst_profile/burst_profile000035.png/png
       retry log10(dt/yr), log10(dt), retry_factor     1    36       -5.532111        1.967001        0.500000
       retry log10(dt/yr), log10(dt), retry_factor     1    40       -5.532111        1.967001        0.500000
 grid1/grid1_000040.png/png
 burst_profile/burst_profile000040.png/png
       retry log10(dt/yr), log10(dt), retry_factor     1    45       -5.231081        2.268031        0.500000
 grid1/grid1_000045.png/png
 burst_profile/burst_profile000045.png/png
       retry log10(dt/yr), log10(dt), retry_factor     1    49       -5.231081        2.268031        0.500000
 grid1/grid1_000050.png/png
 burst_profile/burst_profile000050.png/png
       retry log10(dt/yr), log10(dt), retry_factor     1    53       -5.231081        2.268031        0.500000
 grid1/grid1_000055.png/png
 burst_profile/burst_profile000055.png/png
       retry log10(dt/yr), log10(dt), retry_factor     1    56       -5.532111        1.967001        0.500000
       retry log10(dt/yr), log10(dt), retry_factor     2    56       -5.833141        1.665971        0.500000
 have reached retry limit so now backup
 grid1/grid1_000055.png/png
 burst_profile/burst_profile000055.png/png
       retry log10(dt/yr), log10(dt), retry_factor     1    58       -6.134171        1.364941        0.500000
       retry log10(dt/yr), log10(dt), retry_factor     2    58       -6.435201        1.063911        0.500000
 have reached retry limit so now backup
       retry log10(dt/yr), log10(dt), retry_factor     1    58       -6.736231        0.762881        0.500000
       retry log10(dt/yr), log10(dt), retry_factor     2    58       -7.037261        0.461851        0.500000
 have reached retry limit so now backup
       retry log10(dt/yr), log10(dt), retry_factor     1    60       -7.338291        0.160821        0.500000
       retry log10(dt/yr), log10(dt), retry_factor     2    60       -7.639321       -0.140209        0.500000
 have reached retry limit so now backup
 grid1/grid1_000060.png/png
 burst_profile/burst_profile000060.png/png
       retry log10(dt/yr), log10(dt), retry_factor     1    62       -7.940351       -0.441239        0.500000
       retry log10(dt/yr), log10(dt), retry_factor     2    62       -8.241381       -0.742269        0.500000
 grid1/grid1_000065.png/png
 burst_profile/burst_profile000065.png/png
 grid1/grid1_000070.png/png
 burst_profile/burst_profile000070.png/png
 grid1/grid1_000075.png/png
 burst_profile/burst_profile000075.png/png
       retry log10(dt/yr), log10(dt), retry_factor     1    76       -5.231081        2.268031        0.500000
       retry log10(dt/yr), log10(dt), retry_factor     2    76       -5.532111        1.967001        0.500000
       retry log10(dt/yr), log10(dt), retry_factor     1    77       -5.833141        1.665971        0.500000
       retry log10(dt/yr), log10(dt), retry_factor     2    77       -6.134171        1.364941        0.500000
 have reached retry limit so now backup
       retry log10(dt/yr), log10(dt), retry_factor     1    80       -6.435201        1.063911        0.500000
       retry log10(dt/yr), log10(dt), retry_factor     2    80       -6.736231        0.762881        0.500000
 have reached retry limit so now backup
 grid1/grid1_000080.png/png
 burst_profile/burst_profile000080.png/png
       retry log10(dt/yr), log10(dt), retry_factor     1    81       -7.037261        0.461851        0.500000
       retry log10(dt/yr), log10(dt), retry_factor     2    81       -7.338291        0.160821        0.500000
 have reached retry limit so now backup
 grid1/grid1_000080.png/png
 burst_profile/burst_profile000080.png/png
       retry log10(dt/yr), log10(dt), retry_factor     1    84       -7.639321       -0.140209        0.500000
       retry log10(dt/yr), log10(dt), retry_factor     2    84       -7.940351       -0.441239        0.500000
 have reached retry limit so now backup
       retry log10(dt/yr), log10(dt), retry_factor     1    84       -8.241381       -0.742269        0.500000
 grid1/grid1_000085.png/png
 burst_profile/burst_profile000085.png/png
 grid1/grid1_000090.png/png
 burst_profile/burst_profile000090.png/png
 grid1/grid1_000095.png/png
 burst_profile/burst_profile000095.png/png
       retry log10(dt/yr), log10(dt), retry_factor     1    97       -5.708197        1.790914        0.500000
       retry log10(dt/yr), log10(dt), retry_factor     1    98       -6.029742        1.469369        0.500000
       retry log10(dt/yr), log10(dt), retry_factor     1    99       -6.330772        1.168339        0.500000
        100   8.444841  4.670E+06   2.033172   2.166622   1.400000   1.400000   0.000000   0.000000   0.275200   0.100536  12.226478    752     31
  -6.029742   6.642744  -4.792800   1.206170   1.283423  -8.522879   0.000000   0.000000   0.000000   0.020000   0.058448  80.444496      6      8
 3.1300E-04  23.235090   2.045017   1.357015  13.860470  -0.943582   0.000000   0.000000   0.000000   0.000687  8.410E-01  0.987E-12          hold

 grid1/grid1_000100.png/png
 burst_profile/burst_profile000100.png/png
       retry log10(dt/yr), log10(dt), retry_factor     1   101       -6.631802        0.867309        0.500000
       retry log10(dt/yr), log10(dt), retry_factor     1   103       -6.932832        0.566279        0.500000
hydro_newton_step failed to accept
       retry log10(dt/yr), log10(dt), retry_factor     1   104       -7.233862        0.265249        0.500000
 grid1/grid1_000105.png/png
 burst_profile/burst_profile000105.png/png
       retry log10(dt/yr), log10(dt), retry_factor     1   106       -7.534892       -0.035780        0.500000
       retry log10(dt/yr), log10(dt), retry_factor     1   110       -7.649240       -0.150129        0.500000
       retry log10(dt/yr), log10(dt), retry_factor     2   110       -7.950270       -0.451159        0.500000
 grid1/grid1_000110.png/png
 burst_profile/burst_profile000110.png/png
       retry log10(dt/yr), log10(dt), retry_factor     1   112       -8.333830       -0.834718        0.500000
 grid1/grid1_000115.png/png
 burst_profile/burst_profile000115.png/png
 grid1/grid1_000120.png/png
 burst_profile/burst_profile000120.png/png
 grid1/grid1_000125.png/png
 burst_profile/burst_profile000125.png/png
 grid1/grid1_000130.png/png
 burst_profile/burst_profile000130.png/png
 grid1/grid1_000135.png/png
 burst_profile/burst_profile000135.png/png
 grid1/grid1_000140.png/png
 burst_profile/burst_profile000140.png/png
 grid1/grid1_000145.png/png
 burst_profile/burst_profile000145.png/png
 grid1/grid1_000150.png/png
 burst_profile/burst_profile000150.png/png
 grid1/grid1_000155.png/png
 burst_profile/burst_profile000155.png/png
 grid1/grid1_000160.png/png
 burst_profile/burst_profile000160.png/png
 grid1/grid1_000165.png/png
 burst_profile/burst_profile000165.png/png
                       super eddington wind: lg_Mdot, L/Ledd         166    -9.70912     1.00797
                       super eddington wind: lg_Mdot, L/Ledd         167    -9.00226     1.04052
                       super eddington wind: lg_Mdot, L/Ledd         168    -8.75724     1.07121
                       super eddington wind: lg_Mdot, L/Ledd         169    -8.62875     1.09559
                       super eddington wind: lg_Mdot, L/Ledd         170    -8.51937     1.12296
 grid1/grid1_000170.png/png
 burst_profile/burst_profile000170.png/png
                       super eddington wind: lg_Mdot, L/Ledd         171    -8.42281     1.15344
                       super eddington wind: lg_Mdot, L/Ledd         172    -8.60112     1.10159
                       super eddington wind: lg_Mdot, L/Ledd         173    -8.45942     1.14065
                       super eddington wind: lg_Mdot, L/Ledd         174    -8.38659     1.16629
                       super eddington wind: lg_Mdot, L/Ledd         175    -8.53005     1.11925
 grid1/grid1_000175.png/png
 burst_profile/burst_profile000175.png/png
                       super eddington wind: lg_Mdot, L/Ledd         176    -8.40156     1.16041
                       super eddington wind: lg_Mdot, L/Ledd         177    -8.32948     1.18927
                       super eddington wind: lg_Mdot, L/Ledd         178    -8.44958     1.14298
                       super eddington wind: lg_Mdot, L/Ledd         179    -8.33735     1.18521
                       super eddington wind: lg_Mdot, L/Ledd         180    -8.27487     1.21355
 grid1/grid1_000180.png/png
 burst_profile/burst_profile000180.png/png
                       super eddington wind: lg_Mdot, L/Ledd         181    -8.39466     1.16187
                       super eddington wind: lg_Mdot, L/Ledd         182    -8.30143     1.20045
                       super eddington wind: lg_Mdot, L/Ledd         183    -8.24741     1.22684
                       super eddington wind: lg_Mdot, L/Ledd         184    -8.36490     1.17275
                       super eddington wind: lg_Mdot, L/Ledd         185    -8.27688     1.21140
 grid1/grid1_000185.png/png
 burst_profile/burst_profile000185.png/png
                       super eddington wind: lg_Mdot, L/Ledd         186    -8.23425     1.23305
                       super eddington wind: lg_Mdot, L/Ledd         187    -8.36217     1.17320
                       super eddington wind: lg_Mdot, L/Ledd         188    -8.28221     1.20799
                       super eddington wind: lg_Mdot, L/Ledd         189    -8.25501     1.22131
                       super eddington wind: lg_Mdot, L/Ledd         190    -8.39339     1.16055
 grid1/grid1_000190.png/png
 burst_profile/burst_profile000190.png/png
                       super eddington wind: lg_Mdot, L/Ledd         191    -8.34055     1.18104
                       super eddington wind: lg_Mdot, L/Ledd         192    -8.32195     1.18879
                       super eddington wind: lg_Mdot, L/Ledd         193    -8.51201     1.12163
       retry log10(dt/yr), log10(dt), retry_factor     1   193       -9.066463       -1.567352        0.500000
                       super eddington wind: lg_Mdot, L/Ledd         193    -8.51201     1.12163
       retry log10(dt/yr), log10(dt), retry_factor     2   193       -9.367493       -1.868382        0.500000
                       super eddington wind: lg_Mdot, L/Ledd         193    -8.51201     1.12163
                       super eddington wind: lg_Mdot, L/Ledd         194    -8.46015     1.13697
                       super eddington wind: lg_Mdot, L/Ledd         195    -8.59123     1.10118
 grid1/grid1_000195.png/png
 burst_profile/burst_profile000195.png/png
                       super eddington wind: lg_Mdot, L/Ledd         196    -8.48341     1.12987
                       super eddington wind: lg_Mdot, L/Ledd         197    -8.35534     1.17432
                       super eddington wind: lg_Mdot, L/Ledd         198    -8.56469     1.10759
                       super eddington wind: lg_Mdot, L/Ledd         199    -8.47637     1.13177
                       super eddington wind: lg_Mdot, L/Ledd         200    -8.71861     1.07538
        200   8.951826  2.390E+07   3.720406   6.685552   1.400000   1.400000   0.000000   0.000000   0.295242   0.075526   3.043298    674     40
  -8.876040   6.568853  -4.791542   3.023346   4.380480  -8.718611   0.000000   0.000000   0.000000   0.202530   0.044741  23.652711      6      8
 3.1498E-04  23.235203   4.883732   6.684987  15.064346  -0.895149   0.000000   0.000000   0.000000   0.000687  8.797E-01  0.644E-04    varcontrol

 grid1/grid1_000200.png/png
 burst_profile/burst_profile000200.png/png
                       super eddington wind: lg_Mdot, L/Ledd         201    -8.54247     1.11312
       retry log10(dt/yr), log10(dt), retry_factor     1   201       -9.294375       -1.795263        0.500000
                       super eddington wind: lg_Mdot, L/Ledd         201    -8.54247     1.11312
                       super eddington wind: lg_Mdot, L/Ledd         202    -8.46343     1.13569
                       super eddington wind: lg_Mdot, L/Ledd         203    -8.68049     1.08224
                       super eddington wind: lg_Mdot, L/Ledd         204    -8.54000     1.11355
                       super eddington wind: lg_Mdot, L/Ledd         205    -8.81020     1.06095
 grid1/grid1_000205.png/png
 burst_profile/burst_profile000205.png/png
                       super eddington wind: lg_Mdot, L/Ledd         206    -8.61317     1.09591
                       super eddington wind: lg_Mdot, L/Ledd         207    -8.55872     1.10871
       retry log10(dt/yr), log10(dt), retry_factor     1   207       -9.059151       -1.560039        0.500000
                       super eddington wind: lg_Mdot, L/Ledd         207    -8.55872     1.10871
                       super eddington wind: lg_Mdot, L/Ledd         208    -8.81416     1.06029
                       super eddington wind: lg_Mdot, L/Ledd         209    -8.69977     1.07853
                       super eddington wind: lg_Mdot, L/Ledd         210    -8.97370     1.04174
 grid1/grid1_000210.png/png
 burst_profile/burst_profile000210.png/png
                       super eddington wind: lg_Mdot, L/Ledd         211    -8.79125     1.06354
                       super eddington wind: lg_Mdot, L/Ledd         212    -9.20431     1.02451
       retry log10(dt/yr), log10(dt), retry_factor     1   212       -9.084815       -1.585704        0.500000
                       super eddington wind: lg_Mdot, L/Ledd         212    -9.20431     1.02451
                       super eddington wind: lg_Mdot, L/Ledd         213    -8.95338     1.04366
                       super eddington wind: lg_Mdot, L/Ledd         214    -9.59613     1.00994
                       super eddington wind: lg_Mdot, L/Ledd         215    -9.17212     1.02637
 grid1/grid1_000215.png/png
 burst_profile/burst_profile000215.png/png
                       super eddington wind: lg_Mdot, L/Ledd         216    -8.95047     1.04394
                       super eddington wind: lg_Mdot, L/Ledd         217    -9.84850     1.00555
 grid1/grid1_000220.png/png
 burst_profile/burst_profile000220.png/png
       retry log10(dt/yr), log10(dt), retry_factor     1   221       -9.152126       -1.653014        0.500000
       retry log10(dt/yr), log10(dt), retry_factor     2   221       -9.453156       -1.954044        0.500000
 grid1/grid1_000225.png/png
 burst_profile/burst_profile000225.png/png
 grid1/grid1_000230.png/png
 burst_profile/burst_profile000230.png/png
 grid1/grid1_000235.png/png
 burst_profile/burst_profile000235.png/png
 grid1/grid1_000240.png/png
 burst_profile/burst_profile000240.png/png
       retry log10(dt/yr), log10(dt), retry_factor     1   241       -7.604770       -0.105658        0.500000
       retry log10(dt/yr), log10(dt), retry_factor     2   241       -7.905800       -0.406688        0.500000
 have reached retry limit so now backup
 grid1/grid1_000240.png/png
 burst_profile/burst_profile000240.png/png
 grid1/grid1_000245.png/png
 burst_profile/burst_profile000245.png/png
       retry log10(dt/yr), log10(dt), retry_factor     1   248       -7.924571       -0.425460        0.500000
hydro_newton_step failed to accept
       retry log10(dt/yr), log10(dt), retry_factor     1   249       -8.322511       -0.823400        0.500000
       retry log10(dt/yr), log10(dt), retry_factor     2   249       -8.623541       -1.124430        0.500000
 have reached retry limit so now backup
 grid1/grid1_000250.png/png
 burst_profile/burst_profile000250.png/png
       retry log10(dt/yr), log10(dt), retry_factor     1   252       -8.924571       -1.425460        0.500000
       retry log10(dt/yr), log10(dt), retry_factor     2   252       -9.225601       -1.726490        0.500000
 grid1/grid1_000255.png/png
 burst_profile/burst_profile000255.png/png
hydro_newton_step failed to accept
       retry log10(dt/yr), log10(dt), retry_factor     1   259       -8.322511       -0.823400        0.500000
       retry log10(dt/yr), log10(dt), retry_factor     2   259       -8.623541       -1.124430        0.500000
 have reached retry limit so now backup
 grid1/grid1_000260.png/png
 burst_profile/burst_profile000260.png/png
       retry log10(dt/yr), log10(dt), retry_factor     1   264       -8.322511       -0.823400        0.500000
       retry log10(dt/yr), log10(dt), retry_factor     2   264       -8.623541       -1.124430        0.500000
 grid1/grid1_000265.png/png
 burst_profile/burst_profile000265.png/png
 grid1/grid1_000270.png/png
 burst_profile/burst_profile000270.png/png
       retry log10(dt/yr), log10(dt), retry_factor     1   273       -7.818314       -0.319203        0.500000
       retry log10(dt/yr), log10(dt), retry_factor     2   273       -8.119344       -0.620233        0.500000
 have reached retry limit so now backup
 grid1/grid1_000275.png/png
 burst_profile/burst_profile000275.png/png
       retry log10(dt/yr), log10(dt), retry_factor     1   276       -8.501706       -1.002594        0.500000
 grid1/grid1_000280.png/png
 burst_profile/burst_profile000280.png/png
 grid1/grid1_000285.png/png
 burst_profile/burst_profile000285.png/png
       retry log10(dt/yr), log10(dt), retry_factor     1   290       -7.782857       -0.283746        0.500000
hydro_newton_step failed to accept
       retry log10(dt/yr), log10(dt), retry_factor     2   290       -8.083887       -0.584776        0.500000
 have reached retry limit so now backup
 grid1/grid1_000290.png/png
 burst_profile/burst_profile000290.png/png
 grid1/grid1_000295.png/png
 burst_profile/burst_profile000295.png/png
        300   8.824008  1.199E+07   2.233282   3.931038   1.400000   1.400000   0.000000   0.000000   0.275200   0.021522   4.593314    708     61
  -6.820978   6.604341  -4.792559   2.014819   2.984323  -8.522879   0.000000   0.000000   0.000000   0.020000   0.021067  32.623259      7     13
 3.1759E-04  23.235840   3.683097   3.916831  14.502630  -0.781910   0.000000   0.000000   0.000000   0.000687  9.574E-01  0.355E-12          dH/H

 grid1/grid1_000300.png/png
 burst_profile/burst_profile000300.png/png
       retry log10(dt/yr), log10(dt), retry_factor     1   303       -7.713768       -0.214656        0.500000
       retry log10(dt/yr), log10(dt), retry_factor     2   303       -8.014798       -0.515686        0.500000
 grid1/grid1_000305.png/png
 burst_profile/burst_profile000305.png/png
       retry log10(dt/yr), log10(dt), retry_factor     1   308       -7.713768       -0.214656        0.500000
       retry log10(dt/yr), log10(dt), retry_factor     2   308       -8.014798       -0.515686        0.500000
 grid1/grid1_000310.png/png
 burst_profile/burst_profile000310.png/png
hydro_newton_step failed to accept
       retry log10(dt/yr), log10(dt), retry_factor     1   313       -7.713768       -0.214656        0.500000
       retry log10(dt/yr), log10(dt), retry_factor     2   313       -8.014798       -0.515686        0.500000
 have reached retry limit so now backup
 grid1/grid1_000315.png/png
 burst_profile/burst_profile000315.png/png
hydro_newton_step failed to accept
       retry log10(dt/yr), log10(dt), retry_factor     1   319       -7.622593       -0.123482        0.500000
       retry log10(dt/yr), log10(dt), retry_factor     2   319       -7.923623       -0.424512        0.500000
 have reached retry limit so now backup
 grid1/grid1_000320.png/png
 burst_profile/burst_profile000320.png/png
hydro_newton_step failed to accept
       retry log10(dt/yr), log10(dt), retry_factor     1   325       -7.553003       -0.053891        0.500000
 grid1/grid1_000325.png/png
 burst_profile/burst_profile000325.png/png
       retry log10(dt/yr), log10(dt), retry_factor     1   326       -7.880126       -0.381014        0.500000
 grid1/grid1_000330.png/png
 burst_profile/burst_profile000330.png/png
       retry log10(dt/yr), log10(dt), retry_factor     1   332       -7.516333       -0.017221        0.500000
       retry log10(dt/yr), log10(dt), retry_factor     2   332       -7.817363       -0.318251        0.500000
 grid1/grid1_000335.png/png
 burst_profile/burst_profile000335.png/png
 grid1/grid1_000340.png/png
 burst_profile/burst_profile000340.png/png
 grid1/grid1_000345.png/png
 burst_profile/burst_profile000345.png/png
 grid1/grid1_000350.png/png
 burst_profile/burst_profile000350.png/png
 grid1/grid1_000355.png/png
 burst_profile/burst_profile000355.png/png
       retry log10(dt/yr), log10(dt), retry_factor     1   357       -6.765019        0.734093        0.500000
 grid1/grid1_000360.png/png
 burst_profile/burst_profile000360.png/png
 grid1/grid1_000365.png/png
 burst_profile/burst_profile000365.png/png
 grid1/grid1_000370.png/png
 burst_profile/burst_profile000370.png/png
 grid1/grid1_000375.png/png
 burst_profile/burst_profile000375.png/png
       retry log10(dt/yr), log10(dt), retry_factor     1   378       -5.094626        2.404486        0.500000
       retry log10(dt/yr), log10(dt), retry_factor     2   378       -5.395656        2.103456        0.500000
 grid1/grid1_000380.png/png
 burst_profile/burst_profile000380.png/png
       retry log10(dt/yr), log10(dt), retry_factor     1   381       -5.789563        1.709548        0.500000
       retry log10(dt/yr), log10(dt), retry_factor     2   381       -6.090593        1.408518        0.500000
 grid1/grid1_000385.png/png
 burst_profile/burst_profile000385.png/png
       retry log10(dt/yr), log10(dt), retry_factor     1   387       -5.679938        1.819174        0.500000
 grid1/grid1_000390.png/png
 burst_profile/burst_profile000390.png/png
       retry log10(dt/yr), log10(dt), retry_factor     1   392       -5.576008        1.923103        0.500000
 grid1/grid1_000395.png/png
 burst_profile/burst_profile000395.png/png
       retry log10(dt/yr), log10(dt), retry_factor     1   397       -5.533512        1.965600        0.500000
       retry log10(dt/yr), log10(dt), retry_factor     2   397       -5.834542        1.664570        0.500000
       retry log10(dt/yr), log10(dt), retry_factor     1   398       -6.135572        1.363540        0.500000
       retry log10(dt/yr), log10(dt), retry_factor     1   399       -6.436602        1.062510        0.500000
       retry log10(dt/yr), log10(dt), retry_factor     2   399       -6.737632        0.761480        0.500000
 have reached retry limit so now backup
        400   8.340201  3.557E+06   1.475496   1.503250   1.400000   1.400000   0.000000   0.000000   0.275200   0.056544  16.067211    747     85
  -6.436602   6.665102  -4.792883  -1.313444   0.653181  -8.522879   0.000000   0.000000   0.000000   0.020000   0.040360 104.133140      6     16
 4.7794E-04  23.263537   1.572230   0.284155  13.552312  -1.130747   0.000000   0.000000   0.000000   0.000687  9.031E-01  0.824E-11          hold

 grid1/grid1_000400.png/png
 burst_profile/burst_profile000400.png/png
 grid1/grid1_000405.png/png
 burst_profile/burst_profile000405.png/png
       retry log10(dt/yr), log10(dt), retry_factor     1   408       -5.396191        2.102920        0.500000
       retry log10(dt/yr), log10(dt), retry_factor     1   409       -5.794131        1.704980        0.500000
       retry log10(dt/yr), log10(dt), retry_factor     2   409       -6.095161        1.403950        0.500000
 have reached retry limit so now backup
       retry log10(dt/yr), log10(dt), retry_factor     1   410       -6.396191        1.102920        0.500000
       retry log10(dt/yr), log10(dt), retry_factor     2   410       -6.697221        0.801890        0.500000
 have reached retry limit so now backup
       retry log10(dt/yr), log10(dt), retry_factor     1   410       -6.998251        0.500860        0.500000
       retry log10(dt/yr), log10(dt), retry_factor     2   410       -7.299281        0.199830        0.500000
 have reached retry limit so now backup
       retry log10(dt/yr), log10(dt), retry_factor     1   410       -7.600311       -0.101200        0.500000
       retry log10(dt/yr), log10(dt), retry_factor     2   410       -7.901341       -0.402230        0.500000
 grid1/grid1_000410.png/png
 burst_profile/burst_profile000410.png/png
 grid1/grid1_000415.png/png
 burst_profile/burst_profile000415.png/png
 grid1/grid1_000420.png/png
 burst_profile/burst_profile000420.png/png
       retry log10(dt/yr), log10(dt), retry_factor     1   424       -5.465601        2.033510        0.500000
       retry log10(dt/yr), log10(dt), retry_factor     2   424       -5.766631        1.732480        0.500000
 grid1/grid1_000425.png/png
 burst_profile/burst_profile000425.png/png
       retry log10(dt/yr), log10(dt), retry_factor     1   429       -5.739304        1.759807        0.500000
hydro_newton_step failed to accept
       retry log10(dt/yr), log10(dt), retry_factor     2   429       -6.040334        1.458777        0.500000
       retry log10(dt/yr), log10(dt), retry_factor     1   430       -6.438274        1.060837        0.500000
 grid1/grid1_000430.png/png
 burst_profile/burst_profile000430.png/png
       retry log10(dt/yr), log10(dt), retry_factor     1   431       -6.739304        0.759807        0.500000
 grid1/grid1_000435.png/png
 burst_profile/burst_profile000435.png/png
       retry log10(dt/yr), log10(dt), retry_factor     1   439       -5.826801        1.672311        0.500000
hydro_newton_step failed to accept
       retry log10(dt/yr), log10(dt), retry_factor     2   439       -6.127831        1.371281        0.500000
hydro_newton_step failed to accept
       retry log10(dt/yr), log10(dt), retry_factor     1   440       -6.525771        0.973341        0.500000
 grid1/grid1_000440.png/png
 burst_profile/burst_profile000440.png/png
       retry log10(dt/yr), log10(dt), retry_factor     1   445       -5.967449        1.531662        0.500000
 grid1/grid1_000445.png/png
 burst_profile/burst_profile000445.png/png
        446   8.429536  4.532E+06   1.967087   2.104029   1.400000   1.400000   0.000000   0.000000   0.275200   0.075654  13.190106    751    104
  -5.666419   6.674183  -4.792805   1.298856   1.172658  -8.522879   0.000000   0.000000   0.000000   0.020000   0.053480  85.365121      7     19
 5.8459E-04  23.280981   1.992853   1.160293  13.826962  -0.963663   0.000000   0.000000   0.000000   0.000687  8.709E-01 -0.252E-10          hold

save LOGS/profile3.data for model 446
       retry log10(dt/yr), log10(dt), retry_factor     1   447       -6.365389        1.133722        0.500000
       retry log10(dt/yr), log10(dt), retry_factor     2   447       -6.666419        0.832692        0.500000
 have reached retry limit so now backup
        446   8.415512  4.343E+06   1.881321   1.967992   1.400000   1.400000   0.000000   0.000000   0.275200   0.075525  13.635807    751    106
  -6.365389   6.674479  -4.792816   1.011979   1.051181  -8.522879   0.000000   0.000000   0.000000   0.020000   0.053672  88.186638      6     20
 5.8287E-04  23.280707   1.918989   0.814673  13.779230  -0.992454   0.000000   0.000000   0.000000   0.000687  8.708E-01  0.832E-11        backup

save LOGS/profile3.data for model 446
 grid1/grid1_000450.png/png
 burst_profile/burst_profile000450.png/png
hydro_newton_step failed to accept
       retry log10(dt/yr), log10(dt), retry_factor     1   451       -6.764697        0.734415        0.500000
       retry log10(dt/yr), log10(dt), retry_factor     1   453       -6.538531        0.960580        0.500000
       retry log10(dt/yr), log10(dt), retry_factor     1   455       -6.839561        0.659550        0.500000
 grid1/grid1_000455.png/png
 burst_profile/burst_profile000455.png/png
       retry log10(dt/yr), log10(dt), retry_factor     1   457       -7.140591        0.358520        0.500000
       retry log10(dt/yr), log10(dt), retry_factor     1   459       -7.441621        0.057490        0.500000
 grid1/grid1_000460.png/png
 burst_profile/burst_profile000460.png/png
       retry log10(dt/yr), log10(dt), retry_factor     1   461       -7.742651       -0.243540        0.500000
       retry log10(dt/yr), log10(dt), retry_factor     1   465       -7.923956       -0.424844        0.500000
 grid1/grid1_000465.png/png
 burst_profile/burst_profile000465.png/png
       retry log10(dt/yr), log10(dt), retry_factor     1   466       -8.297018       -0.797906        0.500000
 grid1/grid1_000470.png/png
 burst_profile/burst_profile000470.png/png
 grid1/grid1_000475.png/png
 burst_profile/burst_profile000475.png/png
 grid1/grid1_000480.png/png
 burst_profile/burst_profile000480.png/png
 grid1/grid1_000485.png/png
 burst_profile/burst_profile000485.png/png
       retry log10(dt/yr), log10(dt), retry_factor     1   489       -9.308277       -1.809165        0.500000
 grid1/grid1_000490.png/png
 burst_profile/burst_profile000490.png/png
       retry log10(dt/yr), log10(dt), retry_factor     1   493       -9.308277       -1.809165        0.500000
 grid1/grid1_000495.png/png
 burst_profile/burst_profile000495.png/png
        500   8.463337  1.534E+07   3.553398   6.572561   1.400000   1.400000   0.000000   0.000000   0.275200   0.071556  12.168336    783    116
  -8.499988   6.673184  -4.792026   3.270975   4.165222  -8.522879   0.000000   0.000000   0.000000   0.020000   0.046777  78.912555      7     20
 5.8795E-04  23.281430   4.112462   6.571928  14.626130  -0.861962   0.000000   0.000000   0.000000   0.000687  8.817E-01 -0.294E-08    varcontrol

save LOGS/profile4.data for model 500
save photos/x500 for model 500
 grid1/grid1_000500.png/png
 burst_profile/burst_profile000500.png/png
 grid1/grid1_000505.png/png
 burst_profile/burst_profile000505.png/png
 grid1/grid1_000510.png/png
 burst_profile/burst_profile000510.png/png
 grid1/grid1_000515.png/png
 burst_profile/burst_profile000515.png/png
 grid1/grid1_000520.png/png
 burst_profile/burst_profile000520.png/png
 grid1/grid1_000525.png/png
 burst_profile/burst_profile000525.png/png
 grid1/grid1_000530.png/png
 burst_profile/burst_profile000530.png/png
 grid1/grid1_000535.png/png
 burst_profile/burst_profile000535.png/png
 grid1/grid1_000540.png/png
 burst_profile/burst_profile000540.png/png
 grid1/grid1_000545.png/png
 burst_profile/burst_profile000545.png/png
 grid1/grid1_000550.png/png
 burst_profile/burst_profile000550.png/png
       retry log10(dt/yr), log10(dt), retry_factor     1   551       -7.470058        0.029054        0.500000
       retry log10(dt/yr), log10(dt), retry_factor     2   551       -7.771088       -0.271976        0.500000
 have reached retry limit so now backup
 grid1/grid1_000550.png/png
 burst_profile/burst_profile000550.png/png
       retry log10(dt/yr), log10(dt), retry_factor     1   553       -8.072118       -0.573006        0.500000
       retry log10(dt/yr), log10(dt), retry_factor     2   553       -8.373148       -0.874036        0.500000
 have reached retry limit so now backup
       retry log10(dt/yr), log10(dt), retry_factor     1   554       -8.674178       -1.175066        0.500000
       retry log10(dt/yr), log10(dt), retry_factor     2   554       -8.975208       -1.476096        0.500000
 have reached retry limit so now backup
 grid1/grid1_000555.png/png
 burst_profile/burst_profile000555.png/png
       retry log10(dt/yr), log10(dt), retry_factor     1   557       -9.276238       -1.777126        0.500000
       retry log10(dt/yr), log10(dt), retry_factor     2   557       -9.577268       -2.078156        0.500000
 have reached retry limit so now backup
       retry log10(dt/yr), log10(dt), retry_factor     1   559       -9.878298       -2.379186        0.500000
       retry log10(dt/yr), log10(dt), retry_factor     2   559      -10.179328       -2.680216        0.500000
 have reached retry limit so now backup
 grid1/grid1_000560.png/png
 burst_profile/burst_profile000560.png/png
       retry log10(dt/yr), log10(dt), retry_factor     1   561      -10.480358       -2.981246        0.500000
       retry log10(dt/yr), log10(dt), retry_factor     2   561      -10.781388       -3.282276        0.500000
 have reached retry limit so now backup
 grid1/grid1_000560.png/png
 burst_profile/burst_profile000560.png/png
       retry log10(dt/yr), log10(dt), retry_factor     1   564      -11.082418       -3.583306        0.500000
 grid1/grid1_000565.png/png
 burst_profile/burst_profile000565.png/png
 grid1/grid1_000570.png/png
 burst_profile/burst_profile000570.png/png
 grid1/grid1_000575.png/png
 burst_profile/burst_profile000575.png/png
 grid1/grid1_000580.png/png
 burst_profile/burst_profile000580.png/png
       retry log10(dt/yr), log10(dt), retry_factor     1   582       -7.436821        0.062290        0.500000
       retry log10(dt/yr), log10(dt), retry_factor     1   584       -7.931671       -0.432560        0.500000
       retry log10(dt/yr), log10(dt), retry_factor     2   584       -8.232701       -0.733590        0.500000
       retry log10(dt/yr), log10(dt), retry_factor     1   585       -8.533731       -1.034620        0.500000
hydro_newton_step failed to accept
       retry log10(dt/yr), log10(dt), retry_factor     2   585       -8.834761       -1.335650        0.500000
 grid1/grid1_000585.png/png
 burst_profile/burst_profile000585.png/png
 grid1/grid1_000590.png/png
 burst_profile/burst_profile000590.png/png
hydro_newton_step failed to accept
       retry log10(dt/yr), log10(dt), retry_factor     1   593       -8.178087       -0.678976        0.500000
hydro_newton_step failed to accept
       retry log10(dt/yr), log10(dt), retry_factor     2   593       -8.479117       -0.980006        0.500000
 have reached retry limit so now backup
 grid1/grid1_000595.png/png
 burst_profile/burst_profile000595.png/png
hydro_newton_step failed to accept
       retry log10(dt/yr), log10(dt), retry_factor     1   598       -8.297513       -0.798402        0.500000
        600   8.938232  1.595E+07   2.836211   5.298317   1.400000   1.400000   0.000000   0.000000   0.274991   0.026751   3.376787    796    137
  -7.417470   6.609229  -4.792278   2.442335   3.493737  -8.522879   0.000000   0.000000   0.000000   0.050599   0.024026  25.172917     12     27
 5.8935E-04  23.281661   4.179806   5.296208  14.652720  -0.874216   0.000000   0.000000   0.000000   0.000687  9.492E-01  0.493E-09  max increase

 grid1/grid1_000600.png/png
 burst_profile/burst_profile000600.png/png
 grid1/grid1_000605.png/png
 burst_profile/burst_profile000605.png/png
 grid1/grid1_000610.png/png
 burst_profile/burst_profile000610.png/png
 grid1/grid1_000615.png/png
 burst_profile/burst_profile000615.png/png
 grid1/grid1_000620.png/png
 burst_profile/burst_profile000620.png/png
       retry log10(dt/yr), log10(dt), retry_factor     1   623       -7.863450       -0.364339        0.500000
       retry log10(dt/yr), log10(dt), retry_factor     2   623       -8.164480       -0.665369        0.500000
 have reached retry limit so now backup
 grid1/grid1_000625.png/png
 burst_profile/burst_profile000625.png/png
 grid1/grid1_000630.png/png
 burst_profile/burst_profile000630.png/png
       retry log10(dt/yr), log10(dt), retry_factor     1   633       -7.788323       -0.289212        0.500000
 grid1/grid1_000635.png/png
 burst_profile/burst_profile000635.png/png
       retry log10(dt/yr), log10(dt), retry_factor     1   637       -7.797627       -0.298516        0.500000
hydro_newton_step failed to accept
       retry log10(dt/yr), log10(dt), retry_factor     2   637       -8.098657       -0.599546        0.500000
 grid1/grid1_000640.png/png
 burst_profile/burst_profile000640.png/png
       retry log10(dt/yr), log10(dt), retry_factor     1   643       -7.496597        0.002514        0.500000
       retry log10(dt/yr), log10(dt), retry_factor     2   643       -7.797627       -0.298516        0.500000
 have reached retry limit so now backup
       retry log10(dt/yr), log10(dt), retry_factor     1   645       -8.098657       -0.599546        0.500000
       retry log10(dt/yr), log10(dt), retry_factor     2   645       -8.399687       -0.900576        0.500000
 grid1/grid1_000645.png/png
 burst_profile/burst_profile000645.png/png
 grid1/grid1_000650.png/png
 burst_profile/burst_profile000650.png/png
 grid1/grid1_000655.png/png
 burst_profile/burst_profile000655.png/png
 grid1/grid1_000660.png/png
 burst_profile/burst_profile000660.png/png
 grid1/grid1_000665.png/png
 burst_profile/burst_profile000665.png/png
 grid1/grid1_000670.png/png
 burst_profile/burst_profile000670.png/png
 grid1/grid1_000675.png/png
 burst_profile/burst_profile000675.png/png
 grid1/grid1_000680.png/png
 burst_profile/burst_profile000680.png/png
 grid1/grid1_000685.png/png
 burst_profile/burst_profile000685.png/png
 grid1/grid1_000690.png/png
 burst_profile/burst_profile000690.png/png
       retry log10(dt/yr), log10(dt), retry_factor     1   695       -5.231541        2.267571        0.500000
       retry log10(dt/yr), log10(dt), retry_factor     2   695       -5.532571        1.966541        0.500000
 grid1/grid1_000695.png/png
 burst_profile/burst_profile000695.png/png
       retry log10(dt/yr), log10(dt), retry_factor     1   699       -5.930511        1.568601        0.500000
        700   8.330551  3.366E+06   1.339610   1.386616   1.400000   1.400000   0.000000   0.000000   0.275200   0.035491  16.875262    827    149
  -5.629481   6.686237  -4.792903  -2.338834   0.579089  -8.522879   0.000000   0.000000   0.000000   0.020000   0.028485 108.213949      7     29
 6.7216E-04  23.294834   1.476176   0.396896  13.491176  -1.167292   0.000000   0.000000   0.000000   0.000687  9.360E-01  0.346E-12          hold

 grid1/grid1_000700.png/png
 burst_profile/burst_profile000700.png/png
       retry log10(dt/yr), log10(dt), retry_factor     1   705       -5.448208        2.050903        0.500000
 grid1/grid1_000705.png/png
 burst_profile/burst_profile000705.png/png
       retry log10(dt/yr), log10(dt), retry_factor     1   707       -5.893793        1.605319        0.500000
       retry log10(dt/yr), log10(dt), retry_factor     2   707       -6.194823        1.304289        0.500000
 have reached retry limit so now backup
       retry log10(dt/yr), log10(dt), retry_factor     1   710       -6.495853        1.003259        0.500000
 grid1/grid1_000710.png/png
 burst_profile/burst_profile000710.png/png
 grid1/grid1_000715.png/png
 burst_profile/burst_profile000715.png/png
       retry log10(dt/yr), log10(dt), retry_factor     1   718       -5.530831        1.968280        0.500000
       retry log10(dt/yr), log10(dt), retry_factor     2   718       -5.831861        1.667251        0.500000
       retry log10(dt/yr), log10(dt), retry_factor     1   719       -6.132891        1.366221        0.500000
       retry log10(dt/yr), log10(dt), retry_factor     1   720       -6.433921        1.065191        0.500000
 grid1/grid1_000720.png/png
 burst_profile/burst_profile000720.png/png
 grid1/grid1_000725.png/png
 burst_profile/burst_profile000725.png/png
       retry log10(dt/yr), log10(dt), retry_factor     1   728       -5.455701        2.043411        0.500000
 grid1/grid1_000730.png/png
 burst_profile/burst_profile000730.png/png
       retry log10(dt/yr), log10(dt), retry_factor     1   731       -5.756731        1.742381        0.500000
 grid1/grid1_000735.png/png
 burst_profile/burst_profile000735.png/png
       retry log10(dt/yr), log10(dt), retry_factor     1   737       -5.480025        2.019086        0.500000
       retry log10(dt/yr), log10(dt), retry_factor     2   737       -5.781055        1.718056        0.500000
 have reached retry limit so now backup
 grid1/grid1_000740.png/png
 burst_profile/burst_profile000740.png/png
       retry log10(dt/yr), log10(dt), retry_factor     1   742       -5.480025        2.019086        0.500000
       retry log10(dt/yr), log10(dt), retry_factor     1   743       -5.781055        1.718056        0.500000
 grid1/grid1_000745.png/png
 burst_profile/burst_profile000745.png/png
       retry log10(dt/yr), log10(dt), retry_factor     1   748       -5.774664        1.724448        0.500000
       retry log10(dt/yr), log10(dt), retry_factor     1   749       -6.162071        1.337041        0.500000
hydro_newton_step failed to accept
       retry log10(dt/yr), log10(dt), retry_factor     2   749       -6.463101        1.036011        0.500000
 have reached retry limit so now backup
 grid1/grid1_000750.png/png
 burst_profile/burst_profile000750.png/png
hydro_newton_step failed to accept
       retry log10(dt/yr), log10(dt), retry_factor     1   755       -5.888105        1.611007        0.500000
 grid1/grid1_000755.png/png
 burst_profile/burst_profile000755.png/png
       retry log10(dt/yr), log10(dt), retry_factor     1   756       -5.888105        1.611007        0.500000
       retry log10(dt/yr), log10(dt), retry_factor     1   758       -6.286045        1.213066        0.500000
       retry log10(dt/yr), log10(dt), retry_factor     2   758       -6.587075        0.912037        0.500000
 have reached retry limit so now backup
 grid1/grid1_000760.png/png
 burst_profile/burst_profile000760.png/png
       retry log10(dt/yr), log10(dt), retry_factor     1   762       -6.711505        0.787606        0.500000
 grid1/grid1_000765.png/png
 burst_profile/burst_profile000765.png/png
       retry log10(dt/yr), log10(dt), retry_factor     1   767       -6.410475        1.088636        0.500000
       retry log10(dt/yr), log10(dt), retry_factor     1   768       -6.711505        0.787606        0.500000
       retry log10(dt/yr), log10(dt), retry_factor     1   770       -7.012535        0.486576        0.500000
 grid1/grid1_000770.png/png
 burst_profile/burst_profile000770.png/png
       retry log10(dt/yr), log10(dt), retry_factor     1   771       -7.313565        0.185546        0.500000
       retry log10(dt/yr), log10(dt), retry_factor     1   774       -7.614595       -0.115484        0.500000
 grid1/grid1_000775.png/png
 burst_profile/burst_profile000775.png/png
       retry log10(dt/yr), log10(dt), retry_factor     1   776       -7.969511       -0.470399        0.500000
       retry log10(dt/yr), log10(dt), retry_factor     1   777       -8.270541       -0.771429        0.500000
       retry log10(dt/yr), log10(dt), retry_factor     2   777       -8.571571       -1.072459        0.500000
 have reached retry limit so now backup
hydro_newton_step failed to accept
       retry log10(dt/yr), log10(dt), retry_factor     1   777       -8.872601       -1.373489        0.500000
 grid1/grid1_000780.png/png
 burst_profile/burst_profile000780.png/png
       retry log10(dt/yr), log10(dt), retry_factor     1   785       -8.229872       -0.730761        0.500000
 grid1/grid1_000785.png/png
 burst_profile/burst_profile000785.png/png
       retry log10(dt/yr), log10(dt), retry_factor     1   786       -8.530902       -1.031791        0.500000
hydro_newton_step failed to accept
       retry log10(dt/yr), log10(dt), retry_factor     2   786       -8.831932       -1.332821        0.500000
 grid1/grid1_000790.png/png
 burst_profile/burst_profile000790.png/png
 grid1/grid1_000795.png/png
 burst_profile/burst_profile000795.png/png
        800   8.455924  8.246E+06   3.995376   5.174737   1.400000   1.400000   0.000000   0.000000   0.275200   0.068169  12.834779    843    183
  -8.831790   6.701577  -4.792523   3.272704   3.822813  -8.522879   0.000000   0.000000   0.000000   0.020000   0.046395  82.039588      6     34
 8.6043E-04  23.323093   3.033509   5.139140  14.348605  -0.719010   0.000000   0.000000   0.000000   0.000687  8.854E-01  0.618E-08        lgTeff

 grid1/grid1_000800.png/png
 burst_profile/burst_profile000800.png/png
 grid1/grid1_000805.png/png
 burst_profile/burst_profile000805.png/png
 grid1/grid1_000810.png/png
 burst_profile/burst_profile000810.png/png
 grid1/grid1_000815.png/png
 burst_profile/burst_profile000815.png/png
 grid1/grid1_000820.png/png
 burst_profile/burst_profile000820.png/png
 grid1/grid1_000825.png/png
 burst_profile/burst_profile000825.png/png
 grid1/grid1_000830.png/png
 burst_profile/burst_profile000830.png/png
 grid1/grid1_000835.png/png
 burst_profile/burst_profile000835.png/png
 grid1/grid1_000840.png/png
 burst_profile/burst_profile000840.png/png
 grid1/grid1_000845.png/png
 burst_profile/burst_profile000845.png/png
 grid1/grid1_000850.png/png
 burst_profile/burst_profile000850.png/png
 grid1/grid1_000855.png/png
 burst_profile/burst_profile000855.png/png
 grid1/grid1_000860.png/png
 burst_profile/burst_profile000860.png/png
 grid1/grid1_000865.png/png
 burst_profile/burst_profile000865.png/png
 grid1/grid1_000870.png/png
 burst_profile/burst_profile000870.png/png
 grid1/grid1_000875.png/png
 burst_profile/burst_profile000875.png/png
hydro_newton_step failed to accept
       retry log10(dt/yr), log10(dt), retry_factor     1   877       -7.843270       -0.344158        0.500000
       retry log10(dt/yr), log10(dt), retry_factor     2   877       -8.144300       -0.645188        0.500000
 have reached retry limit so now backup
hydro_newton_step failed to accept
       retry log10(dt/yr), log10(dt), retry_factor     1   880       -8.588262       -1.089151        0.500000
 grid1/grid1_000880.png/png
 burst_profile/burst_profile000880.png/png
       retry log10(dt/yr), log10(dt), retry_factor     1   885       -8.324756       -0.825644        0.500000
 grid1/grid1_000885.png/png
 burst_profile/burst_profile000885.png/png
 grid1/grid1_000890.png/png
 burst_profile/burst_profile000890.png/png
       retry log10(dt/yr), log10(dt), retry_factor     1   893       -7.891394       -0.392282        0.500000
hydro_newton_step failed to accept
       retry log10(dt/yr), log10(dt), retry_factor     2   893       -8.192424       -0.693312        0.500000
 grid1/grid1_000895.png/png
 burst_profile/burst_profile000895.png/png
       retry log10(dt/yr), log10(dt), retry_factor     1   897       -8.205873       -0.706761        0.500000
        900   8.921380  1.505E+07   2.697374   5.005044   1.400000   1.400000   0.000000   0.000000   0.275200   0.022706   3.745261    963    190
  -7.904843   6.645858  -4.792306   2.346779   3.377244  -8.522879   0.000000   0.000000   0.000000   0.020000   0.021177  26.915037      6     35
 8.6217E-04  23.323315   4.079437   5.001941  14.614601  -0.855407   0.000000   0.000000   0.000000   0.000687  9.561E-01  0.458E-09          hold

 grid1/grid1_000900.png/png
 burst_profile/burst_profile000900.png/png
 grid1/grid1_000905.png/png
 burst_profile/burst_profile000905.png/png
 grid1/grid1_000910.png/png
 burst_profile/burst_profile000910.png/png
 grid1/grid1_000915.png/png
 burst_profile/burst_profile000915.png/png
hydro_newton_step failed to accept
       retry log10(dt/yr), log10(dt), retry_factor     1   918       -7.902541       -0.403430        0.500000
hydro_newton_step failed to accept
       retry log10(dt/yr), log10(dt), retry_factor     2   918       -8.203571       -0.704460        0.500000
 grid1/grid1_000920.png/png
 burst_profile/burst_profile000920.png/png
       retry log10(dt/yr), log10(dt), retry_factor     1   925       -7.841060       -0.341949        0.500000
 grid1/grid1_000925.png/png
 burst_profile/burst_profile000925.png/png
       retry log10(dt/yr), log10(dt), retry_factor     1   930       -7.723720       -0.224608        0.500000
       retry log10(dt/yr), log10(dt), retry_factor     2   930       -8.024750       -0.525638        0.500000
 have reached retry limit so now backup
 grid1/grid1_000930.png/png
 burst_profile/burst_profile000930.png/png
 grid1/grid1_000935.png/png
 burst_profile/burst_profile000935.png/png
       retry log10(dt/yr), log10(dt), retry_factor     1   936       -7.626398       -0.127287        0.500000
 grid1/grid1_000940.png/png
 burst_profile/burst_profile000940.png/png
hydro_newton_step failed to accept
       retry log10(dt/yr), log10(dt), retry_factor     1   944       -7.556871       -0.057759        0.500000
hydro_newton_step failed to accept
       retry log10(dt/yr), log10(dt), retry_factor     2   944       -7.857901       -0.358789        0.500000
 grid1/grid1_000945.png/png
 burst_profile/burst_profile000945.png/png
 grid1/grid1_000950.png/png
 burst_profile/burst_profile000950.png/png
 grid1/grid1_000955.png/png
 burst_profile/burst_profile000955.png/png
 grid1/grid1_000960.png/png
 burst_profile/burst_profile000960.png/png
 grid1/grid1_000965.png/png
 burst_profile/burst_profile000965.png/png
 grid1/grid1_000970.png/png
 burst_profile/burst_profile000970.png/png
 grid1/grid1_000975.png/png
 burst_profile/burst_profile000975.png/png
 grid1/grid1_000980.png/png
 burst_profile/burst_profile000980.png/png
 grid1/grid1_000985.png/png
 burst_profile/burst_profile000985.png/png
       retry log10(dt/yr), log10(dt), retry_factor     1   987       -5.889333        1.609779        0.500000
hydro_newton_step failed to accept
       retry log10(dt/yr), log10(dt), retry_factor     2   987       -6.190363        1.308749        0.500000
 have reached retry limit so now backup
 grid1/grid1_000990.png/png
 burst_profile/burst_profile000990.png/png
       retry log10(dt/yr), log10(dt), retry_factor     1   994       -5.481805        2.017306        0.500000
 grid1/grid1_000995.png/png
 burst_profile/burst_profile000995.png/png
       retry log10(dt/yr), log10(dt), retry_factor     1   999       -5.180776        2.318336        0.500000
       retry log10(dt/yr), log10(dt), retry_factor     2   999       -5.481805        2.017306        0.500000
 have reached retry limit so now backup

__________________________________________________________________________________________________________________________________________________

       step    lg_Tcntr    Teff       lg_LH     lg_Lnuc     Mass       H_rich     H_cntr     N_cntr     Y_surf     X_avg     eta_cntr  zones retry
   lg_dt_yr    lg_Dcntr    lg_R       lg_L3a    lg_Lneu     lg_Mdot    He_core    He_cntr    O_cntr     Z_surf     Y_avg     gam_cntr  iters bckup
     age_yr    lg_Pcntr    lg_L       lg_LZ     lg_Psurf    lg_Dsurf   C_core     C_cntr     Ne_cntr    Si_cntr    Z_avg     v_div_cs     dt_limit
__________________________________________________________________________________________________________________________________________________

       1000   8.338979  3.464E+06   1.423296   1.457655   1.400000   1.400000   0.000000   0.000000   0.275200   0.039667  17.186884    996    203
  -5.346445   6.716532  -4.792874  -1.808991   0.615064  -8.522879   0.000000   0.000000   0.000000   0.020000   0.030296 108.630954      7     38
 9.8118E-04  23.340388   1.525919   0.335743  13.522529  -1.148549   0.000000   0.000000   0.000000   0.000687  9.300E-01 -0.514E-13          dH/H

save LOGS/profile5.data for model 1000
save photos/1000 for model 1000
 grid1/grid1_001000.png/png
 burst_profile/burst_profile001000.png/png
       retry log10(dt/yr), log10(dt), retry_factor     1  1004       -5.475138        2.023974        0.500000
 grid1/grid1_001005.png/png
 burst_profile/burst_profile001005.png/png
       retry log10(dt/yr), log10(dt), retry_factor     1  1010       -5.329820        2.169292        0.500000
 grid1/grid1_001010.png/png
 burst_profile/burst_profile001010.png/png
       retry log10(dt/yr), log10(dt), retry_factor     1  1011       -5.727760        1.771352        0.500000
       retry log10(dt/yr), log10(dt), retry_factor     2  1011       -6.028790        1.470322        0.500000
       retry log10(dt/yr), log10(dt), retry_factor     1  1012       -6.329820        1.169292        0.500000
       retry log10(dt/yr), log10(dt), retry_factor     1  1013       -6.630850        0.868262        0.500000
 grid1/grid1_001015.png/png
 burst_profile/burst_profile001015.png/png
       retry log10(dt/yr), log10(dt), retry_factor     1  1018       -6.329820        1.169292        0.500000
       retry log10(dt/yr), log10(dt), retry_factor     1  1019       -6.630850        0.868262        0.500000
 grid1/grid1_001020.png/png
 burst_profile/burst_profile001020.png/png
 grid1/grid1_001025.png/png
 burst_profile/burst_profile001025.png/png
       retry log10(dt/yr), log10(dt), retry_factor     1  1027       -5.546417        1.952694        0.500000
 grid1/grid1_001030.png/png
 burst_profile/burst_profile001030.png/png
       retry log10(dt/yr), log10(dt), retry_factor     1  1031       -5.591484        1.907628        0.500000
       retry log10(dt/yr), log10(dt), retry_factor     1  1032       -5.892514        1.606598        0.500000
hydro_newton_step failed to accept
       retry log10(dt/yr), log10(dt), retry_factor     1  1033       -6.290454        1.208658        0.500000
 grid1/grid1_001035.png/png
 burst_profile/burst_profile001035.png/png
       retry log10(dt/yr), log10(dt), retry_factor     1  1038       -5.688394        1.810718        0.500000
       retry log10(dt/yr), log10(dt), retry_factor     1  1039       -5.989424        1.509688        0.500000
 grid1/grid1_001040.png/png
 burst_profile/burst_profile001040.png/png
       retry log10(dt/yr), log10(dt), retry_factor     1  1043       -6.202513        1.296598        0.500000
       retry log10(dt/yr), log10(dt), retry_factor     1  1044       -6.558972        0.940140        0.500000
       retry log10(dt/yr), log10(dt), retry_factor     1  1045       -6.936037        0.563074        0.500000
 grid1/grid1_001045.png/png
 burst_profile/burst_profile001045.png/png
       retry log10(dt/yr), log10(dt), retry_factor     1  1050       -6.692732        0.806379        0.500000
       retry log10(dt/yr), log10(dt), retry_factor     2  1050       -6.993762        0.505349        0.500000
 grid1/grid1_001050.png/png
 burst_profile/burst_profile001050.png/png
       retry log10(dt/yr), log10(dt), retry_factor     1  1051       -7.294792        0.204319        0.500000
       retry log10(dt/yr), log10(dt), retry_factor     1  1053       -7.595822       -0.096711        0.500000
 grid1/grid1_001055.png/png
 burst_profile/burst_profile001055.png/png
       retry log10(dt/yr), log10(dt), retry_factor     1  1056       -7.896852       -0.397741        0.500000
       retry log10(dt/yr), log10(dt), retry_factor     1  1057       -8.216790       -0.717678        0.500000
       retry log10(dt/yr), log10(dt), retry_factor     1  1060       -8.655062       -1.155950        0.500000
 grid1/grid1_001060.png/png
 burst_profile/burst_profile001060.png/png
 grid1/grid1_001065.png/png
 burst_profile/burst_profile001065.png/png
 grid1/grid1_001070.png/png
 burst_profile/burst_profile001070.png/png
 grid1/grid1_001075.png/png
 burst_profile/burst_profile001075.png/png
 grid1/grid1_001080.png/png
 burst_profile/burst_profile001080.png/png
 grid1/grid1_001085.png/png
 burst_profile/burst_profile001085.png/png
 grid1/grid1_001090.png/png
 burst_profile/burst_profile001090.png/png
 grid1/grid1_001095.png/png
 burst_profile/burst_profile001095.png/png
       1100   8.452099  1.730E+07   3.595163   6.807000   1.400000   1.400000   0.000000   0.000000   0.275347   0.058671  13.373995   1037    227
  -8.351316   6.727184  -4.791824   3.198288   4.110843  -8.522879   0.000000   0.000000   0.000000   0.020780   0.039052  84.408244      7     38
 1.1315E-03  23.360832   4.321673   6.806626  14.713220  -0.902515   0.000000   0.000000   0.000000   0.000687  9.023E-01 -0.186E-08        lgTeff

 grid1/grid1_001100.png/png
 burst_profile/burst_profile001100.png/png
 grid1/grid1_001105.png/png
 burst_profile/burst_profile001105.png/png
 grid1/grid1_001110.png/png
 burst_profile/burst_profile001110.png/png
 grid1/grid1_001115.png/png
 burst_profile/burst_profile001115.png/png
 grid1/grid1_001120.png/png
 burst_profile/burst_profile001120.png/png
 grid1/grid1_001125.png/png
 burst_profile/burst_profile001125.png/png
 grid1/grid1_001130.png/png
 burst_profile/burst_profile001130.png/png
 grid1/grid1_001135.png/png
 burst_profile/burst_profile001135.png/png
 grid1/grid1_001140.png/png
 burst_profile/burst_profile001140.png/png
       retry log10(dt/yr), log10(dt), retry_factor     1  1141       -7.316756        0.182356        0.500000
       retry log10(dt/yr), log10(dt), retry_factor     2  1141       -7.617786       -0.118674        0.500000
 have reached retry limit so now backup
 grid1/grid1_001140.png/png
 burst_profile/burst_profile001140.png/png
       retry log10(dt/yr), log10(dt), retry_factor     1  1142       -7.918816       -0.419704        0.500000
       retry log10(dt/yr), log10(dt), retry_factor     2  1142       -8.219846       -0.720734        0.500000
 have reached retry limit so now backup
       retry log10(dt/yr), log10(dt), retry_factor     1  1145       -8.520876       -1.021764        0.500000
       retry log10(dt/yr), log10(dt), retry_factor     2  1145       -8.821906       -1.322794        0.500000
 have reached retry limit so now backup
 grid1/grid1_001145.png/png
 burst_profile/burst_profile001145.png/png
       retry log10(dt/yr), log10(dt), retry_factor     1  1148       -9.122936       -1.623824        0.500000
       retry log10(dt/yr), log10(dt), retry_factor     2  1148       -9.423966       -1.924854        0.500000
 have reached retry limit so now backup
 grid1/grid1_001150.png/png
 burst_profile/burst_profile001150.png/png
 grid1/grid1_001155.png/png
 burst_profile/burst_profile001155.png/png
       retry log10(dt/yr), log10(dt), retry_factor     1  1159       -7.493663        0.005449        0.500000
       retry log10(dt/yr), log10(dt), retry_factor     2  1159       -7.794693       -0.295581        0.500000
 have reached retry limit so now backup
 grid1/grid1_001160.png/png
 burst_profile/burst_profile001160.png/png
       retry log10(dt/yr), log10(dt), retry_factor     1  1161       -8.095723       -0.596611        0.500000
 grid1/grid1_001165.png/png
 burst_profile/burst_profile001165.png/png
       retry log10(dt/yr), log10(dt), retry_factor     1  1168       -7.842132       -0.343020        0.500000
       retry log10(dt/yr), log10(dt), retry_factor     2  1168       -8.143162       -0.644050        0.500000
 have reached retry limit so now backup
 grid1/grid1_001170.png/png
 burst_profile/burst_profile001170.png/png
hydro_newton_step failed to accept
       retry log10(dt/yr), log10(dt), retry_factor     1  1172       -8.316075       -0.816963        0.500000
hydro_newton_step failed to accept
       retry log10(dt/yr), log10(dt), retry_factor     2  1172       -8.617105       -1.117993        0.500000
 have reached retry limit so now backup
hydro_newton_step failed to accept
       retry log10(dt/yr), log10(dt), retry_factor     1  1172       -8.918135       -1.419023        0.500000
 grid1/grid1_001175.png/png
 burst_profile/burst_profile001175.png/png
       retry log10(dt/yr), log10(dt), retry_factor     1  1177       -8.627699       -1.128588        0.500000
       retry log10(dt/yr), log10(dt), retry_factor     1  1179       -8.928729       -1.429618        0.500000
       retry log10(dt/yr), log10(dt), retry_factor     2  1179       -9.229759       -1.730648        0.500000
 grid1/grid1_001180.png/png
 burst_profile/burst_profile001180.png/png
 grid1/grid1_001185.png/png
 burst_profile/burst_profile001185.png/png
hydro_newton_step failed to accept
       retry log10(dt/yr), log10(dt), retry_factor     1  1186       -8.326670       -0.827558        0.500000
       retry log10(dt/yr), log10(dt), retry_factor     2  1186       -8.627699       -1.128588        0.500000
 have reached retry limit so now backup
 grid1/grid1_001185.png/png
 burst_profile/burst_profile001185.png/png
 grid1/grid1_001190.png/png
 burst_profile/burst_profile001190.png/png
 grid1/grid1_001195.png/png
 burst_profile/burst_profile001195.png/png
       retry log10(dt/yr), log10(dt), retry_factor     1  1197       -7.792860       -0.293749        0.500000
       1200   8.924447  1.494E+07   2.703258   4.937820   1.400000   1.400000   0.000000   0.000000   0.275200   0.019454   3.867975   1021    249
  -7.491830   6.673486  -4.792317   2.347674   3.358388  -8.522879   0.000000   0.000000   0.000000   0.020000   0.019505  27.298413      6     46
 1.1332E-03  23.361068   4.065993   4.934158  14.609828  -0.852901   0.000000   0.000000   0.000000   0.000687  9.610E-01 -0.110E-09          hold

 grid1/grid1_001200.png/png
 burst_profile/burst_profile001200.png/png
 grid1/grid1_001205.png/png
 burst_profile/burst_profile001205.png/png
 grid1/grid1_001210.png/png
 burst_profile/burst_profile001210.png/png
       retry log10(dt/yr), log10(dt), retry_factor     1  1214       -7.891979       -0.392867        0.500000
       retry log10(dt/yr), log10(dt), retry_factor     2  1214       -8.193009       -0.693897        0.500000
 grid1/grid1_001215.png/png
 burst_profile/burst_profile001215.png/png
       retry log10(dt/yr), log10(dt), retry_factor     1  1220       -7.868900       -0.369788        0.500000
 grid1/grid1_001220.png/png
 burst_profile/burst_profile001220.png/png
hydro_newton_step failed to accept
       retry log10(dt/yr), log10(dt), retry_factor     1  1221       -8.169930       -0.670818        0.500000
 grid1/grid1_001225.png/png
 burst_profile/burst_profile001225.png/png
       retry log10(dt/yr), log10(dt), retry_factor     1  1228       -7.888244       -0.389133        0.500000
hydro_newton_step failed to accept
       retry log10(dt/yr), log10(dt), retry_factor     2  1228       -8.189274       -0.690163        0.500000
 grid1/grid1_001230.png/png
 burst_profile/burst_profile001230.png/png
 grid1/grid1_001235.png/png
 burst_profile/burst_profile001235.png/png
       retry log10(dt/yr), log10(dt), retry_factor     1  1238       -7.465933        0.033179        0.500000
       retry log10(dt/yr), log10(dt), retry_factor     2  1238       -7.766963       -0.267851        0.500000
       retry log10(dt/yr), log10(dt), retry_factor     1  1239       -8.067993       -0.568881        0.500000
 grid1/grid1_001240.png/png
 burst_profile/burst_profile001240.png/png
 grid1/grid1_001245.png/png
 burst_profile/burst_profile001245.png/png
 grid1/grid1_001250.png/png
 burst_profile/burst_profile001250.png/png
 grid1/grid1_001255.png/png
 burst_profile/burst_profile001255.png/png
 grid1/grid1_001260.png/png
 burst_profile/burst_profile001260.png/png
 grid1/grid1_001265.png/png
 burst_profile/burst_profile001265.png/png
 grid1/grid1_001270.png/png
 burst_profile/burst_profile001270.png/png
       retry log10(dt/yr), log10(dt), retry_factor     1  1275       -6.524882        0.974230        0.500000
 grid1/grid1_001275.png/png
 burst_profile/burst_profile001275.png/png
 grid1/grid1_001280.png/png
 burst_profile/burst_profile001280.png/png
 grid1/grid1_001285.png/png
 burst_profile/burst_profile001285.png/png
       retry log10(dt/yr), log10(dt), retry_factor     1  1290       -5.706871        1.792241        0.500000
 grid1/grid1_001290.png/png
 burst_profile/burst_profile001290.png/png
 grid1/grid1_001295.png/png
 burst_profile/burst_profile001295.png/png
       retry log10(dt/yr), log10(dt), retry_factor     1  1296       -5.369762        2.129349        0.500000
       retry log10(dt/yr), log10(dt), retry_factor     2  1296       -5.670792        1.828319        0.500000
 have reached retry limit so now backup
 grid1/grid1_001295.png/png
 burst_profile/burst_profile001295.png/png
       1300   8.337306  3.395E+06   1.367603   1.410156   1.400000   1.400000   0.000000   0.000000   0.275200   0.031523  17.740990   1046    262
  -5.155600   6.738890  -4.792875  -2.173980   0.590030  -8.522879   0.000000   0.000000   0.000000   0.020000   0.025576 110.937643      6     47
 1.2284E-03  23.373684   1.491016   0.378980  13.500417  -1.161663   0.000000   0.000000   0.000000   0.000687  9.429E-01 -0.115E-12  max increase

 grid1/grid1_001300.png/png
 burst_profile/burst_profile001300.png/png
       retry log10(dt/yr), log10(dt), retry_factor     1  1302       -5.376517        2.122594        0.500000
       retry log10(dt/yr), log10(dt), retry_factor     2  1302       -5.677547        1.821564        0.500000
 have reached retry limit so now backup
 grid1/grid1_001305.png/png
 burst_profile/burst_profile001305.png/png
       retry log10(dt/yr), log10(dt), retry_factor     1  1307       -5.589854        1.909258        0.500000
 grid1/grid1_001310.png/png
 burst_profile/burst_profile001310.png/png
       retry log10(dt/yr), log10(dt), retry_factor     1  1311       -5.696044        1.803067        0.500000
 grid1/grid1_001315.png/png
 burst_profile/burst_profile001315.png/png
       retry log10(dt/yr), log10(dt), retry_factor     1  1316       -5.551798        1.947314        0.500000
hydro_newton_step failed to accept
       retry log10(dt/yr), log10(dt), retry_factor     1  1317       -5.949738        1.549374        0.500000
       retry log10(dt/yr), log10(dt), retry_factor     1  1318       -6.250768        1.248344        0.500000
 grid1/grid1_001320.png/png
 burst_profile/burst_profile001320.png/png
       retry log10(dt/yr), log10(dt), retry_factor     1  1325       -5.562334        1.936777        0.500000
 grid1/grid1_001325.png/png
 burst_profile/burst_profile001325.png/png
       retry log10(dt/yr), log10(dt), retry_factor     1  1329       -5.958458        1.540654        0.500000
 grid1/grid1_001330.png/png
 burst_profile/burst_profile001330.png/png
       retry log10(dt/yr), log10(dt), retry_factor     1  1335       -5.571588        1.927523        0.500000
 grid1/grid1_001335.png/png
 burst_profile/burst_profile001335.png/png
hydro_newton_step failed to accept
       retry log10(dt/yr), log10(dt), retry_factor     1  1336       -5.964243        1.534868        0.500000
hydro_newton_step failed to accept
       retry log10(dt/yr), log10(dt), retry_factor     1  1338       -6.401993        1.097118        0.500000
hydro_newton_step failed to accept
       retry log10(dt/yr), log10(dt), retry_factor     2  1338       -6.703023        0.796088        0.500000
 have reached retry limit so now backup
 grid1/grid1_001340.png/png
 burst_profile/burst_profile001340.png/png
 grid1/grid1_001345.png/png
 burst_profile/burst_profile001345.png/png
       retry log10(dt/yr), log10(dt), retry_factor     1  1346       -5.776905        1.722207        0.500000
hydro_newton_step failed to accept
       retry log10(dt/yr), log10(dt), retry_factor     2  1346       -6.077935        1.421177        0.500000
hydro_newton_step failed to accept
       retry log10(dt/yr), log10(dt), retry_factor     1  1347       -6.464897        1.034214        0.500000
 grid1/grid1_001350.png/png
 burst_profile/burst_profile001350.png/png
       retry log10(dt/yr), log10(dt), retry_factor     1  1352       -6.075741        1.423370        0.500000
       retry log10(dt/yr), log10(dt), retry_factor     1  1353       -6.429570        1.069542        0.500000
       retry log10(dt/yr), log10(dt), retry_factor     1  1354       -6.808571        0.690540        0.500000
 grid1/grid1_001355.png/png
 burst_profile/burst_profile001355.png/png
       retry log10(dt/yr), log10(dt), retry_factor     1  1359       -6.720167        0.778944        0.500000
       retry log10(dt/yr), log10(dt), retry_factor     2  1359       -7.021197        0.477914        0.500000
 grid1/grid1_001360.png/png
 burst_profile/burst_profile001360.png/png
       retry log10(dt/yr), log10(dt), retry_factor     1  1361       -7.322227        0.176884        0.500000
       retry log10(dt/yr), log10(dt), retry_factor     1  1362       -7.623257       -0.124146        0.500000
 grid1/grid1_001365.png/png
 burst_profile/burst_profile001365.png/png
       retry log10(dt/yr), log10(dt), retry_factor     1  1366       -7.858510       -0.359398        0.500000
       retry log10(dt/yr), log10(dt), retry_factor     1  1369       -8.395331       -0.896219        0.500000
 grid1/grid1_001370.png/png
 burst_profile/burst_profile001370.png/png
 grid1/grid1_001375.png/png
 burst_profile/burst_profile001375.png/png
 grid1/grid1_001380.png/png
 burst_profile/burst_profile001380.png/png
 grid1/grid1_001385.png/png
 burst_profile/burst_profile001385.png/png
 grid1/grid1_001390.png/png
 burst_profile/burst_profile001390.png/png
 grid1/grid1_001395.png/png
 burst_profile/burst_profile001395.png/png
       1400   8.446422  1.365E+07   3.541048   6.320825   1.400000   1.400000   0.000000   0.000000   0.275200   0.054984  13.963696   1062    287
  -8.809489   6.751072  -4.792130   3.287801   4.165411  -8.522879   0.000000   0.000000   0.000000   0.020000   0.037701  87.101286      7     49
 1.4052E-03  23.395933   3.910003   6.319700  14.559303  -0.824314   0.000000   0.000000   0.000000   0.000687  9.073E-01  0.117E-08        lgTeff

 grid1/grid1_001400.png/png
 burst_profile/burst_profile001400.png/png
hydro_newton_step failed to accept
       retry log10(dt/yr), log10(dt), retry_factor     1  1401       -9.235741       -1.736629        0.500000
 grid1/grid1_001405.png/png
 burst_profile/burst_profile001405.png/png
 grid1/grid1_001410.png/png
 burst_profile/burst_profile001410.png/png
 grid1/grid1_001415.png/png
 burst_profile/burst_profile001415.png/png
 grid1/grid1_001420.png/png
 burst_profile/burst_profile001420.png/png
 grid1/grid1_001425.png/png
 burst_profile/burst_profile001425.png/png
 grid1/grid1_001430.png/png
 burst_profile/burst_profile001430.png/png
 grid1/grid1_001435.png/png
 burst_profile/burst_profile001435.png/png
 grid1/grid1_001440.png/png
 burst_profile/burst_profile001440.png/png
 grid1/grid1_001445.png/png
 burst_profile/burst_profile001445.png/png
 grid1/grid1_001450.png/png
 burst_profile/burst_profile001450.png/png
 grid1/grid1_001455.png/png
 burst_profile/burst_profile001455.png/png
       retry log10(dt/yr), log10(dt), retry_factor     1  1457       -7.371261        0.127851        0.500000
       retry log10(dt/yr), log10(dt), retry_factor     1  1458       -7.769201       -0.270089        0.500000
 grid1/grid1_001460.png/png
 burst_profile/burst_profile001460.png/png
       retry log10(dt/yr), log10(dt), retry_factor     1  1461       -8.360961       -0.861849        0.500000
hydro_newton_step failed to accept
       retry log10(dt/yr), log10(dt), retry_factor     1  1462       -8.661991       -1.162879        0.500000
 grid1/grid1_001465.png/png
 burst_profile/burst_profile001465.png/png
hydro_newton_step failed to accept
       retry log10(dt/yr), log10(dt), retry_factor     1  1466       -8.360961       -0.861849        0.500000
       retry log10(dt/yr), log10(dt), retry_factor     1  1467       -8.360961       -0.861849        0.500000
 grid1/grid1_001470.png/png
 burst_profile/burst_profile001470.png/png
 grid1/grid1_001475.png/png
 burst_profile/burst_profile001475.png/png
 grid1/grid1_001480.png/png
 burst_profile/burst_profile001480.png/png
 grid1/grid1_001485.png/png
 burst_profile/burst_profile001485.png/png
hydro_newton_step failed to accept
       retry log10(dt/yr), log10(dt), retry_factor     1  1490       -8.013963       -0.514852        0.500000
hydro_newton_step failed to accept
       retry log10(dt/yr), log10(dt), retry_factor     2  1490       -8.314993       -0.815882        0.500000
 grid1/grid1_001490.png/png
 burst_profile/burst_profile001490.png/png
 grid1/grid1_001495.png/png
 burst_profile/burst_profile001495.png/png
       1500   8.852345  1.145E+07   2.104055   3.676761   1.400000   1.400000   0.000000   0.000000   0.275200   0.014528   4.981239   1041    296
  -7.024339   6.715632  -4.792532   1.975996   2.826171  -8.522879   0.000000   0.000000   0.000000   0.020000   0.016257  33.287973      7     49
 1.4079E-03  23.396286   3.602915   3.656006  14.485507  -0.767586   0.000000   0.000000   0.000000   0.000687  9.692E-01  0.483E-09          dH/H

save LOGS/profile6.data for model 1500
save photos/x500 for model 1500
 grid1/grid1_001500.png/png
 burst_profile/burst_profile001500.png/png
       retry log10(dt/yr), log10(dt), retry_factor     1  1504       -7.767668       -0.268557        0.500000
       retry log10(dt/yr), log10(dt), retry_factor     2  1504       -8.068698       -0.569587        0.500000
 grid1/grid1_001505.png/png
 burst_profile/burst_profile001505.png/png
 grid1/grid1_001510.png/png
 burst_profile/burst_profile001510.png/png
       retry log10(dt/yr), log10(dt), retry_factor     1  1511       -7.428765        0.070347        0.500000
       retry log10(dt/yr), log10(dt), retry_factor     2  1511       -7.729795       -0.230683        0.500000
 have reached retry limit so now backup
 grid1/grid1_001510.png/png
 burst_profile/burst_profile001510.png/png
 grid1/grid1_001515.png/png
 burst_profile/burst_profile001515.png/png
       retry log10(dt/yr), log10(dt), retry_factor     1  1517       -7.395763        0.103348        0.500000
hydro_newton_step failed to accept
       retry log10(dt/yr), log10(dt), retry_factor     2  1517       -7.696793       -0.197682        0.500000
 have reached retry limit so now backup
 grid1/grid1_001520.png/png
 burst_profile/burst_profile001520.png/png
 grid1/grid1_001525.png/png
 burst_profile/burst_profile001525.png/png
 grid1/grid1_001530.png/png
 burst_profile/burst_profile001530.png/png
 grid1/grid1_001535.png/png
 burst_profile/burst_profile001535.png/png

stop because model_number >= max_model_number
     1540     1540

       1540   8.587578  5.336E+06   1.192561   1.902774   1.400000   1.400000   0.000000   0.000000   0.275200   0.014694   9.942492   1047    302
  -6.318030   6.745595  -4.792828   0.085726   1.496198  -8.522879   0.000000   0.000000   0.000000   0.020000   0.015805  62.667508      6     51
 1.4143E-03  23.397118   2.276848   1.800331  14.002807  -0.860948   0.000000   0.000000   0.000000   0.000687  9.695E-01  0.109E-10      lgT_cntr

save LOGS/profile7.data for model 1540
save photos/x540 for model 1540
save abund_profile_r_br72_ng_br73_100.data for model 1540
 saved to final.mod
termination code: max_model_number
 grid1/grid1_001540.png/png
 burst_profile/burst_profile001540.png/png
       1540   8.587578  5.336E+06   1.192561   1.902774   1.400000   1.400000   0.000000   0.000000   0.275200   0.014694   9.942492   1047    302
  -6.318030   6.745595  -4.792828   0.085726   1.496198  -8.522879   0.000000   0.000000   0.000000   0.020000   0.015805  62.667508      6     51
 1.4143E-03  23.397118   2.276848   1.800331  14.002807  -0.860948   0.000000   0.000000   0.000000   0.000687  9.695E-01  0.109E-10      lgT_cntr

DATE: 2020-07-19
TIME: 21:14:53
