                                         version_number       10108
 read /hpc/group/physics/al363/sens/base/inlist_base
 read inlist_cluster
load saved model /hpc/group/physics/al363/sens/base/ns_relax.mod

 change to /hpc/group/physics/al363/sens/base/rp_305.net
             set special rate factor for r_ca37_ng_ca38          57    1.0000000000000000D+02
             set special rate factor for r_ca38_gn_ca37          58    1.0000000000000000D+02
             set special rate factor for r_ca37_ng_ca38          57    1.0000000000000000D+02
             set special rate factor for r_ca38_gn_ca37          58    1.0000000000000000D+02
 number of species         305
 read /hpc/group/physics/al363/sens/base/history_customACL.list
 read /hpc/group/physics/al363/sens/base/profile_customACL.list
 net name /hpc/group/physics/al363/sens/base/rp_305.net
 v_flag T
                         which_atm_option: grey_and_kap
                                           xmstar/mstar    4.5461189430843640D-12
                                             xmstar (g)    1.2660395722219186D+22
                                           M_center (g)    2.7848799999878681D+33
                                            xmstar/Msun    6.3645665203193175D-12
                                          M_center/Msun    1.3999999999939012D+00
                                          R_center (cm)    1.1200000000000000D+06
                                          R_center/Rsun    1.6092416448748527D-05
                                           core density    4.7322078204273819D+14
                                          L_center/Lsun    4.1647144567650578D+00
 kappa_file_prefix gs98
 kappa_lowT_prefix lowT_fa05_gs98

   eos_file_prefix mesa
                                        OMP_NUM_THREADS           8


__________________________________________________________________________________________________________________________________________________

       step    lg_Tcntr    Teff       lg_LH     lg_Lnuc     Mass       H_rich     H_cntr     N_cntr     Y_surf     X_avg     eta_cntr  zones retry
   lg_dt_yr    lg_Dcntr    lg_R       lg_L3a    lg_Lneu     lg_Mdot    He_core    He_cntr    O_cntr     Z_surf     Y_avg     gam_cntr  iters bckup
     age_yr    lg_Pcntr    lg_L       lg_LZ     lg_Psurf    lg_Dsurf   C_core     C_cntr     Ne_cntr    Si_cntr    Z_avg     v_div_cs     dt_limit
__________________________________________________________________________________________________________________________________________________

save LOGS/profile1.data for model 2
 grid1/grid1_000005.png/png
 burst_profile/burst_profile000005.png/png
          6   8.165156  1.497E+06   0.087590   0.087976   1.400000   1.400000   0.000000   0.000000   0.275200   0.030886  22.514775    791      0
  -5.817651   6.610341  -4.793035 -18.862378  -1.086578  -8.522879   0.000000   0.000000   0.000000   0.020000   0.011710 149.410225      6      0
 4.0040E-06  23.176196   0.068337  -2.962874  12.744977  -1.553972   0.000000   0.000000   0.000000   0.000687  9.574E-01  0.395E-11      lgT_cntr

save LOGS/profile2.data for model 6
 grid1/grid1_000010.png/png
 burst_profile/burst_profile000010.png/png
 grid1/grid1_000015.png/png
 burst_profile/burst_profile000015.png/png
 grid1/grid1_000020.png/png
 burst_profile/burst_profile000020.png/png
 grid1/grid1_000025.png/png
 burst_profile/burst_profile000025.png/png
       retry log10(dt/yr), log10(dt), retry_factor     1    30       -5.532111        1.967001        0.500000
 grid1/grid1_000030.png/png
 burst_profile/burst_profile000030.png/png
       retry log10(dt/yr), log10(dt), retry_factor     1    35       -5.231081        2.268031        0.500000
 grid1/grid1_000035.png/png
 burst_profile/burst_profile000035.png/png
       retry log10(dt/yr), log10(dt), retry_factor     1    36       -5.532111        1.967001        0.500000
       retry log10(dt/yr), log10(dt), retry_factor     1    40       -5.532111        1.967001        0.500000
 grid1/grid1_000040.png/png
 burst_profile/burst_profile000040.png/png
       retry log10(dt/yr), log10(dt), retry_factor     1    45       -5.231081        2.268031        0.500000
 grid1/grid1_000045.png/png
 burst_profile/burst_profile000045.png/png
       retry log10(dt/yr), log10(dt), retry_factor     1    49       -5.231081        2.268031        0.500000
 grid1/grid1_000050.png/png
 burst_profile/burst_profile000050.png/png
       retry log10(dt/yr), log10(dt), retry_factor     1    53       -5.231081        2.268031        0.500000
 grid1/grid1_000055.png/png
 burst_profile/burst_profile000055.png/png
       retry log10(dt/yr), log10(dt), retry_factor     1    56       -5.532111        1.967001        0.500000
       retry log10(dt/yr), log10(dt), retry_factor     2    56       -5.833141        1.665971        0.500000
 have reached retry limit so now backup
 grid1/grid1_000055.png/png
 burst_profile/burst_profile000055.png/png
       retry log10(dt/yr), log10(dt), retry_factor     1    58       -6.134171        1.364941        0.500000
       retry log10(dt/yr), log10(dt), retry_factor     2    58       -6.435201        1.063911        0.500000
 have reached retry limit so now backup
       retry log10(dt/yr), log10(dt), retry_factor     1    58       -6.736231        0.762881        0.500000
       retry log10(dt/yr), log10(dt), retry_factor     2    58       -7.037261        0.461851        0.500000
 have reached retry limit so now backup
       retry log10(dt/yr), log10(dt), retry_factor     1    60       -7.338291        0.160821        0.500000
       retry log10(dt/yr), log10(dt), retry_factor     2    60       -7.639321       -0.140209        0.500000
 have reached retry limit so now backup
 grid1/grid1_000060.png/png
 burst_profile/burst_profile000060.png/png
       retry log10(dt/yr), log10(dt), retry_factor     1    62       -7.940351       -0.441239        0.500000
       retry log10(dt/yr), log10(dt), retry_factor     2    62       -8.241381       -0.742269        0.500000
 grid1/grid1_000065.png/png
 burst_profile/burst_profile000065.png/png
 grid1/grid1_000070.png/png
 burst_profile/burst_profile000070.png/png
 grid1/grid1_000075.png/png
 burst_profile/burst_profile000075.png/png
       retry log10(dt/yr), log10(dt), retry_factor     1    76       -5.231081        2.268031        0.500000
       retry log10(dt/yr), log10(dt), retry_factor     2    76       -5.532111        1.967001        0.500000
       retry log10(dt/yr), log10(dt), retry_factor     1    77       -5.833141        1.665971        0.500000
       retry log10(dt/yr), log10(dt), retry_factor     2    77       -6.134171        1.364941        0.500000
 have reached retry limit so now backup
       retry log10(dt/yr), log10(dt), retry_factor     1    80       -6.435201        1.063911        0.500000
       retry log10(dt/yr), log10(dt), retry_factor     2    80       -6.736231        0.762881        0.500000
 have reached retry limit so now backup
 grid1/grid1_000080.png/png
 burst_profile/burst_profile000080.png/png
       retry log10(dt/yr), log10(dt), retry_factor     1    81       -7.037261        0.461851        0.500000
       retry log10(dt/yr), log10(dt), retry_factor     2    81       -7.338291        0.160821        0.500000
 have reached retry limit so now backup
 grid1/grid1_000080.png/png
 burst_profile/burst_profile000080.png/png
       retry log10(dt/yr), log10(dt), retry_factor     1    84       -7.639321       -0.140209        0.500000
       retry log10(dt/yr), log10(dt), retry_factor     2    84       -7.940351       -0.441239        0.500000
 have reached retry limit so now backup
       retry log10(dt/yr), log10(dt), retry_factor     1    84       -8.241381       -0.742269        0.500000
 grid1/grid1_000085.png/png
 burst_profile/burst_profile000085.png/png
 grid1/grid1_000090.png/png
 burst_profile/burst_profile000090.png/png
 grid1/grid1_000095.png/png
 burst_profile/burst_profile000095.png/png
       retry log10(dt/yr), log10(dt), retry_factor     1    97       -5.708197        1.790914        0.500000
       retry log10(dt/yr), log10(dt), retry_factor     1    98       -6.029742        1.469369        0.500000
       retry log10(dt/yr), log10(dt), retry_factor     1    99       -6.330772        1.168339        0.500000
        100   8.444841  4.670E+06   2.033172   2.166622   1.400000   1.400000   0.000000   0.000000   0.275200   0.100536  12.226478    752     31
  -6.029742   6.642744  -4.792800   1.206170   1.283423  -8.522879   0.000000   0.000000   0.000000   0.020000   0.058448  80.444496      6      8
 3.1300E-04  23.235090   2.045017   1.357015  13.860470  -0.943582   0.000000   0.000000   0.000000   0.000687  8.410E-01  0.987E-12          hold

 grid1/grid1_000100.png/png
 burst_profile/burst_profile000100.png/png
       retry log10(dt/yr), log10(dt), retry_factor     1   101       -6.631802        0.867309        0.500000
       retry log10(dt/yr), log10(dt), retry_factor     1   103       -6.932832        0.566279        0.500000
hydro_newton_step failed to accept
       retry log10(dt/yr), log10(dt), retry_factor     1   104       -7.233862        0.265249        0.500000
 grid1/grid1_000105.png/png
 burst_profile/burst_profile000105.png/png
       retry log10(dt/yr), log10(dt), retry_factor     1   106       -7.534892       -0.035780        0.500000
       retry log10(dt/yr), log10(dt), retry_factor     1   110       -7.649194       -0.150082        0.500000
       retry log10(dt/yr), log10(dt), retry_factor     2   110       -7.950224       -0.451112        0.500000
 grid1/grid1_000110.png/png
 burst_profile/burst_profile000110.png/png
       retry log10(dt/yr), log10(dt), retry_factor     1   112       -8.333803       -0.834691        0.500000
 grid1/grid1_000115.png/png
 burst_profile/burst_profile000115.png/png
 grid1/grid1_000120.png/png
 burst_profile/burst_profile000120.png/png
 grid1/grid1_000125.png/png
 burst_profile/burst_profile000125.png/png
 grid1/grid1_000130.png/png
 burst_profile/burst_profile000130.png/png
 grid1/grid1_000135.png/png
 burst_profile/burst_profile000135.png/png
 grid1/grid1_000140.png/png
 burst_profile/burst_profile000140.png/png
 grid1/grid1_000145.png/png
 burst_profile/burst_profile000145.png/png
 grid1/grid1_000150.png/png
 burst_profile/burst_profile000150.png/png
 grid1/grid1_000155.png/png
 burst_profile/burst_profile000155.png/png
 grid1/grid1_000160.png/png
 burst_profile/burst_profile000160.png/png
 grid1/grid1_000165.png/png
 burst_profile/burst_profile000165.png/png
                       super eddington wind: lg_Mdot, L/Ledd         166    -9.76416     1.00702
                       super eddington wind: lg_Mdot, L/Ledd         167    -9.00571     1.04022
                       super eddington wind: lg_Mdot, L/Ledd         168    -8.76005     1.07077
                       super eddington wind: lg_Mdot, L/Ledd         169    -8.62704     1.09605
                       super eddington wind: lg_Mdot, L/Ledd         170    -8.52235     1.12208
 grid1/grid1_000170.png/png
 burst_profile/burst_profile000170.png/png
                       super eddington wind: lg_Mdot, L/Ledd         171    -8.42452     1.15277
                       super eddington wind: lg_Mdot, L/Ledd         172    -8.60181     1.10139
                       super eddington wind: lg_Mdot, L/Ledd         173    -8.46133     1.13999
                       super eddington wind: lg_Mdot, L/Ledd         174    -8.38605     1.16653
                       super eddington wind: lg_Mdot, L/Ledd         175    -8.52943     1.11945
 grid1/grid1_000175.png/png
 burst_profile/burst_profile000175.png/png
                       super eddington wind: lg_Mdot, L/Ledd         176    -8.40095     1.16068
                       super eddington wind: lg_Mdot, L/Ledd         177    -8.31662     1.19499
                       super eddington wind: lg_Mdot, L/Ledd         178    -8.45209     1.14219
                       super eddington wind: lg_Mdot, L/Ledd         179    -8.34503     1.18194
                       super eddington wind: lg_Mdot, L/Ledd         180    -8.27340     1.21447
 grid1/grid1_000180.png/png
 burst_profile/burst_profile000180.png/png
                       super eddington wind: lg_Mdot, L/Ledd         181    -8.39378     1.16216
                       super eddington wind: lg_Mdot, L/Ledd         182    -8.30205     1.20011
                       super eddington wind: lg_Mdot, L/Ledd         183    -8.25037     1.22525
                       super eddington wind: lg_Mdot, L/Ledd         184    -8.36302     1.17351
                       super eddington wind: lg_Mdot, L/Ledd         185    -8.28374     1.20794
 grid1/grid1_000185.png/png
 burst_profile/burst_profile000185.png/png
                       super eddington wind: lg_Mdot, L/Ledd         186    -8.23643     1.23176
                       super eddington wind: lg_Mdot, L/Ledd         187    -8.35296     1.17699
                       super eddington wind: lg_Mdot, L/Ledd         188    -8.29029     1.20420
                       super eddington wind: lg_Mdot, L/Ledd         189    -8.25365     1.22195
                       super eddington wind: lg_Mdot, L/Ledd         190    -8.39383     1.16033
 grid1/grid1_000190.png/png
 burst_profile/burst_profile000190.png/png
                       super eddington wind: lg_Mdot, L/Ledd         191    -8.33144     1.18486
                       super eddington wind: lg_Mdot, L/Ledd         192    -8.31234     1.19311
                       super eddington wind: lg_Mdot, L/Ledd         193    -8.49471     1.12656
                       super eddington wind: lg_Mdot, L/Ledd         194    -8.43371     1.14573
       retry log10(dt/yr), log10(dt), retry_factor     1   194       -9.231890       -1.732778        0.500000
                       super eddington wind: lg_Mdot, L/Ledd         194    -8.43371     1.14573
       retry log10(dt/yr), log10(dt), retry_factor     2   194       -9.532920       -2.033808        0.500000
                       super eddington wind: lg_Mdot, L/Ledd         194    -8.43371     1.14573
 have reached retry limit so now backup
                       super eddington wind: lg_Mdot, L/Ledd         193    -8.49471     1.12656
                       super eddington wind: lg_Mdot, L/Ledd         194    -8.32835     1.18590
                       super eddington wind: lg_Mdot, L/Ledd         195    -8.60530     1.09811
 grid1/grid1_000195.png/png
 burst_profile/burst_profile000195.png/png
                       super eddington wind: lg_Mdot, L/Ledd         196    -8.47062     1.13374
                       super eddington wind: lg_Mdot, L/Ledd         197    -8.38755     1.16190
                       super eddington wind: lg_Mdot, L/Ledd         198    -8.53855     1.11428
                       super eddington wind: lg_Mdot, L/Ledd         199    -8.45227     1.13942
                       super eddington wind: lg_Mdot, L/Ledd         200    -8.40326     1.15618
        200   8.947257  2.390E+07   3.728649   6.694723   1.400000   1.400000   0.000000   0.000000   0.295633   0.075892   3.093435    656     40
  -8.705869   6.570454  -4.791536   3.024853   4.387466  -8.403261   0.000000   0.000000   0.000000   0.200449   0.044850  23.932209      6      9
 3.1497E-04  23.235210   4.884172   6.694161  15.064532  -0.896597   0.000000   0.000000   0.000000   0.000687  8.793E-01  0.646E-04    varcontrol

 grid1/grid1_000200.png/png
 burst_profile/burst_profile000200.png/png
                       super eddington wind: lg_Mdot, L/Ledd         201    -8.53515     1.11513
                       super eddington wind: lg_Mdot, L/Ledd         202    -8.47063     1.13347
                       super eddington wind: lg_Mdot, L/Ledd         203    -8.66193     1.08582
       retry log10(dt/yr), log10(dt), retry_factor     1   203       -9.133785       -1.634673        0.500000
                       super eddington wind: lg_Mdot, L/Ledd         203    -8.66193     1.08582
       retry log10(dt/yr), log10(dt), retry_factor     2   203       -9.434815       -1.935703        0.500000
                       super eddington wind: lg_Mdot, L/Ledd         203    -8.66193     1.08582
 have reached retry limit so now backup
                       super eddington wind: lg_Mdot, L/Ledd         202    -8.47063     1.13347
                       super eddington wind: lg_Mdot, L/Ledd         203    -8.94549     1.04468
                       super eddington wind: lg_Mdot, L/Ledd         204    -8.55033     1.11098
                       super eddington wind: lg_Mdot, L/Ledd         205    -8.44852     1.14031
 grid1/grid1_000205.png/png
 burst_profile/burst_profile000205.png/png
                       super eddington wind: lg_Mdot, L/Ledd         206    -8.72666     1.07396
                       super eddington wind: lg_Mdot, L/Ledd         207    -8.53958     1.11371
                       super eddington wind: lg_Mdot, L/Ledd         208    -8.67664     1.08288
                       super eddington wind: lg_Mdot, L/Ledd         209    -8.66517     1.08510
                       super eddington wind: lg_Mdot, L/Ledd         210    -8.51436     1.12051
 grid1/grid1_000210.png/png
 burst_profile/burst_profile000210.png/png
                       super eddington wind: lg_Mdot, L/Ledd         211    -8.78156     1.06506
                       super eddington wind: lg_Mdot, L/Ledd         212    -8.61802     1.09478
                       super eddington wind: lg_Mdot, L/Ledd         213    -8.99588     1.03966
                       super eddington wind: lg_Mdot, L/Ledd         214    -8.82215     1.05911
                       super eddington wind: lg_Mdot, L/Ledd         215    -9.39230     1.01590
 grid1/grid1_000215.png/png
 burst_profile/burst_profile000215.png/png
                       super eddington wind: lg_Mdot, L/Ledd         216    -9.16357     1.02693
                       super eddington wind: lg_Mdot, L/Ledd         218    -9.25605     1.02174
                       super eddington wind: lg_Mdot, L/Ledd         220    -9.79810     1.00624
 grid1/grid1_000220.png/png
 burst_profile/burst_profile000220.png/png
       retry log10(dt/yr), log10(dt), retry_factor     1   224       -9.297560       -1.798448        0.500000
 grid1/grid1_000225.png/png
 burst_profile/burst_profile000225.png/png
 grid1/grid1_000230.png/png
 burst_profile/burst_profile000230.png/png
 grid1/grid1_000235.png/png
 burst_profile/burst_profile000235.png/png
 grid1/grid1_000240.png/png
 burst_profile/burst_profile000240.png/png
       retry log10(dt/yr), log10(dt), retry_factor     1   245       -7.652493       -0.153381        0.500000
       retry log10(dt/yr), log10(dt), retry_factor     2   245       -7.953523       -0.454411        0.500000
 grid1/grid1_000245.png/png
 burst_profile/burst_profile000245.png/png
hydro_newton_step failed to accept
       retry log10(dt/yr), log10(dt), retry_factor     1   246       -8.351463       -0.852351        0.500000
hydro_newton_step failed to accept
       retry log10(dt/yr), log10(dt), retry_factor     2   246       -8.652493       -1.153381        0.500000
 have reached retry limit so now backup
 grid1/grid1_000245.png/png
 burst_profile/burst_profile000245.png/png
 grid1/grid1_000250.png/png
 burst_profile/burst_profile000250.png/png
hydro_newton_step failed to accept
       retry log10(dt/yr), log10(dt), retry_factor     1   253       -8.072376       -0.573264        0.500000
hydro_newton_step failed to accept
       retry log10(dt/yr), log10(dt), retry_factor     2   253       -8.373406       -0.874294        0.500000
 grid1/grid1_000255.png/png
 burst_profile/burst_profile000255.png/png
 grid1/grid1_000260.png/png
 burst_profile/burst_profile000260.png/png
 grid1/grid1_000265.png/png
 burst_profile/burst_profile000265.png/png
 grid1/grid1_000270.png/png
 burst_profile/burst_profile000270.png/png
 grid1/grid1_000275.png/png
 burst_profile/burst_profile000275.png/png
       retry log10(dt/yr), log10(dt), retry_factor     1   278       -7.774611       -0.275500        0.500000
       retry log10(dt/yr), log10(dt), retry_factor     2   278       -8.075641       -0.576530        0.500000
 have reached retry limit so now backup
 grid1/grid1_000280.png/png
 burst_profile/burst_profile000280.png/png
       retry log10(dt/yr), log10(dt), retry_factor     1   284       -7.796321       -0.297210        0.500000
hydro_newton_step failed to accept
       retry log10(dt/yr), log10(dt), retry_factor     2   284       -8.097351       -0.598240        0.500000
 have reached retry limit so now backup
 grid1/grid1_000285.png/png
 burst_profile/burst_profile000285.png/png
 grid1/grid1_000290.png/png
 burst_profile/burst_profile000290.png/png
hydro_newton_step failed to accept
       retry log10(dt/yr), log10(dt), retry_factor     1   294       -7.621460       -0.122348        0.500000
       retry log10(dt/yr), log10(dt), retry_factor     2   294       -7.922490       -0.423378        0.500000
 grid1/grid1_000295.png/png
 burst_profile/burst_profile000295.png/png
        300   8.745743  8.960E+06   1.537162   2.877614   1.400000   1.400000   0.000000   0.000000   0.275200   0.019820   5.727983    712     55
  -6.950197   6.618295  -4.792722   1.526048   2.349319  -8.522879   0.000000   0.000000   0.000000   0.020000   0.020176  39.486101      7     13
 3.1854E-04  23.236032   3.177196   2.836575  14.391799  -0.718228   0.000000   0.000000   0.000000   0.000687  9.600E-01  0.983E-09        lgTeff

 grid1/grid1_000300.png/png
 burst_profile/burst_profile000300.png/png
       retry log10(dt/yr), log10(dt), retry_factor     1   303       -7.721793       -0.222681        0.500000
       retry log10(dt/yr), log10(dt), retry_factor     2   303       -8.022823       -0.523711        0.500000
 grid1/grid1_000305.png/png
 burst_profile/burst_profile000305.png/png
 grid1/grid1_000310.png/png
 burst_profile/burst_profile000310.png/png
 grid1/grid1_000315.png/png
 burst_profile/burst_profile000315.png/png
 grid1/grid1_000320.png/png
 burst_profile/burst_profile000320.png/png
 grid1/grid1_000325.png/png
 burst_profile/burst_profile000325.png/png
 grid1/grid1_000330.png/png
 burst_profile/burst_profile000330.png/png
 grid1/grid1_000335.png/png
 burst_profile/burst_profile000335.png/png
 grid1/grid1_000340.png/png
 burst_profile/burst_profile000340.png/png
 grid1/grid1_000345.png/png
 burst_profile/burst_profile000345.png/png
       retry log10(dt/yr), log10(dt), retry_factor     1   347       -5.280312        2.218800        0.500000
hydro_newton_step failed to accept
       retry log10(dt/yr), log10(dt), retry_factor     2   347       -5.581342        1.917770        0.500000
 have reached retry limit so now backup
 grid1/grid1_000350.png/png
 burst_profile/burst_profile000350.png/png
       retry log10(dt/yr), log10(dt), retry_factor     1   352       -5.438770        2.060341        0.500000
       retry log10(dt/yr), log10(dt), retry_factor     1   353       -5.836710        1.662401        0.500000
 grid1/grid1_000355.png/png
 burst_profile/burst_profile000355.png/png
       retry log10(dt/yr), log10(dt), retry_factor     1   359       -5.543763        1.955348        0.500000
       retry log10(dt/yr), log10(dt), retry_factor     2   359       -5.844793        1.654318        0.500000
 grid1/grid1_000360.png/png
 burst_profile/burst_profile000360.png/png
       retry log10(dt/yr), log10(dt), retry_factor     1   365       -5.477705        2.021406        0.500000
 grid1/grid1_000365.png/png
 burst_profile/burst_profile000365.png/png
       retry log10(dt/yr), log10(dt), retry_factor     1   369       -5.550927        1.948185        0.500000
       retry log10(dt/yr), log10(dt), retry_factor     1   370       -5.948867        1.550245        0.500000
 grid1/grid1_000370.png/png
 burst_profile/burst_profile000370.png/png
       retry log10(dt/yr), log10(dt), retry_factor     1   371       -6.249897        1.249215        0.500000
       retry log10(dt/yr), log10(dt), retry_factor     1   373       -6.550927        0.948185        0.500000
       retry log10(dt/yr), log10(dt), retry_factor     2   373       -6.851957        0.647155        0.500000
 have reached retry limit so now backup
       retry log10(dt/yr), log10(dt), retry_factor     1   375       -7.152987        0.346125        0.500000
       retry log10(dt/yr), log10(dt), retry_factor     2   375       -7.454017        0.045095        0.500000
 have reached retry limit so now backup
 grid1/grid1_000375.png/png
 burst_profile/burst_profile000375.png/png
       retry log10(dt/yr), log10(dt), retry_factor     1   378       -7.755047       -0.255935        0.500000
       retry log10(dt/yr), log10(dt), retry_factor     2   378       -8.056077       -0.556965        0.500000
 grid1/grid1_000380.png/png
 burst_profile/burst_profile000380.png/png
 grid1/grid1_000385.png/png
 burst_profile/burst_profile000385.png/png
 grid1/grid1_000390.png/png
 burst_profile/burst_profile000390.png/png
       retry log10(dt/yr), log10(dt), retry_factor     1   391       -5.588667        1.910444        0.500000
       retry log10(dt/yr), log10(dt), retry_factor     1   395       -5.718479        1.780633        0.500000
 grid1/grid1_000395.png/png
 burst_profile/burst_profile000395.png/png
       retry log10(dt/yr), log10(dt), retry_factor     1   399       -5.783003        1.716108        0.500000
hydro_newton_step failed to accept
       retry log10(dt/yr), log10(dt), retry_factor     1   400       -6.180943        1.318168        0.500000
        400   8.373411  3.905E+06   1.666286   1.702728   1.400000   1.400000   0.000000   0.000000   0.275200   0.072464  15.026715    757     77
  -5.879913   6.673442  -4.792845   0.071128   0.835079  -8.522879   0.000000   0.000000   0.000000   0.020000   0.051515  97.086517      6     16
 5.6170E-04  23.277298   1.734092   0.459603  13.658374  -1.066003   0.000000   0.000000   0.000000   0.000687  8.760E-01  0.133E-11         retry

 grid1/grid1_000400.png/png
 burst_profile/burst_profile000400.png/png
       retry log10(dt/yr), log10(dt), retry_factor     1   401       -6.481973        1.017138        0.500000
       retry log10(dt/yr), log10(dt), retry_factor     1   402       -6.783003        0.716108        0.500000
 grid1/grid1_000405.png/png
 burst_profile/burst_profile000405.png/png
hydro_newton_step failed to accept
       retry log10(dt/yr), log10(dt), retry_factor     1   410       -5.892653        1.606458        0.500000
hydro_newton_step failed to accept
       retry log10(dt/yr), log10(dt), retry_factor     2   410       -6.193683        1.305428        0.500000
 grid1/grid1_000410.png/png
 burst_profile/burst_profile000410.png/png
       retry log10(dt/yr), log10(dt), retry_factor     1   411       -6.271718        1.227394        0.500000
       retry log10(dt/yr), log10(dt), retry_factor     2   411       -6.572748        0.926364        0.500000
 have reached retry limit so now backup
 grid1/grid1_000410.png/png
 burst_profile/burst_profile000410.png/png
 grid1/grid1_000415.png/png
 burst_profile/burst_profile000415.png/png
       retry log10(dt/yr), log10(dt), retry_factor     1   418       -5.919794        1.579317        0.500000
       retry log10(dt/yr), log10(dt), retry_factor     2   418       -6.220824        1.278287        0.500000
 have reached retry limit so now backup
 grid1/grid1_000420.png/png
 burst_profile/burst_profile000420.png/png
hydro_newton_step failed to accept
       retry log10(dt/yr), log10(dt), retry_factor     1   421       -6.521854        0.977257        0.500000
       retry log10(dt/yr), log10(dt), retry_factor     1   422       -6.919794        0.579317        0.500000
       retry log10(dt/yr), log10(dt), retry_factor     1   423       -7.220824        0.278287        0.500000
 grid1/grid1_000425.png/png
 burst_profile/burst_profile000425.png/png
        428   8.418610  4.381E+06   1.883278   1.980147   1.400000   1.400000   0.000000   0.000000   0.275200   0.076193  13.541840    760     88
  -6.317734   6.674747  -4.792813   1.070564   1.068078  -8.522879   0.000000   0.000000   0.000000   0.020000   0.054038  87.577968      6     18
 5.8631E-04  23.281259   1.934005   0.865389  13.788952  -0.986580   0.000000   0.000000   0.000000   0.000687  8.698E-01  0.599E-11  max increase

save LOGS/profile3.data for model 428
       retry log10(dt/yr), log10(dt), retry_factor     1   430       -6.317734        1.181377        0.500000
 grid1/grid1_000430.png/png
 burst_profile/burst_profile000430.png/png
       retry log10(dt/yr), log10(dt), retry_factor     1   432       -6.618764        0.880347        0.500000
hydro_newton_step failed to accept
       retry log10(dt/yr), log10(dt), retry_factor     2   432       -6.919794        0.579317        0.500000
       retry log10(dt/yr), log10(dt), retry_factor     1   434       -7.220824        0.278287        0.500000
 grid1/grid1_000435.png/png
 burst_profile/burst_profile000435.png/png
       retry log10(dt/yr), log10(dt), retry_factor     1   437       -7.521854       -0.022743        0.500000
       retry log10(dt/yr), log10(dt), retry_factor     2   437       -7.822884       -0.323773        0.500000
hydro_newton_step failed to accept
       retry log10(dt/yr), log10(dt), retry_factor     1   440       -8.123914       -0.624803        0.500000
       retry log10(dt/yr), log10(dt), retry_factor     2   440       -8.424944       -0.925833        0.500000
 have reached retry limit so now backup
 grid1/grid1_000440.png/png
 burst_profile/burst_profile000440.png/png
 grid1/grid1_000445.png/png
 burst_profile/burst_profile000445.png/png
       retry log10(dt/yr), log10(dt), retry_factor     1   446       -7.822884       -0.323773        0.500000
       retry log10(dt/yr), log10(dt), retry_factor     1   447       -8.123914       -0.624803        0.500000
 grid1/grid1_000450.png/png
 burst_profile/burst_profile000450.png/png
 grid1/grid1_000455.png/png
 burst_profile/burst_profile000455.png/png
 grid1/grid1_000460.png/png
 burst_profile/burst_profile000460.png/png
 grid1/grid1_000465.png/png
 burst_profile/burst_profile000465.png/png
 grid1/grid1_000470.png/png
 burst_profile/burst_profile000470.png/png
 grid1/grid1_000475.png/png
 burst_profile/burst_profile000475.png/png
       retry log10(dt/yr), log10(dt), retry_factor     1   479       -9.216220       -1.717109        0.500000
 grid1/grid1_000480.png/png
 burst_profile/burst_profile000480.png/png
 grid1/grid1_000485.png/png
 burst_profile/burst_profile000485.png/png
 grid1/grid1_000490.png/png
 burst_profile/burst_profile000490.png/png
 grid1/grid1_000495.png/png
 burst_profile/burst_profile000495.png/png
        500   8.569044  2.167E+07   3.583740   6.762320   1.400000   1.400000   0.000000   0.000000   0.289557   0.064791   9.411402    807     99
  -8.296968   6.667899  -4.791646   2.981900   4.275537  -8.522879   0.000000   0.000000   0.000000   0.214377   0.040562  61.613801      7     19
 5.9050E-04  23.281776   4.713549   6.761960  14.947935  -0.857414   0.000000   0.000000   0.000000   0.000687  8.946E-01 -0.771E-08      lgT_cntr

save LOGS/profile4.data for model 500
save photos/x500 for model 500
 grid1/grid1_000500.png/png
 burst_profile/burst_profile000500.png/png
 grid1/grid1_000505.png/png
 burst_profile/burst_profile000505.png/png
 grid1/grid1_000510.png/png
 burst_profile/burst_profile000510.png/png
 grid1/grid1_000515.png/png
 burst_profile/burst_profile000515.png/png
 grid1/grid1_000520.png/png
 burst_profile/burst_profile000520.png/png
 grid1/grid1_000525.png/png
 burst_profile/burst_profile000525.png/png
 grid1/grid1_000530.png/png
 burst_profile/burst_profile000530.png/png
 grid1/grid1_000535.png/png
 burst_profile/burst_profile000535.png/png
       retry log10(dt/yr), log10(dt), retry_factor     1   540       -7.656025       -0.156914        0.500000
 grid1/grid1_000540.png/png
 burst_profile/burst_profile000540.png/png
       retry log10(dt/yr), log10(dt), retry_factor     1   541       -8.053965       -0.554854        0.500000
       retry log10(dt/yr), log10(dt), retry_factor     2   541       -8.354995       -0.855884        0.500000
hydro_newton_step failed to accept
       retry log10(dt/yr), log10(dt), retry_factor     1   542       -8.656025       -1.156914        0.500000
       retry log10(dt/yr), log10(dt), retry_factor     2   542       -8.957055       -1.457944        0.500000
 grid1/grid1_000545.png/png
 burst_profile/burst_profile000545.png/png
hydro_newton_step failed to accept
       retry log10(dt/yr), log10(dt), retry_factor     1   549       -8.053965       -0.554854        0.500000
       retry log10(dt/yr), log10(dt), retry_factor     2   549       -8.354995       -0.855884        0.500000
 have reached retry limit so now backup
 grid1/grid1_000550.png/png
 burst_profile/burst_profile000550.png/png
hydro_newton_step failed to accept
       retry log10(dt/yr), log10(dt), retry_factor     1   551       -8.656025       -1.156914        0.500000
 grid1/grid1_000555.png/png
 burst_profile/burst_profile000555.png/png
       retry log10(dt/yr), log10(dt), retry_factor     1   557       -8.399922       -0.900811        0.500000
 grid1/grid1_000560.png/png
 burst_profile/burst_profile000560.png/png
 grid1/grid1_000565.png/png
 burst_profile/burst_profile000565.png/png
 grid1/grid1_000570.png/png
 burst_profile/burst_profile000570.png/png
 grid1/grid1_000575.png/png
 burst_profile/burst_profile000575.png/png
 grid1/grid1_000580.png/png
 burst_profile/burst_profile000580.png/png
 grid1/grid1_000585.png/png
 burst_profile/burst_profile000585.png/png
       retry log10(dt/yr), log10(dt), retry_factor     1   586       -7.720998       -0.221887        0.500000
       retry log10(dt/yr), log10(dt), retry_factor     2   586       -8.022028       -0.522917        0.500000
 grid1/grid1_000590.png/png
 burst_profile/burst_profile000590.png/png
       retry log10(dt/yr), log10(dt), retry_factor     1   595       -7.770994       -0.271882        0.500000
       retry log10(dt/yr), log10(dt), retry_factor     2   595       -8.072024       -0.572912        0.500000
 grid1/grid1_000595.png/png
 burst_profile/burst_profile000595.png/png
        600   8.783864  9.799E+06   1.716029   3.137731   1.400000   1.400000   0.000000   0.000000   0.275200   0.018003   5.396227    818    112
  -7.168934   6.645390  -4.792666   1.733942   2.522723  -8.522879   0.000000   0.000000   0.000000   0.020000   0.019672  36.927899      6     20
 5.9352E-04  23.282397   3.332898   3.102775  14.430856  -0.727645   0.000000   0.000000   0.000000   0.000687  9.623E-01 -0.193E-09  max increase

 grid1/grid1_000600.png/png
 burst_profile/burst_profile000600.png/png
       retry log10(dt/yr), log10(dt), retry_factor     1   601       -7.477669        0.021443        0.500000
       retry log10(dt/yr), log10(dt), retry_factor     2   601       -7.778699       -0.279587        0.500000
 grid1/grid1_000605.png/png
 burst_profile/burst_profile000605.png/png
 grid1/grid1_000610.png/png
 burst_profile/burst_profile000610.png/png
 grid1/grid1_000615.png/png
 burst_profile/burst_profile000615.png/png
 grid1/grid1_000620.png/png
 burst_profile/burst_profile000620.png/png
 grid1/grid1_000625.png/png
 burst_profile/burst_profile000625.png/png
 grid1/grid1_000630.png/png
 burst_profile/burst_profile000630.png/png
 grid1/grid1_000635.png/png
 burst_profile/burst_profile000635.png/png
 grid1/grid1_000640.png/png
 burst_profile/burst_profile000640.png/png
 grid1/grid1_000645.png/png
 burst_profile/burst_profile000645.png/png
       retry log10(dt/yr), log10(dt), retry_factor     1   648       -5.665790        1.833322        0.500000
 grid1/grid1_000650.png/png
 burst_profile/burst_profile000650.png/png
       retry log10(dt/yr), log10(dt), retry_factor     1   653       -5.649786        1.849326        0.500000
 grid1/grid1_000655.png/png
 burst_profile/burst_profile000655.png/png
       retry log10(dt/yr), log10(dt), retry_factor     1   659       -5.390164        2.108947        0.500000
       retry log10(dt/yr), log10(dt), retry_factor     2   659       -5.691194        1.807917        0.500000
 grid1/grid1_000660.png/png
 burst_profile/burst_profile000660.png/png
 grid1/grid1_000665.png/png
 burst_profile/burst_profile000665.png/png
       retry log10(dt/yr), log10(dt), retry_factor     1   667       -5.265508        2.233603        0.500000
       retry log10(dt/yr), log10(dt), retry_factor     1   668       -5.566538        1.932573        0.500000
       retry log10(dt/yr), log10(dt), retry_factor     2   668       -5.867568        1.631543        0.500000
 have reached retry limit so now backup
 grid1/grid1_000670.png/png
 burst_profile/burst_profile000670.png/png
       retry log10(dt/yr), log10(dt), retry_factor     1   675       -5.277599        2.221513        0.500000
hydro_newton_step failed to accept
       retry log10(dt/yr), log10(dt), retry_factor     2   675       -5.578629        1.920483        0.500000
 have reached retry limit so now backup
 grid1/grid1_000675.png/png
 burst_profile/burst_profile000675.png/png
       retry log10(dt/yr), log10(dt), retry_factor     1   679       -5.578629        1.920483        0.500000
       retry log10(dt/yr), log10(dt), retry_factor     1   680       -5.879659        1.619453        0.500000
 grid1/grid1_000680.png/png
 burst_profile/burst_profile000680.png/png
 grid1/grid1_000685.png/png
 burst_profile/burst_profile000685.png/png
       retry log10(dt/yr), log10(dt), retry_factor     1   686       -5.366621        2.132490        0.500000
hydro_newton_step failed to accept
       retry log10(dt/yr), log10(dt), retry_factor     2   686       -5.667651        1.831460        0.500000
 have reached retry limit so now backup
 grid1/grid1_000685.png/png
 burst_profile/burst_profile000685.png/png
hydro_newton_step failed to accept
       retry log10(dt/yr), log10(dt), retry_factor     1   687       -6.162501        1.336610        0.500000
 grid1/grid1_000690.png/png
 burst_profile/burst_profile000690.png/png
       retry log10(dt/yr), log10(dt), retry_factor     1   692       -5.768706        1.730406        0.500000
hydro_newton_step failed to accept
       retry log10(dt/yr), log10(dt), retry_factor     1   695       -6.111563        1.387548        0.500000
 grid1/grid1_000695.png/png
 burst_profile/burst_profile000695.png/png
       retry log10(dt/yr), log10(dt), retry_factor     1   696       -6.156744        1.342368        0.500000
       retry log10(dt/yr), log10(dt), retry_factor     1   698       -6.457774        1.041338        0.500000
hydro_newton_step failed to accept
       retry log10(dt/yr), log10(dt), retry_factor     2   698       -6.758804        0.740308        0.500000
       retry log10(dt/yr), log10(dt), retry_factor     1   700       -7.059834        0.439278        0.500000
        700   8.441395  4.786E+06   2.098263   2.369584   1.400000   1.400000   0.000000   0.000000   0.275200   0.068695  13.290716    844    134
  -6.758804   6.702231  -4.792777   1.693506   1.450503  -8.522879   0.000000   0.000000   0.000000   0.020000   0.049453  84.873375      6     23
 8.6146E-04  23.323280   2.087671   1.774031  13.887556  -0.927377   0.000000   0.000000   0.000000   0.000687  8.819E-01  0.245E-10         retry

 grid1/grid1_000700.png/png
 burst_profile/burst_profile000700.png/png
       retry log10(dt/yr), log10(dt), retry_factor     1   701       -7.404666        0.094446        0.500000
 grid1/grid1_000705.png/png
 burst_profile/burst_profile000705.png/png
       retry log10(dt/yr), log10(dt), retry_factor     1   706       -7.441958        0.057153        0.500000
       retry log10(dt/yr), log10(dt), retry_factor     1   709       -7.799610       -0.300498        0.500000
       retry log10(dt/yr), log10(dt), retry_factor     2   709       -8.100640       -0.601528        0.500000
 have reached retry limit so now backup
 grid1/grid1_000710.png/png
 burst_profile/burst_profile000710.png/png
       retry log10(dt/yr), log10(dt), retry_factor     1   714       -7.799610       -0.300498        0.500000
       retry log10(dt/yr), log10(dt), retry_factor     1   715       -8.100640       -0.601528        0.500000
 grid1/grid1_000715.png/png
 burst_profile/burst_profile000715.png/png
 grid1/grid1_000720.png/png
 burst_profile/burst_profile000720.png/png
 grid1/grid1_000725.png/png
 burst_profile/burst_profile000725.png/png
 grid1/grid1_000730.png/png
 burst_profile/burst_profile000730.png/png
 grid1/grid1_000735.png/png
 burst_profile/burst_profile000735.png/png
 grid1/grid1_000740.png/png
 burst_profile/burst_profile000740.png/png
       retry log10(dt/yr), log10(dt), retry_factor     1   741       -9.359973       -1.860862        0.500000
 grid1/grid1_000745.png/png
 burst_profile/burst_profile000745.png/png
 grid1/grid1_000750.png/png
 burst_profile/burst_profile000750.png/png
 grid1/grid1_000755.png/png
 burst_profile/burst_profile000755.png/png
 grid1/grid1_000760.png/png
 burst_profile/burst_profile000760.png/png
 grid1/grid1_000765.png/png
 burst_profile/burst_profile000765.png/png
 grid1/grid1_000770.png/png
 burst_profile/burst_profile000770.png/png
 grid1/grid1_000775.png/png
 burst_profile/burst_profile000775.png/png
 grid1/grid1_000780.png/png
 burst_profile/burst_profile000780.png/png
 grid1/grid1_000785.png/png
 burst_profile/burst_profile000785.png/png
 grid1/grid1_000790.png/png
 burst_profile/burst_profile000790.png/png
 grid1/grid1_000795.png/png
 burst_profile/burst_profile000795.png/png
        800   8.978307  1.908E+07   3.300069   6.208151   1.400000   1.400000   0.000000   0.000000   0.271916   0.040198   3.089528    850    141
  -7.215397   6.628166  -4.792027   2.796365   3.896510  -8.522879   0.000000   0.000000   0.000000   0.319294   0.029880  23.290034      9     24
 8.6284E-04  23.323341   4.491523   6.207445  14.823754  -0.752919   0.000000   0.000000   0.000000   0.000687  9.299E-01  0.145E-08    varcontrol

 grid1/grid1_000800.png/png
 burst_profile/burst_profile000800.png/png
 grid1/grid1_000805.png/png
 burst_profile/burst_profile000805.png/png
       retry log10(dt/yr), log10(dt), retry_factor     1   807       -7.783684       -0.284573        0.500000
       retry log10(dt/yr), log10(dt), retry_factor     1   809       -8.278534       -0.779423        0.500000
hydro_newton_step failed to accept
       retry log10(dt/yr), log10(dt), retry_factor     2   809       -8.579564       -1.080453        0.500000
       retry log10(dt/yr), log10(dt), retry_factor     1   810       -8.912285       -1.413173        0.500000
       retry log10(dt/yr), log10(dt), retry_factor     2   810       -9.213315       -1.714203        0.500000
 grid1/grid1_000810.png/png
 burst_profile/burst_profile000810.png/png
       retry log10(dt/yr), log10(dt), retry_factor     1   814       -9.213315       -1.714203        0.500000
 grid1/grid1_000815.png/png
 burst_profile/burst_profile000815.png/png
 grid1/grid1_000820.png/png
 burst_profile/burst_profile000820.png/png
 grid1/grid1_000825.png/png
 burst_profile/burst_profile000825.png/png
 grid1/grid1_000830.png/png
 burst_profile/burst_profile000830.png/png
 grid1/grid1_000835.png/png
 burst_profile/burst_profile000835.png/png
 grid1/grid1_000840.png/png
 burst_profile/burst_profile000840.png/png
 grid1/grid1_000845.png/png
 burst_profile/burst_profile000845.png/png
 grid1/grid1_000850.png/png
 burst_profile/burst_profile000850.png/png
       retry log10(dt/yr), log10(dt), retry_factor     1   854       -7.536683       -0.037572        0.500000
 grid1/grid1_000855.png/png
 burst_profile/burst_profile000855.png/png
 grid1/grid1_000860.png/png
 burst_profile/burst_profile000860.png/png
 grid1/grid1_000865.png/png
 burst_profile/burst_profile000865.png/png
 grid1/grid1_000870.png/png
 burst_profile/burst_profile000870.png/png
 grid1/grid1_000875.png/png
 burst_profile/burst_profile000875.png/png
 grid1/grid1_000880.png/png
 burst_profile/burst_profile000880.png/png
 grid1/grid1_000885.png/png
 burst_profile/burst_profile000885.png/png
 grid1/grid1_000890.png/png
 burst_profile/burst_profile000890.png/png
 grid1/grid1_000895.png/png
 burst_profile/burst_profile000895.png/png
        900   8.368205  3.494E+06   1.233011   1.374737   1.400000   1.400000   0.000000   0.000000   0.275200   0.021036  15.873275    875    148
  -5.520084   6.707393  -4.792911  -2.284812   0.738890  -8.522879   0.000000   0.000000   0.000000   0.020000   0.020386 100.851333      7     24
 8.9232E-04  23.327776   1.540871   0.819123  13.532183  -1.142762   0.000000   0.000000   0.000000   0.000687  9.586E-01 -0.285E-12    varcontrol

 grid1/grid1_000900.png/png
 burst_profile/burst_profile000900.png/png
 grid1/grid1_000905.png/png
 burst_profile/burst_profile000905.png/png
       retry log10(dt/yr), log10(dt), retry_factor     1   906       -5.416894        2.082217        0.500000
hydro_newton_step failed to accept
       retry log10(dt/yr), log10(dt), retry_factor     2   906       -5.717924        1.781187        0.500000
 have reached retry limit so now backup
 grid1/grid1_000905.png/png
 burst_profile/burst_profile000905.png/png
       retry log10(dt/yr), log10(dt), retry_factor     1   907       -6.115864        1.383247        0.500000
 grid1/grid1_000910.png/png
 burst_profile/burst_profile000910.png/png
       retry log10(dt/yr), log10(dt), retry_factor     1   914       -5.421400        2.077712        0.500000
hydro_newton_step failed to accept
       retry log10(dt/yr), log10(dt), retry_factor     2   914       -5.722430        1.776682        0.500000
 have reached retry limit so now backup
 grid1/grid1_000915.png/png
 burst_profile/burst_profile000915.png/png
 grid1/grid1_000920.png/png
 burst_profile/burst_profile000920.png/png
       retry log10(dt/yr), log10(dt), retry_factor     1   923       -5.735393        1.763719        0.500000
 grid1/grid1_000925.png/png
 burst_profile/burst_profile000925.png/png
       retry log10(dt/yr), log10(dt), retry_factor     1   930       -5.361835        2.137277        0.500000
       retry log10(dt/yr), log10(dt), retry_factor     2   930       -5.662865        1.836247        0.500000
 grid1/grid1_000930.png/png
 burst_profile/burst_profile000930.png/png
       retry log10(dt/yr), log10(dt), retry_factor     1   935       -5.434206        2.064906        0.500000
 grid1/grid1_000935.png/png
 burst_profile/burst_profile000935.png/png
       retry log10(dt/yr), log10(dt), retry_factor     1   936       -5.735236        1.763876        0.500000
hydro_newton_step failed to accept
       retry log10(dt/yr), log10(dt), retry_factor     1   937       -6.127938        1.371174        0.500000
 grid1/grid1_000940.png/png
 burst_profile/burst_profile000940.png/png
       retry log10(dt/yr), log10(dt), retry_factor     1   943       -5.503649        1.995462        0.500000
       retry log10(dt/yr), log10(dt), retry_factor     2   943       -5.804679        1.694432        0.500000
       retry log10(dt/yr), log10(dt), retry_factor     1   944       -6.188310        1.310801        0.500000
 grid1/grid1_000945.png/png
 burst_profile/burst_profile000945.png/png
       retry log10(dt/yr), log10(dt), retry_factor     1   950       -5.844764        1.654348        0.500000
 grid1/grid1_000950.png/png
 burst_profile/burst_profile000950.png/png
       retry log10(dt/yr), log10(dt), retry_factor     1   951       -6.242704        1.256408        0.500000
       retry log10(dt/yr), log10(dt), retry_factor     2   951       -6.543734        0.955378        0.500000
 have reached retry limit so now backup
 grid1/grid1_000950.png/png
 burst_profile/burst_profile000950.png/png
       retry log10(dt/yr), log10(dt), retry_factor     1   955       -6.647082        0.852030        0.500000
 grid1/grid1_000955.png/png
 burst_profile/burst_profile000955.png/png
hydro_newton_step failed to accept
       retry log10(dt/yr), log10(dt), retry_factor     1   959       -6.742487        0.756625        0.500000
 grid1/grid1_000960.png/png
 burst_profile/burst_profile000960.png/png
       retry log10(dt/yr), log10(dt), retry_factor     1   962       -6.383564        1.115547        0.500000
hydro_newton_step failed to accept
       retry log10(dt/yr), log10(dt), retry_factor     2   962       -6.684594        0.814517        0.500000
       retry log10(dt/yr), log10(dt), retry_factor     1   964       -6.985624        0.513487        0.500000
 grid1/grid1_000965.png/png
 burst_profile/burst_profile000965.png/png
       retry log10(dt/yr), log10(dt), retry_factor     1   966       -7.286654        0.212457        0.500000
       retry log10(dt/yr), log10(dt), retry_factor     1   968       -7.587684       -0.088573        0.500000
 grid1/grid1_000970.png/png
 burst_profile/burst_profile000970.png/png
       retry log10(dt/yr), log10(dt), retry_factor     1   971       -7.888714       -0.389603        0.500000
       retry log10(dt/yr), log10(dt), retry_factor     1   972       -8.189744       -0.690633        0.500000
 grid1/grid1_000975.png/png
 burst_profile/burst_profile000975.png/png
 grid1/grid1_000980.png/png
 burst_profile/burst_profile000980.png/png
 grid1/grid1_000985.png/png
 burst_profile/burst_profile000985.png/png
 grid1/grid1_000990.png/png
 burst_profile/burst_profile000990.png/png
 grid1/grid1_000995.png/png
 burst_profile/burst_profile000995.png/png

__________________________________________________________________________________________________________________________________________________

       step    lg_Tcntr    Teff       lg_LH     lg_Lnuc     Mass       H_rich     H_cntr     N_cntr     Y_surf     X_avg     eta_cntr  zones retry
   lg_dt_yr    lg_Dcntr    lg_R       lg_L3a    lg_Lneu     lg_Mdot    He_core    He_cntr    O_cntr     Z_surf     Y_avg     gam_cntr  iters bckup
     age_yr    lg_Pcntr    lg_L       lg_LZ     lg_Psurf    lg_Dsurf   C_core     C_cntr     Ne_cntr    Si_cntr    Z_avg     v_div_cs     dt_limit
__________________________________________________________________________________________________________________________________________________

       1000   8.452651  1.062E+07   3.625534   5.754406   1.400000   1.400000   0.000000   0.000000   0.275200   0.060184  13.361648    894    174
  -8.982899   6.727480  -4.792357   3.307553   4.077274  -8.522879   0.000000   0.000000   0.000000   0.020000   0.041556  84.320153      6     27
 1.1348E-03  23.361298   3.473333   5.749600  14.459507  -0.746097   0.000000   0.000000   0.000000   0.000687  8.983E-01  0.701E-08        lgTeff

save LOGS/profile5.data for model 1000
save photos/1000 for model 1000
 grid1/grid1_001000.png/png
 burst_profile/burst_profile001000.png/png
 grid1/grid1_001005.png/png
 burst_profile/burst_profile001005.png/png
       retry log10(dt/yr), log10(dt), retry_factor     1  1007       -9.258036       -1.758925        0.500000
 grid1/grid1_001010.png/png
 burst_profile/burst_profile001010.png/png
       retry log10(dt/yr), log10(dt), retry_factor     1  1012       -9.206739       -1.707628        0.500000
 grid1/grid1_001015.png/png
 burst_profile/burst_profile001015.png/png
 grid1/grid1_001020.png/png
 burst_profile/burst_profile001020.png/png
 grid1/grid1_001025.png/png
 burst_profile/burst_profile001025.png/png
 grid1/grid1_001030.png/png
 burst_profile/burst_profile001030.png/png
 grid1/grid1_001035.png/png
 burst_profile/burst_profile001035.png/png
 grid1/grid1_001040.png/png
 burst_profile/burst_profile001040.png/png
 grid1/grid1_001045.png/png
 burst_profile/burst_profile001045.png/png
 grid1/grid1_001050.png/png
 burst_profile/burst_profile001050.png/png
 grid1/grid1_001055.png/png
 burst_profile/burst_profile001055.png/png
 grid1/grid1_001060.png/png
 burst_profile/burst_profile001060.png/png
       retry log10(dt/yr), log10(dt), retry_factor     1  1063       -7.496238        0.002874        0.500000
       retry log10(dt/yr), log10(dt), retry_factor     2  1063       -7.797268       -0.298156        0.500000
 have reached retry limit so now backup
 grid1/grid1_001065.png/png
 burst_profile/burst_profile001065.png/png
       retry log10(dt/yr), log10(dt), retry_factor     1  1067       -7.797268       -0.298156        0.500000
       retry log10(dt/yr), log10(dt), retry_factor     2  1067       -8.098298       -0.599186        0.500000
 have reached retry limit so now backup
       retry log10(dt/yr), log10(dt), retry_factor     1  1068       -8.399328       -0.900216        0.500000
       retry log10(dt/yr), log10(dt), retry_factor     2  1068       -8.700358       -1.201246        0.500000
 have reached retry limit so now backup
       retry log10(dt/yr), log10(dt), retry_factor     1  1068       -9.001388       -1.502276        0.500000
       retry log10(dt/yr), log10(dt), retry_factor     2  1068       -9.302418       -1.803306        0.500000
 have reached retry limit so now backup
       retry log10(dt/yr), log10(dt), retry_factor     1  1068       -9.603448       -2.104336        0.500000
       retry log10(dt/yr), log10(dt), retry_factor     2  1068       -9.904478       -2.405366        0.500000
 grid1/grid1_001070.png/png
 burst_profile/burst_profile001070.png/png
 grid1/grid1_001075.png/png
 burst_profile/burst_profile001075.png/png
 grid1/grid1_001080.png/png
 burst_profile/burst_profile001080.png/png
       retry log10(dt/yr), log10(dt), retry_factor     1  1082       -7.845815       -0.346703        0.500000
       retry log10(dt/yr), log10(dt), retry_factor     2  1082       -8.146845       -0.647733        0.500000
 have reached retry limit so now backup
 grid1/grid1_001085.png/png
 burst_profile/burst_profile001085.png/png
       retry log10(dt/yr), log10(dt), retry_factor     1  1086       -8.233241       -0.734130        0.500000
hydro_newton_step failed to accept
       retry log10(dt/yr), log10(dt), retry_factor     2  1086       -8.534271       -1.035160        0.500000
 have reached retry limit so now backup
 grid1/grid1_001085.png/png
 burst_profile/burst_profile001085.png/png
hydro_newton_step failed to accept
       retry log10(dt/yr), log10(dt), retry_factor     1  1086       -8.835301       -1.336190        0.500000
 grid1/grid1_001090.png/png
 burst_profile/burst_profile001090.png/png
       retry log10(dt/yr), log10(dt), retry_factor     1  1095       -7.888702       -0.389590        0.500000
 grid1/grid1_001095.png/png
 burst_profile/burst_profile001095.png/png
       1100   8.921578  1.489E+07   2.661235   4.934822   1.400000   1.400000   0.000000   0.000000   0.275200   0.020200   3.905120    938    192
  -7.305342   6.674577  -4.792305   2.336591   3.356316  -8.522879   0.000000   0.000000   0.000000   0.020000   0.019588  27.502357      8     33
 1.1365E-03  23.361514   4.060723   4.931400  14.607945  -0.851947   0.000000   0.000000   0.000000   0.000687  9.602E-01 -0.411E-10          dH/H

 grid1/grid1_001100.png/png
 burst_profile/burst_profile001100.png/png
 grid1/grid1_001105.png/png
 burst_profile/burst_profile001105.png/png
 grid1/grid1_001110.png/png
 burst_profile/burst_profile001110.png/png
 grid1/grid1_001115.png/png
 burst_profile/burst_profile001115.png/png
 grid1/grid1_001120.png/png
 burst_profile/burst_profile001120.png/png
       retry log10(dt/yr), log10(dt), retry_factor     1  1121       -7.780488       -0.281377        0.500000
 grid1/grid1_001125.png/png
 burst_profile/burst_profile001125.png/png
       retry log10(dt/yr), log10(dt), retry_factor     1  1126       -7.642097       -0.142985        0.500000
       retry log10(dt/yr), log10(dt), retry_factor     2  1126       -7.943127       -0.444015        0.500000
 have reached retry limit so now backup
 grid1/grid1_001125.png/png
 burst_profile/burst_profile001125.png/png
       retry log10(dt/yr), log10(dt), retry_factor     1  1127       -8.244157       -0.745045        0.500000
hydro_newton_step failed to accept
       retry log10(dt/yr), log10(dt), retry_factor     2  1127       -8.545187       -1.046075        0.500000
 have reached retry limit so now backup
 grid1/grid1_001130.png/png
 burst_profile/burst_profile001130.png/png
       retry log10(dt/yr), log10(dt), retry_factor     1  1135       -7.781587       -0.282475        0.500000
 grid1/grid1_001135.png/png
 burst_profile/burst_profile001135.png/png
       retry log10(dt/yr), log10(dt), retry_factor     1  1140       -7.576785       -0.077673        0.500000
       retry log10(dt/yr), log10(dt), retry_factor     2  1140       -7.877815       -0.378703        0.500000
 have reached retry limit so now backup
 grid1/grid1_001140.png/png
 burst_profile/burst_profile001140.png/png
       retry log10(dt/yr), log10(dt), retry_factor     1  1145       -7.576785       -0.077673        0.500000
       retry log10(dt/yr), log10(dt), retry_factor     2  1145       -7.877815       -0.378703        0.500000
 grid1/grid1_001145.png/png
 burst_profile/burst_profile001145.png/png
 grid1/grid1_001150.png/png
 burst_profile/burst_profile001150.png/png
       retry log10(dt/yr), log10(dt), retry_factor     1  1152       -7.607738       -0.108627        0.500000
       retry log10(dt/yr), log10(dt), retry_factor     2  1152       -7.908768       -0.409657        0.500000
 grid1/grid1_001155.png/png
 burst_profile/burst_profile001155.png/png
 grid1/grid1_001160.png/png
 burst_profile/burst_profile001160.png/png
 grid1/grid1_001165.png/png
 burst_profile/burst_profile001165.png/png
 grid1/grid1_001170.png/png
 burst_profile/burst_profile001170.png/png
 grid1/grid1_001175.png/png
 burst_profile/burst_profile001175.png/png
 grid1/grid1_001180.png/png
 burst_profile/burst_profile001180.png/png
 grid1/grid1_001185.png/png
 burst_profile/burst_profile001185.png/png
 grid1/grid1_001190.png/png
 burst_profile/burst_profile001190.png/png
 grid1/grid1_001195.png/png
 burst_profile/burst_profile001195.png/png
       retry log10(dt/yr), log10(dt), retry_factor     1  1197       -5.371988        2.127123        0.500000
       retry log10(dt/yr), log10(dt), retry_factor     1  1198       -5.673018        1.826093        0.500000
       1200   8.337986  3.351E+06   1.318683   1.371455   1.400000   1.400000   0.000000   0.000000   0.275200   0.027030  17.662263    970    206
  -5.535357   6.736582  -4.792887  -2.513130   0.582828  -8.522879   0.000000   0.000000   0.000000   0.020000   0.022694 110.568283      8     36
 1.2021E-03  23.370265   1.468376   0.429458  13.486269  -1.170033   0.000000   0.000000   0.000000   0.000687  9.503E-01 -0.768E-13          dH/H

 grid1/grid1_001200.png/png
 burst_profile/burst_profile001200.png/png
       retry log10(dt/yr), log10(dt), retry_factor     1  1203       -5.647254        1.851858        0.500000
       retry log10(dt/yr), log10(dt), retry_factor     2  1203       -5.948284        1.550828        0.500000
 have reached retry limit so now backup
 grid1/grid1_001205.png/png
 burst_profile/burst_profile001205.png/png
       retry log10(dt/yr), log10(dt), retry_factor     1  1210       -5.451182        2.047929        0.500000
 grid1/grid1_001210.png/png
 burst_profile/burst_profile001210.png/png
       retry log10(dt/yr), log10(dt), retry_factor     1  1211       -5.849122        1.649989        0.500000
       retry log10(dt/yr), log10(dt), retry_factor     1  1212       -6.150152        1.348959        0.500000
 grid1/grid1_001215.png/png
 burst_profile/burst_profile001215.png/png
       retry log10(dt/yr), log10(dt), retry_factor     1  1219       -5.517723        1.981388        0.500000
       retry log10(dt/yr), log10(dt), retry_factor     2  1219       -5.818753        1.680358        0.500000
       retry log10(dt/yr), log10(dt), retry_factor     1  1220       -6.119783        1.379328        0.500000
 grid1/grid1_001220.png/png
 burst_profile/burst_profile001220.png/png
 grid1/grid1_001225.png/png
 burst_profile/burst_profile001225.png/png
       retry log10(dt/yr), log10(dt), retry_factor     1  1227       -5.466003        2.033108        0.500000
hydro_newton_step failed to accept
       retry log10(dt/yr), log10(dt), retry_factor     2  1227       -5.767033        1.732078        0.500000
 have reached retry limit so now backup
 grid1/grid1_001230.png/png
 burst_profile/burst_profile001230.png/png
       retry log10(dt/yr), log10(dt), retry_factor     1  1232       -5.673859        1.825252        0.500000
 grid1/grid1_001235.png/png
 burst_profile/burst_profile001235.png/png
       retry log10(dt/yr), log10(dt), retry_factor     1  1238       -5.165009        2.334103        0.500000
       retry log10(dt/yr), log10(dt), retry_factor     2  1238       -5.466039        2.033073        0.500000
 have reached retry limit so now backup
hydro_newton_step failed to accept
       retry log10(dt/yr), log10(dt), retry_factor     1  1239       -5.960889        1.538223        0.500000
 grid1/grid1_001240.png/png
 burst_profile/burst_profile001240.png/png
       retry log10(dt/yr), log10(dt), retry_factor     1  1244       -5.406904        2.092207        0.500000
       retry log10(dt/yr), log10(dt), retry_factor     1  1245       -5.707934        1.791177        0.500000
 grid1/grid1_001245.png/png
 burst_profile/burst_profile001245.png/png
hydro_newton_step failed to accept
       retry log10(dt/yr), log10(dt), retry_factor     1  1246       -6.105874        1.393237        0.500000
hydro_newton_step failed to accept
       retry log10(dt/yr), log10(dt), retry_factor     2  1246       -6.406904        1.092207        0.500000
       retry log10(dt/yr), log10(dt), retry_factor     1  1247       -6.707934        0.791177        0.500000
       retry log10(dt/yr), log10(dt), retry_factor     1  1248       -7.008964        0.490147        0.500000
 grid1/grid1_001250.png/png
 burst_profile/burst_profile001250.png/png
 grid1/grid1_001255.png/png
 burst_profile/burst_profile001255.png/png
       retry log10(dt/yr), log10(dt), retry_factor     1  1257       -5.785690        1.713421        0.500000
hydro_newton_step failed to accept
       retry log10(dt/yr), log10(dt), retry_factor     2  1257       -6.086720        1.412391        0.500000
hydro_newton_step failed to accept
       retry log10(dt/yr), log10(dt), retry_factor     1  1258       -6.484660        1.014451        0.500000
       retry log10(dt/yr), log10(dt), retry_factor     1  1259       -6.785690        0.713421        0.500000
       retry log10(dt/yr), log10(dt), retry_factor     1  1260       -7.086720        0.412391        0.500000
 grid1/grid1_001260.png/png
 burst_profile/burst_profile001260.png/png
 grid1/grid1_001265.png/png
 burst_profile/burst_profile001265.png/png
       retry log10(dt/yr), log10(dt), retry_factor     1  1268       -5.882600        1.616511        0.500000
hydro_newton_step failed to accept
       retry log10(dt/yr), log10(dt), retry_factor     1  1270       -6.271169        1.227942        0.500000
 grid1/grid1_001270.png/png
 burst_profile/burst_profile001270.png/png
       retry log10(dt/yr), log10(dt), retry_factor     1  1272       -6.271169        1.227942        0.500000
       retry log10(dt/yr), log10(dt), retry_factor     2  1272       -6.572199        0.926912        0.500000
       retry log10(dt/yr), log10(dt), retry_factor     1  1274       -6.873229        0.625882        0.500000
       retry log10(dt/yr), log10(dt), retry_factor     1  1275       -7.174259        0.324852        0.500000
 grid1/grid1_001275.png/png
 burst_profile/burst_profile001275.png/png
       retry log10(dt/yr), log10(dt), retry_factor     1  1277       -7.475289        0.023822        0.500000
       retry log10(dt/yr), log10(dt), retry_factor     2  1277       -7.776319       -0.277208        0.500000
 have reached retry limit so now backup
 grid1/grid1_001280.png/png
 burst_profile/burst_profile001280.png/png
       retry log10(dt/yr), log10(dt), retry_factor     1  1282       -7.475289        0.023822        0.500000
       retry log10(dt/yr), log10(dt), retry_factor     1  1283       -7.776319       -0.277208        0.500000
       retry log10(dt/yr), log10(dt), retry_factor     1  1284       -8.077349       -0.578238        0.500000
 grid1/grid1_001285.png/png
 burst_profile/burst_profile001285.png/png
       retry log10(dt/yr), log10(dt), retry_factor     1  1288       -8.451902       -0.952790        0.500000
 grid1/grid1_001290.png/png
 burst_profile/burst_profile001290.png/png
 grid1/grid1_001295.png/png
 burst_profile/burst_profile001295.png/png
       1300   8.445989  7.091E+06   3.791640   4.760630   1.400000   1.400000   0.000000   0.000000   0.275200   0.056559  13.977927   1000    243
  -8.542209   6.751077  -4.792583   3.181492   3.607525  -8.522879   0.000000   0.000000   0.000000   0.020000   0.040254  87.188388      6     40
 1.4048E-03  23.395920   2.771109   4.698270  14.251525  -0.742864   0.000000   0.000000   0.000000   0.000687  9.032E-01  0.220E-08        lgTeff

 grid1/grid1_001300.png/png
 burst_profile/burst_profile001300.png/png
 grid1/grid1_001305.png/png
 burst_profile/burst_profile001305.png/png
 grid1/grid1_001310.png/png
 burst_profile/burst_profile001310.png/png
 grid1/grid1_001315.png/png
 burst_profile/burst_profile001315.png/png
 grid1/grid1_001320.png/png
 burst_profile/burst_profile001320.png/png
 grid1/grid1_001325.png/png
 burst_profile/burst_profile001325.png/png
 grid1/grid1_001330.png/png
 burst_profile/burst_profile001330.png/png
 grid1/grid1_001335.png/png
 burst_profile/burst_profile001335.png/png
 grid1/grid1_001340.png/png
 burst_profile/burst_profile001340.png/png
 grid1/grid1_001345.png/png
 burst_profile/burst_profile001345.png/png
 grid1/grid1_001350.png/png
 burst_profile/burst_profile001350.png/png
 grid1/grid1_001355.png/png
 burst_profile/burst_profile001355.png/png
 grid1/grid1_001360.png/png
 burst_profile/burst_profile001360.png/png
 grid1/grid1_001365.png/png
 burst_profile/burst_profile001365.png/png
 grid1/grid1_001370.png/png
 burst_profile/burst_profile001370.png/png
hydro_newton_step failed to accept
       retry log10(dt/yr), log10(dt), retry_factor     1  1372       -7.643314       -0.144202        0.500000
hydro_newton_step failed to accept
       retry log10(dt/yr), log10(dt), retry_factor     2  1372       -7.944344       -0.445232        0.500000
 have reached retry limit so now backup
       retry log10(dt/yr), log10(dt), retry_factor     1  1375       -8.567753       -1.068641        0.500000
 grid1/grid1_001375.png/png
 burst_profile/burst_profile001375.png/png
       retry log10(dt/yr), log10(dt), retry_factor     1  1376       -8.868783       -1.369671        0.500000
       retry log10(dt/yr), log10(dt), retry_factor     2  1376       -9.169813       -1.670701        0.500000
 grid1/grid1_001380.png/png
 burst_profile/burst_profile001380.png/png
hydro_newton_step failed to accept
       retry log10(dt/yr), log10(dt), retry_factor     1  1381       -8.868783       -1.369671        0.500000
hydro_newton_step failed to accept
       retry log10(dt/yr), log10(dt), retry_factor     1  1384       -8.355537       -0.856426        0.500000
 grid1/grid1_001385.png/png
 burst_profile/burst_profile001385.png/png
hydro_newton_step failed to accept
       retry log10(dt/yr), log10(dt), retry_factor     1  1388       -7.813488       -0.314377        0.500000
 grid1/grid1_001390.png/png
 burst_profile/burst_profile001390.png/png
 grid1/grid1_001395.png/png
 burst_profile/burst_profile001395.png/png
       1400   8.909121  1.405E+07   2.525428   4.597032   1.400000   1.400000   0.000000   0.000000   0.275200   0.016442   4.213506    973    251
  -7.592998   6.703567  -4.792370   2.267727   3.235248  -8.522879   0.000000   0.000000   0.000000   0.020000   0.017522  28.939464      6     41
 1.4068E-03  23.396128   3.959283   4.591277  14.574529  -0.833145   0.000000   0.000000   0.000000   0.000687  9.660E-01  0.307E-10          dH/H

 grid1/grid1_001400.png/png
 burst_profile/burst_profile001400.png/png
 grid1/grid1_001405.png/png
 burst_profile/burst_profile001405.png/png
 grid1/grid1_001410.png/png
 burst_profile/burst_profile001410.png/png
 grid1/grid1_001415.png/png
 burst_profile/burst_profile001415.png/png
       retry log10(dt/yr), log10(dt), retry_factor     1  1420       -7.580887       -0.081775        0.500000
 grid1/grid1_001420.png/png
 burst_profile/burst_profile001420.png/png
       retry log10(dt/yr), log10(dt), retry_factor     1  1424       -7.677797       -0.178685        0.500000
hydro_newton_step failed to accept
       retry log10(dt/yr), log10(dt), retry_factor     2  1424       -7.978827       -0.479715        0.500000
 have reached retry limit so now backup
 grid1/grid1_001425.png/png
 burst_profile/burst_profile001425.png/png
 grid1/grid1_001430.png/png
 burst_profile/burst_profile001430.png/png
       retry log10(dt/yr), log10(dt), retry_factor     1  1431       -7.532623       -0.033512        0.500000
 grid1/grid1_001435.png/png
 burst_profile/burst_profile001435.png/png
 grid1/grid1_001440.png/png
 burst_profile/burst_profile001440.png/png
 grid1/grid1_001445.png/png
 burst_profile/burst_profile001445.png/png
 grid1/grid1_001450.png/png
 burst_profile/burst_profile001450.png/png
 grid1/grid1_001455.png/png
 burst_profile/burst_profile001455.png/png

stop because model_number >= max_model_number
     1460     1460

       1460   8.517233  4.674E+06   1.206371   1.735873   1.400000   1.400000   0.000000   0.000000   0.275200   0.014974  11.801267    996    255
  -6.010272   6.749496  -4.792854  -0.509512   1.300230  -8.522879   0.000000   0.000000   0.000000   0.020000   0.016124  73.907306      6     42
 1.4178E-03  23.397551   2.046650   1.580262  13.861648  -0.942703   0.000000   0.000000   0.000000   0.000687  9.689E-01 -0.170E-13      lgT_cntr

save LOGS/profile6.data for model 1460
save photos/x460 for model 1460
save abund_profile_r_ca37_ng_ca38_100.data for model 1460
 saved to final.mod
termination code: max_model_number
 grid1/grid1_001460.png/png
 burst_profile/burst_profile001460.png/png
       1460   8.517233  4.674E+06   1.206371   1.735873   1.400000   1.400000   0.000000   0.000000   0.275200   0.014974  11.801267    996    255
  -6.010272   6.749496  -4.792854  -0.509512   1.300230  -8.522879   0.000000   0.000000   0.000000   0.020000   0.016124  73.907306      6     42
 1.4178E-03  23.397551   2.046650   1.580262  13.861648  -0.942703   0.000000   0.000000   0.000000   0.000687  9.689E-01 -0.170E-13      lgT_cntr

DATE: 2020-07-11
TIME: 20:00:36
