cp: missing destination file operand after ‘restart_photo’
Try 'cp --help' for more information.
                                         version_number       10108
 read /hpc/group/physics/al363/sens/base/inlist_base
 read inlist_cluster
load saved model /hpc/group/physics/al363/sens/base/ns_relax.mod

 change to /hpc/group/physics/al363/sens/base/rp_305.net
           set special rate factor for r_in100_ng_in101         191    1.0000000000000000D-02
           set special rate factor for r_in101_gn_in100         192    1.0000000000000000D-02
           set special rate factor for r_in100_ng_in101         191    1.0000000000000000D-02
           set special rate factor for r_in101_gn_in100         192    1.0000000000000000D-02
 number of species         305
 read /hpc/group/physics/al363/sens/base/history_customACL.list_tau
 read /hpc/group/physics/al363/sens/base/profile_customACL.list_tau
 net name /hpc/group/physics/al363/sens/base/rp_305.net
 v_flag T
                         which_atm_option: grey_and_kap
                                           xmstar/mstar    4.5461189430843640D-12
                                             xmstar (g)    1.2660395722219186D+22
                                           M_center (g)    2.7848799999878681D+33
                                            xmstar/Msun    6.3645665203193175D-12
                                          M_center/Msun    1.3999999999939012D+00
                                          R_center (cm)    1.1200000000000000D+06
                                          R_center/Rsun    1.6092416448748527D-05
                                           core density    4.7322078204273819D+14
                                          L_center/Lsun    4.1647144567650578D+00
 kappa_file_prefix gs98
 kappa_lowT_prefix lowT_fa05_gs98

   eos_file_prefix mesa
                                        OMP_NUM_THREADS           8


__________________________________________________________________________________________________________________________________________________

       step    lg_Tcntr    Teff       lg_LH     lg_Lnuc     Mass       H_rich     H_cntr     N_cntr     Y_surf     X_avg     eta_cntr  zones retry
   lg_dt_yr    lg_Dcntr    lg_R       lg_L3a    lg_Lneu     lg_Mdot    He_core    He_cntr    O_cntr     Z_surf     Y_avg     gam_cntr  iters bckup
     age_yr    lg_Pcntr    lg_L       lg_LZ     lg_Psurf    lg_Dsurf   C_core     C_cntr     Ne_cntr    Si_cntr    Z_avg     v_div_cs     dt_limit
__________________________________________________________________________________________________________________________________________________

save LOGS/profile1.data for model 2
 grid1/grid1_000005.png/png
 burst_profile/burst_profile000005.png/png
          6   8.165156  1.497E+06   0.087590   0.087976   1.400000   1.400000   0.000000   0.000000   0.275200   0.030886  22.514775    791      0
  -5.817651   6.610341  -4.793035 -18.862378  -1.086578  -8.522879   0.000000   0.000000   0.000000   0.020000   0.011710 149.410225      6      0
 4.0040E-06  23.176196   0.068337  -2.962874  12.744977  -1.553972   0.000000   0.000000   0.000000   0.000687  9.574E-01  0.395E-11      lgT_cntr

save LOGS/profile2.data for model 6
 grid1/grid1_000010.png/png
 burst_profile/burst_profile000010.png/png
 grid1/grid1_000015.png/png
 burst_profile/burst_profile000015.png/png
 grid1/grid1_000020.png/png
 burst_profile/burst_profile000020.png/png
 grid1/grid1_000025.png/png
 burst_profile/burst_profile000025.png/png
       retry log10(dt/yr), log10(dt), retry_factor     1    30       -5.532111        1.967001        0.500000
 grid1/grid1_000030.png/png
 burst_profile/burst_profile000030.png/png
       retry log10(dt/yr), log10(dt), retry_factor     1    35       -5.231081        2.268031        0.500000
 grid1/grid1_000035.png/png
 burst_profile/burst_profile000035.png/png
       retry log10(dt/yr), log10(dt), retry_factor     1    36       -5.532111        1.967001        0.500000
       retry log10(dt/yr), log10(dt), retry_factor     1    40       -5.532111        1.967001        0.500000
 grid1/grid1_000040.png/png
 burst_profile/burst_profile000040.png/png
       retry log10(dt/yr), log10(dt), retry_factor     1    45       -5.231081        2.268031        0.500000
 grid1/grid1_000045.png/png
 burst_profile/burst_profile000045.png/png
       retry log10(dt/yr), log10(dt), retry_factor     1    49       -5.231081        2.268031        0.500000
 grid1/grid1_000050.png/png
 burst_profile/burst_profile000050.png/png
       retry log10(dt/yr), log10(dt), retry_factor     1    53       -5.231081        2.268031        0.500000
 grid1/grid1_000055.png/png
 burst_profile/burst_profile000055.png/png
       retry log10(dt/yr), log10(dt), retry_factor     1    56       -5.532111        1.967001        0.500000
       retry log10(dt/yr), log10(dt), retry_factor     2    56       -5.833141        1.665971        0.500000
 have reached retry limit so now backup
 grid1/grid1_000055.png/png
 burst_profile/burst_profile000055.png/png
       retry log10(dt/yr), log10(dt), retry_factor     1    58       -6.134171        1.364941        0.500000
       retry log10(dt/yr), log10(dt), retry_factor     2    58       -6.435201        1.063911        0.500000
 have reached retry limit so now backup
       retry log10(dt/yr), log10(dt), retry_factor     1    58       -6.736231        0.762881        0.500000
       retry log10(dt/yr), log10(dt), retry_factor     2    58       -7.037261        0.461851        0.500000
 have reached retry limit so now backup
       retry log10(dt/yr), log10(dt), retry_factor     1    60       -7.338291        0.160821        0.500000
       retry log10(dt/yr), log10(dt), retry_factor     2    60       -7.639321       -0.140209        0.500000
 have reached retry limit so now backup
 grid1/grid1_000060.png/png
 burst_profile/burst_profile000060.png/png
       retry log10(dt/yr), log10(dt), retry_factor     1    62       -7.940351       -0.441239        0.500000
       retry log10(dt/yr), log10(dt), retry_factor     2    62       -8.241381       -0.742269        0.500000
 grid1/grid1_000065.png/png
 burst_profile/burst_profile000065.png/png
 grid1/grid1_000070.png/png
 burst_profile/burst_profile000070.png/png
 grid1/grid1_000075.png/png
 burst_profile/burst_profile000075.png/png
       retry log10(dt/yr), log10(dt), retry_factor     1    76       -5.231081        2.268031        0.500000
       retry log10(dt/yr), log10(dt), retry_factor     2    76       -5.532111        1.967001        0.500000
       retry log10(dt/yr), log10(dt), retry_factor     1    77       -5.833141        1.665971        0.500000
       retry log10(dt/yr), log10(dt), retry_factor     2    77       -6.134171        1.364941        0.500000
 have reached retry limit so now backup
       retry log10(dt/yr), log10(dt), retry_factor     1    80       -6.435201        1.063911        0.500000
       retry log10(dt/yr), log10(dt), retry_factor     2    80       -6.736231        0.762881        0.500000
 have reached retry limit so now backup
 grid1/grid1_000080.png/png
 burst_profile/burst_profile000080.png/png
       retry log10(dt/yr), log10(dt), retry_factor     1    81       -7.037261        0.461851        0.500000
       retry log10(dt/yr), log10(dt), retry_factor     2    81       -7.338291        0.160821        0.500000
 have reached retry limit so now backup
 grid1/grid1_000080.png/png
 burst_profile/burst_profile000080.png/png
       retry log10(dt/yr), log10(dt), retry_factor     1    84       -7.639321       -0.140209        0.500000
       retry log10(dt/yr), log10(dt), retry_factor     2    84       -7.940351       -0.441239        0.500000
 have reached retry limit so now backup
       retry log10(dt/yr), log10(dt), retry_factor     1    84       -8.241381       -0.742269        0.500000
 grid1/grid1_000085.png/png
 burst_profile/burst_profile000085.png/png
 grid1/grid1_000090.png/png
 burst_profile/burst_profile000090.png/png
 grid1/grid1_000095.png/png
 burst_profile/burst_profile000095.png/png
       retry log10(dt/yr), log10(dt), retry_factor     1    97       -5.708197        1.790914        0.500000
       retry log10(dt/yr), log10(dt), retry_factor     1    98       -6.029742        1.469369        0.500000
       retry log10(dt/yr), log10(dt), retry_factor     1    99       -6.330772        1.168339        0.500000
        100   8.444841  4.670E+06   2.033172   2.166622   1.400000   1.400000   0.000000   0.000000   0.275200   0.100536  12.226478    752     31
  -6.029742   6.642744  -4.792800   1.206170   1.283423  -8.522879   0.000000   0.000000   0.000000   0.020000   0.058448  80.444496      6      8
 3.1300E-04  23.235090   2.045017   1.357015  13.860470  -0.943582   0.000000   0.000000   0.000000   0.000687  8.410E-01  0.987E-12          hold

 grid1/grid1_000100.png/png
 burst_profile/burst_profile000100.png/png
       retry log10(dt/yr), log10(dt), retry_factor     1   101       -6.631802        0.867309        0.500000
       retry log10(dt/yr), log10(dt), retry_factor     1   103       -6.932832        0.566279        0.500000
hydro_newton_step failed to accept
       retry log10(dt/yr), log10(dt), retry_factor     1   104       -7.233862        0.265249        0.500000
 grid1/grid1_000105.png/png
 burst_profile/burst_profile000105.png/png
       retry log10(dt/yr), log10(dt), retry_factor     1   106       -7.534892       -0.035780        0.500000
       retry log10(dt/yr), log10(dt), retry_factor     1   110       -7.649240       -0.150129        0.500000
       retry log10(dt/yr), log10(dt), retry_factor     2   110       -7.950270       -0.451159        0.500000
 grid1/grid1_000110.png/png
 burst_profile/burst_profile000110.png/png
       retry log10(dt/yr), log10(dt), retry_factor     1   112       -8.333830       -0.834718        0.500000
 grid1/grid1_000115.png/png
 burst_profile/burst_profile000115.png/png
 grid1/grid1_000120.png/png
 burst_profile/burst_profile000120.png/png
 grid1/grid1_000125.png/png
 burst_profile/burst_profile000125.png/png
 grid1/grid1_000130.png/png
 burst_profile/burst_profile000130.png/png
 grid1/grid1_000135.png/png
 burst_profile/burst_profile000135.png/png
 grid1/grid1_000140.png/png
 burst_profile/burst_profile000140.png/png
 grid1/grid1_000145.png/png
 burst_profile/burst_profile000145.png/png
 grid1/grid1_000150.png/png
 burst_profile/burst_profile000150.png/png
 grid1/grid1_000155.png/png
 burst_profile/burst_profile000155.png/png
 grid1/grid1_000160.png/png
 burst_profile/burst_profile000160.png/png
 grid1/grid1_000165.png/png
 burst_profile/burst_profile000165.png/png
                       super eddington wind: lg_Mdot, L/Ledd         166    -9.76056     1.00708
                       super eddington wind: lg_Mdot, L/Ledd         167    -9.00478     1.04031
                       super eddington wind: lg_Mdot, L/Ledd         168    -8.75953     1.07086
                       super eddington wind: lg_Mdot, L/Ledd         169    -8.62667     1.09614
                       super eddington wind: lg_Mdot, L/Ledd         170    -8.52208     1.12216
 grid1/grid1_000170.png/png
 burst_profile/burst_profile000170.png/png
                       super eddington wind: lg_Mdot, L/Ledd         171    -8.42430     1.15285
                       super eddington wind: lg_Mdot, L/Ledd         172    -8.60169     1.10143
                       super eddington wind: lg_Mdot, L/Ledd         173    -8.46096     1.14012
                       super eddington wind: lg_Mdot, L/Ledd         174    -8.38559     1.16676
                       super eddington wind: lg_Mdot, L/Ledd         175    -8.53062     1.11907
 grid1/grid1_000175.png/png
 burst_profile/burst_profile000175.png/png
                       super eddington wind: lg_Mdot, L/Ledd         176    -8.40181     1.16029
                       super eddington wind: lg_Mdot, L/Ledd         177    -8.32981     1.18910
                       super eddington wind: lg_Mdot, L/Ledd         178    -8.44609     1.14432
                       super eddington wind: lg_Mdot, L/Ledd         179    -8.33845     1.18476
                       super eddington wind: lg_Mdot, L/Ledd         180    -8.27493     1.21356
 grid1/grid1_000180.png/png
 burst_profile/burst_profile000180.png/png
                       super eddington wind: lg_Mdot, L/Ledd         181    -8.39335     1.16241
                       super eddington wind: lg_Mdot, L/Ledd         182    -8.29653     1.20279
                       super eddington wind: lg_Mdot, L/Ledd         183    -8.24879     1.22624
                       super eddington wind: lg_Mdot, L/Ledd         184    -8.36504     1.17275
                       super eddington wind: lg_Mdot, L/Ledd         185    -8.27647     1.21168
 grid1/grid1_000185.png/png
 burst_profile/burst_profile000185.png/png
                       super eddington wind: lg_Mdot, L/Ledd         186    -8.24036     1.22987
                       super eddington wind: lg_Mdot, L/Ledd         187    -8.35513     1.17606
                       super eddington wind: lg_Mdot, L/Ledd         188    -8.28329     1.20745
                       super eddington wind: lg_Mdot, L/Ledd         189    -8.25289     1.22230
                       super eddington wind: lg_Mdot, L/Ledd         190    -8.39331     1.16050
 grid1/grid1_000190.png/png
 burst_profile/burst_profile000190.png/png
                       super eddington wind: lg_Mdot, L/Ledd         191    -8.33557     1.18307
                       super eddington wind: lg_Mdot, L/Ledd         192    -8.32251     1.18846
                       super eddington wind: lg_Mdot, L/Ledd         193    -8.50854     1.12264
       retry log10(dt/yr), log10(dt), retry_factor     1   193       -9.065417       -1.566306        0.500000
                       super eddington wind: lg_Mdot, L/Ledd         193    -8.50854     1.12264
       retry log10(dt/yr), log10(dt), retry_factor     2   193       -9.366447       -1.867336        0.500000
                       super eddington wind: lg_Mdot, L/Ledd         193    -8.50854     1.12264
 have reached retry limit so now backup
                       super eddington wind: lg_Mdot, L/Ledd         192    -8.32251     1.18846
                       super eddington wind: lg_Mdot, L/Ledd         193    -8.69710     1.07948
                       super eddington wind: lg_Mdot, L/Ledd         194    -8.39711     1.15858
                       super eddington wind: lg_Mdot, L/Ledd         195    -8.58057     1.10392
 grid1/grid1_000195.png/png
 burst_profile/burst_profile000195.png/png
                       super eddington wind: lg_Mdot, L/Ledd         196    -8.46228     1.13648
                       super eddington wind: lg_Mdot, L/Ledd         197    -8.38160     1.16429
                       super eddington wind: lg_Mdot, L/Ledd         198    -8.55713     1.10955
                       super eddington wind: lg_Mdot, L/Ledd         199    -8.46143     1.13663
                       super eddington wind: lg_Mdot, L/Ledd         200    -8.38128     1.16426
        200   8.945265  2.382E+07   3.761575   6.698866   1.400000   1.400000   0.000000   0.000000   0.295792   0.076044   3.115362    669     40
  -8.827696   6.571134  -4.791535   3.025260   4.390253  -8.381278   0.000000   0.000000   0.000000   0.199593   0.044894  24.054808      6      9
 3.1497E-04  23.235202   4.878005   6.698272  15.060027  -0.895730   0.000000   0.000000   0.000000   0.000687  8.791E-01  0.813E-04    varcontrol

 grid1/grid1_000200.png/png
 burst_profile/burst_profile000200.png/png
                       super eddington wind: lg_Mdot, L/Ledd         201    -8.59573     1.10021
                       super eddington wind: lg_Mdot, L/Ledd         202    -8.48344     1.12974
                       super eddington wind: lg_Mdot, L/Ledd         203    -8.64439     1.08941
                       super eddington wind: lg_Mdot, L/Ledd         204    -8.55033     1.11104
                       super eddington wind: lg_Mdot, L/Ledd         205    -8.50423     1.12341
 grid1/grid1_000205.png/png
 burst_profile/burst_profile000205.png/png
                       super eddington wind: lg_Mdot, L/Ledd         206    -8.71385     1.07611
                       super eddington wind: lg_Mdot, L/Ledd         207    -8.60520     1.09768
                       super eddington wind: lg_Mdot, L/Ledd         208    -8.72910     1.07326
                       super eddington wind: lg_Mdot, L/Ledd         209    -8.85992     1.05421
                       super eddington wind: lg_Mdot, L/Ledd         210    -9.45366     1.01380
 grid1/grid1_000210.png/png
 burst_profile/burst_profile000210.png/png
                       super eddington wind: lg_Mdot, L/Ledd         211    -9.15184     1.02766
                       super eddington wind: lg_Mdot, L/Ledd         213    -9.34270     1.01780
       retry log10(dt/yr), log10(dt), retry_factor     1   213       -9.327947       -1.828836        0.500000
                       super eddington wind: lg_Mdot, L/Ledd         213    -9.34270     1.01780
                       super eddington wind: lg_Mdot, L/Ledd         215    -9.83612     1.00571
 grid1/grid1_000215.png/png
 burst_profile/burst_profile000215.png/png
       retry log10(dt/yr), log10(dt), retry_factor     1   220       -9.094060       -1.594949        0.500000
       retry log10(dt/yr), log10(dt), retry_factor     2   220       -9.395090       -1.895979        0.500000
 grid1/grid1_000220.png/png
 burst_profile/burst_profile000220.png/png
 grid1/grid1_000225.png/png
 burst_profile/burst_profile000225.png/png
 grid1/grid1_000230.png/png
 burst_profile/burst_profile000230.png/png
 grid1/grid1_000235.png/png
 burst_profile/burst_profile000235.png/png
 grid1/grid1_000240.png/png
 burst_profile/burst_profile000240.png/png
       retry log10(dt/yr), log10(dt), retry_factor     1   242       -7.842866       -0.343754        0.500000
hydro_newton_step failed to accept
       retry log10(dt/yr), log10(dt), retry_factor     1   243       -8.240806       -0.741694        0.500000
       retry log10(dt/yr), log10(dt), retry_factor     2   243       -8.541836       -1.042724        0.500000
 have reached retry limit so now backup
       retry log10(dt/yr), log10(dt), retry_factor     1   244       -8.842866       -1.343754        0.500000
       retry log10(dt/yr), log10(dt), retry_factor     1   245       -9.143896       -1.644784        0.500000
 grid1/grid1_000245.png/png
 burst_profile/burst_profile000245.png/png
 grid1/grid1_000250.png/png
 burst_profile/burst_profile000250.png/png
       retry log10(dt/yr), log10(dt), retry_factor     1   253       -7.939776       -0.440664        0.500000
hydro_newton_step failed to accept
       retry log10(dt/yr), log10(dt), retry_factor     2   253       -8.240806       -0.741694        0.500000
 have reached retry limit so now backup
 grid1/grid1_000255.png/png
 burst_profile/burst_profile000255.png/png
 grid1/grid1_000260.png/png
 burst_profile/burst_profile000260.png/png
 grid1/grid1_000265.png/png
 burst_profile/burst_profile000265.png/png
 grid1/grid1_000270.png/png
 burst_profile/burst_profile000270.png/png
 grid1/grid1_000275.png/png
 burst_profile/burst_profile000275.png/png
 grid1/grid1_000280.png/png
 burst_profile/burst_profile000280.png/png
       retry log10(dt/yr), log10(dt), retry_factor     1   281       -7.650614       -0.151503        0.500000
       retry log10(dt/yr), log10(dt), retry_factor     2   281       -7.951644       -0.452533        0.500000
 grid1/grid1_000285.png/png
 burst_profile/burst_profile000285.png/png
       retry log10(dt/yr), log10(dt), retry_factor     1   288       -7.978618       -0.479507        0.500000
hydro_newton_step failed to accept
       retry log10(dt/yr), log10(dt), retry_factor     2   288       -8.279648       -0.780537        0.500000
 grid1/grid1_000290.png/png
 burst_profile/burst_profile000290.png/png
       retry log10(dt/yr), log10(dt), retry_factor     1   294       -7.677589       -0.178477        0.500000
hydro_newton_step failed to accept
       retry log10(dt/yr), log10(dt), retry_factor     2   294       -7.978618       -0.479507        0.500000
 grid1/grid1_000295.png/png
 burst_profile/burst_profile000295.png/png
       retry log10(dt/yr), log10(dt), retry_factor     1   299       -7.677589       -0.178477        0.500000
       retry log10(dt/yr), log10(dt), retry_factor     2   299       -7.978618       -0.479507        0.500000
        300   8.773874  1.004E+07   1.808773   3.241643   1.400000   1.400000   0.000000   0.000000   0.275200   0.020037   5.300782    707     58
  -7.677589   6.613801  -4.792668   1.734879   2.612638  -8.522879   0.000000   0.000000   0.000000   0.020000   0.020350  36.882098      6     11
 3.1820E-04  23.235966   3.374810   3.211039  14.440126  -0.732087   0.000000   0.000000   0.000000   0.000687  9.596E-01 -0.278E-09          hold

 grid1/grid1_000300.png/png
 burst_profile/burst_profile000300.png/png
       retry log10(dt/yr), log10(dt), retry_factor     1   305       -7.582914       -0.083802        0.500000
       retry log10(dt/yr), log10(dt), retry_factor     2   305       -7.883944       -0.384832        0.500000
 have reached retry limit so now backup
 grid1/grid1_000305.png/png
 burst_profile/burst_profile000305.png/png
 grid1/grid1_000310.png/png
 burst_profile/burst_profile000310.png/png
hydro_newton_step failed to accept
       retry log10(dt/yr), log10(dt), retry_factor     1   312       -7.625856       -0.126745        0.500000
hydro_newton_step failed to accept
       retry log10(dt/yr), log10(dt), retry_factor     2   312       -7.926886       -0.427775        0.500000
 have reached retry limit so now backup
 grid1/grid1_000315.png/png
 burst_profile/burst_profile000315.png/png
 grid1/grid1_000320.png/png
 burst_profile/burst_profile000320.png/png
 grid1/grid1_000325.png/png
 burst_profile/burst_profile000325.png/png
 grid1/grid1_000330.png/png
 burst_profile/burst_profile000330.png/png
 grid1/grid1_000335.png/png
 burst_profile/burst_profile000335.png/png
 grid1/grid1_000340.png/png
 burst_profile/burst_profile000340.png/png
 grid1/grid1_000345.png/png
 burst_profile/burst_profile000345.png/png
 grid1/grid1_000350.png/png
 burst_profile/burst_profile000350.png/png
 grid1/grid1_000355.png/png
 burst_profile/burst_profile000355.png/png
       retry log10(dt/yr), log10(dt), retry_factor     1   357       -5.469434        2.029677        0.500000
       retry log10(dt/yr), log10(dt), retry_factor     1   359       -5.790224        1.708887        0.500000
       retry log10(dt/yr), log10(dt), retry_factor     2   359       -6.091254        1.407857        0.500000
 grid1/grid1_000360.png/png
 burst_profile/burst_profile000360.png/png
       retry log10(dt/yr), log10(dt), retry_factor     1   365       -5.489194        2.009917        0.500000
 grid1/grid1_000365.png/png
 burst_profile/burst_profile000365.png/png
       retry log10(dt/yr), log10(dt), retry_factor     1   366       -5.790224        1.708887        0.500000
 grid1/grid1_000370.png/png
 burst_profile/burst_profile000370.png/png
       retry log10(dt/yr), log10(dt), retry_factor     1   372       -5.188164        2.310947        0.500000
       retry log10(dt/yr), log10(dt), retry_factor     1   374       -5.586104        1.913007        0.500000
 grid1/grid1_000375.png/png
 burst_profile/burst_profile000375.png/png
       retry log10(dt/yr), log10(dt), retry_factor     1   379       -5.511534        1.987577        0.500000
 grid1/grid1_000380.png/png
 burst_profile/burst_profile000380.png/png
       retry log10(dt/yr), log10(dt), retry_factor     1   382       -5.886613        1.612498        0.500000
       retry log10(dt/yr), log10(dt), retry_factor     2   382       -6.187643        1.311468        0.500000
 have reached retry limit so now backup
       retry log10(dt/yr), log10(dt), retry_factor     1   383       -6.488673        1.010438        0.500000
       retry log10(dt/yr), log10(dt), retry_factor     2   383       -6.789703        0.709408        0.500000
 have reached retry limit so now backup
       retry log10(dt/yr), log10(dt), retry_factor     1   384       -7.090733        0.408378        0.500000
       retry log10(dt/yr), log10(dt), retry_factor     2   384       -7.391763        0.107348        0.500000
 have reached retry limit so now backup
       retry log10(dt/yr), log10(dt), retry_factor     1   384       -7.692793       -0.193682        0.500000
       retry log10(dt/yr), log10(dt), retry_factor     2   384       -7.993823       -0.494712        0.500000
 grid1/grid1_000385.png/png
 burst_profile/burst_profile000385.png/png
 grid1/grid1_000390.png/png
 burst_profile/burst_profile000390.png/png
 grid1/grid1_000395.png/png
 burst_profile/burst_profile000395.png/png
       retry log10(dt/yr), log10(dt), retry_factor     1   397       -5.284553        2.214558        0.500000
       retry log10(dt/yr), log10(dt), retry_factor     2   397       -5.585583        1.913528        0.500000
 have reached retry limit so now backup
       retry log10(dt/yr), log10(dt), retry_factor     1   398       -6.080433        1.418678        0.500000
       retry log10(dt/yr), log10(dt), retry_factor     1   399       -6.381463        1.117648        0.500000
        400   8.354216  3.714E+06   1.718429   1.739216   1.400000   1.400000   0.000000   0.000000   0.275200   0.066081  15.648781    746     82
  -6.080433   6.670090  -4.792863  -0.601699   0.735203  -8.522879   0.000000   0.000000   0.000000   0.020000   0.046820 101.212912      6     17
 5.2624E-04  23.271528   1.646923   0.364258  13.600987  -1.101134   0.000000   0.000000   0.000000   0.000687  8.871E-01 -0.638E-11          hold

 grid1/grid1_000400.png/png
 burst_profile/burst_profile000400.png/png
 grid1/grid1_000405.png/png
 burst_profile/burst_profile000405.png/png
       retry log10(dt/yr), log10(dt), retry_factor     1   406       -5.646019        1.853093        0.500000
hydro_newton_step failed to accept
       retry log10(dt/yr), log10(dt), retry_factor     1   407       -6.043959        1.455153        0.500000
 grid1/grid1_000410.png/png
 burst_profile/burst_profile000410.png/png
       retry log10(dt/yr), log10(dt), retry_factor     1   412       -5.720002        1.779109        0.500000
       retry log10(dt/yr), log10(dt), retry_factor     1   413       -6.021032        1.478079        0.500000
hydro_newton_step failed to accept
       retry log10(dt/yr), log10(dt), retry_factor     2   413       -6.322062        1.177049        0.500000
 have reached retry limit so now backup
 grid1/grid1_000415.png/png
 burst_profile/burst_profile000415.png/png
       retry log10(dt/yr), log10(dt), retry_factor     1   416       -6.623092        0.876019        0.500000
 grid1/grid1_000420.png/png
 burst_profile/burst_profile000420.png/png
       retry log10(dt/yr), log10(dt), retry_factor     1   423       -5.720002        1.779109        0.500000
       retry log10(dt/yr), log10(dt), retry_factor     1   425       -6.117942        1.381169        0.500000
 grid1/grid1_000425.png/png
 burst_profile/burst_profile000425.png/png
hydro_newton_step failed to accept
       retry log10(dt/yr), log10(dt), retry_factor     1   426       -6.478338        1.020773        0.500000
       retry log10(dt/yr), log10(dt), retry_factor     2   426       -6.779368        0.719743        0.500000
 grid1/grid1_000430.png/png
 burst_profile/burst_profile000430.png/png
        432   8.421474  4.408E+06   1.905833   2.009062   1.400000   1.400000   0.000000   0.000000   0.275200   0.076065  13.448821    756     92
  -5.575248   6.674603  -4.792812   1.115484   1.087272  -8.522879   0.000000   0.000000   0.000000   0.020000   0.053860  86.992568      6     18
 5.8586E-04  23.281188   1.944950   0.932242  13.796032  -0.982306   0.000000   0.000000   0.000000   0.000687  8.701E-01  0.110E-11  max increase

save LOGS/profile3.data for model 432
       retry log10(dt/yr), log10(dt), retry_factor     1   433       -6.061294        1.437817        0.500000
       retry log10(dt/yr), log10(dt), retry_factor     2   433       -6.362324        1.136787        0.500000
       retry log10(dt/yr), log10(dt), retry_factor     1   435       -6.663354        0.835757        0.500000
 grid1/grid1_000435.png/png
 burst_profile/burst_profile000435.png/png
       retry log10(dt/yr), log10(dt), retry_factor     1   437       -7.061294        0.437817        0.500000
       retry log10(dt/yr), log10(dt), retry_factor     2   437       -7.362324        0.136787        0.500000
 grid1/grid1_000440.png/png
 burst_profile/burst_profile000440.png/png
       retry log10(dt/yr), log10(dt), retry_factor     1   442       -7.061294        0.437817        0.500000
       retry log10(dt/yr), log10(dt), retry_factor     1   443       -7.362324        0.136787        0.500000
       retry log10(dt/yr), log10(dt), retry_factor     1   444       -7.663354       -0.164243        0.500000
 grid1/grid1_000445.png/png
 burst_profile/burst_profile000445.png/png
       retry log10(dt/yr), log10(dt), retry_factor     1   446       -7.964384       -0.465273        0.500000
hydro_newton_step failed to accept
       retry log10(dt/yr), log10(dt), retry_factor     1   447       -8.265414       -0.766303        0.500000
       retry log10(dt/yr), log10(dt), retry_factor     2   447       -8.566444       -1.067333        0.500000
 grid1/grid1_000450.png/png
 burst_profile/burst_profile000450.png/png
 grid1/grid1_000455.png/png
 burst_profile/burst_profile000455.png/png
hydro_newton_step failed to accept
       retry log10(dt/yr), log10(dt), retry_factor     1   456       -8.640758       -1.141646        0.500000
 grid1/grid1_000460.png/png
 burst_profile/burst_profile000460.png/png
 grid1/grid1_000465.png/png
 burst_profile/burst_profile000465.png/png
 grid1/grid1_000470.png/png
 burst_profile/burst_profile000470.png/png
 grid1/grid1_000475.png/png
 burst_profile/burst_profile000475.png/png
 grid1/grid1_000480.png/png
 burst_profile/burst_profile000480.png/png
 grid1/grid1_000485.png/png
 burst_profile/burst_profile000485.png/png
       retry log10(dt/yr), log10(dt), retry_factor     1   488       -9.337759       -1.838648        0.500000
 grid1/grid1_000490.png/png
 burst_profile/burst_profile000490.png/png
 grid1/grid1_000495.png/png
 burst_profile/burst_profile000495.png/png
        500   8.465590  1.854E+07   3.621132   6.856534   1.400000   1.400000   0.000000   0.000000   0.282039   0.069222  12.104958    769    105
  -7.880412   6.673244  -4.791766   3.143421   4.095759  -8.522879   0.000000   0.000000   0.000000   0.045349   0.044187  78.507919      7     18
 5.8956E-04  23.281658   4.441965   6.856197  14.772766  -0.926705   0.000000   0.000000   0.000000   0.000687  8.866E-01  0.151E-08    varcontrol

save LOGS/profile4.data for model 500
save photos/x500 for model 500
 grid1/grid1_000500.png/png
 burst_profile/burst_profile000500.png/png
 grid1/grid1_000505.png/png
 burst_profile/burst_profile000505.png/png
 grid1/grid1_000510.png/png
 burst_profile/burst_profile000510.png/png
 grid1/grid1_000515.png/png
 burst_profile/burst_profile000515.png/png
 grid1/grid1_000520.png/png
 burst_profile/burst_profile000520.png/png
 grid1/grid1_000525.png/png
 burst_profile/burst_profile000525.png/png
 grid1/grid1_000530.png/png
 burst_profile/burst_profile000530.png/png
 grid1/grid1_000535.png/png
 burst_profile/burst_profile000535.png/png
 grid1/grid1_000540.png/png
 burst_profile/burst_profile000540.png/png
 grid1/grid1_000545.png/png
 burst_profile/burst_profile000545.png/png
       retry log10(dt/yr), log10(dt), retry_factor     1   546       -8.376901       -0.877789        0.500000
 grid1/grid1_000550.png/png
 burst_profile/burst_profile000550.png/png
 grid1/grid1_000555.png/png
 burst_profile/burst_profile000555.png/png
       retry log10(dt/yr), log10(dt), retry_factor     1   560       -7.959378       -0.460266        0.500000
hydro_newton_step failed to accept
       retry log10(dt/yr), log10(dt), retry_factor     2   560       -8.260408       -0.761296        0.500000
 have reached retry limit so now backup
 grid1/grid1_000560.png/png
 burst_profile/burst_profile000560.png/png
       retry log10(dt/yr), log10(dt), retry_factor     1   561       -8.618081       -1.118969        0.500000
       retry log10(dt/yr), log10(dt), retry_factor     1   562       -8.919763       -1.420651        0.500000
       retry log10(dt/yr), log10(dt), retry_factor     2   562       -9.220793       -1.721681        0.500000
 grid1/grid1_000565.png/png
 burst_profile/burst_profile000565.png/png
hydro_newton_step failed to accept
       retry log10(dt/yr), log10(dt), retry_factor     1   568       -8.618733       -1.119622        0.500000
 grid1/grid1_000570.png/png
 burst_profile/burst_profile000570.png/png
hydro_newton_step failed to accept
       retry log10(dt/yr), log10(dt), retry_factor     1   571       -8.245217       -0.746106        0.500000
       retry log10(dt/yr), log10(dt), retry_factor     1   575       -8.252403       -0.753291        0.500000
       retry log10(dt/yr), log10(dt), retry_factor     2   575       -8.553433       -1.054321        0.500000
 grid1/grid1_000575.png/png
 burst_profile/burst_profile000575.png/png
 grid1/grid1_000580.png/png
 burst_profile/burst_profile000580.png/png
 grid1/grid1_000585.png/png
 burst_profile/burst_profile000585.png/png
 grid1/grid1_000590.png/png
 burst_profile/burst_profile000590.png/png
 grid1/grid1_000595.png/png
 burst_profile/burst_profile000595.png/png
        600   8.855502  1.260E+07   2.320680   4.093890   1.400000   1.400000   0.000000   0.000000   0.275200   0.019290   4.391373    855    115
  -7.296749   6.631472  -4.792512   2.118071   3.036817  -8.522879   0.000000   0.000000   0.000000   0.020000   0.020653  30.979692      6     19
 5.9181E-04  23.282100   3.769339   4.081811  14.522651  -0.797641   0.000000   0.000000   0.000000   0.000687  9.601E-01 -0.250E-10          dH/H

 grid1/grid1_000600.png/png
 burst_profile/burst_profile000600.png/png
 grid1/grid1_000605.png/png
 burst_profile/burst_profile000605.png/png
       retry log10(dt/yr), log10(dt), retry_factor     1   610       -7.711836       -0.212725        0.500000
       retry log10(dt/yr), log10(dt), retry_factor     2   610       -8.012866       -0.513755        0.500000
 have reached retry limit so now backup
 grid1/grid1_000610.png/png
 burst_profile/burst_profile000610.png/png
       retry log10(dt/yr), log10(dt), retry_factor     1   615       -7.711836       -0.212725        0.500000
       retry log10(dt/yr), log10(dt), retry_factor     2   615       -8.012866       -0.513755        0.500000
 grid1/grid1_000615.png/png
 burst_profile/burst_profile000615.png/png
 grid1/grid1_000620.png/png
 burst_profile/burst_profile000620.png/png
       retry log10(dt/yr), log10(dt), retry_factor     1   621       -7.591972       -0.092860        0.500000
       retry log10(dt/yr), log10(dt), retry_factor     2   621       -7.893002       -0.393890        0.500000
 have reached retry limit so now backup
 grid1/grid1_000620.png/png
 burst_profile/burst_profile000620.png/png
 grid1/grid1_000625.png/png
 burst_profile/burst_profile000625.png/png
 grid1/grid1_000630.png/png
 burst_profile/burst_profile000630.png/png
 grid1/grid1_000635.png/png
 burst_profile/burst_profile000635.png/png
 grid1/grid1_000640.png/png
 burst_profile/burst_profile000640.png/png
 grid1/grid1_000645.png/png
 burst_profile/burst_profile000645.png/png
 grid1/grid1_000650.png/png
 burst_profile/burst_profile000650.png/png
 grid1/grid1_000655.png/png
 burst_profile/burst_profile000655.png/png
 grid1/grid1_000660.png/png
 burst_profile/burst_profile000660.png/png
 grid1/grid1_000665.png/png
 burst_profile/burst_profile000665.png/png
 grid1/grid1_000670.png/png
 burst_profile/burst_profile000670.png/png
       retry log10(dt/yr), log10(dt), retry_factor     1   672       -5.316312        2.182800        0.500000
hydro_newton_step failed to accept
       retry log10(dt/yr), log10(dt), retry_factor     2   672       -5.617342        1.881770        0.500000
 have reached retry limit so now backup
 grid1/grid1_000675.png/png
 burst_profile/burst_profile000675.png/png
       retry log10(dt/yr), log10(dt), retry_factor     1   678       -5.367472        2.131639        0.500000
hydro_newton_step failed to accept
       retry log10(dt/yr), log10(dt), retry_factor     2   678       -5.668502        1.830609        0.500000
 have reached retry limit so now backup
       retry log10(dt/yr), log10(dt), retry_factor     1   679       -6.061658        1.437454        0.500000
       retry log10(dt/yr), log10(dt), retry_factor     1   680       -6.362688        1.136424        0.500000
 grid1/grid1_000680.png/png
 burst_profile/burst_profile000680.png/png
 grid1/grid1_000685.png/png
 burst_profile/burst_profile000685.png/png
       retry log10(dt/yr), log10(dt), retry_factor     1   688       -5.479641        2.019470        0.500000
       retry log10(dt/yr), log10(dt), retry_factor     2   688       -5.780671        1.718440        0.500000
 grid1/grid1_000690.png/png
 burst_profile/burst_profile000690.png/png
       retry log10(dt/yr), log10(dt), retry_factor     1   694       -5.466894        2.032218        0.500000
       retry log10(dt/yr), log10(dt), retry_factor     2   694       -5.767924        1.731188        0.500000
       retry log10(dt/yr), log10(dt), retry_factor     1   695       -6.068954        1.430158        0.500000
 grid1/grid1_000695.png/png
 burst_profile/burst_profile000695.png/png
        700   8.346775  3.598E+06   1.502107   1.529027   1.400000   1.400000   0.000000   0.000000   0.275200   0.053831  16.444329    881    132
  -5.165864   6.695737  -4.792864  -1.050562   0.676558  -8.522879   0.000000   0.000000   0.000000   0.020000   0.039846 105.008850      6     23
 7.6882E-04  23.309597   1.592230   0.288487  13.565237  -1.122847   0.000000   0.000000   0.000000   0.000687  9.063E-01  0.852E-13  max increase

 grid1/grid1_000700.png/png
 burst_profile/burst_profile000700.png/png
       retry log10(dt/yr), log10(dt), retry_factor     1   702       -5.409799        2.089313        0.500000
 grid1/grid1_000705.png/png
 burst_profile/burst_profile000705.png/png
       retry log10(dt/yr), log10(dt), retry_factor     1   706       -5.807739        1.691373        0.500000
 grid1/grid1_000710.png/png
 burst_profile/burst_profile000710.png/png
       retry log10(dt/yr), log10(dt), retry_factor     1   711       -5.506709        1.992403        0.500000
hydro_newton_step failed to accept
       retry log10(dt/yr), log10(dt), retry_factor     2   711       -5.807739        1.691373        0.500000
 have reached retry limit so now backup
 grid1/grid1_000710.png/png
 burst_profile/burst_profile000710.png/png
 grid1/grid1_000715.png/png
 burst_profile/burst_profile000715.png/png
hydro_newton_step failed to accept
       retry log10(dt/yr), log10(dt), retry_factor     1   716       -5.866345        1.632766        0.500000
hydro_newton_step failed to accept
       retry log10(dt/yr), log10(dt), retry_factor     2   716       -6.167375        1.331736        0.500000
       retry log10(dt/yr), log10(dt), retry_factor     1   720       -5.751773        1.747338        0.500000
 grid1/grid1_000720.png/png
 burst_profile/burst_profile000720.png/png
       retry log10(dt/yr), log10(dt), retry_factor     1   721       -6.052803        1.446308        0.500000
       retry log10(dt/yr), log10(dt), retry_factor     1   724       -6.353833        1.145278        0.500000
       retry log10(dt/yr), log10(dt), retry_factor     1   725       -6.654863        0.844248        0.500000
 grid1/grid1_000725.png/png
 burst_profile/burst_profile000725.png/png
       retry log10(dt/yr), log10(dt), retry_factor     1   726       -6.955893        0.543218        0.500000
       retry log10(dt/yr), log10(dt), retry_factor     1   727       -7.256923        0.242188        0.500000
       retry log10(dt/yr), log10(dt), retry_factor     1   729       -7.557953       -0.058842        0.500000
 grid1/grid1_000730.png/png
 burst_profile/burst_profile000730.png/png
       retry log10(dt/yr), log10(dt), retry_factor     1   733       -7.557953       -0.058842        0.500000
       retry log10(dt/yr), log10(dt), retry_factor     1   734       -7.858983       -0.359872        0.500000
 grid1/grid1_000735.png/png
 burst_profile/burst_profile000735.png/png
       retry log10(dt/yr), log10(dt), retry_factor     1   738       -8.353833       -0.854722        0.500000
 grid1/grid1_000740.png/png
 burst_profile/burst_profile000740.png/png
 grid1/grid1_000745.png/png
 burst_profile/burst_profile000745.png/png
 grid1/grid1_000750.png/png
 burst_profile/burst_profile000750.png/png
 grid1/grid1_000755.png/png
 burst_profile/burst_profile000755.png/png
 grid1/grid1_000760.png/png
 burst_profile/burst_profile000760.png/png
 grid1/grid1_000765.png/png
 burst_profile/burst_profile000765.png/png
 grid1/grid1_000770.png/png
 burst_profile/burst_profile000770.png/png
 grid1/grid1_000775.png/png
 burst_profile/burst_profile000775.png/png
 grid1/grid1_000780.png/png
 burst_profile/burst_profile000780.png/png
 grid1/grid1_000785.png/png
 burst_profile/burst_profile000785.png/png
 grid1/grid1_000790.png/png
 burst_profile/burst_profile000790.png/png
 grid1/grid1_000795.png/png
 burst_profile/burst_profile000795.png/png
        800   8.741752  2.212E+07   3.540134   6.570144   1.400000   1.400000   0.000000   0.000000   0.282439   0.052389   6.291193    966    148
  -8.139373   6.680647  -4.791694   2.928298   4.243640  -8.522879   0.000000   0.000000   0.000000   0.256424   0.035357  41.804099      7     24
 8.6321E-04  23.323388   4.749461   6.569639  14.975118  -0.836236   0.000000   0.000000   0.000000   0.000687  9.123E-01  0.146E-07      lgT_cntr

 grid1/grid1_000800.png/png
 burst_profile/burst_profile000800.png/png
 grid1/grid1_000805.png/png
 burst_profile/burst_profile000805.png/png
 grid1/grid1_000810.png/png
 burst_profile/burst_profile000810.png/png
 grid1/grid1_000815.png/png
 burst_profile/burst_profile000815.png/png
 grid1/grid1_000820.png/png
 burst_profile/burst_profile000820.png/png
 grid1/grid1_000825.png/png
 burst_profile/burst_profile000825.png/png
hydro_newton_step failed to accept
       retry log10(dt/yr), log10(dt), retry_factor     1   827       -7.892223       -0.393111        0.500000
hydro_newton_step failed to accept
       retry log10(dt/yr), log10(dt), retry_factor     2   827       -8.193253       -0.694141        0.500000
 have reached retry limit so now backup
hydro_newton_step failed to accept
       retry log10(dt/yr), log10(dt), retry_factor     1   828       -8.601135       -1.102024        0.500000
       retry log10(dt/yr), log10(dt), retry_factor     1   830       -8.902165       -1.403054        0.500000
 grid1/grid1_000830.png/png
 burst_profile/burst_profile000830.png/png
 grid1/grid1_000835.png/png
 burst_profile/burst_profile000835.png/png
 grid1/grid1_000840.png/png
 burst_profile/burst_profile000840.png/png
 grid1/grid1_000845.png/png
 burst_profile/burst_profile000845.png/png
hydro_newton_step failed to accept
       retry log10(dt/yr), log10(dt), retry_factor     1   847       -7.857022       -0.357910        0.500000
 grid1/grid1_000850.png/png
 burst_profile/burst_profile000850.png/png
 grid1/grid1_000855.png/png
 burst_profile/burst_profile000855.png/png
 grid1/grid1_000860.png/png
 burst_profile/burst_profile000860.png/png
 grid1/grid1_000865.png/png
 burst_profile/burst_profile000865.png/png
hydro_newton_step failed to accept
       retry log10(dt/yr), log10(dt), retry_factor     1   866       -8.127985       -0.628874        0.500000
 grid1/grid1_000870.png/png
 burst_profile/burst_profile000870.png/png
       retry log10(dt/yr), log10(dt), retry_factor     1   875       -7.664012       -0.164900        0.500000
       retry log10(dt/yr), log10(dt), retry_factor     2   875       -7.965042       -0.465930        0.500000
 have reached retry limit so now backup
 grid1/grid1_000875.png/png
 burst_profile/burst_profile000875.png/png
 grid1/grid1_000880.png/png
 burst_profile/burst_profile000880.png/png
       retry log10(dt/yr), log10(dt), retry_factor     1   881       -7.623883       -0.124772        0.500000
 grid1/grid1_000885.png/png
 burst_profile/burst_profile000885.png/png
 grid1/grid1_000890.png/png
 burst_profile/burst_profile000890.png/png
 grid1/grid1_000895.png/png
 burst_profile/burst_profile000895.png/png
        900   8.654923  6.387E+06   1.217709   2.141469   1.400000   1.400000   0.000000   0.000000   0.275200   0.016392   7.885224    964    157
  -6.515380   6.690596  -4.792811   0.723896   1.718393  -8.522879   0.000000   0.000000   0.000000   0.020000   0.018087  51.447506      6     26
 8.6848E-04  23.324308   2.589148   2.067079  14.170218  -0.775430   0.000000   0.000000   0.000000   0.000687  9.655E-01  0.138E-10        lgTeff

 grid1/grid1_000900.png/png
 burst_profile/burst_profile000900.png/png

stop because model_number >= max_model_number
      902      902

        902   8.634575  6.110E+06   1.206597   2.092494   1.400000   1.400000   0.000000   0.000000   0.275200   0.016495   8.301286    966    157
  -6.612535   6.692368  -4.792822   0.578881   1.679751  -8.522879   0.000000   0.000000   0.000000   0.020000   0.018112  53.988764      6     26
 8.6898E-04  23.324384   2.512007   2.016414  14.131846  -0.793398   0.000000   0.000000   0.000000   0.000687  9.654E-01  0.997E-11      lgT_cntr

save LOGS/profile5.data for model 902
save photos/x902 for model 902
save abund_profile_r_in100_ng_in101_01.data for model 902
 saved to final.mod
termination code: max_model_number
        902   8.634575  6.110E+06   1.206597   2.092494   1.400000   1.400000   0.000000   0.000000   0.275200   0.016495   8.301286    966    157
  -6.612535   6.692368  -4.792822   0.578881   1.679751  -8.522879   0.000000   0.000000   0.000000   0.020000   0.018112  53.988764      6     26
 8.6898E-04  23.324384   2.512007   2.016414  14.131846  -0.793398   0.000000   0.000000   0.000000   0.000687  9.654E-01  0.997E-11    varcontrol

DATE: 2020-08-07
TIME: 16:56:07
