cp: missing destination file operand after ‘restart_photo’
Try 'cp --help' for more information.
                                         version_number       10108
 read /hpc/group/physics/al363/sens/base/inlist_base
 read inlist_cluster
load saved model /hpc/group/physics/al363/sens/base/ns_relax.mod

 change to /hpc/group/physics/al363/sens/base/rp_305.net
             set special rate factor for r_ge66_ng_ge67         183    1.0000000000000000D-02
             set special rate factor for r_ge67_gn_ge66         184    1.0000000000000000D-02
             set special rate factor for r_ge66_ng_ge67         183    1.0000000000000000D-02
             set special rate factor for r_ge67_gn_ge66         184    1.0000000000000000D-02
 number of species         305
 read /hpc/group/physics/al363/sens/base/history_customACL.list_tau
 read /hpc/group/physics/al363/sens/base/profile_customACL.list_tau
 net name /hpc/group/physics/al363/sens/base/rp_305.net
 v_flag T
                         which_atm_option: grey_and_kap
                                           xmstar/mstar    4.5461189430843640D-12
                                             xmstar (g)    1.2660395722219186D+22
                                           M_center (g)    2.7848799999878681D+33
                                            xmstar/Msun    6.3645665203193175D-12
                                          M_center/Msun    1.3999999999939012D+00
                                          R_center (cm)    1.1200000000000000D+06
                                          R_center/Rsun    1.6092416448748527D-05
                                           core density    4.7322078204273819D+14
                                          L_center/Lsun    4.1647144567650578D+00
 kappa_file_prefix gs98
 kappa_lowT_prefix lowT_fa05_gs98

   eos_file_prefix mesa
                                        OMP_NUM_THREADS           8


__________________________________________________________________________________________________________________________________________________

       step    lg_Tcntr    Teff       lg_LH     lg_Lnuc     Mass       H_rich     H_cntr     N_cntr     Y_surf     X_avg     eta_cntr  zones retry
   lg_dt_yr    lg_Dcntr    lg_R       lg_L3a    lg_Lneu     lg_Mdot    He_core    He_cntr    O_cntr     Z_surf     Y_avg     gam_cntr  iters bckup
     age_yr    lg_Pcntr    lg_L       lg_LZ     lg_Psurf    lg_Dsurf   C_core     C_cntr     Ne_cntr    Si_cntr    Z_avg     v_div_cs     dt_limit
__________________________________________________________________________________________________________________________________________________

save LOGS/profile1.data for model 2
 grid1/grid1_000005.png/png
 burst_profile/burst_profile000005.png/png
          6   8.165156  1.497E+06   0.087590   0.087976   1.400000   1.400000   0.000000   0.000000   0.275200   0.030886  22.514775    791      0
  -5.817651   6.610341  -4.793035 -18.862378  -1.086578  -8.522879   0.000000   0.000000   0.000000   0.020000   0.011710 149.410225      6      0
 4.0040E-06  23.176196   0.068337  -2.962874  12.744977  -1.553972   0.000000   0.000000   0.000000   0.000687  9.574E-01  0.395E-11      lgT_cntr

save LOGS/profile2.data for model 6
 grid1/grid1_000010.png/png
 burst_profile/burst_profile000010.png/png
 grid1/grid1_000015.png/png
 burst_profile/burst_profile000015.png/png
 grid1/grid1_000020.png/png
 burst_profile/burst_profile000020.png/png
 grid1/grid1_000025.png/png
 burst_profile/burst_profile000025.png/png
       retry log10(dt/yr), log10(dt), retry_factor     1    30       -5.532111        1.967001        0.500000
 grid1/grid1_000030.png/png
 burst_profile/burst_profile000030.png/png
       retry log10(dt/yr), log10(dt), retry_factor     1    35       -5.231081        2.268031        0.500000
 grid1/grid1_000035.png/png
 burst_profile/burst_profile000035.png/png
       retry log10(dt/yr), log10(dt), retry_factor     1    36       -5.532111        1.967001        0.500000
       retry log10(dt/yr), log10(dt), retry_factor     1    40       -5.532111        1.967001        0.500000
 grid1/grid1_000040.png/png
 burst_profile/burst_profile000040.png/png
       retry log10(dt/yr), log10(dt), retry_factor     1    45       -5.231081        2.268031        0.500000
 grid1/grid1_000045.png/png
 burst_profile/burst_profile000045.png/png
       retry log10(dt/yr), log10(dt), retry_factor     1    49       -5.231081        2.268031        0.500000
 grid1/grid1_000050.png/png
 burst_profile/burst_profile000050.png/png
       retry log10(dt/yr), log10(dt), retry_factor     1    53       -5.231081        2.268031        0.500000
 grid1/grid1_000055.png/png
 burst_profile/burst_profile000055.png/png
       retry log10(dt/yr), log10(dt), retry_factor     1    56       -5.532111        1.967001        0.500000
       retry log10(dt/yr), log10(dt), retry_factor     2    56       -5.833141        1.665971        0.500000
 have reached retry limit so now backup
 grid1/grid1_000055.png/png
 burst_profile/burst_profile000055.png/png
       retry log10(dt/yr), log10(dt), retry_factor     1    58       -6.134171        1.364941        0.500000
       retry log10(dt/yr), log10(dt), retry_factor     2    58       -6.435201        1.063911        0.500000
 have reached retry limit so now backup
       retry log10(dt/yr), log10(dt), retry_factor     1    58       -6.736231        0.762881        0.500000
       retry log10(dt/yr), log10(dt), retry_factor     2    58       -7.037261        0.461851        0.500000
 have reached retry limit so now backup
       retry log10(dt/yr), log10(dt), retry_factor     1    60       -7.338291        0.160821        0.500000
       retry log10(dt/yr), log10(dt), retry_factor     2    60       -7.639321       -0.140209        0.500000
 have reached retry limit so now backup
 grid1/grid1_000060.png/png
 burst_profile/burst_profile000060.png/png
       retry log10(dt/yr), log10(dt), retry_factor     1    62       -7.940351       -0.441239        0.500000
       retry log10(dt/yr), log10(dt), retry_factor     2    62       -8.241381       -0.742269        0.500000
 grid1/grid1_000065.png/png
 burst_profile/burst_profile000065.png/png
 grid1/grid1_000070.png/png
 burst_profile/burst_profile000070.png/png
 grid1/grid1_000075.png/png
 burst_profile/burst_profile000075.png/png
       retry log10(dt/yr), log10(dt), retry_factor     1    76       -5.231081        2.268031        0.500000
       retry log10(dt/yr), log10(dt), retry_factor     2    76       -5.532111        1.967001        0.500000
       retry log10(dt/yr), log10(dt), retry_factor     1    77       -5.833141        1.665971        0.500000
       retry log10(dt/yr), log10(dt), retry_factor     2    77       -6.134171        1.364941        0.500000
 have reached retry limit so now backup
       retry log10(dt/yr), log10(dt), retry_factor     1    80       -6.435201        1.063911        0.500000
       retry log10(dt/yr), log10(dt), retry_factor     2    80       -6.736231        0.762881        0.500000
 have reached retry limit so now backup
 grid1/grid1_000080.png/png
 burst_profile/burst_profile000080.png/png
       retry log10(dt/yr), log10(dt), retry_factor     1    81       -7.037261        0.461851        0.500000
       retry log10(dt/yr), log10(dt), retry_factor     2    81       -7.338291        0.160821        0.500000
 have reached retry limit so now backup
 grid1/grid1_000080.png/png
 burst_profile/burst_profile000080.png/png
       retry log10(dt/yr), log10(dt), retry_factor     1    84       -7.639321       -0.140209        0.500000
       retry log10(dt/yr), log10(dt), retry_factor     2    84       -7.940351       -0.441239        0.500000
 have reached retry limit so now backup
       retry log10(dt/yr), log10(dt), retry_factor     1    84       -8.241381       -0.742269        0.500000
 grid1/grid1_000085.png/png
 burst_profile/burst_profile000085.png/png
 grid1/grid1_000090.png/png
 burst_profile/burst_profile000090.png/png
 grid1/grid1_000095.png/png
 burst_profile/burst_profile000095.png/png
       retry log10(dt/yr), log10(dt), retry_factor     1    97       -5.708197        1.790914        0.500000
       retry log10(dt/yr), log10(dt), retry_factor     1    98       -6.029742        1.469369        0.500000
       retry log10(dt/yr), log10(dt), retry_factor     1    99       -6.330772        1.168339        0.500000
        100   8.444841  4.670E+06   2.033172   2.166622   1.400000   1.400000   0.000000   0.000000   0.275200   0.100536  12.226478    752     31
  -6.029742   6.642744  -4.792800   1.206170   1.283423  -8.522879   0.000000   0.000000   0.000000   0.020000   0.058448  80.444496      6      8
 3.1300E-04  23.235090   2.045017   1.357015  13.860470  -0.943582   0.000000   0.000000   0.000000   0.000687  8.410E-01  0.987E-12          hold

 grid1/grid1_000100.png/png
 burst_profile/burst_profile000100.png/png
       retry log10(dt/yr), log10(dt), retry_factor     1   101       -6.631802        0.867309        0.500000
       retry log10(dt/yr), log10(dt), retry_factor     1   103       -6.932832        0.566279        0.500000
hydro_newton_step failed to accept
       retry log10(dt/yr), log10(dt), retry_factor     1   104       -7.233862        0.265249        0.500000
 grid1/grid1_000105.png/png
 burst_profile/burst_profile000105.png/png
       retry log10(dt/yr), log10(dt), retry_factor     1   106       -7.534892       -0.035780        0.500000
       retry log10(dt/yr), log10(dt), retry_factor     1   110       -7.649240       -0.150129        0.500000
       retry log10(dt/yr), log10(dt), retry_factor     2   110       -7.950270       -0.451159        0.500000
 grid1/grid1_000110.png/png
 burst_profile/burst_profile000110.png/png
       retry log10(dt/yr), log10(dt), retry_factor     1   112       -8.333830       -0.834718        0.500000
 grid1/grid1_000115.png/png
 burst_profile/burst_profile000115.png/png
 grid1/grid1_000120.png/png
 burst_profile/burst_profile000120.png/png
 grid1/grid1_000125.png/png
 burst_profile/burst_profile000125.png/png
 grid1/grid1_000130.png/png
 burst_profile/burst_profile000130.png/png
 grid1/grid1_000135.png/png
 burst_profile/burst_profile000135.png/png
 grid1/grid1_000140.png/png
 burst_profile/burst_profile000140.png/png
 grid1/grid1_000145.png/png
 burst_profile/burst_profile000145.png/png
 grid1/grid1_000150.png/png
 burst_profile/burst_profile000150.png/png
 grid1/grid1_000155.png/png
 burst_profile/burst_profile000155.png/png
 grid1/grid1_000160.png/png
 burst_profile/burst_profile000160.png/png
 grid1/grid1_000165.png/png
 burst_profile/burst_profile000165.png/png
                       super eddington wind: lg_Mdot, L/Ledd         166    -9.71181     1.00792
                       super eddington wind: lg_Mdot, L/Ledd         167    -9.00303     1.04044
                       super eddington wind: lg_Mdot, L/Ledd         168    -8.75769     1.07114
                       super eddington wind: lg_Mdot, L/Ledd         169    -8.62906     1.09552
                       super eddington wind: lg_Mdot, L/Ledd         170    -8.51960     1.12289
 grid1/grid1_000170.png/png
 burst_profile/burst_profile000170.png/png
                       super eddington wind: lg_Mdot, L/Ledd         171    -8.42297     1.15337
                       super eddington wind: lg_Mdot, L/Ledd         172    -8.60073     1.10168
                       super eddington wind: lg_Mdot, L/Ledd         173    -8.45958     1.14059
                       super eddington wind: lg_Mdot, L/Ledd         174    -8.38457     1.16718
                       super eddington wind: lg_Mdot, L/Ledd         175    -8.53030     1.11918
 grid1/grid1_000175.png/png
 burst_profile/burst_profile000175.png/png
                       super eddington wind: lg_Mdot, L/Ledd         176    -8.40184     1.16031
                       super eddington wind: lg_Mdot, L/Ledd         177    -8.32968     1.18917
                       super eddington wind: lg_Mdot, L/Ledd         178    -8.44962     1.14297
                       super eddington wind: lg_Mdot, L/Ledd         179    -8.33742     1.18518
                       super eddington wind: lg_Mdot, L/Ledd         180    -8.27491     1.21353
 grid1/grid1_000180.png/png
 burst_profile/burst_profile000180.png/png
                       super eddington wind: lg_Mdot, L/Ledd         181    -8.39458     1.16191
                       super eddington wind: lg_Mdot, L/Ledd         182    -8.30117     1.20057
                       super eddington wind: lg_Mdot, L/Ledd         183    -8.24730     1.22689
                       super eddington wind: lg_Mdot, L/Ledd         184    -8.36488     1.17275
                       super eddington wind: lg_Mdot, L/Ledd         185    -8.27624     1.21169
 grid1/grid1_000185.png/png
 burst_profile/burst_profile000185.png/png
                       super eddington wind: lg_Mdot, L/Ledd         186    -8.23267     1.23398
                       super eddington wind: lg_Mdot, L/Ledd         187    -8.36258     1.17301
                       super eddington wind: lg_Mdot, L/Ledd         188    -8.29204     1.20331
                       super eddington wind: lg_Mdot, L/Ledd         189    -8.25064     1.22343
                       super eddington wind: lg_Mdot, L/Ledd         190    -8.39107     1.16134
 grid1/grid1_000190.png/png
 burst_profile/burst_profile000190.png/png
                       super eddington wind: lg_Mdot, L/Ledd         191    -8.34050     1.18101
                       super eddington wind: lg_Mdot, L/Ledd         192    -8.32344     1.18821
                       super eddington wind: lg_Mdot, L/Ledd         193    -8.51091     1.12191
       retry log10(dt/yr), log10(dt), retry_factor     1   193       -9.066262       -1.567151        0.500000
                       super eddington wind: lg_Mdot, L/Ledd         193    -8.51091     1.12191
       retry log10(dt/yr), log10(dt), retry_factor     2   193       -9.367292       -1.868181        0.500000
                       super eddington wind: lg_Mdot, L/Ledd         193    -8.51091     1.12191
                       super eddington wind: lg_Mdot, L/Ledd         194    -8.42931     1.14718
                       super eddington wind: lg_Mdot, L/Ledd         195    -8.57549     1.10501
 grid1/grid1_000195.png/png
 burst_profile/burst_profile000195.png/png
                       super eddington wind: lg_Mdot, L/Ledd         196    -8.48363     1.12965
                       super eddington wind: lg_Mdot, L/Ledd         197    -8.36404     1.17088
                       super eddington wind: lg_Mdot, L/Ledd         198    -8.59827     1.09960
                       super eddington wind: lg_Mdot, L/Ledd         199    -8.53058     1.11631
                       super eddington wind: lg_Mdot, L/Ledd         200    -8.69150     1.08027
        200   8.951901  2.390E+07   3.720432   6.685479   1.400000   1.400000   0.000000   0.000000   0.295235   0.075520   3.042466    673     40
  -8.875282   6.568826  -4.791541   3.023262   4.380361  -8.691498   0.000000   0.000000   0.000000   0.202565   0.044739  23.648083      6      8
 3.1498E-04  23.235203   4.884167   6.684914  15.064660  -0.895218   0.000000   0.000000   0.000000   0.000687  8.797E-01  0.657E-04    varcontrol

 grid1/grid1_000200.png/png
 burst_profile/burst_profile000200.png/png
                       super eddington wind: lg_Mdot, L/Ledd         201    -8.53932     1.11391
       retry log10(dt/yr), log10(dt), retry_factor     1   201       -9.290323       -1.791211        0.500000
                       super eddington wind: lg_Mdot, L/Ledd         201    -8.53932     1.11391
                       super eddington wind: lg_Mdot, L/Ledd         202    -8.47042     1.13353
                       super eddington wind: lg_Mdot, L/Ledd         203    -8.66029     1.08613
                       super eddington wind: lg_Mdot, L/Ledd         204    -8.50986     1.12171
                       super eddington wind: lg_Mdot, L/Ledd         205    -8.80426     1.06178
 grid1/grid1_000205.png/png
 burst_profile/burst_profile000205.png/png
                       super eddington wind: lg_Mdot, L/Ledd         206    -8.61224     1.09613
                       super eddington wind: lg_Mdot, L/Ledd         207    -8.55870     1.10878
                       super eddington wind: lg_Mdot, L/Ledd         208    -8.67668     1.08268
                       super eddington wind: lg_Mdot, L/Ledd         209    -8.76389     1.06768
                       super eddington wind: lg_Mdot, L/Ledd         210    -9.32053     1.01877
 grid1/grid1_000210.png/png
 burst_profile/burst_profile000210.png/png
                       super eddington wind: lg_Mdot, L/Ledd         211    -8.91449     1.04780
       retry log10(dt/yr), log10(dt), retry_factor     1   211       -9.271098       -1.771987        0.500000
                       super eddington wind: lg_Mdot, L/Ledd         211    -8.91449     1.04780
       retry log10(dt/yr), log10(dt), retry_factor     2   211       -9.572128       -2.073017        0.500000
                       super eddington wind: lg_Mdot, L/Ledd         211    -8.91449     1.04780
                       super eddington wind: lg_Mdot, L/Ledd         212   -10.52769     1.00116
                       super eddington wind: lg_Mdot, L/Ledd         213    -9.20400     1.02453
                       super eddington wind: lg_Mdot, L/Ledd         215    -9.39456     1.01582
 grid1/grid1_000215.png/png
 burst_profile/burst_profile000215.png/png
                       super eddington wind: lg_Mdot, L/Ledd         217    -9.86889     1.00530
 grid1/grid1_000220.png/png
 burst_profile/burst_profile000220.png/png
 grid1/grid1_000225.png/png
 burst_profile/burst_profile000225.png/png
 grid1/grid1_000230.png/png
 burst_profile/burst_profile000230.png/png
       retry log10(dt/yr), log10(dt), retry_factor     1   235       -7.588971       -0.089859        0.500000
       retry log10(dt/yr), log10(dt), retry_factor     2   235       -7.890001       -0.390889        0.500000
 have reached retry limit so now backup
 grid1/grid1_000235.png/png
 burst_profile/burst_profile000235.png/png
 grid1/grid1_000240.png/png
 burst_profile/burst_profile000240.png/png
hydro_newton_step failed to accept
       retry log10(dt/yr), log10(dt), retry_factor     1   242       -7.731206       -0.232094        0.500000
hydro_newton_step failed to accept
       retry log10(dt/yr), log10(dt), retry_factor     1   244       -8.226056       -0.726944        0.500000
 grid1/grid1_000245.png/png
 burst_profile/burst_profile000245.png/png
 grid1/grid1_000250.png/png
 burst_profile/burst_profile000250.png/png
 grid1/grid1_000255.png/png
 burst_profile/burst_profile000255.png/png
 grid1/grid1_000260.png/png
 burst_profile/burst_profile000260.png/png
 grid1/grid1_000265.png/png
 burst_profile/burst_profile000265.png/png
       retry log10(dt/yr), log10(dt), retry_factor     1   269       -7.648094       -0.148983        0.500000
       retry log10(dt/yr), log10(dt), retry_factor     2   269       -7.949124       -0.450013        0.500000
 grid1/grid1_000270.png/png
 burst_profile/burst_profile000270.png/png
 grid1/grid1_000275.png/png
 burst_profile/burst_profile000275.png/png
hydro_newton_step failed to accept
       retry log10(dt/yr), log10(dt), retry_factor     1   276       -7.966948       -0.467836        0.500000
       retry log10(dt/yr), log10(dt), retry_factor     2   276       -8.267978       -0.768866        0.500000
 grid1/grid1_000280.png/png
 burst_profile/burst_profile000280.png/png
hydro_newton_step failed to accept
       retry log10(dt/yr), log10(dt), retry_factor     1   282       -7.665918       -0.166806        0.500000
       retry log10(dt/yr), log10(dt), retry_factor     2   282       -7.966948       -0.467836        0.500000
 grid1/grid1_000285.png/png
 burst_profile/burst_profile000285.png/png
       retry log10(dt/yr), log10(dt), retry_factor     1   287       -7.665918       -0.166806        0.500000
       retry log10(dt/yr), log10(dt), retry_factor     2   287       -7.966948       -0.467836        0.500000
 grid1/grid1_000290.png/png
 burst_profile/burst_profile000290.png/png
hydro_newton_step failed to accept
       retry log10(dt/yr), log10(dt), retry_factor     1   293       -7.576300       -0.077189        0.500000
 grid1/grid1_000295.png/png
 burst_profile/burst_profile000295.png/png
        300   8.704272  7.710E+06   1.315997   2.477603   1.400000   1.400000   0.000000   0.000000   0.275200   0.019810   6.402167    709     56
  -7.061382   6.624017  -4.792781   1.190040   2.006641  -8.522879   0.000000   0.000000   0.000000   0.020000   0.020062  43.633720      6      9
 3.1906E-04  23.236132   2.916103   2.421838  14.308756  -0.725736   0.000000   0.000000   0.000000   0.000687  9.601E-01  0.556E-10        lgTeff

 grid1/grid1_000300.png/png
 burst_profile/burst_profile000300.png/png
 grid1/grid1_000305.png/png
 burst_profile/burst_profile000305.png/png
 grid1/grid1_000310.png/png
 burst_profile/burst_profile000310.png/png
 grid1/grid1_000315.png/png
 burst_profile/burst_profile000315.png/png
 grid1/grid1_000320.png/png
 burst_profile/burst_profile000320.png/png
 grid1/grid1_000325.png/png
 burst_profile/burst_profile000325.png/png
 grid1/grid1_000330.png/png
 burst_profile/burst_profile000330.png/png
 grid1/grid1_000335.png/png
 burst_profile/burst_profile000335.png/png
       retry log10(dt/yr), log10(dt), retry_factor     1   337       -5.335546        2.163566        0.500000
hydro_newton_step failed to accept
       retry log10(dt/yr), log10(dt), retry_factor     2   337       -5.636576        1.862536        0.500000
 have reached retry limit so now backup
       retry log10(dt/yr), log10(dt), retry_factor     1   338       -6.034516        1.464596        0.500000
 grid1/grid1_000340.png/png
 burst_profile/burst_profile000340.png/png
       retry log10(dt/yr), log10(dt), retry_factor     1   344       -5.590106        1.909005        0.500000
       retry log10(dt/yr), log10(dt), retry_factor     1   345       -5.891136        1.607975        0.500000
       retry log10(dt/yr), log10(dt), retry_factor     2   345       -6.192166        1.306945        0.500000
 grid1/grid1_000345.png/png
 burst_profile/burst_profile000345.png/png
 grid1/grid1_000350.png/png
 burst_profile/burst_profile000350.png/png
       retry log10(dt/yr), log10(dt), retry_factor     1   355       -5.737937        1.761174        0.500000
 grid1/grid1_000355.png/png
 burst_profile/burst_profile000355.png/png
 grid1/grid1_000360.png/png
 burst_profile/burst_profile000360.png/png
       retry log10(dt/yr), log10(dt), retry_factor     1   361       -5.135877        2.363234        0.500000
hydro_newton_step failed to accept
       retry log10(dt/yr), log10(dt), retry_factor     2   361       -5.436907        2.062204        0.500000
 have reached retry limit so now backup
 grid1/grid1_000360.png/png
 burst_profile/burst_profile000360.png/png
 grid1/grid1_000365.png/png
 burst_profile/burst_profile000365.png/png
       retry log10(dt/yr), log10(dt), retry_factor     1   366       -5.232787        2.266324        0.500000
hydro_newton_step failed to accept
       retry log10(dt/yr), log10(dt), retry_factor     2   366       -5.533817        1.965294        0.500000
 have reached retry limit so now backup
 grid1/grid1_000365.png/png
 burst_profile/burst_profile000365.png/png
       retry log10(dt/yr), log10(dt), retry_factor     1   368       -5.931757        1.567354        0.500000
       retry log10(dt/yr), log10(dt), retry_factor     2   368       -6.232787        1.266324        0.500000
 have reached retry limit so now backup
       retry log10(dt/yr), log10(dt), retry_factor     1   368       -6.533817        0.965294        0.500000
       retry log10(dt/yr), log10(dt), retry_factor     1   369       -6.834847        0.664264        0.500000
       retry log10(dt/yr), log10(dt), retry_factor     2   369       -7.135877        0.363234        0.500000
 have reached retry limit so now backup
 grid1/grid1_000370.png/png
 burst_profile/burst_profile000370.png/png
       retry log10(dt/yr), log10(dt), retry_factor     1   371       -7.436907        0.062204        0.500000
       retry log10(dt/yr), log10(dt), retry_factor     2   371       -7.737937       -0.238826        0.500000
 have reached retry limit so now backup
 grid1/grid1_000370.png/png
 burst_profile/burst_profile000370.png/png
       retry log10(dt/yr), log10(dt), retry_factor     1   373       -8.038967       -0.539856        0.500000
 grid1/grid1_000375.png/png
 burst_profile/burst_profile000375.png/png
 grid1/grid1_000380.png/png
 burst_profile/burst_profile000380.png/png
 grid1/grid1_000385.png/png
 burst_profile/burst_profile000385.png/png
       retry log10(dt/yr), log10(dt), retry_factor     1   386       -5.581424        1.917688        0.500000
       retry log10(dt/yr), log10(dt), retry_factor     1   390       -5.724151        1.774960        0.500000
 grid1/grid1_000390.png/png
 burst_profile/burst_profile000390.png/png
       retry log10(dt/yr), log10(dt), retry_factor     1   391       -6.025181        1.473930        0.500000
hydro_newton_step failed to accept
       retry log10(dt/yr), log10(dt), retry_factor     2   391       -6.326211        1.172900        0.500000
 have reached retry limit so now backup
 grid1/grid1_000390.png/png
 burst_profile/burst_profile000390.png/png
       retry log10(dt/yr), log10(dt), retry_factor     1   394       -6.627241        0.871870        0.500000
 grid1/grid1_000395.png/png
 burst_profile/burst_profile000395.png/png
        400   8.368466  3.853E+06   1.637312   1.671865   1.400000   1.400000   0.000000   0.000000   0.275200   0.071347  15.190155    747     80
  -5.423121   6.672866  -4.792849  -0.086450   0.808766  -8.522879   0.000000   0.000000   0.000000   0.020000   0.050650  98.154908      6     16
 5.5514E-04  23.276239   1.710828   0.442950  13.643038  -1.075397   0.000000   0.000000   0.000000   0.000687  8.780E-01  0.176E-12  max increase

 grid1/grid1_000400.png/png
 burst_profile/burst_profile000400.png/png
       retry log10(dt/yr), log10(dt), retry_factor     1   402       -5.641784        1.857328        0.500000
       retry log10(dt/yr), log10(dt), retry_factor     2   402       -5.942814        1.556298        0.500000
hydro_newton_step failed to accept
       retry log10(dt/yr), log10(dt), retry_factor     1   403       -6.305783        1.193329        0.500000
       retry log10(dt/yr), log10(dt), retry_factor     1   404       -6.606813        0.892299        0.500000
 grid1/grid1_000405.png/png
 burst_profile/burst_profile000405.png/png
hydro_newton_step failed to accept
       retry log10(dt/yr), log10(dt), retry_factor     1   409       -6.448340        1.050771        0.500000
 grid1/grid1_000410.png/png
 burst_profile/burst_profile000410.png/png
       retry log10(dt/yr), log10(dt), retry_factor     1   413       -5.813344        1.685767        0.500000
       retry log10(dt/yr), log10(dt), retry_factor     1   414       -6.198568        1.300543        0.500000
       retry log10(dt/yr), log10(dt), retry_factor     2   414       -6.499598        0.999513        0.500000
 grid1/grid1_000415.png/png
 burst_profile/burst_profile000415.png/png
        418   8.424084  4.441E+06   1.920468   2.030261   1.400000   1.400000   0.000000   0.000000   0.275200   0.075996  13.364881    748     88
  -5.897538   6.674488  -4.792810   1.162825   1.104888  -8.522879   0.000000   0.000000   0.000000   0.020000   0.053755  86.463686      6     16
 5.8564E-04  23.281150   1.957624   0.973207  13.804225  -0.977363   0.000000   0.000000   0.000000   0.000687  8.702E-01  0.622E-12  max increase

save LOGS/profile3.data for model 418
       retry log10(dt/yr), log10(dt), retry_factor     1   419       -6.198568        1.300543        0.500000
       retry log10(dt/yr), log10(dt), retry_factor     1   420       -6.499598        0.999513        0.500000
 grid1/grid1_000420.png/png
 burst_profile/burst_profile000420.png/png
       retry log10(dt/yr), log10(dt), retry_factor     1   421       -6.819590        0.679522        0.500000
       retry log10(dt/yr), log10(dt), retry_factor     1   422       -7.177978        0.321134        0.500000
       retry log10(dt/yr), log10(dt), retry_factor     1   423       -7.556517       -0.057406        0.500000
 grid1/grid1_000425.png/png
 burst_profile/burst_profile000425.png/png
       retry log10(dt/yr), log10(dt), retry_factor     1   427       -7.556517       -0.057406        0.500000
 grid1/grid1_000430.png/png
 burst_profile/burst_profile000430.png/png
       retry log10(dt/yr), log10(dt), retry_factor     1   431       -7.783459       -0.284347        0.500000
       retry log10(dt/yr), log10(dt), retry_factor     2   431       -8.084489       -0.585377        0.500000
 have reached retry limit so now backup
 grid1/grid1_000430.png/png
 burst_profile/burst_profile000430.png/png
       retry log10(dt/yr), log10(dt), retry_factor     1   435       -8.084489       -0.585377        0.500000
 grid1/grid1_000435.png/png
 burst_profile/burst_profile000435.png/png
hydro_newton_step failed to accept
       retry log10(dt/yr), log10(dt), retry_factor     1   440       -8.607202       -1.108091        0.500000
 grid1/grid1_000440.png/png
 burst_profile/burst_profile000440.png/png
 grid1/grid1_000445.png/png
 burst_profile/burst_profile000445.png/png
 grid1/grid1_000450.png/png
 burst_profile/burst_profile000450.png/png
 grid1/grid1_000455.png/png
 burst_profile/burst_profile000455.png/png
 grid1/grid1_000460.png/png
 burst_profile/burst_profile000460.png/png
 grid1/grid1_000465.png/png
 burst_profile/burst_profile000465.png/png
 grid1/grid1_000470.png/png
 burst_profile/burst_profile000470.png/png
hydro_newton_step failed to accept
       retry log10(dt/yr), log10(dt), retry_factor     1   475       -9.063213       -1.564101        0.500000
 grid1/grid1_000475.png/png
 burst_profile/burst_profile000475.png/png
 grid1/grid1_000480.png/png
 burst_profile/burst_profile000480.png/png
 grid1/grid1_000485.png/png
 burst_profile/burst_profile000485.png/png
 grid1/grid1_000490.png/png
 burst_profile/burst_profile000490.png/png
 grid1/grid1_000495.png/png
 burst_profile/burst_profile000495.png/png
        500   8.643539  2.228E+07   3.578739   6.720167   1.400000   1.400000   0.000000   0.000000   0.286805   0.062815   7.809878    830     99
  -8.612184   6.662006  -4.791644   2.962609   4.292636  -8.522879   0.000000   0.000000   0.000000   0.228798   0.039862  51.667683      7     17
 5.8873E-04  23.281490   4.761814   6.719778  14.981059  -0.857083   0.000000   0.000000   0.000000   0.000687  8.973E-01 -0.358E-07      lgT_cntr

save LOGS/profile4.data for model 500
save photos/x500 for model 500
 grid1/grid1_000500.png/png
 burst_profile/burst_profile000500.png/png
 grid1/grid1_000505.png/png
 burst_profile/burst_profile000505.png/png
 grid1/grid1_000510.png/png
 burst_profile/burst_profile000510.png/png
       retry log10(dt/yr), log10(dt), retry_factor     1   515       -8.983063       -1.483951        0.500000
 grid1/grid1_000515.png/png
 burst_profile/burst_profile000515.png/png
 grid1/grid1_000520.png/png
 burst_profile/burst_profile000520.png/png
 grid1/grid1_000525.png/png
 burst_profile/burst_profile000525.png/png
 grid1/grid1_000530.png/png
 burst_profile/burst_profile000530.png/png
 grid1/grid1_000535.png/png
 burst_profile/burst_profile000535.png/png
       retry log10(dt/yr), log10(dt), retry_factor     1   537       -7.552795       -0.053684        0.500000
       retry log10(dt/yr), log10(dt), retry_factor     1   538       -7.950735       -0.451624        0.500000
       retry log10(dt/yr), log10(dt), retry_factor     1   540       -8.445585       -0.946474        0.500000
 grid1/grid1_000540.png/png
 burst_profile/burst_profile000540.png/png
hydro_newton_step failed to accept
       retry log10(dt/yr), log10(dt), retry_factor     1   541       -8.746615       -1.247504        0.500000
       retry log10(dt/yr), log10(dt), retry_factor     2   541       -9.047645       -1.548534        0.500000
       retry log10(dt/yr), log10(dt), retry_factor     1   544       -9.348675       -1.849564        0.500000
 grid1/grid1_000545.png/png
 burst_profile/burst_profile000545.png/png
 grid1/grid1_000550.png/png
 burst_profile/burst_profile000550.png/png
       retry log10(dt/yr), log10(dt), retry_factor     1   551       -8.445585       -0.946474        0.500000
 grid1/grid1_000555.png/png
 burst_profile/burst_profile000555.png/png
 grid1/grid1_000560.png/png
 burst_profile/burst_profile000560.png/png
 grid1/grid1_000565.png/png
 burst_profile/burst_profile000565.png/png
 grid1/grid1_000570.png/png
 burst_profile/burst_profile000570.png/png
 grid1/grid1_000575.png/png
 burst_profile/burst_profile000575.png/png
hydro_newton_step failed to accept
       retry log10(dt/yr), log10(dt), retry_factor     1   580       -7.808005       -0.308894        0.500000
       retry log10(dt/yr), log10(dt), retry_factor     2   580       -8.109035       -0.609924        0.500000
 have reached retry limit so now backup
 grid1/grid1_000580.png/png
 burst_profile/burst_profile000580.png/png
 grid1/grid1_000585.png/png
 burst_profile/burst_profile000585.png/png
       retry log10(dt/yr), log10(dt), retry_factor     1   587       -7.893074       -0.393962        0.500000
 grid1/grid1_000590.png/png
 burst_profile/burst_profile000590.png/png
       retry log10(dt/yr), log10(dt), retry_factor     1   594       -7.691077       -0.191965        0.500000
       retry log10(dt/yr), log10(dt), retry_factor     2   594       -7.992107       -0.492995        0.500000
 grid1/grid1_000595.png/png
 burst_profile/burst_profile000595.png/png
        600   8.784349  9.815E+06   1.713969   3.140542   1.400000   1.400000   0.000000   0.000000   0.275200   0.017823   5.387430    878    112
  -7.137239   6.645101  -4.792667   1.739565   2.525399  -8.522879   0.000000   0.000000   0.000000   0.020000   0.019684  36.878507      6     18
 5.9170E-04  23.282104   3.335687   3.105664  14.431491  -0.727911   0.000000   0.000000   0.000000   0.000687  9.625E-01 -0.184E-09    varcontrol

 grid1/grid1_000600.png/png
 burst_profile/burst_profile000600.png/png
 grid1/grid1_000605.png/png
 burst_profile/burst_profile000605.png/png
 grid1/grid1_000610.png/png
 burst_profile/burst_profile000610.png/png
 grid1/grid1_000615.png/png
 burst_profile/burst_profile000615.png/png
 grid1/grid1_000620.png/png
 burst_profile/burst_profile000620.png/png
 grid1/grid1_000625.png/png
 burst_profile/burst_profile000625.png/png
 grid1/grid1_000630.png/png
 burst_profile/burst_profile000630.png/png
 grid1/grid1_000635.png/png
 burst_profile/burst_profile000635.png/png
 grid1/grid1_000640.png/png
 burst_profile/burst_profile000640.png/png
       retry log10(dt/yr), log10(dt), retry_factor     1   645       -5.706273        1.792838        0.500000
 grid1/grid1_000645.png/png
 burst_profile/burst_profile000645.png/png
       retry log10(dt/yr), log10(dt), retry_factor     1   650       -5.405243        2.093868        0.500000
hydro_newton_step failed to accept
       retry log10(dt/yr), log10(dt), retry_factor     2   650       -5.706273        1.792838        0.500000
 have reached retry limit so now backup
 grid1/grid1_000650.png/png
 burst_profile/burst_profile000650.png/png
 grid1/grid1_000655.png/png
 burst_profile/burst_profile000655.png/png
       retry log10(dt/yr), log10(dt), retry_factor     1   656       -5.439976        2.059135        0.500000
hydro_newton_step failed to accept
       retry log10(dt/yr), log10(dt), retry_factor     2   656       -5.741006        1.758105        0.500000
 have reached retry limit so now backup
 grid1/grid1_000655.png/png
 burst_profile/burst_profile000655.png/png
 grid1/grid1_000660.png/png
 burst_profile/burst_profile000660.png/png
       retry log10(dt/yr), log10(dt), retry_factor     1   662       -5.244089        2.255022        0.500000
       retry log10(dt/yr), log10(dt), retry_factor     2   662       -5.545119        1.953992        0.500000
 have reached retry limit so now backup
       retry log10(dt/yr), log10(dt), retry_factor     1   663       -5.943059        1.556052        0.500000
 grid1/grid1_000665.png/png
 burst_profile/burst_profile000665.png/png
       retry log10(dt/yr), log10(dt), retry_factor     1   669       -5.503626        1.995485        0.500000
       retry log10(dt/yr), log10(dt), retry_factor     1   670       -5.901566        1.597545        0.500000
 grid1/grid1_000670.png/png
 burst_profile/burst_profile000670.png/png
 grid1/grid1_000675.png/png
 burst_profile/burst_profile000675.png/png
       retry log10(dt/yr), log10(dt), retry_factor     1   676       -5.502066        1.997046        0.500000
       retry log10(dt/yr), log10(dt), retry_factor     1   680       -5.502066        1.997046        0.500000
 grid1/grid1_000680.png/png
 burst_profile/burst_profile000680.png/png
       retry log10(dt/yr), log10(dt), retry_factor     1   681       -5.803096        1.696016        0.500000
 grid1/grid1_000685.png/png
 burst_profile/burst_profile000685.png/png
       retry log10(dt/yr), log10(dt), retry_factor     1   687       -5.575999        1.923113        0.500000
       retry log10(dt/yr), log10(dt), retry_factor     2   687       -5.877029        1.622083        0.500000
       retry log10(dt/yr), log10(dt), retry_factor     1   688       -6.274969        1.224143        0.500000
 grid1/grid1_000690.png/png
 burst_profile/burst_profile000690.png/png
       retry log10(dt/yr), log10(dt), retry_factor     1   694       -5.796549        1.702562        0.500000
 grid1/grid1_000695.png/png
 burst_profile/burst_profile000695.png/png
hydro_newton_step failed to accept
       retry log10(dt/yr), log10(dt), retry_factor     1   699       -5.896855        1.602257        0.500000
hydro_newton_step failed to accept
       retry log10(dt/yr), log10(dt), retry_factor     2   699       -6.197885        1.301227        0.500000
       retry log10(dt/yr), log10(dt), retry_factor     1   700       -6.289558        1.209554        0.500000
       retry log10(dt/yr), log10(dt), retry_factor     2   700       -6.590588        0.908524        0.500000
 have reached retry limit so now backup
        700   8.390877  4.074E+06   1.755317   1.804663   1.400000   1.400000   0.000000   0.000000   0.275200   0.067192  14.960138    921    133
  -6.289558   6.702334  -4.792821   0.524355   0.919353  -8.522879   0.000000   0.000000   0.000000   0.020000   0.049278  95.350625      6     22
 8.4663E-04  23.321123   1.807792   0.544726  13.706783  -1.036379   0.000000   0.000000   0.000000   0.000687  8.835E-01  0.100E-10          hold

 grid1/grid1_000700.png/png
 burst_profile/burst_profile000700.png/png
 grid1/grid1_000705.png/png
 burst_profile/burst_profile000705.png/png
       retry log10(dt/yr), log10(dt), retry_factor     1   707       -6.024055        1.475056        0.500000
       retry log10(dt/yr), log10(dt), retry_factor     2   707       -6.325085        1.174026        0.500000
 grid1/grid1_000710.png/png
 burst_profile/burst_profile000710.png/png
       retry log10(dt/yr), log10(dt), retry_factor     1   711       -6.421995        1.077116        0.500000
       retry log10(dt/yr), log10(dt), retry_factor     1   712       -6.723025        0.776086        0.500000
       retry log10(dt/yr), log10(dt), retry_factor     2   712       -7.024055        0.475056        0.500000
       retry log10(dt/yr), log10(dt), retry_factor     1   714       -7.356874        0.142237        0.500000
       retry log10(dt/yr), log10(dt), retry_factor     2   714       -7.657904       -0.158793        0.500000
 grid1/grid1_000715.png/png
 burst_profile/burst_profile000715.png/png
       retry log10(dt/yr), log10(dt), retry_factor     1   719       -7.356874        0.142237        0.500000
 grid1/grid1_000720.png/png
 burst_profile/burst_profile000720.png/png
       retry log10(dt/yr), log10(dt), retry_factor     1   721       -7.680787       -0.181675        0.500000
       retry log10(dt/yr), log10(dt), retry_factor     2   721       -7.981817       -0.482705        0.500000
 have reached retry limit so now backup
 grid1/grid1_000720.png/png
 burst_profile/burst_profile000720.png/png
 grid1/grid1_000725.png/png
 burst_profile/burst_profile000725.png/png
       retry log10(dt/yr), log10(dt), retry_factor     1   726       -7.680787       -0.181675        0.500000
       retry log10(dt/yr), log10(dt), retry_factor     1   727       -7.981817       -0.482705        0.500000
       retry log10(dt/yr), log10(dt), retry_factor     1   728       -8.284565       -0.785453        0.500000
 grid1/grid1_000730.png/png
 burst_profile/burst_profile000730.png/png
 grid1/grid1_000735.png/png
 burst_profile/burst_profile000735.png/png
 grid1/grid1_000740.png/png
 burst_profile/burst_profile000740.png/png
 grid1/grid1_000745.png/png
 burst_profile/burst_profile000745.png/png
 grid1/grid1_000750.png/png
 burst_profile/burst_profile000750.png/png
 grid1/grid1_000755.png/png
 burst_profile/burst_profile000755.png/png
 grid1/grid1_000760.png/png
 burst_profile/burst_profile000760.png/png
hydro_newton_step failed to accept
       retry log10(dt/yr), log10(dt), retry_factor     1   763       -9.262475       -1.763363        0.500000
 grid1/grid1_000765.png/png
 burst_profile/burst_profile000765.png/png
 grid1/grid1_000770.png/png
 burst_profile/burst_profile000770.png/png
 grid1/grid1_000775.png/png
 burst_profile/burst_profile000775.png/png
 grid1/grid1_000780.png/png
 burst_profile/burst_profile000780.png/png
 grid1/grid1_000785.png/png
 burst_profile/burst_profile000785.png/png
 grid1/grid1_000790.png/png
 burst_profile/burst_profile000790.png/png
 grid1/grid1_000795.png/png
 burst_profile/burst_profile000795.png/png
        800   8.779175  2.193E+07   3.527207   6.540684   1.400000   1.400000   0.000000   0.000000   0.280713   0.051491   5.686033    968    147
  -8.411176   6.675152  -4.791710   2.919716   4.224426  -8.522879   0.000000   0.000000   0.000000   0.263844   0.034920  38.191309      7     23
 8.6061E-04  23.323010   4.734053   6.540159  14.965509  -0.828860   0.000000   0.000000   0.000000   0.000687  9.136E-01 -0.122E-07      lgT_cntr

 grid1/grid1_000800.png/png
 burst_profile/burst_profile000800.png/png
 grid1/grid1_000805.png/png
 burst_profile/burst_profile000805.png/png
 grid1/grid1_000810.png/png
 burst_profile/burst_profile000810.png/png
 grid1/grid1_000815.png/png
 burst_profile/burst_profile000815.png/png
       retry log10(dt/yr), log10(dt), retry_factor     1   819       -7.467230        0.031881        0.500000
       retry log10(dt/yr), log10(dt), retry_factor     2   819       -7.768260       -0.269149        0.500000
 have reached retry limit so now backup
 grid1/grid1_000820.png/png
 burst_profile/burst_profile000820.png/png
       retry log10(dt/yr), log10(dt), retry_factor     1   823       -7.768260       -0.269149        0.500000
       retry log10(dt/yr), log10(dt), retry_factor     2   823       -8.069290       -0.570179        0.500000
 have reached retry limit so now backup
       retry log10(dt/yr), log10(dt), retry_factor     1   823       -8.370320       -0.871209        0.500000
       retry log10(dt/yr), log10(dt), retry_factor     2   823       -8.671350       -1.172239        0.500000
 have reached retry limit so now backup
       retry log10(dt/yr), log10(dt), retry_factor     1   825       -8.972380       -1.473269        0.500000
       retry log10(dt/yr), log10(dt), retry_factor     2   825       -9.273410       -1.774299        0.500000
 have reached retry limit so now backup
 grid1/grid1_000825.png/png
 burst_profile/burst_profile000825.png/png
       retry log10(dt/yr), log10(dt), retry_factor     1   826       -9.574440       -2.075329        0.500000
       retry log10(dt/yr), log10(dt), retry_factor     2   826       -9.875470       -2.376359        0.500000
 grid1/grid1_000830.png/png
 burst_profile/burst_profile000830.png/png
 grid1/grid1_000835.png/png
 burst_profile/burst_profile000835.png/png
       retry log10(dt/yr), log10(dt), retry_factor     1   840       -7.574488       -0.075376        0.500000
       retry log10(dt/yr), log10(dt), retry_factor     2   840       -7.875518       -0.376406        0.500000
 grid1/grid1_000840.png/png
 burst_profile/burst_profile000840.png/png
       retry log10(dt/yr), log10(dt), retry_factor     1   841       -8.273458       -0.774346        0.500000
hydro_newton_step failed to accept
       retry log10(dt/yr), log10(dt), retry_factor     2   841       -8.574488       -1.075376        0.500000
       retry log10(dt/yr), log10(dt), retry_factor     1   842       -8.875518       -1.376406        0.500000
       retry log10(dt/yr), log10(dt), retry_factor     2   842       -9.176548       -1.677436        0.500000
 grid1/grid1_000845.png/png
 burst_profile/burst_profile000845.png/png
       retry log10(dt/yr), log10(dt), retry_factor     1   848       -8.574488       -1.075376        0.500000
 grid1/grid1_000850.png/png
 burst_profile/burst_profile000850.png/png
       retry log10(dt/yr), log10(dt), retry_factor     1   851       -8.875518       -1.376406        0.500000
       retry log10(dt/yr), log10(dt), retry_factor     2   851       -9.176548       -1.677436        0.500000
 grid1/grid1_000855.png/png
 burst_profile/burst_profile000855.png/png
       retry log10(dt/yr), log10(dt), retry_factor     1   860       -8.475221       -0.976110        0.500000
       retry log10(dt/yr), log10(dt), retry_factor     2   860       -8.776251       -1.277140        0.500000
 grid1/grid1_000860.png/png
 burst_profile/burst_profile000860.png/png
 grid1/grid1_000865.png/png
 burst_profile/burst_profile000865.png/png
 grid1/grid1_000870.png/png
 burst_profile/burst_profile000870.png/png
 grid1/grid1_000875.png/png
 burst_profile/burst_profile000875.png/png
 grid1/grid1_000880.png/png
 burst_profile/burst_profile000880.png/png
 grid1/grid1_000885.png/png
 burst_profile/burst_profile000885.png/png
hydro_newton_step failed to accept
       retry log10(dt/yr), log10(dt), retry_factor     1   886       -7.879378       -0.380266        0.500000
 grid1/grid1_000890.png/png
 burst_profile/burst_profile000890.png/png
 grid1/grid1_000895.png/png
 burst_profile/burst_profile000895.png/png
       retry log10(dt/yr), log10(dt), retry_factor     1   897       -7.735259       -0.236148        0.500000
       retry log10(dt/yr), log10(dt), retry_factor     2   897       -8.036289       -0.537178        0.500000
 have reached retry limit so now backup
        900   8.828572  1.114E+07   2.021785   3.588927   1.400000   1.400000   0.000000   0.000000   0.275200   0.016688   4.956408    941    171
  -7.735259   6.667186  -4.792581   1.941476   2.783504  -8.522879   0.000000   0.000000   0.000000   0.020000   0.018639  33.877597      6     28
 8.6309E-04  23.323493   3.555948   3.566828  14.476142  -0.759348   0.000000   0.000000   0.000000   0.000687  9.647E-01 -0.144E-08          hold

 grid1/grid1_000900.png/png
 burst_profile/burst_profile000900.png/png
       retry log10(dt/yr), log10(dt), retry_factor     1   902       -7.735259       -0.236148        0.500000
       retry log10(dt/yr), log10(dt), retry_factor     2   902       -8.036289       -0.537178        0.500000
 grid1/grid1_000905.png/png
 burst_profile/burst_profile000905.png/png
       retry log10(dt/yr), log10(dt), retry_factor     1   908       -7.441276        0.057835        0.500000
 grid1/grid1_000910.png/png
 burst_profile/burst_profile000910.png/png
 grid1/grid1_000915.png/png
 burst_profile/burst_profile000915.png/png
 grid1/grid1_000920.png/png
 burst_profile/burst_profile000920.png/png
 grid1/grid1_000925.png/png
 burst_profile/burst_profile000925.png/png

stop because model_number >= max_model_number
      928      928

        928   8.620963  5.940E+06   1.213569   2.063688   1.400000   1.400000   0.000000   0.000000   0.275200   0.016498   8.586894    937    174
  -6.576627   6.693212  -4.792830   0.477913   1.655095  -8.522879   0.000000   0.000000   0.000000   0.020000   0.018081  55.743722      6     28
 8.6674E-04  23.324060   2.463084   1.984244  14.106404  -0.805978   0.000000   0.000000   0.000000   0.000687  9.654E-01  0.925E-11      lgT_cntr

save LOGS/profile5.data for model 928
save photos/x928 for model 928
save abund_profile_r_ge66_ng_ge67_01.data for model 928
 saved to final.mod
termination code: max_model_number
        928   8.620963  5.940E+06   1.213569   2.063688   1.400000   1.400000   0.000000   0.000000   0.275200   0.016498   8.586894    937    174
  -6.576627   6.693212  -4.792830   0.477913   1.655095  -8.522879   0.000000   0.000000   0.000000   0.020000   0.018081  55.743722      6     28
 8.6674E-04  23.324060   2.463084   1.984244  14.106404  -0.805978   0.000000   0.000000   0.000000   0.000687  9.654E-01  0.925E-11    varcontrol

DATE: 2020-08-07
TIME: 13:35:21
