starting from 0
DATE: 2020-09-03
TIME: 16:32:47
                                         version_number       10108
 read /hpc/group/physics/al363/sens/base/inlist_base
 read inlist_cluster
load saved model /hpc/group/physics/al363/sens/base/ns_relax.mod

 change to /hpc/group/physics/al363/sens/base/rp_305.net
             set special rate factor for r_zr80_ng_zr81         489    1.0000000000000000D-02
             set special rate factor for r_zr81_gn_zr80         490    1.0000000000000000D-02
             set special rate factor for r_zr80_ng_zr81         489    1.0000000000000000D-02
             set special rate factor for r_zr81_gn_zr80         490    1.0000000000000000D-02
 number of species         305
 read /hpc/group/physics/al363/sens/base/history_customACL.list_tau
 read /hpc/group/physics/al363/sens/base/profile_customACL.list_tau
 net name /hpc/group/physics/al363/sens/base/rp_305.net
 v_flag T
                         which_atm_option: grey_and_kap
                                           xmstar/mstar    4.5461189430843640D-12
                                             xmstar (g)    1.2660395722219186D+22
                                           M_center (g)    2.7848799999878681D+33
                                            xmstar/Msun    6.3645665203193175D-12
                                          M_center/Msun    1.3999999999939012D+00
                                          R_center (cm)    1.1200000000000000D+06
                                          R_center/Rsun    1.6092416448748527D-05
                                           core density    4.7322078204273819D+14
                                          L_center/Lsun    4.1647144567650578D+00
 kappa_file_prefix gs98
 kappa_lowT_prefix lowT_fa05_gs98

   eos_file_prefix mesa
                                        OMP_NUM_THREADS           8


__________________________________________________________________________________________________________________________________________________

       step    lg_Tcntr    Teff       lg_LH     lg_Lnuc     Mass       H_rich     H_cntr     N_cntr     Y_surf     X_avg     eta_cntr  zones retry
   lg_dt_yr    lg_Dcntr    lg_R       lg_L3a    lg_Lneu     lg_Mdot    He_core    He_cntr    O_cntr     Z_surf     Y_avg     gam_cntr  iters bckup
     age_yr    lg_Pcntr    lg_L       lg_LZ     lg_Psurf    lg_Dsurf   C_core     C_cntr     Ne_cntr    Si_cntr    Z_avg     v_div_cs     dt_limit
__________________________________________________________________________________________________________________________________________________

save LOGS/profile1.data for model 2
 grid1/grid1_000005.png/png
 burst_profile/burst_profile000005.png/png
          6   8.165156  1.497E+06   0.087590   0.087976   1.400000   1.400000   0.000000   0.000000   0.275200   0.030886  22.514775    791      0
  -5.817651   6.610341  -4.793035 -18.862378  -1.086578  -8.522879   0.000000   0.000000   0.000000   0.020000   0.011710 149.410225      6      0
 4.0040E-06  23.176196   0.068337  -2.962874  12.744977  -1.553972   0.000000   0.000000   0.000000   0.000687  9.574E-01  0.395E-11      lgT_cntr

save LOGS/profile2.data for model 6
 grid1/grid1_000010.png/png
 burst_profile/burst_profile000010.png/png
 grid1/grid1_000015.png/png
 burst_profile/burst_profile000015.png/png
 grid1/grid1_000020.png/png
 burst_profile/burst_profile000020.png/png
 grid1/grid1_000025.png/png
 burst_profile/burst_profile000025.png/png
       retry log10(dt/yr), log10(dt), retry_factor     1    30       -5.532111        1.967001        0.500000
 grid1/grid1_000030.png/png
 burst_profile/burst_profile000030.png/png
       retry log10(dt/yr), log10(dt), retry_factor     1    35       -5.231081        2.268031        0.500000
 grid1/grid1_000035.png/png
 burst_profile/burst_profile000035.png/png
       retry log10(dt/yr), log10(dt), retry_factor     1    36       -5.532111        1.967001        0.500000
       retry log10(dt/yr), log10(dt), retry_factor     1    40       -5.532111        1.967001        0.500000
 grid1/grid1_000040.png/png
 burst_profile/burst_profile000040.png/png
       retry log10(dt/yr), log10(dt), retry_factor     1    45       -5.231081        2.268031        0.500000
 grid1/grid1_000045.png/png
 burst_profile/burst_profile000045.png/png
       retry log10(dt/yr), log10(dt), retry_factor     1    49       -5.231081        2.268031        0.500000
 grid1/grid1_000050.png/png
 burst_profile/burst_profile000050.png/png
       retry log10(dt/yr), log10(dt), retry_factor     1    53       -5.231081        2.268031        0.500000
 grid1/grid1_000055.png/png
 burst_profile/burst_profile000055.png/png
       retry log10(dt/yr), log10(dt), retry_factor     1    56       -5.532111        1.967001        0.500000
       retry log10(dt/yr), log10(dt), retry_factor     2    56       -5.833141        1.665971        0.500000
 have reached retry limit so now backup
 grid1/grid1_000055.png/png
 burst_profile/burst_profile000055.png/png
       retry log10(dt/yr), log10(dt), retry_factor     1    58       -6.134171        1.364941        0.500000
       retry log10(dt/yr), log10(dt), retry_factor     2    58       -6.435201        1.063911        0.500000
 have reached retry limit so now backup
       retry log10(dt/yr), log10(dt), retry_factor     1    58       -6.736231        0.762881        0.500000
       retry log10(dt/yr), log10(dt), retry_factor     2    58       -7.037261        0.461851        0.500000
 have reached retry limit so now backup
       retry log10(dt/yr), log10(dt), retry_factor     1    60       -7.338291        0.160821        0.500000
       retry log10(dt/yr), log10(dt), retry_factor     2    60       -7.639321       -0.140209        0.500000
 have reached retry limit so now backup
 grid1/grid1_000060.png/png
 burst_profile/burst_profile000060.png/png
       retry log10(dt/yr), log10(dt), retry_factor     1    62       -7.940351       -0.441239        0.500000
       retry log10(dt/yr), log10(dt), retry_factor     2    62       -8.241381       -0.742269        0.500000
 grid1/grid1_000065.png/png
 burst_profile/burst_profile000065.png/png
 grid1/grid1_000070.png/png
 burst_profile/burst_profile000070.png/png
 grid1/grid1_000075.png/png
 burst_profile/burst_profile000075.png/png
       retry log10(dt/yr), log10(dt), retry_factor     1    76       -5.231081        2.268031        0.500000
       retry log10(dt/yr), log10(dt), retry_factor     2    76       -5.532111        1.967001        0.500000
       retry log10(dt/yr), log10(dt), retry_factor     1    77       -5.833141        1.665971        0.500000
       retry log10(dt/yr), log10(dt), retry_factor     2    77       -6.134171        1.364941        0.500000
 have reached retry limit so now backup
       retry log10(dt/yr), log10(dt), retry_factor     1    80       -6.435201        1.063911        0.500000
       retry log10(dt/yr), log10(dt), retry_factor     2    80       -6.736231        0.762881        0.500000
 have reached retry limit so now backup
 grid1/grid1_000080.png/png
 burst_profile/burst_profile000080.png/png
       retry log10(dt/yr), log10(dt), retry_factor     1    81       -7.037261        0.461851        0.500000
       retry log10(dt/yr), log10(dt), retry_factor     2    81       -7.338291        0.160821        0.500000
 have reached retry limit so now backup
 grid1/grid1_000080.png/png
 burst_profile/burst_profile000080.png/png
       retry log10(dt/yr), log10(dt), retry_factor     1    84       -7.639321       -0.140209        0.500000
       retry log10(dt/yr), log10(dt), retry_factor     2    84       -7.940351       -0.441239        0.500000
 have reached retry limit so now backup
       retry log10(dt/yr), log10(dt), retry_factor     1    84       -8.241381       -0.742269        0.500000
 grid1/grid1_000085.png/png
 burst_profile/burst_profile000085.png/png
 grid1/grid1_000090.png/png
 burst_profile/burst_profile000090.png/png
 grid1/grid1_000095.png/png
 burst_profile/burst_profile000095.png/png
       retry log10(dt/yr), log10(dt), retry_factor     1    97       -5.708197        1.790914        0.500000
       retry log10(dt/yr), log10(dt), retry_factor     1    98       -6.029742        1.469369        0.500000
       retry log10(dt/yr), log10(dt), retry_factor     1    99       -6.330772        1.168339        0.500000
        100   8.444841  4.670E+06   2.033172   2.166622   1.400000   1.400000   0.000000   0.000000   0.275200   0.100536  12.226478    752     31
  -6.029742   6.642744  -4.792800   1.206170   1.283423  -8.522879   0.000000   0.000000   0.000000   0.020000   0.058448  80.444496      6      8
 3.1300E-04  23.235090   2.045017   1.357015  13.860470  -0.943582   0.000000   0.000000   0.000000   0.000687  8.410E-01  0.987E-12          hold

 grid1/grid1_000100.png/png
 burst_profile/burst_profile000100.png/png
       retry log10(dt/yr), log10(dt), retry_factor     1   101       -6.631802        0.867309        0.500000
       retry log10(dt/yr), log10(dt), retry_factor     1   103       -6.932832        0.566279        0.500000
hydro_newton_step failed to accept
       retry log10(dt/yr), log10(dt), retry_factor     1   104       -7.233862        0.265249        0.500000
 grid1/grid1_000105.png/png
 burst_profile/burst_profile000105.png/png
       retry log10(dt/yr), log10(dt), retry_factor     1   106       -7.534892       -0.035780        0.500000
       retry log10(dt/yr), log10(dt), retry_factor     1   110       -7.649240       -0.150129        0.500000
       retry log10(dt/yr), log10(dt), retry_factor     2   110       -7.950270       -0.451159        0.500000
 grid1/grid1_000110.png/png
 burst_profile/burst_profile000110.png/png
       retry log10(dt/yr), log10(dt), retry_factor     1   112       -8.333830       -0.834718        0.500000
 grid1/grid1_000115.png/png
 burst_profile/burst_profile000115.png/png
 grid1/grid1_000120.png/png
 burst_profile/burst_profile000120.png/png
 grid1/grid1_000125.png/png
 burst_profile/burst_profile000125.png/png
 grid1/grid1_000130.png/png
 burst_profile/burst_profile000130.png/png
 grid1/grid1_000135.png/png
 burst_profile/burst_profile000135.png/png
 grid1/grid1_000140.png/png
 burst_profile/burst_profile000140.png/png
 grid1/grid1_000145.png/png
 burst_profile/burst_profile000145.png/png
 grid1/grid1_000150.png/png
 burst_profile/burst_profile000150.png/png
 grid1/grid1_000155.png/png
 burst_profile/burst_profile000155.png/png
 grid1/grid1_000160.png/png
 burst_profile/burst_profile000160.png/png
 grid1/grid1_000165.png/png
 burst_profile/burst_profile000165.png/png
                       super eddington wind: lg_Mdot, L/Ledd         166    -9.72892     1.00761
                       super eddington wind: lg_Mdot, L/Ledd         167    -9.00754     1.04002
                       super eddington wind: lg_Mdot, L/Ledd         168    -8.75669     1.07133
                       super eddington wind: lg_Mdot, L/Ledd         169    -8.63085     1.09511
                       super eddington wind: lg_Mdot, L/Ledd         170    -8.52088     1.12251
 grid1/grid1_000170.png/png
 burst_profile/burst_profile000170.png/png
                       super eddington wind: lg_Mdot, L/Ledd         171    -8.42365     1.15309
                       super eddington wind: lg_Mdot, L/Ledd         172    -8.60213     1.10133
                       super eddington wind: lg_Mdot, L/Ledd         173    -8.46070     1.14020
                       super eddington wind: lg_Mdot, L/Ledd         174    -8.38549     1.16680
                       super eddington wind: lg_Mdot, L/Ledd         175    -8.53076     1.11903
 grid1/grid1_000175.png/png
 burst_profile/burst_profile000175.png/png
                       super eddington wind: lg_Mdot, L/Ledd         176    -8.40199     1.16022
                       super eddington wind: lg_Mdot, L/Ledd         177    -8.32973     1.18912
                       super eddington wind: lg_Mdot, L/Ledd         178    -8.44674     1.14408
                       super eddington wind: lg_Mdot, L/Ledd         179    -8.33825     1.18480
                       super eddington wind: lg_Mdot, L/Ledd         180    -8.27488     1.21352
 grid1/grid1_000180.png/png
 burst_profile/burst_profile000180.png/png
                       super eddington wind: lg_Mdot, L/Ledd         181    -8.39466     1.16186
                       super eddington wind: lg_Mdot, L/Ledd         182    -8.30223     1.20008
                       super eddington wind: lg_Mdot, L/Ledd         183    -8.24698     1.22705
                       super eddington wind: lg_Mdot, L/Ledd         184    -8.36437     1.17293
                       super eddington wind: lg_Mdot, L/Ledd         185    -8.27763     1.21104
 grid1/grid1_000185.png/png
 burst_profile/burst_profile000185.png/png
                       super eddington wind: lg_Mdot, L/Ledd         186    -8.24159     1.22916
                       super eddington wind: lg_Mdot, L/Ledd         187    -8.35666     1.17540
                       super eddington wind: lg_Mdot, L/Ledd         188    -8.28385     1.20713
                       super eddington wind: lg_Mdot, L/Ledd         189    -8.25320     1.22209
                       super eddington wind: lg_Mdot, L/Ledd         190    -8.39368     1.16034
 grid1/grid1_000190.png/png
 burst_profile/burst_profile000190.png/png
                       super eddington wind: lg_Mdot, L/Ledd         191    -8.33616     1.18281
                       super eddington wind: lg_Mdot, L/Ledd         192    -8.32307     1.18820
                       super eddington wind: lg_Mdot, L/Ledd         193    -8.51522     1.12076
       retry log10(dt/yr), log10(dt), retry_factor     1   193       -9.065601       -1.566490        0.500000
                       super eddington wind: lg_Mdot, L/Ledd         193    -8.51522     1.12076
       retry log10(dt/yr), log10(dt), retry_factor     2   193       -9.366631       -1.867520        0.500000
                       super eddington wind: lg_Mdot, L/Ledd         193    -8.51522     1.12076
 have reached retry limit so now backup
                       super eddington wind: lg_Mdot, L/Ledd         192    -8.32307     1.18820
                       super eddington wind: lg_Mdot, L/Ledd         193    -8.69856     1.07920
                       super eddington wind: lg_Mdot, L/Ledd         194    -8.39811     1.15818
                       super eddington wind: lg_Mdot, L/Ledd         195    -8.58347     1.10320
 grid1/grid1_000195.png/png
 burst_profile/burst_profile000195.png/png
                       super eddington wind: lg_Mdot, L/Ledd         196    -8.47589     1.13222
                       super eddington wind: lg_Mdot, L/Ledd         197    -8.37726     1.16586
                       super eddington wind: lg_Mdot, L/Ledd         198    -8.56018     1.10882
                       super eddington wind: lg_Mdot, L/Ledd         199    -8.47508     1.13233
                       super eddington wind: lg_Mdot, L/Ledd         200    -8.63662     1.09114
        200   8.946270  2.395E+07   3.730366   6.697029   1.400000   1.400000   0.000000   0.000000   0.295710   0.075967   3.104289    660     40
  -8.841065   6.570790  -4.791531   3.024769   4.388871  -8.636622   0.000000   0.000000   0.000000   0.200030   0.044872  23.992893      6      9
 3.1497E-04  23.235203   4.887732   6.696467  15.067074  -0.897525   0.000000   0.000000   0.000000   0.000687  8.792E-01  0.662E-04    varcontrol

 grid1/grid1_000200.png/png
 burst_profile/burst_profile000200.png/png
                       super eddington wind: lg_Mdot, L/Ledd         201    -8.50265     1.12405
                       super eddington wind: lg_Mdot, L/Ledd         202    -8.46411     1.13540
                       super eddington wind: lg_Mdot, L/Ledd         203    -8.64504     1.08931
                       super eddington wind: lg_Mdot, L/Ledd         204    -8.50674     1.12263
                       super eddington wind: lg_Mdot, L/Ledd         205    -8.43644     1.14432
 grid1/grid1_000205.png/png
 burst_profile/burst_profile000205.png/png
                       super eddington wind: lg_Mdot, L/Ledd         206    -8.72177     1.07473
                       super eddington wind: lg_Mdot, L/Ledd         207    -8.90647     1.04875
       retry log10(dt/yr), log10(dt), retry_factor     1   207       -9.244528       -1.745416        0.500000
                       super eddington wind: lg_Mdot, L/Ledd         207    -8.90647     1.04875
       retry log10(dt/yr), log10(dt), retry_factor     2   207       -9.545558       -2.046446        0.500000
                       super eddington wind: lg_Mdot, L/Ledd         207    -8.90647     1.04875
 have reached retry limit so now backup
                       super eddington wind: lg_Mdot, L/Ledd         206    -8.72177     1.07473
                       super eddington wind: lg_Mdot, L/Ledd         207    -8.69365     1.07973
                       super eddington wind: lg_Mdot, L/Ledd         208    -8.70348     1.07789
                       super eddington wind: lg_Mdot, L/Ledd         209    -8.57171     1.10557
                       super eddington wind: lg_Mdot, L/Ledd         210    -8.79364     1.06326
 grid1/grid1_000210.png/png
 burst_profile/burst_profile000210.png/png
                       super eddington wind: lg_Mdot, L/Ledd         211    -8.67279     1.08356
                       super eddington wind: lg_Mdot, L/Ledd         212    -8.56174     1.10793
                       super eddington wind: lg_Mdot, L/Ledd         213    -8.86064     1.05420
                       super eddington wind: lg_Mdot, L/Ledd         214    -8.68718     1.08069
                       super eddington wind: lg_Mdot, L/Ledd         215    -8.97904     1.04123
 grid1/grid1_000215.png/png
 burst_profile/burst_profile000215.png/png
                       super eddington wind: lg_Mdot, L/Ledd         216    -8.85900     1.05433
                       super eddington wind: lg_Mdot, L/Ledd         217    -9.02798     1.03677
                       super eddington wind: lg_Mdot, L/Ledd         218    -9.13536     1.02870
                       super eddington wind: lg_Mdot, L/Ledd         220    -9.47260     1.01320
 grid1/grid1_000220.png/png
 burst_profile/burst_profile000220.png/png
hydro_newton_step failed to accept
       retry log10(dt/yr), log10(dt), retry_factor     1   224       -9.081145       -1.582034        0.500000
       retry log10(dt/yr), log10(dt), retry_factor     2   224       -9.382175       -1.883064        0.500000
 grid1/grid1_000225.png/png
 burst_profile/burst_profile000225.png/png
 grid1/grid1_000230.png/png
 burst_profile/burst_profile000230.png/png
 grid1/grid1_000235.png/png
 burst_profile/burst_profile000235.png/png
 grid1/grid1_000240.png/png
 burst_profile/burst_profile000240.png/png
 grid1/grid1_000245.png/png
 burst_profile/burst_profile000245.png/png
hydro_newton_step failed to accept
       retry log10(dt/yr), log10(dt), retry_factor     1   246       -7.854176       -0.355064        0.500000
       retry log10(dt/yr), log10(dt), retry_factor     2   246       -8.155205       -0.656094        0.500000
       retry log10(dt/yr), log10(dt), retry_factor     1   247       -8.485705       -0.986593        0.500000
       retry log10(dt/yr), log10(dt), retry_factor     1   248       -8.786735       -1.287623        0.500000
 grid1/grid1_000250.png/png
 burst_profile/burst_profile000250.png/png
 grid1/grid1_000255.png/png
 burst_profile/burst_profile000255.png/png
 grid1/grid1_000260.png/png
 burst_profile/burst_profile000260.png/png
 grid1/grid1_000265.png/png
 burst_profile/burst_profile000265.png/png
 grid1/grid1_000270.png/png
 burst_profile/burst_profile000270.png/png
 grid1/grid1_000275.png/png
 burst_profile/burst_profile000275.png/png
       retry log10(dt/yr), log10(dt), retry_factor     1   277       -7.924431       -0.425320        0.500000
       retry log10(dt/yr), log10(dt), retry_factor     2   277       -8.225461       -0.726350        0.500000
 grid1/grid1_000280.png/png
 burst_profile/burst_profile000280.png/png
 grid1/grid1_000285.png/png
 burst_profile/burst_profile000285.png/png
hydro_newton_step failed to accept
       retry log10(dt/yr), log10(dt), retry_factor     1   287       -7.690031       -0.190919        0.500000
       retry log10(dt/yr), log10(dt), retry_factor     2   287       -7.991061       -0.491949        0.500000
 grid1/grid1_000290.png/png
 burst_profile/burst_profile000290.png/png
       retry log10(dt/yr), log10(dt), retry_factor     1   292       -7.690031       -0.190919        0.500000
       retry log10(dt/yr), log10(dt), retry_factor     2   292       -7.991061       -0.491949        0.500000
 grid1/grid1_000295.png/png
 burst_profile/burst_profile000295.png/png
       retry log10(dt/yr), log10(dt), retry_factor     1   298       -7.589367       -0.090256        0.500000
       retry log10(dt/yr), log10(dt), retry_factor     2   298       -7.890397       -0.391286        0.500000
 have reached retry limit so now backup
        300   8.758334  9.420E+06   1.648170   3.029899   1.400000   1.400000   0.000000   0.000000   0.275200   0.019864   5.533909    709     56
  -7.589367   6.616349  -4.792699   1.621425   2.467620  -8.522879   0.000000   0.000000   0.000000   0.020000   0.020225  38.300512      6     11
 3.1838E-04  23.236002   3.264281   2.993421  14.414557  -0.722177   0.000000   0.000000   0.000000   0.000687  9.599E-01 -0.607E-10          hold

 grid1/grid1_000300.png/png
 burst_profile/burst_profile000300.png/png
       retry log10(dt/yr), log10(dt), retry_factor     1   305       -7.629320       -0.130208        0.500000
hydro_newton_step failed to accept
       retry log10(dt/yr), log10(dt), retry_factor     2   305       -7.930350       -0.431238        0.500000
 grid1/grid1_000305.png/png
 burst_profile/burst_profile000305.png/png
 grid1/grid1_000310.png/png
 burst_profile/burst_profile000310.png/png
 grid1/grid1_000315.png/png
 burst_profile/burst_profile000315.png/png
 grid1/grid1_000320.png/png
 burst_profile/burst_profile000320.png/png
 grid1/grid1_000325.png/png
 burst_profile/burst_profile000325.png/png
 grid1/grid1_000330.png/png
 burst_profile/burst_profile000330.png/png
 grid1/grid1_000335.png/png
 burst_profile/burst_profile000335.png/png
 grid1/grid1_000340.png/png
 burst_profile/burst_profile000340.png/png
 grid1/grid1_000345.png/png
 burst_profile/burst_profile000345.png/png
       retry log10(dt/yr), log10(dt), retry_factor     1   350       -5.461960        2.037151        0.500000
 grid1/grid1_000350.png/png
 burst_profile/burst_profile000350.png/png
hydro_newton_step failed to accept
       retry log10(dt/yr), log10(dt), retry_factor     1   352       -5.844927        1.654185        0.500000
       retry log10(dt/yr), log10(dt), retry_factor     2   352       -6.145957        1.353155        0.500000
 have reached retry limit so now backup
 grid1/grid1_000355.png/png
 burst_profile/burst_profile000355.png/png
       retry log10(dt/yr), log10(dt), retry_factor     1   358       -5.543897        1.955215        0.500000
 grid1/grid1_000360.png/png
 burst_profile/burst_profile000360.png/png
       retry log10(dt/yr), log10(dt), retry_factor     1   363       -5.410278        2.088833        0.500000
       retry log10(dt/yr), log10(dt), retry_factor     1   364       -5.808218        1.690893        0.500000
 grid1/grid1_000365.png/png
 burst_profile/burst_profile000365.png/png
       retry log10(dt/yr), log10(dt), retry_factor     1   370       -5.484037        2.015075        0.500000
       retry log10(dt/yr), log10(dt), retry_factor     2   370       -5.785067        1.714045        0.500000
 grid1/grid1_000370.png/png
 burst_profile/burst_profile000370.png/png
       retry log10(dt/yr), log10(dt), retry_factor     1   371       -6.086097        1.413015        0.500000
 grid1/grid1_000375.png/png
 burst_profile/burst_profile000375.png/png
       retry log10(dt/yr), log10(dt), retry_factor     1   378       -5.183007        2.316105        0.500000
       retry log10(dt/yr), log10(dt), retry_factor     2   378       -5.484037        2.015075        0.500000
 have reached retry limit so now backup
       retry log10(dt/yr), log10(dt), retry_factor     1   380       -5.881977        1.617135        0.500000
       retry log10(dt/yr), log10(dt), retry_factor     2   380       -6.183007        1.316105        0.500000
 have reached retry limit so now backup
 grid1/grid1_000380.png/png
 burst_profile/burst_profile000380.png/png
       retry log10(dt/yr), log10(dt), retry_factor     1   382       -6.484037        1.015075        0.500000
       retry log10(dt/yr), log10(dt), retry_factor     2   382       -6.785067        0.714045        0.500000
 have reached retry limit so now backup
       retry log10(dt/yr), log10(dt), retry_factor     1   383       -7.086097        0.413015        0.500000
       retry log10(dt/yr), log10(dt), retry_factor     2   383       -7.387127        0.111985        0.500000
 have reached retry limit so now backup
       retry log10(dt/yr), log10(dt), retry_factor     1   385       -7.688157       -0.189045        0.500000
 grid1/grid1_000385.png/png
 burst_profile/burst_profile000385.png/png
 grid1/grid1_000390.png/png
 burst_profile/burst_profile000390.png/png
 grid1/grid1_000395.png/png
 burst_profile/burst_profile000395.png/png
       retry log10(dt/yr), log10(dt), retry_factor     1   397       -5.279917        2.219195        0.500000
       retry log10(dt/yr), log10(dt), retry_factor     2   397       -5.580947        1.918165        0.500000
 have reached retry limit so now backup
hydro_newton_step failed to accept
       retry log10(dt/yr), log10(dt), retry_factor     1   398       -6.075797        1.423315        0.500000
       retry log10(dt/yr), log10(dt), retry_factor     1   399       -6.376827        1.122285        0.500000
       retry log10(dt/yr), log10(dt), retry_factor     1   400       -6.677857        0.821255        0.500000
        400   8.354146  3.713E+06   1.563042   1.592504   1.400000   1.400000   0.000000   0.000000   0.275200   0.066072  15.651108    752     81
  -6.376827   6.670078  -4.792863  -0.601957   0.735416  -8.522879   0.000000   0.000000   0.000000   0.020000   0.046777 101.228350      6     17
 5.2612E-04  23.271508   1.646884   0.364814  13.600961  -1.101150   0.000000   0.000000   0.000000   0.000687  8.872E-01  0.120E-10         retry

 grid1/grid1_000400.png/png
 burst_profile/burst_profile000400.png/png
 grid1/grid1_000405.png/png
 burst_profile/burst_profile000405.png/png
       retry log10(dt/yr), log10(dt), retry_factor     1   408       -5.643299        1.855813        0.500000
hydro_newton_step failed to accept
       retry log10(dt/yr), log10(dt), retry_factor     1   409       -6.041239        1.457873        0.500000
 grid1/grid1_000410.png/png
 burst_profile/burst_profile000410.png/png
       retry log10(dt/yr), log10(dt), retry_factor     1   414       -5.628121        1.870991        0.500000
hydro_newton_step failed to accept
       retry log10(dt/yr), log10(dt), retry_factor     1   415       -5.968792        1.530320        0.500000
 grid1/grid1_000415.png/png
 burst_profile/burst_profile000415.png/png
hydro_newton_step failed to accept
       retry log10(dt/yr), log10(dt), retry_factor     1   416       -6.366732        1.132380        0.500000
       retry log10(dt/yr), log10(dt), retry_factor     1   419       -6.065702        1.433410        0.500000
hydro_newton_step failed to accept
       retry log10(dt/yr), log10(dt), retry_factor     2   419       -6.366732        1.132380        0.500000
 have reached retry limit so now backup
       retry log10(dt/yr), log10(dt), retry_factor     1   420       -6.705212        0.793900        0.500000
 grid1/grid1_000420.png/png
 burst_profile/burst_profile000420.png/png
       retry log10(dt/yr), log10(dt), retry_factor     1   421       -7.006242        0.492870        0.500000
 grid1/grid1_000425.png/png
 burst_profile/burst_profile000425.png/png
       retry log10(dt/yr), log10(dt), retry_factor     1   429       -5.802122        1.696990        0.500000
 grid1/grid1_000430.png/png
 burst_profile/burst_profile000430.png/png
       retry log10(dt/yr), log10(dt), retry_factor     1   431       -6.200062        1.299050        0.500000
       retry log10(dt/yr), log10(dt), retry_factor     2   431       -6.501092        0.998020        0.500000
        435   8.420080  4.393E+06   1.898205   1.997611   1.400000   1.400000   0.000000   0.000000   0.275200   0.076160  13.494381    744     93
  -5.899032   6.674695  -4.792812   1.095378   1.077327  -8.522879   0.000000   0.000000   0.000000   0.020000   0.053945  87.278407      6     18
 5.8628E-04  23.281255   1.938941   0.897089  13.792145  -0.984652   0.000000   0.000000   0.000000   0.000687  8.699E-01  0.111E-11  max increase

save LOGS/profile3.data for model 435
 grid1/grid1_000435.png/png
 burst_profile/burst_profile000435.png/png
       retry log10(dt/yr), log10(dt), retry_factor     1   436       -6.200062        1.299050        0.500000
       retry log10(dt/yr), log10(dt), retry_factor     1   437       -6.501092        0.998020        0.500000
       retry log10(dt/yr), log10(dt), retry_factor     1   439       -6.802122        0.696990        0.500000
       retry log10(dt/yr), log10(dt), retry_factor     1   440       -7.200062        0.299050        0.500000
 grid1/grid1_000440.png/png
 burst_profile/burst_profile000440.png/png
       retry log10(dt/yr), log10(dt), retry_factor     1   441       -7.501092       -0.001980        0.500000
 grid1/grid1_000445.png/png
 burst_profile/burst_profile000445.png/png
       retry log10(dt/yr), log10(dt), retry_factor     1   446       -7.200062        0.299050        0.500000
hydro_newton_step failed to accept
       retry log10(dt/yr), log10(dt), retry_factor     2   446       -7.501092       -0.001980        0.500000
       retry log10(dt/yr), log10(dt), retry_factor     1   450       -7.837159       -0.338047        0.500000
       retry log10(dt/yr), log10(dt), retry_factor     2   450       -8.138189       -0.639077        0.500000
 have reached retry limit so now backup
 grid1/grid1_000450.png/png
 burst_profile/burst_profile000450.png/png
       retry log10(dt/yr), log10(dt), retry_factor     1   455       -7.837159       -0.338047        0.500000
 grid1/grid1_000455.png/png
 burst_profile/burst_profile000455.png/png
       retry log10(dt/yr), log10(dt), retry_factor     1   457       -8.235099       -0.735987        0.500000
 grid1/grid1_000460.png/png
 burst_profile/burst_profile000460.png/png
 grid1/grid1_000465.png/png
 burst_profile/burst_profile000465.png/png
 grid1/grid1_000470.png/png
 burst_profile/burst_profile000470.png/png
 grid1/grid1_000475.png/png
 burst_profile/burst_profile000475.png/png
 grid1/grid1_000480.png/png
 burst_profile/burst_profile000480.png/png
 grid1/grid1_000485.png/png
 burst_profile/burst_profile000485.png/png
 grid1/grid1_000490.png/png
 burst_profile/burst_profile000490.png/png
 grid1/grid1_000495.png/png
 burst_profile/burst_profile000495.png/png
        500   8.535235  2.148E+07   3.618541   6.795379   1.400000   1.400000   0.000000   0.000000   0.290561   0.064941  10.225599    781    104
  -8.111769   6.669906  -4.791664   3.001054   4.270130  -8.522879   0.000000   0.000000   0.000000   0.213788   0.041109  66.704627      7     19
 5.9018E-04  23.281726   4.698455   6.795020  14.938205  -0.854473   0.000000   0.000000   0.000000   0.000687  8.939E-01  0.472E-08      lgT_cntr

save LOGS/profile4.data for model 500
save photos/x500 for model 500
 grid1/grid1_000500.png/png
 burst_profile/burst_profile000500.png/png
 grid1/grid1_000505.png/png
 burst_profile/burst_profile000505.png/png
 grid1/grid1_000510.png/png
 burst_profile/burst_profile000510.png/png
 grid1/grid1_000515.png/png
 burst_profile/burst_profile000515.png/png
 grid1/grid1_000520.png/png
 burst_profile/burst_profile000520.png/png
 grid1/grid1_000525.png/png
 burst_profile/burst_profile000525.png/png
 grid1/grid1_000530.png/png
 burst_profile/burst_profile000530.png/png
 grid1/grid1_000535.png/png
 burst_profile/burst_profile000535.png/png
 grid1/grid1_000540.png/png
 burst_profile/burst_profile000540.png/png
       retry log10(dt/yr), log10(dt), retry_factor     1   541       -7.502570       -0.003458        0.500000
hydro_newton_step failed to accept
       retry log10(dt/yr), log10(dt), retry_factor     1   543       -7.997420       -0.498308        0.500000
 grid1/grid1_000545.png/png
 burst_profile/burst_profile000545.png/png
hydro_newton_step failed to accept
       retry log10(dt/yr), log10(dt), retry_factor     1   547       -8.245473       -0.746362        0.500000
       retry log10(dt/yr), log10(dt), retry_factor     2   547       -8.546503       -1.047392        0.500000
 have reached retry limit so now backup
       retry log10(dt/yr), log10(dt), retry_factor     1   550       -8.847533       -1.348422        0.500000
       retry log10(dt/yr), log10(dt), retry_factor     2   550       -9.148563       -1.649452        0.500000
 grid1/grid1_000550.png/png
 burst_profile/burst_profile000550.png/png
 grid1/grid1_000555.png/png
 burst_profile/burst_profile000555.png/png
hydro_newton_step failed to accept
       retry log10(dt/yr), log10(dt), retry_factor     1   558       -8.432733       -0.933621        0.500000
hydro_newton_step failed to accept
       retry log10(dt/yr), log10(dt), retry_factor     2   558       -8.733763       -1.234651        0.500000
 have reached retry limit so now backup
 grid1/grid1_000560.png/png
 burst_profile/burst_profile000560.png/png
       retry log10(dt/yr), log10(dt), retry_factor     1   565       -8.051764       -0.552653        0.500000
hydro_newton_step failed to accept
       retry log10(dt/yr), log10(dt), retry_factor     2   565       -8.352794       -0.853683        0.500000
 have reached retry limit so now backup
 grid1/grid1_000565.png/png
 burst_profile/burst_profile000565.png/png
       retry log10(dt/yr), log10(dt), retry_factor     1   566       -8.653824       -1.154713        0.500000
       retry log10(dt/yr), log10(dt), retry_factor     2   566       -8.954854       -1.455743        0.500000
 have reached retry limit so now backup
 grid1/grid1_000565.png/png
 burst_profile/burst_profile000565.png/png
       retry log10(dt/yr), log10(dt), retry_factor     1   568       -9.255884       -1.756773        0.500000
 grid1/grid1_000570.png/png
 burst_profile/burst_profile000570.png/png
       retry log10(dt/yr), log10(dt), retry_factor     1   575       -8.352794       -0.853683        0.500000
       retry log10(dt/yr), log10(dt), retry_factor     2   575       -8.653824       -1.154713        0.500000
 grid1/grid1_000575.png/png
 burst_profile/burst_profile000575.png/png
 grid1/grid1_000580.png/png
 burst_profile/burst_profile000580.png/png
 grid1/grid1_000585.png/png
 burst_profile/burst_profile000585.png/png
 grid1/grid1_000590.png/png
 burst_profile/burst_profile000590.png/png
       retry log10(dt/yr), log10(dt), retry_factor     1   593       -7.996744       -0.497633        0.500000
       retry log10(dt/yr), log10(dt), retry_factor     2   593       -8.297774       -0.798663        0.500000
 grid1/grid1_000595.png/png
 burst_profile/burst_profile000595.png/png
        600   8.881032  1.359E+07   2.462951   4.452430   1.400000   1.400000   0.000000   0.000000   0.275200   0.020538   4.063988    770    121
  -7.395076   6.625525  -4.792449   2.224199   3.182608  -8.522879   0.000000   0.000000   0.000000   0.020000   0.021299  29.078028      6     23
 5.9208E-04  23.282135   3.901636   4.445356  14.557538  -0.822283   0.000000   0.000000   0.000000   0.000687  9.582E-01 -0.285E-10          dH/H

 grid1/grid1_000600.png/png
 burst_profile/burst_profile000600.png/png
 grid1/grid1_000605.png/png
 burst_profile/burst_profile000605.png/png
 grid1/grid1_000610.png/png
 burst_profile/burst_profile000610.png/png
       retry log10(dt/yr), log10(dt), retry_factor     1   611       -7.743281       -0.244170        0.500000
       retry log10(dt/yr), log10(dt), retry_factor     2   611       -8.044311       -0.545200        0.500000
 grid1/grid1_000615.png/png
 burst_profile/burst_profile000615.png/png
       retry log10(dt/yr), log10(dt), retry_factor     1   620       -7.631825       -0.132714        0.500000
 grid1/grid1_000620.png/png
 burst_profile/burst_profile000620.png/png
 grid1/grid1_000625.png/png
 burst_profile/burst_profile000625.png/png
 grid1/grid1_000630.png/png
 burst_profile/burst_profile000630.png/png
 grid1/grid1_000635.png/png
 burst_profile/burst_profile000635.png/png
 grid1/grid1_000640.png/png
 burst_profile/burst_profile000640.png/png
 grid1/grid1_000645.png/png
 burst_profile/burst_profile000645.png/png
 grid1/grid1_000650.png/png
 burst_profile/burst_profile000650.png/png
       retry log10(dt/yr), log10(dt), retry_factor     1   655       -6.671566        0.827545        0.500000
 grid1/grid1_000655.png/png
 burst_profile/burst_profile000655.png/png
 grid1/grid1_000660.png/png
 burst_profile/burst_profile000660.png/png
 grid1/grid1_000665.png/png
 burst_profile/burst_profile000665.png/png
       retry log10(dt/yr), log10(dt), retry_factor     1   670       -5.804251        1.694861        0.500000
 grid1/grid1_000670.png/png
 burst_profile/burst_profile000670.png/png
 grid1/grid1_000675.png/png
 burst_profile/burst_profile000675.png/png
       retry log10(dt/yr), log10(dt), retry_factor     1   676       -5.472936        2.026175        0.500000
 grid1/grid1_000680.png/png
 burst_profile/burst_profile000680.png/png
       retry log10(dt/yr), log10(dt), retry_factor     1   682       -5.491770        2.007341        0.500000
 grid1/grid1_000685.png/png
 burst_profile/burst_profile000685.png/png
       retry log10(dt/yr), log10(dt), retry_factor     1   689       -5.361399        2.137712        0.500000
 grid1/grid1_000690.png/png
 burst_profile/burst_profile000690.png/png
       retry log10(dt/yr), log10(dt), retry_factor     1   694       -5.535975        1.963137        0.500000
       retry log10(dt/yr), log10(dt), retry_factor     2   694       -5.837005        1.662107        0.500000
 have reached retry limit so now backup
 grid1/grid1_000695.png/png
 burst_profile/burst_profile000695.png/png
hydro_newton_step failed to accept
       retry log10(dt/yr), log10(dt), retry_factor     1   698       -5.921854        1.577257        0.500000
        700   8.366189  3.810E+06   1.614257   1.648435   1.400000   1.400000   0.000000   0.000000   0.275200   0.062715  15.810441    812    132
  -5.082542   6.700475  -4.792841  -0.197939   0.788784  -8.522879   0.000000   0.000000   0.000000   0.020000   0.046170 100.783961      6     24
 8.2113E-04  23.317381   1.691401   0.436857  13.630206  -1.083202   0.000000   0.000000   0.000000   0.000687  8.911E-01  0.659E-13  max increase

 grid1/grid1_000700.png/png
 burst_profile/burst_profile000700.png/png
       retry log10(dt/yr), log10(dt), retry_factor     1   701       -5.512051        1.987060        0.500000
       retry log10(dt/yr), log10(dt), retry_factor     1   702       -5.878961        1.620150        0.500000
 grid1/grid1_000705.png/png
 burst_profile/burst_profile000705.png/png
       retry log10(dt/yr), log10(dt), retry_factor     1   707       -5.810600        1.688511        0.500000
hydro_newton_step failed to accept
       retry log10(dt/yr), log10(dt), retry_factor     1   708       -6.208540        1.290571        0.500000
       retry log10(dt/yr), log10(dt), retry_factor     2   708       -6.509570        0.989541        0.500000
       retry log10(dt/yr), log10(dt), retry_factor     1   709       -6.810600        0.688511        0.500000
 grid1/grid1_000710.png/png
 burst_profile/burst_profile000710.png/png
 grid1/grid1_000715.png/png
 burst_profile/burst_profile000715.png/png
       retry log10(dt/yr), log10(dt), retry_factor     1   716       -5.907510        1.591601        0.500000
       retry log10(dt/yr), log10(dt), retry_factor     1   717       -6.208540        1.290571        0.500000
 grid1/grid1_000720.png/png
 burst_profile/burst_profile000720.png/png
       retry log10(dt/yr), log10(dt), retry_factor     1   722       -6.256457        1.242654        0.500000
hydro_newton_step failed to accept
       retry log10(dt/yr), log10(dt), retry_factor     2   722       -6.557487        0.941624        0.500000
       retry log10(dt/yr), log10(dt), retry_factor     1   723       -6.955427        0.543684        0.500000
       retry log10(dt/yr), log10(dt), retry_factor     1   724       -7.256457        0.242654        0.500000
 grid1/grid1_000725.png/png
 burst_profile/burst_profile000725.png/png
       retry log10(dt/yr), log10(dt), retry_factor     1   729       -6.955427        0.543684        0.500000
       retry log10(dt/yr), log10(dt), retry_factor     2   729       -7.256457        0.242654        0.500000
 grid1/grid1_000730.png/png
 burst_profile/burst_profile000730.png/png
       retry log10(dt/yr), log10(dt), retry_factor     1   731       -7.557487       -0.058376        0.500000
       retry log10(dt/yr), log10(dt), retry_factor     1   734       -7.858517       -0.359406        0.500000
       retry log10(dt/yr), log10(dt), retry_factor     1   735       -8.256457       -0.757346        0.500000
 grid1/grid1_000735.png/png
 burst_profile/burst_profile000735.png/png
 grid1/grid1_000740.png/png
 burst_profile/burst_profile000740.png/png
 grid1/grid1_000745.png/png
 burst_profile/burst_profile000745.png/png
 grid1/grid1_000750.png/png
 burst_profile/burst_profile000750.png/png
 grid1/grid1_000755.png/png
 burst_profile/burst_profile000755.png/png
 grid1/grid1_000760.png/png
 burst_profile/burst_profile000760.png/png
 grid1/grid1_000765.png/png
 burst_profile/burst_profile000765.png/png
 grid1/grid1_000770.png/png
 burst_profile/burst_profile000770.png/png
 grid1/grid1_000775.png/png
 burst_profile/burst_profile000775.png/png
 grid1/grid1_000780.png/png
 burst_profile/burst_profile000780.png/png
 grid1/grid1_000785.png/png
 burst_profile/burst_profile000785.png/png
 grid1/grid1_000790.png/png
 burst_profile/burst_profile000790.png/png
 grid1/grid1_000795.png/png
 burst_profile/burst_profile000795.png/png
        800   8.882765  2.116E+07   3.481649   6.450274   1.400000   1.400000   0.000000   0.000000   0.277966   0.048382   4.225208    901    149
  -8.142696   6.655679  -4.791802   2.900107   4.135053  -8.522879   0.000000   0.000000   0.000000   0.280943   0.033684  29.640400      7     24
 8.6261E-04  23.323300   4.671794   6.449684  14.927084  -0.806174   0.000000   0.000000   0.000000   0.000687  9.179E-01  0.179E-07      lgT_cntr

 grid1/grid1_000800.png/png
 burst_profile/burst_profile000800.png/png
 grid1/grid1_000805.png/png
 burst_profile/burst_profile000805.png/png
 grid1/grid1_000810.png/png
 burst_profile/burst_profile000810.png/png
       retry log10(dt/yr), log10(dt), retry_factor     1   815       -7.731502       -0.232391        0.500000
       retry log10(dt/yr), log10(dt), retry_factor     2   815       -8.032532       -0.533421        0.500000
 have reached retry limit so now backup
 grid1/grid1_000815.png/png
 burst_profile/burst_profile000815.png/png
hydro_newton_step failed to accept
       retry log10(dt/yr), log10(dt), retry_factor     1   819       -8.542109       -1.042997        0.500000
       retry log10(dt/yr), log10(dt), retry_factor     2   819       -8.843139       -1.344027        0.500000
       retry log10(dt/yr), log10(dt), retry_factor     1   820       -9.144169       -1.645057        0.500000
 grid1/grid1_000820.png/png
 burst_profile/burst_profile000820.png/png
       retry log10(dt/yr), log10(dt), retry_factor     1   824       -9.144169       -1.645057        0.500000
 grid1/grid1_000825.png/png
 burst_profile/burst_profile000825.png/png
       retry log10(dt/yr), log10(dt), retry_factor     1   830       -8.542109       -1.042997        0.500000
 grid1/grid1_000830.png/png
 burst_profile/burst_profile000830.png/png
hydro_newton_step failed to accept
       retry log10(dt/yr), log10(dt), retry_factor     1   835       -8.358435       -0.859323        0.500000
 grid1/grid1_000835.png/png
 burst_profile/burst_profile000835.png/png
       retry log10(dt/yr), log10(dt), retry_factor     1   837       -8.078400       -0.579289        0.500000
       retry log10(dt/yr), log10(dt), retry_factor     2   837       -8.379430       -0.880319        0.500000
 grid1/grid1_000840.png/png
 burst_profile/burst_profile000840.png/png
 grid1/grid1_000845.png/png
 burst_profile/burst_profile000845.png/png
 grid1/grid1_000850.png/png
 burst_profile/burst_profile000850.png/png
 grid1/grid1_000855.png/png
 burst_profile/burst_profile000855.png/png
 grid1/grid1_000860.png/png
 burst_profile/burst_profile000860.png/png
 grid1/grid1_000865.png/png
 burst_profile/burst_profile000865.png/png
 grid1/grid1_000870.png/png
 burst_profile/burst_profile000870.png/png
 grid1/grid1_000875.png/png
 burst_profile/burst_profile000875.png/png
       retry log10(dt/yr), log10(dt), retry_factor     1   877       -7.605926       -0.106815        0.500000
       retry log10(dt/yr), log10(dt), retry_factor     2   877       -7.906956       -0.407845        0.500000
 have reached retry limit so now backup
 grid1/grid1_000880.png/png
 burst_profile/burst_profile000880.png/png
 grid1/grid1_000885.png/png
 burst_profile/burst_profile000885.png/png
 grid1/grid1_000890.png/png
 burst_profile/burst_profile000890.png/png
 grid1/grid1_000895.png/png
 burst_profile/burst_profile000895.png/png

stop because model_number >= max_model_number
      900      900

        900   8.633131  6.092E+06   1.212119   2.089126   1.400000   1.400000   0.000000   0.000000   0.275200   0.016466   8.330757    904    161
  -6.493860   6.692420  -4.792824   0.569388   1.676642  -8.522879   0.000000   0.000000   0.000000   0.020000   0.018096  54.170675      6     26
 8.6834E-04  23.324292   2.506796   2.011875  14.129176  -0.794695   0.000000   0.000000   0.000000   0.000687  9.654E-01  0.366E-11    varcontrol

save LOGS/profile5.data for model 900
save photos/x900 for model 900
save abund_profile_r_zr80_ng_zr81_01.data for model 900
 saved to final.mod
termination code: max_model_number
 grid1/grid1_000900.png/png
 burst_profile/burst_profile000900.png/png
        900   8.633131  6.092E+06   1.212119   2.089126   1.400000   1.400000   0.000000   0.000000   0.275200   0.016466   8.330757    904    161
  -6.493860   6.692420  -4.792824   0.569388   1.676642  -8.522879   0.000000   0.000000   0.000000   0.020000   0.018096  54.170675      6     26
 8.6834E-04  23.324292   2.506796   2.011875  14.129176  -0.794695   0.000000   0.000000   0.000000   0.000687  9.654E-01  0.366E-11      lgT_cntr

DATE: 2020-09-04
TIME: 06:25:03
