starting from 0
DATE: 2021-01-12
TIME: 07:12:12
                                         version_number       10108
 read /hpc/group/physics/al363/sens/base/inlist_base
 read inlist_cluster
load saved model /hpc/group/physics/al363/sens/base/ns_relax.mod

 change to /hpc/group/physics/al363/sens/base/rp_305.net
             set special rate factor for r_co53_ag_cu57        2579    1.0000000000000000D-02
             set special rate factor for r_cu57_ga_co53        2580    1.0000000000000000D-02
             set special rate factor for r_co53_ag_cu57        2579    1.0000000000000000D-02
             set special rate factor for r_cu57_ga_co53        2580    1.0000000000000000D-02
 number of species         305
 read /hpc/group/physics/al363/sens/base/history_customACL.list_tau
 read /hpc/group/physics/al363/sens/base/profile_customACL.list_tau
 net name /hpc/group/physics/al363/sens/base/rp_305.net
 v_flag T
                         which_atm_option: grey_and_kap
                                           xmstar/mstar    4.5461189430843640D-12
                                             xmstar (g)    1.2660395722219186D+22
                                           M_center (g)    2.7848799999878681D+33
                                            xmstar/Msun    6.3645665203193175D-12
                                          M_center/Msun    1.3999999999939012D+00
                                          R_center (cm)    1.1200000000000000D+06
                                          R_center/Rsun    1.6092416448748527D-05
                                           core density    4.7322078204273819D+14
                                          L_center/Lsun    4.1647144567650578D+00
 kappa_file_prefix gs98
 kappa_lowT_prefix lowT_fa05_gs98

   eos_file_prefix mesa
                                        OMP_NUM_THREADS           8


__________________________________________________________________________________________________________________________________________________

       step    lg_Tcntr    Teff       lg_LH     lg_Lnuc     Mass       H_rich     H_cntr     N_cntr     Y_surf     X_avg     eta_cntr  zones retry
   lg_dt_yr    lg_Dcntr    lg_R       lg_L3a    lg_Lneu     lg_Mdot    He_core    He_cntr    O_cntr     Z_surf     Y_avg     gam_cntr  iters bckup
     age_yr    lg_Pcntr    lg_L       lg_LZ     lg_Psurf    lg_Dsurf   C_core     C_cntr     Ne_cntr    Si_cntr    Z_avg     v_div_cs     dt_limit
__________________________________________________________________________________________________________________________________________________

save LOGS/profile1.data for model 2
 grid1/grid1_000005.png/png
 burst_profile/burst_profile000005.png/png
          6   8.165156  1.497E+06   0.087590   0.087976   1.400000   1.400000   0.000000   0.000000   0.275200   0.030886  22.514775    791      0
  -5.817651   6.610341  -4.793035 -18.862378  -1.086578  -8.522879   0.000000   0.000000   0.000000   0.020000   0.011710 149.410225      6      0
 4.0040E-06  23.176196   0.068337  -2.962874  12.744977  -1.553972   0.000000   0.000000   0.000000   0.000687  9.574E-01  0.395E-11      lgT_cntr

save LOGS/profile2.data for model 6
 grid1/grid1_000010.png/png
 burst_profile/burst_profile000010.png/png
 grid1/grid1_000015.png/png
 burst_profile/burst_profile000015.png/png
 grid1/grid1_000020.png/png
 burst_profile/burst_profile000020.png/png
 grid1/grid1_000025.png/png
 burst_profile/burst_profile000025.png/png
       retry log10(dt/yr), log10(dt), retry_factor     1    30       -5.532111        1.967001        0.500000
 grid1/grid1_000030.png/png
 burst_profile/burst_profile000030.png/png
       retry log10(dt/yr), log10(dt), retry_factor     1    35       -5.231081        2.268031        0.500000
 grid1/grid1_000035.png/png
 burst_profile/burst_profile000035.png/png
       retry log10(dt/yr), log10(dt), retry_factor     1    36       -5.532111        1.967001        0.500000
       retry log10(dt/yr), log10(dt), retry_factor     1    40       -5.532111        1.967001        0.500000
 grid1/grid1_000040.png/png
 burst_profile/burst_profile000040.png/png
       retry log10(dt/yr), log10(dt), retry_factor     1    45       -5.231081        2.268031        0.500000
 grid1/grid1_000045.png/png
 burst_profile/burst_profile000045.png/png
       retry log10(dt/yr), log10(dt), retry_factor     1    49       -5.231081        2.268031        0.500000
 grid1/grid1_000050.png/png
 burst_profile/burst_profile000050.png/png
       retry log10(dt/yr), log10(dt), retry_factor     1    53       -5.231081        2.268031        0.500000
 grid1/grid1_000055.png/png
 burst_profile/burst_profile000055.png/png
       retry log10(dt/yr), log10(dt), retry_factor     1    56       -5.532111        1.967001        0.500000
       retry log10(dt/yr), log10(dt), retry_factor     2    56       -5.833141        1.665971        0.500000
 have reached retry limit so now backup
 grid1/grid1_000055.png/png
 burst_profile/burst_profile000055.png/png
       retry log10(dt/yr), log10(dt), retry_factor     1    58       -6.134171        1.364941        0.500000
       retry log10(dt/yr), log10(dt), retry_factor     2    58       -6.435201        1.063911        0.500000
 have reached retry limit so now backup
       retry log10(dt/yr), log10(dt), retry_factor     1    58       -6.736231        0.762881        0.500000
       retry log10(dt/yr), log10(dt), retry_factor     2    58       -7.037261        0.461851        0.500000
 have reached retry limit so now backup
       retry log10(dt/yr), log10(dt), retry_factor     1    60       -7.338291        0.160821        0.500000
       retry log10(dt/yr), log10(dt), retry_factor     2    60       -7.639321       -0.140209        0.500000
 have reached retry limit so now backup
 grid1/grid1_000060.png/png
 burst_profile/burst_profile000060.png/png
       retry log10(dt/yr), log10(dt), retry_factor     1    62       -7.940351       -0.441239        0.500000
       retry log10(dt/yr), log10(dt), retry_factor     2    62       -8.241381       -0.742269        0.500000
 grid1/grid1_000065.png/png
 burst_profile/burst_profile000065.png/png
 grid1/grid1_000070.png/png
 burst_profile/burst_profile000070.png/png
 grid1/grid1_000075.png/png
 burst_profile/burst_profile000075.png/png
       retry log10(dt/yr), log10(dt), retry_factor     1    76       -5.231081        2.268031        0.500000
       retry log10(dt/yr), log10(dt), retry_factor     2    76       -5.532111        1.967001        0.500000
       retry log10(dt/yr), log10(dt), retry_factor     1    77       -5.833141        1.665971        0.500000
       retry log10(dt/yr), log10(dt), retry_factor     2    77       -6.134171        1.364941        0.500000
 have reached retry limit so now backup
       retry log10(dt/yr), log10(dt), retry_factor     1    80       -6.435201        1.063911        0.500000
       retry log10(dt/yr), log10(dt), retry_factor     2    80       -6.736231        0.762881        0.500000
 have reached retry limit so now backup
 grid1/grid1_000080.png/png
 burst_profile/burst_profile000080.png/png
       retry log10(dt/yr), log10(dt), retry_factor     1    81       -7.037261        0.461851        0.500000
       retry log10(dt/yr), log10(dt), retry_factor     2    81       -7.338291        0.160821        0.500000
 have reached retry limit so now backup
 grid1/grid1_000080.png/png
 burst_profile/burst_profile000080.png/png
       retry log10(dt/yr), log10(dt), retry_factor     1    84       -7.639321       -0.140209        0.500000
       retry log10(dt/yr), log10(dt), retry_factor     2    84       -7.940351       -0.441239        0.500000
 have reached retry limit so now backup
       retry log10(dt/yr), log10(dt), retry_factor     1    84       -8.241381       -0.742269        0.500000
 grid1/grid1_000085.png/png
 burst_profile/burst_profile000085.png/png
 grid1/grid1_000090.png/png
 burst_profile/burst_profile000090.png/png
 grid1/grid1_000095.png/png
 burst_profile/burst_profile000095.png/png
       retry log10(dt/yr), log10(dt), retry_factor     1    97       -5.708197        1.790914        0.500000
       retry log10(dt/yr), log10(dt), retry_factor     1    98       -6.029742        1.469369        0.500000
       retry log10(dt/yr), log10(dt), retry_factor     1    99       -6.330772        1.168339        0.500000
        100   8.444841  4.670E+06   2.033172   2.166622   1.400000   1.400000   0.000000   0.000000   0.275200   0.100536  12.226478    752     31
  -6.029742   6.642744  -4.792800   1.206170   1.283423  -8.522879   0.000000   0.000000   0.000000   0.020000   0.058448  80.444496      6      8
 3.1300E-04  23.235090   2.045017   1.357015  13.860470  -0.943582   0.000000   0.000000   0.000000   0.000687  8.410E-01  0.987E-12          hold

 grid1/grid1_000100.png/png
 burst_profile/burst_profile000100.png/png
       retry log10(dt/yr), log10(dt), retry_factor     1   101       -6.631802        0.867309        0.500000
       retry log10(dt/yr), log10(dt), retry_factor     1   103       -6.932832        0.566279        0.500000
hydro_newton_step failed to accept
       retry log10(dt/yr), log10(dt), retry_factor     1   104       -7.233862        0.265249        0.500000
 grid1/grid1_000105.png/png
 burst_profile/burst_profile000105.png/png
       retry log10(dt/yr), log10(dt), retry_factor     1   106       -7.534892       -0.035780        0.500000
       retry log10(dt/yr), log10(dt), retry_factor     1   110       -7.649240       -0.150129        0.500000
       retry log10(dt/yr), log10(dt), retry_factor     2   110       -7.950270       -0.451159        0.500000
 grid1/grid1_000110.png/png
 burst_profile/burst_profile000110.png/png
       retry log10(dt/yr), log10(dt), retry_factor     1   112       -8.333830       -0.834718        0.500000
 grid1/grid1_000115.png/png
 burst_profile/burst_profile000115.png/png
 grid1/grid1_000120.png/png
 burst_profile/burst_profile000120.png/png
 grid1/grid1_000125.png/png
 burst_profile/burst_profile000125.png/png
 grid1/grid1_000130.png/png
 burst_profile/burst_profile000130.png/png
 grid1/grid1_000135.png/png
 burst_profile/burst_profile000135.png/png
 grid1/grid1_000140.png/png
 burst_profile/burst_profile000140.png/png
 grid1/grid1_000145.png/png
 burst_profile/burst_profile000145.png/png
 grid1/grid1_000150.png/png
 burst_profile/burst_profile000150.png/png
 grid1/grid1_000155.png/png
 burst_profile/burst_profile000155.png/png
 grid1/grid1_000160.png/png
 burst_profile/burst_profile000160.png/png
 grid1/grid1_000165.png/png
 burst_profile/burst_profile000165.png/png
                       super eddington wind: lg_Mdot, L/Ledd         166    -9.76087     1.00707
                       super eddington wind: lg_Mdot, L/Ledd         167    -9.00486     1.04030
                       super eddington wind: lg_Mdot, L/Ledd         168    -8.75957     1.07085
                       super eddington wind: lg_Mdot, L/Ledd         169    -8.62669     1.09613
                       super eddington wind: lg_Mdot, L/Ledd         170    -8.52210     1.12215
 grid1/grid1_000170.png/png
 burst_profile/burst_profile000170.png/png
                       super eddington wind: lg_Mdot, L/Ledd         171    -8.42431     1.15285
                       super eddington wind: lg_Mdot, L/Ledd         172    -8.60269     1.10119
                       super eddington wind: lg_Mdot, L/Ledd         173    -8.46078     1.14018
                       super eddington wind: lg_Mdot, L/Ledd         174    -8.38554     1.16679
                       super eddington wind: lg_Mdot, L/Ledd         175    -8.53034     1.11916
 grid1/grid1_000175.png/png
 burst_profile/burst_profile000175.png/png
                       super eddington wind: lg_Mdot, L/Ledd         176    -8.40167     1.16036
                       super eddington wind: lg_Mdot, L/Ledd         177    -8.32961     1.18920
                       super eddington wind: lg_Mdot, L/Ledd         178    -8.44957     1.14299
                       super eddington wind: lg_Mdot, L/Ledd         179    -8.33766     1.18510
                       super eddington wind: lg_Mdot, L/Ledd         180    -8.27455     1.21374
 grid1/grid1_000180.png/png
 burst_profile/burst_profile000180.png/png
                       super eddington wind: lg_Mdot, L/Ledd         181    -8.39339     1.16238
                       super eddington wind: lg_Mdot, L/Ledd         182    -8.29644     1.20281
                       super eddington wind: lg_Mdot, L/Ledd         183    -8.24877     1.22621
                       super eddington wind: lg_Mdot, L/Ledd         184    -8.36539     1.17258
                       super eddington wind: lg_Mdot, L/Ledd         185    -8.27668     1.21153
 grid1/grid1_000185.png/png
 burst_profile/burst_profile000185.png/png
                       super eddington wind: lg_Mdot, L/Ledd         186    -8.24022     1.22989
                       super eddington wind: lg_Mdot, L/Ledd         187    -8.35569     1.17580
                       super eddington wind: lg_Mdot, L/Ledd         188    -8.28355     1.20728
                       super eddington wind: lg_Mdot, L/Ledd         189    -8.25310     1.22213
                       super eddington wind: lg_Mdot, L/Ledd         190    -8.39389     1.16024
 grid1/grid1_000190.png/png
 burst_profile/burst_profile000190.png/png
                       super eddington wind: lg_Mdot, L/Ledd         191    -8.33570     1.18296
                       super eddington wind: lg_Mdot, L/Ledd         192    -8.32751     1.18645
                       super eddington wind: lg_Mdot, L/Ledd         193    -8.50967     1.12226
       retry log10(dt/yr), log10(dt), retry_factor     1   193       -9.065604       -1.566493        0.500000
                       super eddington wind: lg_Mdot, L/Ledd         193    -8.50967     1.12226
       retry log10(dt/yr), log10(dt), retry_factor     2   193       -9.366634       -1.867523        0.500000
                       super eddington wind: lg_Mdot, L/Ledd         193    -8.50967     1.12226
 have reached retry limit so now backup
                       super eddington wind: lg_Mdot, L/Ledd         192    -8.32751     1.18645
                       super eddington wind: lg_Mdot, L/Ledd         193    -8.68986     1.08077
                       super eddington wind: lg_Mdot, L/Ledd         194    -8.39263     1.16013
                       super eddington wind: lg_Mdot, L/Ledd         195    -8.57263     1.10580
 grid1/grid1_000195.png/png
 burst_profile/burst_profile000195.png/png
                       super eddington wind: lg_Mdot, L/Ledd         196    -8.46557     1.13540
                       super eddington wind: lg_Mdot, L/Ledd         197    -8.38670     1.16227
                       super eddington wind: lg_Mdot, L/Ledd         198    -8.53546     1.11515
                       super eddington wind: lg_Mdot, L/Ledd         199    -8.40687     1.15483
                       super eddington wind: lg_Mdot, L/Ledd         200    -8.64105     1.09021
        200   8.945916  2.393E+07   3.730848   6.697671   1.400000   1.400000   0.000000   0.000000   0.295740   0.075995   3.108190    658     40
  -8.823772   6.570912  -4.791533   3.024945   4.389347  -8.641047   0.000000   0.000000   0.000000   0.199871   0.044880  24.014691      6      9
 3.1497E-04  23.235204   4.886260   6.697109  15.066002  -0.897319   0.000000   0.000000   0.000000   0.000687  8.791E-01  0.640E-04    varcontrol

 grid1/grid1_000200.png/png
 burst_profile/burst_profile000200.png/png
                       super eddington wind: lg_Mdot, L/Ledd         201    -8.51619     1.12024
                       super eddington wind: lg_Mdot, L/Ledd         202    -8.40271     1.15607
                       super eddington wind: lg_Mdot, L/Ledd         203    -8.65851     1.08655
                       super eddington wind: lg_Mdot, L/Ledd         204    -8.52456     1.11777
                       super eddington wind: lg_Mdot, L/Ledd         205    -8.45857     1.13717
 grid1/grid1_000205.png/png
 burst_profile/burst_profile000205.png/png
                       super eddington wind: lg_Mdot, L/Ledd         206    -8.74062     1.07149
                       super eddington wind: lg_Mdot, L/Ledd         207    -8.92592     1.04665
                       super eddington wind: lg_Mdot, L/Ledd         208    -8.72877     1.07344
                       super eddington wind: lg_Mdot, L/Ledd         209    -8.59670     1.09944
                       super eddington wind: lg_Mdot, L/Ledd         210    -9.00915     1.03846
 grid1/grid1_000210.png/png
 burst_profile/burst_profile000210.png/png
                       super eddington wind: lg_Mdot, L/Ledd         211    -8.89976     1.04947
                       super eddington wind: lg_Mdot, L/Ledd         212    -9.79123     1.00634
                       super eddington wind: lg_Mdot, L/Ledd         213    -9.12686     1.02928
                       super eddington wind: lg_Mdot, L/Ledd         215    -9.97607     1.00413
 grid1/grid1_000215.png/png
 burst_profile/burst_profile000215.png/png
       retry log10(dt/yr), log10(dt), retry_factor     1   220       -9.328339       -1.829228        0.500000
 grid1/grid1_000220.png/png
 burst_profile/burst_profile000220.png/png
       retry log10(dt/yr), log10(dt), retry_factor     1   221       -9.629369       -2.130258        0.500000
 grid1/grid1_000225.png/png
 burst_profile/burst_profile000225.png/png
 grid1/grid1_000230.png/png
 burst_profile/burst_profile000230.png/png
 grid1/grid1_000235.png/png
 burst_profile/burst_profile000235.png/png
 grid1/grid1_000240.png/png
 burst_profile/burst_profile000240.png/png
       retry log10(dt/yr), log10(dt), retry_factor     1   243       -7.657717       -0.158606        0.500000
hydro_newton_step failed to accept
       retry log10(dt/yr), log10(dt), retry_factor     1   244       -8.055657       -0.556546        0.500000
       retry log10(dt/yr), log10(dt), retry_factor     2   244       -8.356687       -0.857576        0.500000
       retry log10(dt/yr), log10(dt), retry_factor     1   245       -8.657717       -1.158606        0.500000
       retry log10(dt/yr), log10(dt), retry_factor     2   245       -8.958747       -1.459636        0.500000
 have reached retry limit so now backup
 grid1/grid1_000245.png/png
 burst_profile/burst_profile000245.png/png
       retry log10(dt/yr), log10(dt), retry_factor     1   246       -9.259777       -1.760666        0.500000
 grid1/grid1_000250.png/png
 burst_profile/burst_profile000250.png/png
hydro_newton_step failed to accept
       retry log10(dt/yr), log10(dt), retry_factor     1   252       -8.657717       -1.158606        0.500000
hydro_newton_step failed to accept
       retry log10(dt/yr), log10(dt), retry_factor     1   255       -8.055657       -0.556546        0.500000
hydro_newton_step failed to accept
       retry log10(dt/yr), log10(dt), retry_factor     2   255       -8.356687       -0.857576        0.500000
 grid1/grid1_000255.png/png
 burst_profile/burst_profile000255.png/png
 grid1/grid1_000260.png/png
 burst_profile/burst_profile000260.png/png
 grid1/grid1_000265.png/png
 burst_profile/burst_profile000265.png/png
 grid1/grid1_000270.png/png
 burst_profile/burst_profile000270.png/png
 grid1/grid1_000275.png/png
 burst_profile/burst_profile000275.png/png
       retry log10(dt/yr), log10(dt), retry_factor     1   280       -7.774189       -0.275078        0.500000
 grid1/grid1_000280.png/png
 burst_profile/burst_profile000280.png/png
       retry log10(dt/yr), log10(dt), retry_factor     1   285       -7.744071       -0.244960        0.500000
hydro_newton_step failed to accept
       retry log10(dt/yr), log10(dt), retry_factor     2   285       -8.045101       -0.545990        0.500000
 grid1/grid1_000285.png/png
 burst_profile/burst_profile000285.png/png
       retry log10(dt/yr), log10(dt), retry_factor     1   290       -7.748857       -0.249745        0.500000
       retry log10(dt/yr), log10(dt), retry_factor     2   290       -8.049887       -0.550775        0.500000
 have reached retry limit so now backup
 grid1/grid1_000290.png/png
 burst_profile/burst_profile000290.png/png
 grid1/grid1_000295.png/png
 burst_profile/burst_profile000295.png/png
       retry log10(dt/yr), log10(dt), retry_factor     1   296       -7.631806       -0.132695        0.500000
       retry log10(dt/yr), log10(dt), retry_factor     2   296       -7.932836       -0.433725        0.500000
        300   8.764302  9.649E+06   1.707787   3.109482   1.400000   1.400000   0.000000   0.000000   0.275200   0.019954   5.443545    709     58
  -7.330776   6.615390  -4.792687   1.665889   2.524479  -8.522879   0.000000   0.000000   0.000000   0.020000   0.020276  37.749948      6     11
 3.1831E-04  23.235987   3.305994   3.075312  14.424656  -0.725232   0.000000   0.000000   0.000000   0.000687  9.598E-01  0.147E-09  max increase

 grid1/grid1_000300.png/png
 burst_profile/burst_profile000300.png/png
       retry log10(dt/yr), log10(dt), retry_factor     1   302       -7.557874       -0.058762        0.500000
 grid1/grid1_000305.png/png
 burst_profile/burst_profile000305.png/png
 grid1/grid1_000310.png/png
 burst_profile/burst_profile000310.png/png
 grid1/grid1_000315.png/png
 burst_profile/burst_profile000315.png/png
 grid1/grid1_000320.png/png
 burst_profile/burst_profile000320.png/png
 grid1/grid1_000325.png/png
 burst_profile/burst_profile000325.png/png
 grid1/grid1_000330.png/png
 burst_profile/burst_profile000330.png/png
 grid1/grid1_000335.png/png
 burst_profile/burst_profile000335.png/png
 grid1/grid1_000340.png/png
 burst_profile/burst_profile000340.png/png
 grid1/grid1_000345.png/png
 burst_profile/burst_profile000345.png/png
       retry log10(dt/yr), log10(dt), retry_factor     1   347       -5.390507        2.108604        0.500000
 grid1/grid1_000350.png/png
 burst_profile/burst_profile000350.png/png
       retry log10(dt/yr), log10(dt), retry_factor     1   351       -5.447573        2.051539        0.500000
       retry log10(dt/yr), log10(dt), retry_factor     1   352       -5.845513        1.653599        0.500000
hydro_newton_step failed to accept
       retry log10(dt/yr), log10(dt), retry_factor     2   352       -6.146543        1.352569        0.500000
 have reached retry limit so now backup
 grid1/grid1_000355.png/png
 burst_profile/burst_profile000355.png/png
       retry log10(dt/yr), log10(dt), retry_factor     1   359       -5.393940        2.105172        0.500000
 grid1/grid1_000360.png/png
 burst_profile/burst_profile000360.png/png
       retry log10(dt/yr), log10(dt), retry_factor     1   364       -5.453503        2.045608        0.500000
       retry log10(dt/yr), log10(dt), retry_factor     2   364       -5.754533        1.744578        0.500000
       retry log10(dt/yr), log10(dt), retry_factor     1   365       -6.055563        1.443548        0.500000
 grid1/grid1_000365.png/png
 burst_profile/burst_profile000365.png/png
 grid1/grid1_000370.png/png
 burst_profile/burst_profile000370.png/png
       retry log10(dt/yr), log10(dt), retry_factor     1   372       -5.286178        2.212934        0.500000
hydro_newton_step failed to accept
       retry log10(dt/yr), log10(dt), retry_factor     2   372       -5.587208        1.911904        0.500000
 have reached retry limit so now backup
       retry log10(dt/yr), log10(dt), retry_factor     1   375       -6.018452        1.480660        0.500000
       retry log10(dt/yr), log10(dt), retry_factor     2   375       -6.319482        1.179630        0.500000
 have reached retry limit so now backup
       retry log10(dt/yr), log10(dt), retry_factor     1   375       -6.620512        0.878600        0.500000
       retry log10(dt/yr), log10(dt), retry_factor     2   375       -6.921542        0.577570        0.500000
 have reached retry limit so now backup
 grid1/grid1_000375.png/png
 burst_profile/burst_profile000375.png/png
       retry log10(dt/yr), log10(dt), retry_factor     1   378       -7.222572        0.276540        0.500000
       retry log10(dt/yr), log10(dt), retry_factor     2   378       -7.523602       -0.024490        0.500000
 have reached retry limit so now backup
       retry log10(dt/yr), log10(dt), retry_factor     1   379       -7.824632       -0.325520        0.500000
 grid1/grid1_000380.png/png
 burst_profile/burst_profile000380.png/png
 grid1/grid1_000385.png/png
 burst_profile/burst_profile000385.png/png
 grid1/grid1_000390.png/png
 burst_profile/burst_profile000390.png/png
       retry log10(dt/yr), log10(dt), retry_factor     1   391       -5.594625        1.904487        0.500000
 grid1/grid1_000395.png/png
 burst_profile/burst_profile000395.png/png
       retry log10(dt/yr), log10(dt), retry_factor     1   396       -5.710416        1.788695        0.500000
       retry log10(dt/yr), log10(dt), retry_factor     2   396       -6.011446        1.487665        0.500000
        400   8.367583  3.844E+06   1.632206   1.666005   1.400000   1.400000   0.000000   0.000000   0.275200   0.071133  15.219202    748     79
  -5.498696   6.672747  -4.792849  -0.116359   0.803586  -8.522879   0.000000   0.000000   0.000000   0.020000   0.050493  98.345636      6     16
 5.5383E-04  23.276026   1.706761   0.432172  13.640357  -1.077039   0.000000   0.000000   0.000000   0.000687  8.784E-01  0.405E-12  max increase

 grid1/grid1_000400.png/png
 burst_profile/burst_profile000400.png/png
       retry log10(dt/yr), log10(dt), retry_factor     1   402       -5.655305        1.843807        0.500000
hydro_newton_step failed to accept
       retry log10(dt/yr), log10(dt), retry_factor     1   403       -6.053245        1.445867        0.500000
hydro_newton_step failed to accept
       retry log10(dt/yr), log10(dt), retry_factor     1   404       -6.451185        1.047927        0.500000
 grid1/grid1_000405.png/png
 burst_profile/burst_profile000405.png/png
       retry log10(dt/yr), log10(dt), retry_factor     1   409       -5.755375        1.743737        0.500000
       retry log10(dt/yr), log10(dt), retry_factor     1   410       -6.153315        1.345797        0.500000
 grid1/grid1_000410.png/png
 burst_profile/burst_profile000410.png/png
hydro_newton_step failed to accept
       retry log10(dt/yr), log10(dt), retry_factor     1   411       -6.551255        0.947857        0.500000
        415   8.428087  4.501E+06   1.949460   2.078034   1.400000   1.400000   0.000000   0.000000   0.275200   0.076115  13.239314    747     85
  -5.648165   6.674441  -4.792806   1.252910   1.148535  -8.522879   0.000000   0.000000   0.000000   0.020000   0.053751  85.667427      6     16
 5.8650E-04  23.281288   1.981082   1.106084  13.819371  -0.968234   0.000000   0.000000   0.000000   0.000687  8.701E-01  0.630E-11  max increase

save LOGS/profile3.data for model 415
 grid1/grid1_000415.png/png
 burst_profile/burst_profile000415.png/png
       retry log10(dt/yr), log10(dt), retry_factor     1   416       -6.217073        1.282038        0.500000
       retry log10(dt/yr), log10(dt), retry_factor     2   416       -6.518103        0.981008        0.500000
       retry log10(dt/yr), log10(dt), retry_factor     1   418       -6.845418        0.653694        0.500000
       retry log10(dt/yr), log10(dt), retry_factor     2   418       -7.146448        0.352664        0.500000
 have reached retry limit so now backup
 grid1/grid1_000420.png/png
 burst_profile/burst_profile000420.png/png
       retry log10(dt/yr), log10(dt), retry_factor     1   421       -7.447478        0.051634        0.500000
 grid1/grid1_000425.png/png
 burst_profile/burst_profile000425.png/png
       retry log10(dt/yr), log10(dt), retry_factor     1   427       -6.845418        0.653694        0.500000
       retry log10(dt/yr), log10(dt), retry_factor     1   428       -7.146448        0.352664        0.500000
       retry log10(dt/yr), log10(dt), retry_factor     1   429       -7.447478        0.051634        0.500000
       retry log10(dt/yr), log10(dt), retry_factor     1   430       -7.748508       -0.249396        0.500000
 grid1/grid1_000430.png/png
 burst_profile/burst_profile000430.png/png
       retry log10(dt/yr), log10(dt), retry_factor     1   434       -8.146448       -0.647336        0.500000
 grid1/grid1_000435.png/png
 burst_profile/burst_profile000435.png/png
       retry log10(dt/yr), log10(dt), retry_factor     1   438       -8.696784       -1.197673        0.500000
hydro_newton_step failed to accept
       retry log10(dt/yr), log10(dt), retry_factor     2   438       -8.997814       -1.498703        0.500000
 grid1/grid1_000440.png/png
 burst_profile/burst_profile000440.png/png
 grid1/grid1_000445.png/png
 burst_profile/burst_profile000445.png/png
 grid1/grid1_000450.png/png
 burst_profile/burst_profile000450.png/png
 grid1/grid1_000455.png/png
 burst_profile/burst_profile000455.png/png
 grid1/grid1_000460.png/png
 burst_profile/burst_profile000460.png/png
       retry log10(dt/yr), log10(dt), retry_factor     1   463       -9.273551       -1.774440        0.500000
 grid1/grid1_000465.png/png
 burst_profile/burst_profile000465.png/png
 grid1/grid1_000470.png/png
 burst_profile/burst_profile000470.png/png
       retry log10(dt/yr), log10(dt), retry_factor     1   474       -8.786102       -1.286991        0.500000
 grid1/grid1_000475.png/png
 burst_profile/burst_profile000475.png/png
 grid1/grid1_000480.png/png
 burst_profile/burst_profile000480.png/png
 grid1/grid1_000485.png/png
 burst_profile/burst_profile000485.png/png
 grid1/grid1_000490.png/png
 burst_profile/burst_profile000490.png/png
 grid1/grid1_000495.png/png
 burst_profile/burst_profile000495.png/png
        500   8.759451  2.252E+07   3.576286   6.656644   1.400000   1.400000   0.000000   0.000000   0.284720   0.060420   5.765638    843     99
  -8.422715   6.648601  -4.791666   2.951578   4.292512  -8.522879   0.000000   0.000000   0.000000   0.244952   0.039187  39.159555      7     17
 5.8931E-04  23.281577   4.780372   6.656197  14.994962  -0.849379   0.000000   0.000000   0.000000   0.000687  9.004E-01  0.250E-10      lgT_cntr

save LOGS/profile4.data for model 500
save photos/x500 for model 500
 grid1/grid1_000500.png/png
 burst_profile/burst_profile000500.png/png
 grid1/grid1_000505.png/png
 burst_profile/burst_profile000505.png/png
 grid1/grid1_000510.png/png
 burst_profile/burst_profile000510.png/png
 grid1/grid1_000515.png/png
 burst_profile/burst_profile000515.png/png
 grid1/grid1_000520.png/png
 burst_profile/burst_profile000520.png/png
 grid1/grid1_000525.png/png
 burst_profile/burst_profile000525.png/png
       retry log10(dt/yr), log10(dt), retry_factor     1   526       -7.662228       -0.163117        0.500000
       retry log10(dt/yr), log10(dt), retry_factor     2   526       -7.963258       -0.464147        0.500000
       retry log10(dt/yr), log10(dt), retry_factor     1   527       -8.361198       -0.862087        0.500000
hydro_newton_step failed to accept
       retry log10(dt/yr), log10(dt), retry_factor     2   527       -8.662228       -1.163117        0.500000
 have reached retry limit so now backup
 grid1/grid1_000530.png/png
 burst_profile/burst_profile000530.png/png
hydro_newton_step failed to accept
       retry log10(dt/yr), log10(dt), retry_factor     1   532       -8.361198       -0.862087        0.500000
hydro_newton_step failed to accept
       retry log10(dt/yr), log10(dt), retry_factor     1   535       -7.988769       -0.489658        0.500000
hydro_newton_step failed to accept
       retry log10(dt/yr), log10(dt), retry_factor     2   535       -8.289799       -0.790688        0.500000
 have reached retry limit so now backup
 grid1/grid1_000535.png/png
 burst_profile/burst_profile000535.png/png
 grid1/grid1_000540.png/png
 burst_profile/burst_profile000540.png/png
hydro_newton_step failed to accept
       retry log10(dt/yr), log10(dt), retry_factor     1   543       -8.032790       -0.533678        0.500000
hydro_newton_step failed to accept
       retry log10(dt/yr), log10(dt), retry_factor     2   543       -8.333820       -0.834708        0.500000
 have reached retry limit so now backup
 grid1/grid1_000545.png/png
 burst_profile/burst_profile000545.png/png
 grid1/grid1_000550.png/png
 burst_profile/burst_profile000550.png/png
 grid1/grid1_000555.png/png
 burst_profile/burst_profile000555.png/png
 grid1/grid1_000560.png/png
 burst_profile/burst_profile000560.png/png
 grid1/grid1_000565.png/png
 burst_profile/burst_profile000565.png/png
 grid1/grid1_000570.png/png
 burst_profile/burst_profile000570.png/png
       retry log10(dt/yr), log10(dt), retry_factor     1   572       -7.790034       -0.290923        0.500000
       retry log10(dt/yr), log10(dt), retry_factor     2   572       -8.091064       -0.591953        0.500000
 have reached retry limit so now backup
 grid1/grid1_000575.png/png
 burst_profile/burst_profile000575.png/png
 grid1/grid1_000580.png/png
 burst_profile/burst_profile000580.png/png
       retry log10(dt/yr), log10(dt), retry_factor     1   581       -7.892326       -0.393214        0.500000
hydro_newton_step failed to accept
       retry log10(dt/yr), log10(dt), retry_factor     2   581       -8.193356       -0.694244        0.500000
 have reached retry limit so now backup
 grid1/grid1_000580.png/png
 burst_profile/burst_profile000580.png/png
 grid1/grid1_000585.png/png
 burst_profile/burst_profile000585.png/png
       retry log10(dt/yr), log10(dt), retry_factor     1   586       -7.892326       -0.393214        0.500000
 grid1/grid1_000590.png/png
 burst_profile/burst_profile000590.png/png
 grid1/grid1_000595.png/png
 burst_profile/burst_profile000595.png/png
        600   8.709439  7.527E+06   1.301299   2.403104   1.400000   1.400000   0.000000   0.000000   0.275200   0.017605   6.594239    818    113
  -6.971401   6.655791  -4.792777   1.189732   1.919237  -8.522879   0.000000   0.000000   0.000000   0.020000   0.019450  44.182128      6     22
 5.9320E-04  23.282359   2.874511   2.337458  14.293223  -0.729681   0.000000   0.000000   0.000000   0.000687  9.629E-01  0.377E-10        lgTeff

 grid1/grid1_000600.png/png
 burst_profile/burst_profile000600.png/png
 grid1/grid1_000605.png/png
 burst_profile/burst_profile000605.png/png
 grid1/grid1_000610.png/png
 burst_profile/burst_profile000610.png/png
 grid1/grid1_000615.png/png
 burst_profile/burst_profile000615.png/png
 grid1/grid1_000620.png/png
 burst_profile/burst_profile000620.png/png
 grid1/grid1_000625.png/png
 burst_profile/burst_profile000625.png/png
 grid1/grid1_000630.png/png
 burst_profile/burst_profile000630.png/png
 grid1/grid1_000635.png/png
 burst_profile/burst_profile000635.png/png
       retry log10(dt/yr), log10(dt), retry_factor     1   637       -5.378506        2.120605        0.500000
 grid1/grid1_000640.png/png
 burst_profile/burst_profile000640.png/png
       retry log10(dt/yr), log10(dt), retry_factor     1   643       -5.509484        1.989627        0.500000
 grid1/grid1_000645.png/png
 burst_profile/burst_profile000645.png/png
       retry log10(dt/yr), log10(dt), retry_factor     1   650       -5.342941        2.156171        0.500000
       retry log10(dt/yr), log10(dt), retry_factor     2   650       -5.643971        1.855141        0.500000
 have reached retry limit so now backup
 grid1/grid1_000650.png/png
 burst_profile/burst_profile000650.png/png
 grid1/grid1_000655.png/png
 burst_profile/burst_profile000655.png/png
       retry log10(dt/yr), log10(dt), retry_factor     1   657       -5.364276        2.134836        0.500000
       retry log10(dt/yr), log10(dt), retry_factor     2   657       -5.665306        1.833806        0.500000
hydro_newton_step failed to accept
       retry log10(dt/yr), log10(dt), retry_factor     1   658       -6.063246        1.435866        0.500000
 grid1/grid1_000660.png/png
 burst_profile/burst_profile000660.png/png
       retry log10(dt/yr), log10(dt), retry_factor     1   663       -5.742445        1.756666        0.500000
       retry log10(dt/yr), log10(dt), retry_factor     2   663       -6.043475        1.455636        0.500000
 grid1/grid1_000665.png/png
 burst_profile/burst_profile000665.png/png
       retry log10(dt/yr), log10(dt), retry_factor     1   669       -5.685985        1.813127        0.500000
 grid1/grid1_000670.png/png
 burst_profile/burst_profile000670.png/png
hydro_newton_step failed to accept
       retry log10(dt/yr), log10(dt), retry_factor     1   673       -6.083925        1.415187        0.500000
hydro_newton_step failed to accept
       retry log10(dt/yr), log10(dt), retry_factor     2   673       -6.384955        1.114157        0.500000
 have reached retry limit so now backup
 grid1/grid1_000675.png/png
 burst_profile/burst_profile000675.png/png
hydro_newton_step failed to accept
       retry log10(dt/yr), log10(dt), retry_factor     1   677       -6.440252        1.058859        0.500000
hydro_newton_step failed to accept
       retry log10(dt/yr), log10(dt), retry_factor     1   678       -6.482980        1.016131        0.500000
       retry log10(dt/yr), log10(dt), retry_factor     2   678       -6.784010        0.715101        0.500000
       retry log10(dt/yr), log10(dt), retry_factor     1   679       -7.085040        0.414071        0.500000
 grid1/grid1_000680.png/png
 burst_profile/burst_profile000680.png/png
 grid1/grid1_000685.png/png
 burst_profile/burst_profile000685.png/png
       retry log10(dt/yr), log10(dt), retry_factor     1   687       -6.068099        1.431012        0.500000
       retry log10(dt/yr), log10(dt), retry_factor     1   688       -6.466039        1.033072        0.500000
hydro_newton_step failed to accept
       retry log10(dt/yr), log10(dt), retry_factor     2   688       -6.767069        0.732042        0.500000
hydro_newton_step failed to accept
       retry log10(dt/yr), log10(dt), retry_factor     1   689       -7.068099        0.431012        0.500000
 grid1/grid1_000690.png/png
 burst_profile/burst_profile000690.png/png
hydro_newton_step failed to accept
       retry log10(dt/yr), log10(dt), retry_factor     1   693       -6.767069        0.732042        0.500000
       retry log10(dt/yr), log10(dt), retry_factor     1   694       -6.767069        0.732042        0.500000
 grid1/grid1_000695.png/png
 burst_profile/burst_profile000695.png/png
       retry log10(dt/yr), log10(dt), retry_factor     1   696       -7.068099        0.431012        0.500000
       retry log10(dt/yr), log10(dt), retry_factor     1   697       -7.369129        0.129982        0.500000
       retry log10(dt/yr), log10(dt), retry_factor     1   699       -7.686967       -0.187856        0.500000
       retry log10(dt/yr), log10(dt), retry_factor     2   699       -7.987997       -0.488886        0.500000
 have reached retry limit so now backup
        700   8.451276  5.036E+06   2.269283   2.855751   1.400000   1.400000   0.000000   0.000000   0.275200   0.068332  12.979354    853    139
  -7.686967   6.701809  -4.792759   2.156621   2.039493  -8.522879   0.000000   0.000000   0.000000   0.020000   0.048953  82.937186      6     25
 8.6079E-04  23.323181   2.176261   2.588897  13.942668  -0.895083   0.000000   0.000000   0.000000   0.000687  8.827E-01  0.331E-09          hold

 grid1/grid1_000700.png/png
 burst_profile/burst_profile000700.png/png
       retry log10(dt/yr), log10(dt), retry_factor     1   704       -7.686967       -0.187856        0.500000
       retry log10(dt/yr), log10(dt), retry_factor     1   705       -7.987997       -0.488886        0.500000
 grid1/grid1_000705.png/png
 burst_profile/burst_profile000705.png/png
       retry log10(dt/yr), log10(dt), retry_factor     1   706       -8.289027       -0.789916        0.500000
 grid1/grid1_000710.png/png
 burst_profile/burst_profile000710.png/png
 grid1/grid1_000715.png/png
 burst_profile/burst_profile000715.png/png
 grid1/grid1_000720.png/png
 burst_profile/burst_profile000720.png/png
 grid1/grid1_000725.png/png
 burst_profile/burst_profile000725.png/png
 grid1/grid1_000730.png/png
 burst_profile/burst_profile000730.png/png
 grid1/grid1_000735.png/png
 burst_profile/burst_profile000735.png/png
 grid1/grid1_000740.png/png
 burst_profile/burst_profile000740.png/png
 grid1/grid1_000745.png/png
 burst_profile/burst_profile000745.png/png
 grid1/grid1_000750.png/png
 burst_profile/burst_profile000750.png/png
 grid1/grid1_000755.png/png
 burst_profile/burst_profile000755.png/png
 grid1/grid1_000760.png/png
 burst_profile/burst_profile000760.png/png
 grid1/grid1_000765.png/png
 burst_profile/burst_profile000765.png/png
 grid1/grid1_000770.png/png
 burst_profile/burst_profile000770.png/png
 grid1/grid1_000775.png/png
 burst_profile/burst_profile000775.png/png
 grid1/grid1_000780.png/png
 burst_profile/burst_profile000780.png/png
 grid1/grid1_000785.png/png
 burst_profile/burst_profile000785.png/png
 grid1/grid1_000790.png/png
 burst_profile/burst_profile000790.png/png
 grid1/grid1_000795.png/png
 burst_profile/burst_profile000795.png/png
        800   8.977936  1.786E+07   3.095432   5.894647   1.400000   1.400000   0.000000   0.000000   0.273490   0.033002   3.093206    965    142
  -6.805838   6.628209  -4.792146   2.656929   3.740489  -8.522879   0.000000   0.000000   0.000000   0.315881   0.026319  23.310749      8     25
 8.6188E-04  23.323229   4.376401   5.893705  14.761211  -0.740645   0.000000   0.000000   0.000000   0.000687  9.407E-01 -0.179E-08        lgTeff

 grid1/grid1_000800.png/png
 burst_profile/burst_profile000800.png/png
       retry log10(dt/yr), log10(dt), retry_factor     1   805       -7.826856       -0.327745        0.500000
       retry log10(dt/yr), log10(dt), retry_factor     2   805       -8.127886       -0.628775        0.500000
 grid1/grid1_000805.png/png
 burst_profile/burst_profile000805.png/png
hydro_newton_step failed to accept
       retry log10(dt/yr), log10(dt), retry_factor     1   806       -8.525826       -1.026715        0.500000
hydro_newton_step failed to accept
       retry log10(dt/yr), log10(dt), retry_factor     2   806       -8.826856       -1.327745        0.500000
       retry log10(dt/yr), log10(dt), retry_factor     1   807       -9.127886       -1.628775        0.500000
 grid1/grid1_000810.png/png
 burst_profile/burst_profile000810.png/png
       retry log10(dt/yr), log10(dt), retry_factor     1   811       -9.127886       -1.628775        0.500000
 grid1/grid1_000815.png/png
 burst_profile/burst_profile000815.png/png
hydro_newton_step failed to accept
       retry log10(dt/yr), log10(dt), retry_factor     1   817       -8.525826       -1.026715        0.500000
hydro_newton_step failed to accept
       retry log10(dt/yr), log10(dt), retry_factor     1   819       -8.224796       -0.725685        0.500000
       retry log10(dt/yr), log10(dt), retry_factor     2   819       -8.525826       -1.026715        0.500000
 grid1/grid1_000820.png/png
 burst_profile/burst_profile000820.png/png
 grid1/grid1_000825.png/png
 burst_profile/burst_profile000825.png/png
 grid1/grid1_000830.png/png
 burst_profile/burst_profile000830.png/png
       retry log10(dt/yr), log10(dt), retry_factor     1   831       -7.851208       -0.352097        0.500000
 grid1/grid1_000835.png/png
 burst_profile/burst_profile000835.png/png
 grid1/grid1_000840.png/png
 burst_profile/burst_profile000840.png/png
 grid1/grid1_000845.png/png
 burst_profile/burst_profile000845.png/png
 grid1/grid1_000850.png/png
 burst_profile/burst_profile000850.png/png
       retry log10(dt/yr), log10(dt), retry_factor     1   854       -7.969688       -0.470576        0.500000
       retry log10(dt/yr), log10(dt), retry_factor     2   854       -8.270718       -0.771606        0.500000
 have reached retry limit so now backup
 grid1/grid1_000855.png/png
 burst_profile/burst_profile000855.png/png
 grid1/grid1_000860.png/png
 burst_profile/burst_profile000860.png/png
       retry log10(dt/yr), log10(dt), retry_factor     1   862       -7.738926       -0.239815        0.500000
       retry log10(dt/yr), log10(dt), retry_factor     2   862       -8.039956       -0.540845        0.500000
 grid1/grid1_000865.png/png
 burst_profile/burst_profile000865.png/png
       retry log10(dt/yr), log10(dt), retry_factor     1   868       -7.446613        0.052498        0.500000
       retry log10(dt/yr), log10(dt), retry_factor     2   868       -7.747643       -0.248532        0.500000
 have reached retry limit so now backup
       retry log10(dt/yr), log10(dt), retry_factor     1   869       -8.048673       -0.549562        0.500000
       retry log10(dt/yr), log10(dt), retry_factor     2   869       -8.349703       -0.850591        0.500000
 have reached retry limit so now backup
 grid1/grid1_000870.png/png
 burst_profile/burst_profile000870.png/png
       retry log10(dt/yr), log10(dt), retry_factor     1   873       -8.349703       -0.850591        0.500000
 grid1/grid1_000875.png/png
 burst_profile/burst_profile000875.png/png
 grid1/grid1_000880.png/png
 burst_profile/burst_profile000880.png/png
 grid1/grid1_000885.png/png
 burst_profile/burst_profile000885.png/png
 grid1/grid1_000890.png/png
 burst_profile/burst_profile000890.png/png
 grid1/grid1_000895.png/png
 burst_profile/burst_profile000895.png/png

stop because model_number >= max_model_number
      896      896

        896   8.633949  6.103E+06   1.213415   2.091051   1.400000   1.400000   0.000000   0.000000   0.275200   0.016394   8.312263    950    161
  -6.561812   6.692223  -4.792823   0.572234   1.679026  -8.522879   0.000000   0.000000   0.000000   0.020000   0.018045  54.060643      6     28
 8.6704E-04  23.324102   2.509989   2.013866  14.130814  -0.793899   0.000000   0.000000   0.000000   0.000687  9.656E-01  0.556E-11      lgT_cntr

save LOGS/profile5.data for model 896
save photos/x896 for model 896
save abund_profile_r_co53_ag_cu57_01.data for model 896
 saved to final.mod
termination code: max_model_number
        896   8.633949  6.103E+06   1.213415   2.091051   1.400000   1.400000   0.000000   0.000000   0.275200   0.016394   8.312263    950    161
  -6.561812   6.692223  -4.792823   0.572234   1.679026  -8.522879   0.000000   0.000000   0.000000   0.020000   0.018045  54.060643      6     28
 8.6704E-04  23.324102   2.509989   2.013866  14.130814  -0.793899   0.000000   0.000000   0.000000   0.000687  9.656E-01  0.556E-11      lgT_cntr

DATE: 2021-01-12
TIME: 15:58:51
