starting from 0
DATE: 2020-09-03
TIME: 16:34:51
                                         version_number       10108
 read /hpc/group/physics/al363/sens/base/inlist_base
 read inlist_cluster
load saved model /hpc/group/physics/al363/sens/base/ns_relax.mod

 change to /hpc/group/physics/al363/sens/base/rp_305.net
             set special rate factor for r_co52_pn_ni52         545    1.0000000000000000D-02
             set special rate factor for r_ni52_np_co52         546    1.0000000000000000D-02
             set special rate factor for r_co52_pn_ni52         545    1.0000000000000000D-02
             set special rate factor for r_ni52_np_co52         546    1.0000000000000000D-02
 number of species         305
 read /hpc/group/physics/al363/sens/base/history_customACL.list_tau
 read /hpc/group/physics/al363/sens/base/profile_customACL.list_tau
 net name /hpc/group/physics/al363/sens/base/rp_305.net
 v_flag T
                         which_atm_option: grey_and_kap
                                           xmstar/mstar    4.5461189430843640D-12
                                             xmstar (g)    1.2660395722219186D+22
                                           M_center (g)    2.7848799999878681D+33
                                            xmstar/Msun    6.3645665203193175D-12
                                          M_center/Msun    1.3999999999939012D+00
                                          R_center (cm)    1.1200000000000000D+06
                                          R_center/Rsun    1.6092416448748527D-05
                                           core density    4.7322078204273819D+14
                                          L_center/Lsun    4.1647144567650578D+00
 kappa_file_prefix gs98
 kappa_lowT_prefix lowT_fa05_gs98

   eos_file_prefix mesa
                                        OMP_NUM_THREADS           8


__________________________________________________________________________________________________________________________________________________

       step    lg_Tcntr    Teff       lg_LH     lg_Lnuc     Mass       H_rich     H_cntr     N_cntr     Y_surf     X_avg     eta_cntr  zones retry
   lg_dt_yr    lg_Dcntr    lg_R       lg_L3a    lg_Lneu     lg_Mdot    He_core    He_cntr    O_cntr     Z_surf     Y_avg     gam_cntr  iters bckup
     age_yr    lg_Pcntr    lg_L       lg_LZ     lg_Psurf    lg_Dsurf   C_core     C_cntr     Ne_cntr    Si_cntr    Z_avg     v_div_cs     dt_limit
__________________________________________________________________________________________________________________________________________________

save LOGS/profile1.data for model 2
 grid1/grid1_000005.png/png
 burst_profile/burst_profile000005.png/png
          6   8.165156  1.497E+06   0.087590   0.087976   1.400000   1.400000   0.000000   0.000000   0.275200   0.030886  22.514775    791      0
  -5.817651   6.610341  -4.793035 -18.862378  -1.086578  -8.522879   0.000000   0.000000   0.000000   0.020000   0.011710 149.410225      6      0
 4.0040E-06  23.176196   0.068337  -2.962874  12.744977  -1.553972   0.000000   0.000000   0.000000   0.000687  9.574E-01  0.395E-11      lgT_cntr

save LOGS/profile2.data for model 6
 grid1/grid1_000010.png/png
 burst_profile/burst_profile000010.png/png
 grid1/grid1_000015.png/png
 burst_profile/burst_profile000015.png/png
 grid1/grid1_000020.png/png
 burst_profile/burst_profile000020.png/png
 grid1/grid1_000025.png/png
 burst_profile/burst_profile000025.png/png
       retry log10(dt/yr), log10(dt), retry_factor     1    30       -5.532111        1.967001        0.500000
 grid1/grid1_000030.png/png
 burst_profile/burst_profile000030.png/png
       retry log10(dt/yr), log10(dt), retry_factor     1    35       -5.231081        2.268031        0.500000
 grid1/grid1_000035.png/png
 burst_profile/burst_profile000035.png/png
       retry log10(dt/yr), log10(dt), retry_factor     1    36       -5.532111        1.967001        0.500000
       retry log10(dt/yr), log10(dt), retry_factor     1    40       -5.532111        1.967001        0.500000
 grid1/grid1_000040.png/png
 burst_profile/burst_profile000040.png/png
       retry log10(dt/yr), log10(dt), retry_factor     1    45       -5.231081        2.268031        0.500000
 grid1/grid1_000045.png/png
 burst_profile/burst_profile000045.png/png
       retry log10(dt/yr), log10(dt), retry_factor     1    49       -5.231081        2.268031        0.500000
 grid1/grid1_000050.png/png
 burst_profile/burst_profile000050.png/png
       retry log10(dt/yr), log10(dt), retry_factor     1    53       -5.231081        2.268031        0.500000
 grid1/grid1_000055.png/png
 burst_profile/burst_profile000055.png/png
       retry log10(dt/yr), log10(dt), retry_factor     1    56       -5.532111        1.967001        0.500000
       retry log10(dt/yr), log10(dt), retry_factor     2    56       -5.833141        1.665971        0.500000
 have reached retry limit so now backup
 grid1/grid1_000055.png/png
 burst_profile/burst_profile000055.png/png
       retry log10(dt/yr), log10(dt), retry_factor     1    58       -6.134171        1.364941        0.500000
       retry log10(dt/yr), log10(dt), retry_factor     2    58       -6.435201        1.063911        0.500000
 have reached retry limit so now backup
       retry log10(dt/yr), log10(dt), retry_factor     1    58       -6.736231        0.762881        0.500000
       retry log10(dt/yr), log10(dt), retry_factor     2    58       -7.037261        0.461851        0.500000
 have reached retry limit so now backup
       retry log10(dt/yr), log10(dt), retry_factor     1    60       -7.338291        0.160821        0.500000
       retry log10(dt/yr), log10(dt), retry_factor     2    60       -7.639321       -0.140209        0.500000
 have reached retry limit so now backup
 grid1/grid1_000060.png/png
 burst_profile/burst_profile000060.png/png
       retry log10(dt/yr), log10(dt), retry_factor     1    62       -7.940351       -0.441239        0.500000
       retry log10(dt/yr), log10(dt), retry_factor     2    62       -8.241381       -0.742269        0.500000
 grid1/grid1_000065.png/png
 burst_profile/burst_profile000065.png/png
 grid1/grid1_000070.png/png
 burst_profile/burst_profile000070.png/png
 grid1/grid1_000075.png/png
 burst_profile/burst_profile000075.png/png
       retry log10(dt/yr), log10(dt), retry_factor     1    76       -5.231081        2.268031        0.500000
       retry log10(dt/yr), log10(dt), retry_factor     2    76       -5.532111        1.967001        0.500000
       retry log10(dt/yr), log10(dt), retry_factor     1    77       -5.833141        1.665971        0.500000
       retry log10(dt/yr), log10(dt), retry_factor     2    77       -6.134171        1.364941        0.500000
 have reached retry limit so now backup
       retry log10(dt/yr), log10(dt), retry_factor     1    80       -6.435201        1.063911        0.500000
       retry log10(dt/yr), log10(dt), retry_factor     2    80       -6.736231        0.762881        0.500000
 have reached retry limit so now backup
 grid1/grid1_000080.png/png
 burst_profile/burst_profile000080.png/png
       retry log10(dt/yr), log10(dt), retry_factor     1    81       -7.037261        0.461851        0.500000
       retry log10(dt/yr), log10(dt), retry_factor     2    81       -7.338291        0.160821        0.500000
 have reached retry limit so now backup
 grid1/grid1_000080.png/png
 burst_profile/burst_profile000080.png/png
       retry log10(dt/yr), log10(dt), retry_factor     1    84       -7.639321       -0.140209        0.500000
       retry log10(dt/yr), log10(dt), retry_factor     2    84       -7.940351       -0.441239        0.500000
 have reached retry limit so now backup
       retry log10(dt/yr), log10(dt), retry_factor     1    84       -8.241381       -0.742269        0.500000
 grid1/grid1_000085.png/png
 burst_profile/burst_profile000085.png/png
 grid1/grid1_000090.png/png
 burst_profile/burst_profile000090.png/png
 grid1/grid1_000095.png/png
 burst_profile/burst_profile000095.png/png
       retry log10(dt/yr), log10(dt), retry_factor     1    97       -5.708197        1.790914        0.500000
       retry log10(dt/yr), log10(dt), retry_factor     1    98       -6.029742        1.469369        0.500000
       retry log10(dt/yr), log10(dt), retry_factor     1    99       -6.330772        1.168339        0.500000
        100   8.444841  4.670E+06   2.033172   2.166622   1.400000   1.400000   0.000000   0.000000   0.275200   0.100536  12.226478    752     31
  -6.029742   6.642744  -4.792800   1.206170   1.283423  -8.522879   0.000000   0.000000   0.000000   0.020000   0.058448  80.444496      6      8
 3.1300E-04  23.235090   2.045017   1.357015  13.860470  -0.943582   0.000000   0.000000   0.000000   0.000687  8.410E-01  0.987E-12          hold

 grid1/grid1_000100.png/png
 burst_profile/burst_profile000100.png/png
       retry log10(dt/yr), log10(dt), retry_factor     1   101       -6.631802        0.867309        0.500000
       retry log10(dt/yr), log10(dt), retry_factor     1   103       -6.932832        0.566279        0.500000
hydro_newton_step failed to accept
       retry log10(dt/yr), log10(dt), retry_factor     1   104       -7.233862        0.265249        0.500000
 grid1/grid1_000105.png/png
 burst_profile/burst_profile000105.png/png
       retry log10(dt/yr), log10(dt), retry_factor     1   106       -7.534892       -0.035780        0.500000
       retry log10(dt/yr), log10(dt), retry_factor     1   110       -7.649240       -0.150129        0.500000
       retry log10(dt/yr), log10(dt), retry_factor     2   110       -7.950270       -0.451159        0.500000
 grid1/grid1_000110.png/png
 burst_profile/burst_profile000110.png/png
       retry log10(dt/yr), log10(dt), retry_factor     1   112       -8.333830       -0.834718        0.500000
 grid1/grid1_000115.png/png
 burst_profile/burst_profile000115.png/png
 grid1/grid1_000120.png/png
 burst_profile/burst_profile000120.png/png
 grid1/grid1_000125.png/png
 burst_profile/burst_profile000125.png/png
 grid1/grid1_000130.png/png
 burst_profile/burst_profile000130.png/png
 grid1/grid1_000135.png/png
 burst_profile/burst_profile000135.png/png
 grid1/grid1_000140.png/png
 burst_profile/burst_profile000140.png/png
 grid1/grid1_000145.png/png
 burst_profile/burst_profile000145.png/png
 grid1/grid1_000150.png/png
 burst_profile/burst_profile000150.png/png
 grid1/grid1_000155.png/png
 burst_profile/burst_profile000155.png/png
 grid1/grid1_000160.png/png
 burst_profile/burst_profile000160.png/png
 grid1/grid1_000165.png/png
 burst_profile/burst_profile000165.png/png
                       super eddington wind: lg_Mdot, L/Ledd         166    -9.75584     1.00716
                       super eddington wind: lg_Mdot, L/Ledd         167    -9.00354     1.04042
                       super eddington wind: lg_Mdot, L/Ledd         168    -8.75880     1.07098
                       super eddington wind: lg_Mdot, L/Ledd         169    -8.62617     1.09625
                       super eddington wind: lg_Mdot, L/Ledd         170    -8.55865     1.11232
 grid1/grid1_000170.png/png
 burst_profile/burst_profile000170.png/png
                       super eddington wind: lg_Mdot, L/Ledd         171    -8.43088     1.15057
                       super eddington wind: lg_Mdot, L/Ledd         172    -8.59292     1.10346
                       super eddington wind: lg_Mdot, L/Ledd         173    -8.44879     1.14422
                       super eddington wind: lg_Mdot, L/Ledd         174    -8.38194     1.16815
                       super eddington wind: lg_Mdot, L/Ledd         175    -8.52372     1.12114
 grid1/grid1_000175.png/png
 burst_profile/burst_profile000175.png/png
                       super eddington wind: lg_Mdot, L/Ledd         176    -8.40120     1.16050
                       super eddington wind: lg_Mdot, L/Ledd         177    -8.32300     1.19217
                       super eddington wind: lg_Mdot, L/Ledd         178    -8.44687     1.14400
                       super eddington wind: lg_Mdot, L/Ledd         179    -8.34658     1.18123
                       super eddington wind: lg_Mdot, L/Ledd         180    -8.27475     1.21382
 grid1/grid1_000180.png/png
 burst_profile/burst_profile000180.png/png
                       super eddington wind: lg_Mdot, L/Ledd         181    -8.38906     1.16391
                       super eddington wind: lg_Mdot, L/Ledd         182    -8.29830     1.20192
                       super eddington wind: lg_Mdot, L/Ledd         183    -8.24227     1.22960
                       super eddington wind: lg_Mdot, L/Ledd         184    -8.36035     1.17462
                       super eddington wind: lg_Mdot, L/Ledd         185    -8.28220     1.20884
 grid1/grid1_000185.png/png
 burst_profile/burst_profile000185.png/png
                       super eddington wind: lg_Mdot, L/Ledd         186    -8.23653     1.23179
                       super eddington wind: lg_Mdot, L/Ledd         187    -8.35777     1.17488
                       super eddington wind: lg_Mdot, L/Ledd         188    -8.28495     1.20662
                       super eddington wind: lg_Mdot, L/Ledd         189    -8.25296     1.22215
                       super eddington wind: lg_Mdot, L/Ledd         190    -8.40207     1.15729
 grid1/grid1_000190.png/png
 burst_profile/burst_profile000190.png/png
                       super eddington wind: lg_Mdot, L/Ledd         191    -8.34227     1.18028
                       super eddington wind: lg_Mdot, L/Ledd         192    -8.32857     1.18582
                       super eddington wind: lg_Mdot, L/Ledd         193    -8.50769     1.12285
       retry log10(dt/yr), log10(dt), retry_factor     1   193       -9.070273       -1.571161        0.500000
                       super eddington wind: lg_Mdot, L/Ledd         193    -8.50769     1.12285
       retry log10(dt/yr), log10(dt), retry_factor     2   193       -9.371303       -1.872191        0.500000
                       super eddington wind: lg_Mdot, L/Ledd         193    -8.50769     1.12285
 have reached retry limit so now backup
                       super eddington wind: lg_Mdot, L/Ledd         192    -8.32857     1.18582
                       super eddington wind: lg_Mdot, L/Ledd         193    -8.68417     1.08187
                       super eddington wind: lg_Mdot, L/Ledd         194    -8.39116     1.16081
                       super eddington wind: lg_Mdot, L/Ledd         195    -8.56383     1.10801
 grid1/grid1_000195.png/png
 burst_profile/burst_profile000195.png/png
                       super eddington wind: lg_Mdot, L/Ledd         196    -8.47595     1.13219
                       super eddington wind: lg_Mdot, L/Ledd         197    -8.37534     1.16667
       retry log10(dt/yr), log10(dt), retry_factor     1   197       -9.552107       -2.052996        0.500000
                       super eddington wind: lg_Mdot, L/Ledd         197    -8.37534     1.16667
                       super eddington wind: lg_Mdot, L/Ledd         198    -8.56324     1.10809
                       super eddington wind: lg_Mdot, L/Ledd         199    -8.44244     1.14280
                       super eddington wind: lg_Mdot, L/Ledd         200    -8.37399     1.16704
        200   8.941871  2.384E+07   3.736760   6.705404   1.400000   1.400000   0.000000   0.000000   0.296052   0.076296   3.152904    665     41
  -9.251077   6.572290  -4.791530   3.026056   4.394650  -8.373993   0.000000   0.000000   0.000000   0.198184   0.044967  24.265023      6      9
 3.1497E-04  23.235200   4.879429   6.704846  15.060962  -0.896977   0.000000   0.000000   0.000000   0.000687  8.787E-01  0.164E-03          hold

 grid1/grid1_000200.png/png
 burst_profile/burst_profile000200.png/png
                       super eddington wind: lg_Mdot, L/Ledd         201    -8.57872     1.10425
                       super eddington wind: lg_Mdot, L/Ledd         202    -8.45255     1.13935
                       super eddington wind: lg_Mdot, L/Ledd         203    -8.60559     1.09789
                       super eddington wind: lg_Mdot, L/Ledd         204    -8.50953     1.12210
                       super eddington wind: lg_Mdot, L/Ledd         205    -8.40890     1.15368
 grid1/grid1_000205.png/png
 burst_profile/burst_profile000205.png/png
                       super eddington wind: lg_Mdot, L/Ledd         206    -8.64049     1.09013
       retry log10(dt/yr), log10(dt), retry_factor     1   206       -9.180142       -1.681030        0.500000
                       super eddington wind: lg_Mdot, L/Ledd         206    -8.64049     1.09013
       retry log10(dt/yr), log10(dt), retry_factor     2   206       -9.481172       -1.982060        0.500000
                       super eddington wind: lg_Mdot, L/Ledd         206    -8.64049     1.09013
 have reached retry limit so now backup
                       super eddington wind: lg_Mdot, L/Ledd         205    -8.40890     1.15368
 grid1/grid1_000205.png/png
 burst_profile/burst_profile000205.png/png
                       super eddington wind: lg_Mdot, L/Ledd         206    -8.85439     1.05506
                       super eddington wind: lg_Mdot, L/Ledd         207    -8.50008     1.12469
                       super eddington wind: lg_Mdot, L/Ledd         208    -8.73513     1.07249
                       super eddington wind: lg_Mdot, L/Ledd         209    -8.60120     1.09874
                       super eddington wind: lg_Mdot, L/Ledd         210    -8.45475     1.13838
 grid1/grid1_000210.png/png
 burst_profile/burst_profile000210.png/png
                       super eddington wind: lg_Mdot, L/Ledd         211    -8.69603     1.07929
                       super eddington wind: lg_Mdot, L/Ledd         212    -8.59748     1.09952
                       super eddington wind: lg_Mdot, L/Ledd         213    -8.47779     1.13106
                       super eddington wind: lg_Mdot, L/Ledd         214    -8.73480     1.07245
                       super eddington wind: lg_Mdot, L/Ledd         215    -8.64792     1.08851
 grid1/grid1_000215.png/png
 burst_profile/burst_profile000215.png/png
                       super eddington wind: lg_Mdot, L/Ledd         216    -8.99220     1.04001
                       super eddington wind: lg_Mdot, L/Ledd         217    -8.76309     1.06781
                       super eddington wind: lg_Mdot, L/Ledd         218    -9.16591     1.02680
                       super eddington wind: lg_Mdot, L/Ledd         219    -8.96017     1.04303
                       super eddington wind: lg_Mdot, L/Ledd         220    -9.20188     1.02463
 grid1/grid1_000220.png/png
 burst_profile/burst_profile000220.png/png
                       super eddington wind: lg_Mdot, L/Ledd         221    -9.40098     1.01558
 grid1/grid1_000225.png/png
 burst_profile/burst_profile000225.png/png
       retry log10(dt/yr), log10(dt), retry_factor     1   226       -9.243083       -1.743972        0.500000
 grid1/grid1_000230.png/png
 burst_profile/burst_profile000230.png/png
 grid1/grid1_000235.png/png
 burst_profile/burst_profile000235.png/png
 grid1/grid1_000240.png/png
 burst_profile/burst_profile000240.png/png
 grid1/grid1_000245.png/png
 burst_profile/burst_profile000245.png/png
       retry log10(dt/yr), log10(dt), retry_factor     1   247       -7.580372       -0.081260        0.500000
       retry log10(dt/yr), log10(dt), retry_factor     2   247       -7.881402       -0.382290        0.500000
 have reached retry limit so now backup
 grid1/grid1_000250.png/png
 burst_profile/burst_profile000250.png/png
hydro_newton_step failed to accept
       retry log10(dt/yr), log10(dt), retry_factor     1   251       -8.208693       -0.709582        0.500000
hydro_newton_step failed to accept
       retry log10(dt/yr), log10(dt), retry_factor     2   251       -8.509723       -1.010612        0.500000
 have reached retry limit so now backup
 grid1/grid1_000250.png/png
 burst_profile/burst_profile000250.png/png
       retry log10(dt/yr), log10(dt), retry_factor     1   252       -8.810753       -1.311642        0.500000
       retry log10(dt/yr), log10(dt), retry_factor     2   252       -9.111783       -1.612672        0.500000
 grid1/grid1_000255.png/png
 burst_profile/burst_profile000255.png/png
hydro_newton_step failed to accept
       retry log10(dt/yr), log10(dt), retry_factor     1   260       -7.907663       -0.408552        0.500000
hydro_newton_step failed to accept
       retry log10(dt/yr), log10(dt), retry_factor     2   260       -8.208693       -0.709582        0.500000
 have reached retry limit so now backup
 grid1/grid1_000260.png/png
 burst_profile/burst_profile000260.png/png
 grid1/grid1_000265.png/png
 burst_profile/burst_profile000265.png/png
 grid1/grid1_000270.png/png
 burst_profile/burst_profile000270.png/png
hydro_newton_step failed to accept
       retry log10(dt/yr), log10(dt), retry_factor     1   273       -7.958179       -0.459067        0.500000
       retry log10(dt/yr), log10(dt), retry_factor     2   273       -8.259209       -0.760097        0.500000
 have reached retry limit so now backup
 grid1/grid1_000275.png/png
 burst_profile/burst_profile000275.png/png
 grid1/grid1_000280.png/png
 burst_profile/burst_profile000280.png/png
 grid1/grid1_000285.png/png
 burst_profile/burst_profile000285.png/png
hydro_newton_step failed to accept
       retry log10(dt/yr), log10(dt), retry_factor     1   287       -7.758160       -0.259048        0.500000
       retry log10(dt/yr), log10(dt), retry_factor     2   287       -8.059190       -0.560078        0.500000
 grid1/grid1_000290.png/png
 burst_profile/burst_profile000290.png/png
       retry log10(dt/yr), log10(dt), retry_factor     1   295       -7.566276       -0.067164        0.500000
 grid1/grid1_000295.png/png
 burst_profile/burst_profile000295.png/png
        300   8.794905  1.089E+07   2.032644   3.539895   1.400000   1.400000   0.000000   0.000000   0.275200   0.020483   4.995954    713     57
  -6.990001   6.610069  -4.792621   1.868791   2.789720  -8.522879   0.000000   0.000000   0.000000   0.020000   0.020575  35.038078      6     14
 3.1794E-04  23.235907   3.516040   3.516509  14.468377  -0.752580   0.000000   0.000000   0.000000   0.000687  9.589E-01  0.310E-09  max increase

 grid1/grid1_000300.png/png
 burst_profile/burst_profile000300.png/png
       retry log10(dt/yr), log10(dt), retry_factor     1   301       -7.620761       -0.121649        0.500000
hydro_newton_step failed to accept
       retry log10(dt/yr), log10(dt), retry_factor     1   303       -7.921791       -0.422679        0.500000
       retry log10(dt/yr), log10(dt), retry_factor     2   303       -8.222821       -0.723709        0.500000
 grid1/grid1_000305.png/png
 burst_profile/burst_profile000305.png/png
       retry log10(dt/yr), log10(dt), retry_factor     1   309       -7.620761       -0.121649        0.500000
       retry log10(dt/yr), log10(dt), retry_factor     2   309       -7.921791       -0.422679        0.500000
 grid1/grid1_000310.png/png
 burst_profile/burst_profile000310.png/png
hydro_newton_step failed to accept
       retry log10(dt/yr), log10(dt), retry_factor     1   315       -7.551509       -0.052398        0.500000
       retry log10(dt/yr), log10(dt), retry_factor     2   315       -7.852539       -0.353428        0.500000
 have reached retry limit so now backup
 grid1/grid1_000315.png/png
 burst_profile/burst_profile000315.png/png
       retry log10(dt/yr), log10(dt), retry_factor     1   317       -8.153569       -0.654458        0.500000
       retry log10(dt/yr), log10(dt), retry_factor     2   317       -8.454599       -0.955488        0.500000
 grid1/grid1_000320.png/png
 burst_profile/burst_profile000320.png/png
 grid1/grid1_000325.png/png
 burst_profile/burst_profile000325.png/png
 grid1/grid1_000330.png/png
 burst_profile/burst_profile000330.png/png
 grid1/grid1_000335.png/png
 burst_profile/burst_profile000335.png/png
       retry log10(dt/yr), log10(dt), retry_factor     1   336       -7.343336        0.155776        0.500000
       retry log10(dt/yr), log10(dt), retry_factor     2   336       -7.644366       -0.145254        0.500000
 grid1/grid1_000340.png/png
 burst_profile/burst_profile000340.png/png
 grid1/grid1_000345.png/png
 burst_profile/burst_profile000345.png/png
 grid1/grid1_000350.png/png
 burst_profile/burst_profile000350.png/png
 grid1/grid1_000355.png/png
 burst_profile/burst_profile000355.png/png
 grid1/grid1_000360.png/png
 burst_profile/burst_profile000360.png/png
 grid1/grid1_000365.png/png
 burst_profile/burst_profile000365.png/png
       retry log10(dt/yr), log10(dt), retry_factor     1   368       -5.847139        1.651973        0.500000
 grid1/grid1_000370.png/png
 burst_profile/burst_profile000370.png/png
       retry log10(dt/yr), log10(dt), retry_factor     1   372       -5.868264        1.630847        0.500000
       retry log10(dt/yr), log10(dt), retry_factor     1   373       -6.169294        1.329817        0.500000
 grid1/grid1_000375.png/png
 burst_profile/burst_profile000375.png/png
       retry log10(dt/yr), log10(dt), retry_factor     1   380       -5.453173        2.045938        0.500000
 grid1/grid1_000380.png/png
 burst_profile/burst_profile000380.png/png
       retry log10(dt/yr), log10(dt), retry_factor     1   381       -5.754203        1.744908        0.500000
       retry log10(dt/yr), log10(dt), retry_factor     2   381       -6.055233        1.443878        0.500000
 have reached retry limit so now backup
 grid1/grid1_000380.png/png
 burst_profile/burst_profile000380.png/png
       retry log10(dt/yr), log10(dt), retry_factor     1   383       -6.356263        1.142848        0.500000
 grid1/grid1_000385.png/png
 burst_profile/burst_profile000385.png/png
       retry log10(dt/yr), log10(dt), retry_factor     1   390       -5.453173        2.045938        0.500000
 grid1/grid1_000390.png/png
 burst_profile/burst_profile000390.png/png
       retry log10(dt/yr), log10(dt), retry_factor     1   395       -5.340219        2.158892        0.500000
 grid1/grid1_000395.png/png
 burst_profile/burst_profile000395.png/png
       retry log10(dt/yr), log10(dt), retry_factor     1   396       -5.738159        1.760952        0.500000
        400   8.343332  3.588E+06   1.497026   1.524083   1.400000   1.400000   0.000000   0.000000   0.275200   0.059403  15.979802    748     78
  -5.136099   6.666563  -4.792877  -1.133695   0.671423  -8.522879   0.000000   0.000000   0.000000   0.020000   0.042201 103.501121      6     16
 4.9177E-04  23.265841   1.587193   0.289005  13.561999  -1.124877   0.000000   0.000000   0.000000   0.000687  8.984E-01  0.101E-12  max increase

 grid1/grid1_000400.png/png
 burst_profile/burst_profile000400.png/png
       retry log10(dt/yr), log10(dt), retry_factor     1   403       -5.386409        2.112703        0.500000
       retry log10(dt/yr), log10(dt), retry_factor     2   403       -5.687439        1.811673        0.500000
 have reached retry limit so now backup
       retry log10(dt/yr), log10(dt), retry_factor     1   403       -5.988469        1.510643        0.500000
       retry log10(dt/yr), log10(dt), retry_factor     2   403       -6.289499        1.209613        0.500000
 have reached retry limit so now backup
       retry log10(dt/yr), log10(dt), retry_factor     1   403       -6.590529        0.908583        0.500000
       retry log10(dt/yr), log10(dt), retry_factor     2   403       -6.891559        0.607553        0.500000
 have reached retry limit so now backup
       retry log10(dt/yr), log10(dt), retry_factor     1   404       -7.192589        0.306523        0.500000
       retry log10(dt/yr), log10(dt), retry_factor     2   404       -7.493619        0.005493        0.500000
 have reached retry limit so now backup
       retry log10(dt/yr), log10(dt), retry_factor     1   404       -7.794649       -0.295537        0.500000
       retry log10(dt/yr), log10(dt), retry_factor     2   404       -8.095679       -0.596567        0.500000
 grid1/grid1_000405.png/png
 burst_profile/burst_profile000405.png/png
 grid1/grid1_000410.png/png
 burst_profile/burst_profile000410.png/png
 grid1/grid1_000415.png/png
 burst_profile/burst_profile000415.png/png
       retry log10(dt/yr), log10(dt), retry_factor     1   417       -5.580918        1.918193        0.500000
 grid1/grid1_000420.png/png
 burst_profile/burst_profile000420.png/png
       retry log10(dt/yr), log10(dt), retry_factor     1   421       -5.682690        1.816422        0.500000
hydro_newton_step failed to accept
       retry log10(dt/yr), log10(dt), retry_factor     1   422       -6.080630        1.418482        0.500000
 grid1/grid1_000425.png/png
 burst_profile/burst_profile000425.png/png
       retry log10(dt/yr), log10(dt), retry_factor     1   427       -5.575480        1.923632        0.500000
       retry log10(dt/yr), log10(dt), retry_factor     1   428       -5.876510        1.622602        0.500000
hydro_newton_step failed to accept
       retry log10(dt/yr), log10(dt), retry_factor     1   429       -6.216957        1.282155        0.500000
       retry log10(dt/yr), log10(dt), retry_factor     1   430       -6.517987        0.981125        0.500000
 grid1/grid1_000430.png/png
 burst_profile/burst_profile000430.png/png
 grid1/grid1_000435.png/png
 burst_profile/burst_profile000435.png/png
       retry log10(dt/yr), log10(dt), retry_factor     1   437       -5.779369        1.719743        0.500000
       retry log10(dt/yr), log10(dt), retry_factor     1   438       -6.177309        1.321803        0.500000
 grid1/grid1_000440.png/png
 burst_profile/burst_profile000440.png/png
        441   8.421923  4.416E+06   1.909734   2.013872   1.400000   1.400000   0.000000   0.000000   0.275200   0.076043  13.434235    758     97
  -5.876279   6.674577  -4.792811   1.128735   1.090541  -8.522879   0.000000   0.000000   0.000000   0.020000   0.053854  86.900924      6     20
 5.8577E-04  23.281172   1.947995   0.932577  13.798001  -0.981118   0.000000   0.000000   0.000000   0.000687  8.701E-01  0.603E-12          hold

save LOGS/profile3.data for model 441
       retry log10(dt/yr), log10(dt), retry_factor     1   442       -6.177309        1.321803        0.500000
       retry log10(dt/yr), log10(dt), retry_factor     1   443       -6.478339        1.020773        0.500000
       retry log10(dt/yr), log10(dt), retry_factor     1   444       -6.779369        0.719743        0.500000
 grid1/grid1_000445.png/png
 burst_profile/burst_profile000445.png/png
       retry log10(dt/yr), log10(dt), retry_factor     1   446       -7.080399        0.418713        0.500000
       retry log10(dt/yr), log10(dt), retry_factor     1   447       -7.381429        0.117683        0.500000
       retry log10(dt/yr), log10(dt), retry_factor     2   447       -7.682459       -0.183347        0.500000
hydro_newton_step failed to accept
       retry log10(dt/yr), log10(dt), retry_factor     1   449       -7.983489       -0.484377        0.500000
hydro_newton_step failed to accept
       retry log10(dt/yr), log10(dt), retry_factor     2   449       -8.284519       -0.785407        0.500000
 have reached retry limit so now backup
 grid1/grid1_000450.png/png
 burst_profile/burst_profile000450.png/png
       retry log10(dt/yr), log10(dt), retry_factor     1   455       -7.682459       -0.183347        0.500000
 grid1/grid1_000455.png/png
 burst_profile/burst_profile000455.png/png
       retry log10(dt/yr), log10(dt), retry_factor     1   457       -7.983489       -0.484377        0.500000
       retry log10(dt/yr), log10(dt), retry_factor     1   458       -8.285385       -0.786274        0.500000
 grid1/grid1_000460.png/png
 burst_profile/burst_profile000460.png/png
 grid1/grid1_000465.png/png
 burst_profile/burst_profile000465.png/png
 grid1/grid1_000470.png/png
 burst_profile/burst_profile000470.png/png
 grid1/grid1_000475.png/png
 burst_profile/burst_profile000475.png/png
 grid1/grid1_000480.png/png
 burst_profile/burst_profile000480.png/png
       retry log10(dt/yr), log10(dt), retry_factor     1   484       -9.364036       -1.864924        0.500000
 grid1/grid1_000485.png/png
 burst_profile/burst_profile000485.png/png
 grid1/grid1_000490.png/png
 burst_profile/burst_profile000490.png/png
       retry log10(dt/yr), log10(dt), retry_factor     1   494       -9.341529       -1.842417        0.500000
 grid1/grid1_000495.png/png
 burst_profile/burst_profile000495.png/png
       retry log10(dt/yr), log10(dt), retry_factor     1   496       -9.642559       -2.143447        0.500000
        500   8.461607  1.488E+07   3.565584   6.500259   1.400000   1.400000   0.000000   0.000000   0.275200   0.071594  12.220778    773    111
  -9.040499   6.673366  -4.792072   3.280111   4.176535  -8.522879   0.000000   0.000000   0.000000   0.020000   0.047118  79.238686      6     21
 5.8897E-04  23.281595   4.059689   6.499492  14.607109  -0.852129   0.000000   0.000000   0.000000   0.000687  8.813E-01  0.180E-07  max increase

save LOGS/profile4.data for model 500
save photos/x500 for model 500
 grid1/grid1_000500.png/png
 burst_profile/burst_profile000500.png/png
 grid1/grid1_000505.png/png
 burst_profile/burst_profile000505.png/png
 grid1/grid1_000510.png/png
 burst_profile/burst_profile000510.png/png
 grid1/grid1_000515.png/png
 burst_profile/burst_profile000515.png/png
 grid1/grid1_000520.png/png
 burst_profile/burst_profile000520.png/png
 grid1/grid1_000525.png/png
 burst_profile/burst_profile000525.png/png
 grid1/grid1_000530.png/png
 burst_profile/burst_profile000530.png/png
 grid1/grid1_000535.png/png
 burst_profile/burst_profile000535.png/png
 grid1/grid1_000540.png/png
 burst_profile/burst_profile000540.png/png
 grid1/grid1_000545.png/png
 burst_profile/burst_profile000545.png/png
 grid1/grid1_000550.png/png
 burst_profile/burst_profile000550.png/png
 grid1/grid1_000555.png/png
 burst_profile/burst_profile000555.png/png
       retry log10(dt/yr), log10(dt), retry_factor     1   559       -7.662544       -0.163432        0.500000
       retry log10(dt/yr), log10(dt), retry_factor     2   559       -7.963574       -0.464462        0.500000
 have reached retry limit so now backup
 grid1/grid1_000560.png/png
 burst_profile/burst_profile000560.png/png
       retry log10(dt/yr), log10(dt), retry_factor     1   563       -8.475097       -0.975986        0.500000
 grid1/grid1_000565.png/png
 burst_profile/burst_profile000565.png/png
       retry log10(dt/yr), log10(dt), retry_factor     1   567       -8.475097       -0.975986        0.500000
hydro_newton_step failed to accept
       retry log10(dt/yr), log10(dt), retry_factor     1   568       -8.776127       -1.277016        0.500000
       retry log10(dt/yr), log10(dt), retry_factor     2   568       -9.077157       -1.578046        0.500000
       retry log10(dt/yr), log10(dt), retry_factor     1   570       -9.378187       -1.879076        0.500000
 grid1/grid1_000570.png/png
 burst_profile/burst_profile000570.png/png
 grid1/grid1_000575.png/png
 burst_profile/burst_profile000575.png/png
hydro_newton_step failed to accept
       retry log10(dt/yr), log10(dt), retry_factor     1   577       -8.475097       -0.975986        0.500000
hydro_newton_step failed to accept
       retry log10(dt/yr), log10(dt), retry_factor     1   578       -8.475097       -0.975986        0.500000
       retry log10(dt/yr), log10(dt), retry_factor     1   579       -8.475097       -0.975986        0.500000
       retry log10(dt/yr), log10(dt), retry_factor     2   579       -8.776127       -1.277016        0.500000
 have reached retry limit so now backup
       retry log10(dt/yr), log10(dt), retry_factor     1   580       -9.077157       -1.578046        0.500000
       retry log10(dt/yr), log10(dt), retry_factor     2   580       -9.378187       -1.879076        0.500000
 grid1/grid1_000580.png/png
 burst_profile/burst_profile000580.png/png
 grid1/grid1_000585.png/png
 burst_profile/burst_profile000585.png/png
 grid1/grid1_000590.png/png
 burst_profile/burst_profile000590.png/png
 grid1/grid1_000595.png/png
 burst_profile/burst_profile000595.png/png
        600   8.894852  1.417E+07   2.551094   4.661780   1.400000   1.400000   0.000000   0.000000   0.275200   0.021618   3.891647    871    124
  -7.549228   6.621862  -4.792406   2.277780   3.261858  -8.522879   0.000000   0.000000   0.000000   0.020000   0.021886  28.088206      6     23
 5.9086E-04  23.281931   3.974083   4.656589  14.579227  -0.835854   0.000000   0.000000   0.000000   0.000687  9.565E-01 -0.192E-09          dH/H

 grid1/grid1_000600.png/png
 burst_profile/burst_profile000600.png/png
 grid1/grid1_000605.png/png
 burst_profile/burst_profile000605.png/png
 grid1/grid1_000610.png/png
 burst_profile/burst_profile000610.png/png
 grid1/grid1_000615.png/png
 burst_profile/burst_profile000615.png/png
       retry log10(dt/yr), log10(dt), retry_factor     1   618       -7.755682       -0.256570        0.500000
       retry log10(dt/yr), log10(dt), retry_factor     2   618       -8.056712       -0.557600        0.500000
 grid1/grid1_000620.png/png
 burst_profile/burst_profile000620.png/png
       retry log10(dt/yr), log10(dt), retry_factor     1   623       -7.755682       -0.256570        0.500000
       retry log10(dt/yr), log10(dt), retry_factor     2   623       -8.056712       -0.557600        0.500000
 have reached retry limit so now backup
 grid1/grid1_000625.png/png
 burst_profile/burst_profile000625.png/png
       retry log10(dt/yr), log10(dt), retry_factor     1   629       -7.625521       -0.126409        0.500000
 grid1/grid1_000630.png/png
 burst_profile/burst_profile000630.png/png
       retry log10(dt/yr), log10(dt), retry_factor     1   633       -7.625521       -0.126409        0.500000
       retry log10(dt/yr), log10(dt), retry_factor     2   633       -7.926551       -0.427439        0.500000
 have reached retry limit so now backup
 grid1/grid1_000635.png/png
 burst_profile/burst_profile000635.png/png
 grid1/grid1_000640.png/png
 burst_profile/burst_profile000640.png/png
 grid1/grid1_000645.png/png
 burst_profile/burst_profile000645.png/png
 grid1/grid1_000650.png/png
 burst_profile/burst_profile000650.png/png
 grid1/grid1_000655.png/png
 burst_profile/burst_profile000655.png/png
 grid1/grid1_000660.png/png
 burst_profile/burst_profile000660.png/png
 grid1/grid1_000665.png/png
 burst_profile/burst_profile000665.png/png
 grid1/grid1_000670.png/png
 burst_profile/burst_profile000670.png/png
 grid1/grid1_000675.png/png
 burst_profile/burst_profile000675.png/png
 grid1/grid1_000680.png/png
 burst_profile/burst_profile000680.png/png
       retry log10(dt/yr), log10(dt), retry_factor     1   682       -5.618156        1.880955        0.500000
 grid1/grid1_000685.png/png
 burst_profile/burst_profile000685.png/png
       retry log10(dt/yr), log10(dt), retry_factor     1   686       -5.665310        1.833801        0.500000
       retry log10(dt/yr), log10(dt), retry_factor     1   687       -5.966340        1.532771        0.500000
 grid1/grid1_000690.png/png
 burst_profile/burst_profile000690.png/png
 grid1/grid1_000695.png/png
 burst_profile/burst_profile000695.png/png
       retry log10(dt/yr), log10(dt), retry_factor     1   696       -5.559407        1.939705        0.500000
       retry log10(dt/yr), log10(dt), retry_factor     2   696       -5.860437        1.638675        0.500000
 have reached retry limit so now backup
 grid1/grid1_000695.png/png
 burst_profile/burst_profile000695.png/png
       retry log10(dt/yr), log10(dt), retry_factor     1   697       -6.161467        1.337645        0.500000
       retry log10(dt/yr), log10(dt), retry_factor     1   698       -6.462497        1.036615        0.500000
        700   8.335281  3.457E+06   1.405127   1.440231   1.400000   1.400000   0.000000   0.000000   0.275200   0.043075  16.773619    897    138
  -6.161467   6.690198  -4.792886  -1.820005   0.606372  -8.522879   0.000000   0.000000   0.000000   0.020000   0.033077 107.367852      6     26
 7.1159E-04  23.300920   1.522430   0.327291  13.520335  -1.149934   0.000000   0.000000   0.000000   0.000687  9.238E-01 -0.122E-10          hold

 grid1/grid1_000700.png/png
 burst_profile/burst_profile000700.png/png
 grid1/grid1_000705.png/png
 burst_profile/burst_profile000705.png/png
       retry log10(dt/yr), log10(dt), retry_factor     1   708       -5.345075        2.154036        0.500000
 grid1/grid1_000710.png/png
 burst_profile/burst_profile000710.png/png
       retry log10(dt/yr), log10(dt), retry_factor     1   713       -5.467239        2.031872        0.500000
hydro_newton_step failed to accept
       retry log10(dt/yr), log10(dt), retry_factor     2   713       -5.768269        1.730842        0.500000
 grid1/grid1_000715.png/png
 burst_profile/burst_profile000715.png/png
       retry log10(dt/yr), log10(dt), retry_factor     1   718       -5.722616        1.776495        0.500000
hydro_newton_step failed to accept
       retry log10(dt/yr), log10(dt), retry_factor     2   718       -6.023646        1.475465        0.500000
 grid1/grid1_000720.png/png
 burst_profile/burst_profile000720.png/png
       retry log10(dt/yr), log10(dt), retry_factor     1   724       -5.706098        1.793013        0.500000
hydro_newton_step failed to accept
       retry log10(dt/yr), log10(dt), retry_factor     1   725       -6.104038        1.395073        0.500000
hydro_newton_step failed to accept
       retry log10(dt/yr), log10(dt), retry_factor     2   725       -6.405068        1.094043        0.500000
 grid1/grid1_000725.png/png
 burst_profile/burst_profile000725.png/png
       retry log10(dt/yr), log10(dt), retry_factor     1   726       -6.706098        0.793013        0.500000
       retry log10(dt/yr), log10(dt), retry_factor     1   727       -7.007128        0.491983        0.500000
 grid1/grid1_000730.png/png
 burst_profile/burst_profile000730.png/png
       retry log10(dt/yr), log10(dt), retry_factor     1   735       -5.803008        1.696103        0.500000
 grid1/grid1_000735.png/png
 burst_profile/burst_profile000735.png/png
       retry log10(dt/yr), log10(dt), retry_factor     1   736       -6.104038        1.395073        0.500000
hydro_newton_step failed to accept
       retry log10(dt/yr), log10(dt), retry_factor     1   737       -6.495948        1.003163        0.500000
 grid1/grid1_000740.png/png
 burst_profile/burst_profile000740.png/png
       retry log10(dt/yr), log10(dt), retry_factor     1   742       -6.114898        1.384213        0.500000
       retry log10(dt/yr), log10(dt), retry_factor     1   743       -6.474548        1.024563        0.500000
hydro_newton_step failed to accept
       retry log10(dt/yr), log10(dt), retry_factor     1   744       -6.859003        0.640109        0.500000
 grid1/grid1_000745.png/png
 burst_profile/burst_profile000745.png/png
       retry log10(dt/yr), log10(dt), retry_factor     1   748       -6.626674        0.872437        0.500000
       retry log10(dt/yr), log10(dt), retry_factor     2   748       -6.927704        0.571407        0.500000
 grid1/grid1_000750.png/png
 burst_profile/burst_profile000750.png/png
       retry log10(dt/yr), log10(dt), retry_factor     1   751       -7.228734        0.270377        0.500000
       retry log10(dt/yr), log10(dt), retry_factor     1   752       -7.529764       -0.030653        0.500000
       retry log10(dt/yr), log10(dt), retry_factor     1   754       -7.830794       -0.331683        0.500000
       retry log10(dt/yr), log10(dt), retry_factor     1   755       -8.228734       -0.729623        0.500000
 grid1/grid1_000755.png/png
 burst_profile/burst_profile000755.png/png
 grid1/grid1_000760.png/png
 burst_profile/burst_profile000760.png/png
 grid1/grid1_000765.png/png
 burst_profile/burst_profile000765.png/png
 grid1/grid1_000770.png/png
 burst_profile/burst_profile000770.png/png
 grid1/grid1_000775.png/png
 burst_profile/burst_profile000775.png/png
 grid1/grid1_000780.png/png
 burst_profile/burst_profile000780.png/png
hydro_newton_step failed to accept
       retry log10(dt/yr), log10(dt), retry_factor     1   783       -9.357020       -1.857909        0.500000
hydro_newton_step failed to accept
       retry log10(dt/yr), log10(dt), retry_factor     2   783       -9.658050       -2.158939        0.500000
 have reached retry limit so now backup
 grid1/grid1_000785.png/png
 burst_profile/burst_profile000785.png/png
 grid1/grid1_000790.png/png
 burst_profile/burst_profile000790.png/png
hydro_newton_step failed to accept
       retry log10(dt/yr), log10(dt), retry_factor     1   793       -9.221979       -1.722868        0.500000
       retry log10(dt/yr), log10(dt), retry_factor     1   794       -9.310658       -1.811546        0.500000
 grid1/grid1_000795.png/png
 burst_profile/burst_profile000795.png/png
        800   8.455350  1.561E+07   3.554231   6.617857   1.400000   1.400000   0.000000   0.000000   0.275200   0.064606  12.855512    960    164
  -8.376394   6.701788  -4.791986   3.266337   4.155140  -8.522879   0.000000   0.000000   0.000000   0.020000   0.043460  82.161471      7     27
 8.6266E-04  23.323374   4.142716   6.617288  14.637526  -0.867666   0.000000   0.000000   0.000000   0.000687  8.919E-01 -0.237E-08        lgTeff

 grid1/grid1_000800.png/png
 burst_profile/burst_profile000800.png/png
 grid1/grid1_000805.png/png
 burst_profile/burst_profile000805.png/png
 grid1/grid1_000810.png/png
 burst_profile/burst_profile000810.png/png
 grid1/grid1_000815.png/png
 burst_profile/burst_profile000815.png/png
 grid1/grid1_000820.png/png
 burst_profile/burst_profile000820.png/png
 grid1/grid1_000825.png/png
 burst_profile/burst_profile000825.png/png
 grid1/grid1_000830.png/png
 burst_profile/burst_profile000830.png/png
 grid1/grid1_000835.png/png
 burst_profile/burst_profile000835.png/png
 grid1/grid1_000840.png/png
 burst_profile/burst_profile000840.png/png
 grid1/grid1_000845.png/png
 burst_profile/burst_profile000845.png/png
 grid1/grid1_000850.png/png
 burst_profile/burst_profile000850.png/png
       retry log10(dt/yr), log10(dt), retry_factor     1   853       -7.737879       -0.238768        0.500000
       retry log10(dt/yr), log10(dt), retry_factor     1   854       -8.135819       -0.636708        0.500000
hydro_newton_step failed to accept
       retry log10(dt/yr), log10(dt), retry_factor     1   855       -8.489760       -0.990648        0.500000
hydro_newton_step failed to accept
       retry log10(dt/yr), log10(dt), retry_factor     2   855       -8.790790       -1.291678        0.500000
 grid1/grid1_000855.png/png
 burst_profile/burst_profile000855.png/png
       retry log10(dt/yr), log10(dt), retry_factor     1   856       -9.091820       -1.592708        0.500000
 grid1/grid1_000860.png/png
 burst_profile/burst_profile000860.png/png
 grid1/grid1_000865.png/png
 burst_profile/burst_profile000865.png/png
 grid1/grid1_000870.png/png
 burst_profile/burst_profile000870.png/png
 grid1/grid1_000875.png/png
 burst_profile/burst_profile000875.png/png
 grid1/grid1_000880.png/png
 burst_profile/burst_profile000880.png/png
 grid1/grid1_000885.png/png
 burst_profile/burst_profile000885.png/png
 grid1/grid1_000890.png/png
 burst_profile/burst_profile000890.png/png
       retry log10(dt/yr), log10(dt), retry_factor     1   895       -7.758265       -0.259154        0.500000
       retry log10(dt/yr), log10(dt), retry_factor     2   895       -8.059295       -0.560184        0.500000
 grid1/grid1_000895.png/png
 burst_profile/burst_profile000895.png/png
       retry log10(dt/yr), log10(dt), retry_factor     1   900       -7.893632       -0.394521        0.500000
hydro_newton_step failed to accept
       retry log10(dt/yr), log10(dt), retry_factor     2   900       -8.194662       -0.695551        0.500000
 have reached retry limit so now backup
        900   8.833815  1.134E+07   2.061648   3.652240   1.400000   1.400000   0.000000   0.000000   0.275200   0.016790   4.884152    974    173
  -7.893632   6.666428  -4.792570   1.969681   2.817009  -8.522879   0.000000   0.000000   0.000000   0.020000   0.018753  33.451575      6     28
 8.6530E-04  23.323811   3.586263   3.631588  14.482190  -0.764623   0.000000   0.000000   0.000000   0.000687  9.645E-01  0.624E-09          hold

 grid1/grid1_000900.png/png
 burst_profile/burst_profile000900.png/png
 grid1/grid1_000905.png/png
 burst_profile/burst_profile000905.png/png
       retry log10(dt/yr), log10(dt), retry_factor     1   906       -7.733775       -0.234663        0.500000
       retry log10(dt/yr), log10(dt), retry_factor     1   910       -7.780810       -0.281699        0.500000
       retry log10(dt/yr), log10(dt), retry_factor     2   910       -8.081840       -0.582729        0.500000
 have reached retry limit so now backup
 grid1/grid1_000910.png/png
 burst_profile/burst_profile000910.png/png
 grid1/grid1_000915.png/png
 burst_profile/burst_profile000915.png/png
 grid1/grid1_000920.png/png
 burst_profile/burst_profile000920.png/png
 grid1/grid1_000925.png/png
 burst_profile/burst_profile000925.png/png
 grid1/grid1_000930.png/png
 burst_profile/burst_profile000930.png/png

stop because model_number >= max_model_number
      934      934

        934   8.619296  5.917E+06   1.205425   2.059061   1.400000   1.400000   0.000000   0.000000   0.275200   0.016532   8.625325    985    176
  -6.453758   6.693570  -4.792830   0.467815   1.652304  -8.522879   0.000000   0.000000   0.000000   0.020000   0.018137  55.973569      6     29
 8.6905E-04  23.324396   2.456232   1.980380  14.102776  -0.807809   0.000000   0.000000   0.000000   0.000687  9.653E-01  0.406E-11    varcontrol

save LOGS/profile5.data for model 934
save photos/x934 for model 934
save abund_profile_r_co52_pn_ni52_01.data for model 934
 saved to final.mod
termination code: max_model_number
        934   8.619296  5.917E+06   1.205425   2.059061   1.400000   1.400000   0.000000   0.000000   0.275200   0.016532   8.625325    985    176
  -6.453758   6.693570  -4.792830   0.467815   1.652304  -8.522879   0.000000   0.000000   0.000000   0.020000   0.018137  55.973569      6     29
 8.6905E-04  23.324396   2.456232   1.980380  14.102776  -0.807809   0.000000   0.000000   0.000000   0.000687  9.653E-01  0.406E-11      lgT_cntr

DATE: 2020-09-04
TIME: 11:06:42
