starting from 0
DATE: 2020-08-31
TIME: 18:29:22
                                         version_number       10108
 read /hpc/group/physics/al363/sens/base/inlist_base
 read inlist_cluster
load saved model /hpc/group/physics/al363/sens/base/ns_relax.mod

 change to /hpc/group/physics/al363/sens/base/rp_305.net
             set special rate factor for r_cd98_ng_cd99          77    1.0000000000000000D-02
             set special rate factor for r_cd99_gn_cd98          78    1.0000000000000000D-02
             set special rate factor for r_cd98_ng_cd99          77    1.0000000000000000D-02
             set special rate factor for r_cd99_gn_cd98          78    1.0000000000000000D-02
 number of species         305
 read /hpc/group/physics/al363/sens/base/history_customACL.list_tau
 read /hpc/group/physics/al363/sens/base/profile_customACL.list_tau
 net name /hpc/group/physics/al363/sens/base/rp_305.net
 v_flag T
                         which_atm_option: grey_and_kap
                                           xmstar/mstar    4.5461189430843640D-12
                                             xmstar (g)    1.2660395722219186D+22
                                           M_center (g)    2.7848799999878681D+33
                                            xmstar/Msun    6.3645665203193175D-12
                                          M_center/Msun    1.3999999999939012D+00
                                          R_center (cm)    1.1200000000000000D+06
                                          R_center/Rsun    1.6092416448748527D-05
                                           core density    4.7322078204273819D+14
                                          L_center/Lsun    4.1647144567650578D+00
 kappa_file_prefix gs98
 kappa_lowT_prefix lowT_fa05_gs98

   eos_file_prefix mesa
                                        OMP_NUM_THREADS           8


__________________________________________________________________________________________________________________________________________________

       step    lg_Tcntr    Teff       lg_LH     lg_Lnuc     Mass       H_rich     H_cntr     N_cntr     Y_surf     X_avg     eta_cntr  zones retry
   lg_dt_yr    lg_Dcntr    lg_R       lg_L3a    lg_Lneu     lg_Mdot    He_core    He_cntr    O_cntr     Z_surf     Y_avg     gam_cntr  iters bckup
     age_yr    lg_Pcntr    lg_L       lg_LZ     lg_Psurf    lg_Dsurf   C_core     C_cntr     Ne_cntr    Si_cntr    Z_avg     v_div_cs     dt_limit
__________________________________________________________________________________________________________________________________________________

save LOGS/profile1.data for model 2
 grid1/grid1_000005.png/png
 burst_profile/burst_profile000005.png/png
          6   8.165156  1.497E+06   0.087590   0.087976   1.400000   1.400000   0.000000   0.000000   0.275200   0.030886  22.514775    791      0
  -5.817651   6.610341  -4.793035 -18.862378  -1.086578  -8.522879   0.000000   0.000000   0.000000   0.020000   0.011710 149.410225      6      0
 4.0040E-06  23.176196   0.068337  -2.962874  12.744977  -1.553972   0.000000   0.000000   0.000000   0.000687  9.574E-01  0.395E-11      lgT_cntr

save LOGS/profile2.data for model 6
 grid1/grid1_000010.png/png
 burst_profile/burst_profile000010.png/png
 grid1/grid1_000015.png/png
 burst_profile/burst_profile000015.png/png
 grid1/grid1_000020.png/png
 burst_profile/burst_profile000020.png/png
 grid1/grid1_000025.png/png
 burst_profile/burst_profile000025.png/png
       retry log10(dt/yr), log10(dt), retry_factor     1    30       -5.532111        1.967001        0.500000
 grid1/grid1_000030.png/png
 burst_profile/burst_profile000030.png/png
       retry log10(dt/yr), log10(dt), retry_factor     1    35       -5.231081        2.268031        0.500000
 grid1/grid1_000035.png/png
 burst_profile/burst_profile000035.png/png
       retry log10(dt/yr), log10(dt), retry_factor     1    36       -5.532111        1.967001        0.500000
       retry log10(dt/yr), log10(dt), retry_factor     1    40       -5.532111        1.967001        0.500000
 grid1/grid1_000040.png/png
 burst_profile/burst_profile000040.png/png
       retry log10(dt/yr), log10(dt), retry_factor     1    45       -5.231081        2.268031        0.500000
 grid1/grid1_000045.png/png
 burst_profile/burst_profile000045.png/png
       retry log10(dt/yr), log10(dt), retry_factor     1    49       -5.231081        2.268031        0.500000
 grid1/grid1_000050.png/png
 burst_profile/burst_profile000050.png/png
       retry log10(dt/yr), log10(dt), retry_factor     1    53       -5.231081        2.268031        0.500000
 grid1/grid1_000055.png/png
 burst_profile/burst_profile000055.png/png
       retry log10(dt/yr), log10(dt), retry_factor     1    56       -5.532111        1.967001        0.500000
       retry log10(dt/yr), log10(dt), retry_factor     2    56       -5.833141        1.665971        0.500000
 have reached retry limit so now backup
 grid1/grid1_000055.png/png
 burst_profile/burst_profile000055.png/png
       retry log10(dt/yr), log10(dt), retry_factor     1    58       -6.134171        1.364941        0.500000
       retry log10(dt/yr), log10(dt), retry_factor     2    58       -6.435201        1.063911        0.500000
 have reached retry limit so now backup
       retry log10(dt/yr), log10(dt), retry_factor     1    58       -6.736231        0.762881        0.500000
       retry log10(dt/yr), log10(dt), retry_factor     2    58       -7.037261        0.461851        0.500000
 have reached retry limit so now backup
       retry log10(dt/yr), log10(dt), retry_factor     1    60       -7.338291        0.160821        0.500000
       retry log10(dt/yr), log10(dt), retry_factor     2    60       -7.639321       -0.140209        0.500000
 have reached retry limit so now backup
 grid1/grid1_000060.png/png
 burst_profile/burst_profile000060.png/png
       retry log10(dt/yr), log10(dt), retry_factor     1    62       -7.940351       -0.441239        0.500000
       retry log10(dt/yr), log10(dt), retry_factor     2    62       -8.241381       -0.742269        0.500000
 grid1/grid1_000065.png/png
 burst_profile/burst_profile000065.png/png
 grid1/grid1_000070.png/png
 burst_profile/burst_profile000070.png/png
 grid1/grid1_000075.png/png
 burst_profile/burst_profile000075.png/png
       retry log10(dt/yr), log10(dt), retry_factor     1    76       -5.231081        2.268031        0.500000
       retry log10(dt/yr), log10(dt), retry_factor     2    76       -5.532111        1.967001        0.500000
       retry log10(dt/yr), log10(dt), retry_factor     1    77       -5.833141        1.665971        0.500000
       retry log10(dt/yr), log10(dt), retry_factor     2    77       -6.134171        1.364941        0.500000
 have reached retry limit so now backup
       retry log10(dt/yr), log10(dt), retry_factor     1    80       -6.435201        1.063911        0.500000
       retry log10(dt/yr), log10(dt), retry_factor     2    80       -6.736231        0.762881        0.500000
 have reached retry limit so now backup
 grid1/grid1_000080.png/png
 burst_profile/burst_profile000080.png/png
       retry log10(dt/yr), log10(dt), retry_factor     1    81       -7.037261        0.461851        0.500000
       retry log10(dt/yr), log10(dt), retry_factor     2    81       -7.338291        0.160821        0.500000
 have reached retry limit so now backup
 grid1/grid1_000080.png/png
 burst_profile/burst_profile000080.png/png
       retry log10(dt/yr), log10(dt), retry_factor     1    84       -7.639321       -0.140209        0.500000
       retry log10(dt/yr), log10(dt), retry_factor     2    84       -7.940351       -0.441239        0.500000
 have reached retry limit so now backup
       retry log10(dt/yr), log10(dt), retry_factor     1    84       -8.241381       -0.742269        0.500000
 grid1/grid1_000085.png/png
 burst_profile/burst_profile000085.png/png
 grid1/grid1_000090.png/png
 burst_profile/burst_profile000090.png/png
 grid1/grid1_000095.png/png
 burst_profile/burst_profile000095.png/png
       retry log10(dt/yr), log10(dt), retry_factor     1    97       -5.708197        1.790914        0.500000
       retry log10(dt/yr), log10(dt), retry_factor     1    98       -6.029742        1.469369        0.500000
       retry log10(dt/yr), log10(dt), retry_factor     1    99       -6.330772        1.168339        0.500000
        100   8.444841  4.670E+06   2.033172   2.166622   1.400000   1.400000   0.000000   0.000000   0.275200   0.100536  12.226478    752     31
  -6.029742   6.642744  -4.792800   1.206170   1.283423  -8.522879   0.000000   0.000000   0.000000   0.020000   0.058448  80.444496      6      8
 3.1300E-04  23.235090   2.045017   1.357015  13.860470  -0.943582   0.000000   0.000000   0.000000   0.000687  8.410E-01  0.987E-12          hold

 grid1/grid1_000100.png/png
 burst_profile/burst_profile000100.png/png
       retry log10(dt/yr), log10(dt), retry_factor     1   101       -6.631802        0.867309        0.500000
       retry log10(dt/yr), log10(dt), retry_factor     1   103       -6.932832        0.566279        0.500000
hydro_newton_step failed to accept
       retry log10(dt/yr), log10(dt), retry_factor     1   104       -7.233862        0.265249        0.500000
 grid1/grid1_000105.png/png
 burst_profile/burst_profile000105.png/png
       retry log10(dt/yr), log10(dt), retry_factor     1   106       -7.534892       -0.035780        0.500000
       retry log10(dt/yr), log10(dt), retry_factor     1   110       -7.649240       -0.150129        0.500000
       retry log10(dt/yr), log10(dt), retry_factor     2   110       -7.950270       -0.451159        0.500000
 grid1/grid1_000110.png/png
 burst_profile/burst_profile000110.png/png
       retry log10(dt/yr), log10(dt), retry_factor     1   112       -8.333830       -0.834718        0.500000
 grid1/grid1_000115.png/png
 burst_profile/burst_profile000115.png/png
 grid1/grid1_000120.png/png
 burst_profile/burst_profile000120.png/png
 grid1/grid1_000125.png/png
 burst_profile/burst_profile000125.png/png
 grid1/grid1_000130.png/png
 burst_profile/burst_profile000130.png/png
 grid1/grid1_000135.png/png
 burst_profile/burst_profile000135.png/png
 grid1/grid1_000140.png/png
 burst_profile/burst_profile000140.png/png
 grid1/grid1_000145.png/png
 burst_profile/burst_profile000145.png/png
 grid1/grid1_000150.png/png
 burst_profile/burst_profile000150.png/png
 grid1/grid1_000155.png/png
 burst_profile/burst_profile000155.png/png
 grid1/grid1_000160.png/png
 burst_profile/burst_profile000160.png/png
 grid1/grid1_000165.png/png
 burst_profile/burst_profile000165.png/png
                       super eddington wind: lg_Mdot, L/Ledd         166    -9.76056     1.00708
                       super eddington wind: lg_Mdot, L/Ledd         167    -9.00478     1.04031
                       super eddington wind: lg_Mdot, L/Ledd         168    -8.75953     1.07086
                       super eddington wind: lg_Mdot, L/Ledd         169    -8.62667     1.09614
                       super eddington wind: lg_Mdot, L/Ledd         170    -8.52208     1.12216
 grid1/grid1_000170.png/png
 burst_profile/burst_profile000170.png/png
                       super eddington wind: lg_Mdot, L/Ledd         171    -8.42430     1.15285
                       super eddington wind: lg_Mdot, L/Ledd         172    -8.60171     1.10142
                       super eddington wind: lg_Mdot, L/Ledd         173    -8.46097     1.14012
                       super eddington wind: lg_Mdot, L/Ledd         174    -8.38560     1.16676
                       super eddington wind: lg_Mdot, L/Ledd         175    -8.53059     1.11908
 grid1/grid1_000175.png/png
 burst_profile/burst_profile000175.png/png
                       super eddington wind: lg_Mdot, L/Ledd         176    -8.40179     1.16030
                       super eddington wind: lg_Mdot, L/Ledd         177    -8.32983     1.18909
                       super eddington wind: lg_Mdot, L/Ledd         178    -8.44984     1.14290
                       super eddington wind: lg_Mdot, L/Ledd         179    -8.33799     1.18495
                       super eddington wind: lg_Mdot, L/Ledd         180    -8.27474     1.21365
 grid1/grid1_000180.png/png
 burst_profile/burst_profile000180.png/png
                       super eddington wind: lg_Mdot, L/Ledd         181    -8.39338     1.16238
                       super eddington wind: lg_Mdot, L/Ledd         182    -8.29670     1.20270
                       super eddington wind: lg_Mdot, L/Ledd         183    -8.24897     1.22613
                       super eddington wind: lg_Mdot, L/Ledd         184    -8.36501     1.17275
                       super eddington wind: lg_Mdot, L/Ledd         185    -8.27675     1.21154
 grid1/grid1_000185.png/png
 burst_profile/burst_profile000185.png/png
                       super eddington wind: lg_Mdot, L/Ledd         186    -8.24061     1.22974
                       super eddington wind: lg_Mdot, L/Ledd         187    -8.35543     1.17595
                       super eddington wind: lg_Mdot, L/Ledd         188    -8.28313     1.20753
                       super eddington wind: lg_Mdot, L/Ledd         189    -8.25269     1.22240
                       super eddington wind: lg_Mdot, L/Ledd         190    -8.39321     1.16054
 grid1/grid1_000190.png/png
 burst_profile/burst_profile000190.png/png
                       super eddington wind: lg_Mdot, L/Ledd         191    -8.33521     1.18322
                       super eddington wind: lg_Mdot, L/Ledd         192    -8.32233     1.18853
                       super eddington wind: lg_Mdot, L/Ledd         193    -8.51415     1.12106
       retry log10(dt/yr), log10(dt), retry_factor     1   193       -9.066123       -1.567011        0.500000
                       super eddington wind: lg_Mdot, L/Ledd         193    -8.51415     1.12106
       retry log10(dt/yr), log10(dt), retry_factor     2   193       -9.367153       -1.868041        0.500000
                       super eddington wind: lg_Mdot, L/Ledd         193    -8.51415     1.12106
 have reached retry limit so now backup
                       super eddington wind: lg_Mdot, L/Ledd         192    -8.32233     1.18853
                       super eddington wind: lg_Mdot, L/Ledd         193    -8.69717     1.07946
                       super eddington wind: lg_Mdot, L/Ledd         194    -8.39720     1.15852
                       super eddington wind: lg_Mdot, L/Ledd         195    -8.57754     1.10465
 grid1/grid1_000195.png/png
 burst_profile/burst_profile000195.png/png
                       super eddington wind: lg_Mdot, L/Ledd         196    -8.46910     1.13434
                       super eddington wind: lg_Mdot, L/Ledd         197    -8.38954     1.16124
                       super eddington wind: lg_Mdot, L/Ledd         198    -8.53804     1.11447
                       super eddington wind: lg_Mdot, L/Ledd         199    -8.41216     1.15296
                       super eddington wind: lg_Mdot, L/Ledd         200    -8.40299     1.15634
        200   8.945966  2.384E+07   3.730344   6.697278   1.400000   1.400000   0.000000   0.000000   0.295736   0.075991   3.107638    660     40
  -8.813711   6.570895  -4.791536   3.025163   4.389267  -8.402995   0.000000   0.000000   0.000000   0.199892   0.044879  24.011608      6      9
 3.1497E-04  23.235204   4.879871   6.696716  15.061393  -0.896000   0.000000   0.000000   0.000000   0.000687  8.791E-01  0.782E-04    varcontrol

 grid1/grid1_000200.png/png
 burst_profile/burst_profile000200.png/png
                       super eddington wind: lg_Mdot, L/Ledd         201    -8.58077     1.10360
                       super eddington wind: lg_Mdot, L/Ledd         202    -8.44459     1.14184
                       super eddington wind: lg_Mdot, L/Ledd         203    -8.70293     1.07820
                       super eddington wind: lg_Mdot, L/Ledd         204    -8.55278     1.11047
                       super eddington wind: lg_Mdot, L/Ledd         205    -8.46468     1.13524
 grid1/grid1_000205.png/png
 burst_profile/burst_profile000205.png/png
                       super eddington wind: lg_Mdot, L/Ledd         206    -8.72067     1.07492
                       super eddington wind: lg_Mdot, L/Ledd         207    -8.61907     1.09471
                       super eddington wind: lg_Mdot, L/Ledd         208    -8.87025     1.05303
                       super eddington wind: lg_Mdot, L/Ledd         209    -8.71323     1.07610
                       super eddington wind: lg_Mdot, L/Ledd         210    -9.04082     1.03574
 grid1/grid1_000210.png/png
 burst_profile/burst_profile000210.png/png
                       super eddington wind: lg_Mdot, L/Ledd         211    -8.85388     1.05497
                       super eddington wind: lg_Mdot, L/Ledd         212    -9.48003     1.01299
                       super eddington wind: lg_Mdot, L/Ledd         213    -9.11344     1.03019
                       super eddington wind: lg_Mdot, L/Ledd         215    -9.34996     1.01751
 grid1/grid1_000215.png/png
 burst_profile/burst_profile000215.png/png
                       super eddington wind: lg_Mdot, L/Ledd         217    -9.78569     1.00641
 grid1/grid1_000220.png/png
 burst_profile/burst_profile000220.png/png
       retry log10(dt/yr), log10(dt), retry_factor     1   221       -9.167519       -1.668407        0.500000
 grid1/grid1_000225.png/png
 burst_profile/burst_profile000225.png/png
 grid1/grid1_000230.png/png
 burst_profile/burst_profile000230.png/png
 grid1/grid1_000235.png/png
 burst_profile/burst_profile000235.png/png
 grid1/grid1_000240.png/png
 burst_profile/burst_profile000240.png/png
       retry log10(dt/yr), log10(dt), retry_factor     1   242       -7.576288       -0.077176        0.500000
       retry log10(dt/yr), log10(dt), retry_factor     2   242       -7.877318       -0.378206        0.500000
 have reached retry limit so now backup
 grid1/grid1_000245.png/png
 burst_profile/burst_profile000245.png/png
hydro_newton_step failed to accept
       retry log10(dt/yr), log10(dt), retry_factor     1   246       -8.440351       -0.941240        0.500000
hydro_newton_step failed to accept
       retry log10(dt/yr), log10(dt), retry_factor     1   248       -8.230521       -0.731410        0.500000
 grid1/grid1_000250.png/png
 burst_profile/burst_profile000250.png/png
       retry log10(dt/yr), log10(dt), retry_factor     1   253       -7.761170       -0.262058        0.500000
 grid1/grid1_000255.png/png
 burst_profile/burst_profile000255.png/png
       retry log10(dt/yr), log10(dt), retry_factor     1   256       -8.159110       -0.659998        0.500000
       retry log10(dt/yr), log10(dt), retry_factor     2   256       -8.460140       -0.961028        0.500000
 grid1/grid1_000260.png/png
 burst_profile/burst_profile000260.png/png
 grid1/grid1_000265.png/png
 burst_profile/burst_profile000265.png/png
 grid1/grid1_000270.png/png
 burst_profile/burst_profile000270.png/png
 grid1/grid1_000275.png/png
 burst_profile/burst_profile000275.png/png
       retry log10(dt/yr), log10(dt), retry_factor     1   277       -7.769736       -0.270624        0.500000
       retry log10(dt/yr), log10(dt), retry_factor     2   277       -8.070766       -0.571654        0.500000
 have reached retry limit so now backup
 grid1/grid1_000280.png/png
 burst_profile/burst_profile000280.png/png
 grid1/grid1_000285.png/png
 burst_profile/burst_profile000285.png/png
       retry log10(dt/yr), log10(dt), retry_factor     1   289       -7.806909       -0.307797        0.500000
hydro_newton_step failed to accept
       retry log10(dt/yr), log10(dt), retry_factor     2   289       -8.107939       -0.608827        0.500000
 grid1/grid1_000290.png/png
 burst_profile/burst_profile000290.png/png
       retry log10(dt/yr), log10(dt), retry_factor     1   295       -7.509622       -0.010510        0.500000
       retry log10(dt/yr), log10(dt), retry_factor     2   295       -7.810652       -0.311540        0.500000
 have reached retry limit so now backup
 grid1/grid1_000295.png/png
 burst_profile/burst_profile000295.png/png
       retry log10(dt/yr), log10(dt), retry_factor     1   297       -8.111682       -0.612570        0.500000
        300   8.753571  9.243E+06   1.597621   2.967481   1.400000   1.400000   0.000000   0.000000   0.275200   0.019842   5.606771    703     55
  -7.810652   6.617098  -4.792708   1.585436   2.420540  -8.522879   0.000000   0.000000   0.000000   0.020000   0.020204  38.745132      6     12
 3.1844E-04  23.236014   3.231242   2.929299  14.406184  -0.720306   0.000000   0.000000   0.000000   0.000687  9.600E-01  0.338E-09          hold

 grid1/grid1_000300.png/png
 burst_profile/burst_profile000300.png/png
 grid1/grid1_000305.png/png
 burst_profile/burst_profile000305.png/png
 grid1/grid1_000310.png/png
 burst_profile/burst_profile000310.png/png
 grid1/grid1_000315.png/png
 burst_profile/burst_profile000315.png/png
 grid1/grid1_000320.png/png
 burst_profile/burst_profile000320.png/png
 grid1/grid1_000325.png/png
 burst_profile/burst_profile000325.png/png
 grid1/grid1_000330.png/png
 burst_profile/burst_profile000330.png/png
 grid1/grid1_000335.png/png
 burst_profile/burst_profile000335.png/png
 grid1/grid1_000340.png/png
 burst_profile/burst_profile000340.png/png
       retry log10(dt/yr), log10(dt), retry_factor     1   344       -5.326441        2.172670        0.500000
hydro_newton_step failed to accept
       retry log10(dt/yr), log10(dt), retry_factor     2   344       -5.627471        1.871640        0.500000
 have reached retry limit so now backup
       retry log10(dt/yr), log10(dt), retry_factor     1   345       -6.017828        1.481283        0.500000
 grid1/grid1_000345.png/png
 burst_profile/burst_profile000345.png/png
 grid1/grid1_000350.png/png
 burst_profile/burst_profile000350.png/png
       retry log10(dt/yr), log10(dt), retry_factor     1   351       -5.415768        2.083343        0.500000
hydro_newton_step failed to accept
       retry log10(dt/yr), log10(dt), retry_factor     1   354       -5.716798        1.782313        0.500000
hydro_newton_step failed to accept
       retry log10(dt/yr), log10(dt), retry_factor     2   354       -6.017828        1.481283        0.500000
 have reached retry limit so now backup
 grid1/grid1_000355.png/png
 burst_profile/burst_profile000355.png/png
       retry log10(dt/yr), log10(dt), retry_factor     1   356       -6.318858        1.180253        0.500000
 grid1/grid1_000360.png/png
 burst_profile/burst_profile000360.png/png
       retry log10(dt/yr), log10(dt), retry_factor     1   364       -5.386447        2.112665        0.500000
 grid1/grid1_000365.png/png
 burst_profile/burst_profile000365.png/png
       retry log10(dt/yr), log10(dt), retry_factor     1   369       -5.212968        2.286144        0.500000
       retry log10(dt/yr), log10(dt), retry_factor     2   369       -5.513998        1.985114        0.500000
 have reached retry limit so now backup
 grid1/grid1_000370.png/png
 burst_profile/burst_profile000370.png/png
       retry log10(dt/yr), log10(dt), retry_factor     1   374       -5.482968        2.016143        0.500000
 grid1/grid1_000375.png/png
 burst_profile/burst_profile000375.png/png
       retry log10(dt/yr), log10(dt), retry_factor     1   376       -5.783998        1.715113        0.500000
       retry log10(dt/yr), log10(dt), retry_factor     2   376       -6.085028        1.414083        0.500000
 have reached retry limit so now backup
 grid1/grid1_000375.png/png
 burst_profile/burst_profile000375.png/png
       retry log10(dt/yr), log10(dt), retry_factor     1   377       -6.386058        1.113053        0.500000
       retry log10(dt/yr), log10(dt), retry_factor     2   377       -6.687088        0.812023        0.500000
 have reached retry limit so now backup
       retry log10(dt/yr), log10(dt), retry_factor     1   379       -6.988118        0.510993        0.500000
       retry log10(dt/yr), log10(dt), retry_factor     2   379       -7.289148        0.209963        0.500000
 have reached retry limit so now backup
       retry log10(dt/yr), log10(dt), retry_factor     1   380       -7.590178       -0.091067        0.500000
       retry log10(dt/yr), log10(dt), retry_factor     2   380       -7.891208       -0.392097        0.500000
 grid1/grid1_000380.png/png
 burst_profile/burst_profile000380.png/png
 grid1/grid1_000385.png/png
 burst_profile/burst_profile000385.png/png
 grid1/grid1_000390.png/png
 burst_profile/burst_profile000390.png/png
       retry log10(dt/yr), log10(dt), retry_factor     1   392       -5.603880        1.895231        0.500000
 grid1/grid1_000395.png/png
 burst_profile/burst_profile000395.png/png
       retry log10(dt/yr), log10(dt), retry_factor     1   397       -5.644521        1.854591        0.500000
        400   8.373607  3.905E+06   1.667427   1.703900   1.400000   1.400000   0.000000   0.000000   0.275200   0.072356  15.018631    737     76
  -5.343491   6.673379  -4.792845   0.072597   0.836362  -8.522879   0.000000   0.000000   0.000000   0.020000   0.051430  97.037918      6     18
 5.6115E-04  23.277212   1.734146   0.461144  13.658410  -1.065981   0.000000   0.000000   0.000000   0.000687  8.762E-01  0.124E-12          hold

 grid1/grid1_000400.png/png
 burst_profile/burst_profile000400.png/png
hydro_newton_step failed to accept
       retry log10(dt/yr), log10(dt), retry_factor     1   401       -6.042461        1.456651        0.500000
hydro_newton_step failed to accept
       retry log10(dt/yr), log10(dt), retry_factor     2   401       -6.343491        1.155621        0.500000
       retry log10(dt/yr), log10(dt), retry_factor     1   405       -5.690463        1.808649        0.500000
       retry log10(dt/yr), log10(dt), retry_factor     2   405       -5.991493        1.507619        0.500000
 grid1/grid1_000405.png/png
 burst_profile/burst_profile000405.png/png
       retry log10(dt/yr), log10(dt), retry_factor     1   406       -6.321019        1.178092        0.500000
 grid1/grid1_000410.png/png
 burst_profile/burst_profile000410.png/png
       retry log10(dt/yr), log10(dt), retry_factor     1   412       -5.997333        1.501779        0.500000
        412   8.432438  4.565E+06   1.976316   2.126345   1.400000   1.400000   0.000000   0.000000   0.275200   0.075920  13.101160    746     82
  -5.696303   6.674214  -4.792803   1.337386   1.196004  -8.522879   0.000000   0.000000   0.000000   0.020000   0.053488  84.798552      6     18
 5.8583E-04  23.281181   2.005619   1.238721  13.835183  -0.958717   0.000000   0.000000   0.000000   0.000687  8.706E-01  0.295E-10         retry

save LOGS/profile3.data for model 412
       retry log10(dt/yr), log10(dt), retry_factor     1   413       -6.362526        1.136586        0.500000
hydro_newton_step failed to accept
       retry log10(dt/yr), log10(dt), retry_factor     2   413       -6.663556        0.835556        0.500000
hydro_newton_step failed to accept
       retry log10(dt/yr), log10(dt), retry_factor     1   415       -6.964586        0.534526        0.500000
 grid1/grid1_000415.png/png
 burst_profile/burst_profile000415.png/png
       retry log10(dt/yr), log10(dt), retry_factor     1   417       -7.087875        0.411237        0.500000
       retry log10(dt/yr), log10(dt), retry_factor     1   418       -7.388905        0.110207        0.500000
 grid1/grid1_000420.png/png
 burst_profile/burst_profile000420.png/png
       retry log10(dt/yr), log10(dt), retry_factor     1   422       -7.388905        0.110207        0.500000
       retry log10(dt/yr), log10(dt), retry_factor     2   422       -7.689935       -0.190823        0.500000
       retry log10(dt/yr), log10(dt), retry_factor     1   424       -7.990965       -0.491853        0.500000
 grid1/grid1_000425.png/png
 burst_profile/burst_profile000425.png/png
       retry log10(dt/yr), log10(dt), retry_factor     1   427       -8.355275       -0.856164        0.500000
 grid1/grid1_000430.png/png
 burst_profile/burst_profile000430.png/png
 grid1/grid1_000435.png/png
 burst_profile/burst_profile000435.png/png
 grid1/grid1_000440.png/png
 burst_profile/burst_profile000440.png/png
 grid1/grid1_000445.png/png
 burst_profile/burst_profile000445.png/png
 grid1/grid1_000450.png/png
 burst_profile/burst_profile000450.png/png
 grid1/grid1_000455.png/png
 burst_profile/burst_profile000455.png/png
 grid1/grid1_000460.png/png
 burst_profile/burst_profile000460.png/png
 grid1/grid1_000465.png/png
 burst_profile/burst_profile000465.png/png
 grid1/grid1_000470.png/png
 burst_profile/burst_profile000470.png/png
 grid1/grid1_000475.png/png
 burst_profile/burst_profile000475.png/png
 grid1/grid1_000480.png/png
 burst_profile/burst_profile000480.png/png
 grid1/grid1_000485.png/png
 burst_profile/burst_profile000485.png/png
 grid1/grid1_000490.png/png
 burst_profile/burst_profile000490.png/png
 grid1/grid1_000495.png/png
 burst_profile/burst_profile000495.png/png
        500   8.833085  2.235E+07   3.557517   6.603862   1.400000   1.400000   0.000000   0.000000   0.281438   0.058392   4.687847    767     91
  -8.200125   6.635686  -4.791695   2.939450   4.272874  -8.522879   0.000000   0.000000   0.000000   0.260398   0.038394  32.726467      7     18
 5.8806E-04  23.281375   4.767554   6.603377  14.987500  -0.837204   0.000000   0.000000   0.000000   0.000687  9.032E-01  0.122E-07      lgT_cntr

save LOGS/profile4.data for model 500
save photos/x500 for model 500
 grid1/grid1_000500.png/png
 burst_profile/burst_profile000500.png/png
 grid1/grid1_000505.png/png
 burst_profile/burst_profile000505.png/png
 grid1/grid1_000510.png/png
 burst_profile/burst_profile000510.png/png
 grid1/grid1_000515.png/png
 burst_profile/burst_profile000515.png/png
 grid1/grid1_000520.png/png
 burst_profile/burst_profile000520.png/png
       retry log10(dt/yr), log10(dt), retry_factor     1   521       -7.740851       -0.241739        0.500000
       retry log10(dt/yr), log10(dt), retry_factor     2   521       -8.041881       -0.542769        0.500000
 have reached retry limit so now backup
 grid1/grid1_000520.png/png
 burst_profile/burst_profile000520.png/png
hydro_newton_step failed to accept
       retry log10(dt/yr), log10(dt), retry_factor     1   525       -8.287842       -0.788730        0.500000
hydro_newton_step failed to accept
       retry log10(dt/yr), log10(dt), retry_factor     2   525       -8.588872       -1.089760        0.500000
 grid1/grid1_000525.png/png
 burst_profile/burst_profile000525.png/png
       retry log10(dt/yr), log10(dt), retry_factor     1   526       -8.934206       -1.435095        0.500000
       retry log10(dt/yr), log10(dt), retry_factor     2   526       -9.235236       -1.736125        0.500000
       retry log10(dt/yr), log10(dt), retry_factor     1   530       -9.235236       -1.736125        0.500000
 grid1/grid1_000530.png/png
 burst_profile/burst_profile000530.png/png
 grid1/grid1_000535.png/png
 burst_profile/burst_profile000535.png/png
       retry log10(dt/yr), log10(dt), retry_factor     1   536       -8.633176       -1.134065        0.500000
       retry log10(dt/yr), log10(dt), retry_factor     2   536       -8.934206       -1.435095        0.500000
 grid1/grid1_000540.png/png
 burst_profile/burst_profile000540.png/png
hydro_newton_step failed to accept
       retry log10(dt/yr), log10(dt), retry_factor     1   542       -8.332146       -0.833035        0.500000
 grid1/grid1_000545.png/png
 burst_profile/burst_profile000545.png/png
 grid1/grid1_000550.png/png
 burst_profile/burst_profile000550.png/png
 grid1/grid1_000555.png/png
 burst_profile/burst_profile000555.png/png
 grid1/grid1_000560.png/png
 burst_profile/burst_profile000560.png/png
 grid1/grid1_000565.png/png
 burst_profile/burst_profile000565.png/png
       retry log10(dt/yr), log10(dt), retry_factor     1   566       -7.828314       -0.329203        0.500000
       retry log10(dt/yr), log10(dt), retry_factor     2   566       -8.129344       -0.630233        0.500000
 grid1/grid1_000570.png/png
 burst_profile/burst_profile000570.png/png
 grid1/grid1_000575.png/png
 burst_profile/burst_profile000575.png/png
       retry log10(dt/yr), log10(dt), retry_factor     1   576       -7.758742       -0.259630        0.500000
hydro_newton_step failed to accept
       retry log10(dt/yr), log10(dt), retry_factor     2   576       -8.059772       -0.560660        0.500000
 have reached retry limit so now backup
 grid1/grid1_000575.png/png
 burst_profile/burst_profile000575.png/png
 grid1/grid1_000580.png/png
 burst_profile/burst_profile000580.png/png
       retry log10(dt/yr), log10(dt), retry_factor     1   582       -7.677812       -0.178701        0.500000
 grid1/grid1_000585.png/png
 burst_profile/burst_profile000585.png/png
       retry log10(dt/yr), log10(dt), retry_factor     1   586       -7.720413       -0.221301        0.500000
hydro_newton_step failed to accept
       retry log10(dt/yr), log10(dt), retry_factor     2   586       -8.021443       -0.522331        0.500000
 have reached retry limit so now backup
 grid1/grid1_000585.png/png
 burst_profile/burst_profile000585.png/png
 grid1/grid1_000590.png/png
 burst_profile/burst_profile000590.png/png
 grid1/grid1_000595.png/png
 burst_profile/burst_profile000595.png/png
        600   8.719626  7.771E+06   1.333091   2.472621   1.400000   1.400000   0.000000   0.000000   0.275200   0.017371   6.418241    788    108
  -7.005731   6.654391  -4.792767   1.268323   1.978171  -8.522879   0.000000   0.000000   0.000000   0.020000   0.019418  43.111512      6     21
 5.9177E-04  23.282129   2.929959   2.409639  14.313756  -0.724596   0.000000   0.000000   0.000000   0.000687  9.632E-01  0.563E-10        lgTeff

 grid1/grid1_000600.png/png
 burst_profile/burst_profile000600.png/png
 grid1/grid1_000605.png/png
 burst_profile/burst_profile000605.png/png
 grid1/grid1_000610.png/png
 burst_profile/burst_profile000610.png/png
 grid1/grid1_000615.png/png
 burst_profile/burst_profile000615.png/png
 grid1/grid1_000620.png/png
 burst_profile/burst_profile000620.png/png
 grid1/grid1_000625.png/png
 burst_profile/burst_profile000625.png/png
 grid1/grid1_000630.png/png
 burst_profile/burst_profile000630.png/png
 grid1/grid1_000635.png/png
 burst_profile/burst_profile000635.png/png
       retry log10(dt/yr), log10(dt), retry_factor     1   638       -5.603177        1.895934        0.500000
       retry log10(dt/yr), log10(dt), retry_factor     1   639       -5.904207        1.594904        0.500000
 grid1/grid1_000640.png/png
 burst_profile/burst_profile000640.png/png
       retry log10(dt/yr), log10(dt), retry_factor     1   644       -5.771656        1.727456        0.500000
 grid1/grid1_000645.png/png
 burst_profile/burst_profile000645.png/png
       retry log10(dt/yr), log10(dt), retry_factor     1   649       -5.625839        1.873273        0.500000
       retry log10(dt/yr), log10(dt), retry_factor     1   650       -5.926869        1.572243        0.500000
 grid1/grid1_000650.png/png
 burst_profile/burst_profile000650.png/png
 grid1/grid1_000655.png/png
 burst_profile/burst_profile000655.png/png
       retry log10(dt/yr), log10(dt), retry_factor     1   659       -5.547690        1.951422        0.500000
       retry log10(dt/yr), log10(dt), retry_factor     2   659       -5.848720        1.650392        0.500000
 have reached retry limit so now backup
 grid1/grid1_000660.png/png
 burst_profile/burst_profile000660.png/png
       retry log10(dt/yr), log10(dt), retry_factor     1   665       -5.467154        2.031958        0.500000
 grid1/grid1_000665.png/png
 burst_profile/burst_profile000665.png/png
       retry log10(dt/yr), log10(dt), retry_factor     1   669       -5.556736        1.942375        0.500000
hydro_newton_step failed to accept
       retry log10(dt/yr), log10(dt), retry_factor     1   670       -5.954676        1.544435        0.500000
 grid1/grid1_000670.png/png
 burst_profile/burst_profile000670.png/png
       retry log10(dt/yr), log10(dt), retry_factor     1   675       -5.573163        1.925948        0.500000
 grid1/grid1_000675.png/png
 burst_profile/burst_profile000675.png/png
       retry log10(dt/yr), log10(dt), retry_factor     1   676       -5.874193        1.624918        0.500000
       retry log10(dt/yr), log10(dt), retry_factor     2   676       -6.175223        1.323888        0.500000
 have reached retry limit so now backup
 grid1/grid1_000675.png/png
 burst_profile/burst_profile000675.png/png
       retry log10(dt/yr), log10(dt), retry_factor     1   678       -6.476253        1.022858        0.500000
 grid1/grid1_000680.png/png
 burst_profile/burst_profile000680.png/png
       retry log10(dt/yr), log10(dt), retry_factor     1   682       -6.476253        1.022858        0.500000
 grid1/grid1_000685.png/png
 burst_profile/burst_profile000685.png/png
       retry log10(dt/yr), log10(dt), retry_factor     1   689       -5.684172        1.814940        0.500000
 grid1/grid1_000690.png/png
 burst_profile/burst_profile000690.png/png
       retry log10(dt/yr), log10(dt), retry_factor     1   693       -5.714066        1.785046        0.500000
       retry log10(dt/yr), log10(dt), retry_factor     1   695       -6.067803        1.431308        0.500000
       retry log10(dt/yr), log10(dt), retry_factor     2   695       -6.368833        1.130278        0.500000
 have reached retry limit so now backup
 grid1/grid1_000695.png/png
 burst_profile/burst_profile000695.png/png
        700   8.412693  4.309E+06   1.856981   1.941809   1.400000   1.400000   0.000000   0.000000   0.275200   0.068297  14.222039    830    127
  -5.541329   6.702647  -4.792806   0.980848   1.031307  -8.522879   0.000000   0.000000   0.000000   0.020000   0.050046  90.700826      6     24
 8.5618E-04  23.322517   1.905508   0.774485  13.770459  -0.997720   0.000000   0.000000   0.000000   0.000687  8.817E-01 -0.639E-12  max increase

 grid1/grid1_000700.png/png
 burst_profile/burst_profile000700.png/png
       retry log10(dt/yr), log10(dt), retry_factor     1   701       -5.994022        1.505089        0.500000
       retry log10(dt/yr), log10(dt), retry_factor     1   702       -6.297684        1.201428        0.500000
       retry log10(dt/yr), log10(dt), retry_factor     1   703       -6.598714        0.900398        0.500000
       retry log10(dt/yr), log10(dt), retry_factor     1   705       -6.910288        0.588824        0.500000
       retry log10(dt/yr), log10(dt), retry_factor     2   705       -7.211318        0.287794        0.500000
 have reached retry limit so now backup
 grid1/grid1_000705.png/png
 burst_profile/burst_profile000705.png/png
       retry log10(dt/yr), log10(dt), retry_factor     1   710       -6.910288        0.588824        0.500000
 grid1/grid1_000710.png/png
 burst_profile/burst_profile000710.png/png
       retry log10(dt/yr), log10(dt), retry_factor     1   711       -7.211318        0.287794        0.500000
       retry log10(dt/yr), log10(dt), retry_factor     1   713       -7.512348       -0.013236        0.500000
 grid1/grid1_000715.png/png
 burst_profile/burst_profile000715.png/png
       retry log10(dt/yr), log10(dt), retry_factor     1   716       -7.813378       -0.314266        0.500000
       retry log10(dt/yr), log10(dt), retry_factor     1   719       -8.114408       -0.615296        0.500000
       retry log10(dt/yr), log10(dt), retry_factor     2   719       -8.415438       -0.916326        0.500000
 grid1/grid1_000720.png/png
 burst_profile/burst_profile000720.png/png
 grid1/grid1_000725.png/png
 burst_profile/burst_profile000725.png/png
 grid1/grid1_000730.png/png
 burst_profile/burst_profile000730.png/png
 grid1/grid1_000735.png/png
 burst_profile/burst_profile000735.png/png
 grid1/grid1_000740.png/png
 burst_profile/burst_profile000740.png/png
 grid1/grid1_000745.png/png
 burst_profile/burst_profile000745.png/png
 grid1/grid1_000750.png/png
 burst_profile/burst_profile000750.png/png
 grid1/grid1_000755.png/png
 burst_profile/burst_profile000755.png/png
hydro_newton_step failed to accept
       retry log10(dt/yr), log10(dt), retry_factor     1   756       -9.285242       -1.786130        0.500000
       retry log10(dt/yr), log10(dt), retry_factor     1   757       -9.285242       -1.786130        0.500000
 grid1/grid1_000760.png/png
 burst_profile/burst_profile000760.png/png
 grid1/grid1_000765.png/png
 burst_profile/burst_profile000765.png/png
 grid1/grid1_000770.png/png
 burst_profile/burst_profile000770.png/png
 grid1/grid1_000775.png/png
 burst_profile/burst_profile000775.png/png
 grid1/grid1_000780.png/png
 burst_profile/burst_profile000780.png/png
 grid1/grid1_000785.png/png
 burst_profile/burst_profile000785.png/png
 grid1/grid1_000790.png/png
 burst_profile/burst_profile000790.png/png
 grid1/grid1_000795.png/png
 burst_profile/burst_profile000795.png/png
        800   8.904433  2.092E+07   3.468383   6.424857   1.400000   1.400000   0.000000   0.000000   0.278083   0.047109   3.951522    873    140
  -7.771529   6.650266  -4.791836   2.894384   4.106700  -8.522879   0.000000   0.000000   0.000000   0.288001   0.033313  28.080911      7     25
 8.6177E-04  23.323177   4.651784   6.424249  14.915411  -0.797043   0.000000   0.000000   0.000000   0.000687  9.196E-01  0.242E-07      lgT_cntr

 grid1/grid1_000800.png/png
 burst_profile/burst_profile000800.png/png
 grid1/grid1_000805.png/png
 burst_profile/burst_profile000805.png/png
 grid1/grid1_000810.png/png
 burst_profile/burst_profile000810.png/png
       retry log10(dt/yr), log10(dt), retry_factor     1   814       -7.811209       -0.312097        0.500000
       retry log10(dt/yr), log10(dt), retry_factor     1   815       -8.209149       -0.710037        0.500000
       retry log10(dt/yr), log10(dt), retry_factor     2   815       -8.510179       -1.011067        0.500000
 have reached retry limit so now backup
 grid1/grid1_000815.png/png
 burst_profile/burst_profile000815.png/png
hydro_newton_step failed to accept
       retry log10(dt/yr), log10(dt), retry_factor     1   818       -8.811209       -1.312097        0.500000
       retry log10(dt/yr), log10(dt), retry_factor     2   818       -9.112239       -1.613127        0.500000
 have reached retry limit so now backup
 grid1/grid1_000820.png/png
 burst_profile/burst_profile000820.png/png
       retry log10(dt/yr), log10(dt), retry_factor     1   821       -9.413269       -1.914157        0.500000
 grid1/grid1_000825.png/png
 burst_profile/burst_profile000825.png/png
hydro_newton_step failed to accept
       retry log10(dt/yr), log10(dt), retry_factor     1   827       -8.811209       -1.312097        0.500000
 grid1/grid1_000830.png/png
 burst_profile/burst_profile000830.png/png
hydro_newton_step failed to accept
       retry log10(dt/yr), log10(dt), retry_factor     1   832       -7.980207       -0.481095        0.500000
hydro_newton_step failed to accept
       retry log10(dt/yr), log10(dt), retry_factor     2   832       -8.281237       -0.782125        0.500000
       retry log10(dt/yr), log10(dt), retry_factor     1   835       -8.014344       -0.515233        0.500000
       retry log10(dt/yr), log10(dt), retry_factor     2   835       -8.315374       -0.816263        0.500000
 have reached retry limit so now backup
 grid1/grid1_000835.png/png
 burst_profile/burst_profile000835.png/png
 grid1/grid1_000840.png/png
 burst_profile/burst_profile000840.png/png
 grid1/grid1_000845.png/png
 burst_profile/burst_profile000845.png/png
 grid1/grid1_000850.png/png
 burst_profile/burst_profile000850.png/png
 grid1/grid1_000855.png/png
 burst_profile/burst_profile000855.png/png
 grid1/grid1_000860.png/png
 burst_profile/burst_profile000860.png/png
hydro_newton_step failed to accept
       retry log10(dt/yr), log10(dt), retry_factor     1   861       -7.768472       -0.269361        0.500000
       retry log10(dt/yr), log10(dt), retry_factor     2   861       -8.069502       -0.570391        0.500000
 grid1/grid1_000865.png/png
 burst_profile/burst_profile000865.png/png
       retry log10(dt/yr), log10(dt), retry_factor     1   866       -7.827712       -0.328600        0.500000
       retry log10(dt/yr), log10(dt), retry_factor     2   866       -8.128742       -0.629630        0.500000
 grid1/grid1_000870.png/png
 burst_profile/burst_profile000870.png/png
       retry log10(dt/yr), log10(dt), retry_factor     1   874       -7.841020       -0.341908        0.500000
       retry log10(dt/yr), log10(dt), retry_factor     2   874       -8.142050       -0.642938        0.500000
 have reached retry limit so now backup
 grid1/grid1_000875.png/png
 burst_profile/burst_profile000875.png/png
 grid1/grid1_000880.png/png
 burst_profile/burst_profile000880.png/png
       retry log10(dt/yr), log10(dt), retry_factor     1   882       -7.712100       -0.212989        0.500000
       retry log10(dt/yr), log10(dt), retry_factor     2   882       -8.013130       -0.514019        0.500000
 grid1/grid1_000885.png/png
 burst_profile/burst_profile000885.png/png
 grid1/grid1_000890.png/png
 burst_profile/burst_profile000890.png/png
 grid1/grid1_000895.png/png
 burst_profile/burst_profile000895.png/png
        900   8.685394  6.854E+06   1.247519   2.229418   1.400000   1.400000   0.000000   0.000000   0.275200   0.015992   7.293056    878    159
  -6.677507   6.687496  -4.792793   0.939682   1.785918  -8.522879   0.000000   0.000000   0.000000   0.020000   0.018058  47.847644      6     29
 8.6626E-04  23.323983   2.711602   2.155980  14.226560  -0.751840   0.000000   0.000000   0.000000   0.000687  9.659E-01  0.263E-10    varcontrol

 grid1/grid1_000900.png/png
 burst_profile/burst_profile000900.png/png
 grid1/grid1_000905.png/png
 burst_profile/burst_profile000905.png/png

stop because model_number >= max_model_number
      906      906

        906   8.615259  5.867E+06   1.203398   2.050007   1.400000   1.400000   0.000000   0.000000   0.275200   0.016335   8.711458    883    159
  -6.509914   6.693762  -4.792834   0.441190   1.645136  -8.522879   0.000000   0.000000   0.000000   0.020000   0.018134  56.504647      6     29
 8.6795E-04  23.324236   2.441573   1.970665  14.094966  -0.811776   0.000000   0.000000   0.000000   0.000687  9.655E-01  0.563E-11      lgT_cntr

save LOGS/profile5.data for model 906
save photos/x906 for model 906
save abund_profile_r_cd98_ng_cd99_01.data for model 906
 saved to final.mod
termination code: max_model_number
        906   8.615259  5.867E+06   1.203398   2.050007   1.400000   1.400000   0.000000   0.000000   0.275200   0.016335   8.711458    883    159
  -6.509914   6.693762  -4.792834   0.441190   1.645136  -8.522879   0.000000   0.000000   0.000000   0.020000   0.018134  56.504647      6     29
 8.6795E-04  23.324236   2.441573   1.970665  14.094966  -0.811776   0.000000   0.000000   0.000000   0.000687  9.655E-01  0.563E-11      lgT_cntr

DATE: 2020-09-01
TIME: 08:13:47
