                                         version_number       10108
 read /hpc/group/physics/al363/sens/base/inlist_base
 read inlist_cluster
load saved model /hpc/group/physics/al363/sens/base/ns_relax.mod

 change to /hpc/group/physics/al363/sens/base/rp_305.net
             set special rate factor for r_cu55_ng_cu56         119    1.0000000000000000D+02
             set special rate factor for r_cu56_gn_cu55         120    1.0000000000000000D+02
             set special rate factor for r_cu55_ng_cu56         119    1.0000000000000000D+02
             set special rate factor for r_cu56_gn_cu55         120    1.0000000000000000D+02
 number of species         305
 read /hpc/group/physics/al363/sens/base/history_customACL.list
 read /hpc/group/physics/al363/sens/base/profile_customACL.list
 net name /hpc/group/physics/al363/sens/base/rp_305.net
 v_flag T
                         which_atm_option: grey_and_kap
                                           xmstar/mstar    4.5461189430843640D-12
                                             xmstar (g)    1.2660395722219186D+22
                                           M_center (g)    2.7848799999878681D+33
                                            xmstar/Msun    6.3645665203193175D-12
                                          M_center/Msun    1.3999999999939012D+00
                                          R_center (cm)    1.1200000000000000D+06
                                          R_center/Rsun    1.6092416448748527D-05
                                           core density    4.7322078204273819D+14
                                          L_center/Lsun    4.1647144567650578D+00
 kappa_file_prefix gs98
 kappa_lowT_prefix lowT_fa05_gs98

   eos_file_prefix mesa
                                        OMP_NUM_THREADS           8


__________________________________________________________________________________________________________________________________________________

       step    lg_Tcntr    Teff       lg_LH     lg_Lnuc     Mass       H_rich     H_cntr     N_cntr     Y_surf     X_avg     eta_cntr  zones retry
   lg_dt_yr    lg_Dcntr    lg_R       lg_L3a    lg_Lneu     lg_Mdot    He_core    He_cntr    O_cntr     Z_surf     Y_avg     gam_cntr  iters bckup
     age_yr    lg_Pcntr    lg_L       lg_LZ     lg_Psurf    lg_Dsurf   C_core     C_cntr     Ne_cntr    Si_cntr    Z_avg     v_div_cs     dt_limit
__________________________________________________________________________________________________________________________________________________

save LOGS/profile1.data for model 2
 grid1/grid1_000005.png/png
 burst_profile/burst_profile000005.png/png
          6   8.165156  1.497E+06   0.087590   0.087976   1.400000   1.400000   0.000000   0.000000   0.275200   0.030886  22.514775    791      0
  -5.817651   6.610341  -4.793035 -18.862378  -1.086578  -8.522879   0.000000   0.000000   0.000000   0.020000   0.011710 149.410225      6      0
 4.0040E-06  23.176196   0.068337  -2.962874  12.744977  -1.553972   0.000000   0.000000   0.000000   0.000687  9.574E-01  0.395E-11      lgT_cntr

save LOGS/profile2.data for model 6
 grid1/grid1_000010.png/png
 burst_profile/burst_profile000010.png/png
 grid1/grid1_000015.png/png
 burst_profile/burst_profile000015.png/png
 grid1/grid1_000020.png/png
 burst_profile/burst_profile000020.png/png
 grid1/grid1_000025.png/png
 burst_profile/burst_profile000025.png/png
       retry log10(dt/yr), log10(dt), retry_factor     1    30       -5.532111        1.967001        0.500000
 grid1/grid1_000030.png/png
 burst_profile/burst_profile000030.png/png
       retry log10(dt/yr), log10(dt), retry_factor     1    35       -5.231081        2.268031        0.500000
 grid1/grid1_000035.png/png
 burst_profile/burst_profile000035.png/png
       retry log10(dt/yr), log10(dt), retry_factor     1    36       -5.532111        1.967001        0.500000
       retry log10(dt/yr), log10(dt), retry_factor     1    40       -5.532111        1.967001        0.500000
 grid1/grid1_000040.png/png
 burst_profile/burst_profile000040.png/png
       retry log10(dt/yr), log10(dt), retry_factor     1    45       -5.231081        2.268031        0.500000
 grid1/grid1_000045.png/png
 burst_profile/burst_profile000045.png/png
       retry log10(dt/yr), log10(dt), retry_factor     1    49       -5.231081        2.268031        0.500000
 grid1/grid1_000050.png/png
 burst_profile/burst_profile000050.png/png
       retry log10(dt/yr), log10(dt), retry_factor     1    53       -5.231081        2.268031        0.500000
 grid1/grid1_000055.png/png
 burst_profile/burst_profile000055.png/png
       retry log10(dt/yr), log10(dt), retry_factor     1    56       -5.532111        1.967001        0.500000
       retry log10(dt/yr), log10(dt), retry_factor     2    56       -5.833141        1.665971        0.500000
 have reached retry limit so now backup
 grid1/grid1_000055.png/png
 burst_profile/burst_profile000055.png/png
       retry log10(dt/yr), log10(dt), retry_factor     1    58       -6.134171        1.364941        0.500000
       retry log10(dt/yr), log10(dt), retry_factor     2    58       -6.435201        1.063911        0.500000
 have reached retry limit so now backup
       retry log10(dt/yr), log10(dt), retry_factor     1    58       -6.736231        0.762881        0.500000
       retry log10(dt/yr), log10(dt), retry_factor     2    58       -7.037261        0.461851        0.500000
 have reached retry limit so now backup
       retry log10(dt/yr), log10(dt), retry_factor     1    60       -7.338291        0.160821        0.500000
       retry log10(dt/yr), log10(dt), retry_factor     2    60       -7.639321       -0.140209        0.500000
 have reached retry limit so now backup
 grid1/grid1_000060.png/png
 burst_profile/burst_profile000060.png/png
       retry log10(dt/yr), log10(dt), retry_factor     1    62       -7.940351       -0.441239        0.500000
       retry log10(dt/yr), log10(dt), retry_factor     2    62       -8.241381       -0.742269        0.500000
 grid1/grid1_000065.png/png
 burst_profile/burst_profile000065.png/png
 grid1/grid1_000070.png/png
 burst_profile/burst_profile000070.png/png
 grid1/grid1_000075.png/png
 burst_profile/burst_profile000075.png/png
       retry log10(dt/yr), log10(dt), retry_factor     1    76       -5.231081        2.268031        0.500000
       retry log10(dt/yr), log10(dt), retry_factor     2    76       -5.532111        1.967001        0.500000
       retry log10(dt/yr), log10(dt), retry_factor     1    77       -5.833141        1.665971        0.500000
       retry log10(dt/yr), log10(dt), retry_factor     2    77       -6.134171        1.364941        0.500000
 have reached retry limit so now backup
       retry log10(dt/yr), log10(dt), retry_factor     1    80       -6.435201        1.063911        0.500000
       retry log10(dt/yr), log10(dt), retry_factor     2    80       -6.736231        0.762881        0.500000
 have reached retry limit so now backup
 grid1/grid1_000080.png/png
 burst_profile/burst_profile000080.png/png
       retry log10(dt/yr), log10(dt), retry_factor     1    81       -7.037261        0.461851        0.500000
       retry log10(dt/yr), log10(dt), retry_factor     2    81       -7.338291        0.160821        0.500000
 have reached retry limit so now backup
 grid1/grid1_000080.png/png
 burst_profile/burst_profile000080.png/png
       retry log10(dt/yr), log10(dt), retry_factor     1    84       -7.639321       -0.140209        0.500000
       retry log10(dt/yr), log10(dt), retry_factor     2    84       -7.940351       -0.441239        0.500000
 have reached retry limit so now backup
       retry log10(dt/yr), log10(dt), retry_factor     1    84       -8.241381       -0.742269        0.500000
 grid1/grid1_000085.png/png
 burst_profile/burst_profile000085.png/png
 grid1/grid1_000090.png/png
 burst_profile/burst_profile000090.png/png
 grid1/grid1_000095.png/png
 burst_profile/burst_profile000095.png/png
       retry log10(dt/yr), log10(dt), retry_factor     1    97       -5.708197        1.790914        0.500000
       retry log10(dt/yr), log10(dt), retry_factor     1    98       -6.029742        1.469369        0.500000
       retry log10(dt/yr), log10(dt), retry_factor     1    99       -6.330772        1.168339        0.500000
        100   8.444841  4.670E+06   2.033172   2.166622   1.400000   1.400000   0.000000   0.000000   0.275200   0.100536  12.226478    752     31
  -6.029742   6.642744  -4.792800   1.206170   1.283423  -8.522879   0.000000   0.000000   0.000000   0.020000   0.058448  80.444496      6      8
 3.1300E-04  23.235090   2.045017   1.357015  13.860470  -0.943582   0.000000   0.000000   0.000000   0.000687  8.410E-01  0.987E-12          hold

 grid1/grid1_000100.png/png
 burst_profile/burst_profile000100.png/png
       retry log10(dt/yr), log10(dt), retry_factor     1   101       -6.631802        0.867309        0.500000
       retry log10(dt/yr), log10(dt), retry_factor     1   103       -6.932832        0.566279        0.500000
hydro_newton_step failed to accept
       retry log10(dt/yr), log10(dt), retry_factor     1   104       -7.233862        0.265249        0.500000
 grid1/grid1_000105.png/png
 burst_profile/burst_profile000105.png/png
       retry log10(dt/yr), log10(dt), retry_factor     1   106       -7.534892       -0.035780        0.500000
       retry log10(dt/yr), log10(dt), retry_factor     1   110       -7.649240       -0.150129        0.500000
       retry log10(dt/yr), log10(dt), retry_factor     2   110       -7.950270       -0.451159        0.500000
 grid1/grid1_000110.png/png
 burst_profile/burst_profile000110.png/png
       retry log10(dt/yr), log10(dt), retry_factor     1   112       -8.333830       -0.834718        0.500000
 grid1/grid1_000115.png/png
 burst_profile/burst_profile000115.png/png
 grid1/grid1_000120.png/png
 burst_profile/burst_profile000120.png/png
 grid1/grid1_000125.png/png
 burst_profile/burst_profile000125.png/png
 grid1/grid1_000130.png/png
 burst_profile/burst_profile000130.png/png
 grid1/grid1_000135.png/png
 burst_profile/burst_profile000135.png/png
 grid1/grid1_000140.png/png
 burst_profile/burst_profile000140.png/png
 grid1/grid1_000145.png/png
 burst_profile/burst_profile000145.png/png
 grid1/grid1_000150.png/png
 burst_profile/burst_profile000150.png/png
 grid1/grid1_000155.png/png
 burst_profile/burst_profile000155.png/png
 grid1/grid1_000160.png/png
 burst_profile/burst_profile000160.png/png
 grid1/grid1_000165.png/png
 burst_profile/burst_profile000165.png/png
                       super eddington wind: lg_Mdot, L/Ledd         166    -9.76195     1.00706
                       super eddington wind: lg_Mdot, L/Ledd         167    -9.00514     1.04027
                       super eddington wind: lg_Mdot, L/Ledd         168    -8.75973     1.07082
                       super eddington wind: lg_Mdot, L/Ledd         169    -8.62681     1.09610
                       super eddington wind: lg_Mdot, L/Ledd         170    -8.52218     1.12213
 grid1/grid1_000170.png/png
 burst_profile/burst_profile000170.png/png
                       super eddington wind: lg_Mdot, L/Ledd         171    -8.42437     1.15283
                       super eddington wind: lg_Mdot, L/Ledd         172    -8.60150     1.10147
                       super eddington wind: lg_Mdot, L/Ledd         173    -8.46109     1.14007
                       super eddington wind: lg_Mdot, L/Ledd         174    -8.38621     1.16647
                       super eddington wind: lg_Mdot, L/Ledd         175    -8.52894     1.11959
 grid1/grid1_000175.png/png
 burst_profile/burst_profile000175.png/png
                       super eddington wind: lg_Mdot, L/Ledd         176    -8.40061     1.16080
                       super eddington wind: lg_Mdot, L/Ledd         177    -8.32882     1.18961
                       super eddington wind: lg_Mdot, L/Ledd         178    -8.44896     1.14324
                       super eddington wind: lg_Mdot, L/Ledd         179    -8.33825     1.18481
                       super eddington wind: lg_Mdot, L/Ledd         180    -8.27481     1.21357
 grid1/grid1_000180.png/png
 burst_profile/burst_profile000180.png/png
                       super eddington wind: lg_Mdot, L/Ledd         181    -8.39430     1.16201
                       super eddington wind: lg_Mdot, L/Ledd         182    -8.30189     1.20026
                       super eddington wind: lg_Mdot, L/Ledd         183    -8.24670     1.22722
                       super eddington wind: lg_Mdot, L/Ledd         184    -8.36413     1.17303
                       super eddington wind: lg_Mdot, L/Ledd         185    -8.27673     1.21146
 grid1/grid1_000185.png/png
 burst_profile/burst_profile000185.png/png
                       super eddington wind: lg_Mdot, L/Ledd         186    -8.23976     1.23020
                       super eddington wind: lg_Mdot, L/Ledd         187    -8.35459     1.17634
                       super eddington wind: lg_Mdot, L/Ledd         188    -8.28417     1.20696
                       super eddington wind: lg_Mdot, L/Ledd         189    -8.25345     1.22193
                       super eddington wind: lg_Mdot, L/Ledd         190    -8.39124     1.16139
 grid1/grid1_000190.png/png
 burst_profile/burst_profile000190.png/png
                       super eddington wind: lg_Mdot, L/Ledd         191    -8.33627     1.18274
                       super eddington wind: lg_Mdot, L/Ledd         192    -8.32102     1.18927
                       super eddington wind: lg_Mdot, L/Ledd         193    -8.51315     1.12128
       retry log10(dt/yr), log10(dt), retry_factor     1   193       -9.064699       -1.565588        0.500000
                       super eddington wind: lg_Mdot, L/Ledd         193    -8.51315     1.12128
       retry log10(dt/yr), log10(dt), retry_factor     2   193       -9.365729       -1.866618        0.500000
                       super eddington wind: lg_Mdot, L/Ledd         193    -8.51315     1.12128
 have reached retry limit so now backup
                       super eddington wind: lg_Mdot, L/Ledd         192    -8.32102     1.18927
                       super eddington wind: lg_Mdot, L/Ledd         193    -8.69892     1.07914
                       super eddington wind: lg_Mdot, L/Ledd         194    -8.39827     1.15814
                       super eddington wind: lg_Mdot, L/Ledd         195    -8.58209     1.10355
 grid1/grid1_000195.png/png
 burst_profile/burst_profile000195.png/png
                       super eddington wind: lg_Mdot, L/Ledd         196    -8.46354     1.13606
                       super eddington wind: lg_Mdot, L/Ledd         197    -8.38269     1.16385
                       super eddington wind: lg_Mdot, L/Ledd         198    -8.55580     1.10998
                       super eddington wind: lg_Mdot, L/Ledd         199    -8.46265     1.13625
                       super eddington wind: lg_Mdot, L/Ledd         200    -8.38204     1.16399
        200   8.945290  2.382E+07   3.760606   6.698813   1.400000   1.400000   0.000000   0.000000   0.295789   0.076042   3.115082    669     40
  -8.828131   6.571126  -4.791535   3.025257   4.390215  -8.382045   0.000000   0.000000   0.000000   0.199605   0.044894  24.053243      6      9
 3.1497E-04  23.235202   4.878183   6.698220  15.060156  -0.895768   0.000000   0.000000   0.000000   0.000687  8.791E-01  0.813E-04    varcontrol

 grid1/grid1_000200.png/png
 burst_profile/burst_profile000200.png/png
                       super eddington wind: lg_Mdot, L/Ledd         201    -8.59314     1.10083
       retry log10(dt/yr), log10(dt), retry_factor     1   201       -9.277762       -1.778650        0.500000
                       super eddington wind: lg_Mdot, L/Ledd         201    -8.59314     1.10083
       retry log10(dt/yr), log10(dt), retry_factor     2   201       -9.578792       -2.079680        0.500000
                       super eddington wind: lg_Mdot, L/Ledd         201    -8.59314     1.10083
 have reached retry limit so now backup
                       super eddington wind: lg_Mdot, L/Ledd         200    -8.38204     1.16399
        200   8.943956  2.365E+07   3.733420   6.701303   1.400000   1.400000   0.000000   0.000000   0.295893   0.076142   3.129831    669     42
  -9.277762   6.571584  -4.791525   3.025625   4.392016  -8.382045   0.000000   0.000000   0.000000   0.199042   0.044923  24.135755      6     10
 3.1497E-04  23.235203   4.866017   6.700744  15.051368  -0.893731   0.000000   0.000000   0.000000   0.000687  8.789E-01  0.184E-03        backup

 grid1/grid1_000200.png/png
 burst_profile/burst_profile000200.png/png
                       super eddington wind: lg_Mdot, L/Ledd         201    -8.75089     1.07010
                       super eddington wind: lg_Mdot, L/Ledd         202    -8.44332     1.14226
                       super eddington wind: lg_Mdot, L/Ledd         203    -8.64015     1.09032
                       super eddington wind: lg_Mdot, L/Ledd         204    -8.52327     1.11818
                       super eddington wind: lg_Mdot, L/Ledd         205    -8.43087     1.14649
 grid1/grid1_000205.png/png
 burst_profile/burst_profile000205.png/png
                       super eddington wind: lg_Mdot, L/Ledd         206    -8.58929     1.10162
                       super eddington wind: lg_Mdot, L/Ledd         207    -8.48426     1.12940
                       super eddington wind: lg_Mdot, L/Ledd         208    -8.40772     1.15438
                       super eddington wind: lg_Mdot, L/Ledd         209    -8.65858     1.08648
                       super eddington wind: lg_Mdot, L/Ledd         210    -8.54792     1.11160
 grid1/grid1_000210.png/png
 burst_profile/burst_profile000210.png/png
                       super eddington wind: lg_Mdot, L/Ledd         211    -8.72672     1.07382
                       super eddington wind: lg_Mdot, L/Ledd         212    -8.63259     1.09172
                       super eddington wind: lg_Mdot, L/Ledd         213    -8.74427     1.07080
                       super eddington wind: lg_Mdot, L/Ledd         214    -8.84275     1.05641
                       super eddington wind: lg_Mdot, L/Ledd         215    -9.47673     1.01309
 grid1/grid1_000215.png/png
 burst_profile/burst_profile000215.png/png
                       super eddington wind: lg_Mdot, L/Ledd         216    -9.09639     1.03141
                       super eddington wind: lg_Mdot, L/Ledd         218    -9.98164     1.00409
 grid1/grid1_000220.png/png
 burst_profile/burst_profile000220.png/png
 grid1/grid1_000225.png/png
 burst_profile/burst_profile000225.png/png
 grid1/grid1_000230.png/png
 burst_profile/burst_profile000230.png/png
 grid1/grid1_000235.png/png
 burst_profile/burst_profile000235.png/png
 grid1/grid1_000240.png/png
 burst_profile/burst_profile000240.png/png
       retry log10(dt/yr), log10(dt), retry_factor     1   241       -7.841050       -0.341939        0.500000
       retry log10(dt/yr), log10(dt), retry_factor     1   242       -8.238990       -0.739879        0.500000
hydro_newton_step failed to accept
       retry log10(dt/yr), log10(dt), retry_factor     2   242       -8.540020       -1.040909        0.500000
 have reached retry limit so now backup
hydro_newton_step failed to accept
       retry log10(dt/yr), log10(dt), retry_factor     1   244       -8.841050       -1.341939        0.500000
       retry log10(dt/yr), log10(dt), retry_factor     1   245       -9.142080       -1.642969        0.500000
 grid1/grid1_000245.png/png
 burst_profile/burst_profile000245.png/png
 grid1/grid1_000250.png/png
 burst_profile/burst_profile000250.png/png
       retry log10(dt/yr), log10(dt), retry_factor     1   253       -7.937960       -0.438849        0.500000
hydro_newton_step failed to accept
       retry log10(dt/yr), log10(dt), retry_factor     2   253       -8.238990       -0.739879        0.500000
 have reached retry limit so now backup
 grid1/grid1_000255.png/png
 burst_profile/burst_profile000255.png/png
 grid1/grid1_000260.png/png
 burst_profile/burst_profile000260.png/png
 grid1/grid1_000265.png/png
 burst_profile/burst_profile000265.png/png
 grid1/grid1_000270.png/png
 burst_profile/burst_profile000270.png/png
 grid1/grid1_000275.png/png
 burst_profile/burst_profile000275.png/png
 grid1/grid1_000280.png/png
 burst_profile/burst_profile000280.png/png
       retry log10(dt/yr), log10(dt), retry_factor     1   281       -7.649079       -0.149968        0.500000
       retry log10(dt/yr), log10(dt), retry_factor     2   281       -7.950109       -0.450998        0.500000
       retry log10(dt/yr), log10(dt), retry_factor     1   282       -8.298069       -0.798957        0.500000
 grid1/grid1_000285.png/png
 burst_profile/burst_profile000285.png/png
 grid1/grid1_000290.png/png
 burst_profile/burst_profile000290.png/png
 grid1/grid1_000295.png/png
 burst_profile/burst_profile000295.png/png
hydro_newton_step failed to accept
       retry log10(dt/yr), log10(dt), retry_factor     1   298       -7.623526       -0.124414        0.500000
       retry log10(dt/yr), log10(dt), retry_factor     2   298       -7.924556       -0.425444        0.500000
        300   8.751695  9.184E+06   1.584705   2.949527   1.400000   1.400000   0.000000   0.000000   0.275200   0.019863   5.635656    701     54
  -7.623526   6.617389  -4.792711   1.572994   2.407044  -8.522879   0.000000   0.000000   0.000000   0.020000   0.020208  38.921542      6     12
 3.1846E-04  23.236020   3.220147   2.910857  14.403301  -0.719781   0.000000   0.000000   0.000000   0.000687  9.599E-01 -0.837E-09          hold

 grid1/grid1_000300.png/png
 burst_profile/burst_profile000300.png/png
       retry log10(dt/yr), log10(dt), retry_factor     1   305       -7.643385       -0.144274        0.500000
       retry log10(dt/yr), log10(dt), retry_factor     2   305       -7.944415       -0.445304        0.500000
 grid1/grid1_000305.png/png
 burst_profile/burst_profile000305.png/png
 grid1/grid1_000310.png/png
 burst_profile/burst_profile000310.png/png
 grid1/grid1_000315.png/png
 burst_profile/burst_profile000315.png/png
 grid1/grid1_000320.png/png
 burst_profile/burst_profile000320.png/png
 grid1/grid1_000325.png/png
 burst_profile/burst_profile000325.png/png
 grid1/grid1_000330.png/png
 burst_profile/burst_profile000330.png/png
 grid1/grid1_000335.png/png
 burst_profile/burst_profile000335.png/png
 grid1/grid1_000340.png/png
 burst_profile/burst_profile000340.png/png
 grid1/grid1_000345.png/png
 burst_profile/burst_profile000345.png/png
hydro_newton_step failed to accept
       retry log10(dt/yr), log10(dt), retry_factor     1   346       -5.753305        1.745807        0.500000
       retry log10(dt/yr), log10(dt), retry_factor     1   350       -5.458388        2.040723        0.500000
 grid1/grid1_000350.png/png
 burst_profile/burst_profile000350.png/png
       retry log10(dt/yr), log10(dt), retry_factor     1   351       -5.759418        1.739693        0.500000
 grid1/grid1_000355.png/png
 burst_profile/burst_profile000355.png/png
       retry log10(dt/yr), log10(dt), retry_factor     1   356       -5.597037        1.902075        0.500000
       retry log10(dt/yr), log10(dt), retry_factor     1   357       -5.994977        1.504135        0.500000
       retry log10(dt/yr), log10(dt), retry_factor     1   358       -6.296007        1.203105        0.500000
 grid1/grid1_000360.png/png
 burst_profile/burst_profile000360.png/png
 grid1/grid1_000365.png/png
 burst_profile/burst_profile000365.png/png
       retry log10(dt/yr), log10(dt), retry_factor     1   366       -5.367570        2.131542        0.500000
hydro_newton_step failed to accept
       retry log10(dt/yr), log10(dt), retry_factor     2   366       -5.668600        1.830512        0.500000
 have reached retry limit so now backup
 grid1/grid1_000365.png/png
 burst_profile/burst_profile000365.png/png
 grid1/grid1_000370.png/png
 burst_profile/burst_profile000370.png/png
       retry log10(dt/yr), log10(dt), retry_factor     1   372       -5.462198        2.036913        0.500000
       retry log10(dt/yr), log10(dt), retry_factor     2   372       -5.763228        1.735883        0.500000
 grid1/grid1_000375.png/png
 burst_profile/burst_profile000375.png/png
       retry log10(dt/yr), log10(dt), retry_factor     1   378       -5.473844        2.025267        0.500000
       retry log10(dt/yr), log10(dt), retry_factor     2   378       -5.774874        1.724237        0.500000
 have reached retry limit so now backup
 grid1/grid1_000380.png/png
 burst_profile/burst_profile000380.png/png
       retry log10(dt/yr), log10(dt), retry_factor     1   381       -6.075904        1.423207        0.500000
       retry log10(dt/yr), log10(dt), retry_factor     2   381       -6.376934        1.122177        0.500000
 have reached retry limit so now backup
 grid1/grid1_000380.png/png
 burst_profile/burst_profile000380.png/png
       retry log10(dt/yr), log10(dt), retry_factor     1   384       -6.677964        0.821147        0.500000
       retry log10(dt/yr), log10(dt), retry_factor     2   384       -6.978994        0.520117        0.500000
 have reached retry limit so now backup
 grid1/grid1_000385.png/png
 burst_profile/burst_profile000385.png/png
       retry log10(dt/yr), log10(dt), retry_factor     1   387       -7.280024        0.219087        0.500000
       retry log10(dt/yr), log10(dt), retry_factor     2   387       -7.581054       -0.081943        0.500000
 have reached retry limit so now backup
       retry log10(dt/yr), log10(dt), retry_factor     1   390       -7.882084       -0.382973        0.500000
 grid1/grid1_000390.png/png
 burst_profile/burst_profile000390.png/png
 grid1/grid1_000395.png/png
 burst_profile/burst_profile000395.png/png
        400   8.348848  3.651E+06   1.621626   1.644094   1.400000   1.400000   0.000000   0.000000   0.275200   0.062999  15.812869    748     75
  -5.473844   6.668435  -4.792870  -0.850147   0.702864  -8.522879   0.000000   0.000000   0.000000   0.020000   0.044633 102.341594      7     17
 5.0994E-04  23.268848   1.617455   0.318175  13.581698  -1.112902   0.000000   0.000000   0.000000   0.000687  8.924E-01 -0.599E-12  max increase

 grid1/grid1_000400.png/png
 burst_profile/burst_profile000400.png/png
       retry log10(dt/yr), log10(dt), retry_factor     1   403       -5.460936        2.038175        0.500000
       retry log10(dt/yr), log10(dt), retry_factor     2   403       -5.761966        1.737145        0.500000
       retry log10(dt/yr), log10(dt), retry_factor     1   404       -6.159906        1.339205        0.500000
 grid1/grid1_000405.png/png
 burst_profile/burst_profile000405.png/png
       retry log10(dt/yr), log10(dt), retry_factor     1   410       -5.557846        1.941265        0.500000
 grid1/grid1_000410.png/png
 burst_profile/burst_profile000410.png/png
       retry log10(dt/yr), log10(dt), retry_factor     1   411       -5.858876        1.640235        0.500000
hydro_newton_step failed to accept
       retry log10(dt/yr), log10(dt), retry_factor     1   412       -6.256816        1.242295        0.500000
       retry log10(dt/yr), log10(dt), retry_factor     1   413       -6.557846        0.941265        0.500000
 grid1/grid1_000415.png/png
 burst_profile/burst_profile000415.png/png
       retry log10(dt/yr), log10(dt), retry_factor     1   420       -5.765703        1.733409        0.500000
 grid1/grid1_000420.png/png
 burst_profile/burst_profile000420.png/png
       retry log10(dt/yr), log10(dt), retry_factor     1   422       -6.091782        1.407330        0.500000
hydro_newton_step failed to accept
       retry log10(dt/yr), log10(dt), retry_factor     2   422       -6.392812        1.106300        0.500000
 have reached retry limit so now backup
       retry log10(dt/yr), log10(dt), retry_factor     1   425       -6.693842        0.805270        0.500000
 grid1/grid1_000425.png/png
 burst_profile/burst_profile000425.png/png
       retry log10(dt/yr), log10(dt), retry_factor     1   426       -6.994872        0.504240        0.500000
 grid1/grid1_000430.png/png
 burst_profile/burst_profile000430.png/png
       retry log10(dt/yr), log10(dt), retry_factor     1   434       -5.951988        1.547123        0.500000
       retry log10(dt/yr), log10(dt), retry_factor     1   435       -6.349928        1.149183        0.500000
 grid1/grid1_000435.png/png
 burst_profile/burst_profile000435.png/png
hydro_newton_step failed to accept
       retry log10(dt/yr), log10(dt), retry_factor     1   436       -6.747868        0.751243        0.500000
       retry log10(dt/yr), log10(dt), retry_factor     1   437       -7.048898        0.450213        0.500000
 grid1/grid1_000440.png/png
 burst_profile/burst_profile000440.png/png
        442   8.419928  4.396E+06   1.899580   1.999685   1.400000   1.400000   0.000000   0.000000   0.275200   0.076109  13.498759    748     91
  -6.145808   6.674669  -4.792812   1.101960   1.079511  -8.522879   0.000000   0.000000   0.000000   0.020000   0.053963  87.307321      6     18
 5.8599E-04  23.281208   1.940021   0.899013  13.792844  -0.984230   0.000000   0.000000   0.000000   0.000687  8.699E-01  0.392E-11  max increase

save LOGS/profile3.data for model 442
       retry log10(dt/yr), log10(dt), retry_factor     1   444       -6.322779        1.176333        0.500000
       retry log10(dt/yr), log10(dt), retry_factor     2   444       -6.623809        0.875303        0.500000
 grid1/grid1_000445.png/png
 burst_profile/burst_profile000445.png/png
       retry log10(dt/yr), log10(dt), retry_factor     1   446       -6.924839        0.574273        0.500000
       retry log10(dt/yr), log10(dt), retry_factor     1   449       -7.225869        0.273243        0.500000
       retry log10(dt/yr), log10(dt), retry_factor     2   449       -7.526899       -0.027787        0.500000
 have reached retry limit so now backup
 grid1/grid1_000450.png/png
 burst_profile/burst_profile000450.png/png
       retry log10(dt/yr), log10(dt), retry_factor     1   454       -7.225869        0.273243        0.500000
       retry log10(dt/yr), log10(dt), retry_factor     2   454       -7.526899       -0.027787        0.500000
 have reached retry limit so now backup
 grid1/grid1_000455.png/png
 burst_profile/burst_profile000455.png/png
       retry log10(dt/yr), log10(dt), retry_factor     1   458       -7.526899       -0.027787        0.500000
       retry log10(dt/yr), log10(dt), retry_factor     1   459       -7.827929       -0.328817        0.500000
       retry log10(dt/yr), log10(dt), retry_factor     1   460       -8.225869       -0.726757        0.500000
 grid1/grid1_000460.png/png
 burst_profile/burst_profile000460.png/png
       retry log10(dt/yr), log10(dt), retry_factor     1   465       -8.877912       -1.378801        0.500000
 grid1/grid1_000465.png/png
 burst_profile/burst_profile000465.png/png
 grid1/grid1_000470.png/png
 burst_profile/burst_profile000470.png/png
 grid1/grid1_000475.png/png
 burst_profile/burst_profile000475.png/png
 grid1/grid1_000480.png/png
 burst_profile/burst_profile000480.png/png
 grid1/grid1_000485.png/png
 burst_profile/burst_profile000485.png/png
 grid1/grid1_000490.png/png
 burst_profile/burst_profile000490.png/png
 grid1/grid1_000495.png/png
 burst_profile/burst_profile000495.png/png
        500   8.463289  1.749E+07   3.570863   6.806626   1.400000   1.400000   0.000000   0.000000   0.275961   0.070796  12.172394    789    102
  -8.297453   6.673357  -4.791831   3.211483   4.095464  -8.522879   0.000000   0.000000   0.000000   0.020849   0.045638  78.931831     14     20
 5.8965E-04  23.281684   4.341280   6.806263  14.722458  -0.906425   0.000000   0.000000   0.000000   0.000687  8.836E-01  0.253E-08        lgTeff

save LOGS/profile4.data for model 500
save photos/x500 for model 500
 grid1/grid1_000500.png/png
 burst_profile/burst_profile000500.png/png
 grid1/grid1_000505.png/png
 burst_profile/burst_profile000505.png/png
 grid1/grid1_000510.png/png
 burst_profile/burst_profile000510.png/png
 grid1/grid1_000515.png/png
 burst_profile/burst_profile000515.png/png
 grid1/grid1_000520.png/png
 burst_profile/burst_profile000520.png/png
 grid1/grid1_000525.png/png
 burst_profile/burst_profile000525.png/png
 grid1/grid1_000530.png/png
 burst_profile/burst_profile000530.png/png
 grid1/grid1_000535.png/png
 burst_profile/burst_profile000535.png/png
 grid1/grid1_000540.png/png
 burst_profile/burst_profile000540.png/png
 grid1/grid1_000545.png/png
 burst_profile/burst_profile000545.png/png
       retry log10(dt/yr), log10(dt), retry_factor     1   549       -7.523598       -0.024486        0.500000
 grid1/grid1_000550.png/png
 burst_profile/burst_profile000550.png/png
hydro_newton_step failed to accept
       retry log10(dt/yr), log10(dt), retry_factor     1   552       -8.115358       -0.616246        0.500000
       retry log10(dt/yr), log10(dt), retry_factor     2   552       -8.416388       -0.917276        0.500000
 have reached retry limit so now backup
hydro_newton_step failed to accept
       retry log10(dt/yr), log10(dt), retry_factor     1   553       -8.717418       -1.218306        0.500000
       retry log10(dt/yr), log10(dt), retry_factor     1   554       -9.018448       -1.519336        0.500000
       retry log10(dt/yr), log10(dt), retry_factor     2   554       -9.319478       -1.820366        0.500000
 grid1/grid1_000555.png/png
 burst_profile/burst_profile000555.png/png
 grid1/grid1_000560.png/png
 burst_profile/burst_profile000560.png/png
hydro_newton_step failed to accept
       retry log10(dt/yr), log10(dt), retry_factor     1   561       -8.416388       -0.917276        0.500000
hydro_newton_step failed to accept
       retry log10(dt/yr), log10(dt), retry_factor     1   565       -8.145336       -0.646225        0.500000
hydro_newton_step failed to accept
       retry log10(dt/yr), log10(dt), retry_factor     2   565       -8.446366       -0.947255        0.500000
 have reached retry limit so now backup
 grid1/grid1_000565.png/png
 burst_profile/burst_profile000565.png/png
       retry log10(dt/yr), log10(dt), retry_factor     1   568       -8.747396       -1.248285        0.500000
       retry log10(dt/yr), log10(dt), retry_factor     2   568       -9.048426       -1.549315        0.500000
 have reached retry limit so now backup
 grid1/grid1_000570.png/png
 burst_profile/burst_profile000570.png/png
 grid1/grid1_000575.png/png
 burst_profile/burst_profile000575.png/png
 grid1/grid1_000580.png/png
 burst_profile/burst_profile000580.png/png
 grid1/grid1_000585.png/png
 burst_profile/burst_profile000585.png/png
       retry log10(dt/yr), log10(dt), retry_factor     1   587       -8.016537       -0.517425        0.500000
       retry log10(dt/yr), log10(dt), retry_factor     2   587       -8.317567       -0.818455        0.500000
 have reached retry limit so now backup
 grid1/grid1_000590.png/png
 burst_profile/burst_profile000590.png/png
 grid1/grid1_000595.png/png
 burst_profile/burst_profile000595.png/png
        600   8.866102  1.301E+07   2.368054   4.248815   1.400000   1.400000   0.000000   0.000000   0.275200   0.020007   4.253646    830    115
  -7.182909   6.629072  -4.792483   2.161346   3.100743  -8.522879   0.000000   0.000000   0.000000   0.020000   0.020899  30.177112      6     24
 5.9184E-04  23.282104   3.825931   4.239448  14.536922  -0.808094   0.000000   0.000000   0.000000   0.000687  9.591E-01 -0.230E-09  max increase

 grid1/grid1_000600.png/png
 burst_profile/burst_profile000600.png/png
 grid1/grid1_000605.png/png
 burst_profile/burst_profile000605.png/png
hydro_newton_step failed to accept
       retry log10(dt/yr), log10(dt), retry_factor     1   606       -7.818478       -0.319367        0.500000
       retry log10(dt/yr), log10(dt), retry_factor     1   608       -7.826288       -0.327177        0.500000
       retry log10(dt/yr), log10(dt), retry_factor     2   608       -8.127318       -0.628207        0.500000
 have reached retry limit so now backup
 grid1/grid1_000610.png/png
 burst_profile/burst_profile000610.png/png
 grid1/grid1_000615.png/png
 burst_profile/burst_profile000615.png/png
       retry log10(dt/yr), log10(dt), retry_factor     1   618       -8.035526       -0.536415        0.500000
       retry log10(dt/yr), log10(dt), retry_factor     2   618       -8.336556       -0.837445        0.500000
 grid1/grid1_000620.png/png
 burst_profile/burst_profile000620.png/png
       retry log10(dt/yr), log10(dt), retry_factor     1   624       -7.734496       -0.235385        0.500000
       retry log10(dt/yr), log10(dt), retry_factor     2   624       -8.035526       -0.536415        0.500000
 grid1/grid1_000625.png/png
 burst_profile/burst_profile000625.png/png
 grid1/grid1_000630.png/png
 burst_profile/burst_profile000630.png/png
 grid1/grid1_000635.png/png
 burst_profile/burst_profile000635.png/png
 grid1/grid1_000640.png/png
 burst_profile/burst_profile000640.png/png
 grid1/grid1_000645.png/png
 burst_profile/burst_profile000645.png/png
 grid1/grid1_000650.png/png
 burst_profile/burst_profile000650.png/png
 grid1/grid1_000655.png/png
 burst_profile/burst_profile000655.png/png
 grid1/grid1_000660.png/png
 burst_profile/burst_profile000660.png/png
       retry log10(dt/yr), log10(dt), retry_factor     1   665       -6.511791        0.987321        0.500000
 grid1/grid1_000665.png/png
 burst_profile/burst_profile000665.png/png
 grid1/grid1_000670.png/png
 burst_profile/burst_profile000670.png/png
 grid1/grid1_000675.png/png
 burst_profile/burst_profile000675.png/png
       retry log10(dt/yr), log10(dt), retry_factor     1   680       -5.467758        2.031353        0.500000
       retry log10(dt/yr), log10(dt), retry_factor     2   680       -5.768788        1.730323        0.500000
 have reached retry limit so now backup
 grid1/grid1_000680.png/png
 burst_profile/burst_profile000680.png/png
       retry log10(dt/yr), log10(dt), retry_factor     1   685       -5.610116        1.888996        0.500000
 grid1/grid1_000685.png/png
 burst_profile/burst_profile000685.png/png
       retry log10(dt/yr), log10(dt), retry_factor     1   686       -6.008056        1.491056        0.500000
 grid1/grid1_000690.png/png
 burst_profile/burst_profile000690.png/png
       retry log10(dt/yr), log10(dt), retry_factor     1   693       -5.425291        2.073821        0.500000
       retry log10(dt/yr), log10(dt), retry_factor     2   693       -5.726321        1.772791        0.500000
 grid1/grid1_000695.png/png
 burst_profile/burst_profile000695.png/png
       retry log10(dt/yr), log10(dt), retry_factor     1   700       -5.315307        2.183804        0.500000
        700   8.351824  3.655E+06   1.536976   1.563418   1.400000   1.400000   0.000000   0.000000   0.275200   0.056691  16.281397    849    130
  -5.014277   6.697177  -4.792857  -0.795537   0.708764  -8.522879   0.000000   0.000000   0.000000   0.020000   0.041769 103.910017      6     26
 7.8438E-04  23.311928   1.619175   0.301334  13.582791  -1.112174   0.000000   0.000000   0.000000   0.000687  9.015E-01  0.528E-13         retry

 grid1/grid1_000700.png/png
 burst_profile/burst_profile000700.png/png
       retry log10(dt/yr), log10(dt), retry_factor     1   703       -5.713247        1.785864        0.500000
 grid1/grid1_000705.png/png
 burst_profile/burst_profile000705.png/png
       retry log10(dt/yr), log10(dt), retry_factor     1   708       -5.471121        2.027990        0.500000
       retry log10(dt/yr), log10(dt), retry_factor     1   709       -5.772151        1.726960        0.500000
hydro_newton_step failed to accept
       retry log10(dt/yr), log10(dt), retry_factor     1   710       -6.159159        1.339953        0.500000
 grid1/grid1_000710.png/png
 burst_profile/burst_profile000710.png/png
       retry log10(dt/yr), log10(dt), retry_factor     1   712       -6.468349        1.030762        0.500000
hydro_newton_step failed to accept
       retry log10(dt/yr), log10(dt), retry_factor     2   712       -6.769379        0.729732        0.500000
 have reached retry limit so now backup
 grid1/grid1_000715.png/png
 burst_profile/burst_profile000715.png/png
       retry log10(dt/yr), log10(dt), retry_factor     1   716       -6.769379        0.729732        0.500000
 grid1/grid1_000720.png/png
 burst_profile/burst_profile000720.png/png
       retry log10(dt/yr), log10(dt), retry_factor     1   724       -5.565259        1.933852        0.500000
       retry log10(dt/yr), log10(dt), retry_factor     1   725       -5.866289        1.632822        0.500000
 grid1/grid1_000725.png/png
 burst_profile/burst_profile000725.png/png
       retry log10(dt/yr), log10(dt), retry_factor     1   728       -6.264229        1.234882        0.500000
       retry log10(dt/yr), log10(dt), retry_factor     2   728       -6.565259        0.933852        0.500000
       retry log10(dt/yr), log10(dt), retry_factor     1   729       -6.866289        0.632822        0.500000
       retry log10(dt/yr), log10(dt), retry_factor     1   730       -7.167319        0.331792        0.500000
 grid1/grid1_000730.png/png
 burst_profile/burst_profile000730.png/png
       retry log10(dt/yr), log10(dt), retry_factor     1   732       -7.468349        0.030762        0.500000
       retry log10(dt/yr), log10(dt), retry_factor     1   734       -7.769379       -0.270268        0.500000
       retry log10(dt/yr), log10(dt), retry_factor     2   734       -8.070409       -0.571298        0.500000
 have reached retry limit so now backup
 grid1/grid1_000735.png/png
 burst_profile/burst_profile000735.png/png
       retry log10(dt/yr), log10(dt), retry_factor     1   740       -7.468349        0.030762        0.500000
 grid1/grid1_000740.png/png
 burst_profile/burst_profile000740.png/png
       retry log10(dt/yr), log10(dt), retry_factor     1   741       -7.769379       -0.270268        0.500000
       retry log10(dt/yr), log10(dt), retry_factor     1   745       -8.346311       -0.847200        0.500000
 grid1/grid1_000745.png/png
 burst_profile/burst_profile000745.png/png
 grid1/grid1_000750.png/png
 burst_profile/burst_profile000750.png/png
 grid1/grid1_000755.png/png
 burst_profile/burst_profile000755.png/png
 grid1/grid1_000760.png/png
 burst_profile/burst_profile000760.png/png
 grid1/grid1_000765.png/png
 burst_profile/burst_profile000765.png/png
       retry log10(dt/yr), log10(dt), retry_factor     1   770       -9.363923       -1.864811        0.500000
 grid1/grid1_000770.png/png
 burst_profile/burst_profile000770.png/png
 grid1/grid1_000775.png/png
 burst_profile/burst_profile000775.png/png
       retry log10(dt/yr), log10(dt), retry_factor     1   780       -9.326224       -1.827112        0.500000
 grid1/grid1_000780.png/png
 burst_profile/burst_profile000780.png/png
 grid1/grid1_000785.png/png
 burst_profile/burst_profile000785.png/png
 grid1/grid1_000790.png/png
 burst_profile/burst_profile000790.png/png
 grid1/grid1_000795.png/png
 burst_profile/burst_profile000795.png/png
        800   8.538246  2.195E+07   3.557346   6.684118   1.400000   1.400000   0.000000   0.000000   0.287834   0.055957  10.519334    912    151
  -7.836384   6.697717  -4.791628   2.946777   4.268961  -8.522879   0.000000   0.000000   0.000000   0.224999   0.036576  67.672946      7     28
 8.5972E-04  23.322887   4.735870   6.683714  14.963452  -0.854487   0.000000   0.000000   0.000000   0.000687  9.075E-01  0.108E-07      lgT_cntr

 grid1/grid1_000800.png/png
 burst_profile/burst_profile000800.png/png
 grid1/grid1_000805.png/png
 burst_profile/burst_profile000805.png/png
 grid1/grid1_000810.png/png
 burst_profile/burst_profile000810.png/png
 grid1/grid1_000815.png/png
 burst_profile/burst_profile000815.png/png
 grid1/grid1_000820.png/png
 burst_profile/burst_profile000820.png/png
 grid1/grid1_000825.png/png
 burst_profile/burst_profile000825.png/png
 grid1/grid1_000830.png/png
 burst_profile/burst_profile000830.png/png
 grid1/grid1_000835.png/png
 burst_profile/burst_profile000835.png/png
       retry log10(dt/yr), log10(dt), retry_factor     1   836       -7.804770       -0.305658        0.500000
       retry log10(dt/yr), log10(dt), retry_factor     2   836       -8.105800       -0.606688        0.500000
 have reached retry limit so now backup
 grid1/grid1_000835.png/png
 burst_profile/burst_profile000835.png/png
       retry log10(dt/yr), log10(dt), retry_factor     1   840       -8.590956       -1.091844        0.500000
 grid1/grid1_000840.png/png
 burst_profile/burst_profile000840.png/png
hydro_newton_step failed to accept
       retry log10(dt/yr), log10(dt), retry_factor     1   845       -8.289926       -0.790814        0.500000
       retry log10(dt/yr), log10(dt), retry_factor     2   845       -8.590956       -1.091844        0.500000
 have reached retry limit so now backup
 grid1/grid1_000845.png/png
 burst_profile/burst_profile000845.png/png
 grid1/grid1_000850.png/png
 burst_profile/burst_profile000850.png/png
 grid1/grid1_000855.png/png
 burst_profile/burst_profile000855.png/png
       retry log10(dt/yr), log10(dt), retry_factor     1   860       -8.102221       -0.603109        0.500000
 grid1/grid1_000860.png/png
 burst_profile/burst_profile000860.png/png
 grid1/grid1_000865.png/png
 burst_profile/burst_profile000865.png/png
 grid1/grid1_000870.png/png
 burst_profile/burst_profile000870.png/png
 grid1/grid1_000875.png/png
 burst_profile/burst_profile000875.png/png
       retry log10(dt/yr), log10(dt), retry_factor     1   878       -7.920250       -0.421139        0.500000
       retry log10(dt/yr), log10(dt), retry_factor     2   878       -8.221280       -0.722169        0.500000
 grid1/grid1_000880.png/png
 burst_profile/burst_profile000880.png/png
 grid1/grid1_000885.png/png
 burst_profile/burst_profile000885.png/png
       retry log10(dt/yr), log10(dt), retry_factor     1   889       -7.670614       -0.171502        0.500000
 grid1/grid1_000890.png/png
 burst_profile/burst_profile000890.png/png
       retry log10(dt/yr), log10(dt), retry_factor     1   894       -7.481269        0.017842        0.500000
       retry log10(dt/yr), log10(dt), retry_factor     2   894       -7.782299       -0.283188        0.500000
 grid1/grid1_000895.png/png
 burst_profile/burst_profile000895.png/png
       retry log10(dt/yr), log10(dt), retry_factor     1   899       -7.481269        0.017842        0.500000
       retry log10(dt/yr), log10(dt), retry_factor     2   899       -7.782299       -0.283188        0.500000
        900   8.787478  9.492E+06   1.614278   3.004303   1.400000   1.400000   0.000000   0.000000   0.275200   0.016498   5.560536    904    164
  -7.481269   6.674195  -4.792664   1.680778   2.427187  -8.522879   0.000000   0.000000   0.000000   0.020000   0.018370  37.440534      6     30
 8.6278E-04  23.323459   3.277674   2.964197  14.417792  -0.723101   0.000000   0.000000   0.000000   0.000687  9.651E-01 -0.173E-07          hold

 grid1/grid1_000900.png/png
 burst_profile/burst_profile000900.png/png
 grid1/grid1_000905.png/png
 burst_profile/burst_profile000905.png/png
 grid1/grid1_000910.png/png
 burst_profile/burst_profile000910.png/png
 grid1/grid1_000915.png/png
 burst_profile/burst_profile000915.png/png
 grid1/grid1_000920.png/png
 burst_profile/burst_profile000920.png/png
 grid1/grid1_000925.png/png
 burst_profile/burst_profile000925.png/png
 grid1/grid1_000930.png/png
 burst_profile/burst_profile000930.png/png
 grid1/grid1_000935.png/png
 burst_profile/burst_profile000935.png/png
 grid1/grid1_000940.png/png
 burst_profile/burst_profile000940.png/png
 grid1/grid1_000945.png/png
 burst_profile/burst_profile000945.png/png
 grid1/grid1_000950.png/png
 burst_profile/burst_profile000950.png/png
       retry log10(dt/yr), log10(dt), retry_factor     1   952       -5.576929        1.922182        0.500000
       retry log10(dt/yr), log10(dt), retry_factor     2   952       -5.877959        1.621152        0.500000
 have reached retry limit so now backup
 grid1/grid1_000955.png/png
 burst_profile/burst_profile000955.png/png
       retry log10(dt/yr), log10(dt), retry_factor     1   958       -5.486617        2.012494        0.500000
       retry log10(dt/yr), log10(dt), retry_factor     1   959       -5.787647        1.711464        0.500000
       retry log10(dt/yr), log10(dt), retry_factor     2   959       -6.088677        1.410434        0.500000
 have reached retry limit so now backup
 grid1/grid1_000960.png/png
 burst_profile/burst_profile000960.png/png
 grid1/grid1_000965.png/png
 burst_profile/burst_profile000965.png/png
       retry log10(dt/yr), log10(dt), retry_factor     1   966       -5.430898        2.068213        0.500000
       retry log10(dt/yr), log10(dt), retry_factor     1   970       -5.545407        1.953705        0.500000
       retry log10(dt/yr), log10(dt), retry_factor     2   970       -5.846437        1.652675        0.500000
 have reached retry limit so now backup
 grid1/grid1_000970.png/png
 burst_profile/burst_profile000970.png/png
       retry log10(dt/yr), log10(dt), retry_factor     1   975       -5.545407        1.953705        0.500000
 grid1/grid1_000975.png/png
 burst_profile/burst_profile000975.png/png
       retry log10(dt/yr), log10(dt), retry_factor     1   976       -5.846437        1.652675        0.500000
 grid1/grid1_000980.png/png
 burst_profile/burst_profile000980.png/png
       retry log10(dt/yr), log10(dt), retry_factor     1   982       -5.513573        1.985539        0.500000
hydro_newton_step failed to accept
       retry log10(dt/yr), log10(dt), retry_factor     1   983       -5.911513        1.587599        0.500000
 grid1/grid1_000985.png/png
 burst_profile/burst_profile000985.png/png
       retry log10(dt/yr), log10(dt), retry_factor     1   987       -5.707393        1.791719        0.500000
       retry log10(dt/yr), log10(dt), retry_factor     1   988       -6.008423        1.490689        0.500000
 grid1/grid1_000990.png/png
 burst_profile/burst_profile000990.png/png
       retry log10(dt/yr), log10(dt), retry_factor     1   994       -5.786380        1.712732        0.500000
       retry log10(dt/yr), log10(dt), retry_factor     2   994       -6.087410        1.411702        0.500000
 have reached retry limit so now backup
 grid1/grid1_000995.png/png
 burst_profile/burst_profile000995.png/png
hydro_newton_step failed to accept
       retry log10(dt/yr), log10(dt), retry_factor     1   997       -6.485350        1.013762        0.500000
       retry log10(dt/yr), log10(dt), retry_factor     1   999       -6.266628        1.232484        0.500000
hydro_newton_step failed to accept
       retry log10(dt/yr), log10(dt), retry_factor     2   999       -6.567658        0.931454        0.500000
 have reached retry limit so now backup

__________________________________________________________________________________________________________________________________________________

       step    lg_Tcntr    Teff       lg_LH     lg_Lnuc     Mass       H_rich     H_cntr     N_cntr     Y_surf     X_avg     eta_cntr  zones retry
   lg_dt_yr    lg_Dcntr    lg_R       lg_L3a    lg_Lneu     lg_Mdot    He_core    He_cntr    O_cntr     Z_surf     Y_avg     gam_cntr  iters bckup
     age_yr    lg_Pcntr    lg_L       lg_LZ     lg_Psurf    lg_Dsurf   C_core     C_cntr     Ne_cntr    Si_cntr    Z_avg     v_div_cs     dt_limit
__________________________________________________________________________________________________________________________________________________

       1000   8.406392  4.234E+06   1.816281   1.886515   1.400000   1.400000   0.000000   0.000000   0.275200   0.062536  14.898296    922    183
  -6.266628   6.727970  -4.792799   0.838601   0.992118  -8.522879   0.000000   0.000000   0.000000   0.020000   0.046173  93.832634      6     35
 1.1240E-03  23.359916   1.875014   0.662972  13.750625  -1.009691   0.000000   0.000000   0.000000   0.000687  8.913E-01  0.465E-11          hold

save LOGS/profile5.data for model 1000
save photos/1000 for model 1000
 grid1/grid1_001000.png/png
 burst_profile/burst_profile001000.png/png
       retry log10(dt/yr), log10(dt), retry_factor     1  1005       -6.143120        1.355992        0.500000
hydro_newton_step failed to accept
       retry log10(dt/yr), log10(dt), retry_factor     2  1005       -6.444150        1.054962        0.500000
 grid1/grid1_001005.png/png
 burst_profile/burst_profile001005.png/png
       retry log10(dt/yr), log10(dt), retry_factor     1  1008       -6.842090        0.657022        0.500000
       retry log10(dt/yr), log10(dt), retry_factor     2  1008       -7.143120        0.355992        0.500000
       retry log10(dt/yr), log10(dt), retry_factor     1  1009       -7.444150        0.054962        0.500000
 grid1/grid1_001010.png/png
 burst_profile/burst_profile001010.png/png
       retry log10(dt/yr), log10(dt), retry_factor     1  1014       -7.143120        0.355992        0.500000
       retry log10(dt/yr), log10(dt), retry_factor     1  1015       -7.444150        0.054962        0.500000
 grid1/grid1_001015.png/png
 burst_profile/burst_profile001015.png/png
       retry log10(dt/yr), log10(dt), retry_factor     1  1017       -7.745180       -0.246068        0.500000
       retry log10(dt/yr), log10(dt), retry_factor     1  1020       -8.046210       -0.547098        0.500000
 grid1/grid1_001020.png/png
 burst_profile/burst_profile001020.png/png
 grid1/grid1_001025.png/png
 burst_profile/burst_profile001025.png/png
       retry log10(dt/yr), log10(dt), retry_factor     1  1028       -8.719320       -1.220208        0.500000
 grid1/grid1_001030.png/png
 burst_profile/burst_profile001030.png/png
 grid1/grid1_001035.png/png
 burst_profile/burst_profile001035.png/png
 grid1/grid1_001040.png/png
 burst_profile/burst_profile001040.png/png
 grid1/grid1_001045.png/png
 burst_profile/burst_profile001045.png/png
 grid1/grid1_001050.png/png
 burst_profile/burst_profile001050.png/png
 grid1/grid1_001055.png/png
 burst_profile/burst_profile001055.png/png
 grid1/grid1_001060.png/png
 burst_profile/burst_profile001060.png/png
 grid1/grid1_001065.png/png
 burst_profile/burst_profile001065.png/png
 grid1/grid1_001070.png/png
 burst_profile/burst_profile001070.png/png
 grid1/grid1_001075.png/png
 burst_profile/burst_profile001075.png/png
 grid1/grid1_001080.png/png
 burst_profile/burst_profile001080.png/png
 grid1/grid1_001085.png/png
 burst_profile/burst_profile001085.png/png
 grid1/grid1_001090.png/png
 burst_profile/burst_profile001090.png/png
 grid1/grid1_001095.png/png
 burst_profile/burst_profile001095.png/png
       1100   8.824413  2.119E+07   3.494681   6.448204   1.400000   1.400000   0.000000   0.000000   0.277248   0.043281   5.204826   1000    193
  -8.079435   6.694958  -4.791807   2.905352   4.134651  -8.522879   0.000000   0.000000   0.000000   0.292229   0.031079  34.940423      7     35
 1.1319E-03  23.360834   4.674731   6.447595  14.930049  -0.798305   0.000000   0.000000   0.000000   0.000687  9.256E-01  0.192E-07      lgT_cntr

 grid1/grid1_001100.png/png
 burst_profile/burst_profile001100.png/png
 grid1/grid1_001105.png/png
 burst_profile/burst_profile001105.png/png
 grid1/grid1_001110.png/png
 burst_profile/burst_profile001110.png/png
 grid1/grid1_001115.png/png
 burst_profile/burst_profile001115.png/png
       retry log10(dt/yr), log10(dt), retry_factor     1  1117       -7.545553       -0.046442        0.500000
       retry log10(dt/yr), log10(dt), retry_factor     2  1117       -7.846583       -0.347472        0.500000
 have reached retry limit so now backup
       retry log10(dt/yr), log10(dt), retry_factor     1  1118       -8.147613       -0.648502        0.500000
 grid1/grid1_001120.png/png
 burst_profile/burst_profile001120.png/png
hydro_newton_step failed to accept
       retry log10(dt/yr), log10(dt), retry_factor     1  1125       -8.187384       -0.688273        0.500000
hydro_newton_step failed to accept
       retry log10(dt/yr), log10(dt), retry_factor     2  1125       -8.488414       -0.989303        0.500000
 have reached retry limit so now backup
 grid1/grid1_001125.png/png
 burst_profile/burst_profile001125.png/png
       retry log10(dt/yr), log10(dt), retry_factor     1  1127       -8.789444       -1.290333        0.500000
       retry log10(dt/yr), log10(dt), retry_factor     2  1127       -9.090474       -1.591363        0.500000
       retry log10(dt/yr), log10(dt), retry_factor     1  1128       -9.391504       -1.892393        0.500000
 grid1/grid1_001130.png/png
 burst_profile/burst_profile001130.png/png
       retry log10(dt/yr), log10(dt), retry_factor     1  1133       -9.090474       -1.591363        0.500000
 grid1/grid1_001135.png/png
 burst_profile/burst_profile001135.png/png
       retry log10(dt/yr), log10(dt), retry_factor     1  1136       -9.391504       -1.892393        0.500000
 grid1/grid1_001140.png/png
 burst_profile/burst_profile001140.png/png
       retry log10(dt/yr), log10(dt), retry_factor     1  1142       -8.789444       -1.290333        0.500000
       retry log10(dt/yr), log10(dt), retry_factor     2  1142       -9.090474       -1.591363        0.500000
 have reached retry limit so now backup
       retry log10(dt/yr), log10(dt), retry_factor     1  1143       -9.391504       -1.892393        0.500000
 grid1/grid1_001145.png/png
 burst_profile/burst_profile001145.png/png
hydro_newton_step failed to accept
       retry log10(dt/yr), log10(dt), retry_factor     1  1150       -8.488414       -0.989303        0.500000
 grid1/grid1_001150.png/png
 burst_profile/burst_profile001150.png/png
hydro_newton_step failed to accept
       retry log10(dt/yr), log10(dt), retry_factor     1  1152       -8.187384       -0.688273        0.500000
hydro_newton_step failed to accept
       retry log10(dt/yr), log10(dt), retry_factor     2  1152       -8.488414       -0.989303        0.500000
       retry log10(dt/yr), log10(dt), retry_factor     1  1155       -7.886355       -0.387243        0.500000
hydro_newton_step failed to accept
       retry log10(dt/yr), log10(dt), retry_factor     2  1155       -8.187384       -0.688273        0.500000
 have reached retry limit so now backup
 grid1/grid1_001155.png/png
 burst_profile/burst_profile001155.png/png
       retry log10(dt/yr), log10(dt), retry_factor     1  1156       -8.488414       -0.989303        0.500000
 grid1/grid1_001160.png/png
 burst_profile/burst_profile001160.png/png
 grid1/grid1_001165.png/png
 burst_profile/burst_profile001165.png/png
 grid1/grid1_001170.png/png
 burst_profile/burst_profile001170.png/png
       retry log10(dt/yr), log10(dt), retry_factor     1  1175       -8.027784       -0.528672        0.500000
       retry log10(dt/yr), log10(dt), retry_factor     2  1175       -8.328814       -0.829702        0.500000
 grid1/grid1_001175.png/png
 burst_profile/burst_profile001175.png/png
 grid1/grid1_001180.png/png
 burst_profile/burst_profile001180.png/png
 grid1/grid1_001185.png/png
 burst_profile/burst_profile001185.png/png
 grid1/grid1_001190.png/png
 burst_profile/burst_profile001190.png/png
       retry log10(dt/yr), log10(dt), retry_factor     1  1195       -7.969209       -0.470098        0.500000
       retry log10(dt/yr), log10(dt), retry_factor     2  1195       -8.270239       -0.771128        0.500000
 grid1/grid1_001195.png/png
 burst_profile/burst_profile001195.png/png
       retry log10(dt/yr), log10(dt), retry_factor     1  1200       -7.969209       -0.470098        0.500000
       1200   8.846285  1.147E+07   2.073840   3.683528   1.400000   1.400000   0.000000   0.000000   0.275200   0.014963   4.893516    970    217
  -7.668179   6.691274  -4.792555   1.991016   2.832135  -8.522879   0.000000   0.000000   0.000000   0.020000   0.017388  33.130573      6     39
 1.1342E-03  23.361245   3.606187   3.663593  14.486223  -0.768139   0.000000   0.000000   0.000000   0.000687  9.676E-01 -0.386E-09         retry

 grid1/grid1_001200.png/png
 burst_profile/burst_profile001200.png/png
 grid1/grid1_001205.png/png
 burst_profile/burst_profile001205.png/png
 grid1/grid1_001210.png/png
 burst_profile/burst_profile001210.png/png
 grid1/grid1_001215.png/png
 burst_profile/burst_profile001215.png/png
 grid1/grid1_001220.png/png
 burst_profile/burst_profile001220.png/png
 grid1/grid1_001225.png/png
 burst_profile/burst_profile001225.png/png
 grid1/grid1_001230.png/png
 burst_profile/burst_profile001230.png/png
hydro_newton_step failed to accept
       retry log10(dt/yr), log10(dt), retry_factor     1  1234       -6.971704        0.527407        0.500000
       retry log10(dt/yr), log10(dt), retry_factor     2  1234       -7.272734        0.226377        0.500000
 grid1/grid1_001235.png/png
 burst_profile/burst_profile001235.png/png
 grid1/grid1_001240.png/png
 burst_profile/burst_profile001240.png/png
 grid1/grid1_001245.png/png
 burst_profile/burst_profile001245.png/png
 grid1/grid1_001250.png/png
 burst_profile/burst_profile001250.png/png
 grid1/grid1_001255.png/png
 burst_profile/burst_profile001255.png/png
       retry log10(dt/yr), log10(dt), retry_factor     1  1259       -5.546659        1.952452        0.500000
 grid1/grid1_001260.png/png
 burst_profile/burst_profile001260.png/png
       retry log10(dt/yr), log10(dt), retry_factor     1  1261       -5.944599        1.554512        0.500000
       retry log10(dt/yr), log10(dt), retry_factor     1  1262       -6.245629        1.253482        0.500000
hydro_newton_step failed to accept
       retry log10(dt/yr), log10(dt), retry_factor     2  1262       -6.546659        0.952452        0.500000
 have reached retry limit so now backup
 grid1/grid1_001265.png/png
 burst_profile/burst_profile001265.png/png
       retry log10(dt/yr), log10(dt), retry_factor     1  1270       -5.448077        2.051034        0.500000
 grid1/grid1_001270.png/png
 burst_profile/burst_profile001270.png/png
hydro_newton_step failed to accept
       retry log10(dt/yr), log10(dt), retry_factor     1  1272       -5.806585        1.692527        0.500000
       retry log10(dt/yr), log10(dt), retry_factor     2  1272       -6.107615        1.391497        0.500000
 have reached retry limit so now backup
 grid1/grid1_001275.png/png
 burst_profile/burst_profile001275.png/png
       retry log10(dt/yr), log10(dt), retry_factor     1  1276       -6.107615        1.391497        0.500000
 grid1/grid1_001280.png/png
 burst_profile/burst_profile001280.png/png
       retry log10(dt/yr), log10(dt), retry_factor     1  1283       -5.521821        1.977291        0.500000
       retry log10(dt/yr), log10(dt), retry_factor     2  1283       -5.822851        1.676261        0.500000
 grid1/grid1_001285.png/png
 burst_profile/burst_profile001285.png/png
       retry log10(dt/yr), log10(dt), retry_factor     1  1288       -5.521821        1.977291        0.500000
       retry log10(dt/yr), log10(dt), retry_factor     1  1289       -5.822851        1.676261        0.500000
 grid1/grid1_001290.png/png
 burst_profile/burst_profile001290.png/png
 grid1/grid1_001295.png/png
 burst_profile/burst_profile001295.png/png
       retry log10(dt/yr), log10(dt), retry_factor     1  1296       -5.405165        2.093946        0.500000
       retry log10(dt/yr), log10(dt), retry_factor     1  1297       -5.706195        1.792916        0.500000
       1300   8.359539  3.695E+06   1.553131   1.581980   1.400000   1.400000   0.000000   0.000000   0.275200   0.049117  17.035230   1006    233
  -5.477204   6.747868  -4.792831  -0.610720   0.727823  -8.522879   0.000000   0.000000   0.000000   0.020000   0.036958 106.130135      6     41
 1.3389E-03  23.387768   1.638377   0.344318  13.595299  -1.104426   0.000000   0.000000   0.000000   0.000687  9.139E-01 -0.956E-12          hold

 grid1/grid1_001300.png/png
 burst_profile/burst_profile001300.png/png
       retry log10(dt/yr), log10(dt), retry_factor     1  1302       -5.477204        2.021908        0.500000
       retry log10(dt/yr), log10(dt), retry_factor     1  1303       -5.778234        1.720878        0.500000
 grid1/grid1_001305.png/png
 burst_profile/burst_profile001305.png/png
       retry log10(dt/yr), log10(dt), retry_factor     1  1308       -5.574114        1.924998        0.500000
       retry log10(dt/yr), log10(dt), retry_factor     1  1310       -5.875144        1.623968        0.500000
hydro_newton_step failed to accept
       retry log10(dt/yr), log10(dt), retry_factor     2  1310       -6.176174        1.322938        0.500000
 have reached retry limit so now backup
 grid1/grid1_001310.png/png
 burst_profile/burst_profile001310.png/png
       retry log10(dt/yr), log10(dt), retry_factor     1  1313       -6.477204        1.021908        0.500000
 grid1/grid1_001315.png/png
 burst_profile/burst_profile001315.png/png
       retry log10(dt/yr), log10(dt), retry_factor     1  1320       -5.836867        1.662245        0.500000
hydro_newton_step failed to accept
       retry log10(dt/yr), log10(dt), retry_factor     2  1320       -6.137897        1.361215        0.500000
 grid1/grid1_001320.png/png
 burst_profile/burst_profile001320.png/png
       retry log10(dt/yr), log10(dt), retry_factor     1  1325       -5.905833        1.593279        0.500000
 grid1/grid1_001325.png/png
 burst_profile/burst_profile001325.png/png
       retry log10(dt/yr), log10(dt), retry_factor     1  1327       -6.214991        1.284121        0.500000
       retry log10(dt/yr), log10(dt), retry_factor     2  1327       -6.516021        0.983091        0.500000
hydro_newton_step failed to accept
       retry log10(dt/yr), log10(dt), retry_factor     1  1328       -6.913961        0.585151        0.500000
 grid1/grid1_001330.png/png
 burst_profile/burst_profile001330.png/png
       retry log10(dt/yr), log10(dt), retry_factor     1  1331       -6.913961        0.585151        0.500000
hydro_newton_step failed to accept
       retry log10(dt/yr), log10(dt), retry_factor     2  1331       -7.214991        0.284121        0.500000
       retry log10(dt/yr), log10(dt), retry_factor     1  1334       -7.516021       -0.016909        0.500000
 grid1/grid1_001335.png/png
 burst_profile/burst_profile001335.png/png
       retry log10(dt/yr), log10(dt), retry_factor     1  1336       -7.817051       -0.317939        0.500000
       retry log10(dt/yr), log10(dt), retry_factor     1  1339       -8.118081       -0.618969        0.500000
 grid1/grid1_001340.png/png
 burst_profile/burst_profile001340.png/png
       retry log10(dt/yr), log10(dt), retry_factor     1  1343       -8.612931       -1.113819        0.500000
 grid1/grid1_001345.png/png
 burst_profile/burst_profile001345.png/png
 grid1/grid1_001350.png/png
 burst_profile/burst_profile001350.png/png
 grid1/grid1_001355.png/png
 burst_profile/burst_profile001355.png/png
 grid1/grid1_001360.png/png
 burst_profile/burst_profile001360.png/png
 grid1/grid1_001365.png/png
 burst_profile/burst_profile001365.png/png
 grid1/grid1_001370.png/png
 burst_profile/burst_profile001370.png/png
 grid1/grid1_001375.png/png
 burst_profile/burst_profile001375.png/png
 grid1/grid1_001380.png/png
 burst_profile/burst_profile001380.png/png
 grid1/grid1_001385.png/png
 burst_profile/burst_profile001385.png/png
 grid1/grid1_001390.png/png
 burst_profile/burst_profile001390.png/png
 grid1/grid1_001395.png/png
 burst_profile/burst_profile001395.png/png
       1400   8.746654  2.069E+07   3.440372   6.401723   1.400000   1.400000   0.000000   0.000000   0.280710   0.039818   6.644477   1059    251
  -8.073797   6.731272  -4.791822   2.879114   4.090761  -8.522879   0.000000   0.000000   0.000000   0.275577   0.028357  42.972650      7     42
 1.4066E-03  23.396038   4.632559   6.401118  14.902466  -0.801698   0.000000   0.000000   0.000000   0.000687  9.318E-01  0.218E-07      lgT_cntr

 grid1/grid1_001400.png/png
 burst_profile/burst_profile001400.png/png
 grid1/grid1_001405.png/png
 burst_profile/burst_profile001405.png/png
 grid1/grid1_001410.png/png
 burst_profile/burst_profile001410.png/png
 grid1/grid1_001415.png/png
 burst_profile/burst_profile001415.png/png
       retry log10(dt/yr), log10(dt), retry_factor     1  1420       -7.376205        0.122907        0.500000
       retry log10(dt/yr), log10(dt), retry_factor     2  1420       -7.677235       -0.178123        0.500000
 have reached retry limit so now backup
       retry log10(dt/yr), log10(dt), retry_factor     1  1420       -7.978265       -0.479153        0.500000
       retry log10(dt/yr), log10(dt), retry_factor     2  1420       -8.279295       -0.780183        0.500000
 have reached retry limit so now backup
 grid1/grid1_001420.png/png
 burst_profile/burst_profile001420.png/png
       retry log10(dt/yr), log10(dt), retry_factor     1  1423       -8.580325       -1.081213        0.500000
       retry log10(dt/yr), log10(dt), retry_factor     2  1423       -8.881355       -1.382243        0.500000
 have reached retry limit so now backup
       retry log10(dt/yr), log10(dt), retry_factor     1  1423       -9.182385       -1.683273        0.500000
       retry log10(dt/yr), log10(dt), retry_factor     2  1423       -9.483415       -1.984303        0.500000
 grid1/grid1_001425.png/png
 burst_profile/burst_profile001425.png/png
 grid1/grid1_001430.png/png
 burst_profile/burst_profile001430.png/png
       retry log10(dt/yr), log10(dt), retry_factor     1  1435       -7.768427       -0.269316        0.500000
hydro_newton_step failed to accept
       retry log10(dt/yr), log10(dt), retry_factor     2  1435       -8.069457       -0.570346        0.500000
 grid1/grid1_001435.png/png
 burst_profile/burst_profile001435.png/png
hydro_newton_step failed to accept
       retry log10(dt/yr), log10(dt), retry_factor     1  1437       -8.467397       -0.968286        0.500000
       retry log10(dt/yr), log10(dt), retry_factor     1  1439       -8.467397       -0.968286        0.500000
       retry log10(dt/yr), log10(dt), retry_factor     2  1439       -8.768427       -1.269316        0.500000
 have reached retry limit so now backup
       retry log10(dt/yr), log10(dt), retry_factor     1  1440       -9.069457       -1.570346        0.500000
       retry log10(dt/yr), log10(dt), retry_factor     2  1440       -9.370487       -1.871376        0.500000
 grid1/grid1_001440.png/png
 burst_profile/burst_profile001440.png/png
 grid1/grid1_001445.png/png
 burst_profile/burst_profile001445.png/png
 grid1/grid1_001450.png/png
 burst_profile/burst_profile001450.png/png
 grid1/grid1_001455.png/png
 burst_profile/burst_profile001455.png/png
 grid1/grid1_001460.png/png
 burst_profile/burst_profile001460.png/png
 grid1/grid1_001465.png/png
 burst_profile/burst_profile001465.png/png
       retry log10(dt/yr), log10(dt), retry_factor     1  1470       -7.919915       -0.420804        0.500000
 grid1/grid1_001470.png/png
 burst_profile/burst_profile001470.png/png
hydro_newton_step failed to accept
       retry log10(dt/yr), log10(dt), retry_factor     1  1471       -8.220945       -0.721834        0.500000
 grid1/grid1_001475.png/png
 burst_profile/burst_profile001475.png/png
 grid1/grid1_001480.png/png
 burst_profile/burst_profile001480.png/png
 grid1/grid1_001485.png/png
 burst_profile/burst_profile001485.png/png
       retry log10(dt/yr), log10(dt), retry_factor     1  1486       -7.667802       -0.168690        0.500000
       retry log10(dt/yr), log10(dt), retry_factor     2  1486       -7.968832       -0.469720        0.500000
 grid1/grid1_001490.png/png
 burst_profile/burst_profile001490.png/png
       retry log10(dt/yr), log10(dt), retry_factor     1  1491       -7.667802       -0.168690        0.500000
       retry log10(dt/yr), log10(dt), retry_factor     2  1491       -7.968832       -0.469720        0.500000
 grid1/grid1_001495.png/png
 burst_profile/burst_profile001495.png/png
       retry log10(dt/yr), log10(dt), retry_factor     1  1500       -7.492207        0.006904        0.500000
       1500   8.792941  8.993E+06   1.493445   2.809747   1.400000   1.400000   0.000000   0.000000   0.275200   0.013732   5.876081   1029    273
  -7.191177   6.725575  -4.792665   1.573120   2.275343  -8.522879   0.000000   0.000000   0.000000   0.020000   0.015707  38.459689     16     46
 1.4098E-03  23.396540   3.183707   2.760956  14.393459  -0.718463   0.000000   0.000000   0.000000   0.000687  9.706E-01  0.231E-08         retry

save LOGS/profile6.data for model 1500
save photos/x500 for model 1500
 grid1/grid1_001500.png/png
 burst_profile/burst_profile001500.png/png
 grid1/grid1_001505.png/png
 burst_profile/burst_profile001505.png/png
 grid1/grid1_001510.png/png
 burst_profile/burst_profile001510.png/png
 grid1/grid1_001515.png/png
 burst_profile/burst_profile001515.png/png

stop because model_number >= max_model_number
     1520     1520

       1520   8.606193  5.535E+06   1.196308   1.946147   1.400000   1.400000   0.000000   0.000000   0.275200   0.014415   9.497700   1041    273
  -6.298760   6.744463  -4.792821   0.225481   1.543098  -8.522879   0.000000   0.000000   0.000000   0.020000   0.015702  59.986046      6     46
 1.4145E-03  23.397143   2.340360   1.850906  14.039203  -0.841052   0.000000   0.000000   0.000000   0.000687  9.699E-01  0.439E-11    varcontrol

save LOGS/profile7.data for model 1520
save photos/x520 for model 1520
save abund_profile_r_cu55_ng_cu56_100.data for model 1520
 saved to final.mod
termination code: max_model_number
 grid1/grid1_001520.png/png
 burst_profile/burst_profile001520.png/png
       1520   8.606193  5.535E+06   1.196308   1.946147   1.400000   1.400000   0.000000   0.000000   0.275200   0.014415   9.497700   1041    273
  -6.298760   6.744463  -4.792821   0.225481   1.543098  -8.522879   0.000000   0.000000   0.000000   0.020000   0.015702  59.986046      6     46
 1.4145E-03  23.397143   2.340360   1.850906  14.039203  -0.841052   0.000000   0.000000   0.000000   0.000687  9.699E-01  0.439E-11      lgT_cntr

DATE: 2020-07-11
TIME: 12:04:55
