                                         version_number       10108
 read /hpc/group/physics/al363/sens/base/inlist_base
 read inlist_cluster
load saved model /hpc/group/physics/al363/sens/base/ns_relax.mod

 change to /hpc/group/physics/al363/sens/base/rp_305.net
             set special rate factor for r_cu62_ng_cu63         133    1.0000000000000000D+02
             set special rate factor for r_cu63_gn_cu62         134    1.0000000000000000D+02
             set special rate factor for r_cu62_ng_cu63         133    1.0000000000000000D+02
             set special rate factor for r_cu63_gn_cu62         134    1.0000000000000000D+02
 number of species         305
 read /hpc/group/physics/al363/sens/base/history_customACL.list
 read /hpc/group/physics/al363/sens/base/profile_customACL.list
 net name /hpc/group/physics/al363/sens/base/rp_305.net
 v_flag T
                         which_atm_option: grey_and_kap
                                           xmstar/mstar    4.5461189430843640D-12
                                             xmstar (g)    1.2660395722219186D+22
                                           M_center (g)    2.7848799999878681D+33
                                            xmstar/Msun    6.3645665203193175D-12
                                          M_center/Msun    1.3999999999939012D+00
                                          R_center (cm)    1.1200000000000000D+06
                                          R_center/Rsun    1.6092416448748527D-05
                                           core density    4.7322078204273819D+14
                                          L_center/Lsun    4.1647144567650578D+00
 kappa_file_prefix gs98
 kappa_lowT_prefix lowT_fa05_gs98

   eos_file_prefix mesa
                                        OMP_NUM_THREADS           8


__________________________________________________________________________________________________________________________________________________

       step    lg_Tcntr    Teff       lg_LH     lg_Lnuc     Mass       H_rich     H_cntr     N_cntr     Y_surf     X_avg     eta_cntr  zones retry
   lg_dt_yr    lg_Dcntr    lg_R       lg_L3a    lg_Lneu     lg_Mdot    He_core    He_cntr    O_cntr     Z_surf     Y_avg     gam_cntr  iters bckup
     age_yr    lg_Pcntr    lg_L       lg_LZ     lg_Psurf    lg_Dsurf   C_core     C_cntr     Ne_cntr    Si_cntr    Z_avg     v_div_cs     dt_limit
__________________________________________________________________________________________________________________________________________________

save LOGS/profile1.data for model 2
 grid1/grid1_000005.png/png
 burst_profile/burst_profile000005.png/png
          6   8.165156  1.497E+06   0.087590   0.087976   1.400000   1.400000   0.000000   0.000000   0.275200   0.030886  22.514775    791      0
  -5.817651   6.610341  -4.793035 -18.862378  -1.086578  -8.522879   0.000000   0.000000   0.000000   0.020000   0.011710 149.410225      6      0
 4.0040E-06  23.176196   0.068337  -2.962874  12.744977  -1.553972   0.000000   0.000000   0.000000   0.000687  9.574E-01  0.395E-11      lgT_cntr

save LOGS/profile2.data for model 6
 grid1/grid1_000010.png/png
 burst_profile/burst_profile000010.png/png
 grid1/grid1_000015.png/png
 burst_profile/burst_profile000015.png/png
 grid1/grid1_000020.png/png
 burst_profile/burst_profile000020.png/png
 grid1/grid1_000025.png/png
 burst_profile/burst_profile000025.png/png
       retry log10(dt/yr), log10(dt), retry_factor     1    30       -5.532111        1.967001        0.500000
 grid1/grid1_000030.png/png
 burst_profile/burst_profile000030.png/png
       retry log10(dt/yr), log10(dt), retry_factor     1    35       -5.231081        2.268031        0.500000
 grid1/grid1_000035.png/png
 burst_profile/burst_profile000035.png/png
       retry log10(dt/yr), log10(dt), retry_factor     1    36       -5.532111        1.967001        0.500000
       retry log10(dt/yr), log10(dt), retry_factor     1    40       -5.532111        1.967001        0.500000
 grid1/grid1_000040.png/png
 burst_profile/burst_profile000040.png/png
       retry log10(dt/yr), log10(dt), retry_factor     1    45       -5.231081        2.268031        0.500000
 grid1/grid1_000045.png/png
 burst_profile/burst_profile000045.png/png
       retry log10(dt/yr), log10(dt), retry_factor     1    49       -5.231081        2.268031        0.500000
 grid1/grid1_000050.png/png
 burst_profile/burst_profile000050.png/png
       retry log10(dt/yr), log10(dt), retry_factor     1    53       -5.231081        2.268031        0.500000
 grid1/grid1_000055.png/png
 burst_profile/burst_profile000055.png/png
       retry log10(dt/yr), log10(dt), retry_factor     1    56       -5.532111        1.967001        0.500000
       retry log10(dt/yr), log10(dt), retry_factor     2    56       -5.833141        1.665971        0.500000
 have reached retry limit so now backup
 grid1/grid1_000055.png/png
 burst_profile/burst_profile000055.png/png
       retry log10(dt/yr), log10(dt), retry_factor     1    58       -6.134171        1.364941        0.500000
       retry log10(dt/yr), log10(dt), retry_factor     2    58       -6.435201        1.063911        0.500000
 have reached retry limit so now backup
       retry log10(dt/yr), log10(dt), retry_factor     1    58       -6.736231        0.762881        0.500000
       retry log10(dt/yr), log10(dt), retry_factor     2    58       -7.037261        0.461851        0.500000
 have reached retry limit so now backup
       retry log10(dt/yr), log10(dt), retry_factor     1    60       -7.338291        0.160821        0.500000
       retry log10(dt/yr), log10(dt), retry_factor     2    60       -7.639321       -0.140209        0.500000
 have reached retry limit so now backup
 grid1/grid1_000060.png/png
 burst_profile/burst_profile000060.png/png
       retry log10(dt/yr), log10(dt), retry_factor     1    62       -7.940351       -0.441239        0.500000
       retry log10(dt/yr), log10(dt), retry_factor     2    62       -8.241381       -0.742269        0.500000
 grid1/grid1_000065.png/png
 burst_profile/burst_profile000065.png/png
 grid1/grid1_000070.png/png
 burst_profile/burst_profile000070.png/png
 grid1/grid1_000075.png/png
 burst_profile/burst_profile000075.png/png
       retry log10(dt/yr), log10(dt), retry_factor     1    76       -5.231081        2.268031        0.500000
       retry log10(dt/yr), log10(dt), retry_factor     2    76       -5.532111        1.967001        0.500000
       retry log10(dt/yr), log10(dt), retry_factor     1    77       -5.833141        1.665971        0.500000
       retry log10(dt/yr), log10(dt), retry_factor     2    77       -6.134171        1.364941        0.500000
 have reached retry limit so now backup
       retry log10(dt/yr), log10(dt), retry_factor     1    80       -6.435201        1.063911        0.500000
       retry log10(dt/yr), log10(dt), retry_factor     2    80       -6.736231        0.762881        0.500000
 have reached retry limit so now backup
 grid1/grid1_000080.png/png
 burst_profile/burst_profile000080.png/png
       retry log10(dt/yr), log10(dt), retry_factor     1    81       -7.037261        0.461851        0.500000
       retry log10(dt/yr), log10(dt), retry_factor     2    81       -7.338291        0.160821        0.500000
 have reached retry limit so now backup
 grid1/grid1_000080.png/png
 burst_profile/burst_profile000080.png/png
       retry log10(dt/yr), log10(dt), retry_factor     1    84       -7.639321       -0.140209        0.500000
       retry log10(dt/yr), log10(dt), retry_factor     2    84       -7.940351       -0.441239        0.500000
 have reached retry limit so now backup
       retry log10(dt/yr), log10(dt), retry_factor     1    84       -8.241381       -0.742269        0.500000
 grid1/grid1_000085.png/png
 burst_profile/burst_profile000085.png/png
 grid1/grid1_000090.png/png
 burst_profile/burst_profile000090.png/png
 grid1/grid1_000095.png/png
 burst_profile/burst_profile000095.png/png
       retry log10(dt/yr), log10(dt), retry_factor     1    97       -5.708198        1.790914        0.500000
       retry log10(dt/yr), log10(dt), retry_factor     1    98       -6.029742        1.469369        0.500000
       retry log10(dt/yr), log10(dt), retry_factor     1    99       -6.330772        1.168339        0.500000
        100   8.444841  4.670E+06   2.033171   2.166620   1.400000   1.400000   0.000000   0.000000   0.275200   0.100536  12.226481    752     31
  -6.029742   6.642744  -4.792800   1.206168   1.283421  -8.522879   0.000000   0.000000   0.000000   0.020000   0.058448  80.444517      6      8
 3.1300E-04  23.235090   2.045017   1.357011  13.860469  -0.943582   0.000000   0.000000   0.000000   0.000687  8.410E-01  0.987E-12          hold

 grid1/grid1_000100.png/png
 burst_profile/burst_profile000100.png/png
       retry log10(dt/yr), log10(dt), retry_factor     1   101       -6.631802        0.867309        0.500000
       retry log10(dt/yr), log10(dt), retry_factor     1   103       -6.932832        0.566279        0.500000
hydro_newton_step failed to accept
       retry log10(dt/yr), log10(dt), retry_factor     1   104       -7.233862        0.265249        0.500000
 grid1/grid1_000105.png/png
 burst_profile/burst_profile000105.png/png
       retry log10(dt/yr), log10(dt), retry_factor     1   106       -7.534892       -0.035781        0.500000
       retry log10(dt/yr), log10(dt), retry_factor     1   110       -7.649145       -0.150034        0.500000
       retry log10(dt/yr), log10(dt), retry_factor     2   110       -7.950175       -0.451064        0.500000
 grid1/grid1_000110.png/png
 burst_profile/burst_profile000110.png/png
       retry log10(dt/yr), log10(dt), retry_factor     1   112       -8.333724       -0.834612        0.500000
 grid1/grid1_000115.png/png
 burst_profile/burst_profile000115.png/png
 grid1/grid1_000120.png/png
 burst_profile/burst_profile000120.png/png
 grid1/grid1_000125.png/png
 burst_profile/burst_profile000125.png/png
 grid1/grid1_000130.png/png
 burst_profile/burst_profile000130.png/png
 grid1/grid1_000135.png/png
 burst_profile/burst_profile000135.png/png
 grid1/grid1_000140.png/png
 burst_profile/burst_profile000140.png/png
 grid1/grid1_000145.png/png
 burst_profile/burst_profile000145.png/png
 grid1/grid1_000150.png/png
 burst_profile/burst_profile000150.png/png
 grid1/grid1_000155.png/png
 burst_profile/burst_profile000155.png/png
 grid1/grid1_000160.png/png
 burst_profile/burst_profile000160.png/png
 grid1/grid1_000165.png/png
 burst_profile/burst_profile000165.png/png
                       super eddington wind: lg_Mdot, L/Ledd         166    -9.88645     1.00530
                       super eddington wind: lg_Mdot, L/Ledd         167    -9.04867     1.03641
                       super eddington wind: lg_Mdot, L/Ledd         168    -8.78123     1.06741
                       super eddington wind: lg_Mdot, L/Ledd         169    -8.62815     1.09577
                       super eddington wind: lg_Mdot, L/Ledd         170    -8.51815     1.12340
 grid1/grid1_000170.png/png
 burst_profile/burst_profile000170.png/png
                       super eddington wind: lg_Mdot, L/Ledd         171    -8.44058     1.14734
                       super eddington wind: lg_Mdot, L/Ledd         172    -8.60875     1.09984
                       super eddington wind: lg_Mdot, L/Ledd         173    -8.46483     1.13890
                       super eddington wind: lg_Mdot, L/Ledd         174    -8.37804     1.16956
                       super eddington wind: lg_Mdot, L/Ledd         175    -8.51716     1.12301
 grid1/grid1_000175.png/png
 burst_profile/burst_profile000175.png/png
                       super eddington wind: lg_Mdot, L/Ledd         176    -8.39919     1.16130
                       super eddington wind: lg_Mdot, L/Ledd         177    -8.32992     1.18902
                       super eddington wind: lg_Mdot, L/Ledd         178    -8.44903     1.14326
                       super eddington wind: lg_Mdot, L/Ledd         179    -8.34338     1.18262
                       super eddington wind: lg_Mdot, L/Ledd         180    -8.27957     1.21152
 grid1/grid1_000180.png/png
 burst_profile/burst_profile000180.png/png
                       super eddington wind: lg_Mdot, L/Ledd         181    -8.40131     1.15938
                       super eddington wind: lg_Mdot, L/Ledd         182    -8.29793     1.20206
                       super eddington wind: lg_Mdot, L/Ledd         183    -8.24929     1.22589
                       super eddington wind: lg_Mdot, L/Ledd         184    -8.35971     1.17485
                       super eddington wind: lg_Mdot, L/Ledd         185    -8.27808     1.21073
 grid1/grid1_000185.png/png
 burst_profile/burst_profile000185.png/png
                       super eddington wind: lg_Mdot, L/Ledd         186    -8.23968     1.23008
                       super eddington wind: lg_Mdot, L/Ledd         187    -8.35615     1.17570
                       super eddington wind: lg_Mdot, L/Ledd         188    -8.28234     1.20801
                       super eddington wind: lg_Mdot, L/Ledd         189    -8.25373     1.22183
                       super eddington wind: lg_Mdot, L/Ledd         190    -8.39414     1.16022
 grid1/grid1_000190.png/png
 burst_profile/burst_profile000190.png/png
                       super eddington wind: lg_Mdot, L/Ledd         191    -8.33437     1.18367
                       super eddington wind: lg_Mdot, L/Ledd         192    -8.32443     1.18763
                       super eddington wind: lg_Mdot, L/Ledd         193    -8.50895     1.12249
       retry log10(dt/yr), log10(dt), retry_factor     1   193       -9.067774       -1.568663        0.500000
                       super eddington wind: lg_Mdot, L/Ledd         193    -8.50895     1.12249
       retry log10(dt/yr), log10(dt), retry_factor     2   193       -9.368804       -1.869693        0.500000
                       super eddington wind: lg_Mdot, L/Ledd         193    -8.50895     1.12249
 have reached retry limit so now backup
                       super eddington wind: lg_Mdot, L/Ledd         192    -8.32443     1.18763
                       super eddington wind: lg_Mdot, L/Ledd         193    -8.69688     1.07952
                       super eddington wind: lg_Mdot, L/Ledd         194    -8.40122     1.15711
                       super eddington wind: lg_Mdot, L/Ledd         195    -8.56298     1.10824
 grid1/grid1_000195.png/png
 burst_profile/burst_profile000195.png/png
                       super eddington wind: lg_Mdot, L/Ledd         196    -8.46495     1.13557
                       super eddington wind: lg_Mdot, L/Ledd         197    -8.37313     1.16760
       retry log10(dt/yr), log10(dt), retry_factor     1   197       -9.575901       -2.076790        0.500000
                       super eddington wind: lg_Mdot, L/Ledd         197    -8.37313     1.16760
                       super eddington wind: lg_Mdot, L/Ledd         198    -8.56095     1.10865
                       super eddington wind: lg_Mdot, L/Ledd         199    -8.45179     1.13974
                       super eddington wind: lg_Mdot, L/Ledd         200    -8.35541     1.17452
        200   8.940990  2.386E+07   3.737797   6.707192   1.400000   1.400000   0.000000   0.000000   0.296126   0.076362   3.162715    653     41
  -9.274871   6.572593  -4.791530   3.026325   4.395841  -8.355409   0.000000   0.000000   0.000000   0.197762   0.044985  24.319989      6      9
 3.1497E-04  23.235207   4.880933   6.706635  15.062020  -0.897596   0.000000   0.000000   0.000000   0.000687  8.787E-01  0.172E-03          hold

 grid1/grid1_000200.png/png
 burst_profile/burst_profile000200.png/png
                       super eddington wind: lg_Mdot, L/Ledd         201    -8.56285     1.10814
                       super eddington wind: lg_Mdot, L/Ledd         202    -8.44624     1.14141
                       super eddington wind: lg_Mdot, L/Ledd         203    -8.61637     1.09552
                       super eddington wind: lg_Mdot, L/Ledd         204    -8.52193     1.11879
                       super eddington wind: lg_Mdot, L/Ledd         205    -8.43645     1.14451
 grid1/grid1_000205.png/png
 burst_profile/burst_profile000205.png/png
                       super eddington wind: lg_Mdot, L/Ledd         206    -8.59400     1.10044
                       super eddington wind: lg_Mdot, L/Ledd         207    -8.51121     1.12157
       retry log10(dt/yr), log10(dt), retry_factor     1   207       -9.192941       -1.693830        0.500000
                       super eddington wind: lg_Mdot, L/Ledd         207    -8.51121     1.12157
                       super eddington wind: lg_Mdot, L/Ledd         208    -8.67055     1.08414
                       super eddington wind: lg_Mdot, L/Ledd         209    -8.56365     1.10758
                       super eddington wind: lg_Mdot, L/Ledd         210    -8.44967     1.13997
 grid1/grid1_000210.png/png
 burst_profile/burst_profile000210.png/png
                       super eddington wind: lg_Mdot, L/Ledd         211    -8.77684     1.06585
                       super eddington wind: lg_Mdot, L/Ledd         212    -8.58786     1.10173
                       super eddington wind: lg_Mdot, L/Ledd         213    -8.82224     1.05922
                       super eddington wind: lg_Mdot, L/Ledd         214    -8.58066     1.10319
                       super eddington wind: lg_Mdot, L/Ledd         215    -9.01347     1.03810
 grid1/grid1_000215.png/png
 burst_profile/burst_profile000215.png/png
                       super eddington wind: lg_Mdot, L/Ledd         216    -8.85025     1.05543
                       super eddington wind: lg_Mdot, L/Ledd         217    -9.28338     1.02043
                       super eddington wind: lg_Mdot, L/Ledd         218    -9.15186     1.02764
                       super eddington wind: lg_Mdot, L/Ledd         220    -9.64501     1.00887
 grid1/grid1_000220.png/png
 burst_profile/burst_profile000220.png/png
       retry log10(dt/yr), log10(dt), retry_factor     1   224       -9.261854       -1.762742        0.500000
 grid1/grid1_000225.png/png
 burst_profile/burst_profile000225.png/png
 grid1/grid1_000230.png/png
 burst_profile/burst_profile000230.png/png
 grid1/grid1_000235.png/png
 burst_profile/burst_profile000235.png/png
 grid1/grid1_000240.png/png
 burst_profile/burst_profile000240.png/png
       retry log10(dt/yr), log10(dt), retry_factor     1   243       -7.453947        0.045164        0.500000
       retry log10(dt/yr), log10(dt), retry_factor     2   243       -7.754977       -0.255866        0.500000
 have reached retry limit so now backup
 grid1/grid1_000245.png/png
 burst_profile/burst_profile000245.png/png
hydro_newton_step failed to accept
       retry log10(dt/yr), log10(dt), retry_factor     1   250       -7.846858       -0.347747        0.500000
hydro_newton_step failed to accept
       retry log10(dt/yr), log10(dt), retry_factor     2   250       -8.147888       -0.648777        0.500000
 have reached retry limit so now backup
 grid1/grid1_000250.png/png
 burst_profile/burst_profile000250.png/png
hydro_newton_step failed to accept
       retry log10(dt/yr), log10(dt), retry_factor     1   253       -8.545828       -1.046717        0.500000
       retry log10(dt/yr), log10(dt), retry_factor     2   253       -8.846858       -1.347747        0.500000
 grid1/grid1_000255.png/png
 burst_profile/burst_profile000255.png/png
       retry log10(dt/yr), log10(dt), retry_factor     1   258       -8.545828       -1.046717        0.500000
       retry log10(dt/yr), log10(dt), retry_factor     2   258       -8.846858       -1.347747        0.500000
 grid1/grid1_000260.png/png
 burst_profile/burst_profile000260.png/png
hydro_newton_step failed to accept
       retry log10(dt/yr), log10(dt), retry_factor     1   264       -8.244798       -0.745687        0.500000
       retry log10(dt/yr), log10(dt), retry_factor     2   264       -8.545828       -1.046717        0.500000
 have reached retry limit so now backup
 grid1/grid1_000265.png/png
 burst_profile/burst_profile000265.png/png
hydro_newton_step failed to accept
       retry log10(dt/yr), log10(dt), retry_factor     1   268       -8.545828       -1.046717        0.500000
 grid1/grid1_000270.png/png
 burst_profile/burst_profile000270.png/png
       retry log10(dt/yr), log10(dt), retry_factor     1   274       -7.982961       -0.483850        0.500000
 grid1/grid1_000275.png/png
 burst_profile/burst_profile000275.png/png
 grid1/grid1_000280.png/png
 burst_profile/burst_profile000280.png/png
hydro_newton_step failed to accept
       retry log10(dt/yr), log10(dt), retry_factor     1   283       -8.028660       -0.529549        0.500000
hydro_newton_step failed to accept
       retry log10(dt/yr), log10(dt), retry_factor     2   283       -8.329690       -0.830579        0.500000
 grid1/grid1_000285.png/png
 burst_profile/burst_profile000285.png/png
 grid1/grid1_000290.png/png
 burst_profile/burst_profile000290.png/png
 grid1/grid1_000295.png/png
 burst_profile/burst_profile000295.png/png
       retry log10(dt/yr), log10(dt), retry_factor     1   297       -7.639736       -0.140625        0.500000
       retry log10(dt/yr), log10(dt), retry_factor     2   297       -7.940766       -0.441655        0.500000
        300   8.807355  1.140E+07   2.136006   3.714896   1.400000   1.400000   0.000000   0.000000   0.275200   0.020853   4.821095    700     59
  -7.787665   6.607706  -4.792594   1.937241   2.880485  -8.522879   0.000000   0.000000   0.000000   0.020000   0.020759  33.986176      6     12
 3.1779E-04  23.235881   3.595294   3.695783  14.484072  -0.766188   0.000000   0.000000   0.000000   0.000687  9.584E-01  0.456E-09          hold

 grid1/grid1_000300.png/png
 burst_profile/burst_profile000300.png/png
       retry log10(dt/yr), log10(dt), retry_factor     1   304       -7.702349       -0.203237        0.500000
       retry log10(dt/yr), log10(dt), retry_factor     2   304       -8.003379       -0.504267        0.500000
 have reached retry limit so now backup
 grid1/grid1_000305.png/png
 burst_profile/burst_profile000305.png/png
       retry log10(dt/yr), log10(dt), retry_factor     1   309       -7.702349       -0.203237        0.500000
       retry log10(dt/yr), log10(dt), retry_factor     2   309       -8.003379       -0.504267        0.500000
 grid1/grid1_000310.png/png
 burst_profile/burst_profile000310.png/png
hydro_newton_step failed to accept
       retry log10(dt/yr), log10(dt), retry_factor     1   315       -7.613829       -0.114717        0.500000
       retry log10(dt/yr), log10(dt), retry_factor     2   315       -7.914859       -0.415747        0.500000
 have reached retry limit so now backup
 grid1/grid1_000315.png/png
 burst_profile/burst_profile000315.png/png
 grid1/grid1_000320.png/png
 burst_profile/burst_profile000320.png/png
hydro_newton_step failed to accept
       retry log10(dt/yr), log10(dt), retry_factor     1   321       -7.548075       -0.048964        0.500000
       retry log10(dt/yr), log10(dt), retry_factor     2   321       -7.849105       -0.349994        0.500000
 grid1/grid1_000325.png/png
 burst_profile/burst_profile000325.png/png
 grid1/grid1_000330.png/png
 burst_profile/burst_profile000330.png/png
 grid1/grid1_000335.png/png
 burst_profile/burst_profile000335.png/png
 grid1/grid1_000340.png/png
 burst_profile/burst_profile000340.png/png
 grid1/grid1_000345.png/png
 burst_profile/burst_profile000345.png/png
 grid1/grid1_000350.png/png
 burst_profile/burst_profile000350.png/png
 grid1/grid1_000355.png/png
 burst_profile/burst_profile000355.png/png
 grid1/grid1_000360.png/png
 burst_profile/burst_profile000360.png/png
 grid1/grid1_000365.png/png
 burst_profile/burst_profile000365.png/png
       retry log10(dt/yr), log10(dt), retry_factor     1   367       -5.314016        2.185095        0.500000
       retry log10(dt/yr), log10(dt), retry_factor     2   367       -5.615046        1.884065        0.500000
 have reached retry limit so now backup
 grid1/grid1_000370.png/png
 burst_profile/burst_profile000370.png/png
       retry log10(dt/yr), log10(dt), retry_factor     1   373       -5.352906        2.146206        0.500000
       retry log10(dt/yr), log10(dt), retry_factor     1   374       -5.750846        1.748266        0.500000
 grid1/grid1_000375.png/png
 burst_profile/burst_profile000375.png/png
       retry log10(dt/yr), log10(dt), retry_factor     1   380       -5.405480        2.093631        0.500000
 grid1/grid1_000380.png/png
 burst_profile/burst_profile000380.png/png
       retry log10(dt/yr), log10(dt), retry_factor     1   384       -5.493097        2.006015        0.500000
       retry log10(dt/yr), log10(dt), retry_factor     1   385       -5.891037        1.608075        0.500000
 grid1/grid1_000385.png/png
 burst_profile/burst_profile000385.png/png
 grid1/grid1_000390.png/png
 burst_profile/burst_profile000390.png/png
       retry log10(dt/yr), log10(dt), retry_factor     1   391       -5.513233        1.985879        0.500000
       retry log10(dt/yr), log10(dt), retry_factor     1   393       -5.814263        1.684849        0.500000
       retry log10(dt/yr), log10(dt), retry_factor     2   393       -6.115293        1.383819        0.500000
 have reached retry limit so now backup
       retry log10(dt/yr), log10(dt), retry_factor     1   393       -6.416323        1.082789        0.500000
       retry log10(dt/yr), log10(dt), retry_factor     2   393       -6.717353        0.781759        0.500000
 have reached retry limit so now backup
       retry log10(dt/yr), log10(dt), retry_factor     1   393       -7.018383        0.480729        0.500000
       retry log10(dt/yr), log10(dt), retry_factor     2   393       -7.319413        0.179699        0.500000
 have reached retry limit so now backup
       retry log10(dt/yr), log10(dt), retry_factor     1   394       -7.620443       -0.121331        0.500000
       retry log10(dt/yr), log10(dt), retry_factor     2   394       -7.921473       -0.422361        0.500000
 grid1/grid1_000395.png/png
 burst_profile/burst_profile000395.png/png
        400   8.346756  3.635E+06   1.519169   1.546134   1.400000   1.400000   0.000000   0.000000   0.275200   0.061724  15.877171    749     83
  -6.717353   6.667785  -4.792872  -0.948469   0.692795  -8.522879   0.000000   0.000000   0.000000   0.020000   0.043785 102.784509      6     18
 5.0358E-04  23.267796   1.609531   0.301994  13.576529  -1.116049   0.000000   0.000000   0.000000   0.000687  8.945E-01  0.381E-10  max increase

 grid1/grid1_000400.png/png
 burst_profile/burst_profile000400.png/png
 grid1/grid1_000405.png/png
 burst_profile/burst_profile000405.png/png
       retry log10(dt/yr), log10(dt), retry_factor     1   406       -5.513233        1.985879        0.500000
       retry log10(dt/yr), log10(dt), retry_factor     1   407       -5.814263        1.684849        0.500000
       retry log10(dt/yr), log10(dt), retry_factor     1   408       -6.212203        1.286909        0.500000
       retry log10(dt/yr), log10(dt), retry_factor     1   409       -6.513233        0.985879        0.500000
       retry log10(dt/yr), log10(dt), retry_factor     1   410       -6.814263        0.684849        0.500000
 grid1/grid1_000410.png/png
 burst_profile/burst_profile000410.png/png
 grid1/grid1_000415.png/png
 burst_profile/burst_profile000415.png/png
       retry log10(dt/yr), log10(dt), retry_factor     1   419       -5.630721        1.868391        0.500000
       retry log10(dt/yr), log10(dt), retry_factor     2   419       -5.931751        1.567361        0.500000
 grid1/grid1_000420.png/png
 burst_profile/burst_profile000420.png/png
       retry log10(dt/yr), log10(dt), retry_factor     1   424       -5.686670        1.812442        0.500000
hydro_newton_step failed to accept
       retry log10(dt/yr), log10(dt), retry_factor     1   425       -5.987700        1.511412        0.500000
 grid1/grid1_000425.png/png
 burst_profile/burst_profile000425.png/png
hydro_newton_step failed to accept
       retry log10(dt/yr), log10(dt), retry_factor     1   426       -6.385640        1.113472        0.500000
       retry log10(dt/yr), log10(dt), retry_factor     1   427       -6.686670        0.812442        0.500000
 grid1/grid1_000430.png/png
 burst_profile/burst_profile000430.png/png
       retry log10(dt/yr), log10(dt), retry_factor     1   434       -5.783580        1.715532        0.500000
       retry log10(dt/yr), log10(dt), retry_factor     1   435       -6.084610        1.414502        0.500000
 grid1/grid1_000435.png/png
 burst_profile/burst_profile000435.png/png
hydro_newton_step failed to accept
       retry log10(dt/yr), log10(dt), retry_factor     1   436       -6.482550        1.016562        0.500000
 grid1/grid1_000440.png/png
 burst_profile/burst_profile000440.png/png
       retry log10(dt/yr), log10(dt), retry_factor     1   441       -6.158980        1.340132        0.500000
        441   8.423774  4.449E+06   1.935977   2.047763   1.400000   1.400000   0.000000   0.000000   0.275200   0.076059  13.375514    747     98
  -5.857950   6.674542  -4.792809   1.190083   1.115645  -8.522879   0.000000   0.000000   0.000000   0.020000   0.053844  86.529047     23     18
 5.8603E-04  23.281215   1.960976   0.993037  13.806391  -0.976058   0.000000   0.000000   0.000000   0.000687  8.701E-01  0.287E-11         retry

save LOGS/profile3.data for model 441
hydro_newton_step failed to accept
       retry log10(dt/yr), log10(dt), retry_factor     1   443       -6.621672        0.877439        0.500000
       retry log10(dt/yr), log10(dt), retry_factor     1   445       -6.621672        0.877439        0.500000
 grid1/grid1_000445.png/png
 burst_profile/burst_profile000445.png/png
       retry log10(dt/yr), log10(dt), retry_factor     1   446       -6.922702        0.576409        0.500000
hydro_newton_step failed to accept
       retry log10(dt/yr), log10(dt), retry_factor     2   446       -7.223732        0.275379        0.500000
 have reached retry limit so now backup
 grid1/grid1_000445.png/png
 burst_profile/burst_profile000445.png/png
 grid1/grid1_000450.png/png
 burst_profile/burst_profile000450.png/png
       retry log10(dt/yr), log10(dt), retry_factor     1   451       -6.922702        0.576409        0.500000
       retry log10(dt/yr), log10(dt), retry_factor     2   451       -7.223732        0.275379        0.500000
       retry log10(dt/yr), log10(dt), retry_factor     1   452       -7.524762       -0.025651        0.500000
       retry log10(dt/yr), log10(dt), retry_factor     1   455       -7.867876       -0.368764        0.500000
       retry log10(dt/yr), log10(dt), retry_factor     2   455       -8.168906       -0.669794        0.500000
 grid1/grid1_000455.png/png
 burst_profile/burst_profile000455.png/png
       retry log10(dt/yr), log10(dt), retry_factor     1   456       -8.566846       -1.067734        0.500000
 grid1/grid1_000460.png/png
 burst_profile/burst_profile000460.png/png
 grid1/grid1_000465.png/png
 burst_profile/burst_profile000465.png/png
 grid1/grid1_000470.png/png
 burst_profile/burst_profile000470.png/png
 grid1/grid1_000475.png/png
 burst_profile/burst_profile000475.png/png
 grid1/grid1_000480.png/png
 burst_profile/burst_profile000480.png/png
 grid1/grid1_000485.png/png
 burst_profile/burst_profile000485.png/png
 grid1/grid1_000490.png/png
 burst_profile/burst_profile000490.png/png
 grid1/grid1_000495.png/png
 burst_profile/burst_profile000495.png/png
       retry log10(dt/yr), log10(dt), retry_factor     1   498       -8.935822       -1.436711        0.500000
        500   8.462229  1.778E+07   3.586332   6.822102   1.400000   1.400000   0.000000   0.000000   0.278447   0.070403  12.202933    793    109
  -8.634792   6.673368  -4.791817   3.196162   4.084265  -8.522879   0.000000   0.000000   0.000000   0.029210   0.045329  79.125308      6     19
 5.8936E-04  23.281636   4.369988   6.821747  14.736281  -0.912185   0.000000   0.000000   0.000000   0.000687  8.843E-01 -0.149E-07          hold

save LOGS/profile4.data for model 500
save photos/x500 for model 500
 grid1/grid1_000500.png/png
 burst_profile/burst_profile000500.png/png
 grid1/grid1_000505.png/png
 burst_profile/burst_profile000505.png/png
 grid1/grid1_000510.png/png
 burst_profile/burst_profile000510.png/png
 grid1/grid1_000515.png/png
 burst_profile/burst_profile000515.png/png
 grid1/grid1_000520.png/png
 burst_profile/burst_profile000520.png/png
 grid1/grid1_000525.png/png
 burst_profile/burst_profile000525.png/png
 grid1/grid1_000530.png/png
 burst_profile/burst_profile000530.png/png
 grid1/grid1_000535.png/png
 burst_profile/burst_profile000535.png/png
 grid1/grid1_000540.png/png
 burst_profile/burst_profile000540.png/png
       retry log10(dt/yr), log10(dt), retry_factor     1   542       -8.140758       -0.641646        0.500000
       retry log10(dt/yr), log10(dt), retry_factor     2   542       -8.441788       -0.942676        0.500000
 grid1/grid1_000545.png/png
 burst_profile/burst_profile000545.png/png
 grid1/grid1_000550.png/png
 burst_profile/burst_profile000550.png/png
       retry log10(dt/yr), log10(dt), retry_factor     1   555       -7.801390       -0.302279        0.500000
 grid1/grid1_000555.png/png
 burst_profile/burst_profile000555.png/png
       retry log10(dt/yr), log10(dt), retry_factor     1   556       -8.199330       -0.700219        0.500000
       retry log10(dt/yr), log10(dt), retry_factor     2   556       -8.500360       -1.001249        0.500000
       retry log10(dt/yr), log10(dt), retry_factor     1   558       -8.801390       -1.302279        0.500000
       retry log10(dt/yr), log10(dt), retry_factor     2   558       -9.102420       -1.603309        0.500000
 grid1/grid1_000560.png/png
 burst_profile/burst_profile000560.png/png
hydro_newton_step failed to accept
       retry log10(dt/yr), log10(dt), retry_factor     1   565       -8.199330       -0.700219        0.500000
hydro_newton_step failed to accept
       retry log10(dt/yr), log10(dt), retry_factor     2   565       -8.500360       -1.001249        0.500000
 have reached retry limit so now backup
 grid1/grid1_000565.png/png
 burst_profile/burst_profile000565.png/png
 grid1/grid1_000570.png/png
 burst_profile/burst_profile000570.png/png
 grid1/grid1_000575.png/png
 burst_profile/burst_profile000575.png/png
hydro_newton_step failed to accept
       retry log10(dt/yr), log10(dt), retry_factor     1   579       -7.856850       -0.357739        0.500000
 grid1/grid1_000580.png/png
 burst_profile/burst_profile000580.png/png
 grid1/grid1_000585.png/png
 burst_profile/burst_profile000585.png/png
 grid1/grid1_000590.png/png
 burst_profile/burst_profile000590.png/png
 grid1/grid1_000595.png/png
 burst_profile/burst_profile000595.png/png
       retry log10(dt/yr), log10(dt), retry_factor     1   599       -7.962413       -0.463302        0.500000
hydro_newton_step failed to accept
       retry log10(dt/yr), log10(dt), retry_factor     2   599       -8.263443       -0.764332        0.500000
        600   8.835233  1.180E+07   2.157142   3.818906   1.400000   1.400000   0.000000   0.000000   0.275200   0.018727   4.662132    853    121
  -7.962413   6.635790  -4.792559   2.026804   2.907257  -8.522879   0.000000   0.000000   0.000000   0.020000   0.020310  32.567587      8     20
 5.9186E-04  23.282115   3.655208   3.802114  14.496536  -0.776880   0.000000   0.000000   0.000000   0.000687  9.610E-01 -0.218E-09          hold

 grid1/grid1_000600.png/png
 burst_profile/burst_profile000600.png/png
       retry log10(dt/yr), log10(dt), retry_factor     1   605       -7.661383       -0.162272        0.500000
hydro_newton_step failed to accept
       retry log10(dt/yr), log10(dt), retry_factor     2   605       -7.962413       -0.463302        0.500000
 grid1/grid1_000605.png/png
 burst_profile/burst_profile000605.png/png
       retry log10(dt/yr), log10(dt), retry_factor     1   610       -7.661383       -0.162272        0.500000
 grid1/grid1_000610.png/png
 burst_profile/burst_profile000610.png/png
       retry log10(dt/yr), log10(dt), retry_factor     1   615       -7.542605       -0.043493        0.500000
       retry log10(dt/yr), log10(dt), retry_factor     2   615       -7.843635       -0.344523        0.500000
 have reached retry limit so now backup
 grid1/grid1_000615.png/png
 burst_profile/burst_profile000615.png/png
 grid1/grid1_000620.png/png
 burst_profile/burst_profile000620.png/png
 grid1/grid1_000625.png/png
 burst_profile/burst_profile000625.png/png
 grid1/grid1_000630.png/png
 burst_profile/burst_profile000630.png/png
 grid1/grid1_000635.png/png
 burst_profile/burst_profile000635.png/png
 grid1/grid1_000640.png/png
 burst_profile/burst_profile000640.png/png
 grid1/grid1_000645.png/png
 burst_profile/burst_profile000645.png/png
 grid1/grid1_000650.png/png
 burst_profile/burst_profile000650.png/png
 grid1/grid1_000655.png/png
 burst_profile/burst_profile000655.png/png
 grid1/grid1_000660.png/png
 burst_profile/burst_profile000660.png/png
hydro_newton_step failed to accept
       retry log10(dt/yr), log10(dt), retry_factor     1   662       -5.819873        1.679239        0.500000
 grid1/grid1_000665.png/png
 burst_profile/burst_profile000665.png/png
       retry log10(dt/yr), log10(dt), retry_factor     1   667       -5.360252        2.138860        0.500000
       retry log10(dt/yr), log10(dt), retry_factor     1   668       -5.758192        1.740920        0.500000
       retry log10(dt/yr), log10(dt), retry_factor     1   669       -6.059222        1.439890        0.500000
hydro_newton_step failed to accept
       retry log10(dt/yr), log10(dt), retry_factor     2   669       -6.360252        1.138860        0.500000
 grid1/grid1_000670.png/png
 burst_profile/burst_profile000670.png/png
 grid1/grid1_000675.png/png
 burst_profile/burst_profile000675.png/png
       retry log10(dt/yr), log10(dt), retry_factor     1   676       -5.457162        2.041950        0.500000
       retry log10(dt/yr), log10(dt), retry_factor     1   678       -5.855102        1.644010        0.500000
 grid1/grid1_000680.png/png
 burst_profile/burst_profile000680.png/png
       retry log10(dt/yr), log10(dt), retry_factor     1   685       -5.384272        2.114840        0.500000
 grid1/grid1_000685.png/png
 burst_profile/burst_profile000685.png/png
       retry log10(dt/yr), log10(dt), retry_factor     1   690       -5.180152        2.318960        0.500000
 grid1/grid1_000690.png/png
 burst_profile/burst_profile000690.png/png
       retry log10(dt/yr), log10(dt), retry_factor     1   691       -5.481182        2.017930        0.500000
       retry log10(dt/yr), log10(dt), retry_factor     1   695       -5.560228        1.938883        0.500000
 grid1/grid1_000695.png/png
 burst_profile/burst_profile000695.png/png
       retry log10(dt/yr), log10(dt), retry_factor     1   696       -5.861258        1.637853        0.500000
hydro_newton_step failed to accept
       retry log10(dt/yr), log10(dt), retry_factor     1   697       -6.259198        1.239913        0.500000
        700   8.370721  3.855E+06   1.636320   1.670997   1.400000   1.400000   0.000000   0.000000   0.275200   0.064121  15.655126    878    139
  -5.657138   6.701031  -4.792837  -0.051656   0.809390  -8.522879   0.000000   0.000000   0.000000   0.020000   0.047152  99.780370      6     21
 8.2793E-04  23.318382   1.712103   0.432962  13.643849  -1.074847   0.000000   0.000000   0.000000   0.000687  8.887E-01  0.412E-12  max increase

 grid1/grid1_000700.png/png
 burst_profile/burst_profile000700.png/png
       retry log10(dt/yr), log10(dt), retry_factor     1   703       -5.754048        1.745063        0.500000
       retry log10(dt/yr), log10(dt), retry_factor     2   703       -6.055078        1.444033        0.500000
 have reached retry limit so now backup
 grid1/grid1_000705.png/png
 burst_profile/burst_profile000705.png/png
hydro_newton_step failed to accept
       retry log10(dt/yr), log10(dt), retry_factor     1   707       -6.108119        1.390993        0.500000
 grid1/grid1_000710.png/png
 burst_profile/burst_profile000710.png/png
       retry log10(dt/yr), log10(dt), retry_factor     1   711       -5.696212        1.802900        0.500000
       retry log10(dt/yr), log10(dt), retry_factor     1   712       -5.997242        1.501870        0.500000
       retry log10(dt/yr), log10(dt), retry_factor     1   714       -6.395182        1.103930        0.500000
       retry log10(dt/yr), log10(dt), retry_factor     2   714       -6.696212        0.802900        0.500000
 grid1/grid1_000715.png/png
 burst_profile/burst_profile000715.png/png
       retry log10(dt/yr), log10(dt), retry_factor     1   719       -6.395182        1.103930        0.500000
       retry log10(dt/yr), log10(dt), retry_factor     1   720       -6.696212        0.802900        0.500000
 grid1/grid1_000720.png/png
 burst_profile/burst_profile000720.png/png
       retry log10(dt/yr), log10(dt), retry_factor     1   721       -6.997242        0.501870        0.500000
       retry log10(dt/yr), log10(dt), retry_factor     1   722       -7.298272        0.200840        0.500000
       retry log10(dt/yr), log10(dt), retry_factor     1   723       -7.599302       -0.100190        0.500000
       retry log10(dt/yr), log10(dt), retry_factor     1   725       -7.900332       -0.401220        0.500000
 grid1/grid1_000725.png/png
 burst_profile/burst_profile000725.png/png
       retry log10(dt/yr), log10(dt), retry_factor     1   726       -8.269691       -0.770580        0.500000
       retry log10(dt/yr), log10(dt), retry_factor     1   727       -8.570721       -1.071610        0.500000
 grid1/grid1_000730.png/png
 burst_profile/burst_profile000730.png/png
 grid1/grid1_000735.png/png
 burst_profile/burst_profile000735.png/png
 grid1/grid1_000740.png/png
 burst_profile/burst_profile000740.png/png
 grid1/grid1_000745.png/png
 burst_profile/burst_profile000745.png/png
 grid1/grid1_000750.png/png
 burst_profile/burst_profile000750.png/png
 grid1/grid1_000755.png/png
 burst_profile/burst_profile000755.png/png
 grid1/grid1_000760.png/png
 burst_profile/burst_profile000760.png/png
       retry log10(dt/yr), log10(dt), retry_factor     1   764       -9.474210       -1.975099        0.500000
 grid1/grid1_000765.png/png
 burst_profile/burst_profile000765.png/png
       retry log10(dt/yr), log10(dt), retry_factor     1   769       -9.173180       -1.674069        0.500000
 grid1/grid1_000770.png/png
 burst_profile/burst_profile000770.png/png
 grid1/grid1_000775.png/png
 burst_profile/burst_profile000775.png/png
 grid1/grid1_000780.png/png
 burst_profile/burst_profile000780.png/png
 grid1/grid1_000785.png/png
 burst_profile/burst_profile000785.png/png
 grid1/grid1_000790.png/png
 burst_profile/burst_profile000790.png/png
 grid1/grid1_000795.png/png
 burst_profile/burst_profile000795.png/png
        800   8.762063  2.202E+07   3.537973   6.553347   1.400000   1.400000   0.000000   0.000000   0.283682   0.051454   5.957749    993    156
  -8.121207   6.677837  -4.791704   2.926076   4.233449  -8.522879   0.000000   0.000000   0.000000   0.258398   0.035189  39.808113      7     22
 8.6244E-04  23.323277   4.741361   6.552825  14.970078  -0.832340   0.000000   0.000000   0.000000   0.000687  9.134E-01  0.144E-07      lgT_cntr

 grid1/grid1_000800.png/png
 burst_profile/burst_profile000800.png/png
 grid1/grid1_000805.png/png
 burst_profile/burst_profile000805.png/png
 grid1/grid1_000810.png/png
 burst_profile/burst_profile000810.png/png
 grid1/grid1_000815.png/png
 burst_profile/burst_profile000815.png/png
 grid1/grid1_000820.png/png
 burst_profile/burst_profile000820.png/png
       retry log10(dt/yr), log10(dt), retry_factor     1   825       -7.736825       -0.237713        0.500000
 grid1/grid1_000825.png/png
 burst_profile/burst_profile000825.png/png
       retry log10(dt/yr), log10(dt), retry_factor     1   826       -8.134765       -0.635653        0.500000
hydro_newton_step failed to accept
       retry log10(dt/yr), log10(dt), retry_factor     1   827       -8.508345       -1.009234        0.500000
hydro_newton_step failed to accept
       retry log10(dt/yr), log10(dt), retry_factor     2   827       -8.809375       -1.310264        0.500000
 grid1/grid1_000830.png/png
 burst_profile/burst_profile000830.png/png
hydro_newton_step failed to accept
       retry log10(dt/yr), log10(dt), retry_factor     1   833       -7.906285       -0.407174        0.500000
hydro_newton_step failed to accept
       retry log10(dt/yr), log10(dt), retry_factor     2   833       -8.207315       -0.708204        0.500000
 have reached retry limit so now backup
       retry log10(dt/yr), log10(dt), retry_factor     1   833       -8.508345       -1.009234        0.500000
 grid1/grid1_000835.png/png
 burst_profile/burst_profile000835.png/png
 grid1/grid1_000840.png/png
 burst_profile/burst_profile000840.png/png
 grid1/grid1_000845.png/png
 burst_profile/burst_profile000845.png/png
 grid1/grid1_000850.png/png
 burst_profile/burst_profile000850.png/png
 grid1/grid1_000855.png/png
 burst_profile/burst_profile000855.png/png
 grid1/grid1_000860.png/png
 burst_profile/burst_profile000860.png/png
 grid1/grid1_000865.png/png
 burst_profile/burst_profile000865.png/png
       retry log10(dt/yr), log10(dt), retry_factor     1   870       -8.166584       -0.667472        0.500000
 grid1/grid1_000870.png/png
 burst_profile/burst_profile000870.png/png
 grid1/grid1_000875.png/png
 burst_profile/burst_profile000875.png/png
       retry log10(dt/yr), log10(dt), retry_factor     1   877       -7.726431       -0.227319        0.500000
       retry log10(dt/yr), log10(dt), retry_factor     2   877       -8.027460       -0.528349        0.500000
 grid1/grid1_000880.png/png
 burst_profile/burst_profile000880.png/png
 grid1/grid1_000885.png/png
 burst_profile/burst_profile000885.png/png
hydro_newton_step failed to accept
       retry log10(dt/yr), log10(dt), retry_factor     1   886       -7.585102       -0.085990        0.500000
       retry log10(dt/yr), log10(dt), retry_factor     2   886       -7.886132       -0.387020        0.500000
 have reached retry limit so now backup
 grid1/grid1_000885.png/png
 burst_profile/burst_profile000885.png/png
 grid1/grid1_000890.png/png
 burst_profile/burst_profile000890.png/png
 grid1/grid1_000895.png/png
 burst_profile/burst_profile000895.png/png
        900   8.707446  7.237E+06   1.266671   2.306592   1.400000   1.400000   0.000000   0.000000   0.275200   0.016070   6.889029    970    168
  -6.761597   6.685198  -4.792775   1.093923   1.844434  -8.522879   0.000000   0.000000   0.000000   0.020000   0.018163  45.398548      6     24
 8.6660E-04  23.324030   2.806287   2.234732  14.266418  -0.737693   0.000000   0.000000   0.000000   0.000687  9.658E-01  0.417E-10    varcontrol

 grid1/grid1_000900.png/png
 burst_profile/burst_profile000900.png/png
 grid1/grid1_000905.png/png
 burst_profile/burst_profile000905.png/png
 grid1/grid1_000910.png/png
 burst_profile/burst_profile000910.png/png
 grid1/grid1_000915.png/png
 burst_profile/burst_profile000915.png/png
 grid1/grid1_000920.png/png
 burst_profile/burst_profile000920.png/png
 grid1/grid1_000925.png/png
 burst_profile/burst_profile000925.png/png
 grid1/grid1_000930.png/png
 burst_profile/burst_profile000930.png/png
       retry log10(dt/yr), log10(dt), retry_factor     1   935       -5.632567        1.866544        0.500000
 grid1/grid1_000935.png/png
 burst_profile/burst_profile000935.png/png
       retry log10(dt/yr), log10(dt), retry_factor     1   939       -6.030507        1.468604        0.500000
       retry log10(dt/yr), log10(dt), retry_factor     1   940       -6.331537        1.167574        0.500000
 grid1/grid1_000940.png/png
 burst_profile/burst_profile000940.png/png
 grid1/grid1_000945.png/png
 burst_profile/burst_profile000945.png/png
       retry log10(dt/yr), log10(dt), retry_factor     1   947       -5.553884        1.945227        0.500000
 grid1/grid1_000950.png/png
 burst_profile/burst_profile000950.png/png
       retry log10(dt/yr), log10(dt), retry_factor     1   952       -5.476869        2.022243        0.500000
 grid1/grid1_000955.png/png
 burst_profile/burst_profile000955.png/png
       retry log10(dt/yr), log10(dt), retry_factor     1   957       -5.475363        2.023748        0.500000
 grid1/grid1_000960.png/png
 burst_profile/burst_profile000960.png/png
       retry log10(dt/yr), log10(dt), retry_factor     1   961       -5.571863        1.927248        0.500000
 grid1/grid1_000965.png/png
 burst_profile/burst_profile000965.png/png
       retry log10(dt/yr), log10(dt), retry_factor     1   966       -5.367743        2.131368        0.500000
       retry log10(dt/yr), log10(dt), retry_factor     2   966       -5.668773        1.830338        0.500000
 have reached retry limit so now backup
 grid1/grid1_000965.png/png
 burst_profile/burst_profile000965.png/png
       retry log10(dt/yr), log10(dt), retry_factor     1   967       -6.163623        1.335488        0.500000
 grid1/grid1_000970.png/png
 burst_profile/burst_profile000970.png/png
       retry log10(dt/yr), log10(dt), retry_factor     1   974       -5.549309        1.949802        0.500000
       retry log10(dt/yr), log10(dt), retry_factor     2   974       -5.850339        1.648772        0.500000
hydro_newton_step failed to accept
       retry log10(dt/yr), log10(dt), retry_factor     1   975       -6.248279        1.250832        0.500000
 grid1/grid1_000975.png/png
 burst_profile/burst_profile000975.png/png
       retry log10(dt/yr), log10(dt), retry_factor     1   976       -6.549309        0.949802        0.500000
       retry log10(dt/yr), log10(dt), retry_factor     1   977       -6.850339        0.648772        0.500000
 grid1/grid1_000980.png/png
 burst_profile/burst_profile000980.png/png
 grid1/grid1_000985.png/png
 burst_profile/burst_profile000985.png/png
       retry log10(dt/yr), log10(dt), retry_factor     1   986       -5.528926        1.970186        0.500000
       retry log10(dt/yr), log10(dt), retry_factor     2   986       -5.829956        1.669156        0.500000
 have reached retry limit so now backup
 grid1/grid1_000985.png/png
 burst_profile/burst_profile000985.png/png
hydro_newton_step failed to accept
       retry log10(dt/yr), log10(dt), retry_factor     1   988       -6.130986        1.368126        0.500000
 grid1/grid1_000990.png/png
 burst_profile/burst_profile000990.png/png
       retry log10(dt/yr), log10(dt), retry_factor     1   992       -5.722488        1.776623        0.500000
hydro_newton_step failed to accept
       retry log10(dt/yr), log10(dt), retry_factor     1   993       -6.030995        1.468116        0.500000
hydro_newton_step failed to accept
       retry log10(dt/yr), log10(dt), retry_factor     2   993       -6.332025        1.167086        0.500000
       retry log10(dt/yr), log10(dt), retry_factor     1   994       -6.729965        0.769146        0.500000
 grid1/grid1_000995.png/png
 burst_profile/burst_profile000995.png/png
       retry log10(dt/yr), log10(dt), retry_factor     1  1000       -6.323651        1.175460        0.500000
       retry log10(dt/yr), log10(dt), retry_factor     2  1000       -6.624681        0.874430        0.500000

__________________________________________________________________________________________________________________________________________________

       step    lg_Tcntr    Teff       lg_LH     lg_Lnuc     Mass       H_rich     H_cntr     N_cntr     Y_surf     X_avg     eta_cntr  zones retry
   lg_dt_yr    lg_Dcntr    lg_R       lg_L3a    lg_Lneu     lg_Mdot    He_core    He_cntr    O_cntr     Z_surf     Y_avg     gam_cntr  iters bckup
     age_yr    lg_Pcntr    lg_L       lg_LZ     lg_Psurf    lg_Dsurf   C_core     C_cntr     Ne_cntr    Si_cntr    Z_avg     v_div_cs     dt_limit
__________________________________________________________________________________________________________________________________________________

       1000   8.435168  4.669E+06   2.015077   2.210612   1.400000   1.400000   0.000000   0.000000   0.275200   0.062765  13.928583    973    192
  -6.323651   6.727960  -4.792773   1.497994   1.278209  -8.522879   0.000000   0.000000   0.000000   0.020000   0.045898  87.816114      6     26
 1.1333E-03  23.361152   2.044820   1.437752  13.860275  -0.943605   0.000000   0.000000   0.000000   0.000687  8.913E-01  0.955E-11         retry

save LOGS/profile5.data for model 1000
save photos/1000 for model 1000
 grid1/grid1_001000.png/png
 burst_profile/burst_profile001000.png/png
       retry log10(dt/yr), log10(dt), retry_factor     1  1002       -6.925711        0.573400        0.500000
       retry log10(dt/yr), log10(dt), retry_factor     1  1003       -7.226741        0.272370        0.500000
       retry log10(dt/yr), log10(dt), retry_factor     1  1005       -7.527771       -0.028660        0.500000
 grid1/grid1_001005.png/png
 burst_profile/burst_profile001005.png/png
       retry log10(dt/yr), log10(dt), retry_factor     1  1006       -7.909550       -0.410438        0.500000
       retry log10(dt/yr), log10(dt), retry_factor     1  1009       -8.210580       -0.711468        0.500000
 grid1/grid1_001010.png/png
 burst_profile/burst_profile001010.png/png
 grid1/grid1_001015.png/png
 burst_profile/burst_profile001015.png/png
       retry log10(dt/yr), log10(dt), retry_factor     1  1020       -8.848741       -1.349630        0.500000
 grid1/grid1_001020.png/png
 burst_profile/burst_profile001020.png/png
       retry log10(dt/yr), log10(dt), retry_factor     1  1025       -8.822705       -1.323594        0.500000
 grid1/grid1_001025.png/png
 burst_profile/burst_profile001025.png/png
 grid1/grid1_001030.png/png
 burst_profile/burst_profile001030.png/png
 grid1/grid1_001035.png/png
 burst_profile/burst_profile001035.png/png
 grid1/grid1_001040.png/png
 burst_profile/burst_profile001040.png/png
 grid1/grid1_001045.png/png
 burst_profile/burst_profile001045.png/png
       retry log10(dt/yr), log10(dt), retry_factor     1  1048       -9.266109       -1.766998        0.500000
 grid1/grid1_001050.png/png
 burst_profile/burst_profile001050.png/png
 grid1/grid1_001055.png/png
 burst_profile/burst_profile001055.png/png
 grid1/grid1_001060.png/png
 burst_profile/burst_profile001060.png/png
 grid1/grid1_001065.png/png
 burst_profile/burst_profile001065.png/png
 grid1/grid1_001070.png/png
 burst_profile/burst_profile001070.png/png
 grid1/grid1_001075.png/png
 burst_profile/burst_profile001075.png/png
 grid1/grid1_001080.png/png
 burst_profile/burst_profile001080.png/png
       retry log10(dt/yr), log10(dt), retry_factor     1  1084       -8.890697       -1.391586        0.500000
 grid1/grid1_001085.png/png
 burst_profile/burst_profile001085.png/png
 grid1/grid1_001090.png/png
 burst_profile/burst_profile001090.png/png
 grid1/grid1_001095.png/png
 burst_profile/burst_profile001095.png/png
       1100   8.950206  1.883E+07   3.264708   6.188950   1.400000   1.400000   0.000000   0.000000   0.278133   0.038217   3.559628   1025    201
  -7.310340   6.666420  -4.791998   2.788002   3.886052  -8.522879   0.000000   0.000000   0.000000   0.289600   0.027847  25.587179      9     26
 1.1351E-03  23.361258   4.469187   6.188260  14.808416  -0.768750   0.000000   0.000000   0.000000   0.000687  9.339E-01  0.146E-08      lgT_cntr

 grid1/grid1_001100.png/png
 burst_profile/burst_profile001100.png/png
 grid1/grid1_001105.png/png
 burst_profile/burst_profile001105.png/png
       retry log10(dt/yr), log10(dt), retry_factor     1  1107       -7.594213       -0.095101        0.500000
       retry log10(dt/yr), log10(dt), retry_factor     2  1107       -7.895242       -0.396131        0.500000
 grid1/grid1_001110.png/png
 burst_profile/burst_profile001110.png/png
hydro_newton_step failed to accept
       retry log10(dt/yr), log10(dt), retry_factor     1  1113       -8.170808       -0.671697        0.500000
       retry log10(dt/yr), log10(dt), retry_factor     2  1113       -8.471838       -0.972727        0.500000
 grid1/grid1_001115.png/png
 burst_profile/burst_profile001115.png/png
 grid1/grid1_001120.png/png
 burst_profile/burst_profile001120.png/png
       retry log10(dt/yr), log10(dt), retry_factor     1  1123       -7.791240       -0.292128        0.500000
       retry log10(dt/yr), log10(dt), retry_factor     2  1123       -8.092270       -0.593158        0.500000
 grid1/grid1_001125.png/png
 burst_profile/burst_profile001125.png/png
 grid1/grid1_001130.png/png
 burst_profile/burst_profile001130.png/png
 grid1/grid1_001135.png/png
 burst_profile/burst_profile001135.png/png
 grid1/grid1_001140.png/png
 burst_profile/burst_profile001140.png/png
 grid1/grid1_001145.png/png
 burst_profile/burst_profile001145.png/png
       retry log10(dt/yr), log10(dt), retry_factor     1  1148       -7.808871       -0.309759        0.500000
 grid1/grid1_001150.png/png
 burst_profile/burst_profile001150.png/png
       retry log10(dt/yr), log10(dt), retry_factor     1  1155       -7.693555       -0.194443        0.500000
       retry log10(dt/yr), log10(dt), retry_factor     2  1155       -7.994585       -0.495473        0.500000
 grid1/grid1_001155.png/png
 burst_profile/burst_profile001155.png/png
 grid1/grid1_001160.png/png
 burst_profile/burst_profile001160.png/png
 grid1/grid1_001165.png/png
 burst_profile/burst_profile001165.png/png
 grid1/grid1_001170.png/png
 burst_profile/burst_profile001170.png/png
 grid1/grid1_001175.png/png
 burst_profile/burst_profile001175.png/png
 grid1/grid1_001180.png/png
 burst_profile/burst_profile001180.png/png
 grid1/grid1_001185.png/png
 burst_profile/burst_profile001185.png/png
 grid1/grid1_001190.png/png
 burst_profile/burst_profile001190.png/png
 grid1/grid1_001195.png/png
 burst_profile/burst_profile001195.png/png
       1200   8.376678  3.514E+06   1.227900   1.365122   1.400000   1.400000   0.000000   0.000000   0.275200   0.020351  16.056975   1044    210
  -5.494740   6.732421  -4.792897  -2.241902   0.726450  -8.522879   0.000000   0.000000   0.000000   0.020000   0.019018 100.821137      6     26
 1.1649E-03  23.365378   1.551106   0.797558  13.538720  -1.138760   0.000000   0.000000   0.000000   0.000687  9.606E-01 -0.832E-12      lgT_cntr

 grid1/grid1_001200.png/png
 burst_profile/burst_profile001200.png/png
hydro_newton_step failed to accept
       retry log10(dt/yr), log10(dt), retry_factor     1  1205       -5.709600        1.789511        0.500000
hydro_newton_step failed to accept
       retry log10(dt/yr), log10(dt), retry_factor     2  1205       -6.010630        1.488481        0.500000
 have reached retry limit so now backup
 grid1/grid1_001205.png/png
 burst_profile/burst_profile001205.png/png
 grid1/grid1_001210.png/png
 burst_profile/burst_profile001210.png/png
       retry log10(dt/yr), log10(dt), retry_factor     1  1211       -5.549635        1.949477        0.500000
       retry log10(dt/yr), log10(dt), retry_factor     1  1212       -5.947575        1.551537        0.500000
       retry log10(dt/yr), log10(dt), retry_factor     1  1213       -6.248605        1.250507        0.500000
 grid1/grid1_001215.png/png
 burst_profile/burst_profile001215.png/png
       retry log10(dt/yr), log10(dt), retry_factor     1  1219       -5.786019        1.713092        0.500000
       retry log10(dt/yr), log10(dt), retry_factor     1  1220       -6.087049        1.412062        0.500000
 grid1/grid1_001220.png/png
 burst_profile/burst_profile001220.png/png
 grid1/grid1_001225.png/png
 burst_profile/burst_profile001225.png/png
       retry log10(dt/yr), log10(dt), retry_factor     1  1227       -5.432954        2.066158        0.500000
hydro_newton_step failed to accept
       retry log10(dt/yr), log10(dt), retry_factor     2  1227       -5.733984        1.765128        0.500000
 have reached retry limit so now backup
 grid1/grid1_001230.png/png
 burst_profile/burst_profile001230.png/png
       retry log10(dt/yr), log10(dt), retry_factor     1  1233       -5.444969        2.054143        0.500000
       retry log10(dt/yr), log10(dt), retry_factor     2  1233       -5.745999        1.753113        0.500000
 grid1/grid1_001235.png/png
 burst_profile/burst_profile001235.png/png
       retry log10(dt/yr), log10(dt), retry_factor     1  1239       -5.479406        2.019705        0.500000
hydro_newton_step failed to accept
       retry log10(dt/yr), log10(dt), retry_factor     1  1240       -5.877346        1.621765        0.500000
 grid1/grid1_001240.png/png
 burst_profile/burst_profile001240.png/png
       retry log10(dt/yr), log10(dt), retry_factor     1  1241       -6.178376        1.320735        0.500000
 grid1/grid1_001245.png/png
 burst_profile/burst_profile001245.png/png
       retry log10(dt/yr), log10(dt), retry_factor     1  1247       -5.576316        1.922795        0.500000
 grid1/grid1_001250.png/png
 burst_profile/burst_profile001250.png/png
       retry log10(dt/yr), log10(dt), retry_factor     1  1251       -5.576316        1.922795        0.500000
       retry log10(dt/yr), log10(dt), retry_factor     1  1252       -5.877346        1.621765        0.500000
 grid1/grid1_001255.png/png
 burst_profile/burst_profile001255.png/png
       retry log10(dt/yr), log10(dt), retry_factor     1  1258       -5.679236        1.819875        0.500000
       retry log10(dt/yr), log10(dt), retry_factor     2  1258       -5.980266        1.518845        0.500000
 grid1/grid1_001260.png/png
 burst_profile/burst_profile001260.png/png
       retry log10(dt/yr), log10(dt), retry_factor     1  1263       -5.842897        1.656215        0.500000
 grid1/grid1_001265.png/png
 burst_profile/burst_profile001265.png/png
       retry log10(dt/yr), log10(dt), retry_factor     1  1267       -5.898577        1.600534        0.500000
       retry log10(dt/yr), log10(dt), retry_factor     1  1269       -6.199607        1.299504        0.500000
hydro_newton_step failed to accept
       retry log10(dt/yr), log10(dt), retry_factor     1  1270       -6.500637        0.998474        0.500000
 grid1/grid1_001270.png/png
 burst_profile/burst_profile001270.png/png
hydro_newton_step failed to accept
       retry log10(dt/yr), log10(dt), retry_factor     1  1271       -6.847390        0.651722        0.500000
       retry log10(dt/yr), log10(dt), retry_factor     1  1272       -7.148420        0.350692        0.500000
 grid1/grid1_001275.png/png
 burst_profile/burst_profile001275.png/png
hydro_newton_step failed to accept
       retry log10(dt/yr), log10(dt), retry_factor     1  1277       -6.973173        0.525939        0.500000
       retry log10(dt/yr), log10(dt), retry_factor     1  1280       -6.402483        1.096629        0.500000
 grid1/grid1_001280.png/png
 burst_profile/burst_profile001280.png/png
       retry log10(dt/yr), log10(dt), retry_factor     1  1281       -6.703513        0.795599        0.500000
hydro_newton_step failed to accept
       retry log10(dt/yr), log10(dt), retry_factor     1  1283       -7.004543        0.494569        0.500000
       retry log10(dt/yr), log10(dt), retry_factor     1  1285       -7.004543        0.494569        0.500000
       retry log10(dt/yr), log10(dt), retry_factor     2  1285       -7.305573        0.193539        0.500000
 grid1/grid1_001285.png/png
 burst_profile/burst_profile001285.png/png
       retry log10(dt/yr), log10(dt), retry_factor     1  1287       -7.606603       -0.107491        0.500000
       retry log10(dt/yr), log10(dt), retry_factor     1  1289       -7.907633       -0.408521        0.500000
       retry log10(dt/yr), log10(dt), retry_factor     1  1290       -8.305573       -0.806461        0.500000
 grid1/grid1_001290.png/png
 burst_profile/burst_profile001290.png/png
 grid1/grid1_001295.png/png
 burst_profile/burst_profile001295.png/png
       1300   8.447159  7.453E+06   3.911628   4.939930   1.400000   1.400000   0.000000   0.000000   0.275200   0.056888  13.939619   1094    244
  -8.639425   6.751072  -4.792555   3.223904   3.701191  -8.522879   0.000000   0.000000   0.000000   0.020000   0.040030  86.953557      6     28
 1.4052E-03  23.395967   2.857728   4.887893  14.286285  -0.731830   0.000000   0.000000   0.000000   0.000687  9.031E-01 -0.181E-08        lgTeff

 grid1/grid1_001300.png/png
 burst_profile/burst_profile001300.png/png
 grid1/grid1_001305.png/png
 burst_profile/burst_profile001305.png/png
 grid1/grid1_001310.png/png
 burst_profile/burst_profile001310.png/png
 grid1/grid1_001315.png/png
 burst_profile/burst_profile001315.png/png
 grid1/grid1_001320.png/png
 burst_profile/burst_profile001320.png/png
 grid1/grid1_001325.png/png
 burst_profile/burst_profile001325.png/png
 grid1/grid1_001330.png/png
 burst_profile/burst_profile001330.png/png
 grid1/grid1_001335.png/png
 burst_profile/burst_profile001335.png/png
 grid1/grid1_001340.png/png
 burst_profile/burst_profile001340.png/png
 grid1/grid1_001345.png/png
 burst_profile/burst_profile001345.png/png
 grid1/grid1_001350.png/png
 burst_profile/burst_profile001350.png/png
 grid1/grid1_001355.png/png
 burst_profile/burst_profile001355.png/png
 grid1/grid1_001360.png/png
 burst_profile/burst_profile001360.png/png
 grid1/grid1_001365.png/png
 burst_profile/burst_profile001365.png/png
 grid1/grid1_001370.png/png
 burst_profile/burst_profile001370.png/png
       retry log10(dt/yr), log10(dt), retry_factor     1  1373       -7.408831        0.090281        0.500000
       retry log10(dt/yr), log10(dt), retry_factor     1  1375       -7.903681       -0.404569        0.500000
 grid1/grid1_001375.png/png
 burst_profile/burst_profile001375.png/png
       retry log10(dt/yr), log10(dt), retry_factor     1  1376       -8.301621       -0.802509        0.500000
hydro_newton_step failed to accept
       retry log10(dt/yr), log10(dt), retry_factor     2  1376       -8.602651       -1.103539        0.500000
 grid1/grid1_001380.png/png
 burst_profile/burst_profile001380.png/png
 grid1/grid1_001385.png/png
 burst_profile/burst_profile001385.png/png
 grid1/grid1_001390.png/png
 burst_profile/burst_profile001390.png/png
 grid1/grid1_001395.png/png
 burst_profile/burst_profile001395.png/png
       1400   8.905862  1.387E+07   2.497625   4.539805   1.400000   1.400000   0.000000   0.000000   0.275200   0.016256   4.255714   1107    248
  -7.353389   6.704373  -4.792384   2.246243   3.209599  -8.522879   0.000000   0.000000   0.000000   0.020000   0.017300  29.175436      6     28
 1.4072E-03  23.396182   3.936896   4.533611  14.567736  -0.828958   0.000000   0.000000   0.000000   0.000687  9.664E-01  0.303E-08          dH/H

 grid1/grid1_001400.png/png
 burst_profile/burst_profile001400.png/png
 grid1/grid1_001405.png/png
 burst_profile/burst_profile001405.png/png
 grid1/grid1_001410.png/png
 burst_profile/burst_profile001410.png/png
 grid1/grid1_001415.png/png
 burst_profile/burst_profile001415.png/png
       retry log10(dt/yr), log10(dt), retry_factor     1  1420       -7.644136       -0.145024        0.500000
hydro_newton_step failed to accept
       retry log10(dt/yr), log10(dt), retry_factor     2  1420       -7.945166       -0.446054        0.500000
 grid1/grid1_001420.png/png
 burst_profile/burst_profile001420.png/png
       retry log10(dt/yr), log10(dt), retry_factor     1  1425       -7.648433       -0.149322        0.500000
       retry log10(dt/yr), log10(dt), retry_factor     2  1425       -7.949463       -0.450352        0.500000
 grid1/grid1_001425.png/png
 burst_profile/burst_profile001425.png/png
 grid1/grid1_001430.png/png
 burst_profile/burst_profile001430.png/png
 grid1/grid1_001435.png/png
 burst_profile/burst_profile001435.png/png
 grid1/grid1_001440.png/png
 burst_profile/burst_profile001440.png/png
 grid1/grid1_001445.png/png
 burst_profile/burst_profile001445.png/png

stop because model_number >= max_model_number
     1450     1450

       1450   8.637052  5.911E+06   1.234485   2.030601   1.400000   1.400000   0.000000   0.000000   0.275200   0.013881   8.796119   1115    252
  -6.444843   6.742162  -4.792807   0.461998   1.620475  -8.522879   0.000000   0.000000   0.000000   0.020000   0.015548  55.773007      6     28
 1.4124E-03  23.396880   2.454594   1.940737  14.101850  -0.808252   0.000000   0.000000   0.000000   0.000687  9.706E-01  0.124E-11      lgT_cntr

save LOGS/profile6.data for model 1450
save photos/x450 for model 1450
save abund_profile_r_cu62_ng_cu63_100.data for model 1450
 saved to final.mod
termination code: max_model_number
 grid1/grid1_001450.png/png
 burst_profile/burst_profile001450.png/png
       1450   8.637052  5.911E+06   1.234485   2.030601   1.400000   1.400000   0.000000   0.000000   0.275200   0.013881   8.796119   1115    252
  -6.444843   6.742162  -4.792807   0.461998   1.620475  -8.522879   0.000000   0.000000   0.000000   0.020000   0.015548  55.773007      6     28
 1.4124E-03  23.396880   2.454594   1.940737  14.101850  -0.808252   0.000000   0.000000   0.000000   0.000687  9.706E-01  0.124E-11      lgT_cntr

DATE: 2020-07-11
TIME: 20:25:22
