                                         version_number       10108
 read /hpc/group/physics/al363/sens/base/inlist_base
 read inlist_cluster
load saved model /hpc/group/physics/al363/sens/base/ns_relax.mod

 change to /hpc/group/physics/al363/sens/base/rp_305.net
             set special rate factor for r_ca43_ng_ca44          69    1.0000000000000000D+02
             set special rate factor for r_ca44_gn_ca43          70    1.0000000000000000D+02
             set special rate factor for r_ca43_ng_ca44          69    1.0000000000000000D+02
             set special rate factor for r_ca44_gn_ca43          70    1.0000000000000000D+02
 number of species         305
 read /hpc/group/physics/al363/sens/base/history_customACL.list
 read /hpc/group/physics/al363/sens/base/profile_customACL.list
 net name /hpc/group/physics/al363/sens/base/rp_305.net
 v_flag T
                         which_atm_option: grey_and_kap
                                           xmstar/mstar    4.5461189430843640D-12
                                             xmstar (g)    1.2660395722219186D+22
                                           M_center (g)    2.7848799999878681D+33
                                            xmstar/Msun    6.3645665203193175D-12
                                          M_center/Msun    1.3999999999939012D+00
                                          R_center (cm)    1.1200000000000000D+06
                                          R_center/Rsun    1.6092416448748527D-05
                                           core density    4.7322078204273819D+14
                                          L_center/Lsun    4.1647144567650578D+00
 kappa_file_prefix gs98
 kappa_lowT_prefix lowT_fa05_gs98

   eos_file_prefix mesa
                                        OMP_NUM_THREADS           8


__________________________________________________________________________________________________________________________________________________

       step    lg_Tcntr    Teff       lg_LH     lg_Lnuc     Mass       H_rich     H_cntr     N_cntr     Y_surf     X_avg     eta_cntr  zones retry
   lg_dt_yr    lg_Dcntr    lg_R       lg_L3a    lg_Lneu     lg_Mdot    He_core    He_cntr    O_cntr     Z_surf     Y_avg     gam_cntr  iters bckup
     age_yr    lg_Pcntr    lg_L       lg_LZ     lg_Psurf    lg_Dsurf   C_core     C_cntr     Ne_cntr    Si_cntr    Z_avg     v_div_cs     dt_limit
__________________________________________________________________________________________________________________________________________________

save LOGS/profile1.data for model 2
 grid1/grid1_000005.png/png
 burst_profile/burst_profile000005.png/png
          6   8.165156  1.497E+06   0.087590   0.087976   1.400000   1.400000   0.000000   0.000000   0.275200   0.030886  22.514775    791      0
  -5.817651   6.610341  -4.793035 -18.862378  -1.086578  -8.522879   0.000000   0.000000   0.000000   0.020000   0.011710 149.410225      6      0
 4.0040E-06  23.176196   0.068337  -2.962874  12.744977  -1.553972   0.000000   0.000000   0.000000   0.000687  9.574E-01  0.395E-11      lgT_cntr

save LOGS/profile2.data for model 6
 grid1/grid1_000010.png/png
 burst_profile/burst_profile000010.png/png
 grid1/grid1_000015.png/png
 burst_profile/burst_profile000015.png/png
 grid1/grid1_000020.png/png
 burst_profile/burst_profile000020.png/png
 grid1/grid1_000025.png/png
 burst_profile/burst_profile000025.png/png
       retry log10(dt/yr), log10(dt), retry_factor     1    30       -5.532111        1.967001        0.500000
 grid1/grid1_000030.png/png
 burst_profile/burst_profile000030.png/png
       retry log10(dt/yr), log10(dt), retry_factor     1    35       -5.231081        2.268031        0.500000
 grid1/grid1_000035.png/png
 burst_profile/burst_profile000035.png/png
       retry log10(dt/yr), log10(dt), retry_factor     1    36       -5.532111        1.967001        0.500000
       retry log10(dt/yr), log10(dt), retry_factor     1    40       -5.532111        1.967001        0.500000
 grid1/grid1_000040.png/png
 burst_profile/burst_profile000040.png/png
       retry log10(dt/yr), log10(dt), retry_factor     1    45       -5.231081        2.268031        0.500000
 grid1/grid1_000045.png/png
 burst_profile/burst_profile000045.png/png
       retry log10(dt/yr), log10(dt), retry_factor     1    49       -5.231081        2.268031        0.500000
 grid1/grid1_000050.png/png
 burst_profile/burst_profile000050.png/png
       retry log10(dt/yr), log10(dt), retry_factor     1    53       -5.231081        2.268031        0.500000
 grid1/grid1_000055.png/png
 burst_profile/burst_profile000055.png/png
       retry log10(dt/yr), log10(dt), retry_factor     1    56       -5.532111        1.967001        0.500000
       retry log10(dt/yr), log10(dt), retry_factor     2    56       -5.833141        1.665971        0.500000
 have reached retry limit so now backup
 grid1/grid1_000055.png/png
 burst_profile/burst_profile000055.png/png
       retry log10(dt/yr), log10(dt), retry_factor     1    58       -6.134171        1.364941        0.500000
       retry log10(dt/yr), log10(dt), retry_factor     2    58       -6.435201        1.063911        0.500000
 have reached retry limit so now backup
       retry log10(dt/yr), log10(dt), retry_factor     1    58       -6.736231        0.762881        0.500000
       retry log10(dt/yr), log10(dt), retry_factor     2    58       -7.037261        0.461851        0.500000
 have reached retry limit so now backup
       retry log10(dt/yr), log10(dt), retry_factor     1    60       -7.338291        0.160821        0.500000
       retry log10(dt/yr), log10(dt), retry_factor     2    60       -7.639321       -0.140209        0.500000
 have reached retry limit so now backup
 grid1/grid1_000060.png/png
 burst_profile/burst_profile000060.png/png
       retry log10(dt/yr), log10(dt), retry_factor     1    62       -7.940351       -0.441239        0.500000
       retry log10(dt/yr), log10(dt), retry_factor     2    62       -8.241381       -0.742269        0.500000
 grid1/grid1_000065.png/png
 burst_profile/burst_profile000065.png/png
 grid1/grid1_000070.png/png
 burst_profile/burst_profile000070.png/png
 grid1/grid1_000075.png/png
 burst_profile/burst_profile000075.png/png
       retry log10(dt/yr), log10(dt), retry_factor     1    76       -5.231081        2.268031        0.500000
       retry log10(dt/yr), log10(dt), retry_factor     2    76       -5.532111        1.967001        0.500000
       retry log10(dt/yr), log10(dt), retry_factor     1    77       -5.833141        1.665971        0.500000
       retry log10(dt/yr), log10(dt), retry_factor     2    77       -6.134171        1.364941        0.500000
 have reached retry limit so now backup
       retry log10(dt/yr), log10(dt), retry_factor     1    80       -6.435201        1.063911        0.500000
       retry log10(dt/yr), log10(dt), retry_factor     2    80       -6.736231        0.762881        0.500000
 have reached retry limit so now backup
 grid1/grid1_000080.png/png
 burst_profile/burst_profile000080.png/png
       retry log10(dt/yr), log10(dt), retry_factor     1    81       -7.037261        0.461851        0.500000
       retry log10(dt/yr), log10(dt), retry_factor     2    81       -7.338291        0.160821        0.500000
 have reached retry limit so now backup
 grid1/grid1_000080.png/png
 burst_profile/burst_profile000080.png/png
       retry log10(dt/yr), log10(dt), retry_factor     1    84       -7.639321       -0.140209        0.500000
       retry log10(dt/yr), log10(dt), retry_factor     2    84       -7.940351       -0.441239        0.500000
 have reached retry limit so now backup
       retry log10(dt/yr), log10(dt), retry_factor     1    84       -8.241381       -0.742269        0.500000
 grid1/grid1_000085.png/png
 burst_profile/burst_profile000085.png/png
 grid1/grid1_000090.png/png
 burst_profile/burst_profile000090.png/png
 grid1/grid1_000095.png/png
 burst_profile/burst_profile000095.png/png
       retry log10(dt/yr), log10(dt), retry_factor     1    97       -5.708153        1.790959        0.500000
       retry log10(dt/yr), log10(dt), retry_factor     1    98       -6.029732        1.469380        0.500000
       retry log10(dt/yr), log10(dt), retry_factor     1    99       -6.330762        1.168350        0.500000
        100   8.444850  4.670E+06   2.033226   2.166732   1.400000   1.400000   0.000000   0.000000   0.275200   0.100536  12.226213    752     31
  -6.029732   6.642744  -4.792800   1.206363   1.283551  -8.522879   0.000000   0.000000   0.000000   0.020000   0.058448  80.442802      6      8
 3.1300E-04  23.235090   2.045065   1.357332  13.860500  -0.943563   0.000000   0.000000   0.000000   0.000687  8.410E-01  0.986E-12          hold

 grid1/grid1_000100.png/png
 burst_profile/burst_profile000100.png/png
       retry log10(dt/yr), log10(dt), retry_factor     1   101       -6.631792        0.867320        0.500000
       retry log10(dt/yr), log10(dt), retry_factor     1   103       -6.932822        0.566290        0.500000
       retry log10(dt/yr), log10(dt), retry_factor     1   104       -7.233852        0.265260        0.500000
 grid1/grid1_000105.png/png
 burst_profile/burst_profile000105.png/png
       retry log10(dt/yr), log10(dt), retry_factor     1   106       -7.534882       -0.035770        0.500000
       retry log10(dt/yr), log10(dt), retry_factor     1   110       -7.657146       -0.158034        0.500000
       retry log10(dt/yr), log10(dt), retry_factor     2   110       -7.958176       -0.459064        0.500000
 grid1/grid1_000110.png/png
 burst_profile/burst_profile000110.png/png
       retry log10(dt/yr), log10(dt), retry_factor     1   112       -8.342162       -0.843050        0.500000
 grid1/grid1_000115.png/png
 burst_profile/burst_profile000115.png/png
 grid1/grid1_000120.png/png
 burst_profile/burst_profile000120.png/png
 grid1/grid1_000125.png/png
 burst_profile/burst_profile000125.png/png
 grid1/grid1_000130.png/png
 burst_profile/burst_profile000130.png/png
 grid1/grid1_000135.png/png
 burst_profile/burst_profile000135.png/png
 grid1/grid1_000140.png/png
 burst_profile/burst_profile000140.png/png
 grid1/grid1_000145.png/png
 burst_profile/burst_profile000145.png/png
 grid1/grid1_000150.png/png
 burst_profile/burst_profile000150.png/png
 grid1/grid1_000155.png/png
 burst_profile/burst_profile000155.png/png
 grid1/grid1_000160.png/png
 burst_profile/burst_profile000160.png/png
 grid1/grid1_000165.png/png
 burst_profile/burst_profile000165.png/png
                       super eddington wind: lg_Mdot, L/Ledd         166    -9.25213     1.02280
                       super eddington wind: lg_Mdot, L/Ledd         167    -8.87711     1.05394
                       super eddington wind: lg_Mdot, L/Ledd         168    -8.68501     1.08399
                       super eddington wind: lg_Mdot, L/Ledd         169    -8.55121     1.11425
                       super eddington wind: lg_Mdot, L/Ledd         170    -8.49972     1.12843
 grid1/grid1_000170.png/png
 burst_profile/burst_profile000170.png/png
                       super eddington wind: lg_Mdot, L/Ledd         171    -8.39538     1.16327
                       super eddington wind: lg_Mdot, L/Ledd         172    -8.55140     1.11376
                       super eddington wind: lg_Mdot, L/Ledd         173    -8.42383     1.15248
                       super eddington wind: lg_Mdot, L/Ledd         174    -8.35401     1.17909
                       super eddington wind: lg_Mdot, L/Ledd         175    -8.48681     1.13180
 grid1/grid1_000175.png/png
 burst_profile/burst_profile000175.png/png
                       super eddington wind: lg_Mdot, L/Ledd         176    -8.37654     1.16970
                       super eddington wind: lg_Mdot, L/Ledd         177    -8.30513     1.19964
                       super eddington wind: lg_Mdot, L/Ledd         178    -8.43745     1.14704
                       super eddington wind: lg_Mdot, L/Ledd         179    -8.32724     1.18934
                       super eddington wind: lg_Mdot, L/Ledd         180    -8.26111     1.22041
 grid1/grid1_000180.png/png
 burst_profile/burst_profile000180.png/png
                       super eddington wind: lg_Mdot, L/Ledd         181    -8.37964     1.16746
                       super eddington wind: lg_Mdot, L/Ledd         182    -8.29094     1.20517
                       super eddington wind: lg_Mdot, L/Ledd         183    -8.23108     1.23530
                       super eddington wind: lg_Mdot, L/Ledd         184    -8.35046     1.17847
                       super eddington wind: lg_Mdot, L/Ledd         185    -8.27300     1.21310
 grid1/grid1_000185.png/png
 burst_profile/burst_profile000185.png/png
                       super eddington wind: lg_Mdot, L/Ledd         186    -8.22897     1.23574
                       super eddington wind: lg_Mdot, L/Ledd         187    -8.34952     1.17817
                       super eddington wind: lg_Mdot, L/Ledd         188    -8.27409     1.21173
                       super eddington wind: lg_Mdot, L/Ledd         189    -8.24315     1.22719
                       super eddington wind: lg_Mdot, L/Ledd         190    -8.38570     1.16322
 grid1/grid1_000190.png/png
 burst_profile/burst_profile000190.png/png
                       super eddington wind: lg_Mdot, L/Ledd         191    -8.32606     1.18704
                       super eddington wind: lg_Mdot, L/Ledd         192    -8.30250     1.19731
                       super eddington wind: lg_Mdot, L/Ledd         193    -8.48665     1.12888
       retry log10(dt/yr), log10(dt), retry_factor     1   193       -9.157110       -1.657998        0.500000
                       super eddington wind: lg_Mdot, L/Ledd         193    -8.48665     1.12888
       retry log10(dt/yr), log10(dt), retry_factor     2   193       -9.458140       -1.959028        0.500000
                       super eddington wind: lg_Mdot, L/Ledd         193    -8.48665     1.12888
 have reached retry limit so now backup
                       super eddington wind: lg_Mdot, L/Ledd         192    -8.30250     1.19731
                       super eddington wind: lg_Mdot, L/Ledd         193    -8.66463     1.08560
                       super eddington wind: lg_Mdot, L/Ledd         194    -8.37304     1.16763
                       super eddington wind: lg_Mdot, L/Ledd         195    -8.54964     1.11147
 grid1/grid1_000195.png/png
 burst_profile/burst_profile000195.png/png
                       super eddington wind: lg_Mdot, L/Ledd         196    -8.44218     1.14278
                       super eddington wind: lg_Mdot, L/Ledd         197    -8.36503     1.17047
                       super eddington wind: lg_Mdot, L/Ledd         198    -8.51580     1.12050
                       super eddington wind: lg_Mdot, L/Ledd         199    -8.43526     1.14508
                       super eddington wind: lg_Mdot, L/Ledd         200    -8.36937     1.16876
        200   8.944401  2.388E+07   3.737024   6.703878   1.400000   1.400000   0.000000   0.000000   0.296498   0.075922   3.124904    670     40
  -8.861934   6.571430  -4.791531   3.027765   4.394644  -8.369369   0.000000   0.000000   0.000000   0.199364   0.044985  24.108196      6      9
 3.1497E-04  23.235201   4.882475   6.703317  15.063280  -0.896448   0.000000   0.000000   0.000000   0.000687  8.791E-01  0.875E-04          dH/H

 grid1/grid1_000200.png/png
 burst_profile/burst_profile000200.png/png
                       super eddington wind: lg_Mdot, L/Ledd         201    -8.55243     1.11062
                       super eddington wind: lg_Mdot, L/Ledd         202    -8.43234     1.14589
                       super eddington wind: lg_Mdot, L/Ledd         203    -8.49578     1.12577
                       super eddington wind: lg_Mdot, L/Ledd         204    -8.50984     1.12174
       retry log10(dt/yr), log10(dt), retry_factor     1   204       -9.368866       -1.869754        0.500000
                       super eddington wind: lg_Mdot, L/Ledd         204    -8.50984     1.12174
       retry log10(dt/yr), log10(dt), retry_factor     2   204       -9.669896       -2.170784        0.500000
                       super eddington wind: lg_Mdot, L/Ledd         204    -8.50984     1.12174
 have reached retry limit so now backup
                       super eddington wind: lg_Mdot, L/Ledd         203    -8.49578     1.12577
                       super eddington wind: lg_Mdot, L/Ledd         204    -8.43536     1.14456
                       super eddington wind: lg_Mdot, L/Ledd         205    -8.69548     1.07946
 grid1/grid1_000205.png/png
 burst_profile/burst_profile000205.png/png
                       super eddington wind: lg_Mdot, L/Ledd         206    -8.55854     1.10888
                       super eddington wind: lg_Mdot, L/Ledd         207    -8.45939     1.13680
                       super eddington wind: lg_Mdot, L/Ledd         208    -8.65412     1.08737
                       super eddington wind: lg_Mdot, L/Ledd         209    -8.53081     1.11602
                       super eddington wind: lg_Mdot, L/Ledd         210    -8.47033     1.13340
 grid1/grid1_000210.png/png
 burst_profile/burst_profile000210.png/png
                       super eddington wind: lg_Mdot, L/Ledd         211    -8.61251     1.09599
                       super eddington wind: lg_Mdot, L/Ledd         212    -8.59305     1.10047
                       super eddington wind: lg_Mdot, L/Ledd         213    -8.73407     1.07247
                       super eddington wind: lg_Mdot, L/Ledd         214    -8.65377     1.08727
                       super eddington wind: lg_Mdot, L/Ledd         215    -8.69375     1.07955
 grid1/grid1_000215.png/png
 burst_profile/burst_profile000215.png/png
                       super eddington wind: lg_Mdot, L/Ledd         216    -8.84025     1.05668
                       super eddington wind: lg_Mdot, L/Ledd         217    -8.73182     1.07279
                       super eddington wind: lg_Mdot, L/Ledd         218    -9.16530     1.02681
                       super eddington wind: lg_Mdot, L/Ledd         219    -9.00709     1.03858
                       super eddington wind: lg_Mdot, L/Ledd         220   -10.59574     1.00099
 grid1/grid1_000220.png/png
 burst_profile/burst_profile000220.png/png
                       super eddington wind: lg_Mdot, L/Ledd         222   -10.45637     1.00137
                       super eddington wind: lg_Mdot, L/Ledd         223    -9.63540     1.00905
 grid1/grid1_000225.png/png
 burst_profile/burst_profile000225.png/png
 grid1/grid1_000230.png/png
 burst_profile/burst_profile000230.png/png
 grid1/grid1_000235.png/png
 burst_profile/burst_profile000235.png/png
 grid1/grid1_000240.png/png
 burst_profile/burst_profile000240.png/png
       retry log10(dt/yr), log10(dt), retry_factor     1   242       -7.872066       -0.372955        0.500000
       retry log10(dt/yr), log10(dt), retry_factor     2   242       -8.173096       -0.673985        0.500000
 have reached retry limit so now backup
       retry log10(dt/yr), log10(dt), retry_factor     1   245       -8.550322       -1.051210        0.500000
 grid1/grid1_000245.png/png
 burst_profile/burst_profile000245.png/png
hydro_newton_step failed to accept
       retry log10(dt/yr), log10(dt), retry_factor     1   246       -8.851352       -1.352240        0.500000
       retry log10(dt/yr), log10(dt), retry_factor     2   246       -9.152382       -1.653270        0.500000
 grid1/grid1_000250.png/png
 burst_profile/burst_profile000250.png/png
       retry log10(dt/yr), log10(dt), retry_factor     1   254       -7.948262       -0.449150        0.500000
hydro_newton_step failed to accept
       retry log10(dt/yr), log10(dt), retry_factor     2   254       -8.249292       -0.750180        0.500000
 have reached retry limit so now backup
 grid1/grid1_000255.png/png
 burst_profile/burst_profile000255.png/png
       retry log10(dt/yr), log10(dt), retry_factor     1   257       -8.607138       -1.108027        0.500000
       retry log10(dt/yr), log10(dt), retry_factor     2   257       -8.908168       -1.409057        0.500000
 grid1/grid1_000260.png/png
 burst_profile/burst_profile000260.png/png
 grid1/grid1_000265.png/png
 burst_profile/burst_profile000265.png/png
 grid1/grid1_000270.png/png
 burst_profile/burst_profile000270.png/png
 grid1/grid1_000275.png/png
 burst_profile/burst_profile000275.png/png
 grid1/grid1_000280.png/png
 burst_profile/burst_profile000280.png/png
 grid1/grid1_000285.png/png
 burst_profile/burst_profile000285.png/png
       retry log10(dt/yr), log10(dt), retry_factor     1   288       -7.660930       -0.161819        0.500000
       retry log10(dt/yr), log10(dt), retry_factor     2   288       -7.961960       -0.462849        0.500000
 grid1/grid1_000290.png/png
 burst_profile/burst_profile000290.png/png
 grid1/grid1_000295.png/png
 burst_profile/burst_profile000295.png/png
       retry log10(dt/yr), log10(dt), retry_factor     1   298       -7.760576       -0.261465        0.500000
       retry log10(dt/yr), log10(dt), retry_factor     2   298       -8.061606       -0.562495        0.500000
        300   8.785275  1.049E+07   1.924927   3.393391   1.400000   1.400000   0.000000   0.000000   0.275200   0.020062   5.134021    699     55
  -7.760576   6.611816  -4.792645   1.811186   2.706612  -8.522879   0.000000   0.000000   0.000000   0.020000   0.020477  35.871765      6     12
 3.1803E-04  23.235930   3.450754   3.366438  14.455642  -0.742259   0.000000   0.000000   0.000000   0.000687  9.595E-01  0.318E-09          hold

 grid1/grid1_000300.png/png
 burst_profile/burst_profile000300.png/png
       retry log10(dt/yr), log10(dt), retry_factor     1   303       -7.760576       -0.261465        0.500000
 grid1/grid1_000305.png/png
 burst_profile/burst_profile000305.png/png
       retry log10(dt/yr), log10(dt), retry_factor     1   308       -7.629212       -0.130101        0.500000
       retry log10(dt/yr), log10(dt), retry_factor     2   308       -7.930242       -0.431131        0.500000
 have reached retry limit so now backup
 grid1/grid1_000310.png/png
 burst_profile/burst_profile000310.png/png
 grid1/grid1_000315.png/png
 burst_profile/burst_profile000315.png/png
 grid1/grid1_000320.png/png
 burst_profile/burst_profile000320.png/png
 grid1/grid1_000325.png/png
 burst_profile/burst_profile000325.png/png
 grid1/grid1_000330.png/png
 burst_profile/burst_profile000330.png/png
 grid1/grid1_000335.png/png
 burst_profile/burst_profile000335.png/png
 grid1/grid1_000340.png/png
 burst_profile/burst_profile000340.png/png
 grid1/grid1_000345.png/png
 burst_profile/burst_profile000345.png/png
 grid1/grid1_000350.png/png
 burst_profile/burst_profile000350.png/png
       retry log10(dt/yr), log10(dt), retry_factor     1   355       -5.900981        1.598131        0.500000
       retry log10(dt/yr), log10(dt), retry_factor     2   355       -6.202011        1.297101        0.500000
 have reached retry limit so now backup
 grid1/grid1_000355.png/png
 burst_profile/burst_profile000355.png/png
 grid1/grid1_000360.png/png
 burst_profile/burst_profile000360.png/png
       retry log10(dt/yr), log10(dt), retry_factor     1   362       -5.527875        1.971236        0.500000
 grid1/grid1_000365.png/png
 burst_profile/burst_profile000365.png/png
       retry log10(dt/yr), log10(dt), retry_factor     1   366       -5.574090        1.925022        0.500000
 grid1/grid1_000370.png/png
 burst_profile/burst_profile000370.png/png
       retry log10(dt/yr), log10(dt), retry_factor     1   371       -5.503708        1.995403        0.500000
 grid1/grid1_000375.png/png
 burst_profile/burst_profile000375.png/png
       retry log10(dt/yr), log10(dt), retry_factor     1   376       -5.444107        2.055005        0.500000
       retry log10(dt/yr), log10(dt), retry_factor     1   377       -5.842047        1.657065        0.500000
       retry log10(dt/yr), log10(dt), retry_factor     1   378       -6.143077        1.356035        0.500000
 grid1/grid1_000380.png/png
 burst_profile/burst_profile000380.png/png
       retry log10(dt/yr), log10(dt), retry_factor     1   385       -5.508478        1.990633        0.500000
       retry log10(dt/yr), log10(dt), retry_factor     2   385       -5.809508        1.689603        0.500000
 grid1/grid1_000385.png/png
 burst_profile/burst_profile000385.png/png
       retry log10(dt/yr), log10(dt), retry_factor     1   386       -6.110538        1.388573        0.500000
 grid1/grid1_000390.png/png
 burst_profile/burst_profile000390.png/png
       retry log10(dt/yr), log10(dt), retry_factor     1   391       -5.809508        1.689603        0.500000
       retry log10(dt/yr), log10(dt), retry_factor     2   391       -6.110538        1.388573        0.500000
 have reached retry limit so now backup
 grid1/grid1_000390.png/png
 burst_profile/burst_profile000390.png/png
       retry log10(dt/yr), log10(dt), retry_factor     1   391       -6.411568        1.087543        0.500000
       retry log10(dt/yr), log10(dt), retry_factor     2   391       -6.712598        0.786513        0.500000
 have reached retry limit so now backup
 grid1/grid1_000390.png/png
 burst_profile/burst_profile000390.png/png
       retry log10(dt/yr), log10(dt), retry_factor     1   393       -7.013628        0.485483        0.500000
       retry log10(dt/yr), log10(dt), retry_factor     2   393       -7.314658        0.184453        0.500000
 have reached retry limit so now backup
       retry log10(dt/yr), log10(dt), retry_factor     1   394       -7.615688       -0.116577        0.500000
       retry log10(dt/yr), log10(dt), retry_factor     2   394       -7.916718       -0.417607        0.500000
 grid1/grid1_000395.png/png
 burst_profile/burst_profile000395.png/png
        400   8.346436  3.628E+06   1.513612   1.539640   1.400000   1.400000   0.000000   0.000000   0.275200   0.061629  15.889274    740     77
  -6.712598   6.667796  -4.792873  -0.964654   0.686189  -8.522879   0.000000   0.000000   0.000000   0.020000   0.043785 102.861309      6     17
 5.0363E-04  23.267802   1.606371   0.280313  13.574468  -1.117303   0.000000   0.000000   0.000000   0.000687  8.946E-01  0.309E-10  max increase

 grid1/grid1_000400.png/png
 burst_profile/burst_profile000400.png/png
 grid1/grid1_000405.png/png
 burst_profile/burst_profile000405.png/png
       retry log10(dt/yr), log10(dt), retry_factor     1   406       -5.674693        1.824418        0.500000
       retry log10(dt/yr), log10(dt), retry_factor     1   407       -6.072633        1.426478        0.500000
 grid1/grid1_000410.png/png
 burst_profile/burst_profile000410.png/png
       retry log10(dt/yr), log10(dt), retry_factor     1   413       -5.643012        1.856100        0.500000
hydro_newton_step failed to accept
       retry log10(dt/yr), log10(dt), retry_factor     1   414       -6.040952        1.458160        0.500000
 grid1/grid1_000415.png/png
 burst_profile/burst_profile000415.png/png
       retry log10(dt/yr), log10(dt), retry_factor     1   419       -5.528759        1.970352        0.500000
hydro_newton_step failed to accept
       retry log10(dt/yr), log10(dt), retry_factor     1   420       -5.829789        1.669322        0.500000
hydro_newton_step failed to accept
       retry log10(dt/yr), log10(dt), retry_factor     2   420       -6.130819        1.368292        0.500000
 grid1/grid1_000420.png/png
 burst_profile/burst_profile000420.png/png
       retry log10(dt/yr), log10(dt), retry_factor     1   424       -5.829789        1.669322        0.500000
       retry log10(dt/yr), log10(dt), retry_factor     2   424       -6.130819        1.368292        0.500000
 have reached retry limit so now backup
 grid1/grid1_000425.png/png
 burst_profile/burst_profile000425.png/png
       retry log10(dt/yr), log10(dt), retry_factor     1   430       -5.672227        1.826884        0.500000
 grid1/grid1_000430.png/png
 burst_profile/burst_profile000430.png/png
       retry log10(dt/yr), log10(dt), retry_factor     1   431       -5.973257        1.525854        0.500000
       retry log10(dt/yr), log10(dt), retry_factor     1   432       -6.340467        1.158644        0.500000
       retry log10(dt/yr), log10(dt), retry_factor     2   432       -6.641497        0.857614        0.500000
        432   8.419490  4.402E+06   2.818489   2.831934   1.400000   1.400000   0.000000   0.000000   0.275200   0.075775  13.510205    741     90
  -6.340467   6.674528  -4.792812   1.103188   1.084093  -8.522879   0.000000   0.000000   0.000000   0.020000   0.053747  87.385935      6     18
 5.8454E-04  23.280977   1.942451   0.904156  13.794417  -0.983281   0.000000   0.000000   0.000000   0.000687  8.705E-01 -0.309E-10         retry

save LOGS/profile3.data for model 432
 grid1/grid1_000435.png/png
 burst_profile/burst_profile000435.png/png
       retry log10(dt/yr), log10(dt), retry_factor     1   437       -6.340467        1.158644        0.500000
hydro_newton_step failed to accept
       retry log10(dt/yr), log10(dt), retry_factor     2   437       -6.641497        0.857614        0.500000
       retry log10(dt/yr), log10(dt), retry_factor     1   440       -6.942527        0.556584        0.500000
       retry log10(dt/yr), log10(dt), retry_factor     2   440       -7.243557        0.255554        0.500000
 grid1/grid1_000440.png/png
 burst_profile/burst_profile000440.png/png
       retry log10(dt/yr), log10(dt), retry_factor     1   443       -7.544587       -0.045476        0.500000
       retry log10(dt/yr), log10(dt), retry_factor     1   445       -7.845617       -0.346506        0.500000
 grid1/grid1_000445.png/png
 burst_profile/burst_profile000445.png/png
       retry log10(dt/yr), log10(dt), retry_factor     1   448       -8.243557       -0.744446        0.500000
       retry log10(dt/yr), log10(dt), retry_factor     1   449       -8.544587       -1.045476        0.500000
 grid1/grid1_000450.png/png
 burst_profile/burst_profile000450.png/png
 grid1/grid1_000455.png/png
 burst_profile/burst_profile000455.png/png
 grid1/grid1_000460.png/png
 burst_profile/burst_profile000460.png/png
 grid1/grid1_000465.png/png
 burst_profile/burst_profile000465.png/png
 grid1/grid1_000470.png/png
 burst_profile/burst_profile000470.png/png
 grid1/grid1_000475.png/png
 burst_profile/burst_profile000475.png/png
 grid1/grid1_000480.png/png
 burst_profile/burst_profile000480.png/png
 grid1/grid1_000485.png/png
 burst_profile/burst_profile000485.png/png
hydro_newton_step failed to accept
       retry log10(dt/yr), log10(dt), retry_factor     1   488       -9.033931       -1.534820        0.500000
hydro_newton_step failed to accept
       retry log10(dt/yr), log10(dt), retry_factor     2   488       -9.334961       -1.835850        0.500000
 grid1/grid1_000490.png/png
 burst_profile/burst_profile000490.png/png
 grid1/grid1_000495.png/png
 burst_profile/burst_profile000495.png/png
        500   8.472616  1.954E+07   3.654025   6.848530   1.400000   1.400000   0.000000   0.000000   0.295805   0.067252  11.900785    793    100
  -7.913120   6.672867  -4.791789   3.087011   4.151945  -8.522879   0.000000   0.000000   0.000000   0.164733   0.042990  77.225699      7     18
 5.8891E-04  23.281542   4.533498   6.848177  14.832680  -0.858078   0.000000   0.000000   0.000000   0.000687  8.898E-01  0.345E-08        lgTeff

save LOGS/profile4.data for model 500
save photos/x500 for model 500
 grid1/grid1_000500.png/png
 burst_profile/burst_profile000500.png/png
 grid1/grid1_000505.png/png
 burst_profile/burst_profile000505.png/png
 grid1/grid1_000510.png/png
 burst_profile/burst_profile000510.png/png
 grid1/grid1_000515.png/png
 burst_profile/burst_profile000515.png/png
 grid1/grid1_000520.png/png
 burst_profile/burst_profile000520.png/png
 grid1/grid1_000525.png/png
 burst_profile/burst_profile000525.png/png
 grid1/grid1_000530.png/png
 burst_profile/burst_profile000530.png/png
 grid1/grid1_000535.png/png
 burst_profile/burst_profile000535.png/png
 grid1/grid1_000540.png/png
 burst_profile/burst_profile000540.png/png
       retry log10(dt/yr), log10(dt), retry_factor     1   543       -7.380342        0.118770        0.500000
       retry log10(dt/yr), log10(dt), retry_factor     2   543       -7.681372       -0.182260        0.500000
 have reached retry limit so now backup
       retry log10(dt/yr), log10(dt), retry_factor     1   545       -7.982402       -0.483290        0.500000
       retry log10(dt/yr), log10(dt), retry_factor     2   545       -8.283432       -0.784320        0.500000
 have reached retry limit so now backup
 grid1/grid1_000545.png/png
 burst_profile/burst_profile000545.png/png
       retry log10(dt/yr), log10(dt), retry_factor     1   546       -8.584462       -1.085350        0.500000
       retry log10(dt/yr), log10(dt), retry_factor     2   546       -8.885492       -1.386380        0.500000
 have reached retry limit so now backup
 grid1/grid1_000545.png/png
 burst_profile/burst_profile000545.png/png
       retry log10(dt/yr), log10(dt), retry_factor     1   547       -9.186522       -1.687410        0.500000
       retry log10(dt/yr), log10(dt), retry_factor     2   547       -9.487552       -1.988440        0.500000
 have reached retry limit so now backup
       retry log10(dt/yr), log10(dt), retry_factor     1   548       -9.788582       -2.289470        0.500000
 grid1/grid1_000550.png/png
 burst_profile/burst_profile000550.png/png
 grid1/grid1_000555.png/png
 burst_profile/burst_profile000555.png/png
 grid1/grid1_000560.png/png
 burst_profile/burst_profile000560.png/png
       retry log10(dt/yr), log10(dt), retry_factor     1   562       -7.740935       -0.241823        0.500000
       retry log10(dt/yr), log10(dt), retry_factor     1   563       -8.138875       -0.639763        0.500000
       retry log10(dt/yr), log10(dt), retry_factor     2   563       -8.439905       -0.940793        0.500000
       retry log10(dt/yr), log10(dt), retry_factor     1   564       -8.740935       -1.241823        0.500000
 grid1/grid1_000565.png/png
 burst_profile/burst_profile000565.png/png
hydro_newton_step failed to accept
       retry log10(dt/yr), log10(dt), retry_factor     1   570       -8.261242       -0.762131        0.500000
       retry log10(dt/yr), log10(dt), retry_factor     2   570       -8.562272       -1.063161        0.500000
 grid1/grid1_000570.png/png
 burst_profile/burst_profile000570.png/png
       retry log10(dt/yr), log10(dt), retry_factor     1   572       -8.863302       -1.364191        0.500000
       retry log10(dt/yr), log10(dt), retry_factor     2   572       -9.164332       -1.665221        0.500000
 grid1/grid1_000575.png/png
 burst_profile/burst_profile000575.png/png
       retry log10(dt/yr), log10(dt), retry_factor     1   576       -9.164332       -1.665221        0.500000
 grid1/grid1_000580.png/png
 burst_profile/burst_profile000580.png/png
       retry log10(dt/yr), log10(dt), retry_factor     1   582       -8.562272       -1.063161        0.500000
       retry log10(dt/yr), log10(dt), retry_factor     2   582       -8.863302       -1.364191        0.500000
 have reached retry limit so now backup
       retry log10(dt/yr), log10(dt), retry_factor     1   583       -9.164332       -1.665221        0.500000
 grid1/grid1_000585.png/png
 burst_profile/burst_profile000585.png/png
 grid1/grid1_000590.png/png
 burst_profile/burst_profile000590.png/png
 grid1/grid1_000595.png/png
 burst_profile/burst_profile000595.png/png
        600   8.904985  1.456E+07   2.616087   4.801648   1.400000   1.400000   0.000000   0.000000   0.275200   0.022253   3.768166    792    121
  -7.286214   6.619111  -4.792380   2.318799   3.313369  -8.522879   0.000000   0.000000   0.000000   0.020000   0.022218  27.382575      6     23
 5.9059E-04  23.281871   4.021273   4.797365  14.594540  -0.844590   0.000000   0.000000   0.000000   0.000687  9.555E-01  0.333E-08          dH/H

 grid1/grid1_000600.png/png
 burst_profile/burst_profile000600.png/png
 grid1/grid1_000605.png/png
 burst_profile/burst_profile000605.png/png
 grid1/grid1_000610.png/png
 burst_profile/burst_profile000610.png/png
 grid1/grid1_000615.png/png
 burst_profile/burst_profile000615.png/png
hydro_newton_step failed to accept
       retry log10(dt/yr), log10(dt), retry_factor     1   617       -7.978227       -0.479116        0.500000
       retry log10(dt/yr), log10(dt), retry_factor     2   617       -8.279257       -0.780146        0.500000
 have reached retry limit so now backup
 grid1/grid1_000620.png/png
 burst_profile/burst_profile000620.png/png
 grid1/grid1_000625.png/png
 burst_profile/burst_profile000625.png/png
       retry log10(dt/yr), log10(dt), retry_factor     1   626       -7.919389       -0.420277        0.500000
       retry log10(dt/yr), log10(dt), retry_factor     2   626       -8.220419       -0.721307        0.500000
 grid1/grid1_000630.png/png
 burst_profile/burst_profile000630.png/png
       retry log10(dt/yr), log10(dt), retry_factor     1   632       -7.792386       -0.293274        0.500000
       retry log10(dt/yr), log10(dt), retry_factor     2   632       -8.093416       -0.594304        0.500000
 have reached retry limit so now backup
 grid1/grid1_000635.png/png
 burst_profile/burst_profile000635.png/png
 grid1/grid1_000640.png/png
 burst_profile/burst_profile000640.png/png
 grid1/grid1_000645.png/png
 burst_profile/burst_profile000645.png/png
 grid1/grid1_000650.png/png
 burst_profile/burst_profile000650.png/png
 grid1/grid1_000655.png/png
 burst_profile/burst_profile000655.png/png
 grid1/grid1_000660.png/png
 burst_profile/burst_profile000660.png/png
 grid1/grid1_000665.png/png
 burst_profile/burst_profile000665.png/png
 grid1/grid1_000670.png/png
 burst_profile/burst_profile000670.png/png
 grid1/grid1_000675.png/png
 burst_profile/burst_profile000675.png/png
 grid1/grid1_000680.png/png
 burst_profile/burst_profile000680.png/png
 grid1/grid1_000685.png/png
 burst_profile/burst_profile000685.png/png
       retry log10(dt/yr), log10(dt), retry_factor     1   688       -5.546586        1.952525        0.500000
 grid1/grid1_000690.png/png
 burst_profile/burst_profile000690.png/png
       retry log10(dt/yr), log10(dt), retry_factor     1   693       -5.455560        2.043552        0.500000
 grid1/grid1_000695.png/png
 burst_profile/burst_profile000695.png/png
       retry log10(dt/yr), log10(dt), retry_factor     1   698       -5.500899        1.998212        0.500000
       retry log10(dt/yr), log10(dt), retry_factor     2   698       -5.801929        1.697182        0.500000
       retry log10(dt/yr), log10(dt), retry_factor     1   699       -6.102959        1.396152        0.500000
        700   8.341330  3.534E+06   1.465005   1.493161   1.400000   1.400000   0.000000   0.000000   0.275200   0.048846  16.600639    844    132
  -5.801929   6.693166  -4.792874  -1.380471   0.642911  -8.522879   0.000000   0.000000   0.000000   0.020000   0.036765 106.124136      7     25
 7.4209E-04  23.305564   1.560761   0.281591  13.544881  -1.135172   0.000000   0.000000   0.000000   0.000687  9.144E-01  0.684E-12          hold

 grid1/grid1_000700.png/png
 burst_profile/burst_profile000700.png/png
       retry log10(dt/yr), log10(dt), retry_factor     1   705       -5.644516        1.854595        0.500000
 grid1/grid1_000705.png/png
 burst_profile/burst_profile000705.png/png
       retry log10(dt/yr), log10(dt), retry_factor     1   706       -6.042456        1.456655        0.500000
       retry log10(dt/yr), log10(dt), retry_factor     1   707       -6.343486        1.155625        0.500000
 grid1/grid1_000710.png/png
 burst_profile/burst_profile000710.png/png
       retry log10(dt/yr), log10(dt), retry_factor     1   714       -5.577462        1.921650        0.500000
 grid1/grid1_000715.png/png
 burst_profile/burst_profile000715.png/png
       retry log10(dt/yr), log10(dt), retry_factor     1   719       -5.487456        2.011655        0.500000
 grid1/grid1_000720.png/png
 burst_profile/burst_profile000720.png/png
       retry log10(dt/yr), log10(dt), retry_factor     1   723       -5.544267        1.954845        0.500000
       retry log10(dt/yr), log10(dt), retry_factor     1   724       -5.845297        1.653815        0.500000
 grid1/grid1_000725.png/png
 burst_profile/burst_profile000725.png/png
       retry log10(dt/yr), log10(dt), retry_factor     1   729       -5.830972        1.668140        0.500000
       retry log10(dt/yr), log10(dt), retry_factor     1   730       -6.228912        1.270200        0.500000
       retry log10(dt/yr), log10(dt), retry_factor     2   730       -6.529942        0.969170        0.500000
 grid1/grid1_000730.png/png
 burst_profile/burst_profile000730.png/png
       retry log10(dt/yr), log10(dt), retry_factor     1   735       -6.228912        1.270200        0.500000
 grid1/grid1_000735.png/png
 burst_profile/burst_profile000735.png/png
       retry log10(dt/yr), log10(dt), retry_factor     1   737       -6.529942        0.969170        0.500000
       retry log10(dt/yr), log10(dt), retry_factor     1   740       -6.901248        0.597863        0.500000
 grid1/grid1_000740.png/png
 burst_profile/burst_profile000740.png/png
       retry log10(dt/yr), log10(dt), retry_factor     1   741       -7.202278        0.296833        0.500000
       retry log10(dt/yr), log10(dt), retry_factor     1   742       -7.503308       -0.004197        0.500000
       retry log10(dt/yr), log10(dt), retry_factor     1   744       -7.804338       -0.305227        0.500000
       retry log10(dt/yr), log10(dt), retry_factor     1   745       -8.105368       -0.606257        0.500000
 grid1/grid1_000745.png/png
 burst_profile/burst_profile000745.png/png
 grid1/grid1_000750.png/png
 burst_profile/burst_profile000750.png/png
 grid1/grid1_000755.png/png
 burst_profile/burst_profile000755.png/png
 grid1/grid1_000760.png/png
 burst_profile/burst_profile000760.png/png
 grid1/grid1_000765.png/png
 burst_profile/burst_profile000765.png/png
 grid1/grid1_000770.png/png
 burst_profile/burst_profile000770.png/png
 grid1/grid1_000775.png/png
 burst_profile/burst_profile000775.png/png
 grid1/grid1_000780.png/png
 burst_profile/burst_profile000780.png/png
 grid1/grid1_000785.png/png
 burst_profile/burst_profile000785.png/png
 grid1/grid1_000790.png/png
 burst_profile/burst_profile000790.png/png
 grid1/grid1_000795.png/png
 burst_profile/burst_profile000795.png/png
        800   8.517997  2.208E+07   3.568456   6.708525   1.400000   1.400000   0.000000   0.000000   0.288008   0.056364  11.051700    912    149
  -8.046275   6.698871  -4.791621   2.955939   4.281974  -8.522879   0.000000   0.000000   0.000000   0.226395   0.036764  70.965745      7     25
 8.6090E-04  23.323058   4.746347   6.708134  14.970548  -0.855261   0.000000   0.000000   0.000000   0.000687  9.069E-01  0.765E-08      lgT_cntr

 grid1/grid1_000800.png/png
 burst_profile/burst_profile000800.png/png
 grid1/grid1_000805.png/png
 burst_profile/burst_profile000805.png/png
 grid1/grid1_000810.png/png
 burst_profile/burst_profile000810.png/png
 grid1/grid1_000815.png/png
 burst_profile/burst_profile000815.png/png
 grid1/grid1_000820.png/png
 burst_profile/burst_profile000820.png/png
 grid1/grid1_000825.png/png
 burst_profile/burst_profile000825.png/png
 grid1/grid1_000830.png/png
 burst_profile/burst_profile000830.png/png
 grid1/grid1_000835.png/png
 burst_profile/burst_profile000835.png/png
 grid1/grid1_000840.png/png
 burst_profile/burst_profile000840.png/png
       retry log10(dt/yr), log10(dt), retry_factor     1   843       -7.875593       -0.376482        0.500000
       retry log10(dt/yr), log10(dt), retry_factor     2   843       -8.176623       -0.677512        0.500000
 have reached retry limit so now backup
 grid1/grid1_000845.png/png
 burst_profile/burst_profile000845.png/png
       retry log10(dt/yr), log10(dt), retry_factor     1   846       -8.643912       -1.144800        0.500000
       retry log10(dt/yr), log10(dt), retry_factor     1   848       -8.944942       -1.445830        0.500000
 grid1/grid1_000850.png/png
 burst_profile/burst_profile000850.png/png
       retry log10(dt/yr), log10(dt), retry_factor     1   855       -8.612528       -1.113416        0.500000
       retry log10(dt/yr), log10(dt), retry_factor     2   855       -8.913558       -1.414446        0.500000
 grid1/grid1_000855.png/png
 burst_profile/burst_profile000855.png/png
 grid1/grid1_000860.png/png
 burst_profile/burst_profile000860.png/png
       retry log10(dt/yr), log10(dt), retry_factor     1   865       -7.812406       -0.313294        0.500000
       retry log10(dt/yr), log10(dt), retry_factor     2   865       -8.113436       -0.614324        0.500000
 grid1/grid1_000865.png/png
 burst_profile/burst_profile000865.png/png
 grid1/grid1_000870.png/png
 burst_profile/burst_profile000870.png/png
 grid1/grid1_000875.png/png
 burst_profile/burst_profile000875.png/png
 grid1/grid1_000880.png/png
 burst_profile/burst_profile000880.png/png
 grid1/grid1_000885.png/png
 burst_profile/burst_profile000885.png/png
       retry log10(dt/yr), log10(dt), retry_factor     1   888       -7.804880       -0.305769        0.500000
 grid1/grid1_000890.png/png
 burst_profile/burst_profile000890.png/png
       retry log10(dt/yr), log10(dt), retry_factor     1   894       -7.759044       -0.259933        0.500000
       retry log10(dt/yr), log10(dt), retry_factor     2   894       -8.060074       -0.560963        0.500000
 have reached retry limit so now backup
 grid1/grid1_000895.png/png
 burst_profile/burst_profile000895.png/png
       retry log10(dt/yr), log10(dt), retry_factor     1   899       -7.759044       -0.259933        0.500000
       retry log10(dt/yr), log10(dt), retry_factor     2   899       -8.060074       -0.560963        0.500000
        900   8.827590  1.107E+07   2.007628   3.557937   1.400000   1.400000   0.000000   0.000000   0.275200   0.016641   4.970566    889    162
  -7.759044   6.667406  -4.792584   1.934919   2.767408  -8.522879   0.000000   0.000000   0.000000   0.020000   0.018637  33.959998      6     27
 8.6346E-04  23.323545   3.544938   3.534752  14.473972  -0.757461   0.000000   0.000000   0.000000   0.000687  9.647E-01 -0.146E-10          hold

 grid1/grid1_000900.png/png
 burst_profile/burst_profile000900.png/png
 grid1/grid1_000905.png/png
 burst_profile/burst_profile000905.png/png
       retry log10(dt/yr), log10(dt), retry_factor     1   907       -7.580228       -0.081117        0.500000
       retry log10(dt/yr), log10(dt), retry_factor     2   907       -7.881258       -0.382147        0.500000
 grid1/grid1_000910.png/png
 burst_profile/burst_profile000910.png/png
 grid1/grid1_000915.png/png
 burst_profile/burst_profile000915.png/png
 grid1/grid1_000920.png/png
 burst_profile/burst_profile000920.png/png
 grid1/grid1_000925.png/png
 burst_profile/burst_profile000925.png/png
 grid1/grid1_000930.png/png
 burst_profile/burst_profile000930.png/png
 grid1/grid1_000935.png/png
 burst_profile/burst_profile000935.png/png
 grid1/grid1_000940.png/png
 burst_profile/burst_profile000940.png/png
 grid1/grid1_000945.png/png
 burst_profile/burst_profile000945.png/png
 grid1/grid1_000950.png/png
 burst_profile/burst_profile000950.png/png
       retry log10(dt/yr), log10(dt), retry_factor     1   955       -5.670924        1.828187        0.500000
 grid1/grid1_000955.png/png
 burst_profile/burst_profile000955.png/png
       retry log10(dt/yr), log10(dt), retry_factor     1   956       -5.971954        1.527157        0.500000
 grid1/grid1_000960.png/png
 burst_profile/burst_profile000960.png/png
       retry log10(dt/yr), log10(dt), retry_factor     1   962       -5.537727        1.961384        0.500000
       retry log10(dt/yr), log10(dt), retry_factor     2   962       -5.838757        1.660355        0.500000
 have reached retry limit so now backup
 grid1/grid1_000965.png/png
 burst_profile/burst_profile000965.png/png
       retry log10(dt/yr), log10(dt), retry_factor     1   968       -5.515749        1.983363        0.500000
       retry log10(dt/yr), log10(dt), retry_factor     2   968       -5.816779        1.682333        0.500000
       retry log10(dt/yr), log10(dt), retry_factor     1   969       -6.117809        1.381303        0.500000
 grid1/grid1_000970.png/png
 burst_profile/burst_profile000970.png/png
 grid1/grid1_000975.png/png
 burst_profile/burst_profile000975.png/png
       retry log10(dt/yr), log10(dt), retry_factor     1   977       -5.341911        2.157200        0.500000
       retry log10(dt/yr), log10(dt), retry_factor     1   978       -5.739851        1.759260        0.500000
 grid1/grid1_000980.png/png
 burst_profile/burst_profile000980.png/png
       retry log10(dt/yr), log10(dt), retry_factor     1   984       -5.137791        2.361320        0.500000
       retry log10(dt/yr), log10(dt), retry_factor     2   984       -5.438821        2.060290        0.500000
 have reached retry limit so now backup
hydro_newton_step failed to accept
       retry log10(dt/yr), log10(dt), retry_factor     1   985       -5.933671        1.565440        0.500000
 grid1/grid1_000985.png/png
 burst_profile/burst_profile000985.png/png
       retry log10(dt/yr), log10(dt), retry_factor     1   986       -6.234701        1.264410        0.500000
 grid1/grid1_000990.png/png
 burst_profile/burst_profile000990.png/png
       retry log10(dt/yr), log10(dt), retry_factor     1   993       -5.499831        1.999280        0.500000
hydro_newton_step failed to accept
       retry log10(dt/yr), log10(dt), retry_factor     1   994       -5.897771        1.601340        0.500000
 grid1/grid1_000995.png/png
 burst_profile/burst_profile000995.png/png
       retry log10(dt/yr), log10(dt), retry_factor     1   999       -5.295711        2.203400        0.500000
       retry log10(dt/yr), log10(dt), retry_factor     2   999       -5.596741        1.902370        0.500000
 have reached retry limit so now backup
hydro_newton_step failed to accept
       retry log10(dt/yr), log10(dt), retry_factor     1  1000       -6.091591        1.407520        0.500000

__________________________________________________________________________________________________________________________________________________

       step    lg_Tcntr    Teff       lg_LH     lg_Lnuc     Mass       H_rich     H_cntr     N_cntr     Y_surf     X_avg     eta_cntr  zones retry
   lg_dt_yr    lg_Dcntr    lg_R       lg_L3a    lg_Lneu     lg_Mdot    He_core    He_cntr    O_cntr     Z_surf     Y_avg     gam_cntr  iters bckup
     age_yr    lg_Pcntr    lg_L       lg_LZ     lg_Psurf    lg_Dsurf   C_core     C_cntr     Ne_cntr    Si_cntr    Z_avg     v_div_cs     dt_limit
__________________________________________________________________________________________________________________________________________________

       1000   8.370383  3.840E+06   1.633017   1.667899   1.400000   1.400000   0.000000   0.000000   0.275200   0.058092  16.170379    921    182
  -5.790561   6.726297  -4.792827  -0.098303   0.805099  -8.522879   0.000000   0.000000   0.000000   0.020000   0.043079 101.813269      6     30
 1.0951E-03  23.356030   1.705098   0.446383  13.639204  -1.077638   0.000000   0.000000   0.000000   0.000687  8.988E-01  0.154E-11         retry

save LOGS/profile5.data for model 1000
save photos/1000 for model 1000
 grid1/grid1_001000.png/png
 burst_profile/burst_profile001000.png/png
       retry log10(dt/yr), log10(dt), retry_factor     1  1001       -6.392621        1.106490        0.500000
 grid1/grid1_001005.png/png
 burst_profile/burst_profile001005.png/png
       retry log10(dt/yr), log10(dt), retry_factor     1  1008       -5.732336        1.766775        0.500000
 grid1/grid1_001010.png/png
 burst_profile/burst_profile001010.png/png
       retry log10(dt/yr), log10(dt), retry_factor     1  1012       -5.829246        1.669865        0.500000
       retry log10(dt/yr), log10(dt), retry_factor     1  1013       -6.130276        1.368835        0.500000
       retry log10(dt/yr), log10(dt), retry_factor     1  1014       -6.528216        0.970895        0.500000
 grid1/grid1_001015.png/png
 burst_profile/burst_profile001015.png/png
       retry log10(dt/yr), log10(dt), retry_factor     1  1019       -6.227186        1.271925        0.500000
       retry log10(dt/yr), log10(dt), retry_factor     1  1020       -6.528216        0.970895        0.500000
 grid1/grid1_001020.png/png
 burst_profile/burst_profile001020.png/png
       retry log10(dt/yr), log10(dt), retry_factor     1  1021       -6.829246        0.669865        0.500000
       retry log10(dt/yr), log10(dt), retry_factor     1  1023       -7.130276        0.368835        0.500000
       retry log10(dt/yr), log10(dt), retry_factor     1  1025       -7.431306        0.067805        0.500000
 grid1/grid1_001025.png/png
 burst_profile/burst_profile001025.png/png
       retry log10(dt/yr), log10(dt), retry_factor     1  1029       -7.431306        0.067805        0.500000
       retry log10(dt/yr), log10(dt), retry_factor     2  1029       -7.732336       -0.233225        0.500000
 grid1/grid1_001030.png/png
 burst_profile/burst_profile001030.png/png
       retry log10(dt/yr), log10(dt), retry_factor     1  1033       -8.130276       -0.631165        0.500000
       retry log10(dt/yr), log10(dt), retry_factor     2  1033       -8.431306       -0.932195        0.500000
 have reached retry limit so now backup
 grid1/grid1_001035.png/png
 burst_profile/burst_profile001035.png/png
 grid1/grid1_001040.png/png
 burst_profile/burst_profile001040.png/png
 grid1/grid1_001045.png/png
 burst_profile/burst_profile001045.png/png
 grid1/grid1_001050.png/png
 burst_profile/burst_profile001050.png/png
 grid1/grid1_001055.png/png
 burst_profile/burst_profile001055.png/png
 grid1/grid1_001060.png/png
 burst_profile/burst_profile001060.png/png
 grid1/grid1_001065.png/png
 burst_profile/burst_profile001065.png/png
 grid1/grid1_001070.png/png
 burst_profile/burst_profile001070.png/png
 grid1/grid1_001075.png/png
 burst_profile/burst_profile001075.png/png
 grid1/grid1_001080.png/png
 burst_profile/burst_profile001080.png/png
 grid1/grid1_001085.png/png
 burst_profile/burst_profile001085.png/png
 grid1/grid1_001090.png/png
 burst_profile/burst_profile001090.png/png
 grid1/grid1_001095.png/png
 burst_profile/burst_profile001095.png/png
       1100   8.568981  2.229E+07   3.558729   6.607595   1.400000   1.400000   0.000000   0.000000   0.283910   0.048270  10.086270   1018    196
  -7.687425   6.722028  -4.791651   2.932628   4.262052  -8.522879   0.000000   0.000000   0.000000   0.252591   0.032921  64.236698      7     31
 1.1337E-03  23.361067   4.762451   6.607115  14.983483  -0.840660   0.000000   0.000000   0.000000   0.000687  9.188E-01  0.184E-07      lgT_cntr

 grid1/grid1_001100.png/png
 burst_profile/burst_profile001100.png/png
 grid1/grid1_001105.png/png
 burst_profile/burst_profile001105.png/png
 grid1/grid1_001110.png/png
 burst_profile/burst_profile001110.png/png
 grid1/grid1_001115.png/png
 burst_profile/burst_profile001115.png/png
 grid1/grid1_001120.png/png
 burst_profile/burst_profile001120.png/png
       retry log10(dt/yr), log10(dt), retry_factor     1  1121       -8.119073       -0.619961        0.500000
       retry log10(dt/yr), log10(dt), retry_factor     2  1121       -8.420103       -0.920991        0.500000
 have reached retry limit so now backup
 grid1/grid1_001120.png/png
 burst_profile/burst_profile001120.png/png
       retry log10(dt/yr), log10(dt), retry_factor     1  1124       -8.941349       -1.442237        0.500000
       retry log10(dt/yr), log10(dt), retry_factor     1  1125       -9.242379       -1.743267        0.500000
       retry log10(dt/yr), log10(dt), retry_factor     2  1125       -9.543409       -2.044297        0.500000
 grid1/grid1_001125.png/png
 burst_profile/burst_profile001125.png/png
 grid1/grid1_001130.png/png
 burst_profile/burst_profile001130.png/png
 grid1/grid1_001135.png/png
 burst_profile/burst_profile001135.png/png
       retry log10(dt/yr), log10(dt), retry_factor     1  1138       -7.477751        0.021361        0.500000
       retry log10(dt/yr), log10(dt), retry_factor     1  1140       -7.972601       -0.473489        0.500000
 grid1/grid1_001140.png/png
 burst_profile/burst_profile001140.png/png
 grid1/grid1_001145.png/png
 burst_profile/burst_profile001145.png/png
       retry log10(dt/yr), log10(dt), retry_factor     1  1146       -8.129642       -0.630530        0.500000
hydro_newton_step failed to accept
       retry log10(dt/yr), log10(dt), retry_factor     2  1146       -8.430672       -0.931560        0.500000
 have reached retry limit so now backup
 grid1/grid1_001145.png/png
 burst_profile/burst_profile001145.png/png
hydro_newton_step failed to accept
       retry log10(dt/yr), log10(dt), retry_factor     1  1148       -8.731702       -1.232590        0.500000
       retry log10(dt/yr), log10(dt), retry_factor     1  1149       -9.032732       -1.533620        0.500000
       retry log10(dt/yr), log10(dt), retry_factor     2  1149       -9.333762       -1.834650        0.500000
 grid1/grid1_001150.png/png
 burst_profile/burst_profile001150.png/png
 grid1/grid1_001155.png/png
 burst_profile/burst_profile001155.png/png
       retry log10(dt/yr), log10(dt), retry_factor     1  1156       -8.430672       -0.931560        0.500000
       retry log10(dt/yr), log10(dt), retry_factor     2  1156       -8.731702       -1.232590        0.500000
 grid1/grid1_001160.png/png
 burst_profile/burst_profile001160.png/png
hydro_newton_step failed to accept
       retry log10(dt/yr), log10(dt), retry_factor     1  1164       -8.370694       -0.871582        0.500000
 grid1/grid1_001165.png/png
 burst_profile/burst_profile001165.png/png
 grid1/grid1_001170.png/png
 burst_profile/burst_profile001170.png/png
       retry log10(dt/yr), log10(dt), retry_factor     1  1175       -7.883097       -0.383985        0.500000
 grid1/grid1_001175.png/png
 burst_profile/burst_profile001175.png/png
 grid1/grid1_001180.png/png
 burst_profile/burst_profile001180.png/png
 grid1/grid1_001185.png/png
 burst_profile/burst_profile001185.png/png
hydro_newton_step failed to accept
       retry log10(dt/yr), log10(dt), retry_factor     1  1189       -8.086215       -0.587104        0.500000
 grid1/grid1_001190.png/png
 burst_profile/burst_profile001190.png/png
 grid1/grid1_001195.png/png
 burst_profile/burst_profile001195.png/png
       retry log10(dt/yr), log10(dt), retry_factor     1  1197       -8.064087       -0.564975        0.500000
       retry log10(dt/yr), log10(dt), retry_factor     2  1197       -8.365117       -0.866005        0.500000
 have reached retry limit so now backup
       1200   8.859085  1.201E+07   2.170779   3.866474   1.400000   1.400000   0.000000   0.000000   0.275200   0.015616   4.716912    999    215
  -8.064087   6.688929  -4.792518   2.053701   2.922108  -8.522879   0.000000   0.000000   0.000000   0.020000   0.017639  32.110443      6     34
 1.1359E-03  23.361466   3.686860   3.850757  14.503384  -0.782625   0.000000   0.000000   0.000000   0.000687  9.667E-01 -0.218E-08          hold

 grid1/grid1_001200.png/png
 burst_profile/burst_profile001200.png/png
       retry log10(dt/yr), log10(dt), retry_factor     1  1205       -7.747761       -0.248650        0.500000
 grid1/grid1_001205.png/png
 burst_profile/burst_profile001205.png/png
hydro_newton_step failed to accept
       retry log10(dt/yr), log10(dt), retry_factor     1  1207       -8.048791       -0.549680        0.500000
 grid1/grid1_001210.png/png
 burst_profile/burst_profile001210.png/png
       retry log10(dt/yr), log10(dt), retry_factor     1  1211       -7.569099       -0.069987        0.500000
       retry log10(dt/yr), log10(dt), retry_factor     2  1211       -7.870129       -0.371017        0.500000
 grid1/grid1_001215.png/png
 burst_profile/burst_profile001215.png/png
       retry log10(dt/yr), log10(dt), retry_factor     1  1216       -7.569099       -0.069987        0.500000
 grid1/grid1_001220.png/png
 burst_profile/burst_profile001220.png/png
 grid1/grid1_001225.png/png
 burst_profile/burst_profile001225.png/png
 grid1/grid1_001230.png/png
 burst_profile/burst_profile001230.png/png
 grid1/grid1_001235.png/png
 burst_profile/burst_profile001235.png/png
 grid1/grid1_001240.png/png
 burst_profile/burst_profile001240.png/png
 grid1/grid1_001245.png/png
 burst_profile/burst_profile001245.png/png
 grid1/grid1_001250.png/png
 burst_profile/burst_profile001250.png/png
 grid1/grid1_001255.png/png
 burst_profile/burst_profile001255.png/png
       retry log10(dt/yr), log10(dt), retry_factor     1  1259       -6.107567        1.391544        0.500000
       retry log10(dt/yr), log10(dt), retry_factor     2  1259       -6.408597        1.090514        0.500000
 grid1/grid1_001260.png/png
 burst_profile/burst_profile001260.png/png
 grid1/grid1_001265.png/png
 burst_profile/burst_profile001265.png/png
       retry log10(dt/yr), log10(dt), retry_factor     1  1266       -5.853825        1.645287        0.500000
 grid1/grid1_001270.png/png
 burst_profile/burst_profile001270.png/png
       retry log10(dt/yr), log10(dt), retry_factor     1  1271       -5.710280        1.788831        0.500000
       retry log10(dt/yr), log10(dt), retry_factor     1  1272       -6.011310        1.487801        0.500000
 grid1/grid1_001275.png/png
 burst_profile/burst_profile001275.png/png
       retry log10(dt/yr), log10(dt), retry_factor     1  1278       -5.570716        1.928396        0.500000
       retry log10(dt/yr), log10(dt), retry_factor     1  1279       -5.871746        1.627366        0.500000
 grid1/grid1_001280.png/png
 burst_profile/burst_profile001280.png/png
       retry log10(dt/yr), log10(dt), retry_factor     1  1285       -5.593299        1.905813        0.500000
       retry log10(dt/yr), log10(dt), retry_factor     2  1285       -5.894329        1.604783        0.500000
 grid1/grid1_001285.png/png
 burst_profile/burst_profile001285.png/png
 grid1/grid1_001290.png/png
 burst_profile/burst_profile001290.png/png
       retry log10(dt/yr), log10(dt), retry_factor     1  1291       -5.553893        1.945218        0.500000
       retry log10(dt/yr), log10(dt), retry_factor     1  1292       -5.951833        1.547278        0.500000
 grid1/grid1_001295.png/png
 burst_profile/burst_profile001295.png/png
       retry log10(dt/yr), log10(dt), retry_factor     1  1298       -5.432028        2.067084        0.500000
       retry log10(dt/yr), log10(dt), retry_factor     1  1299       -5.733058        1.766054        0.500000
       1300   8.351525  3.602E+06   1.503801   1.530743   1.400000   1.400000   0.000000   0.000000   0.275200   0.044550  17.304877   1049    233
  -5.432028   6.745489  -4.792843  -1.043288   0.679241  -8.522879   0.000000   0.000000   0.000000   0.020000   0.033723 107.909686      8     34
 1.3088E-03  23.383964   1.594173   0.290296  13.566449  -1.121983   0.000000   0.000000   0.000000   0.000687  9.217E-01  0.153E-13          hold

 grid1/grid1_001300.png/png
 burst_profile/burst_profile001300.png/png
       retry log10(dt/yr), log10(dt), retry_factor     1  1305       -5.340400        2.158711        0.500000
 grid1/grid1_001305.png/png
 burst_profile/burst_profile001305.png/png
       retry log10(dt/yr), log10(dt), retry_factor     1  1307       -5.754701        1.744410        0.500000
       retry log10(dt/yr), log10(dt), retry_factor     2  1307       -6.055731        1.443380        0.500000
 have reached retry limit so now backup
 grid1/grid1_001310.png/png
 burst_profile/burst_profile001310.png/png
hydro_newton_step failed to accept
       retry log10(dt/yr), log10(dt), retry_factor     1  1312       -6.011277        1.487834        0.500000
 grid1/grid1_001315.png/png
 burst_profile/burst_profile001315.png/png
       retry log10(dt/yr), log10(dt), retry_factor     1  1317       -5.476149        2.022963        0.500000
hydro_newton_step failed to accept
       retry log10(dt/yr), log10(dt), retry_factor     2  1317       -5.777179        1.721933        0.500000
       retry log10(dt/yr), log10(dt), retry_factor     1  1319       -6.179005        1.320107        0.500000
hydro_newton_step failed to accept
       retry log10(dt/yr), log10(dt), retry_factor     2  1319       -6.480035        1.019077        0.500000
 have reached retry limit so now backup
 grid1/grid1_001320.png/png
 burst_profile/burst_profile001320.png/png
hydro_newton_step failed to accept
       retry log10(dt/yr), log10(dt), retry_factor     1  1323       -6.526500        0.972611        0.500000
 grid1/grid1_001325.png/png
 burst_profile/burst_profile001325.png/png
       retry log10(dt/yr), log10(dt), retry_factor     1  1328       -5.738387        1.760724        0.500000
       retry log10(dt/yr), log10(dt), retry_factor     1  1329       -6.039417        1.459694        0.500000
 grid1/grid1_001330.png/png
 burst_profile/burst_profile001330.png/png
hydro_newton_step failed to accept
       retry log10(dt/yr), log10(dt), retry_factor     1  1331       -6.437357        1.061754        0.500000
hydro_newton_step failed to accept
       retry log10(dt/yr), log10(dt), retry_factor     2  1331       -6.738387        0.760724        0.500000
       retry log10(dt/yr), log10(dt), retry_factor     1  1332       -7.039417        0.459694        0.500000
 grid1/grid1_001335.png/png
 burst_profile/burst_profile001335.png/png
       retry log10(dt/yr), log10(dt), retry_factor     1  1338       -6.437357        1.061754        0.500000
       retry log10(dt/yr), log10(dt), retry_factor     1  1340       -6.738387        0.760724        0.500000
 grid1/grid1_001340.png/png
 burst_profile/burst_profile001340.png/png
       retry log10(dt/yr), log10(dt), retry_factor     1  1341       -7.039417        0.459694        0.500000
       retry log10(dt/yr), log10(dt), retry_factor     1  1342       -7.340447        0.158664        0.500000
       retry log10(dt/yr), log10(dt), retry_factor     1  1343       -7.641477       -0.142366        0.500000
 grid1/grid1_001345.png/png
 burst_profile/burst_profile001345.png/png
       retry log10(dt/yr), log10(dt), retry_factor     1  1346       -7.942507       -0.443396        0.500000
       retry log10(dt/yr), log10(dt), retry_factor     1  1347       -8.340447       -0.841336        0.500000
       retry log10(dt/yr), log10(dt), retry_factor     2  1347       -8.641477       -1.142366        0.500000
 grid1/grid1_001350.png/png
 burst_profile/burst_profile001350.png/png
 grid1/grid1_001355.png/png
 burst_profile/burst_profile001355.png/png
 grid1/grid1_001360.png/png
 burst_profile/burst_profile001360.png/png
 grid1/grid1_001365.png/png
 burst_profile/burst_profile001365.png/png
 grid1/grid1_001370.png/png
 burst_profile/burst_profile001370.png/png
 grid1/grid1_001375.png/png
 burst_profile/burst_profile001375.png/png
hydro_newton_step failed to accept
       retry log10(dt/yr), log10(dt), retry_factor     1  1378       -9.373466       -1.874354        0.500000
 grid1/grid1_001380.png/png
 burst_profile/burst_profile001380.png/png
 grid1/grid1_001385.png/png
 burst_profile/burst_profile001385.png/png
 grid1/grid1_001390.png/png
 burst_profile/burst_profile001390.png/png
 grid1/grid1_001395.png/png
 burst_profile/burst_profile001395.png/png
       1400   8.452221  2.186E+07   3.577017   6.696558   1.400000   1.400000   0.000000   0.000000   0.290837   0.047751  13.771761   1127    256
  -7.619316   6.750863  -4.791598   2.946427   4.265665  -8.522879   0.000000   0.000000   0.000000   0.214116   0.031571  85.932079      7     36
 1.4054E-03  23.395896   4.728700   6.696151  14.957885  -0.859451   0.000000   0.000000   0.000000   0.000687  9.207E-01  0.930E-08    varcontrol

 grid1/grid1_001400.png/png
 burst_profile/burst_profile001400.png/png
 grid1/grid1_001405.png/png
 burst_profile/burst_profile001405.png/png
 grid1/grid1_001410.png/png
 burst_profile/burst_profile001410.png/png
 grid1/grid1_001415.png/png
 burst_profile/burst_profile001415.png/png
 grid1/grid1_001420.png/png
 burst_profile/burst_profile001420.png/png
 grid1/grid1_001425.png/png
 burst_profile/burst_profile001425.png/png
 grid1/grid1_001430.png/png
 burst_profile/burst_profile001430.png/png
 grid1/grid1_001435.png/png
 burst_profile/burst_profile001435.png/png
       retry log10(dt/yr), log10(dt), retry_factor     1  1440       -7.844558       -0.345446        0.500000
       retry log10(dt/yr), log10(dt), retry_factor     2  1440       -8.145588       -0.646476        0.500000
 grid1/grid1_001440.png/png
 burst_profile/burst_profile001440.png/png
       retry log10(dt/yr), log10(dt), retry_factor     1  1441       -8.525322       -1.026211        0.500000
       retry log10(dt/yr), log10(dt), retry_factor     2  1441       -8.826352       -1.327241        0.500000
 have reached retry limit so now backup
 grid1/grid1_001440.png/png
 burst_profile/burst_profile001440.png/png
       retry log10(dt/yr), log10(dt), retry_factor     1  1443       -9.127382       -1.628271        0.500000
 grid1/grid1_001445.png/png
 burst_profile/burst_profile001445.png/png
       retry log10(dt/yr), log10(dt), retry_factor     1  1449       -8.525322       -1.026211        0.500000
 grid1/grid1_001450.png/png
 burst_profile/burst_profile001450.png/png
hydro_newton_step failed to accept
       retry log10(dt/yr), log10(dt), retry_factor     1  1453       -8.525322       -1.026211        0.500000
 grid1/grid1_001455.png/png
 burst_profile/burst_profile001455.png/png
 grid1/grid1_001460.png/png
 burst_profile/burst_profile001460.png/png
 grid1/grid1_001465.png/png
 burst_profile/burst_profile001465.png/png
 grid1/grid1_001470.png/png
 burst_profile/burst_profile001470.png/png
 grid1/grid1_001475.png/png
 burst_profile/burst_profile001475.png/png
 grid1/grid1_001480.png/png
 burst_profile/burst_profile001480.png/png
 grid1/grid1_001485.png/png
 burst_profile/burst_profile001485.png/png
 grid1/grid1_001490.png/png
 burst_profile/burst_profile001490.png/png
       retry log10(dt/yr), log10(dt), retry_factor     1  1491       -7.816985       -0.317874        0.500000
       retry log10(dt/yr), log10(dt), retry_factor     2  1491       -8.118015       -0.618904        0.500000
 grid1/grid1_001495.png/png
 burst_profile/burst_profile001495.png/png
       retry log10(dt/yr), log10(dt), retry_factor     1  1497       -7.515955       -0.016844        0.500000
       retry log10(dt/yr), log10(dt), retry_factor     2  1497       -7.816985       -0.317874        0.500000
 have reached retry limit so now backup
       1500   8.828303  1.041E+07   1.842258   3.311798   1.400000   1.400000   0.000000   0.000000   0.275200   0.014068   5.331015   1101    267
  -7.515955   6.719923  -4.792591   1.826661   2.622660  -8.522879   0.000000   0.000000   0.000000   0.020000   0.015934  35.298782      6     38
 1.4082E-03  23.396341   3.437555   3.281845  14.452909  -0.740376   0.000000   0.000000   0.000000   0.000687  9.700E-01  0.219E-09          hold

save LOGS/profile6.data for model 1500
save photos/x500 for model 1500
 grid1/grid1_001500.png/png
 burst_profile/burst_profile001500.png/png
       retry log10(dt/yr), log10(dt), retry_factor     1  1502       -7.515955       -0.016844        0.500000
       retry log10(dt/yr), log10(dt), retry_factor     1  1503       -7.816985       -0.317874        0.500000
hydro_newton_step failed to accept
       retry log10(dt/yr), log10(dt), retry_factor     2  1503       -8.118015       -0.618904        0.500000
 grid1/grid1_001505.png/png
 burst_profile/burst_profile001505.png/png
       retry log10(dt/yr), log10(dt), retry_factor     1  1510       -7.442721        0.056390        0.500000
       retry log10(dt/yr), log10(dt), retry_factor     2  1510       -7.743751       -0.244640        0.500000
 grid1/grid1_001510.png/png
 burst_profile/burst_profile001510.png/png
 grid1/grid1_001515.png/png
 burst_profile/burst_profile001515.png/png
 grid1/grid1_001520.png/png
 burst_profile/burst_profile001520.png/png
 grid1/grid1_001525.png/png
 burst_profile/burst_profile001525.png/png

stop because model_number >= max_model_number
     1528     1528

       1528   8.645181  5.998E+06   1.204539   2.033730   1.400000   1.400000   0.000000   0.000000   0.275200   0.014260   8.619138   1107    272
  -6.352560   6.741528  -4.792802   0.507705   1.625650  -8.522879   0.000000   0.000000   0.000000   0.020000   0.015610  54.712159      6     38
 1.4121E-03  23.396841   2.479963   1.948617  14.115212  -0.801550   0.000000   0.000000   0.000000   0.000687  9.701E-01  0.942E-11      lgT_cntr

save LOGS/profile7.data for model 1528
save photos/x528 for model 1528
save abund_profile_r_ca43_ng_ca44_100.data for model 1528
 saved to final.mod
termination code: max_model_number
       1528   8.645181  5.998E+06   1.204539   2.033730   1.400000   1.400000   0.000000   0.000000   0.275200   0.014260   8.619138   1107    272
  -6.352560   6.741528  -4.792802   0.507705   1.625650  -8.522879   0.000000   0.000000   0.000000   0.020000   0.015610  54.712159      6     38
 1.4121E-03  23.396841   2.479963   1.948617  14.115212  -0.801550   0.000000   0.000000   0.000000   0.000687  9.701E-01  0.942E-11      lgT_cntr

DATE: 2020-07-11
TIME: 21:33:51
