                                         version_number       10108
 read /hpc/group/physics/al363/sens/base/inlist_base
 read inlist_cluster
load saved model /hpc/group/physics/al363/sens/base/ns_relax.mod

 change to /hpc/group/physics/al363/sens/base/rp_305.net
             set special rate factor for r_co52_ng_co53          91    1.0000000000000000D+02
             set special rate factor for r_co53_gn_co52          92    1.0000000000000000D+02
             set special rate factor for r_co52_ng_co53          91    1.0000000000000000D+02
             set special rate factor for r_co53_gn_co52          92    1.0000000000000000D+02
 number of species         305
 read /hpc/group/physics/al363/sens/base/history_customACL.list_tau
 read /hpc/group/physics/al363/sens/base/profile_customACL.list_tau
 net name /hpc/group/physics/al363/sens/base/rp_305.net
 v_flag T
                         which_atm_option: grey_and_kap
                                           xmstar/mstar    4.5461189430843640D-12
                                             xmstar (g)    1.2660395722219186D+22
                                           M_center (g)    2.7848799999878681D+33
                                            xmstar/Msun    6.3645665203193175D-12
                                          M_center/Msun    1.3999999999939012D+00
                                          R_center (cm)    1.1200000000000000D+06
                                          R_center/Rsun    1.6092416448748527D-05
                                           core density    4.7322078204273819D+14
                                          L_center/Lsun    4.1647144567650578D+00
 kappa_file_prefix gs98
 kappa_lowT_prefix lowT_fa05_gs98

   eos_file_prefix mesa
                                        OMP_NUM_THREADS           8


__________________________________________________________________________________________________________________________________________________

       step    lg_Tcntr    Teff       lg_LH     lg_Lnuc     Mass       H_rich     H_cntr     N_cntr     Y_surf     X_avg     eta_cntr  zones retry
   lg_dt_yr    lg_Dcntr    lg_R       lg_L3a    lg_Lneu     lg_Mdot    He_core    He_cntr    O_cntr     Z_surf     Y_avg     gam_cntr  iters bckup
     age_yr    lg_Pcntr    lg_L       lg_LZ     lg_Psurf    lg_Dsurf   C_core     C_cntr     Ne_cntr    Si_cntr    Z_avg     v_div_cs     dt_limit
__________________________________________________________________________________________________________________________________________________

save LOGS/profile1.data for model 2
 grid1/grid1_000005.png/png
 burst_profile/burst_profile000005.png/png
          6   8.165156  1.497E+06   0.087590   0.087976   1.400000   1.400000   0.000000   0.000000   0.275200   0.030886  22.514775    791      0
  -5.817651   6.610341  -4.793035 -18.862378  -1.086578  -8.522879   0.000000   0.000000   0.000000   0.020000   0.011710 149.410225      6      0
 4.0040E-06  23.176196   0.068337  -2.962874  12.744977  -1.553972   0.000000   0.000000   0.000000   0.000687  9.574E-01  0.395E-11      lgT_cntr

save LOGS/profile2.data for model 6
 grid1/grid1_000010.png/png
 burst_profile/burst_profile000010.png/png
 grid1/grid1_000015.png/png
 burst_profile/burst_profile000015.png/png
 grid1/grid1_000020.png/png
 burst_profile/burst_profile000020.png/png
 grid1/grid1_000025.png/png
 burst_profile/burst_profile000025.png/png
       retry log10(dt/yr), log10(dt), retry_factor     1    30       -5.532111        1.967001        0.500000
 grid1/grid1_000030.png/png
 burst_profile/burst_profile000030.png/png
       retry log10(dt/yr), log10(dt), retry_factor     1    35       -5.231081        2.268031        0.500000
 grid1/grid1_000035.png/png
 burst_profile/burst_profile000035.png/png
       retry log10(dt/yr), log10(dt), retry_factor     1    36       -5.532111        1.967001        0.500000
       retry log10(dt/yr), log10(dt), retry_factor     1    40       -5.532111        1.967001        0.500000
 grid1/grid1_000040.png/png
 burst_profile/burst_profile000040.png/png
       retry log10(dt/yr), log10(dt), retry_factor     1    45       -5.231081        2.268031        0.500000
 grid1/grid1_000045.png/png
 burst_profile/burst_profile000045.png/png
       retry log10(dt/yr), log10(dt), retry_factor     1    49       -5.231081        2.268031        0.500000
 grid1/grid1_000050.png/png
 burst_profile/burst_profile000050.png/png
       retry log10(dt/yr), log10(dt), retry_factor     1    53       -5.231081        2.268031        0.500000
 grid1/grid1_000055.png/png
 burst_profile/burst_profile000055.png/png
       retry log10(dt/yr), log10(dt), retry_factor     1    56       -5.532111        1.967001        0.500000
       retry log10(dt/yr), log10(dt), retry_factor     2    56       -5.833141        1.665971        0.500000
 have reached retry limit so now backup
 grid1/grid1_000055.png/png
 burst_profile/burst_profile000055.png/png
       retry log10(dt/yr), log10(dt), retry_factor     1    58       -6.134171        1.364941        0.500000
       retry log10(dt/yr), log10(dt), retry_factor     2    58       -6.435201        1.063911        0.500000
 have reached retry limit so now backup
       retry log10(dt/yr), log10(dt), retry_factor     1    58       -6.736231        0.762881        0.500000
       retry log10(dt/yr), log10(dt), retry_factor     2    58       -7.037261        0.461851        0.500000
 have reached retry limit so now backup
       retry log10(dt/yr), log10(dt), retry_factor     1    60       -7.338291        0.160821        0.500000
       retry log10(dt/yr), log10(dt), retry_factor     2    60       -7.639321       -0.140209        0.500000
 have reached retry limit so now backup
 grid1/grid1_000060.png/png
 burst_profile/burst_profile000060.png/png
       retry log10(dt/yr), log10(dt), retry_factor     1    62       -7.940351       -0.441239        0.500000
       retry log10(dt/yr), log10(dt), retry_factor     2    62       -8.241381       -0.742269        0.500000
 grid1/grid1_000065.png/png
 burst_profile/burst_profile000065.png/png
 grid1/grid1_000070.png/png
 burst_profile/burst_profile000070.png/png
 grid1/grid1_000075.png/png
 burst_profile/burst_profile000075.png/png
       retry log10(dt/yr), log10(dt), retry_factor     1    76       -5.231081        2.268031        0.500000
       retry log10(dt/yr), log10(dt), retry_factor     2    76       -5.532111        1.967001        0.500000
       retry log10(dt/yr), log10(dt), retry_factor     1    77       -5.833141        1.665971        0.500000
       retry log10(dt/yr), log10(dt), retry_factor     2    77       -6.134171        1.364941        0.500000
 have reached retry limit so now backup
       retry log10(dt/yr), log10(dt), retry_factor     1    80       -6.435201        1.063911        0.500000
       retry log10(dt/yr), log10(dt), retry_factor     2    80       -6.736231        0.762881        0.500000
 have reached retry limit so now backup
 grid1/grid1_000080.png/png
 burst_profile/burst_profile000080.png/png
       retry log10(dt/yr), log10(dt), retry_factor     1    81       -7.037261        0.461851        0.500000
       retry log10(dt/yr), log10(dt), retry_factor     2    81       -7.338291        0.160821        0.500000
 have reached retry limit so now backup
 grid1/grid1_000080.png/png
 burst_profile/burst_profile000080.png/png
       retry log10(dt/yr), log10(dt), retry_factor     1    84       -7.639321       -0.140209        0.500000
       retry log10(dt/yr), log10(dt), retry_factor     2    84       -7.940351       -0.441239        0.500000
 have reached retry limit so now backup
       retry log10(dt/yr), log10(dt), retry_factor     1    84       -8.241381       -0.742269        0.500000
 grid1/grid1_000085.png/png
 burst_profile/burst_profile000085.png/png
 grid1/grid1_000090.png/png
 burst_profile/burst_profile000090.png/png
 grid1/grid1_000095.png/png
 burst_profile/burst_profile000095.png/png
       retry log10(dt/yr), log10(dt), retry_factor     1    97       -5.708197        1.790914        0.500000
       retry log10(dt/yr), log10(dt), retry_factor     1    98       -6.029742        1.469369        0.500000
       retry log10(dt/yr), log10(dt), retry_factor     1    99       -6.330772        1.168339        0.500000
        100   8.444841  4.670E+06   2.033172   2.166622   1.400000   1.400000   0.000000   0.000000   0.275200   0.100536  12.226478    752     31
  -6.029742   6.642744  -4.792800   1.206170   1.283423  -8.522879   0.000000   0.000000   0.000000   0.020000   0.058448  80.444496      6      8
 3.1300E-04  23.235090   2.045017   1.357015  13.860470  -0.943582   0.000000   0.000000   0.000000   0.000687  8.410E-01  0.987E-12          hold

 grid1/grid1_000100.png/png
 burst_profile/burst_profile000100.png/png
       retry log10(dt/yr), log10(dt), retry_factor     1   101       -6.631802        0.867309        0.500000
       retry log10(dt/yr), log10(dt), retry_factor     1   103       -6.932832        0.566279        0.500000
hydro_newton_step failed to accept
       retry log10(dt/yr), log10(dt), retry_factor     1   104       -7.233862        0.265249        0.500000
 grid1/grid1_000105.png/png
 burst_profile/burst_profile000105.png/png
       retry log10(dt/yr), log10(dt), retry_factor     1   106       -7.534892       -0.035780        0.500000
       retry log10(dt/yr), log10(dt), retry_factor     1   110       -7.649240       -0.150129        0.500000
       retry log10(dt/yr), log10(dt), retry_factor     2   110       -7.950270       -0.451159        0.500000
 grid1/grid1_000110.png/png
 burst_profile/burst_profile000110.png/png
       retry log10(dt/yr), log10(dt), retry_factor     1   112       -8.333830       -0.834718        0.500000
 grid1/grid1_000115.png/png
 burst_profile/burst_profile000115.png/png
 grid1/grid1_000120.png/png
 burst_profile/burst_profile000120.png/png
 grid1/grid1_000125.png/png
 burst_profile/burst_profile000125.png/png
 grid1/grid1_000130.png/png
 burst_profile/burst_profile000130.png/png
 grid1/grid1_000135.png/png
 burst_profile/burst_profile000135.png/png
 grid1/grid1_000140.png/png
 burst_profile/burst_profile000140.png/png
 grid1/grid1_000145.png/png
 burst_profile/burst_profile000145.png/png
 grid1/grid1_000150.png/png
 burst_profile/burst_profile000150.png/png
 grid1/grid1_000155.png/png
 burst_profile/burst_profile000155.png/png
 grid1/grid1_000160.png/png
 burst_profile/burst_profile000160.png/png
 grid1/grid1_000165.png/png
 burst_profile/burst_profile000165.png/png
                       super eddington wind: lg_Mdot, L/Ledd         166    -9.68680     1.00839
                       super eddington wind: lg_Mdot, L/Ledd         167    -8.99623     1.04109
                       super eddington wind: lg_Mdot, L/Ledd         168    -8.75341     1.07187
                       super eddington wind: lg_Mdot, L/Ledd         169    -8.62607     1.09622
                       super eddington wind: lg_Mdot, L/Ledd         170    -8.50177     1.12810
 grid1/grid1_000170.png/png
 burst_profile/burst_profile000170.png/png
                       super eddington wind: lg_Mdot, L/Ledd         171    -8.42875     1.15132
                       super eddington wind: lg_Mdot, L/Ledd         172    -8.61161     1.09901
                       super eddington wind: lg_Mdot, L/Ledd         173    -8.45823     1.14111
                       super eddington wind: lg_Mdot, L/Ledd         174    -8.36794     1.17366
                       super eddington wind: lg_Mdot, L/Ledd         175    -8.52139     1.12175
 grid1/grid1_000175.png/png
 burst_profile/burst_profile000175.png/png
                       super eddington wind: lg_Mdot, L/Ledd         176    -8.39865     1.16152
                       super eddington wind: lg_Mdot, L/Ledd         177    -8.31832     1.19404
                       super eddington wind: lg_Mdot, L/Ledd         178    -8.44764     1.14374
                       super eddington wind: lg_Mdot, L/Ledd         179    -8.34357     1.18248
                       super eddington wind: lg_Mdot, L/Ledd         180    -8.27639     1.21303
 grid1/grid1_000180.png/png
 burst_profile/burst_profile000180.png/png
                       super eddington wind: lg_Mdot, L/Ledd         181    -8.39952     1.16005
                       super eddington wind: lg_Mdot, L/Ledd         182    -8.29827     1.20194
                       super eddington wind: lg_Mdot, L/Ledd         183    -8.24353     1.22883
                       super eddington wind: lg_Mdot, L/Ledd         184    -8.36830     1.17145
                       super eddington wind: lg_Mdot, L/Ledd         185    -8.28309     1.20845
 grid1/grid1_000185.png/png
 burst_profile/burst_profile000185.png/png
                       super eddington wind: lg_Mdot, L/Ledd         186    -8.23686     1.23168
                       super eddington wind: lg_Mdot, L/Ledd         187    -8.35532     1.17596
                       super eddington wind: lg_Mdot, L/Ledd         188    -8.28431     1.20691
                       super eddington wind: lg_Mdot, L/Ledd         189    -8.25728     1.22016
                       super eddington wind: lg_Mdot, L/Ledd         190    -8.39494     1.15993
 grid1/grid1_000190.png/png
 burst_profile/burst_profile000190.png/png
                       super eddington wind: lg_Mdot, L/Ledd         191    -8.33678     1.18256
                       super eddington wind: lg_Mdot, L/Ledd         192    -8.31318     1.19263
                       super eddington wind: lg_Mdot, L/Ledd         193    -8.49547     1.12638
                       super eddington wind: lg_Mdot, L/Ledd         194    -8.43320     1.14568
       retry log10(dt/yr), log10(dt), retry_factor     1   194       -9.235445       -1.736334        0.500000
                       super eddington wind: lg_Mdot, L/Ledd         194    -8.43320     1.14568
                       super eddington wind: lg_Mdot, L/Ledd         195    -8.62553     1.09351
 grid1/grid1_000195.png/png
 burst_profile/burst_profile000195.png/png
                       super eddington wind: lg_Mdot, L/Ledd         196    -8.50805     1.12253
                       super eddington wind: lg_Mdot, L/Ledd         197    -8.39280     1.15978
                       super eddington wind: lg_Mdot, L/Ledd         198    -8.64133     1.09010
                       super eddington wind: lg_Mdot, L/Ledd         199    -8.50774     1.12264
                       super eddington wind: lg_Mdot, L/Ledd         200    -8.67108     1.08405
       retry log10(dt/yr), log10(dt), retry_factor     1   200       -9.243579       -1.744467        0.500000
                       super eddington wind: lg_Mdot, L/Ledd         200    -8.67108     1.08405
        200   8.953134  2.391E+07   3.717350   6.682879   1.400000   1.400000   0.000000   0.000000   0.295135   0.075425   3.028979    659     40
  -8.942549   6.568385  -4.791543   3.022971   4.378504  -8.671077   0.000000   0.000000   0.000000   0.203104   0.044711  23.573082      6      8
 3.1498E-04  23.235197   4.884389   6.682313  15.064856  -0.895050   0.000000   0.000000   0.000000   0.000687  8.799E-01  0.735E-04         retry

 grid1/grid1_000200.png/png
 burst_profile/burst_profile000200.png/png
                       super eddington wind: lg_Mdot, L/Ledd         201    -8.53830     1.11414
                       super eddington wind: lg_Mdot, L/Ledd         202    -8.46075     1.13643
                       super eddington wind: lg_Mdot, L/Ledd         203    -8.63631     1.09098
                       super eddington wind: lg_Mdot, L/Ledd         204    -8.60154     1.09864
                       super eddington wind: lg_Mdot, L/Ledd         205    -8.75974     1.06839
 grid1/grid1_000205.png/png
 burst_profile/burst_profile000205.png/png
                       super eddington wind: lg_Mdot, L/Ledd         206    -8.68817     1.08066
                       super eddington wind: lg_Mdot, L/Ledd         207    -8.81652     1.05991
                       super eddington wind: lg_Mdot, L/Ledd         208    -8.84648     1.05592
                       super eddington wind: lg_Mdot, L/Ledd         209    -9.54369     1.01121
       retry log10(dt/yr), log10(dt), retry_factor     1   209       -9.060600       -1.561489        0.500000
                       super eddington wind: lg_Mdot, L/Ledd         209    -9.54369     1.01121
       retry log10(dt/yr), log10(dt), retry_factor     2   209       -9.361630       -1.862519        0.500000
                       super eddington wind: lg_Mdot, L/Ledd         209    -9.54369     1.01121
                       super eddington wind: lg_Mdot, L/Ledd         210    -8.93665     1.04538
 grid1/grid1_000210.png/png
 burst_profile/burst_profile000210.png/png
                       super eddington wind: lg_Mdot, L/Ledd         211    -8.77104     1.06644
                       super eddington wind: lg_Mdot, L/Ledd         212    -9.09568     1.03145
                       super eddington wind: lg_Mdot, L/Ledd         213    -8.93570     1.04545
                       super eddington wind: lg_Mdot, L/Ledd         214    -9.92381     1.00467
                       super eddington wind: lg_Mdot, L/Ledd         215    -9.22668     1.02326
 grid1/grid1_000215.png/png
 burst_profile/burst_profile000215.png/png
       retry log10(dt/yr), log10(dt), retry_factor     1   219       -9.118778       -1.619666        0.500000
 grid1/grid1_000220.png/png
 burst_profile/burst_profile000220.png/png
 grid1/grid1_000225.png/png
 burst_profile/burst_profile000225.png/png
 grid1/grid1_000230.png/png
 burst_profile/burst_profile000230.png/png
 grid1/grid1_000235.png/png
 burst_profile/burst_profile000235.png/png
 grid1/grid1_000240.png/png
 burst_profile/burst_profile000240.png/png
       retry log10(dt/yr), log10(dt), retry_factor     1   241       -7.932381       -0.433269        0.500000
hydro_newton_step failed to accept
       retry log10(dt/yr), log10(dt), retry_factor     2   241       -8.233411       -0.734299        0.500000
 have reached retry limit so now backup
 grid1/grid1_000240.png/png
 burst_profile/burst_profile000240.png/png
       retry log10(dt/yr), log10(dt), retry_factor     1   242       -8.582296       -1.083185        0.500000
 grid1/grid1_000245.png/png
 burst_profile/burst_profile000245.png/png
       retry log10(dt/yr), log10(dt), retry_factor     1   246       -8.676943       -1.177832        0.500000
 grid1/grid1_000250.png/png
 burst_profile/burst_profile000250.png/png
       retry log10(dt/yr), log10(dt), retry_factor     1   251       -8.375913       -0.876802        0.500000
       retry log10(dt/yr), log10(dt), retry_factor     2   251       -8.676943       -1.177832        0.500000
 have reached retry limit so now backup
 grid1/grid1_000250.png/png
 burst_profile/burst_profile000250.png/png
       retry log10(dt/yr), log10(dt), retry_factor     1   252       -8.977973       -1.478862        0.500000
       retry log10(dt/yr), log10(dt), retry_factor     2   252       -9.279003       -1.779892        0.500000
 grid1/grid1_000255.png/png
 burst_profile/burst_profile000255.png/png
       retry log10(dt/yr), log10(dt), retry_factor     1   259       -8.375913       -0.876802        0.500000
 grid1/grid1_000260.png/png
 burst_profile/burst_profile000260.png/png
 grid1/grid1_000265.png/png
 burst_profile/burst_profile000265.png/png
       retry log10(dt/yr), log10(dt), retry_factor     1   266       -7.783033       -0.283922        0.500000
 grid1/grid1_000270.png/png
 burst_profile/burst_profile000270.png/png
 grid1/grid1_000275.png/png
 burst_profile/burst_profile000275.png/png
 grid1/grid1_000280.png/png
 burst_profile/burst_profile000280.png/png
       retry log10(dt/yr), log10(dt), retry_factor     1   282       -7.855695       -0.356584        0.500000
hydro_newton_step failed to accept
       retry log10(dt/yr), log10(dt), retry_factor     1   283       -8.156725       -0.657614        0.500000
 grid1/grid1_000285.png/png
 burst_profile/burst_profile000285.png/png
 grid1/grid1_000290.png/png
 burst_profile/burst_profile000290.png/png
       retry log10(dt/yr), log10(dt), retry_factor     1   291       -7.716647       -0.217535        0.500000
       retry log10(dt/yr), log10(dt), retry_factor     2   291       -8.017677       -0.518565        0.500000
 grid1/grid1_000295.png/png
 burst_profile/burst_profile000295.png/png
       retry log10(dt/yr), log10(dt), retry_factor     1   298       -7.970357       -0.471246        0.500000
        300   8.791344  1.074E+07   1.991969   3.485036   1.400000   1.400000   0.000000   0.000000   0.275200   0.020385   5.046740    703     58
  -7.669327   6.610727  -4.792631   1.846051   2.758180  -8.522879   0.000000   0.000000   0.000000   0.020000   0.020539  35.344372      6     10
 3.1798E-04  23.235921   3.491961   3.460425  14.463698  -0.748649   0.000000   0.000000   0.000000   0.000687  9.591E-01  0.239E-09          hold

 grid1/grid1_000300.png/png
 burst_profile/burst_profile000300.png/png
       retry log10(dt/yr), log10(dt), retry_factor     1   304       -7.569040       -0.069928        0.500000
       retry log10(dt/yr), log10(dt), retry_factor     2   304       -7.870070       -0.370958        0.500000
 grid1/grid1_000305.png/png
 burst_profile/burst_profile000305.png/png
hydro_newton_step failed to accept
       retry log10(dt/yr), log10(dt), retry_factor     1   310       -7.523320       -0.024209        0.500000
       retry log10(dt/yr), log10(dt), retry_factor     2   310       -7.824350       -0.325239        0.500000
 grid1/grid1_000310.png/png
 burst_profile/burst_profile000310.png/png
 grid1/grid1_000315.png/png
 burst_profile/burst_profile000315.png/png
 grid1/grid1_000320.png/png
 burst_profile/burst_profile000320.png/png
 grid1/grid1_000325.png/png
 burst_profile/burst_profile000325.png/png
 grid1/grid1_000330.png/png
 burst_profile/burst_profile000330.png/png
 grid1/grid1_000335.png/png
 burst_profile/burst_profile000335.png/png
 grid1/grid1_000340.png/png
 burst_profile/burst_profile000340.png/png
 grid1/grid1_000345.png/png
 burst_profile/burst_profile000345.png/png
 grid1/grid1_000350.png/png
 burst_profile/burst_profile000350.png/png
 grid1/grid1_000355.png/png
 burst_profile/burst_profile000355.png/png
       retry log10(dt/yr), log10(dt), retry_factor     1   356       -5.316710        2.182402        0.500000
hydro_newton_step failed to accept
       retry log10(dt/yr), log10(dt), retry_factor     2   356       -5.617740        1.881372        0.500000
 have reached retry limit so now backup
 grid1/grid1_000355.png/png
 burst_profile/burst_profile000355.png/png
 grid1/grid1_000360.png/png
 burst_profile/burst_profile000360.png/png
       retry log10(dt/yr), log10(dt), retry_factor     1   361       -5.637343        1.861769        0.500000
       retry log10(dt/yr), log10(dt), retry_factor     2   361       -5.938373        1.560739        0.500000
 grid1/grid1_000365.png/png
 burst_profile/burst_profile000365.png/png
       retry log10(dt/yr), log10(dt), retry_factor     1   367       -5.529663        1.969448        0.500000
       retry log10(dt/yr), log10(dt), retry_factor     2   367       -5.830693        1.668418        0.500000
 have reached retry limit so now backup
 grid1/grid1_000370.png/png
 burst_profile/burst_profile000370.png/png
       retry log10(dt/yr), log10(dt), retry_factor     1   373       -5.412966        2.086146        0.500000
 grid1/grid1_000375.png/png
 burst_profile/burst_profile000375.png/png
       retry log10(dt/yr), log10(dt), retry_factor     1   378       -5.438151        2.060961        0.500000
 grid1/grid1_000380.png/png
 burst_profile/burst_profile000380.png/png
       retry log10(dt/yr), log10(dt), retry_factor     1   382       -5.563679        1.935433        0.500000
       retry log10(dt/yr), log10(dt), retry_factor     1   384       -5.864709        1.634403        0.500000
       retry log10(dt/yr), log10(dt), retry_factor     2   384       -6.165739        1.333373        0.500000
 have reached retry limit so now backup
       retry log10(dt/yr), log10(dt), retry_factor     1   384       -6.466769        1.032343        0.500000
       retry log10(dt/yr), log10(dt), retry_factor     2   384       -6.767799        0.731313        0.500000
 have reached retry limit so now backup
 grid1/grid1_000385.png/png
 burst_profile/burst_profile000385.png/png
       retry log10(dt/yr), log10(dt), retry_factor     1   387       -7.068829        0.430283        0.500000
       retry log10(dt/yr), log10(dt), retry_factor     2   387       -7.369859        0.129253        0.500000
 have reached retry limit so now backup
       retry log10(dt/yr), log10(dt), retry_factor     1   388       -7.670889       -0.171777        0.500000
       retry log10(dt/yr), log10(dt), retry_factor     2   388       -7.971919       -0.472807        0.500000
 grid1/grid1_000390.png/png
 burst_profile/burst_profile000390.png/png
 grid1/grid1_000395.png/png
 burst_profile/burst_profile000395.png/png
        400   8.353951  3.708E+06   1.563846   1.593567   1.400000   1.400000   0.000000   0.000000   0.275200   0.065894  15.656060    736     79
  -4.961619   6.669969  -4.792863  -0.615360   0.736694  -8.522879   0.000000   0.000000   0.000000   0.020000   0.046674 101.265229      6     15
 5.2509E-04  23.271338   1.644099   0.371458  13.599134  -1.102266   0.000000   0.000000   0.000000   0.000687  8.874E-01  0.982E-13  max increase

 grid1/grid1_000400.png/png
 burst_profile/burst_profile000400.png/png
       retry log10(dt/yr), log10(dt), retry_factor     1   401       -5.262649        2.236463        0.500000
       retry log10(dt/yr), log10(dt), retry_factor     2   401       -5.563679        1.935433        0.500000
 have reached retry limit so now backup
        400   8.351630  3.681E+06   1.548866   1.577348   1.400000   1.400000   0.000000   0.000000   0.275200   0.064872  15.730341    736     81
  -5.262649   6.669429  -4.792866  -0.714417   0.721068  -8.522879   0.000000   0.000000   0.000000   0.020000   0.045935 101.765819      6     16
 5.1963E-04  23.270441   1.631589   0.343545  13.590937  -1.107270   0.000000   0.000000   0.000000   0.000687  8.892E-01  0.950E-13        backup

 grid1/grid1_000400.png/png
 burst_profile/burst_profile000400.png/png
hydro_newton_step failed to accept
       retry log10(dt/yr), log10(dt), retry_factor     1   402       -6.058529        1.440583        0.500000
 grid1/grid1_000405.png/png
 burst_profile/burst_profile000405.png/png
       retry log10(dt/yr), log10(dt), retry_factor     1   407       -5.624394        1.874718        0.500000
hydro_newton_step failed to accept
       retry log10(dt/yr), log10(dt), retry_factor     1   408       -6.022334        1.476778        0.500000
 grid1/grid1_000410.png/png
 burst_profile/burst_profile000410.png/png
       retry log10(dt/yr), log10(dt), retry_factor     1   413       -5.623058        1.876054        0.500000
hydro_newton_step failed to accept
       retry log10(dt/yr), log10(dt), retry_factor     1   414       -6.020998        1.478114        0.500000
 grid1/grid1_000415.png/png
 burst_profile/burst_profile000415.png/png
       retry log10(dt/yr), log10(dt), retry_factor     1   419       -5.775575        1.723537        0.500000
       retry log10(dt/yr), log10(dt), retry_factor     2   419       -6.076605        1.422507        0.500000
       retry log10(dt/yr), log10(dt), retry_factor     1   420       -6.453702        1.045410        0.500000
 grid1/grid1_000420.png/png
 burst_profile/burst_profile000420.png/png
        421   8.419202  4.395E+06   1.912621   2.007206   1.400000   1.400000   0.000000   0.000000   0.275200   0.075581  13.516196    745     89
  -6.226002   6.674344  -4.792813   1.092614   1.081738  -8.522879   0.000000   0.000000   0.000000   0.020000   0.053532  87.431664      6     16
 5.8276E-04  23.280689   1.939587   0.876281  13.792565  -0.984399   0.000000   0.000000   0.000000   0.000687  8.709E-01  0.705E-11          dH/H

save LOGS/profile3.data for model 421
       retry log10(dt/yr), log10(dt), retry_factor     1   425       -6.367983        1.131128        0.500000
 grid1/grid1_000425.png/png
 burst_profile/burst_profile000425.png/png
       retry log10(dt/yr), log10(dt), retry_factor     1   426       -6.680408        0.818704        0.500000
       retry log10(dt/yr), log10(dt), retry_factor     2   426       -6.981438        0.517674        0.500000
hydro_newton_step failed to accept
       retry log10(dt/yr), log10(dt), retry_factor     1   428       -7.282468        0.216644        0.500000
       retry log10(dt/yr), log10(dt), retry_factor     1   430       -7.282468        0.216644        0.500000
 grid1/grid1_000430.png/png
 burst_profile/burst_profile000430.png/png
       retry log10(dt/yr), log10(dt), retry_factor     1   431       -7.583498       -0.084386        0.500000
       retry log10(dt/yr), log10(dt), retry_factor     1   434       -7.884528       -0.385416        0.500000
hydro_newton_step failed to accept
       retry log10(dt/yr), log10(dt), retry_factor     2   434       -8.185558       -0.686446        0.500000
 have reached retry limit so now backup
 grid1/grid1_000435.png/png
 burst_profile/burst_profile000435.png/png
       retry log10(dt/yr), log10(dt), retry_factor     1   438       -8.185558       -0.686446        0.500000
       retry log10(dt/yr), log10(dt), retry_factor     2   438       -8.486588       -0.987476        0.500000
 grid1/grid1_000440.png/png
 burst_profile/burst_profile000440.png/png
       retry log10(dt/yr), log10(dt), retry_factor     1   444       -8.060055       -0.560943        0.500000
       retry log10(dt/yr), log10(dt), retry_factor     1   445       -8.383769       -0.884657        0.500000
 grid1/grid1_000445.png/png
 burst_profile/burst_profile000445.png/png
 grid1/grid1_000450.png/png
 burst_profile/burst_profile000450.png/png
 grid1/grid1_000455.png/png
 burst_profile/burst_profile000455.png/png
 grid1/grid1_000460.png/png
 burst_profile/burst_profile000460.png/png
 grid1/grid1_000465.png/png
 burst_profile/burst_profile000465.png/png
 grid1/grid1_000470.png/png
 burst_profile/burst_profile000470.png/png
 grid1/grid1_000475.png/png
 burst_profile/burst_profile000475.png/png
 grid1/grid1_000480.png/png
 burst_profile/burst_profile000480.png/png
 grid1/grid1_000485.png/png
 burst_profile/burst_profile000485.png/png
 grid1/grid1_000490.png/png
 burst_profile/burst_profile000490.png/png
 grid1/grid1_000495.png/png
 burst_profile/burst_profile000495.png/png
        500   8.518881  2.085E+07   3.589895   6.775716   1.400000   1.400000   0.000000   0.000000   0.292258   0.066661  10.637278    819    101
  -8.020268   6.670471  -4.791692   2.992672   4.234240  -8.522879   0.000000   0.000000   0.000000   0.190698   0.040997  69.294435      7     17
 5.8719E-04  23.281253   4.646449   6.775361  14.903142  -0.860790   0.000000   0.000000   0.000000   0.000687  8.923E-01  0.855E-08      lgT_cntr

save LOGS/profile4.data for model 500
save photos/x500 for model 500
 grid1/grid1_000500.png/png
 burst_profile/burst_profile000500.png/png
 grid1/grid1_000505.png/png
 burst_profile/burst_profile000505.png/png
 grid1/grid1_000510.png/png
 burst_profile/burst_profile000510.png/png
 grid1/grid1_000515.png/png
 burst_profile/burst_profile000515.png/png
 grid1/grid1_000520.png/png
 burst_profile/burst_profile000520.png/png
 grid1/grid1_000525.png/png
 burst_profile/burst_profile000525.png/png
 grid1/grid1_000530.png/png
 burst_profile/burst_profile000530.png/png
 grid1/grid1_000535.png/png
 burst_profile/burst_profile000535.png/png
 grid1/grid1_000540.png/png
 burst_profile/burst_profile000540.png/png
       retry log10(dt/yr), log10(dt), retry_factor     1   544       -7.731223       -0.232112        0.500000
       retry log10(dt/yr), log10(dt), retry_factor     2   544       -8.032253       -0.533142        0.500000
hydro_newton_step failed to accept
       retry log10(dt/yr), log10(dt), retry_factor     1   545       -8.333283       -0.834172        0.500000
hydro_newton_step failed to accept
       retry log10(dt/yr), log10(dt), retry_factor     2   545       -8.634313       -1.135202        0.500000
 grid1/grid1_000545.png/png
 burst_profile/burst_profile000545.png/png
 grid1/grid1_000550.png/png
 burst_profile/burst_profile000550.png/png
       retry log10(dt/yr), log10(dt), retry_factor     1   551       -8.255235       -0.756123        0.500000
 grid1/grid1_000555.png/png
 burst_profile/burst_profile000555.png/png
hydro_newton_step failed to accept
       retry log10(dt/yr), log10(dt), retry_factor     1   556       -8.083488       -0.584376        0.500000
 grid1/grid1_000560.png/png
 burst_profile/burst_profile000560.png/png
 grid1/grid1_000565.png/png
 burst_profile/burst_profile000565.png/png
       retry log10(dt/yr), log10(dt), retry_factor     1   566       -7.920592       -0.421481        0.500000
       retry log10(dt/yr), log10(dt), retry_factor     2   566       -8.221622       -0.722511        0.500000
 grid1/grid1_000570.png/png
 burst_profile/burst_profile000570.png/png
 grid1/grid1_000575.png/png
 burst_profile/burst_profile000575.png/png
 grid1/grid1_000580.png/png
 burst_profile/burst_profile000580.png/png
 grid1/grid1_000585.png/png
 burst_profile/burst_profile000585.png/png
       retry log10(dt/yr), log10(dt), retry_factor     1   587       -7.697890       -0.198779        0.500000
hydro_newton_step failed to accept
       retry log10(dt/yr), log10(dt), retry_factor     2   587       -7.998920       -0.499809        0.500000
 have reached retry limit so now backup
 grid1/grid1_000590.png/png
 burst_profile/burst_profile000590.png/png
       retry log10(dt/yr), log10(dt), retry_factor     1   592       -7.697890       -0.198779        0.500000
       retry log10(dt/yr), log10(dt), retry_factor     2   592       -7.998920       -0.499809        0.500000
 grid1/grid1_000595.png/png
 burst_profile/burst_profile000595.png/png
hydro_newton_step failed to accept
       retry log10(dt/yr), log10(dt), retry_factor     1   598       -7.579720       -0.080609        0.500000
       retry log10(dt/yr), log10(dt), retry_factor     2   598       -7.880750       -0.381639        0.500000
 have reached retry limit so now backup
        600   8.789808  1.005E+07   1.774983   3.224319   1.400000   1.400000   0.000000   0.000000   0.275200   0.018721   5.305027    838    115
  -7.579720   6.644024  -4.792647   1.764653   2.576874  -8.522879   0.000000   0.000000   0.000000   0.020000   0.019701  36.387768      6     19
 5.9022E-04  23.281867   3.376613   3.192691  14.440468  -0.732322   0.000000   0.000000   0.000000   0.000687  9.616E-01  0.803E-08          hold

 grid1/grid1_000600.png/png
 burst_profile/burst_profile000600.png/png
 grid1/grid1_000605.png/png
 burst_profile/burst_profile000605.png/png
 grid1/grid1_000610.png/png
 burst_profile/burst_profile000610.png/png
 grid1/grid1_000615.png/png
 burst_profile/burst_profile000615.png/png
 grid1/grid1_000620.png/png
 burst_profile/burst_profile000620.png/png
 grid1/grid1_000625.png/png
 burst_profile/burst_profile000625.png/png
 grid1/grid1_000630.png/png
 burst_profile/burst_profile000630.png/png
 grid1/grid1_000635.png/png
 burst_profile/burst_profile000635.png/png
 grid1/grid1_000640.png/png
 burst_profile/burst_profile000640.png/png
 grid1/grid1_000645.png/png
 burst_profile/burst_profile000645.png/png
       retry log10(dt/yr), log10(dt), retry_factor     1   648       -5.429682        2.069429        0.500000
       retry log10(dt/yr), log10(dt), retry_factor     1   650       -5.830763        1.668349        0.500000
 grid1/grid1_000650.png/png
 burst_profile/burst_profile000650.png/png
 grid1/grid1_000655.png/png
 burst_profile/burst_profile000655.png/png
       retry log10(dt/yr), log10(dt), retry_factor     1   657       -5.412811        2.086301        0.500000
 grid1/grid1_000660.png/png
 burst_profile/burst_profile000660.png/png
       retry log10(dt/yr), log10(dt), retry_factor     1   661       -5.810751        1.688361        0.500000
 grid1/grid1_000665.png/png
 burst_profile/burst_profile000665.png/png
       retry log10(dt/yr), log10(dt), retry_factor     1   667       -5.208691        2.290421        0.500000
       retry log10(dt/yr), log10(dt), retry_factor     2   667       -5.509721        1.989391        0.500000
 have reached retry limit so now backup
       retry log10(dt/yr), log10(dt), retry_factor     1   668       -6.004571        1.494541        0.500000
       retry log10(dt/yr), log10(dt), retry_factor     1   669       -6.305601        1.193511        0.500000
       retry log10(dt/yr), log10(dt), retry_factor     1   670       -6.606631        0.892481        0.500000
 grid1/grid1_000670.png/png
 burst_profile/burst_profile000670.png/png
 grid1/grid1_000675.png/png
 burst_profile/burst_profile000675.png/png
       retry log10(dt/yr), log10(dt), retry_factor     1   680       -5.328455        2.170656        0.500000
 grid1/grid1_000680.png/png
 burst_profile/burst_profile000680.png/png
       retry log10(dt/yr), log10(dt), retry_factor     1   681       -5.726395        1.772716        0.500000
       retry log10(dt/yr), log10(dt), retry_factor     2   681       -6.027425        1.471686        0.500000
 grid1/grid1_000685.png/png
 burst_profile/burst_profile000685.png/png
       retry log10(dt/yr), log10(dt), retry_factor     1   687       -5.739901        1.759210        0.500000
 grid1/grid1_000690.png/png
 burst_profile/burst_profile000690.png/png
hydro_newton_step failed to accept
       retry log10(dt/yr), log10(dt), retry_factor     1   691       -6.137841        1.361270        0.500000
hydro_newton_step failed to accept
       retry log10(dt/yr), log10(dt), retry_factor     2   691       -6.438871        1.060240        0.500000
       retry log10(dt/yr), log10(dt), retry_factor     1   694       -5.910983        1.588128        0.500000
 grid1/grid1_000695.png/png
 burst_profile/burst_profile000695.png/png
       retry log10(dt/yr), log10(dt), retry_factor     1   696       -6.212013        1.287098        0.500000
       retry log10(dt/yr), log10(dt), retry_factor     2   696       -6.513043        0.986068        0.500000
 have reached retry limit so now backup
 grid1/grid1_000695.png/png
 burst_profile/burst_profile000695.png/png
hydro_newton_step failed to accept
       retry log10(dt/yr), log10(dt), retry_factor     1   699       -6.814073        0.685038        0.500000
       retry log10(dt/yr), log10(dt), retry_factor     1   700       -6.841001        0.658111        0.500000
        700   8.418501  4.389E+06   1.910152   2.005635   1.400000   1.400000   0.000000   0.000000   0.275200   0.068684  14.020894    884    135
  -6.539971   6.702124  -4.792801   1.096283   1.080153  -8.522879   0.000000   0.000000   0.000000   0.020000   0.049767  89.460029      6     21
 8.5267E-04  23.322001   1.937382   0.875776  13.791107  -0.985243   0.000000   0.000000   0.000000   0.000687  8.815E-01  0.139E-10         retry

 grid1/grid1_000700.png/png
 burst_profile/burst_profile000700.png/png
 grid1/grid1_000705.png/png
 burst_profile/burst_profile000705.png/png
       retry log10(dt/yr), log10(dt), retry_factor     1   706       -6.511737        0.987375        0.500000
       retry log10(dt/yr), log10(dt), retry_factor     2   706       -6.812767        0.686345        0.500000
       retry log10(dt/yr), log10(dt), retry_factor     1   709       -7.148806        0.350305        0.500000
 grid1/grid1_000710.png/png
 burst_profile/burst_profile000710.png/png
       retry log10(dt/yr), log10(dt), retry_factor     1   711       -7.449836        0.049275        0.500000
       retry log10(dt/yr), log10(dt), retry_factor     1   714       -7.750866       -0.251755        0.500000
       retry log10(dt/yr), log10(dt), retry_factor     1   715       -8.051896       -0.552785        0.500000
 grid1/grid1_000715.png/png
 burst_profile/burst_profile000715.png/png
 grid1/grid1_000720.png/png
 burst_profile/burst_profile000720.png/png
 grid1/grid1_000725.png/png
 burst_profile/burst_profile000725.png/png
 grid1/grid1_000730.png/png
 burst_profile/burst_profile000730.png/png
 grid1/grid1_000735.png/png
 burst_profile/burst_profile000735.png/png
 grid1/grid1_000740.png/png
 burst_profile/burst_profile000740.png/png
 grid1/grid1_000745.png/png
 burst_profile/burst_profile000745.png/png
hydro_newton_step failed to accept
       retry log10(dt/yr), log10(dt), retry_factor     1   747       -9.253123       -1.754011        0.500000
 grid1/grid1_000750.png/png
 burst_profile/burst_profile000750.png/png
 grid1/grid1_000755.png/png
 burst_profile/burst_profile000755.png/png
 grid1/grid1_000760.png/png
 burst_profile/burst_profile000760.png/png
 grid1/grid1_000765.png/png
 burst_profile/burst_profile000765.png/png
 grid1/grid1_000770.png/png
 burst_profile/burst_profile000770.png/png
 grid1/grid1_000775.png/png
 burst_profile/burst_profile000775.png/png
 grid1/grid1_000780.png/png
 burst_profile/burst_profile000780.png/png
 grid1/grid1_000785.png/png
 burst_profile/burst_profile000785.png/png
 grid1/grid1_000790.png/png
 burst_profile/burst_profile000790.png/png
 grid1/grid1_000795.png/png
 burst_profile/burst_profile000795.png/png
        800   8.968405  1.722E+07   2.985391   5.712191   1.400000   1.400000   0.000000   0.000000   0.274144   0.030393   3.196945    957    142
  -6.910084   6.631024  -4.792197   2.581876   3.659981  -8.522879   0.000000   0.000000   0.000000   0.293494   0.024936  23.879502      8     21
 8.5786E-04  23.322654   4.313065   5.711054  14.726143  -0.750248   0.000000   0.000000   0.000000   0.000687  9.447E-01 -0.705E-09          dH/H

 grid1/grid1_000800.png/png
 burst_profile/burst_profile000800.png/png
       retry log10(dt/yr), log10(dt), retry_factor     1   804       -7.852721       -0.353609        0.500000
       retry log10(dt/yr), log10(dt), retry_factor     2   804       -8.153751       -0.654639        0.500000
hydro_newton_step failed to accept
       retry log10(dt/yr), log10(dt), retry_factor     1   805       -8.454781       -0.955669        0.500000
 grid1/grid1_000805.png/png
 burst_profile/burst_profile000805.png/png
       retry log10(dt/yr), log10(dt), retry_factor     1   806       -8.755811       -1.256699        0.500000
       retry log10(dt/yr), log10(dt), retry_factor     1   810       -8.755811       -1.256699        0.500000
       retry log10(dt/yr), log10(dt), retry_factor     2   810       -9.056841       -1.557729        0.500000
 grid1/grid1_000810.png/png
 burst_profile/burst_profile000810.png/png
 grid1/grid1_000815.png/png
 burst_profile/burst_profile000815.png/png
hydro_newton_step failed to accept
       retry log10(dt/yr), log10(dt), retry_factor     1   819       -8.433164       -0.934052        0.500000
       retry log10(dt/yr), log10(dt), retry_factor     2   819       -8.734194       -1.235082        0.500000
 grid1/grid1_000820.png/png
 burst_profile/burst_profile000820.png/png
       retry log10(dt/yr), log10(dt), retry_factor     1   823       -8.734194       -1.235082        0.500000
       retry log10(dt/yr), log10(dt), retry_factor     2   823       -9.035224       -1.536112        0.500000
 grid1/grid1_000825.png/png
 burst_profile/burst_profile000825.png/png
 grid1/grid1_000830.png/png
 burst_profile/burst_profile000830.png/png
hydro_newton_step failed to accept
       retry log10(dt/yr), log10(dt), retry_factor     1   831       -7.969945       -0.470833        0.500000
hydro_newton_step failed to accept
       retry log10(dt/yr), log10(dt), retry_factor     2   831       -8.270975       -0.771863        0.500000
 have reached retry limit so now backup
 grid1/grid1_000830.png/png
 burst_profile/burst_profile000830.png/png
 grid1/grid1_000835.png/png
 burst_profile/burst_profile000835.png/png
 grid1/grid1_000840.png/png
 burst_profile/burst_profile000840.png/png
 grid1/grid1_000845.png/png
 burst_profile/burst_profile000845.png/png
 grid1/grid1_000850.png/png
 burst_profile/burst_profile000850.png/png
       retry log10(dt/yr), log10(dt), retry_factor     1   853       -7.841837       -0.342726        0.500000
 grid1/grid1_000855.png/png
 burst_profile/burst_profile000855.png/png
 grid1/grid1_000860.png/png
 burst_profile/burst_profile000860.png/png
 grid1/grid1_000865.png/png
 burst_profile/burst_profile000865.png/png
       retry log10(dt/yr), log10(dt), retry_factor     1   866       -7.663867       -0.164755        0.500000
       retry log10(dt/yr), log10(dt), retry_factor     2   866       -7.964897       -0.465785        0.500000
 have reached retry limit so now backup
 grid1/grid1_000865.png/png
 burst_profile/burst_profile000865.png/png
 grid1/grid1_000870.png/png
 burst_profile/burst_profile000870.png/png
       retry log10(dt/yr), log10(dt), retry_factor     1   871       -7.663867       -0.164755        0.500000
       retry log10(dt/yr), log10(dt), retry_factor     2   871       -7.964897       -0.465785        0.500000
 grid1/grid1_000875.png/png
 burst_profile/burst_profile000875.png/png
 grid1/grid1_000880.png/png
 burst_profile/burst_profile000880.png/png
 grid1/grid1_000885.png/png
 burst_profile/burst_profile000885.png/png
 grid1/grid1_000890.png/png
 burst_profile/burst_profile000890.png/png
 grid1/grid1_000895.png/png
 burst_profile/burst_profile000895.png/png
        900   8.559669  5.265E+06   1.197708   1.936545   1.400000   1.400000   0.000000   0.000000   0.275200   0.017158   9.991228    934    159
  -6.356963   6.697181  -4.792855   0.021372   1.531338  -8.522879   0.000000   0.000000   0.000000   0.020000   0.018289  64.389203      6     23
 8.6535E-04  23.323862   2.253243   1.842549  13.989060  -0.868644   0.000000   0.000000   0.000000   0.000687  9.646E-01  0.217E-11      lgT_cntr

 grid1/grid1_000900.png/png
 burst_profile/burst_profile000900.png/png
 grid1/grid1_000905.png/png
 burst_profile/burst_profile000905.png/png
 grid1/grid1_000910.png/png
 burst_profile/burst_profile000910.png/png
 grid1/grid1_000915.png/png
 burst_profile/burst_profile000915.png/png
 grid1/grid1_000920.png/png
 burst_profile/burst_profile000920.png/png
       retry log10(dt/yr), log10(dt), retry_factor     1   921       -5.635598        1.863513        0.500000
 grid1/grid1_000925.png/png
 burst_profile/burst_profile000925.png/png
       retry log10(dt/yr), log10(dt), retry_factor     1   926       -5.585682        1.913429        0.500000
       retry log10(dt/yr), log10(dt), retry_factor     1   930       -5.645653        1.853458        0.500000
 grid1/grid1_000930.png/png
 burst_profile/burst_profile000930.png/png
       retry log10(dt/yr), log10(dt), retry_factor     1   931       -5.946683        1.552428        0.500000
 grid1/grid1_000935.png/png
 burst_profile/burst_profile000935.png/png
       retry log10(dt/yr), log10(dt), retry_factor     1   938       -5.457774        2.041338        0.500000
 grid1/grid1_000940.png/png
 burst_profile/burst_profile000940.png/png
       retry log10(dt/yr), log10(dt), retry_factor     1   942       -5.551372        1.947739        0.500000
       retry log10(dt/yr), log10(dt), retry_factor     2   942       -5.852402        1.646709        0.500000
 have reached retry limit so now backup
 grid1/grid1_000945.png/png
 burst_profile/burst_profile000945.png/png
       retry log10(dt/yr), log10(dt), retry_factor     1   948       -5.466079        2.033032        0.500000
 grid1/grid1_000950.png/png
 burst_profile/burst_profile000950.png/png
       retry log10(dt/yr), log10(dt), retry_factor     1   952       -5.553644        1.945468        0.500000
hydro_newton_step failed to accept
       retry log10(dt/yr), log10(dt), retry_factor     1   953       -5.951584        1.547528        0.500000
       retry log10(dt/yr), log10(dt), retry_factor     1   954       -6.252614        1.246498        0.500000
 grid1/grid1_000955.png/png
 burst_profile/burst_profile000955.png/png
 grid1/grid1_000960.png/png
 burst_profile/burst_profile000960.png/png
       retry log10(dt/yr), log10(dt), retry_factor     1   961       -5.507904        1.991208        0.500000
       retry log10(dt/yr), log10(dt), retry_factor     2   961       -5.808934        1.690178        0.500000
 have reached retry limit so now backup
 grid1/grid1_000960.png/png
 burst_profile/burst_profile000960.png/png
hydro_newton_step failed to accept
       retry log10(dt/yr), log10(dt), retry_factor     1   963       -6.109964        1.389148        0.500000
       retry log10(dt/yr), log10(dt), retry_factor     2   963       -6.410994        1.088118        0.500000
       retry log10(dt/yr), log10(dt), retry_factor     1   964       -6.712024        0.787088        0.500000
 grid1/grid1_000965.png/png
 burst_profile/burst_profile000965.png/png
 grid1/grid1_000970.png/png
 burst_profile/burst_profile000970.png/png
       retry log10(dt/yr), log10(dt), retry_factor     1   971       -5.941590        1.557522        0.500000
hydro_newton_step failed to accept
       retry log10(dt/yr), log10(dt), retry_factor     1   972       -6.339530        1.159582        0.500000
       retry log10(dt/yr), log10(dt), retry_factor     1   973       -6.640560        0.858552        0.500000
       retry log10(dt/yr), log10(dt), retry_factor     1   974       -6.941590        0.557522        0.500000
 grid1/grid1_000975.png/png
 burst_profile/burst_profile000975.png/png
 grid1/grid1_000980.png/png
 burst_profile/burst_profile000980.png/png
       retry log10(dt/yr), log10(dt), retry_factor     1   982       -5.845753        1.653359        0.500000
 grid1/grid1_000985.png/png
 burst_profile/burst_profile000985.png/png
       retry log10(dt/yr), log10(dt), retry_factor     1   986       -6.000421        1.498691        0.500000
       retry log10(dt/yr), log10(dt), retry_factor     1   988       -6.398361        1.100751        0.500000
       retry log10(dt/yr), log10(dt), retry_factor     2   988       -6.699391        0.799721        0.500000
 grid1/grid1_000990.png/png
 burst_profile/burst_profile000990.png/png
       retry log10(dt/yr), log10(dt), retry_factor     1   993       -6.398361        1.100751        0.500000
       retry log10(dt/yr), log10(dt), retry_factor     1   994       -6.699391        0.799721        0.500000
 grid1/grid1_000995.png/png
 burst_profile/burst_profile000995.png/png
       retry log10(dt/yr), log10(dt), retry_factor     1   996       -7.000421        0.498691        0.500000
       retry log10(dt/yr), log10(dt), retry_factor     1   997       -7.301451        0.197661        0.500000
       retry log10(dt/yr), log10(dt), retry_factor     1   999       -7.602481       -0.103369        0.500000

__________________________________________________________________________________________________________________________________________________

       step    lg_Tcntr    Teff       lg_LH     lg_Lnuc     Mass       H_rich     H_cntr     N_cntr     Y_surf     X_avg     eta_cntr  zones retry
   lg_dt_yr    lg_Dcntr    lg_R       lg_L3a    lg_Lneu     lg_Mdot    He_core    He_cntr    O_cntr     Z_surf     Y_avg     gam_cntr  iters bckup
     age_yr    lg_Pcntr    lg_L       lg_LZ     lg_Psurf    lg_Dsurf   C_core     C_cntr     Ne_cntr    Si_cntr    Z_avg     v_div_cs     dt_limit
__________________________________________________________________________________________________________________________________________________

       1000   8.446481  5.018E+06   2.320308   2.940372   1.400000   1.400000   0.000000   0.000000   0.275200   0.063184  13.553760    964    188
  -7.301451   6.727332  -4.792748   2.219096   2.131912  -8.522879   0.000000   0.000000   0.000000   0.020000   0.045455  85.516986      6     25
 1.1304E-03  23.360767   2.170016   2.696372  13.938819  -0.897284   0.000000   0.000000   0.000000   0.000687  8.914E-01  0.109E-09          hold

save LOGS/profile5.data for model 1000
save photos/1000 for model 1000
 grid1/grid1_001000.png/png
 burst_profile/burst_profile001000.png/png
       retry log10(dt/yr), log10(dt), retry_factor     1  1002       -7.903511       -0.404399        0.500000
 grid1/grid1_001005.png/png
 burst_profile/burst_profile001005.png/png
       retry log10(dt/yr), log10(dt), retry_factor     1  1008       -8.438006       -0.938895        0.500000
 grid1/grid1_001010.png/png
 burst_profile/burst_profile001010.png/png
 grid1/grid1_001015.png/png
 burst_profile/burst_profile001015.png/png
 grid1/grid1_001020.png/png
 burst_profile/burst_profile001020.png/png
 grid1/grid1_001025.png/png
 burst_profile/burst_profile001025.png/png
 grid1/grid1_001030.png/png
 burst_profile/burst_profile001030.png/png
       retry log10(dt/yr), log10(dt), retry_factor     1  1035       -9.300200       -1.801089        0.500000
       retry log10(dt/yr), log10(dt), retry_factor     2  1035       -9.601230       -2.102119        0.500000
 grid1/grid1_001035.png/png
 burst_profile/burst_profile001035.png/png
 grid1/grid1_001040.png/png
 burst_profile/burst_profile001040.png/png
       retry log10(dt/yr), log10(dt), retry_factor     1  1041       -9.227775       -1.728664        0.500000
hydro_newton_step failed to accept
       retry log10(dt/yr), log10(dt), retry_factor     2  1041       -9.528805       -2.029694        0.500000
       retry log10(dt/yr), log10(dt), retry_factor     1  1045       -9.528805       -2.029694        0.500000
 grid1/grid1_001045.png/png
 burst_profile/burst_profile001045.png/png
hydro_newton_step failed to accept
       retry log10(dt/yr), log10(dt), retry_factor     1  1050       -9.227775       -1.728664        0.500000
       retry log10(dt/yr), log10(dt), retry_factor     2  1050       -9.528805       -2.029694        0.500000
 grid1/grid1_001050.png/png
 burst_profile/burst_profile001050.png/png
 grid1/grid1_001055.png/png
 burst_profile/burst_profile001055.png/png
 grid1/grid1_001060.png/png
 burst_profile/burst_profile001060.png/png
 grid1/grid1_001065.png/png
 burst_profile/burst_profile001065.png/png
 grid1/grid1_001070.png/png
 burst_profile/burst_profile001070.png/png
 grid1/grid1_001075.png/png
 burst_profile/burst_profile001075.png/png
 grid1/grid1_001080.png/png
 burst_profile/burst_profile001080.png/png
 grid1/grid1_001085.png/png
 burst_profile/burst_profile001085.png/png
 grid1/grid1_001090.png/png
 burst_profile/burst_profile001090.png/png
 grid1/grid1_001095.png/png
 burst_profile/burst_profile001095.png/png
       1100   8.911659  1.967E+07   3.357361   6.317254   1.400000   1.400000   0.000000   0.000000   0.279153   0.042875   4.024803   1048    197
  -7.851335   6.676528  -4.791900   2.843984   3.980326  -8.522879   0.000000   0.000000   0.000000   0.272427   0.029713  28.179867      7     25
 1.1311E-03  23.360721   4.544537   6.316631  14.849380  -0.791364   0.000000   0.000000   0.000000   0.000687  9.274E-01  0.276E-07      lgT_cntr

 grid1/grid1_001100.png/png
 burst_profile/burst_profile001100.png/png
 grid1/grid1_001105.png/png
 burst_profile/burst_profile001105.png/png
       retry log10(dt/yr), log10(dt), retry_factor     1  1109       -7.446977        0.052135        0.500000
       retry log10(dt/yr), log10(dt), retry_factor     2  1109       -7.748007       -0.248895        0.500000
 have reached retry limit so now backup
       retry log10(dt/yr), log10(dt), retry_factor     1  1109       -8.049037       -0.549925        0.500000
 grid1/grid1_001110.png/png
 burst_profile/burst_profile001110.png/png
 grid1/grid1_001115.png/png
 burst_profile/burst_profile001115.png/png
       retry log10(dt/yr), log10(dt), retry_factor     1  1117       -7.556319       -0.057207        0.500000
       retry log10(dt/yr), log10(dt), retry_factor     2  1117       -7.857349       -0.358237        0.500000
hydro_newton_step failed to accept
       retry log10(dt/yr), log10(dt), retry_factor     1  1118       -8.255289       -0.756177        0.500000
hydro_newton_step failed to accept
       retry log10(dt/yr), log10(dt), retry_factor     2  1118       -8.556319       -1.057207        0.500000
 have reached retry limit so now backup
 grid1/grid1_001120.png/png
 burst_profile/burst_profile001120.png/png
       retry log10(dt/yr), log10(dt), retry_factor     1  1121       -8.857349       -1.358237        0.500000
 grid1/grid1_001125.png/png
 burst_profile/burst_profile001125.png/png
hydro_newton_step failed to accept
       retry log10(dt/yr), log10(dt), retry_factor     1  1128       -8.080703       -0.581592        0.500000
       retry log10(dt/yr), log10(dt), retry_factor     2  1128       -8.381733       -0.882622        0.500000
 have reached retry limit so now backup
       retry log10(dt/yr), log10(dt), retry_factor     1  1127       -8.682763       -1.183652        0.500000
 grid1/grid1_001130.png/png
 burst_profile/burst_profile001130.png/png
       retry log10(dt/yr), log10(dt), retry_factor     1  1131       -8.682763       -1.183652        0.500000
 grid1/grid1_001135.png/png
 burst_profile/burst_profile001135.png/png
 grid1/grid1_001140.png/png
 burst_profile/burst_profile001140.png/png
 grid1/grid1_001145.png/png
 burst_profile/burst_profile001145.png/png
 grid1/grid1_001150.png/png
 burst_profile/burst_profile001150.png/png
 grid1/grid1_001155.png/png
 burst_profile/burst_profile001155.png/png
 grid1/grid1_001160.png/png
 burst_profile/burst_profile001160.png/png
       retry log10(dt/yr), log10(dt), retry_factor     1  1164       -7.675345       -0.176234        0.500000
       retry log10(dt/yr), log10(dt), retry_factor     2  1164       -7.976375       -0.477264        0.500000
 grid1/grid1_001165.png/png
 burst_profile/burst_profile001165.png/png
 grid1/grid1_001170.png/png
 burst_profile/burst_profile001170.png/png
 grid1/grid1_001175.png/png
 burst_profile/burst_profile001175.png/png
 grid1/grid1_001180.png/png
 burst_profile/burst_profile001180.png/png
 grid1/grid1_001185.png/png
 burst_profile/burst_profile001185.png/png
 grid1/grid1_001190.png/png
 burst_profile/burst_profile001190.png/png
 grid1/grid1_001195.png/png
 burst_profile/burst_profile001195.png/png
       1200   8.479412  4.418E+06   1.182801   1.670724   1.400000   1.400000   0.000000   0.000000   0.275200   0.017637  12.548213   1038    211
  -6.131763   6.727477  -4.792870  -0.825694   1.216982  -8.522879   0.000000   0.000000   0.000000   0.020000   0.017441  79.280982      6     28
 1.1453E-03  23.362763   1.948469   1.497877  13.798457  -0.980728   0.000000   0.000000   0.000000   0.000687  9.649E-01  0.337E-11      lgT_cntr

 grid1/grid1_001200.png/png
 burst_profile/burst_profile001200.png/png
 grid1/grid1_001205.png/png
 burst_profile/burst_profile001205.png/png
 grid1/grid1_001210.png/png
 burst_profile/burst_profile001210.png/png
       retry log10(dt/yr), log10(dt), retry_factor     1  1215       -5.791926        1.707186        0.500000
 grid1/grid1_001215.png/png
 burst_profile/burst_profile001215.png/png
 grid1/grid1_001220.png/png
 burst_profile/burst_profile001220.png/png
       retry log10(dt/yr), log10(dt), retry_factor     1  1221       -5.318368        2.180744        0.500000
       retry log10(dt/yr), log10(dt), retry_factor     2  1221       -5.619398        1.879714        0.500000
 have reached retry limit so now backup
 grid1/grid1_001220.png/png
 burst_profile/burst_profile001220.png/png
       retry log10(dt/yr), log10(dt), retry_factor     1  1222       -6.017338        1.481774        0.500000
 grid1/grid1_001225.png/png
 burst_profile/burst_profile001225.png/png
       retry log10(dt/yr), log10(dt), retry_factor     1  1228       -5.544382        1.954730        0.500000
 grid1/grid1_001230.png/png
 burst_profile/burst_profile001230.png/png
       retry log10(dt/yr), log10(dt), retry_factor     1  1233       -5.458630        2.040481        0.500000
 grid1/grid1_001235.png/png
 burst_profile/burst_profile001235.png/png
       retry log10(dt/yr), log10(dt), retry_factor     1  1237       -5.592787        1.906324        0.500000
 grid1/grid1_001240.png/png
 burst_profile/burst_profile001240.png/png
       retry log10(dt/yr), log10(dt), retry_factor     1  1245       -5.618376        1.880735        0.500000
       retry log10(dt/yr), log10(dt), retry_factor     2  1245       -5.919406        1.579705        0.500000
 have reached retry limit so now backup
 grid1/grid1_001245.png/png
 burst_profile/burst_profile001245.png/png
 grid1/grid1_001250.png/png
 burst_profile/burst_profile001250.png/png
       retry log10(dt/yr), log10(dt), retry_factor     1  1251       -5.641708        1.857404        0.500000
       retry log10(dt/yr), log10(dt), retry_factor     2  1251       -5.942738        1.556374        0.500000
 have reached retry limit so now backup
 grid1/grid1_001250.png/png
 burst_profile/burst_profile001250.png/png
 grid1/grid1_001255.png/png
 burst_profile/burst_profile001255.png/png
       retry log10(dt/yr), log10(dt), retry_factor     1  1256       -6.040521        1.458590        0.500000
hydro_newton_step failed to accept
       retry log10(dt/yr), log10(dt), retry_factor     2  1256       -6.341551        1.157560        0.500000
 have reached retry limit so now backup
       retry log10(dt/yr), log10(dt), retry_factor     1  1255       -6.642581        0.856530        0.500000
 grid1/grid1_001255.png/png
 burst_profile/burst_profile001255.png/png
 grid1/grid1_001260.png/png
 burst_profile/burst_profile001260.png/png
       retry log10(dt/yr), log10(dt), retry_factor     1  1263       -5.647544        1.851567        0.500000
hydro_newton_step failed to accept
       retry log10(dt/yr), log10(dt), retry_factor     1  1264       -6.045484        1.453627        0.500000
hydro_newton_step failed to accept
       retry log10(dt/yr), log10(dt), retry_factor     2  1264       -6.346514        1.152597        0.500000
 grid1/grid1_001265.png/png
 burst_profile/burst_profile001265.png/png
       retry log10(dt/yr), log10(dt), retry_factor     1  1269       -5.744454        1.754657        0.500000
       retry log10(dt/yr), log10(dt), retry_factor     1  1270       -6.045484        1.453627        0.500000
 grid1/grid1_001270.png/png
 burst_profile/burst_profile001270.png/png
       retry log10(dt/yr), log10(dt), retry_factor     1  1272       -6.354900        1.144211        0.500000
       retry log10(dt/yr), log10(dt), retry_factor     2  1272       -6.655930        0.843181        0.500000
 have reached retry limit so now backup
       retry log10(dt/yr), log10(dt), retry_factor     1  1275       -6.956960        0.542151        0.500000
 grid1/grid1_001275.png/png
 burst_profile/burst_profile001275.png/png
       retry log10(dt/yr), log10(dt), retry_factor     1  1276       -7.257990        0.241121        0.500000
 grid1/grid1_001280.png/png
 burst_profile/burst_profile001280.png/png
       retry log10(dt/yr), log10(dt), retry_factor     1  1284       -6.266524        1.232588        0.500000
       retry log10(dt/yr), log10(dt), retry_factor     2  1284       -6.567554        0.931558        0.500000
       retry log10(dt/yr), log10(dt), retry_factor     1  1285       -6.868584        0.630528        0.500000
 grid1/grid1_001285.png/png
 burst_profile/burst_profile001285.png/png
       retry log10(dt/yr), log10(dt), retry_factor     1  1287       -7.169614        0.329498        0.500000
hydro_newton_step failed to accept
       retry log10(dt/yr), log10(dt), retry_factor     1  1289       -7.470644        0.028468        0.500000
 grid1/grid1_001290.png/png
 burst_profile/burst_profile001290.png/png
       retry log10(dt/yr), log10(dt), retry_factor     1  1291       -7.470644        0.028468        0.500000
       retry log10(dt/yr), log10(dt), retry_factor     1  1293       -7.771674       -0.272562        0.500000
       retry log10(dt/yr), log10(dt), retry_factor     2  1293       -8.072704       -0.573592        0.500000
 have reached retry limit so now backup
       retry log10(dt/yr), log10(dt), retry_factor     1  1295       -8.373733       -0.874622        0.500000
       retry log10(dt/yr), log10(dt), retry_factor     2  1295       -8.674763       -1.175652        0.500000
 grid1/grid1_001295.png/png
 burst_profile/burst_profile001295.png/png
       1300   8.445271  5.076E+06   2.344890   3.065076   1.400000   1.400000   0.000000   0.000000   0.275200   0.059018  13.995825   1079    244
  -7.771674   6.750754  -4.792732   2.279414   2.294105  -8.522879   0.000000   0.000000   0.000000   0.020000   0.041657  87.311111      6     34
 1.4005E-03  23.395410   2.190094   2.875124  13.951021  -0.890231   0.000000   0.000000   0.000000   0.000687  8.993E-01  0.417E-09  max increase

 grid1/grid1_001300.png/png
 burst_profile/burst_profile001300.png/png
       retry log10(dt/yr), log10(dt), retry_factor     1  1302       -7.894891       -0.395780        0.500000
       retry log10(dt/yr), log10(dt), retry_factor     1  1303       -8.243026       -0.743915        0.500000
 grid1/grid1_001305.png/png
 burst_profile/burst_profile001305.png/png
 grid1/grid1_001310.png/png
 burst_profile/burst_profile001310.png/png
 grid1/grid1_001315.png/png
 burst_profile/burst_profile001315.png/png
 grid1/grid1_001320.png/png
 burst_profile/burst_profile001320.png/png
 grid1/grid1_001325.png/png
 burst_profile/burst_profile001325.png/png
 grid1/grid1_001330.png/png
 burst_profile/burst_profile001330.png/png
 grid1/grid1_001335.png/png
 burst_profile/burst_profile001335.png/png
 grid1/grid1_001340.png/png
 burst_profile/burst_profile001340.png/png
 grid1/grid1_001345.png/png
 burst_profile/burst_profile001345.png/png
 grid1/grid1_001350.png/png
 burst_profile/burst_profile001350.png/png
 grid1/grid1_001355.png/png
 burst_profile/burst_profile001355.png/png
 grid1/grid1_001360.png/png
 burst_profile/burst_profile001360.png/png
 grid1/grid1_001365.png/png
 burst_profile/burst_profile001365.png/png
 grid1/grid1_001370.png/png
 burst_profile/burst_profile001370.png/png
 grid1/grid1_001375.png/png
 burst_profile/burst_profile001375.png/png
 grid1/grid1_001380.png/png
 burst_profile/burst_profile001380.png/png
 grid1/grid1_001385.png/png
 burst_profile/burst_profile001385.png/png
 grid1/grid1_001390.png/png
 burst_profile/burst_profile001390.png/png
       retry log10(dt/yr), log10(dt), retry_factor     1  1394       -7.303706        0.195405        0.500000
       retry log10(dt/yr), log10(dt), retry_factor     2  1394       -7.604736       -0.105625        0.500000
 have reached retry limit so now backup
       retry log10(dt/yr), log10(dt), retry_factor     1  1395       -7.905766       -0.406655        0.500000
       retry log10(dt/yr), log10(dt), retry_factor     2  1395       -8.206796       -0.707685        0.500000
 have reached retry limit so now backup
 grid1/grid1_001395.png/png
 burst_profile/burst_profile001395.png/png
       retry log10(dt/yr), log10(dt), retry_factor     1  1398       -8.507826       -1.008715        0.500000
       retry log10(dt/yr), log10(dt), retry_factor     2  1398       -8.808856       -1.309745        0.500000
 have reached retry limit so now backup
       retry log10(dt/yr), log10(dt), retry_factor     1  1400       -9.109886       -1.610775        0.500000
       retry log10(dt/yr), log10(dt), retry_factor     2  1400       -9.410916       -1.911805        0.500000
 have reached retry limit so now backup
       retry log10(dt/yr), log10(dt), retry_factor     1  1400       -9.711946       -2.212835        0.500000
       1400   8.963503  1.774E+07   3.081309   5.895691   1.400000   1.400000   0.000000   0.000000   0.273952   0.029029   3.542861   1096    255
  -9.410916   6.688569  -4.792112   2.656127   3.742861  -8.522879   0.000000   0.000000   0.000000   0.297427   0.022864  25.241116      8     38
 1.4016E-03  23.395435   4.364882   5.894774  14.752552  -0.755288   0.000000   0.000000   0.000000   0.000687  9.481E-01 -0.777E-07         retry

 grid1/grid1_001400.png/png
 burst_profile/burst_profile001400.png/png
 grid1/grid1_001405.png/png
 burst_profile/burst_profile001405.png/png
 grid1/grid1_001410.png/png
 burst_profile/burst_profile001410.png/png
       retry log10(dt/yr), log10(dt), retry_factor     1  1413       -7.397207        0.101904        0.500000
       retry log10(dt/yr), log10(dt), retry_factor     1  1415       -7.892057       -0.392946        0.500000
       retry log10(dt/yr), log10(dt), retry_factor     2  1415       -8.193087       -0.693976        0.500000
 grid1/grid1_001415.png/png
 burst_profile/burst_profile001415.png/png
       retry log10(dt/yr), log10(dt), retry_factor     1  1416       -8.577177       -1.078065        0.500000
       retry log10(dt/yr), log10(dt), retry_factor     2  1416       -8.878207       -1.379095        0.500000
 have reached retry limit so now backup
 grid1/grid1_001415.png/png
 burst_profile/burst_profile001415.png/png
       retry log10(dt/yr), log10(dt), retry_factor     1  1419       -9.179237       -1.680125        0.500000
 grid1/grid1_001420.png/png
 burst_profile/burst_profile001420.png/png
       retry log10(dt/yr), log10(dt), retry_factor     1  1423       -9.179237       -1.680125        0.500000
 grid1/grid1_001425.png/png
 burst_profile/burst_profile001425.png/png
       retry log10(dt/yr), log10(dt), retry_factor     1  1428       -8.878207       -1.379095        0.500000
       retry log10(dt/yr), log10(dt), retry_factor     2  1428       -9.179237       -1.680125        0.500000
 grid1/grid1_001430.png/png
 burst_profile/burst_profile001430.png/png
       retry log10(dt/yr), log10(dt), retry_factor     1  1434       -8.577177       -1.078065        0.500000
       retry log10(dt/yr), log10(dt), retry_factor     2  1434       -8.878207       -1.379095        0.500000
 have reached retry limit so now backup
       retry log10(dt/yr), log10(dt), retry_factor     1  1435       -9.179237       -1.680125        0.500000
 grid1/grid1_001435.png/png
 burst_profile/burst_profile001435.png/png
 grid1/grid1_001440.png/png
 burst_profile/burst_profile001440.png/png
 grid1/grid1_001445.png/png
 burst_profile/burst_profile001445.png/png
 grid1/grid1_001450.png/png
 burst_profile/burst_profile001450.png/png
 grid1/grid1_001455.png/png
 burst_profile/burst_profile001455.png/png
 grid1/grid1_001460.png/png
 burst_profile/burst_profile001460.png/png
hydro_newton_step failed to accept
       retry log10(dt/yr), log10(dt), retry_factor     1  1465       -7.739237       -0.240126        0.500000
 grid1/grid1_001465.png/png
 burst_profile/burst_profile001465.png/png
 grid1/grid1_001470.png/png
 burst_profile/burst_profile001470.png/png
       retry log10(dt/yr), log10(dt), retry_factor     1  1473       -7.800903       -0.301791        0.500000
       retry log10(dt/yr), log10(dt), retry_factor     2  1473       -8.101933       -0.602821        0.500000
 have reached retry limit so now backup
 grid1/grid1_001475.png/png
 burst_profile/burst_profile001475.png/png
 grid1/grid1_001480.png/png
 burst_profile/burst_profile001480.png/png
       retry log10(dt/yr), log10(dt), retry_factor     1  1483       -7.390787        0.108324        0.500000
       retry log10(dt/yr), log10(dt), retry_factor     2  1483       -7.691817       -0.192706        0.500000
 have reached retry limit so now backup
       retry log10(dt/yr), log10(dt), retry_factor     1  1484       -7.992847       -0.493736        0.500000
       retry log10(dt/yr), log10(dt), retry_factor     2  1484       -8.293877       -0.794766        0.500000
 grid1/grid1_001485.png/png
 burst_profile/burst_profile001485.png/png
 grid1/grid1_001490.png/png
 burst_profile/burst_profile001490.png/png
 grid1/grid1_001495.png/png
 burst_profile/burst_profile001495.png/png
       1500   8.726321  7.277E+06   1.288651   2.315276   1.400000   1.400000   0.000000   0.000000   0.275200   0.013904   7.006501   1067    274
  -6.686381   6.733565  -4.792747   1.087499   1.850332  -8.522879   0.000000   0.000000   0.000000   0.020000   0.015452  45.111697      6     42
 1.4055E-03  23.396028   2.815766   2.243036  14.270177  -0.736489   0.000000   0.000000   0.000000   0.000687  9.706E-01  0.127E-10    varcontrol

save LOGS/profile6.data for model 1500
save photos/x500 for model 1500
 grid1/grid1_001500.png/png
 burst_profile/burst_profile001500.png/png
 grid1/grid1_001505.png/png
 burst_profile/burst_profile001505.png/png

stop because model_number >= max_model_number
     1510     1510

       1510   8.611961  5.619E+06   1.219748   1.976186   1.400000   1.400000   0.000000   0.000000   0.275200   0.014464   9.357743   1069    274
  -6.378470   6.743611  -4.792818   0.275958   1.566937  -8.522879   0.000000   0.000000   0.000000   0.020000   0.015580  59.155957      6     42
 1.4089E-03  23.396450   2.366409   1.881899  14.053815  -0.833225   0.000000   0.000000   0.000000   0.000687  9.700E-01  0.794E-11      lgT_cntr

save LOGS/profile7.data for model 1510
save photos/x510 for model 1510
save abund_profile_r_co52_ng_co53_100.data for model 1510
 saved to final.mod
termination code: max_model_number
 grid1/grid1_001510.png/png
 burst_profile/burst_profile001510.png/png
       1510   8.611961  5.619E+06   1.219748   1.976186   1.400000   1.400000   0.000000   0.000000   0.275200   0.014464   9.357743   1069    274
  -6.378470   6.743611  -4.792818   0.275958   1.566937  -8.522879   0.000000   0.000000   0.000000   0.020000   0.015580  59.155957      6     42
 1.4089E-03  23.396450   2.366409   1.881899  14.053815  -0.833225   0.000000   0.000000   0.000000   0.000687  9.700E-01  0.794E-11      lgT_cntr

DATE: 2020-07-19
TIME: 18:46:37
