starting from scratch 
mkdir: cannot create directory ‘/work/al363/runs/low_overhead/runs_x.01_1/125’: File exists
                                         version_number       10108
 read /hpc/group/physics/al363/low_overhead/sens/base/inlist_base
 read inlist_cluster
load saved model /hpc/group/physics/al363/sens/base/ns_relax.mod

 change to /hpc/group/physics/al363/sens/base/rp_305.net
             set special rate factor for r_cu58_ng_cu59         125    1.0000000000000000D-02
             set special rate factor for r_cu59_gn_cu58         126    1.0000000000000000D-02
             set special rate factor for r_cu58_ng_cu59         125    1.0000000000000000D-02
             set special rate factor for r_cu59_gn_cu58         126    1.0000000000000000D-02
 number of species         305
 read /hpc/group/physics/al363/low_overhead/sens/base/history_custom_low_overhead
 read /hpc/group/physics/al363/low_overhead/sens/base/profile_custom_low_overhead
 net name /hpc/group/physics/al363/sens/base/rp_305.net
 v_flag T
                                           xmstar/mstar    4.5461189430843640D-12
                                             xmstar (g)    1.2660395722219186D+22
                                           M_center (g)    2.7848799999878681D+33
                                            xmstar/Msun    6.3645665203193175D-12
                                          M_center/Msun    1.3999999999939012D+00
                                          R_center (cm)    1.1200000000000000D+06
                                          R_center/Rsun    1.6092416448748527D-05
                                           core density    4.7322078204273819D+14
                                          L_center/Lsun    4.1647144567650578D+00
 kappa_file_prefix gs98
 kappa_lowT_prefix lowT_fa05_gs98

   eos_file_prefix mesa
                                        OMP_NUM_THREADS           8


__________________________________________________________________________________________________________________________________________________

       step    lg_Tcntr    Teff       lg_LH     lg_Lnuc     Mass       H_rich     H_cntr     N_cntr     Y_surf     X_avg     eta_cntr  zones retry
   lg_dt_yr    lg_Dcntr    lg_R       lg_L3a    lg_Lneu     lg_Mdot    He_core    He_cntr    O_cntr     Z_surf     Y_avg     gam_cntr  iters bckup
     age_yr    lg_Pcntr    lg_L       lg_LZ     lg_Psurf    lg_Dsurf   C_core     C_cntr     Ne_cntr    Si_cntr    Z_avg     v_div_cs     dt_limit
__________________________________________________________________________________________________________________________________________________

save LOGS/profile1.data for model 2
         12   8.207068  1.596E+06   0.422373   0.422680   1.400000   1.400000   0.000000   0.000000   0.275200   0.032716  18.782540    782      0
  -5.834864   6.544453  -4.792968 -17.300136  -0.755568  -8.522879   0.000000   0.000000   0.000000   0.020000   0.012436 128.974929      6      0
 9.8181E-06  23.077272   0.179446  -2.727454  12.804639  -1.522785   0.000000   0.000000   0.000000   0.000687  9.548E-01 -0.112E-12      lgT_cntr

save LOGS/profile2.data for model 12
       retry log10(dt/yr), log10(dt), retry_factor     1    34       -5.396345        2.102767        0.500000
       retry log10(dt/yr), log10(dt), retry_factor     1    38       -5.396345        2.102767        0.500000
       retry log10(dt/yr), log10(dt), retry_factor     1    42       -5.396345        2.102767        0.500000
       retry log10(dt/yr), log10(dt), retry_factor     1    46       -5.396345        2.102767        0.500000
       retry log10(dt/yr), log10(dt), retry_factor     1    51       -5.095315        2.403797        0.500000
       retry log10(dt/yr), log10(dt), retry_factor     1    52       -5.095315        2.403797        0.500000
       retry log10(dt/yr), log10(dt), retry_factor     1    53       -5.095315        2.403797        0.500000
       retry log10(dt/yr), log10(dt), retry_factor     1    54       -5.095315        2.403797        0.500000
       retry log10(dt/yr), log10(dt), retry_factor     1    55       -5.095315        2.403797        0.500000
       retry log10(dt/yr), log10(dt), retry_factor     1    56       -5.095315        2.403797        0.500000
       retry log10(dt/yr), log10(dt), retry_factor     2    56       -5.396345        2.102767        0.500000
       retry log10(dt/yr), log10(dt), retry_factor     1    60       -5.396345        2.102767        0.500000
       retry log10(dt/yr), log10(dt), retry_factor     1    61       -5.697375        1.801737        0.500000
       retry log10(dt/yr), log10(dt), retry_factor     1    62       -5.998405        1.500707        0.500000
       retry log10(dt/yr), log10(dt), retry_factor     1    64       -6.299435        1.199677        0.500000
hydro_newton_step failed to accept
       retry log10(dt/yr), log10(dt), retry_factor     1    65       -6.600465        0.898647        0.500000
       retry log10(dt/yr), log10(dt), retry_factor     1    67       -6.901495        0.597617        0.500000
       retry log10(dt/yr), log10(dt), retry_factor     1    69       -7.202525        0.296587        0.500000
       retry log10(dt/yr), log10(dt), retry_factor     1    70       -7.503555       -0.004443        0.500000
       retry log10(dt/yr), log10(dt), retry_factor     1    72       -7.804585       -0.305473        0.500000
       retry log10(dt/yr), log10(dt), retry_factor     1    74       -8.105615       -0.606503        0.500000
       retry log10(dt/yr), log10(dt), retry_factor     1    75       -8.439704       -0.940592        0.500000
       retry log10(dt/yr), log10(dt), retry_factor     1   142       -8.644577       -1.145465        0.500000
       retry log10(dt/yr), log10(dt), retry_factor     1   143       -9.042517       -1.543405        0.500000
       retry log10(dt/yr), log10(dt), retry_factor     1   152       -9.050516       -1.551404        0.500000
       retry log10(dt/yr), log10(dt), retry_factor     1   159       -8.805146       -1.306034        0.500000
       retry log10(dt/yr), log10(dt), retry_factor     1   170       -8.972240       -1.473128        0.500000
       retry log10(dt/yr), log10(dt), retry_factor     1   172       -9.273270       -1.774158        0.500000
       retry log10(dt/yr), log10(dt), retry_factor     1   189       -7.348147        0.150964        0.500000
       retry log10(dt/yr), log10(dt), retry_factor     1   195       -7.691899       -0.192787        0.500000
       retry log10(dt/yr), log10(dt), retry_factor     2   195       -7.992929       -0.493817        0.500000
 have reached retry limit so now backup
hydro_newton_step failed to accept
       retry log10(dt/yr), log10(dt), retry_factor     1   200       -8.199303       -0.700192        0.500000
hydro_newton_step failed to accept
       retry log10(dt/yr), log10(dt), retry_factor     2   200       -8.500333       -1.001222        0.500000
       retry log10(dt/yr), log10(dt), retry_factor     1   202       -8.199303       -0.700192        0.500000
hydro_newton_step failed to accept
       retry log10(dt/yr), log10(dt), retry_factor     2   202       -8.500333       -1.001222        0.500000
 have reached retry limit so now backup
       retry log10(dt/yr), log10(dt), retry_factor     1   212       -7.701082       -0.201971        0.500000
       retry log10(dt/yr), log10(dt), retry_factor     2   212       -8.002112       -0.503001        0.500000
       retry log10(dt/yr), log10(dt), retry_factor     1   238       -7.735499       -0.236387        0.500000
       retry log10(dt/yr), log10(dt), retry_factor     2   238       -8.036529       -0.537417        0.500000
       retry log10(dt/yr), log10(dt), retry_factor     1   244       -7.434469        0.064643        0.500000
       retry log10(dt/yr), log10(dt), retry_factor     2   244       -7.735499       -0.236387        0.500000
 have reached retry limit so now backup
hydro_newton_step failed to accept
       retry log10(dt/yr), log10(dt), retry_factor     1   251       -7.553244       -0.054133        0.500000
       retry log10(dt/yr), log10(dt), retry_factor     2   251       -7.854274       -0.355163        0.500000
       retry log10(dt/yr), log10(dt), retry_factor     1   252       -8.155304       -0.656193        0.500000
       retry log10(dt/yr), log10(dt), retry_factor     2   252       -8.456334       -0.957223        0.500000
       retry log10(dt/yr), log10(dt), retry_factor     1   298       -5.644997        1.854115        0.500000
       retry log10(dt/yr), log10(dt), retry_factor     1   304       -5.385718        2.113394        0.500000
       retry log10(dt/yr), log10(dt), retry_factor     2   304       -5.686748        1.812364        0.500000
 have reached retry limit so now backup
       retry log10(dt/yr), log10(dt), retry_factor     1   310       -5.370583        2.128529        0.500000
       retry log10(dt/yr), log10(dt), retry_factor     2   310       -5.671613        1.827499        0.500000
 have reached retry limit so now backup
       retry log10(dt/yr), log10(dt), retry_factor     1   317       -5.373414        2.125698        0.500000
       retry log10(dt/yr), log10(dt), retry_factor     1   318       -5.771354        1.727758        0.500000
       retry log10(dt/yr), log10(dt), retry_factor     1   319       -6.072384        1.426728        0.500000
       retry log10(dt/yr), log10(dt), retry_factor     1   320       -6.373414        1.125698        0.500000
       retry log10(dt/yr), log10(dt), retry_factor     1   328       -5.519041        1.980070        0.500000
       retry log10(dt/yr), log10(dt), retry_factor     2   328       -5.820071        1.679040        0.500000
       retry log10(dt/yr), log10(dt), retry_factor     1   333       -5.519041        1.980070        0.500000
       retry log10(dt/yr), log10(dt), retry_factor     2   333       -5.820071        1.679040        0.500000
 have reached retry limit so now backup
       retry log10(dt/yr), log10(dt), retry_factor     1   339       -5.532971        1.966141        0.500000
       retry log10(dt/yr), log10(dt), retry_factor     1   340       -5.930911        1.568201        0.500000
       retry log10(dt/yr), log10(dt), retry_factor     1   346       -5.642299        1.856813        0.500000
       retry log10(dt/yr), log10(dt), retry_factor     1   347       -5.943329        1.555783        0.500000
hydro_newton_step failed to accept
       retry log10(dt/yr), log10(dt), retry_factor     2   347       -6.244359        1.254753        0.500000
 have reached retry limit so now backup
       retry log10(dt/yr), log10(dt), retry_factor     1   350       -6.545389        0.953723        0.500000
       retry log10(dt/yr), log10(dt), retry_factor     1   357       -5.972829        1.526282        0.500000
hydro_newton_step failed to accept
       retry log10(dt/yr), log10(dt), retry_factor     2   357       -6.273859        1.225252        0.500000
       retry log10(dt/yr), log10(dt), retry_factor     1   358       -6.671799        0.827312        0.500000
        363   8.435645  4.524E+06   1.948620   2.073797   1.400000   1.400000   0.000000   0.000000   0.275200   0.077756  11.926491    768     67
  -5.768709   6.606440  -4.792684   1.211195   1.158502  -8.522879   0.000000   0.000000   0.000000   0.020000   0.055802  79.908023      6      7
 5.8179E-04  23.180456   1.990220   1.127629  13.824938  -0.964953   0.000000   0.000000   0.000000   0.000687  8.664E-01 -0.374E-14  max increase

save LOGS/profile3.data for model 363
       retry log10(dt/yr), log10(dt), retry_factor     1   364       -6.258833        1.240279        0.500000
       retry log10(dt/yr), log10(dt), retry_factor     1   365       -6.656773        0.842339        0.500000
       retry log10(dt/yr), log10(dt), retry_factor     1   366       -6.957803        0.541309        0.500000
hydro_newton_step failed to accept
       retry log10(dt/yr), log10(dt), retry_factor     2   366       -7.258833        0.240279        0.500000
 have reached retry limit so now backup
       retry log10(dt/yr), log10(dt), retry_factor     1   371       -6.957803        0.541309        0.500000
       retry log10(dt/yr), log10(dt), retry_factor     1   373       -7.258833        0.240279        0.500000
       retry log10(dt/yr), log10(dt), retry_factor     1   375       -7.559863       -0.060751        0.500000
       retry log10(dt/yr), log10(dt), retry_factor     1   377       -7.907262       -0.408151        0.500000
       retry log10(dt/yr), log10(dt), retry_factor     2   377       -8.208292       -0.709181        0.500000
       retry log10(dt/yr), log10(dt), retry_factor     1   378       -8.509322       -1.010211        0.500000
       retry log10(dt/yr), log10(dt), retry_factor     2   378       -8.810352       -1.311241        0.500000
       retry log10(dt/yr), log10(dt), retry_factor     1   388       -9.054883       -1.555771        0.500000
hydro_newton_step failed to accept
       retry log10(dt/yr), log10(dt), retry_factor     1   409       -9.224552       -1.725440        0.500000
       retry log10(dt/yr), log10(dt), retry_factor     1   464       -7.460940        0.038171        0.500000
       retry log10(dt/yr), log10(dt), retry_factor     2   464       -7.761970       -0.262859        0.500000
 have reached retry limit so now backup
       retry log10(dt/yr), log10(dt), retry_factor     1   466       -8.063000       -0.563889        0.500000
       retry log10(dt/yr), log10(dt), retry_factor     2   466       -8.364030       -0.864919        0.500000
 have reached retry limit so now backup
       retry log10(dt/yr), log10(dt), retry_factor     1   466       -8.665060       -1.165949        0.500000
       retry log10(dt/yr), log10(dt), retry_factor     2   466       -8.966090       -1.466979        0.500000
 have reached retry limit so now backup
       retry log10(dt/yr), log10(dt), retry_factor     1   468       -9.267120       -1.768009        0.500000
       retry log10(dt/yr), log10(dt), retry_factor     2   468       -9.568150       -2.069039        0.500000
 have reached retry limit so now backup
       retry log10(dt/yr), log10(dt), retry_factor     1   471       -9.869180       -2.370069        0.500000
       retry log10(dt/yr), log10(dt), retry_factor     2   471      -10.170210       -2.671099        0.500000
 have reached retry limit so now backup
       retry log10(dt/yr), log10(dt), retry_factor     1   472      -10.471240       -2.972129        0.500000
       retry log10(dt/yr), log10(dt), retry_factor     1   488       -7.580616       -0.081504        0.500000
       retry log10(dt/yr), log10(dt), retry_factor     2   488       -7.881646       -0.382534        0.500000
 have reached retry limit so now backup
hydro_newton_step failed to accept
       retry log10(dt/yr), log10(dt), retry_factor     1   492       -8.433453       -0.934341        0.500000
hydro_newton_step failed to accept
       retry log10(dt/yr), log10(dt), retry_factor     2   492       -8.734483       -1.235371        0.500000
       retry log10(dt/yr), log10(dt), retry_factor     1   499       -7.884508       -0.385396        0.500000
       retry log10(dt/yr), log10(dt), retry_factor     2   499       -8.185538       -0.686426        0.500000
 bad other yaxis for History panels plot num_zones

 ERROR: failed to find log_Teff in history data

 grid1/grid1_000500.png/png
       retry log10(dt/yr), log10(dt), retry_factor     1   502       -8.486568       -0.987456        0.500000
       retry log10(dt/yr), log10(dt), retry_factor     1   542       -7.492704        0.006407        0.500000
       retry log10(dt/yr), log10(dt), retry_factor     2   542       -7.793734       -0.294623        0.500000
       retry log10(dt/yr), log10(dt), retry_factor     1   585       -5.579213        1.919899        0.500000
       retry log10(dt/yr), log10(dt), retry_factor     1   586       -5.880243        1.618869        0.500000
       retry log10(dt/yr), log10(dt), retry_factor     1   592       -5.543376        1.955736        0.500000
       retry log10(dt/yr), log10(dt), retry_factor     2   592       -5.844406        1.654706        0.500000
       retry log10(dt/yr), log10(dt), retry_factor     1   593       -6.145436        1.353676        0.500000
       retry log10(dt/yr), log10(dt), retry_factor     1   600       -5.374981        2.124131        0.500000
       retry log10(dt/yr), log10(dt), retry_factor     1   605       -5.117242        2.381870        0.500000
hydro_newton_step failed to accept
       retry log10(dt/yr), log10(dt), retry_factor     2   605       -5.418272        2.080840        0.500000
 have reached retry limit so now backup
       retry log10(dt/yr), log10(dt), retry_factor     1   610       -5.519296        1.979815        0.500000
       retry log10(dt/yr), log10(dt), retry_factor     2   610       -5.820326        1.678785        0.500000
       retry log10(dt/yr), log10(dt), retry_factor     1   611       -6.121356        1.377755        0.500000
       retry log10(dt/yr), log10(dt), retry_factor     2   611       -6.422386        1.076725        0.500000
       retry log10(dt/yr), log10(dt), retry_factor     1   618       -5.652236        1.846875        0.500000
       retry log10(dt/yr), log10(dt), retry_factor     1   622       -5.791914        1.707198        0.500000
       retry log10(dt/yr), log10(dt), retry_factor     1   627       -5.748536        1.750575        0.500000
hydro_newton_step failed to accept
       retry log10(dt/yr), log10(dt), retry_factor     1   628       -6.146476        1.352635        0.500000
hydro_newton_step failed to accept
       retry log10(dt/yr), log10(dt), retry_factor     1   633       -5.819799        1.679312        0.500000
hydro_newton_step failed to accept
       retry log10(dt/yr), log10(dt), retry_factor     1   634       -6.217739        1.281372        0.500000
       retry log10(dt/yr), log10(dt), retry_factor     1   636       -6.021156        1.477955        0.500000
       retry log10(dt/yr), log10(dt), retry_factor     2   636       -6.322186        1.176925        0.500000
 have reached retry limit so now backup
       retry log10(dt/yr), log10(dt), retry_factor     1   635       -6.623216        0.875895        0.500000
       retry log10(dt/yr), log10(dt), retry_factor     2   635       -6.924246        0.574865        0.500000
       retry log10(dt/yr), log10(dt), retry_factor     1   642       -6.021156        1.477955        0.500000
       retry log10(dt/yr), log10(dt), retry_factor     1   643       -6.322186        1.176925        0.500000
       retry log10(dt/yr), log10(dt), retry_factor     1   645       -6.720126        0.778985        0.500000
hydro_newton_step failed to accept
       retry log10(dt/yr), log10(dt), retry_factor     2   645       -7.021156        0.477955        0.500000
       retry log10(dt/yr), log10(dt), retry_factor     1   646       -7.322186        0.176925        0.500000
       retry log10(dt/yr), log10(dt), retry_factor     1   651       -7.021156        0.477955        0.500000
       retry log10(dt/yr), log10(dt), retry_factor     1   653       -7.322186        0.176925        0.500000
       retry log10(dt/yr), log10(dt), retry_factor     1   654       -7.623216       -0.124105        0.500000
       retry log10(dt/yr), log10(dt), retry_factor     1   657       -7.924246       -0.425135        0.500000
       retry log10(dt/yr), log10(dt), retry_factor     1   658       -8.322186       -0.823075        0.500000
       retry log10(dt/yr), log10(dt), retry_factor     2   658       -8.623216       -1.124105        0.500000
       retry log10(dt/yr), log10(dt), retry_factor     1   667       -8.704348       -1.205236        0.500000
       retry log10(dt/yr), log10(dt), retry_factor     1   736       -8.487005       -0.987893        0.500000
       retry log10(dt/yr), log10(dt), retry_factor     2   736       -8.788035       -1.288923        0.500000
       retry log10(dt/yr), log10(dt), retry_factor     1   753       -7.447148        0.051963        0.500000
       retry log10(dt/yr), log10(dt), retry_factor     2   753       -7.748178       -0.249067        0.500000
 have reached retry limit so now backup
       retry log10(dt/yr), log10(dt), retry_factor     1   761       -8.051839       -0.552728        0.500000
       retry log10(dt/yr), log10(dt), retry_factor     2   761       -8.352869       -0.853758        0.500000
 have reached retry limit so now backup
hydro_newton_step failed to accept
       retry log10(dt/yr), log10(dt), retry_factor     1   769       -7.792902       -0.293790        0.500000
hydro_newton_step failed to accept
       retry log10(dt/yr), log10(dt), retry_factor     2   769       -8.093932       -0.594820        0.500000
 have reached retry limit so now backup
       retry log10(dt/yr), log10(dt), retry_factor     1   797       -7.609336       -0.110225        0.500000
       retry log10(dt/yr), log10(dt), retry_factor     2   797       -7.910366       -0.411255        0.500000
       retry log10(dt/yr), log10(dt), retry_factor     1   802       -7.667299       -0.168187        0.500000
       retry log10(dt/yr), log10(dt), retry_factor     2   802       -7.968329       -0.469217        0.500000
 have reached retry limit so now backup
       retry log10(dt/yr), log10(dt), retry_factor     1   808       -7.736817       -0.237706        0.500000
       retry log10(dt/yr), log10(dt), retry_factor     2   808       -8.037847       -0.538736        0.500000
       retry log10(dt/yr), log10(dt), retry_factor     1   816       -7.522202       -0.023090        0.500000
       retry log10(dt/yr), log10(dt), retry_factor     2   816       -7.823232       -0.324120        0.500000
       retry log10(dt/yr), log10(dt), retry_factor     1   855       -6.342510        1.156601        0.500000
       retry log10(dt/yr), log10(dt), retry_factor     1   866       -5.368858        2.130254        0.500000
       retry log10(dt/yr), log10(dt), retry_factor     1   871       -5.287716        2.211396        0.500000
hydro_newton_step failed to accept
       retry log10(dt/yr), log10(dt), retry_factor     2   871       -5.588746        1.910366        0.500000
 have reached retry limit so now backup
       retry log10(dt/yr), log10(dt), retry_factor     1   876       -5.468680        2.030431        0.500000
       retry log10(dt/yr), log10(dt), retry_factor     1   881       -5.435909        2.063203        0.500000
hydro_newton_step failed to accept
       retry log10(dt/yr), log10(dt), retry_factor     1   882       -5.833849        1.665263        0.500000
       retry log10(dt/yr), log10(dt), retry_factor     1   883       -6.134879        1.364233        0.500000
       retry log10(dt/yr), log10(dt), retry_factor     2   883       -6.435909        1.063203        0.500000
       retry log10(dt/yr), log10(dt), retry_factor     1   891       -5.479131        2.019980        0.500000
hydro_newton_step failed to accept
       retry log10(dt/yr), log10(dt), retry_factor     1   894       -5.780161        1.718950        0.500000
hydro_newton_step failed to accept
       retry log10(dt/yr), log10(dt), retry_factor     2   894       -6.081191        1.417920        0.500000
       retry log10(dt/yr), log10(dt), retry_factor     1   895       -6.439883        1.059229        0.500000
       retry log10(dt/yr), log10(dt), retry_factor     2   895       -6.740913        0.758199        0.500000
hydro_newton_step failed to accept
       retry log10(dt/yr), log10(dt), retry_factor     1   902       -6.004985        1.494127        0.500000
       retry log10(dt/yr), log10(dt), retry_factor     1   903       -6.367595        1.131517        0.500000
       retry log10(dt/yr), log10(dt), retry_factor     2   903       -6.668625        0.830487        0.500000
       retry log10(dt/yr), log10(dt), retry_factor     1   911       -5.708525        1.790586        0.500000
       retry log10(dt/yr), log10(dt), retry_factor     1   912       -6.106465        1.392646        0.500000
hydro_newton_step failed to accept
       retry log10(dt/yr), log10(dt), retry_factor     2   912       -6.407495        1.091616        0.500000
 have reached retry limit so now backup
       retry log10(dt/yr), log10(dt), retry_factor     1   916       -6.448889        1.050222        0.500000
       retry log10(dt/yr), log10(dt), retry_factor     2   916       -6.749919        0.749192        0.500000
       retry log10(dt/yr), log10(dt), retry_factor     1   923       -5.988869        1.510242        0.500000
       retry log10(dt/yr), log10(dt), retry_factor     1   924       -6.352452        1.146660        0.500000
       retry log10(dt/yr), log10(dt), retry_factor     1   929       -6.101066        1.398045        0.500000
hydro_newton_step failed to accept
       retry log10(dt/yr), log10(dt), retry_factor     2   929       -6.402096        1.097015        0.500000
       retry log10(dt/yr), log10(dt), retry_factor     1   932       -6.703126        0.795985        0.500000
       retry log10(dt/yr), log10(dt), retry_factor     2   932       -7.004156        0.494955        0.500000
       retry log10(dt/yr), log10(dt), retry_factor     1   934       -7.402096        0.097015        0.500000
       retry log10(dt/yr), log10(dt), retry_factor     1   938       -7.528702       -0.029590        0.500000
       retry log10(dt/yr), log10(dt), retry_factor     2   938       -7.829732       -0.330620        0.500000
 have reached retry limit so now backup
hydro_newton_step failed to accept
       retry log10(dt/yr), log10(dt), retry_factor     1   941       -8.130762       -0.631650        0.500000
       retry log10(dt/yr), log10(dt), retry_factor     1   944       -7.660644       -0.161533        0.500000
       retry log10(dt/yr), log10(dt), retry_factor     1   947       -7.961674       -0.462563        0.500000
       retry log10(dt/yr), log10(dt), retry_factor     1   951       -8.491189       -0.992077        0.500000
       1000   8.680387  1.976E+07   3.387559   6.302518   1.400000   1.400000   0.000000   0.000000   0.275200   0.052263   6.958839    983    185
  -8.081171   6.642471  -4.790523   2.780581   4.027833  -8.522879   0.000000   0.000000   0.000000   0.020000   0.035526  46.758292      6     23
 1.1159E-03  23.258568   4.555578   6.301859  14.833030  -0.952437   0.000000   0.000000   0.000000   0.000687  9.122E-01  0.152E-08      lgT_cntr

save LOGS/profile4.data for model 1000
save photos/1000 for model 1000
 bad other yaxis for History panels plot num_zones

 ERROR: failed to find log_Teff in history data

 grid1/grid1_001000.png/png
       retry log10(dt/yr), log10(dt), retry_factor     1  1025       -7.232153        0.266959        0.500000
       retry log10(dt/yr), log10(dt), retry_factor     2  1025       -7.533183       -0.034071        0.500000
 have reached retry limit so now backup
       retry log10(dt/yr), log10(dt), retry_factor     1  1027       -7.834213       -0.335101        0.500000
       retry log10(dt/yr), log10(dt), retry_factor     2  1027       -8.135243       -0.636131        0.500000
 have reached retry limit so now backup
       retry log10(dt/yr), log10(dt), retry_factor     1  1028       -8.436273       -0.937161        0.500000
       retry log10(dt/yr), log10(dt), retry_factor     2  1028       -8.737303       -1.238191        0.500000
 have reached retry limit so now backup
       retry log10(dt/yr), log10(dt), retry_factor     1  1028       -9.038333       -1.539221        0.500000
       retry log10(dt/yr), log10(dt), retry_factor     2  1028       -9.339363       -1.840251        0.500000
 have reached retry limit so now backup
       retry log10(dt/yr), log10(dt), retry_factor     1  1028       -9.640393       -2.141281        0.500000
       retry log10(dt/yr), log10(dt), retry_factor     1  1042       -7.398255        0.100857        0.500000
hydro_newton_step failed to accept
       retry log10(dt/yr), log10(dt), retry_factor     2  1042       -7.699285       -0.200173        0.500000
       retry log10(dt/yr), log10(dt), retry_factor     1  1044       -8.194135       -0.695023        0.500000
hydro_newton_step failed to accept
       retry log10(dt/yr), log10(dt), retry_factor     1  1045       -8.495165       -0.996053        0.500000
       retry log10(dt/yr), log10(dt), retry_factor     1  1070       -7.809403       -0.310291        0.500000
hydro_newton_step failed to accept
       retry log10(dt/yr), log10(dt), retry_factor     2  1070       -8.110433       -0.611321        0.500000
 have reached retry limit so now backup
       retry log10(dt/yr), log10(dt), retry_factor     1  1076       -7.508373       -0.009261        0.500000
       retry log10(dt/yr), log10(dt), retry_factor     2  1076       -7.809403       -0.310291        0.500000
       retry log10(dt/yr), log10(dt), retry_factor     1  1084       -7.816232       -0.317121        0.500000
hydro_newton_step failed to accept
       retry log10(dt/yr), log10(dt), retry_factor     2  1084       -8.117262       -0.618151        0.500000
 have reached retry limit so now backup
       retry log10(dt/yr), log10(dt), retry_factor     1  1090       -7.515202       -0.016091        0.500000
hydro_newton_step failed to accept
       retry log10(dt/yr), log10(dt), retry_factor     2  1090       -7.816232       -0.317121        0.500000
 have reached retry limit so now backup
hydro_newton_step failed to accept
       retry log10(dt/yr), log10(dt), retry_factor     1  1096       -7.420557        0.078555        0.500000
       retry log10(dt/yr), log10(dt), retry_factor     2  1096       -7.721587       -0.222475        0.500000
 have reached retry limit so now backup
       retry log10(dt/yr), log10(dt), retry_factor     1  1141       -5.639790        1.859321        0.500000
       retry log10(dt/yr), log10(dt), retry_factor     2  1141       -5.940820        1.558291        0.500000
       retry log10(dt/yr), log10(dt), retry_factor     1  1147       -5.530769        1.968343        0.500000
       retry log10(dt/yr), log10(dt), retry_factor     1  1148       -5.928709        1.570403        0.500000
       retry log10(dt/yr), log10(dt), retry_factor     1  1149       -6.229739        1.269373        0.500000
       retry log10(dt/yr), log10(dt), retry_factor     2  1149       -6.530769        0.968343        0.500000
       retry log10(dt/yr), log10(dt), retry_factor     1  1157       -5.474122        2.024990        0.500000
       retry log10(dt/yr), log10(dt), retry_factor     1  1158       -5.872062        1.627050        0.500000
       retry log10(dt/yr), log10(dt), retry_factor     1  1159       -6.173092        1.326020        0.500000
       retry log10(dt/yr), log10(dt), retry_factor     1  1160       -6.474122        1.024990        0.500000
       retry log10(dt/yr), log10(dt), retry_factor     1  1168       -5.420623        2.078489        0.500000
       retry log10(dt/yr), log10(dt), retry_factor     2  1168       -5.721653        1.777459        0.500000
       retry log10(dt/yr), log10(dt), retry_factor     1  1169       -6.037527        1.461585        0.500000
       retry log10(dt/yr), log10(dt), retry_factor     1  1170       -6.338557        1.160555        0.500000
       retry log10(dt/yr), log10(dt), retry_factor     1  1179       -5.307223        2.191889        0.500000
       retry log10(dt/yr), log10(dt), retry_factor     2  1179       -5.608253        1.890859        0.500000
 have reached retry limit so now backup
       retry log10(dt/yr), log10(dt), retry_factor     1  1184       -5.499687        1.999424        0.500000
hydro_newton_step failed to accept
       retry log10(dt/yr), log10(dt), retry_factor     1  1185       -5.897627        1.601484        0.500000
hydro_newton_step failed to accept
       retry log10(dt/yr), log10(dt), retry_factor     2  1185       -6.198657        1.300454        0.500000
       retry log10(dt/yr), log10(dt), retry_factor     1  1186       -6.499687        0.999424        0.500000
       retry log10(dt/yr), log10(dt), retry_factor     1  1194       -5.576810        1.922301        0.500000
       retry log10(dt/yr), log10(dt), retry_factor     2  1194       -5.877840        1.621271        0.500000
hydro_newton_step failed to accept
       retry log10(dt/yr), log10(dt), retry_factor     1  1195       -6.275780        1.223331        0.500000
       retry log10(dt/yr), log10(dt), retry_factor     1  1196       -6.576810        0.922301        0.500000
hydro_newton_step failed to accept
       retry log10(dt/yr), log10(dt), retry_factor     1  1204       -5.757711        1.741400        0.500000
hydro_newton_step failed to accept
       retry log10(dt/yr), log10(dt), retry_factor     2  1204       -6.058741        1.440370        0.500000
 have reached retry limit so now backup
hydro_newton_step failed to accept
       retry log10(dt/yr), log10(dt), retry_factor     1  1208       -6.117779        1.381333        0.500000
       retry log10(dt/yr), log10(dt), retry_factor     1  1209       -6.515719        0.983393        0.500000
       retry log10(dt/yr), log10(dt), retry_factor     1  1210       -6.816749        0.682363        0.500000
hydro_newton_step failed to accept
       retry log10(dt/yr), log10(dt), retry_factor     1  1218       -5.914813        1.584299        0.500000
hydro_newton_step failed to accept
       retry log10(dt/yr), log10(dt), retry_factor     2  1218       -6.215843        1.283269        0.500000
hydro_newton_step failed to accept
       retry log10(dt/yr), log10(dt), retry_factor     1  1219       -6.613783        0.885329        0.500000
       retry log10(dt/yr), log10(dt), retry_factor     1  1223       -6.148789        1.350322        0.500000
       retry log10(dt/yr), log10(dt), retry_factor     2  1223       -6.449819        1.049292        0.500000
       retry log10(dt/yr), log10(dt), retry_factor     1  1227       -6.449819        1.049292        0.500000
       retry log10(dt/yr), log10(dt), retry_factor     1  1229       -6.750849        0.748262        0.500000
       retry log10(dt/yr), log10(dt), retry_factor     1  1231       -7.051879        0.447232        0.500000
       retry log10(dt/yr), log10(dt), retry_factor     1  1232       -7.352909        0.146202        0.500000
       retry log10(dt/yr), log10(dt), retry_factor     2  1232       -7.653939       -0.154828        0.500000
       retry log10(dt/yr), log10(dt), retry_factor     1  1236       -7.653939       -0.154828        0.500000
       retry log10(dt/yr), log10(dt), retry_factor     1  1238       -7.954969       -0.455858        0.500000
       retry log10(dt/yr), log10(dt), retry_factor     2  1238       -8.255999       -0.756888        0.500000
       retry log10(dt/yr), log10(dt), retry_factor     1  1249       -8.707514       -1.208402        0.500000
       retry log10(dt/yr), log10(dt), retry_factor     1  1296       -8.357811       -0.858700        0.500000
       retry log10(dt/yr), log10(dt), retry_factor     2  1296       -8.658841       -1.159730        0.500000
       retry log10(dt/yr), log10(dt), retry_factor     1  1298       -9.056781       -1.557670        0.500000
       retry log10(dt/yr), log10(dt), retry_factor     1  1329       -7.182077        0.317034        0.500000
hydro_newton_step failed to accept
       retry log10(dt/yr), log10(dt), retry_factor     2  1329       -7.483107        0.016004        0.500000
hydro_newton_step failed to accept
       retry log10(dt/yr), log10(dt), retry_factor     1  1334       -8.137209       -0.638098        0.500000
       retry log10(dt/yr), log10(dt), retry_factor     2  1334       -8.438239       -0.939128        0.500000
hydro_newton_step failed to accept
       retry log10(dt/yr), log10(dt), retry_factor     1  1340       -7.972785       -0.473673        0.500000
hydro_newton_step failed to accept
       retry log10(dt/yr), log10(dt), retry_factor     2  1340       -8.273815       -0.774703        0.500000
 have reached retry limit so now backup
       retry log10(dt/yr), log10(dt), retry_factor     1  1348       -7.753010       -0.253898        0.500000
       retry log10(dt/yr), log10(dt), retry_factor     2  1348       -8.054040       -0.554928        0.500000
       retry log10(dt/yr), log10(dt), retry_factor     1  1376       -7.388132        0.110980        0.500000
       retry log10(dt/yr), log10(dt), retry_factor     2  1376       -7.689162       -0.190050        0.500000
 have reached retry limit so now backup
       retry log10(dt/yr), log10(dt), retry_factor     1  1381       -7.388132        0.110980        0.500000
       retry log10(dt/yr), log10(dt), retry_factor     1  1382       -7.689162       -0.190050        0.500000
       retry log10(dt/yr), log10(dt), retry_factor     2  1382       -7.990192       -0.491080        0.500000
       retry log10(dt/yr), log10(dt), retry_factor     1  1390       -7.434490        0.064622        0.500000
       retry log10(dt/yr), log10(dt), retry_factor     2  1390       -7.735520       -0.236408        0.500000
       retry log10(dt/yr), log10(dt), retry_factor     1  1402       -7.250012        0.249100        0.500000
       retry log10(dt/yr), log10(dt), retry_factor     2  1402       -7.551042       -0.051930        0.500000
       retry log10(dt/yr), log10(dt), retry_factor     1  1437       -5.425678        2.073433        0.500000
       retry log10(dt/yr), log10(dt), retry_factor     2  1437       -5.726708        1.772403        0.500000
 have reached retry limit so now backup
       retry log10(dt/yr), log10(dt), retry_factor     1  1442       -5.548313        1.950799        0.500000
       retry log10(dt/yr), log10(dt), retry_factor     1  1447       -5.547915        1.951196        0.500000
       retry log10(dt/yr), log10(dt), retry_factor     1  1453       -5.427792        2.071319        0.500000
       retry log10(dt/yr), log10(dt), retry_factor     1  1458       -5.309329        2.189782        0.500000
       retry log10(dt/yr), log10(dt), retry_factor     1  1459       -5.707269        1.791842        0.500000
       retry log10(dt/yr), log10(dt), retry_factor     1  1464       -5.680133        1.818979        0.500000
       retry log10(dt/yr), log10(dt), retry_factor     2  1464       -5.981163        1.517949        0.500000
       retry log10(dt/yr), log10(dt), retry_factor     1  1465       -6.282193        1.216919        0.500000
hydro_newton_step failed to accept
       retry log10(dt/yr), log10(dt), retry_factor     1  1471       -5.984200        1.514912        0.500000
hydro_newton_step failed to accept
       retry log10(dt/yr), log10(dt), retry_factor     2  1471       -6.285230        1.213882        0.500000
       retry log10(dt/yr), log10(dt), retry_factor     1  1474       -5.748341        1.750771        0.500000
       retry log10(dt/yr), log10(dt), retry_factor     1  1478       -5.748341        1.750771        0.500000
       retry log10(dt/yr), log10(dt), retry_factor     1  1479       -6.049371        1.449741        0.500000
       retry log10(dt/yr), log10(dt), retry_factor     1  1480       -6.447311        1.051801        0.500000
       retry log10(dt/yr), log10(dt), retry_factor     2  1480       -6.748341        0.750771        0.500000
       retry log10(dt/yr), log10(dt), retry_factor     1  1481       -7.053968        0.445144        0.500000
       retry log10(dt/yr), log10(dt), retry_factor     1  1488       -6.150878        1.348234        0.500000
       retry log10(dt/yr), log10(dt), retry_factor     1  1489       -6.451908        1.047204        0.500000
       retry log10(dt/yr), log10(dt), retry_factor     2  1489       -6.752938        0.746174        0.500000
       retry log10(dt/yr), log10(dt), retry_factor     1  1492       -7.053968        0.445144        0.500000
       retry log10(dt/yr), log10(dt), retry_factor     2  1492       -7.354998        0.144114        0.500000
       retry log10(dt/yr), log10(dt), retry_factor     1  1495       -7.656028       -0.156916        0.500000
       retry log10(dt/yr), log10(dt), retry_factor     1  1498       -7.957058       -0.457946        0.500000
       retry log10(dt/yr), log10(dt), retry_factor     2  1498       -8.258088       -0.758976        0.500000
 have reached retry limit so now backup
 bad other yaxis for History panels plot num_zones

 ERROR: failed to find log_Teff in history data

 grid1/grid1_001500.png/png
       retry log10(dt/yr), log10(dt), retry_factor     1  1504       -8.189966       -0.690854        0.500000
       retry log10(dt/yr), log10(dt), retry_factor     1  1505       -8.504473       -1.005361        0.500000
hydro_newton_step failed to accept
       retry log10(dt/yr), log10(dt), retry_factor     2  1505       -8.805503       -1.306391        0.500000
       retry log10(dt/yr), log10(dt), retry_factor     1  1513       -8.924177       -1.425066        0.500000
       retry log10(dt/yr), log10(dt), retry_factor     1  1544       -8.907646       -1.408535        0.500000
       retry log10(dt/yr), log10(dt), retry_factor     1  1586       -7.129194        0.369917        0.500000
hydro_newton_step failed to accept
       retry log10(dt/yr), log10(dt), retry_factor     2  1586       -7.430224        0.068887        0.500000
 have reached retry limit so now backup
       retry log10(dt/yr), log10(dt), retry_factor     1  1592       -7.541805       -0.042694        0.500000
       retry log10(dt/yr), log10(dt), retry_factor     2  1592       -7.842835       -0.343724        0.500000
 have reached retry limit so now backup
hydro_newton_step failed to accept
       retry log10(dt/yr), log10(dt), retry_factor     1  1597       -8.050555       -0.551443        0.500000
       retry log10(dt/yr), log10(dt), retry_factor     2  1597       -8.351585       -0.852473        0.500000
 have reached retry limit so now backup
hydro_newton_step failed to accept
       retry log10(dt/yr), log10(dt), retry_factor     1  1596       -8.652615       -1.153503        0.500000
hydro_newton_step failed to accept
       retry log10(dt/yr), log10(dt), retry_factor     1  1606       -7.972038       -0.472927        0.500000
hydro_newton_step failed to accept
       retry log10(dt/yr), log10(dt), retry_factor     2  1606       -8.273068       -0.773957        0.500000
       retry log10(dt/yr), log10(dt), retry_factor     1  1610       -7.915084       -0.415972        0.500000
       retry log10(dt/yr), log10(dt), retry_factor     2  1610       -8.216114       -0.717002        0.500000
 have reached retry limit so now backup
       retry log10(dt/yr), log10(dt), retry_factor     1  1617       -7.755288       -0.256177        0.500000
       retry log10(dt/yr), log10(dt), retry_factor     2  1617       -8.056318       -0.557207        0.500000
 have reached retry limit so now backup
hydro_newton_step failed to accept
       retry log10(dt/yr), log10(dt), retry_factor     1  1645       -7.743194       -0.244082        0.500000
       retry log10(dt/yr), log10(dt), retry_factor     2  1645       -8.044224       -0.545112        0.500000
 have reached retry limit so now backup
       retry log10(dt/yr), log10(dt), retry_factor     1  1652       -7.535158       -0.036046        0.500000
       retry log10(dt/yr), log10(dt), retry_factor     1  1656       -7.620425       -0.121313        0.500000
       retry log10(dt/yr), log10(dt), retry_factor     1  1661       -7.319395        0.179717        0.500000
       retry log10(dt/yr), log10(dt), retry_factor     1  1662       -7.620425       -0.121313        0.500000
       retry log10(dt/yr), log10(dt), retry_factor     2  1662       -7.921455       -0.422343        0.500000
 have reached retry limit so now backup
       retry log10(dt/yr), log10(dt), retry_factor     1  1664       -8.222485       -0.723373        0.500000
       retry log10(dt/yr), log10(dt), retry_factor     1  1711       -5.293042        2.206069        0.500000
       retry log10(dt/yr), log10(dt), retry_factor     2  1711       -5.594072        1.905039        0.500000
 have reached retry limit so now backup
       retry log10(dt/yr), log10(dt), retry_factor     1  1713       -5.992012        1.507099        0.500000
       retry log10(dt/yr), log10(dt), retry_factor     1  1719       -5.389953        2.109159        0.500000
       retry log10(dt/yr), log10(dt), retry_factor     2  1719       -5.690983        1.808129        0.500000
 have reached retry limit so now backup
       retry log10(dt/yr), log10(dt), retry_factor     1  1725       -5.552528        1.946584        0.500000
       retry log10(dt/yr), log10(dt), retry_factor     2  1725       -5.853558        1.645554        0.500000
       retry log10(dt/yr), log10(dt), retry_factor     1  1726       -6.154588        1.344524        0.500000
       retry log10(dt/yr), log10(dt), retry_factor     2  1726       -6.455618        1.043494        0.500000
       retry log10(dt/yr), log10(dt), retry_factor     1  1739       -5.412874        2.086237        0.500000
       retry log10(dt/yr), log10(dt), retry_factor     1  1740       -5.713904        1.785207        0.500000
       retry log10(dt/yr), log10(dt), retry_factor     1  1745       -5.509784        1.989327        0.500000
       retry log10(dt/yr), log10(dt), retry_factor     1  1746       -5.810814        1.688297        0.500000
       retry log10(dt/yr), log10(dt), retry_factor     1  1751       -5.603808        1.895303        0.500000
       retry log10(dt/yr), log10(dt), retry_factor     1  1752       -5.904838        1.594273        0.500000
hydro_newton_step failed to accept
       retry log10(dt/yr), log10(dt), retry_factor     1  1753       -6.302778        1.196333        0.500000
       retry log10(dt/yr), log10(dt), retry_factor     1  1759       -5.613828        1.885284        0.500000
       retry log10(dt/yr), log10(dt), retry_factor     2  1759       -5.914858        1.584254        0.500000
 have reached retry limit so now backup
       retry log10(dt/yr), log10(dt), retry_factor     1  1764       -5.921352        1.577759        0.500000
       retry log10(dt/yr), log10(dt), retry_factor     2  1764       -6.222382        1.276729        0.500000
hydro_newton_step failed to accept
       retry log10(dt/yr), log10(dt), retry_factor     1  1765       -6.620322        0.878789        0.500000
       retry log10(dt/yr), log10(dt), retry_factor     1  1766       -7.018262        0.480849        0.500000
       retry log10(dt/yr), log10(dt), retry_factor     1  1772       -6.416202        1.082909        0.500000
       retry log10(dt/yr), log10(dt), retry_factor     1  1774       -6.717232        0.781879        0.500000
       retry log10(dt/yr), log10(dt), retry_factor     1  1775       -7.101544        0.397567        0.500000
       retry log10(dt/yr), log10(dt), retry_factor     1  1779       -7.182810        0.316302        0.500000
       retry log10(dt/yr), log10(dt), retry_factor     1  1780       -7.483840        0.015272        0.500000
       retry log10(dt/yr), log10(dt), retry_factor     1  1783       -7.815432       -0.316321        0.500000
       retry log10(dt/yr), log10(dt), retry_factor     2  1783       -8.116462       -0.617351        0.500000
       retry log10(dt/yr), log10(dt), retry_factor     1  1784       -8.514402       -1.015291        0.500000
hydro_newton_step failed to accept
       retry log10(dt/yr), log10(dt), retry_factor     1  1812       -9.243222       -1.744111        0.500000
       retry log10(dt/yr), log10(dt), retry_factor     1  1835       -8.695915       -1.196803        0.500000
       retry log10(dt/yr), log10(dt), retry_factor     2  1835       -8.996945       -1.497833        0.500000
 have reached retry limit so now backup
       retry log10(dt/yr), log10(dt), retry_factor     1  1839       -9.186716       -1.687604        0.500000
       retry log10(dt/yr), log10(dt), retry_factor     1  1847       -8.546535       -1.047424        0.500000
       retry log10(dt/yr), log10(dt), retry_factor     2  1847       -8.847565       -1.348454        0.500000
 have reached retry limit so now backup
hydro_newton_step failed to accept
       retry log10(dt/yr), log10(dt), retry_factor     1  1862       -8.638857       -1.139745        0.500000
hydro_newton_step failed to accept
       retry log10(dt/yr), log10(dt), retry_factor     1  1867       -8.742253       -1.243141        0.500000
hydro_newton_step failed to accept
       retry log10(dt/yr), log10(dt), retry_factor     1  1869       -8.638938       -1.139826        0.500000
       retry log10(dt/yr), log10(dt), retry_factor     2  1869       -8.939968       -1.440856        0.500000
hydro_newton_step failed to accept
       retry log10(dt/yr), log10(dt), retry_factor     1  1873       -8.949817       -1.450706        0.500000
       retry log10(dt/yr), log10(dt), retry_factor     2  1873       -9.250847       -1.751736        0.500000
 have reached retry limit so now backup
hydro_newton_step failed to accept
       retry log10(dt/yr), log10(dt), retry_factor     1  1879       -8.648787       -1.149676        0.500000
       retry log10(dt/yr), log10(dt), retry_factor     2  1879       -8.949817       -1.450706        0.500000
 have reached retry limit so now backup
       retry log10(dt/yr), log10(dt), retry_factor     1  1900       -7.198759        0.300352        0.500000
hydro_newton_step failed to accept
       retry log10(dt/yr), log10(dt), retry_factor     2  1900       -7.499789       -0.000678        0.500000
hydro_newton_step failed to accept
       retry log10(dt/yr), log10(dt), retry_factor     1  1905       -8.157225       -0.658114        0.500000
hydro_newton_step failed to accept
       retry log10(dt/yr), log10(dt), retry_factor     2  1905       -8.458255       -0.959144        0.500000
hydro_newton_step failed to accept
       retry log10(dt/yr), log10(dt), retry_factor     1  1911       -8.012784       -0.513673        0.500000
hydro_newton_step failed to accept
       retry log10(dt/yr), log10(dt), retry_factor     2  1911       -8.313814       -0.814703        0.500000
 have reached retry limit so now backup
       retry log10(dt/yr), log10(dt), retry_factor     1  1939       -7.585294       -0.086182        0.500000
       retry log10(dt/yr), log10(dt), retry_factor     2  1939       -7.886324       -0.387212        0.500000
       retry log10(dt/yr), log10(dt), retry_factor     1  1941       -8.187354       -0.688242        0.500000
       retry log10(dt/yr), log10(dt), retry_factor     2  1941       -8.488384       -0.989272        0.500000
 have reached retry limit so now backup
       retry log10(dt/yr), log10(dt), retry_factor     1  1949       -7.610227       -0.111116        0.500000
       retry log10(dt/yr), log10(dt), retry_factor     1  1950       -7.911257       -0.412146        0.500000
       retry log10(dt/yr), log10(dt), retry_factor     1  1956       -7.664627       -0.165515        0.500000
       retry log10(dt/yr), log10(dt), retry_factor     2  1956       -7.965657       -0.466545        0.500000
       retry log10(dt/yr), log10(dt), retry_factor     1  1962       -7.694024       -0.194913        0.500000
       retry log10(dt/yr), log10(dt), retry_factor     2  1962       -7.995054       -0.495943        0.500000
       retry log10(dt/yr), log10(dt), retry_factor     1  1967       -7.694024       -0.194913        0.500000
hydro_newton_step failed to accept
       retry log10(dt/yr), log10(dt), retry_factor     1  1972       -7.392994        0.106117        0.500000
       retry log10(dt/yr), log10(dt), retry_factor     2  1972       -7.694024       -0.194913        0.500000
 have reached retry limit so now backup
       retry log10(dt/yr), log10(dt), retry_factor     1  1973       -7.995054       -0.495943        0.500000
       retry log10(dt/yr), log10(dt), retry_factor     2  1973       -8.296084       -0.796973        0.500000
       2000   8.588336  5.113E+06   1.280400   1.783192   1.400000   1.400000   0.000000   0.000000   0.275200   0.015864   9.570559   1184    388
  -6.116004   6.716964  -4.792674  -0.030860   1.334170  -8.522879   0.000000   0.000000   0.000000   0.020000   0.016029  61.198504      6     54
 1.9228E-03  23.355373   2.202874   1.609561  13.958584  -0.885888   0.000000   0.000000   0.000000   0.000687  9.681E-01  0.283E-14    varcontrol

save LOGS/profile5.data for model 2000
save photos/2000 for model 2000
 bad other yaxis for History panels plot num_zones

 ERROR: failed to find log_Teff in history data

 grid1/grid1_002000.png/png
       retry log10(dt/yr), log10(dt), retry_factor     1  2020       -5.668206        1.830905        0.500000
       retry log10(dt/yr), log10(dt), retry_factor     2  2020       -5.969236        1.529875        0.500000
 have reached retry limit so now backup
       retry log10(dt/yr), log10(dt), retry_factor     1  2022       -6.270266        1.228845        0.500000
       retry log10(dt/yr), log10(dt), retry_factor     1  2029       -5.554480        1.944631        0.500000
       retry log10(dt/yr), log10(dt), retry_factor     1  2030       -5.952420        1.546691        0.500000
       retry log10(dt/yr), log10(dt), retry_factor     1  2036       -5.440032        2.059079        0.500000
       retry log10(dt/yr), log10(dt), retry_factor     1  2038       -5.854443        1.644669        0.500000
hydro_newton_step failed to accept
       retry log10(dt/yr), log10(dt), retry_factor     2  2038       -6.155473        1.343639        0.500000
       retry log10(dt/yr), log10(dt), retry_factor     1  2039       -6.456503        1.042609        0.500000
       retry log10(dt/yr), log10(dt), retry_factor     1  2047       -5.499102        2.000009        0.500000
       retry log10(dt/yr), log10(dt), retry_factor     1  2053       -5.403063        2.096048        0.500000
hydro_newton_step failed to accept
       retry log10(dt/yr), log10(dt), retry_factor     1  2055       -5.801003        1.698108        0.500000
       retry log10(dt/yr), log10(dt), retry_factor     1  2059       -5.486414        2.012698        0.500000
       retry log10(dt/yr), log10(dt), retry_factor     1  2060       -5.864851        1.634261        0.500000
       retry log10(dt/yr), log10(dt), retry_factor     1  2066       -5.673429        1.825683        0.500000
       retry log10(dt/yr), log10(dt), retry_factor     2  2066       -5.974459        1.524653        0.500000
 have reached retry limit so now backup
       retry log10(dt/yr), log10(dt), retry_factor     1  2070       -6.021927        1.477185        0.500000
hydro_newton_step failed to accept
       retry log10(dt/yr), log10(dt), retry_factor     1  2071       -6.379572        1.119539        0.500000
       retry log10(dt/yr), log10(dt), retry_factor     1  2072       -6.680602        0.818509        0.500000
       retry log10(dt/yr), log10(dt), retry_factor     1  2079       -5.777512        1.721599        0.500000
       retry log10(dt/yr), log10(dt), retry_factor     1  2081       -6.078542        1.420569        0.500000
hydro_newton_step failed to accept
       retry log10(dt/yr), log10(dt), retry_factor     1  2082       -6.476482        1.022629        0.500000
hydro_newton_step failed to accept
       retry log10(dt/yr), log10(dt), retry_factor     1  2085       -6.874422        0.624689        0.500000
hydro_newton_step failed to accept
       retry log10(dt/yr), log10(dt), retry_factor     1  2087       -6.692833        0.806278        0.500000
       retry log10(dt/yr), log10(dt), retry_factor     1  2088       -6.692833        0.806278        0.500000
       retry log10(dt/yr), log10(dt), retry_factor     1  2089       -6.993863        0.505248        0.500000
       retry log10(dt/yr), log10(dt), retry_factor     1  2090       -7.294893        0.204218        0.500000
       retry log10(dt/yr), log10(dt), retry_factor     1  2092       -7.595923       -0.096812        0.500000
       retry log10(dt/yr), log10(dt), retry_factor     1  2096       -7.819035       -0.319924        0.500000
       retry log10(dt/yr), log10(dt), retry_factor     2  2096       -8.120065       -0.620954        0.500000
       retry log10(dt/yr), log10(dt), retry_factor     1  2097       -8.421095       -0.921984        0.500000
       retry log10(dt/yr), log10(dt), retry_factor     1  2108       -8.577799       -1.078688        0.500000
       retry log10(dt/yr), log10(dt), retry_factor     1  2131       -9.208257       -1.709145        0.500000
hydro_newton_step failed to accept
       retry log10(dt/yr), log10(dt), retry_factor     1  2181       -7.445377        0.053735        0.500000
       retry log10(dt/yr), log10(dt), retry_factor     1  2182       -7.843317       -0.344205        0.500000
       retry log10(dt/yr), log10(dt), retry_factor     1  2183       -8.241257       -0.742145        0.500000
hydro_newton_step failed to accept
       retry log10(dt/yr), log10(dt), retry_factor     2  2183       -8.542287       -1.043175        0.500000
 have reached retry limit so now backup
       retry log10(dt/yr), log10(dt), retry_factor     1  2192       -8.237537       -0.738426        0.500000
       retry log10(dt/yr), log10(dt), retry_factor     1  2194       -8.538567       -1.039456        0.500000
hydro_newton_step failed to accept
       retry log10(dt/yr), log10(dt), retry_factor     1  2232       -7.798243       -0.299131        0.500000
       retry log10(dt/yr), log10(dt), retry_factor     1  2236       -7.566792       -0.067681        0.500000
       retry log10(dt/yr), log10(dt), retry_factor     2  2236       -7.867822       -0.368710        0.500000
       retry log10(dt/yr), log10(dt), retry_factor     1  2255       -7.086395        0.412716        0.500000
       retry log10(dt/yr), log10(dt), retry_factor     2  2255       -7.387425        0.111686        0.500000
       retry log10(dt/yr), log10(dt), retry_factor     1  2256       -7.688455       -0.189344        0.500000
       retry log10(dt/yr), log10(dt), retry_factor     2  2256       -7.989485       -0.490374        0.500000
       retry log10(dt/yr), log10(dt), retry_factor     1  2292       -5.808480        1.690632        0.500000
       retry log10(dt/yr), log10(dt), retry_factor     2  2292       -6.109510        1.389602        0.500000
       retry log10(dt/yr), log10(dt), retry_factor     1  2293       -6.410540        1.088572        0.500000
       retry log10(dt/yr), log10(dt), retry_factor     1  2301       -5.443838        2.055274        0.500000
hydro_newton_step failed to accept
       retry log10(dt/yr), log10(dt), retry_factor     2  2301       -5.744868        1.754244        0.500000
 have reached retry limit so now backup
       retry log10(dt/yr), log10(dt), retry_factor     1  2307       -5.535088        1.964024        0.500000
hydro_newton_step failed to accept
       retry log10(dt/yr), log10(dt), retry_factor     2  2307       -5.836118        1.662994        0.500000
       retry log10(dt/yr), log10(dt), retry_factor     1  2313       -5.538746        1.960366        0.500000
       retry log10(dt/yr), log10(dt), retry_factor     1  2317       -5.585414        1.913697        0.500000
       retry log10(dt/yr), log10(dt), retry_factor     1  2322       -5.528630        1.970481        0.500000
hydro_newton_step failed to accept
       retry log10(dt/yr), log10(dt), retry_factor     1  2323       -5.926570        1.572541        0.500000
       retry log10(dt/yr), log10(dt), retry_factor     1  2324       -6.227600        1.271511        0.500000
       retry log10(dt/yr), log10(dt), retry_factor     1  2331       -5.511683        1.987429        0.500000
       retry log10(dt/yr), log10(dt), retry_factor     1  2332       -5.909623        1.589489        0.500000
hydro_newton_step failed to accept
       retry log10(dt/yr), log10(dt), retry_factor     2  2332       -6.210653        1.288459        0.500000
       retry log10(dt/yr), log10(dt), retry_factor     1  2333       -6.518777        0.980334        0.500000
       retry log10(dt/yr), log10(dt), retry_factor     1  2341       -5.519492        1.979620        0.500000
hydro_newton_step failed to accept
       retry log10(dt/yr), log10(dt), retry_factor     1  2342       -5.917432        1.581680        0.500000
hydro_newton_step failed to accept
       retry log10(dt/yr), log10(dt), retry_factor     2  2342       -6.218462        1.280650        0.500000
       retry log10(dt/yr), log10(dt), retry_factor     1  2343       -6.519492        0.979620        0.500000
       retry log10(dt/yr), log10(dt), retry_factor     2  2343       -6.820522        0.678590        0.500000
       retry log10(dt/yr), log10(dt), retry_factor     1  2351       -5.750396        1.748715        0.500000
hydro_newton_step failed to accept
       retry log10(dt/yr), log10(dt), retry_factor     1  2352       -6.122453        1.376659        0.500000
       retry log10(dt/yr), log10(dt), retry_factor     1  2353       -6.520393        0.978719        0.500000
       retry log10(dt/yr), log10(dt), retry_factor     1  2359       -5.918333        1.580779        0.500000
       retry log10(dt/yr), log10(dt), retry_factor     1  2360       -6.219363        1.279749        0.500000
       retry log10(dt/yr), log10(dt), retry_factor     1  2361       -6.617303        0.881809        0.500000
       retry log10(dt/yr), log10(dt), retry_factor     2  2361       -6.918333        0.580779        0.500000
       retry log10(dt/yr), log10(dt), retry_factor     1  2362       -7.316273        0.182839        0.500000
       retry log10(dt/yr), log10(dt), retry_factor     1  2368       -6.846710        0.652402        0.500000
       retry log10(dt/yr), log10(dt), retry_factor     2  2368       -7.147740        0.351372        0.500000
       retry log10(dt/yr), log10(dt), retry_factor     1  2369       -7.448770        0.050342        0.500000
       retry log10(dt/yr), log10(dt), retry_factor     1  2372       -7.749800       -0.250688        0.500000
       retry log10(dt/yr), log10(dt), retry_factor     1  2374       -8.050830       -0.551718        0.500000
       retry log10(dt/yr), log10(dt), retry_factor     1  2375       -8.365031       -0.865920        0.500000
       retry log10(dt/yr), log10(dt), retry_factor     1  2385       -8.623792       -1.124681        0.500000
       retry log10(dt/yr), log10(dt), retry_factor     1  2462       -7.589861       -0.090750        0.500000
       retry log10(dt/yr), log10(dt), retry_factor     2  2462       -7.890891       -0.391780        0.500000
 have reached retry limit so now backup
       retry log10(dt/yr), log10(dt), retry_factor     1  2466       -8.244482       -0.745370        0.500000
hydro_newton_step failed to accept
       retry log10(dt/yr), log10(dt), retry_factor     2  2466       -8.545512       -1.046400        0.500000
       retry log10(dt/yr), log10(dt), retry_factor     1  2498       -7.856350       -0.357239        0.500000
hydro_newton_step failed to accept
       retry log10(dt/yr), log10(dt), retry_factor     2  2498       -8.157380       -0.658269        0.500000
 bad other yaxis for History panels plot num_zones

 ERROR: failed to find log_Teff in history data

 grid1/grid1_002500.png/png
       retry log10(dt/yr), log10(dt), retry_factor     1  2504       -7.555320       -0.056209        0.500000
       retry log10(dt/yr), log10(dt), retry_factor     2  2504       -7.856350       -0.357239        0.500000
 have reached retry limit so now backup
       retry log10(dt/yr), log10(dt), retry_factor     1  2509       -7.555320       -0.056209        0.500000
       retry log10(dt/yr), log10(dt), retry_factor     2  2509       -7.856350       -0.357239        0.500000
       retry log10(dt/yr), log10(dt), retry_factor     1  2514       -7.555320       -0.056209        0.500000
       retry log10(dt/yr), log10(dt), retry_factor     2  2514       -7.856350       -0.357239        0.500000
       retry log10(dt/yr), log10(dt), retry_factor     1  2519       -7.555320       -0.056209        0.500000
hydro_newton_step failed to accept
       retry log10(dt/yr), log10(dt), retry_factor     1  2525       -7.417096        0.082016        0.500000
       retry log10(dt/yr), log10(dt), retry_factor     2  2525       -7.718126       -0.219014        0.500000
 have reached retry limit so now backup
       retry log10(dt/yr), log10(dt), retry_factor     1  2535       -7.214214        0.284898        0.500000
       retry log10(dt/yr), log10(dt), retry_factor     2  2535       -7.515244       -0.016132        0.500000
 have reached retry limit so now backup
       retry log10(dt/yr), log10(dt), retry_factor     1  2537       -7.816274       -0.317162        0.500000
       retry log10(dt/yr), log10(dt), retry_factor     1  2579       -5.587370        1.911742        0.500000
       retry log10(dt/yr), log10(dt), retry_factor     1  2583       -5.646065        1.853047        0.500000
       retry log10(dt/yr), log10(dt), retry_factor     1  2584       -6.044005        1.455107        0.500000
       retry log10(dt/yr), log10(dt), retry_factor     1  2585       -6.345035        1.154077        0.500000
       retry log10(dt/yr), log10(dt), retry_factor     1  2591       -5.872357        1.626755        0.500000
       retry log10(dt/yr), log10(dt), retry_factor     1  2592       -6.173387        1.325725        0.500000
       retry log10(dt/yr), log10(dt), retry_factor     1  2599       -5.527634        1.971477        0.500000
hydro_newton_step failed to accept
       retry log10(dt/yr), log10(dt), retry_factor     2  2599       -5.828664        1.670447        0.500000
       retry log10(dt/yr), log10(dt), retry_factor     1  2600       -6.226604        1.272507        0.500000
       retry log10(dt/yr), log10(dt), retry_factor     1  2601       -6.527634        0.971477        0.500000
       retry log10(dt/yr), log10(dt), retry_factor     1  2609       -5.323514        2.175597        0.500000
       retry log10(dt/yr), log10(dt), retry_factor     1  2610       -5.624544        1.874567        0.500000
       retry log10(dt/yr), log10(dt), retry_factor     1  2615       -5.399412        2.099700        0.500000
       retry log10(dt/yr), log10(dt), retry_factor     1  2617       -5.700442        1.798670        0.500000
       retry log10(dt/yr), log10(dt), retry_factor     2  2617       -6.001472        1.497640        0.500000
 have reached retry limit so now backup
       retry log10(dt/yr), log10(dt), retry_factor     1  2620       -6.399412        1.099700        0.500000
       retry log10(dt/yr), log10(dt), retry_factor     1  2621       -6.700442        0.798670        0.500000
       retry log10(dt/yr), log10(dt), retry_factor     1  2629       -5.496322        2.002790        0.500000
       retry log10(dt/yr), log10(dt), retry_factor     1  2631       -5.797352        1.701760        0.500000
hydro_newton_step failed to accept
       retry log10(dt/yr), log10(dt), retry_factor     2  2631       -6.098382        1.400730        0.500000
 have reached retry limit so now backup
       retry log10(dt/yr), log10(dt), retry_factor     1  2634       -6.496322        1.002790        0.500000
       retry log10(dt/yr), log10(dt), retry_factor     1  2635       -6.797352        0.701760        0.500000
       retry log10(dt/yr), log10(dt), retry_factor     1  2643       -5.725232        1.773880        0.500000
       retry log10(dt/yr), log10(dt), retry_factor     1  2644       -6.106259        1.392852        0.500000
       retry log10(dt/yr), log10(dt), retry_factor     1  2650       -5.802984        1.696127        0.500000
       retry log10(dt/yr), log10(dt), retry_factor     2  2650       -6.104014        1.395097        0.500000
 have reached retry limit so now backup
hydro_newton_step failed to accept
       retry log10(dt/yr), log10(dt), retry_factor     1  2653       -6.501954        0.997157        0.500000
       retry log10(dt/yr), log10(dt), retry_factor     1  2656       -5.991723        1.507389        0.500000
       retry log10(dt/yr), log10(dt), retry_factor     2  2656       -6.292753        1.206359        0.500000
       retry log10(dt/yr), log10(dt), retry_factor     1  2658       -6.593783        0.905329        0.500000
       retry log10(dt/yr), log10(dt), retry_factor     1  2660       -6.894813        0.604299        0.500000
       retry log10(dt/yr), log10(dt), retry_factor     1  2661       -7.195843        0.303269        0.500000
       retry log10(dt/yr), log10(dt), retry_factor     1  2662       -7.562224       -0.063112        0.500000
       retry log10(dt/yr), log10(dt), retry_factor     1  2664       -7.959122       -0.460010        0.500000
       retry log10(dt/yr), log10(dt), retry_factor     2  2664       -8.260152       -0.761040        0.500000
 have reached retry limit so now backup
       retry log10(dt/yr), log10(dt), retry_factor     1  2668       -8.260152       -0.761040        0.500000
       retry log10(dt/yr), log10(dt), retry_factor     2  2668       -8.561182       -1.062070        0.500000
 have reached retry limit so now backup
       retry log10(dt/yr), log10(dt), retry_factor     1  2675       -7.658092       -0.158980        0.500000
       retry log10(dt/yr), log10(dt), retry_factor     1  2676       -7.959122       -0.460010        0.500000
       retry log10(dt/yr), log10(dt), retry_factor     1  2677       -8.260152       -0.761040        0.500000
hydro_newton_step failed to accept
       retry log10(dt/yr), log10(dt), retry_factor     1  2715       -9.288023       -1.788911        0.500000
hydro_newton_step failed to accept
       retry log10(dt/yr), log10(dt), retry_factor     1  2716       -9.288023       -1.788911        0.500000
       retry log10(dt/yr), log10(dt), retry_factor     1  2757       -8.150316       -0.651205        0.500000
       retry log10(dt/yr), log10(dt), retry_factor     2  2757       -8.451346       -0.952235        0.500000
 have reached retry limit so now backup
       retry log10(dt/yr), log10(dt), retry_factor     1  2761       -8.451346       -0.952235        0.500000
       retry log10(dt/yr), log10(dt), retry_factor     2  2761       -8.752376       -1.253265        0.500000
 have reached retry limit so now backup
       retry log10(dt/yr), log10(dt), retry_factor     1  2761       -9.053406       -1.554295        0.500000
       retry log10(dt/yr), log10(dt), retry_factor     2  2761       -9.354436       -1.855325        0.500000
 have reached retry limit so now backup
       retry log10(dt/yr), log10(dt), retry_factor     1  2764       -9.655466       -2.156355        0.500000
       retry log10(dt/yr), log10(dt), retry_factor     2  2764       -9.956496       -2.457385        0.500000
 have reached retry limit so now backup
       retry log10(dt/yr), log10(dt), retry_factor     1  2764      -10.257526       -2.758415        0.500000
       retry log10(dt/yr), log10(dt), retry_factor     2  2764      -10.558556       -3.059445        0.500000
 have reached retry limit so now backup
       retry log10(dt/yr), log10(dt), retry_factor     1  2767      -10.859586       -3.360475        0.500000
       retry log10(dt/yr), log10(dt), retry_factor     2  2767      -11.160616       -3.661505        0.500000
       retry log10(dt/yr), log10(dt), retry_factor     1  2791       -7.835930       -0.336818        0.500000
       retry log10(dt/yr), log10(dt), retry_factor     2  2791       -8.136960       -0.637848        0.500000
hydro_newton_step failed to accept
       retry log10(dt/yr), log10(dt), retry_factor     1  2792       -8.493290       -0.994178        0.500000
hydro_newton_step failed to accept
       retry log10(dt/yr), log10(dt), retry_factor     1  2793       -8.794320       -1.295208        0.500000
       retry log10(dt/yr), log10(dt), retry_factor     1  2797       -8.192260       -0.693148        0.500000
       retry log10(dt/yr), log10(dt), retry_factor     1  2842       -7.324897        0.174214        0.500000
       retry log10(dt/yr), log10(dt), retry_factor     2  2842       -7.625927       -0.126816        0.500000
 have reached retry limit so now backup
       retry log10(dt/yr), log10(dt), retry_factor     1  2888       -5.914036        1.585075        0.500000
       retry log10(dt/yr), log10(dt), retry_factor     2  2888       -6.215066        1.284045        0.500000
       retry log10(dt/yr), log10(dt), retry_factor     1  2889       -6.516096        0.983015        0.500000
       retry log10(dt/yr), log10(dt), retry_factor     1  2896       -5.789979        1.709132        0.500000
       retry log10(dt/yr), log10(dt), retry_factor     1  2897       -6.091009        1.408102        0.500000
       retry log10(dt/yr), log10(dt), retry_factor     1  2903       -5.688340        1.810772        0.500000
       retry log10(dt/yr), log10(dt), retry_factor     1  2907       -5.714499        1.784613        0.500000
       retry log10(dt/yr), log10(dt), retry_factor     1  2908       -6.112439        1.386673        0.500000
       retry log10(dt/yr), log10(dt), retry_factor     1  2909       -6.413469        1.085643        0.500000
       retry log10(dt/yr), log10(dt), retry_factor     1  2917       -5.423096        2.076015        0.500000
       retry log10(dt/yr), log10(dt), retry_factor     2  2917       -5.724126        1.774985        0.500000
 have reached retry limit so now backup
       retry log10(dt/yr), log10(dt), retry_factor     1  2923       -5.424400        2.074712        0.500000
       retry log10(dt/yr), log10(dt), retry_factor     1  2929       -5.635370        1.863741        0.500000
hydro_newton_step failed to accept
       retry log10(dt/yr), log10(dt), retry_factor     2  2929       -5.936400        1.562711        0.500000
       retry log10(dt/yr), log10(dt), retry_factor     1  2935       -5.598848        1.900264        0.500000
hydro_newton_step failed to accept
       retry log10(dt/yr), log10(dt), retry_factor     1  2936       -5.996788        1.502324        0.500000
       retry log10(dt/yr), log10(dt), retry_factor     1  2937       -6.368718        1.130393        0.500000
       retry log10(dt/yr), log10(dt), retry_factor     2  2937       -6.669748        0.829363        0.500000
       retry log10(dt/yr), log10(dt), retry_factor     1  2938       -6.970778        0.528333        0.500000
       retry log10(dt/yr), log10(dt), retry_factor     1  2947       -5.649710        1.849401        0.500000
       retry log10(dt/yr), log10(dt), retry_factor     1  2948       -6.047650        1.451461        0.500000
hydro_newton_step failed to accept
       retry log10(dt/yr), log10(dt), retry_factor     2  2948       -6.348680        1.150431        0.500000
       retry log10(dt/yr), log10(dt), retry_factor     1  2949       -6.711068        0.788043        0.500000
       retry log10(dt/yr), log10(dt), retry_factor     2  2949       -7.012098        0.487013        0.500000
       retry log10(dt/yr), log10(dt), retry_factor     1  2953       -7.012098        0.487013        0.500000
       retry log10(dt/yr), log10(dt), retry_factor     1  2961       -5.807978        1.691133        0.500000
       retry log10(dt/yr), log10(dt), retry_factor     1  2962       -6.109008        1.390103        0.500000
       retry log10(dt/yr), log10(dt), retry_factor     1  2963       -6.506948        0.992163        0.500000
hydro_newton_step failed to accept
       retry log10(dt/yr), log10(dt), retry_factor     1  2964       -6.904888        0.594223        0.500000
       retry log10(dt/yr), log10(dt), retry_factor     1  2969       -6.375178        1.123933        0.500000
       retry log10(dt/yr), log10(dt), retry_factor     1  2971       -6.676208        0.822903        0.500000
       retry log10(dt/yr), log10(dt), retry_factor     1  2973       -6.977238        0.521873        0.500000
       retry log10(dt/yr), log10(dt), retry_factor     1  2974       -7.278268        0.220843        0.500000
       retry log10(dt/yr), log10(dt), retry_factor     1  2975       -7.579298       -0.080187        0.500000
       retry log10(dt/yr), log10(dt), retry_factor     1  2979       -7.977238       -0.478127        0.500000
       retry log10(dt/yr), log10(dt), retry_factor     1  2982       -8.545563       -1.046452        0.500000
       retry log10(dt/yr), log10(dt), retry_factor     1  2987       -8.611653       -1.112542        0.500000

stop because model_number >= max_model_number
     3000     3000

       3000   8.440725  7.944E+06   3.528154   5.586544   1.400000   1.400000   0.000000   0.000000   0.275200   0.040003  14.883596   1428    586
  -8.593268   6.791759  -4.792198   3.153855   3.943812  -8.522879   0.000000   0.000000   0.000000   0.020000   0.028393  91.050721      6     74
 2.9768E-03  23.455884   2.969161   5.581110  14.326346  -0.722662   0.000000   0.000000   0.000000   0.000687  9.316E-01  0.433E-11          dH/H

save LOGS/profile6.data for model 3000
save photos/3000 for model 3000
save final_profile_r_cu58_ng_cu59_01.data for model 3000
 saved to final.mod
termination code: max_model_number
 bad other yaxis for History panels plot num_zones

 ERROR: failed to find log_Teff in history data

 grid1/grid1_003000.png/png
       3000   8.440725  7.944E+06   3.528154   5.586544   1.400000   1.400000   0.000000   0.000000   0.275200   0.040003  14.883596   1428    586
  -8.593268   6.791759  -4.792198   3.153855   3.943812  -8.522879   0.000000   0.000000   0.000000   0.020000   0.028393  91.050721      6     74
 2.9768E-03  23.455884   2.969161   5.581110  14.326346  -0.722662   0.000000   0.000000   0.000000   0.000687  9.316E-01  0.433E-11        lgTeff

