ls: cannot access './155/photos': No such file or directory
starting from scratch 
                                         version_number       10108
 read /hpc/group/physics/al363/low_overhead/sens/base/inlist_base
 read inlist_cluster
load saved model /hpc/group/physics/al363/sens/base/ns_relax.mod

 change to /hpc/group/physics/al363/sens/base/rp_305.net
             set special rate factor for r_ga59_ng_ga60         155    1.0000000000000000D-02
             set special rate factor for r_ga60_gn_ga59         156    1.0000000000000000D-02
             set special rate factor for r_ga59_ng_ga60         155    1.0000000000000000D-02
             set special rate factor for r_ga60_gn_ga59         156    1.0000000000000000D-02
 number of species         305
 read /hpc/group/physics/al363/low_overhead/sens/base/history_custom_low_overhead
 read /hpc/group/physics/al363/low_overhead/sens/base/profile_custom_low_overhead
 net name /hpc/group/physics/al363/sens/base/rp_305.net
 v_flag T
                                           xmstar/mstar    4.5461189430843640D-12
                                             xmstar (g)    1.2660395722219186D+22
                                           M_center (g)    2.7848799999878681D+33
                                            xmstar/Msun    6.3645665203193175D-12
                                          M_center/Msun    1.3999999999939012D+00
                                          R_center (cm)    1.1200000000000000D+06
                                          R_center/Rsun    1.6092416448748527D-05
                                           core density    4.7322078204273819D+14
                                          L_center/Lsun    4.1647144567650578D+00
 kappa_file_prefix gs98
 kappa_lowT_prefix lowT_fa05_gs98

   eos_file_prefix mesa
                                        OMP_NUM_THREADS           8


__________________________________________________________________________________________________________________________________________________

       step    lg_Tcntr    Teff       lg_LH     lg_Lnuc     Mass       H_rich     H_cntr     N_cntr     Y_surf     X_avg     eta_cntr  zones retry
   lg_dt_yr    lg_Dcntr    lg_R       lg_L3a    lg_Lneu     lg_Mdot    He_core    He_cntr    O_cntr     Z_surf     Y_avg     gam_cntr  iters bckup
     age_yr    lg_Pcntr    lg_L       lg_LZ     lg_Psurf    lg_Dsurf   C_core     C_cntr     Ne_cntr    Si_cntr    Z_avg     v_div_cs     dt_limit
__________________________________________________________________________________________________________________________________________________

save LOGS/profile1.data for model 2
         12   8.207068  1.596E+06   0.422373   0.422680   1.400000   1.400000   0.000000   0.000000   0.275200   0.032716  18.782540    782      0
  -5.834864   6.544453  -4.792968 -17.300136  -0.755568  -8.522879   0.000000   0.000000   0.000000   0.020000   0.012436 128.974929      6      0
 9.8181E-06  23.077272   0.179446  -2.727454  12.804639  -1.522785   0.000000   0.000000   0.000000   0.000687  9.548E-01 -0.112E-12      lgT_cntr

save LOGS/profile2.data for model 12
       retry log10(dt/yr), log10(dt), retry_factor     1    34       -5.396345        2.102767        0.500000
       retry log10(dt/yr), log10(dt), retry_factor     1    38       -5.396345        2.102767        0.500000
       retry log10(dt/yr), log10(dt), retry_factor     1    42       -5.396345        2.102767        0.500000
       retry log10(dt/yr), log10(dt), retry_factor     1    46       -5.396345        2.102767        0.500000
       retry log10(dt/yr), log10(dt), retry_factor     1    51       -5.095315        2.403797        0.500000
       retry log10(dt/yr), log10(dt), retry_factor     1    52       -5.095315        2.403797        0.500000
       retry log10(dt/yr), log10(dt), retry_factor     1    53       -5.095315        2.403797        0.500000
       retry log10(dt/yr), log10(dt), retry_factor     1    54       -5.095315        2.403797        0.500000
       retry log10(dt/yr), log10(dt), retry_factor     1    55       -5.095315        2.403797        0.500000
       retry log10(dt/yr), log10(dt), retry_factor     1    56       -5.095315        2.403797        0.500000
       retry log10(dt/yr), log10(dt), retry_factor     2    56       -5.396345        2.102767        0.500000
       retry log10(dt/yr), log10(dt), retry_factor     1    60       -5.396345        2.102767        0.500000
       retry log10(dt/yr), log10(dt), retry_factor     1    61       -5.697375        1.801737        0.500000
       retry log10(dt/yr), log10(dt), retry_factor     1    62       -5.998405        1.500707        0.500000
       retry log10(dt/yr), log10(dt), retry_factor     1    64       -6.299435        1.199677        0.500000
hydro_newton_step failed to accept
       retry log10(dt/yr), log10(dt), retry_factor     1    65       -6.600465        0.898647        0.500000
       retry log10(dt/yr), log10(dt), retry_factor     1    67       -6.901495        0.597617        0.500000
       retry log10(dt/yr), log10(dt), retry_factor     1    69       -7.202525        0.296587        0.500000
       retry log10(dt/yr), log10(dt), retry_factor     1    70       -7.503555       -0.004443        0.500000
       retry log10(dt/yr), log10(dt), retry_factor     1    72       -7.804585       -0.305473        0.500000
       retry log10(dt/yr), log10(dt), retry_factor     1    74       -8.105615       -0.606503        0.500000
       retry log10(dt/yr), log10(dt), retry_factor     1    75       -8.439704       -0.940592        0.500000
       retry log10(dt/yr), log10(dt), retry_factor     1   142       -8.644410       -1.145298        0.500000
       retry log10(dt/yr), log10(dt), retry_factor     1   143       -9.042350       -1.543238        0.500000
       retry log10(dt/yr), log10(dt), retry_factor     1   152       -9.056765       -1.557653        0.500000
       retry log10(dt/yr), log10(dt), retry_factor     1   160       -8.863220       -1.364109        0.500000
       retry log10(dt/yr), log10(dt), retry_factor     2   160       -9.164250       -1.665139        0.500000
 have reached retry limit so now backup
       retry log10(dt/yr), log10(dt), retry_factor     1   169       -8.522638       -1.023527        0.500000
       retry log10(dt/yr), log10(dt), retry_factor     2   169       -8.823668       -1.324557        0.500000
 have reached retry limit so now backup
       retry log10(dt/yr), log10(dt), retry_factor     1   179       -8.866538       -1.367427        0.500000
       retry log10(dt/yr), log10(dt), retry_factor     2   179       -9.167568       -1.668457        0.500000
       retry log10(dt/yr), log10(dt), retry_factor     1   180       -9.468598       -1.969487        0.500000
       retry log10(dt/yr), log10(dt), retry_factor     1   198       -7.290663        0.208448        0.500000
       retry log10(dt/yr), log10(dt), retry_factor     2   198       -7.591693       -0.092582        0.500000
       retry log10(dt/yr), log10(dt), retry_factor     1   204       -7.626197       -0.127086        0.500000
       retry log10(dt/yr), log10(dt), retry_factor     2   204       -7.927227       -0.428116        0.500000
hydro_newton_step failed to accept
       retry log10(dt/yr), log10(dt), retry_factor     1   206       -8.325167       -0.826056        0.500000
       retry log10(dt/yr), log10(dt), retry_factor     2   206       -8.626197       -1.127086        0.500000
hydro_newton_step failed to accept
       retry log10(dt/yr), log10(dt), retry_factor     1   227       -7.820431       -0.321320        0.500000
hydro_newton_step failed to accept
       retry log10(dt/yr), log10(dt), retry_factor     2   227       -8.121461       -0.622350        0.500000
       retry log10(dt/yr), log10(dt), retry_factor     1   243       -7.650274       -0.151162        0.500000
       retry log10(dt/yr), log10(dt), retry_factor     2   243       -7.951304       -0.452192        0.500000
 have reached retry limit so now backup
       retry log10(dt/yr), log10(dt), retry_factor     1   251       -7.545412       -0.046301        0.500000
       retry log10(dt/yr), log10(dt), retry_factor     2   251       -7.846442       -0.347331        0.500000
 have reached retry limit so now backup
       retry log10(dt/yr), log10(dt), retry_factor     1   252       -8.147472       -0.648361        0.500000
       retry log10(dt/yr), log10(dt), retry_factor     2   252       -8.448502       -0.949391        0.500000
       retry log10(dt/yr), log10(dt), retry_factor     1   299       -5.595584        1.903528        0.500000
hydro_newton_step failed to accept
       retry log10(dt/yr), log10(dt), retry_factor     2   299       -5.896614        1.602498        0.500000
 have reached retry limit so now backup
       retry log10(dt/yr), log10(dt), retry_factor     1   301       -6.197644        1.301468        0.500000
       retry log10(dt/yr), log10(dt), retry_factor     1   306       -5.896614        1.602498        0.500000
       retry log10(dt/yr), log10(dt), retry_factor     1   313       -5.381678        2.117433        0.500000
       retry log10(dt/yr), log10(dt), retry_factor     1   316       -5.779618        1.719493        0.500000
       retry log10(dt/yr), log10(dt), retry_factor     1   321       -5.478588        2.020523        0.500000
       retry log10(dt/yr), log10(dt), retry_factor     1   323       -5.876528        1.622583        0.500000
       retry log10(dt/yr), log10(dt), retry_factor     1   324       -6.177558        1.321553        0.500000
       retry log10(dt/yr), log10(dt), retry_factor     1   325       -6.478588        1.020523        0.500000
       retry log10(dt/yr), log10(dt), retry_factor     1   334       -5.483783        2.015329        0.500000
       retry log10(dt/yr), log10(dt), retry_factor     2   334       -5.784813        1.714299        0.500000
 have reached retry limit so now backup
       retry log10(dt/yr), log10(dt), retry_factor     1   338       -5.825698        1.673414        0.500000
       retry log10(dt/yr), log10(dt), retry_factor     2   338       -6.126728        1.372384        0.500000
 have reached retry limit so now backup
       retry log10(dt/yr), log10(dt), retry_factor     1   339       -6.427758        1.071354        0.500000
       retry log10(dt/yr), log10(dt), retry_factor     1   344       -6.126728        1.372384        0.500000
       retry log10(dt/yr), log10(dt), retry_factor     1   351       -5.469364        2.029747        0.500000
       retry log10(dt/yr), log10(dt), retry_factor     2   351       -5.770394        1.728717        0.500000
hydro_newton_step failed to accept
       retry log10(dt/yr), log10(dt), retry_factor     1   352       -6.164003        1.335108        0.500000
       retry log10(dt/yr), log10(dt), retry_factor     1   353       -6.465033        1.034078        0.500000
hydro_newton_step failed to accept
       retry log10(dt/yr), log10(dt), retry_factor     1   358       -6.308495        1.190617        0.500000
       retry log10(dt/yr), log10(dt), retry_factor     1   362       -5.660099        1.839013        0.500000
hydro_newton_step failed to accept
       retry log10(dt/yr), log10(dt), retry_factor     1   363       -6.058039        1.441073        0.500000
hydro_newton_step failed to accept
       retry log10(dt/yr), log10(dt), retry_factor     2   363       -6.359069        1.140043        0.500000
       retry log10(dt/yr), log10(dt), retry_factor     1   368       -6.066850        1.432261        0.500000
       retry log10(dt/yr), log10(dt), retry_factor     2   368       -6.367880        1.131231        0.500000
        368   8.433733  4.506E+06   1.947450   2.064719   1.400000   1.400000   0.000000   0.000000   0.275200   0.077436  11.978349    764     72
  -6.066850   6.606317  -4.792686   1.182153   1.148177  -8.522879   0.000000   0.000000   0.000000   0.020000   0.055601  80.252978      6      7
 5.7989E-04  23.180151   1.983305   1.088337  13.820481  -0.967636   0.000000   0.000000   0.000000   0.000687  8.670E-01  0.977E-14         retry

save LOGS/profile3.data for model 368
hydro_newton_step failed to accept
       retry log10(dt/yr), log10(dt), retry_factor     1   369       -6.765820        0.733291        0.500000
       retry log10(dt/yr), log10(dt), retry_factor     1   373       -6.548719        0.950393        0.500000
       retry log10(dt/yr), log10(dt), retry_factor     1   375       -6.849749        0.649363        0.500000
       retry log10(dt/yr), log10(dt), retry_factor     1   376       -7.150779        0.348333        0.500000
hydro_newton_step failed to accept
       retry log10(dt/yr), log10(dt), retry_factor     2   376       -7.451809        0.047303        0.500000
       retry log10(dt/yr), log10(dt), retry_factor     1   379       -7.752839       -0.253727        0.500000
       retry log10(dt/yr), log10(dt), retry_factor     1   383       -8.150779       -0.651667        0.500000
       retry log10(dt/yr), log10(dt), retry_factor     1   384       -8.464120       -0.965009        0.500000
       retry log10(dt/yr), log10(dt), retry_factor     2   384       -8.765150       -1.266039        0.500000
       retry log10(dt/yr), log10(dt), retry_factor     1   392       -8.786088       -1.286977        0.500000
       retry log10(dt/yr), log10(dt), retry_factor     1   477       -7.715341       -0.216230        0.500000
       retry log10(dt/yr), log10(dt), retry_factor     2   477       -8.016371       -0.517260        0.500000
       retry log10(dt/yr), log10(dt), retry_factor     1   482       -7.907916       -0.408805        0.500000
       retry log10(dt/yr), log10(dt), retry_factor     1   495       -7.840286       -0.341174        0.500000
 bad other yaxis for History panels plot num_zones

 ERROR: failed to find log_Teff in history data

 grid1/grid1_000500.png/png
       retry log10(dt/yr), log10(dt), retry_factor     1   512       -7.676635       -0.177524        0.500000
hydro_newton_step failed to accept
       retry log10(dt/yr), log10(dt), retry_factor     2   512       -7.977665       -0.478554        0.500000
 have reached retry limit so now backup
       retry log10(dt/yr), log10(dt), retry_factor     1   517       -7.676635       -0.177524        0.500000
       retry log10(dt/yr), log10(dt), retry_factor     2   517       -7.977665       -0.478554        0.500000
       retry log10(dt/yr), log10(dt), retry_factor     1   526       -7.633328       -0.134216        0.500000
       retry log10(dt/yr), log10(dt), retry_factor     2   526       -7.934358       -0.435246        0.500000
       retry log10(dt/yr), log10(dt), retry_factor     1   534       -7.536062       -0.036950        0.500000
       retry log10(dt/yr), log10(dt), retry_factor     2   534       -7.837092       -0.337980        0.500000
 have reached retry limit so now backup
       retry log10(dt/yr), log10(dt), retry_factor     1   579       -5.208939        2.290173        0.500000
       retry log10(dt/yr), log10(dt), retry_factor     2   579       -5.509969        1.989143        0.500000
 have reached retry limit so now backup
       retry log10(dt/yr), log10(dt), retry_factor     1   581       -5.907909        1.591203        0.500000
       retry log10(dt/yr), log10(dt), retry_factor     1   587       -5.305849        2.193263        0.500000
       retry log10(dt/yr), log10(dt), retry_factor     2   587       -5.606879        1.892233        0.500000
 have reached retry limit so now backup
       retry log10(dt/yr), log10(dt), retry_factor     1   588       -6.004819        1.494293        0.500000
       retry log10(dt/yr), log10(dt), retry_factor     2   588       -6.305849        1.193263        0.500000
       retry log10(dt/yr), log10(dt), retry_factor     1   595       -5.499318        1.999794        0.500000
       retry log10(dt/yr), log10(dt), retry_factor     1   597       -5.910065        1.589046        0.500000
       retry log10(dt/yr), log10(dt), retry_factor     1   598       -6.308005        1.191106        0.500000
       retry log10(dt/yr), log10(dt), retry_factor     1   606       -5.342553        2.156558        0.500000
       retry log10(dt/yr), log10(dt), retry_factor     2   606       -5.643583        1.855528        0.500000
 have reached retry limit so now backup
       retry log10(dt/yr), log10(dt), retry_factor     1   611       -5.503443        1.995668        0.500000
hydro_newton_step failed to accept
       retry log10(dt/yr), log10(dt), retry_factor     1   612       -5.901383        1.597728        0.500000
       retry log10(dt/yr), log10(dt), retry_factor     1   613       -6.202413        1.296698        0.500000
       retry log10(dt/yr), log10(dt), retry_factor     1   620       -5.642812        1.856299        0.500000
       retry log10(dt/yr), log10(dt), retry_factor     2   620       -5.943842        1.555269        0.500000
       retry log10(dt/yr), log10(dt), retry_factor     1   626       -5.561527        1.937584        0.500000
       retry log10(dt/yr), log10(dt), retry_factor     1   628       -5.887591        1.611520        0.500000
hydro_newton_step failed to accept
       retry log10(dt/yr), log10(dt), retry_factor     2   628       -6.188621        1.310490        0.500000
 have reached retry limit so now backup
       retry log10(dt/yr), log10(dt), retry_factor     1   635       -5.450455        2.048657        0.500000
       retry log10(dt/yr), log10(dt), retry_factor     2   635       -5.751485        1.747627        0.500000
       retry log10(dt/yr), log10(dt), retry_factor     1   638       -6.052515        1.446597        0.500000
       retry log10(dt/yr), log10(dt), retry_factor     1   639       -6.353545        1.145567        0.500000
       retry log10(dt/yr), log10(dt), retry_factor     2   639       -6.654575        0.844537        0.500000
 have reached retry limit so now backup
       retry log10(dt/yr), log10(dt), retry_factor     1   642       -6.955605        0.543507        0.500000
       retry log10(dt/yr), log10(dt), retry_factor     1   649       -6.270909        1.228202        0.500000
       retry log10(dt/yr), log10(dt), retry_factor     2   649       -6.571939        0.927172        0.500000
       retry log10(dt/yr), log10(dt), retry_factor     1   651       -6.872969        0.626142        0.500000
       retry log10(dt/yr), log10(dt), retry_factor     1   652       -7.173999        0.325112        0.500000
       retry log10(dt/yr), log10(dt), retry_factor     2   652       -7.475029        0.024082        0.500000
 have reached retry limit so now backup
       retry log10(dt/yr), log10(dt), retry_factor     1   657       -7.173999        0.325112        0.500000
       retry log10(dt/yr), log10(dt), retry_factor     1   659       -7.475029        0.024082        0.500000
       retry log10(dt/yr), log10(dt), retry_factor     1   662       -7.776059       -0.276948        0.500000
       retry log10(dt/yr), log10(dt), retry_factor     1   665       -8.077089       -0.577978        0.500000
       retry log10(dt/yr), log10(dt), retry_factor     1   666       -8.439183       -0.940071        0.500000
hydro_newton_step failed to accept
       retry log10(dt/yr), log10(dt), retry_factor     2   666       -8.740213       -1.241101        0.500000
       retry log10(dt/yr), log10(dt), retry_factor     1   704       -9.171407       -1.672295        0.500000
       retry log10(dt/yr), log10(dt), retry_factor     2   704       -9.472437       -1.973325        0.500000
       retry log10(dt/yr), log10(dt), retry_factor     1   762       -7.675195       -0.176083        0.500000
       retry log10(dt/yr), log10(dt), retry_factor     1   763       -8.073135       -0.574023        0.500000
       retry log10(dt/yr), log10(dt), retry_factor     2   763       -8.374165       -0.875053        0.500000
hydro_newton_step failed to accept
       retry log10(dt/yr), log10(dt), retry_factor     1   765       -8.675195       -1.176083        0.500000
       retry log10(dt/yr), log10(dt), retry_factor     1   767       -8.675195       -1.176083        0.500000
       retry log10(dt/yr), log10(dt), retry_factor     1   777       -7.829119       -0.330008        0.500000
       retry log10(dt/yr), log10(dt), retry_factor     2   777       -8.130149       -0.631038        0.500000
       retry log10(dt/yr), log10(dt), retry_factor     1   802       -8.092360       -0.593249        0.500000
       retry log10(dt/yr), log10(dt), retry_factor     1   817       -7.694574       -0.195462        0.500000
       retry log10(dt/yr), log10(dt), retry_factor     2   817       -7.995604       -0.496492        0.500000
       retry log10(dt/yr), log10(dt), retry_factor     1   826       -7.531623       -0.032512        0.500000
       retry log10(dt/yr), log10(dt), retry_factor     1   844       -7.107135        0.391977        0.500000
       retry log10(dt/yr), log10(dt), retry_factor     1   872       -5.276259        2.222852        0.500000
       retry log10(dt/yr), log10(dt), retry_factor     2   872       -5.577289        1.921822        0.500000
 have reached retry limit so now backup
       retry log10(dt/yr), log10(dt), retry_factor     1   874       -5.964292        1.534819        0.500000
       retry log10(dt/yr), log10(dt), retry_factor     1   875       -6.265322        1.233789        0.500000
       retry log10(dt/yr), log10(dt), retry_factor     1   882       -5.362232        2.136879        0.500000
       retry log10(dt/yr), log10(dt), retry_factor     1   884       -5.760172        1.738939        0.500000
       retry log10(dt/yr), log10(dt), retry_factor     1   885       -6.061202        1.437909        0.500000
       retry log10(dt/yr), log10(dt), retry_factor     1   892       -5.443688        2.055424        0.500000
       retry log10(dt/yr), log10(dt), retry_factor     2   892       -5.744718        1.754394        0.500000
       retry log10(dt/yr), log10(dt), retry_factor     1   893       -6.045748        1.453364        0.500000
       retry log10(dt/yr), log10(dt), retry_factor     1   901       -5.361016        2.138096        0.500000
       retry log10(dt/yr), log10(dt), retry_factor     1   902       -5.662046        1.837066        0.500000
       retry log10(dt/yr), log10(dt), retry_factor     2   902       -5.963076        1.536036        0.500000
 have reached retry limit so now backup
       retry log10(dt/yr), log10(dt), retry_factor     1   908       -5.566089        1.933022        0.500000
       retry log10(dt/yr), log10(dt), retry_factor     1   912       -5.566089        1.933022        0.500000
       retry log10(dt/yr), log10(dt), retry_factor     1   913       -5.867119        1.631992        0.500000
hydro_newton_step failed to accept
       retry log10(dt/yr), log10(dt), retry_factor     1   914       -6.265059        1.234052        0.500000
       retry log10(dt/yr), log10(dt), retry_factor     1   915       -6.566089        0.933022        0.500000
       retry log10(dt/yr), log10(dt), retry_factor     1   922       -5.662999        1.836112        0.500000
       retry log10(dt/yr), log10(dt), retry_factor     1   923       -5.964029        1.535082        0.500000
hydro_newton_step failed to accept
       retry log10(dt/yr), log10(dt), retry_factor     1   924       -6.359836        1.139276        0.500000
       retry log10(dt/yr), log10(dt), retry_factor     1   929       -5.829860        1.669252        0.500000
       retry log10(dt/yr), log10(dt), retry_factor     1   930       -6.130890        1.368222        0.500000
       retry log10(dt/yr), log10(dt), retry_factor     1   932       -6.452267        1.046844        0.500000
       retry log10(dt/yr), log10(dt), retry_factor     2   932       -6.753297        0.745814        0.500000
 have reached retry limit so now backup
       retry log10(dt/yr), log10(dt), retry_factor     1   935       -7.054327        0.444784        0.500000
hydro_newton_step failed to accept
       retry log10(dt/yr), log10(dt), retry_factor     1   941       -6.452267        1.046844        0.500000
       retry log10(dt/yr), log10(dt), retry_factor     1   942       -6.452267        1.046844        0.500000
hydro_newton_step failed to accept
       retry log10(dt/yr), log10(dt), retry_factor     1   943       -6.753297        0.745814        0.500000
       retry log10(dt/yr), log10(dt), retry_factor     1   945       -7.054327        0.444784        0.500000
       retry log10(dt/yr), log10(dt), retry_factor     1   947       -7.355357        0.143754        0.500000
       retry log10(dt/yr), log10(dt), retry_factor     1   949       -7.656387       -0.157276        0.500000
       retry log10(dt/yr), log10(dt), retry_factor     1   951       -8.086742       -0.587631        0.500000
       retry log10(dt/yr), log10(dt), retry_factor     1   956       -8.626526       -1.127415        0.500000
       retry log10(dt/yr), log10(dt), retry_factor     1   991       -9.029565       -1.530453        0.500000
       1000   8.458932  1.644E+07   3.371829   6.539344   1.400000   1.400000   0.000000   0.000000   0.275200   0.060830  12.058833    945    180
  -8.148529   6.657916  -4.791405   3.061318   3.996895  -8.522879   0.000000   0.000000   0.000000   0.020000   0.041656  78.788425      7     18
 1.1149E-03  23.258503   4.234053   6.538904  14.673376  -0.885937   0.000000   0.000000   0.000000   0.000687  8.975E-01 -0.185E-10        lgTeff

save LOGS/profile4.data for model 1000
save photos/1000 for model 1000
 bad other yaxis for History panels plot num_zones

 ERROR: failed to find log_Teff in history data

 grid1/grid1_001000.png/png
       retry log10(dt/yr), log10(dt), retry_factor     1  1044       -7.221370        0.277742        0.500000
hydro_newton_step failed to accept
       retry log10(dt/yr), log10(dt), retry_factor     2  1044       -7.522400       -0.023288        0.500000
hydro_newton_step failed to accept
       retry log10(dt/yr), log10(dt), retry_factor     1  1049       -8.114160       -0.615048        0.500000
hydro_newton_step failed to accept
       retry log10(dt/yr), log10(dt), retry_factor     2  1049       -8.415190       -0.916078        0.500000
       retry log10(dt/yr), log10(dt), retry_factor     1  1050       -8.601731       -1.102620        0.500000
       retry log10(dt/yr), log10(dt), retry_factor     1  1057       -7.893474       -0.394363        0.500000
       retry log10(dt/yr), log10(dt), retry_factor     2  1057       -8.194504       -0.695393        0.500000
       retry log10(dt/yr), log10(dt), retry_factor     1  1059       -8.495534       -0.996423        0.500000
hydro_newton_step failed to accept
       retry log10(dt/yr), log10(dt), retry_factor     1  1083       -7.845856       -0.346745        0.500000
hydro_newton_step failed to accept
       retry log10(dt/yr), log10(dt), retry_factor     2  1083       -8.146886       -0.647775        0.500000
       retry log10(dt/yr), log10(dt), retry_factor     1  1095       -7.695851       -0.196740        0.500000
       retry log10(dt/yr), log10(dt), retry_factor     2  1095       -7.996881       -0.497770        0.500000
       retry log10(dt/yr), log10(dt), retry_factor     1  1101       -7.394821        0.104290        0.500000
       retry log10(dt/yr), log10(dt), retry_factor     2  1101       -7.695851       -0.196740        0.500000
 have reached retry limit so now backup
       retry log10(dt/yr), log10(dt), retry_factor     1  1108       -7.455258        0.043854        0.500000
       retry log10(dt/yr), log10(dt), retry_factor     2  1108       -7.756288       -0.257176        0.500000
       retry log10(dt/yr), log10(dt), retry_factor     1  1148       -5.768747        1.730364        0.500000
       retry log10(dt/yr), log10(dt), retry_factor     2  1148       -6.069777        1.429334        0.500000
       retry log10(dt/yr), log10(dt), retry_factor     1  1154       -5.737691        1.761421        0.500000
       retry log10(dt/yr), log10(dt), retry_factor     1  1160       -5.372949        2.126162        0.500000
hydro_newton_step failed to accept
       retry log10(dt/yr), log10(dt), retry_factor     2  1160       -5.673979        1.825132        0.500000
 have reached retry limit so now backup
       retry log10(dt/yr), log10(dt), retry_factor     1  1166       -5.466107        2.033005        0.500000
       retry log10(dt/yr), log10(dt), retry_factor     2  1166       -5.767137        1.731975        0.500000
       retry log10(dt/yr), log10(dt), retry_factor     1  1167       -6.068167        1.430945        0.500000
       retry log10(dt/yr), log10(dt), retry_factor     1  1174       -5.416397        2.082715        0.500000
       retry log10(dt/yr), log10(dt), retry_factor     2  1174       -5.717427        1.781685        0.500000
 have reached retry limit so now backup
       retry log10(dt/yr), log10(dt), retry_factor     1  1180       -5.380859        2.118252        0.500000
       retry log10(dt/yr), log10(dt), retry_factor     2  1180       -5.681889        1.817222        0.500000
 have reached retry limit so now backup
       retry log10(dt/yr), log10(dt), retry_factor     1  1185       -5.380859        2.118252        0.500000
       retry log10(dt/yr), log10(dt), retry_factor     1  1189       -5.478436        2.020676        0.500000
       retry log10(dt/yr), log10(dt), retry_factor     1  1190       -5.876376        1.622736        0.500000
hydro_newton_step failed to accept
       retry log10(dt/yr), log10(dt), retry_factor     1  1191       -6.274316        1.224796        0.500000
       retry log10(dt/yr), log10(dt), retry_factor     1  1197       -5.564685        1.934426        0.500000
       retry log10(dt/yr), log10(dt), retry_factor     2  1197       -5.865715        1.633396        0.500000
 have reached retry limit so now backup
hydro_newton_step failed to accept
       retry log10(dt/yr), log10(dt), retry_factor     1  1199       -6.166745        1.332366        0.500000
hydro_newton_step failed to accept
       retry log10(dt/yr), log10(dt), retry_factor     1  1200       -6.564685        0.934426        0.500000
       retry log10(dt/yr), log10(dt), retry_factor     1  1201       -6.586453        0.912659        0.500000
       retry log10(dt/yr), log10(dt), retry_factor     2  1201       -6.887483        0.611629        0.500000
       retry log10(dt/yr), log10(dt), retry_factor     1  1202       -7.188513        0.310599        0.500000
       retry log10(dt/yr), log10(dt), retry_factor     1  1211       -6.081303        1.417809        0.500000
       retry log10(dt/yr), log10(dt), retry_factor     2  1211       -6.382333        1.116779        0.500000
 have reached retry limit so now backup
hydro_newton_step failed to accept
       retry log10(dt/yr), log10(dt), retry_factor     1  1215       -6.450873        1.048239        0.500000
       retry log10(dt/yr), log10(dt), retry_factor     1  1216       -6.848813        0.650299        0.500000
       retry log10(dt/yr), log10(dt), retry_factor     1  1217       -7.149843        0.349269        0.500000
       retry log10(dt/yr), log10(dt), retry_factor     1  1225       -6.331954        1.167157        0.500000
       retry log10(dt/yr), log10(dt), retry_factor     2  1225       -6.632984        0.866127        0.500000
 have reached retry limit so now backup
hydro_newton_step failed to accept
       retry log10(dt/yr), log10(dt), retry_factor     1  1229       -6.691849        0.807263        0.500000
       retry log10(dt/yr), log10(dt), retry_factor     1  1233       -6.289038        1.210074        0.500000
       retry log10(dt/yr), log10(dt), retry_factor     2  1233       -6.590068        0.909044        0.500000
hydro_newton_step failed to accept
       retry log10(dt/yr), log10(dt), retry_factor     1  1235       -6.891098        0.608014        0.500000
       retry log10(dt/yr), log10(dt), retry_factor     1  1237       -6.891098        0.608014        0.500000
       retry log10(dt/yr), log10(dt), retry_factor     1  1238       -7.192128        0.306984        0.500000
       retry log10(dt/yr), log10(dt), retry_factor     1  1239       -7.493158        0.005954        0.500000
       retry log10(dt/yr), log10(dt), retry_factor     1  1242       -7.794188       -0.295076        0.500000
       retry log10(dt/yr), log10(dt), retry_factor     1  1245       -8.095218       -0.596106        0.500000
       retry log10(dt/yr), log10(dt), retry_factor     1  1249       -8.580557       -1.081445        0.500000
       retry log10(dt/yr), log10(dt), retry_factor     1  1280       -9.160196       -1.661085        0.500000
       retry log10(dt/yr), log10(dt), retry_factor     1  1284       -9.297419       -1.798307        0.500000
       retry log10(dt/yr), log10(dt), retry_factor     2  1284       -9.598449       -2.099337        0.500000
       retry log10(dt/yr), log10(dt), retry_factor     1  1335       -7.590243       -0.091132        0.500000
       retry log10(dt/yr), log10(dt), retry_factor     2  1335       -7.891273       -0.392162        0.500000
 have reached retry limit so now backup
hydro_newton_step failed to accept
       retry log10(dt/yr), log10(dt), retry_factor     1  1338       -8.494059       -0.994948        0.500000
       retry log10(dt/yr), log10(dt), retry_factor     1  1377       -7.381798        0.117313        0.500000
       retry log10(dt/yr), log10(dt), retry_factor     1  1381       -7.478708        0.020403        0.500000
       retry log10(dt/yr), log10(dt), retry_factor     2  1381       -7.779738       -0.280627        0.500000
 have reached retry limit so now backup
       retry log10(dt/yr), log10(dt), retry_factor     1  1428       -5.148713        2.350398        0.500000
       retry log10(dt/yr), log10(dt), retry_factor     2  1428       -5.449743        2.049368        0.500000
 have reached retry limit so now backup
       retry log10(dt/yr), log10(dt), retry_factor     1  1430       -5.847683        1.651428        0.500000
       retry log10(dt/yr), log10(dt), retry_factor     1  1436       -5.458786        2.040326        0.500000
       retry log10(dt/yr), log10(dt), retry_factor     1  1441       -5.392319        2.106792        0.500000
       retry log10(dt/yr), log10(dt), retry_factor     1  1442       -5.790259        1.708852        0.500000
       retry log10(dt/yr), log10(dt), retry_factor     1  1443       -6.188199        1.310912        0.500000
       retry log10(dt/yr), log10(dt), retry_factor     1  1444       -6.489229        1.009882        0.500000
       retry log10(dt/yr), log10(dt), retry_factor     1  1452       -5.499779        1.999332        0.500000
       retry log10(dt/yr), log10(dt), retry_factor     1  1456       -5.582316        1.916795        0.500000
hydro_newton_step failed to accept
       retry log10(dt/yr), log10(dt), retry_factor     1  1457       -5.980256        1.518855        0.500000
       retry log10(dt/yr), log10(dt), retry_factor     1  1463       -5.499834        1.999277        0.500000
       retry log10(dt/yr), log10(dt), retry_factor     2  1463       -5.800864        1.698247        0.500000
       retry log10(dt/yr), log10(dt), retry_factor     1  1468       -5.731430        1.767682        0.500000
       retry log10(dt/yr), log10(dt), retry_factor     1  1469       -6.111008        1.388104        0.500000
       retry log10(dt/yr), log10(dt), retry_factor     1  1474       -6.010650        1.488462        0.500000
       retry log10(dt/yr), log10(dt), retry_factor     1  1478       -6.192194        1.306917        0.500000
hydro_newton_step failed to accept
       retry log10(dt/yr), log10(dt), retry_factor     2  1478       -6.493224        1.005887        0.500000
       retry log10(dt/yr), log10(dt), retry_factor     1  1481       -6.845167        0.653944        0.500000
       retry log10(dt/yr), log10(dt), retry_factor     2  1481       -7.146197        0.352914        0.500000
 have reached retry limit so now backup
       retry log10(dt/yr), log10(dt), retry_factor     1  1486       -6.907943        0.591168        0.500000
       retry log10(dt/yr), log10(dt), retry_factor     1  1487       -7.208973        0.290138        0.500000
       retry log10(dt/yr), log10(dt), retry_factor     1  1490       -7.510003       -0.010892        0.500000
       retry log10(dt/yr), log10(dt), retry_factor     1  1492       -7.866646       -0.367534        0.500000
       retry log10(dt/yr), log10(dt), retry_factor     2  1492       -8.167676       -0.668564        0.500000
 have reached retry limit so now backup
hydro_newton_step failed to accept
       retry log10(dt/yr), log10(dt), retry_factor     1  1496       -8.167676       -0.668564        0.500000
       retry log10(dt/yr), log10(dt), retry_factor     1  1498       -7.866646       -0.367534        0.500000
 bad other yaxis for History panels plot num_zones

 ERROR: failed to find log_Teff in history data

 grid1/grid1_001500.png/png
       retry log10(dt/yr), log10(dt), retry_factor     1  1503       -8.429417       -0.930306        0.500000
       retry log10(dt/yr), log10(dt), retry_factor     1  1508       -8.970913       -1.471801        0.500000
       retry log10(dt/yr), log10(dt), retry_factor     1  1533       -9.281957       -1.782846        0.500000
       retry log10(dt/yr), log10(dt), retry_factor     1  1580       -7.191312        0.307800        0.500000
hydro_newton_step failed to accept
       retry log10(dt/yr), log10(dt), retry_factor     2  1580       -7.492342        0.006770        0.500000
       retry log10(dt/yr), log10(dt), retry_factor     1  1581       -7.793372       -0.294260        0.500000
       retry log10(dt/yr), log10(dt), retry_factor     2  1581       -8.094402       -0.595290        0.500000
 have reached retry limit so now backup
       retry log10(dt/yr), log10(dt), retry_factor     1  1584       -8.395432       -0.896320        0.500000
       retry log10(dt/yr), log10(dt), retry_factor     2  1584       -8.696462       -1.197350        0.500000
 have reached retry limit so now backup
       retry log10(dt/yr), log10(dt), retry_factor     1  1584       -8.997492       -1.498380        0.500000
       retry log10(dt/yr), log10(dt), retry_factor     2  1584       -9.298522       -1.799410        0.500000
 have reached retry limit so now backup
       retry log10(dt/yr), log10(dt), retry_factor     1  1585       -9.599552       -2.100440        0.500000
hydro_newton_step failed to accept
       retry log10(dt/yr), log10(dt), retry_factor     1  1598       -7.833218       -0.334107        0.500000
hydro_newton_step failed to accept
       retry log10(dt/yr), log10(dt), retry_factor     2  1598       -8.134248       -0.635137        0.500000
 have reached retry limit so now backup
       retry log10(dt/yr), log10(dt), retry_factor     1  1604       -8.438303       -0.939191        0.500000
hydro_newton_step failed to accept
       retry log10(dt/yr), log10(dt), retry_factor     2  1604       -8.739333       -1.240221        0.500000
 have reached retry limit so now backup
       retry log10(dt/yr), log10(dt), retry_factor     1  1610       -8.137273       -0.638161        0.500000
       retry log10(dt/yr), log10(dt), retry_factor     1  1615       -7.972995       -0.473883        0.500000
       retry log10(dt/yr), log10(dt), retry_factor     2  1615       -8.274025       -0.774913        0.500000
 have reached retry limit so now backup
       retry log10(dt/yr), log10(dt), retry_factor     1  1622       -8.016799       -0.517688        0.500000
       retry log10(dt/yr), log10(dt), retry_factor     1  1643       -7.593184       -0.094073        0.500000
       retry log10(dt/yr), log10(dt), retry_factor     1  1654       -7.364024        0.135088        0.500000
hydro_newton_step failed to accept
       retry log10(dt/yr), log10(dt), retry_factor     2  1654       -7.665054       -0.165942        0.500000
 have reached retry limit so now backup
       retry log10(dt/yr), log10(dt), retry_factor     1  1661       -7.467375        0.031737        0.500000
       retry log10(dt/yr), log10(dt), retry_factor     2  1661       -7.768405       -0.269293        0.500000
 have reached retry limit so now backup
       retry log10(dt/yr), log10(dt), retry_factor     1  1671       -7.250490        0.248622        0.500000
hydro_newton_step failed to accept
       retry log10(dt/yr), log10(dt), retry_factor     2  1671       -7.551520       -0.052408        0.500000
 have reached retry limit so now backup
       retry log10(dt/yr), log10(dt), retry_factor     1  1711       -5.669039        1.830072        0.500000
       retry log10(dt/yr), log10(dt), retry_factor     1  1713       -6.028830        1.470281        0.500000
       retry log10(dt/yr), log10(dt), retry_factor     1  1719       -5.528918        1.970194        0.500000
       retry log10(dt/yr), log10(dt), retry_factor     1  1721       -5.874958        1.624154        0.500000
hydro_newton_step failed to accept
       retry log10(dt/yr), log10(dt), retry_factor     2  1721       -6.175988        1.323124        0.500000
       retry log10(dt/yr), log10(dt), retry_factor     1  1728       -5.502520        1.996591        0.500000
       retry log10(dt/yr), log10(dt), retry_factor     1  1732       -5.600912        1.898200        0.500000
       retry log10(dt/yr), log10(dt), retry_factor     2  1732       -5.901942        1.597170        0.500000
 have reached retry limit so now backup
       retry log10(dt/yr), log10(dt), retry_factor     1  1738       -5.566656        1.932455        0.500000
       retry log10(dt/yr), log10(dt), retry_factor     1  1739       -5.964596        1.534515        0.500000
       retry log10(dt/yr), log10(dt), retry_factor     1  1746       -5.158416        2.340695        0.500000
       retry log10(dt/yr), log10(dt), retry_factor     2  1746       -5.459446        2.039665        0.500000
 have reached retry limit so now backup
hydro_newton_step failed to accept
       retry log10(dt/yr), log10(dt), retry_factor     1  1747       -5.954296        1.544815        0.500000
       retry log10(dt/yr), log10(dt), retry_factor     1  1748       -6.255326        1.243785        0.500000
       retry log10(dt/yr), log10(dt), retry_factor     1  1755       -5.477391        2.021721        0.500000
       retry log10(dt/yr), log10(dt), retry_factor     1  1759       -5.624065        1.875046        0.500000
       retry log10(dt/yr), log10(dt), retry_factor     1  1760       -6.022005        1.477106        0.500000
hydro_newton_step failed to accept
       retry log10(dt/yr), log10(dt), retry_factor     1  1761       -6.419945        1.079166        0.500000
       retry log10(dt/yr), log10(dt), retry_factor     1  1762       -6.720975        0.778136        0.500000
       retry log10(dt/yr), log10(dt), retry_factor     2  1762       -7.022005        0.477106        0.500000
       retry log10(dt/yr), log10(dt), retry_factor     1  1770       -5.817885        1.681226        0.500000
       retry log10(dt/yr), log10(dt), retry_factor     1  1771       -6.118915        1.380196        0.500000
hydro_newton_step failed to accept
       retry log10(dt/yr), log10(dt), retry_factor     1  1772       -6.516855        0.982256        0.500000
       retry log10(dt/yr), log10(dt), retry_factor     1  1777       -6.171958        1.327153        0.500000
hydro_newton_step failed to accept
       retry log10(dt/yr), log10(dt), retry_factor     2  1777       -6.472988        1.026123        0.500000
       retry log10(dt/yr), log10(dt), retry_factor     1  1779       -6.774018        0.725093        0.500000
       retry log10(dt/yr), log10(dt), retry_factor     1  1781       -7.171958        0.327153        0.500000
       retry log10(dt/yr), log10(dt), retry_factor     1  1785       -7.171958        0.327153        0.500000
       retry log10(dt/yr), log10(dt), retry_factor     2  1785       -7.472988        0.026123        0.500000
       retry log10(dt/yr), log10(dt), retry_factor     1  1788       -7.774018       -0.274907        0.500000
       retry log10(dt/yr), log10(dt), retry_factor     2  1788       -8.075048       -0.575937        0.500000
 have reached retry limit so now backup
       retry log10(dt/yr), log10(dt), retry_factor     1  1793       -7.774018       -0.274907        0.500000
       retry log10(dt/yr), log10(dt), retry_factor     1  1795       -8.075048       -0.575937        0.500000
       retry log10(dt/yr), log10(dt), retry_factor     1  1796       -8.380031       -0.880920        0.500000
       retry log10(dt/yr), log10(dt), retry_factor     1  1828       -9.292657       -1.793546        0.500000
       retry log10(dt/yr), log10(dt), retry_factor     1  1834       -9.295909       -1.796797        0.500000
       retry log10(dt/yr), log10(dt), retry_factor     1  1883       -7.239894        0.259218        0.500000
       retry log10(dt/yr), log10(dt), retry_factor     1  1885       -7.734744       -0.235632        0.500000
       retry log10(dt/yr), log10(dt), retry_factor     2  1885       -8.035774       -0.536662        0.500000
 have reached retry limit so now backup
       retry log10(dt/yr), log10(dt), retry_factor     1  1886       -8.336804       -0.837692        0.500000
       retry log10(dt/yr), log10(dt), retry_factor     2  1886       -8.637834       -1.138722        0.500000
 have reached retry limit so now backup
       retry log10(dt/yr), log10(dt), retry_factor     1  1887       -8.938864       -1.439752        0.500000
       retry log10(dt/yr), log10(dt), retry_factor     2  1887       -9.239894       -1.740782        0.500000
 have reached retry limit so now backup
       retry log10(dt/yr), log10(dt), retry_factor     1  1890       -9.540924       -2.041812        0.500000
       retry log10(dt/yr), log10(dt), retry_factor     1  1901       -7.987340       -0.488229        0.500000
       retry log10(dt/yr), log10(dt), retry_factor     2  1901       -8.288370       -0.789259        0.500000
       retry log10(dt/yr), log10(dt), retry_factor     1  1904       -8.589400       -1.090289        0.500000
       retry log10(dt/yr), log10(dt), retry_factor     1  1911       -8.233421       -0.734310        0.500000
hydro_newton_step failed to accept
       retry log10(dt/yr), log10(dt), retry_factor     2  1911       -8.534451       -1.035340        0.500000
 have reached retry limit so now backup
       retry log10(dt/yr), log10(dt), retry_factor     1  1921       -7.741332       -0.242220        0.500000
       retry log10(dt/yr), log10(dt), retry_factor     2  1921       -8.042362       -0.543250        0.500000
       retry log10(dt/yr), log10(dt), retry_factor     1  1950       -7.590137       -0.091025        0.500000
       retry log10(dt/yr), log10(dt), retry_factor     1  1954       -7.687047       -0.187935        0.500000
       retry log10(dt/yr), log10(dt), retry_factor     2  1954       -7.988077       -0.488965        0.500000
 have reached retry limit so now backup
       retry log10(dt/yr), log10(dt), retry_factor     1  1960       -7.386017        0.113095        0.500000
       retry log10(dt/yr), log10(dt), retry_factor     2  1960       -7.687047       -0.187935        0.500000
       retry log10(dt/yr), log10(dt), retry_factor     1  1966       -7.526984       -0.027873        0.500000
       retry log10(dt/yr), log10(dt), retry_factor     2  1966       -7.828014       -0.328903        0.500000
 have reached retry limit so now backup
       retry log10(dt/yr), log10(dt), retry_factor     1  1973       -7.289344        0.209768        0.500000
       2000   8.530742  4.576E+06   1.283624   1.640277   1.400000   1.400000   0.000000   0.000000   0.275200   0.015988  11.025862   1233    358
  -6.092845   6.720818  -4.792707  -0.541172   1.149807  -8.522879   0.000000   0.000000   0.000000   0.020000   0.016347  70.084129      6     48
 1.9313E-03  23.356293   2.010136   1.383411  13.837820  -0.957008   0.000000   0.000000   0.000000   0.000687  9.677E-01 -0.768E-14      lgT_cntr

save LOGS/profile5.data for model 2000
save photos/2000 for model 2000
 bad other yaxis for History panels plot num_zones

 ERROR: failed to find log_Teff in history data

 grid1/grid1_002000.png/png
       retry log10(dt/yr), log10(dt), retry_factor     1  2016       -5.711888        1.787223        0.500000
       retry log10(dt/yr), log10(dt), retry_factor     1  2022       -5.401685        2.097427        0.500000
       retry log10(dt/yr), log10(dt), retry_factor     2  2022       -5.702715        1.796397        0.500000
 have reached retry limit so now backup
       retry log10(dt/yr), log10(dt), retry_factor     1  2028       -5.386124        2.112988        0.500000
       retry log10(dt/yr), log10(dt), retry_factor     1  2029       -5.784064        1.715048        0.500000
       retry log10(dt/yr), log10(dt), retry_factor     1  2035       -5.485812        2.013299        0.500000
hydro_newton_step failed to accept
       retry log10(dt/yr), log10(dt), retry_factor     2  2035       -5.786842        1.712269        0.500000
       retry log10(dt/yr), log10(dt), retry_factor     1  2036       -6.087872        1.411239        0.500000
       retry log10(dt/yr), log10(dt), retry_factor     2  2036       -6.388902        1.110209        0.500000
       retry log10(dt/yr), log10(dt), retry_factor     1  2044       -5.450877        2.048234        0.500000
       retry log10(dt/yr), log10(dt), retry_factor     2  2044       -5.751907        1.747204        0.500000
       retry log10(dt/yr), log10(dt), retry_factor     1  2050       -5.539931        1.959181        0.500000
       retry log10(dt/yr), log10(dt), retry_factor     2  2050       -5.840961        1.658151        0.500000
       retry log10(dt/yr), log10(dt), retry_factor     1  2051       -6.238901        1.260211        0.500000
       retry log10(dt/yr), log10(dt), retry_factor     1  2058       -5.669830        1.829282        0.500000
       retry log10(dt/yr), log10(dt), retry_factor     2  2058       -5.970860        1.528252        0.500000
       retry log10(dt/yr), log10(dt), retry_factor     1  2063       -5.976586        1.522525        0.500000
hydro_newton_step failed to accept
       retry log10(dt/yr), log10(dt), retry_factor     2  2063       -6.277616        1.221495        0.500000
       retry log10(dt/yr), log10(dt), retry_factor     1  2065       -6.626652        0.872459        0.500000
       retry log10(dt/yr), log10(dt), retry_factor     2  2065       -6.927682        0.571429        0.500000
 have reached retry limit so now backup
       retry log10(dt/yr), log10(dt), retry_factor     1  2068       -7.228712        0.270399        0.500000
       retry log10(dt/yr), log10(dt), retry_factor     1  2077       -5.723562        1.775549        0.500000
       retry log10(dt/yr), log10(dt), retry_factor     1  2078       -6.024592        1.474519        0.500000
       retry log10(dt/yr), log10(dt), retry_factor     1  2079       -6.380942        1.118170        0.500000
       retry log10(dt/yr), log10(dt), retry_factor     1  2083       -6.444684        1.054428        0.500000
       retry log10(dt/yr), log10(dt), retry_factor     1  2084       -6.745714        0.753398        0.500000
       retry log10(dt/yr), log10(dt), retry_factor     1  2085       -7.046744        0.452368        0.500000
       retry log10(dt/yr), log10(dt), retry_factor     2  2085       -7.347774        0.151338        0.500000
       retry log10(dt/yr), log10(dt), retry_factor     1  2088       -7.745714       -0.246602        0.500000
       retry log10(dt/yr), log10(dt), retry_factor     1  2092       -7.873737       -0.374626        0.500000
       retry log10(dt/yr), log10(dt), retry_factor     1  2093       -8.174767       -0.675656        0.500000
       retry log10(dt/yr), log10(dt), retry_factor     1  2096       -8.541165       -1.042053        0.500000
       retry log10(dt/yr), log10(dt), retry_factor     1  2100       -8.609802       -1.110691        0.500000
       retry log10(dt/yr), log10(dt), retry_factor     1  2127       -9.264616       -1.765504        0.500000
       retry log10(dt/yr), log10(dt), retry_factor     1  2172       -7.357341        0.141770        0.500000
hydro_newton_step failed to accept
       retry log10(dt/yr), log10(dt), retry_factor     1  2175       -7.949101       -0.449990        0.500000
       retry log10(dt/yr), log10(dt), retry_factor     1  2179       -8.203425       -0.704313        0.500000
       retry log10(dt/yr), log10(dt), retry_factor     1  2185       -7.852669       -0.353557        0.500000
       retry log10(dt/yr), log10(dt), retry_factor     1  2188       -8.355400       -0.856288        0.500000
       retry log10(dt/yr), log10(dt), retry_factor     1  2227       -7.485590        0.013521        0.500000
       retry log10(dt/yr), log10(dt), retry_factor     1  2233       -7.367731        0.131381        0.500000
       retry log10(dt/yr), log10(dt), retry_factor     1  2277       -5.554760        1.944351        0.500000
       retry log10(dt/yr), log10(dt), retry_factor     1  2278       -5.952700        1.546411        0.500000
       retry log10(dt/yr), log10(dt), retry_factor     1  2279       -6.253730        1.245381        0.500000
       retry log10(dt/yr), log10(dt), retry_factor     2  2279       -6.554760        0.944351        0.500000
       retry log10(dt/yr), log10(dt), retry_factor     1  2287       -5.603126        1.895985        0.500000
       retry log10(dt/yr), log10(dt), retry_factor     2  2287       -5.904156        1.594955        0.500000
       retry log10(dt/yr), log10(dt), retry_factor     1  2288       -6.205186        1.293925        0.500000
       retry log10(dt/yr), log10(dt), retry_factor     1  2295       -5.302096        2.197015        0.500000
hydro_newton_step failed to accept
       retry log10(dt/yr), log10(dt), retry_factor     2  2295       -5.603126        1.895985        0.500000
 have reached retry limit so now backup
       retry log10(dt/yr), log10(dt), retry_factor     1  2296       -6.001066        1.498045        0.500000
       retry log10(dt/yr), log10(dt), retry_factor     2  2296       -6.302096        1.197015        0.500000
       retry log10(dt/yr), log10(dt), retry_factor     1  2297       -6.603126        0.895985        0.500000
       retry log10(dt/yr), log10(dt), retry_factor     1  2305       -5.588965        1.910146        0.500000
       retry log10(dt/yr), log10(dt), retry_factor     1  2309       -5.588965        1.910146        0.500000
       retry log10(dt/yr), log10(dt), retry_factor     1  2314       -5.602350        1.896761        0.500000
       retry log10(dt/yr), log10(dt), retry_factor     2  2314       -5.903380        1.595731        0.500000
       retry log10(dt/yr), log10(dt), retry_factor     1  2320       -5.626928        1.872184        0.500000
       retry log10(dt/yr), log10(dt), retry_factor     1  2324       -5.714234        1.784878        0.500000
hydro_newton_step failed to accept
       retry log10(dt/yr), log10(dt), retry_factor     1  2325       -6.112174        1.386938        0.500000
       retry log10(dt/yr), log10(dt), retry_factor     1  2326       -6.453689        1.045423        0.500000
       retry log10(dt/yr), log10(dt), retry_factor     1  2333       -5.550599        1.948513        0.500000
hydro_newton_step failed to accept
       retry log10(dt/yr), log10(dt), retry_factor     1  2334       -5.851629        1.647483        0.500000
hydro_newton_step failed to accept
       retry log10(dt/yr), log10(dt), retry_factor     2  2334       -6.152659        1.346453        0.500000
       retry log10(dt/yr), log10(dt), retry_factor     1  2335       -6.537278        0.961834        0.500000
       retry log10(dt/yr), log10(dt), retry_factor     1  2336       -6.841361        0.657750        0.500000
       retry log10(dt/yr), log10(dt), retry_factor     2  2336       -7.142391        0.356720        0.500000
       retry log10(dt/yr), log10(dt), retry_factor     1  2344       -5.938271        1.560840        0.500000
       retry log10(dt/yr), log10(dt), retry_factor     1  2346       -6.239301        1.259810        0.500000
       retry log10(dt/yr), log10(dt), retry_factor     1  2348       -6.616015        0.883096        0.500000
       retry log10(dt/yr), log10(dt), retry_factor     2  2348       -6.917045        0.582066        0.500000
 have reached retry limit so now backup
       retry log10(dt/yr), log10(dt), retry_factor     1  2352       -6.983917        0.515194        0.500000
       retry log10(dt/yr), log10(dt), retry_factor     2  2352       -7.284947        0.214164        0.500000
       retry log10(dt/yr), log10(dt), retry_factor     1  2358       -6.682887        0.816224        0.500000
       retry log10(dt/yr), log10(dt), retry_factor     1  2359       -6.983917        0.515194        0.500000
       retry log10(dt/yr), log10(dt), retry_factor     1  2361       -7.284947        0.214164        0.500000
       retry log10(dt/yr), log10(dt), retry_factor     1  2362       -7.585977       -0.086866        0.500000
       retry log10(dt/yr), log10(dt), retry_factor     1  2364       -7.887007       -0.387896        0.500000
       retry log10(dt/yr), log10(dt), retry_factor     1  2372       -8.700880       -1.201768        0.500000
       retry log10(dt/yr), log10(dt), retry_factor     1  2450       -7.526383       -0.027271        0.500000
       retry log10(dt/yr), log10(dt), retry_factor     2  2450       -7.827413       -0.328301        0.500000
hydro_newton_step failed to accept
       retry log10(dt/yr), log10(dt), retry_factor     1  2452       -8.322263       -0.823151        0.500000
hydro_newton_step failed to accept
       retry log10(dt/yr), log10(dt), retry_factor     2  2452       -8.623293       -1.124181        0.500000
       retry log10(dt/yr), log10(dt), retry_factor     1  2456       -8.021233       -0.522121        0.500000
       retry log10(dt/yr), log10(dt), retry_factor     1  2464       -8.061345       -0.562234        0.500000
       retry log10(dt/yr), log10(dt), retry_factor     1  2468       -8.061345       -0.562234        0.500000
       retry log10(dt/yr), log10(dt), retry_factor     2  2468       -8.362375       -0.863264        0.500000
       retry log10(dt/yr), log10(dt), retry_factor     1  2498       -7.623380       -0.124268        0.500000
       retry log10(dt/yr), log10(dt), retry_factor     2  2498       -7.924410       -0.425298        0.500000
 bad other yaxis for History panels plot num_zones

 ERROR: failed to find log_Teff in history data

 grid1/grid1_002500.png/png
       retry log10(dt/yr), log10(dt), retry_factor     1  2504       -7.652583       -0.153471        0.500000
       retry log10(dt/yr), log10(dt), retry_factor     2  2504       -7.953613       -0.454501        0.500000
       retry log10(dt/yr), log10(dt), retry_factor     1  2510       -7.351553        0.147559        0.500000
       retry log10(dt/yr), log10(dt), retry_factor     1  2516       -7.368306        0.130806        0.500000
       retry log10(dt/yr), log10(dt), retry_factor     2  2516       -7.669336       -0.170224        0.500000
       retry log10(dt/yr), log10(dt), retry_factor     1  2556       -5.763236        1.735876        0.500000
/var/spool/slurmd/job6489453/slurm_script: line 65: 1173926 Killed                  $MESA_BASE/star >> /hpc/group/physics/al363/low_overhead/sens/errors/slurm._${SLURM_ARRAY_JOB_ID}_${SLURM_ARRAY_TASK_ID}.err
slurmstepd: error: Detected 1 oom-kill event(s) in StepId=6489453.batch cgroup. Some of your processes may have been killed by the cgroup out-of-memory handler.
