ls: cannot access './77/photos': No such file or directory
starting from scratch 
                                         version_number       10108
 read /hpc/group/physics/al363/low_overhead/sens/base/inlist_base
 read inlist_cluster
load saved model /hpc/group/physics/al363/sens/base/ns_relax.mod

 change to /hpc/group/physics/al363/sens/base/rp_305.net
             set special rate factor for r_cd98_ng_cd99          77    1.0000000000000000D-02
             set special rate factor for r_cd99_gn_cd98          78    1.0000000000000000D-02
             set special rate factor for r_cd98_ng_cd99          77    1.0000000000000000D-02
             set special rate factor for r_cd99_gn_cd98          78    1.0000000000000000D-02
 number of species         305
 read /hpc/group/physics/al363/low_overhead/sens/base/history_custom_low_overhead
 read /hpc/group/physics/al363/low_overhead/sens/base/profile_custom_low_overhead
 net name /hpc/group/physics/al363/sens/base/rp_305.net
 v_flag T
                                           xmstar/mstar    4.5461189430843640D-12
                                             xmstar (g)    1.2660395722219186D+22
                                           M_center (g)    2.7848799999878681D+33
                                            xmstar/Msun    6.3645665203193175D-12
                                          M_center/Msun    1.3999999999939012D+00
                                          R_center (cm)    1.1200000000000000D+06
                                          R_center/Rsun    1.6092416448748527D-05
                                           core density    4.7322078204273819D+14
                                          L_center/Lsun    4.1647144567650578D+00
 kappa_file_prefix gs98
 kappa_lowT_prefix lowT_fa05_gs98

   eos_file_prefix mesa
                                        OMP_NUM_THREADS           8


__________________________________________________________________________________________________________________________________________________

       step    lg_Tcntr    Teff       lg_LH     lg_Lnuc     Mass       H_rich     H_cntr     N_cntr     Y_surf     X_avg     eta_cntr  zones retry
   lg_dt_yr    lg_Dcntr    lg_R       lg_L3a    lg_Lneu     lg_Mdot    He_core    He_cntr    O_cntr     Z_surf     Y_avg     gam_cntr  iters bckup
     age_yr    lg_Pcntr    lg_L       lg_LZ     lg_Psurf    lg_Dsurf   C_core     C_cntr     Ne_cntr    Si_cntr    Z_avg     v_div_cs     dt_limit
__________________________________________________________________________________________________________________________________________________

save LOGS/profile1.data for model 2
         12   8.207068  1.596E+06   0.422373   0.422680   1.400000   1.400000   0.000000   0.000000   0.275200   0.032716  18.782540    782      0
  -5.834864   6.544453  -4.792968 -17.300136  -0.755568  -8.522879   0.000000   0.000000   0.000000   0.020000   0.012436 128.974929      6      0
 9.8181E-06  23.077272   0.179446  -2.727454  12.804639  -1.522785   0.000000   0.000000   0.000000   0.000687  9.548E-01 -0.112E-12      lgT_cntr

save LOGS/profile2.data for model 12
       retry log10(dt/yr), log10(dt), retry_factor     1    34       -5.396345        2.102767        0.500000
       retry log10(dt/yr), log10(dt), retry_factor     1    38       -5.396345        2.102767        0.500000
       retry log10(dt/yr), log10(dt), retry_factor     1    42       -5.396345        2.102767        0.500000
       retry log10(dt/yr), log10(dt), retry_factor     1    46       -5.396345        2.102767        0.500000
       retry log10(dt/yr), log10(dt), retry_factor     1    51       -5.095315        2.403797        0.500000
       retry log10(dt/yr), log10(dt), retry_factor     1    52       -5.095315        2.403797        0.500000
       retry log10(dt/yr), log10(dt), retry_factor     1    53       -5.095315        2.403797        0.500000
       retry log10(dt/yr), log10(dt), retry_factor     1    54       -5.095315        2.403797        0.500000
       retry log10(dt/yr), log10(dt), retry_factor     1    55       -5.095315        2.403797        0.500000
       retry log10(dt/yr), log10(dt), retry_factor     1    56       -5.095315        2.403797        0.500000
       retry log10(dt/yr), log10(dt), retry_factor     2    56       -5.396345        2.102767        0.500000
       retry log10(dt/yr), log10(dt), retry_factor     1    60       -5.396345        2.102767        0.500000
       retry log10(dt/yr), log10(dt), retry_factor     1    61       -5.697375        1.801737        0.500000
       retry log10(dt/yr), log10(dt), retry_factor     1    62       -5.998405        1.500707        0.500000
       retry log10(dt/yr), log10(dt), retry_factor     1    64       -6.299435        1.199677        0.500000
hydro_newton_step failed to accept
       retry log10(dt/yr), log10(dt), retry_factor     1    65       -6.600465        0.898647        0.500000
       retry log10(dt/yr), log10(dt), retry_factor     1    67       -6.901495        0.597617        0.500000
       retry log10(dt/yr), log10(dt), retry_factor     1    69       -7.202525        0.296587        0.500000
       retry log10(dt/yr), log10(dt), retry_factor     1    70       -7.503555       -0.004443        0.500000
       retry log10(dt/yr), log10(dt), retry_factor     1    72       -7.804585       -0.305473        0.500000
       retry log10(dt/yr), log10(dt), retry_factor     1    74       -8.105615       -0.606503        0.500000
       retry log10(dt/yr), log10(dt), retry_factor     1    75       -8.439704       -0.940592        0.500000
       retry log10(dt/yr), log10(dt), retry_factor     1   142       -8.644644       -1.145533        0.500000
       retry log10(dt/yr), log10(dt), retry_factor     1   143       -9.042584       -1.543473        0.500000
       retry log10(dt/yr), log10(dt), retry_factor     1   152       -9.051260       -1.552148        0.500000
       retry log10(dt/yr), log10(dt), retry_factor     1   159       -8.805804       -1.306693        0.500000
       retry log10(dt/yr), log10(dt), retry_factor     1   171       -8.820009       -1.320898        0.500000
       retry log10(dt/yr), log10(dt), retry_factor     1   187       -7.427190        0.071922        0.500000
       retry log10(dt/yr), log10(dt), retry_factor     1   193       -7.772714       -0.273602        0.500000
       retry log10(dt/yr), log10(dt), retry_factor     2   193       -8.073744       -0.574632        0.500000
 have reached retry limit so now backup
hydro_newton_step failed to accept
       retry log10(dt/yr), log10(dt), retry_factor     1   196       -8.494215       -0.995103        0.500000
hydro_newton_step failed to accept
       retry log10(dt/yr), log10(dt), retry_factor     1   197       -8.494215       -0.995103        0.500000
       retry log10(dt/yr), log10(dt), retry_factor     1   229       -7.597339       -0.098227        0.500000
hydro_newton_step failed to accept
       retry log10(dt/yr), log10(dt), retry_factor     2   229       -7.898369       -0.399257        0.500000
       retry log10(dt/yr), log10(dt), retry_factor     1   234       -7.597339       -0.098227        0.500000
       retry log10(dt/yr), log10(dt), retry_factor     1   235       -7.898369       -0.399257        0.500000
       retry log10(dt/yr), log10(dt), retry_factor     1   242       -7.593810       -0.094699        0.500000
       retry log10(dt/yr), log10(dt), retry_factor     2   242       -7.894840       -0.395729        0.500000
 have reached retry limit so now backup
       retry log10(dt/yr), log10(dt), retry_factor     1   287       -5.654393        1.844718        0.500000
       retry log10(dt/yr), log10(dt), retry_factor     1   293       -5.382272        2.116840        0.500000
       retry log10(dt/yr), log10(dt), retry_factor     2   293       -5.683302        1.815810        0.500000
 have reached retry limit so now backup
       retry log10(dt/yr), log10(dt), retry_factor     1   299       -5.372561        2.126551        0.500000
       retry log10(dt/yr), log10(dt), retry_factor     2   299       -5.673591        1.825521        0.500000
 have reached retry limit so now backup
       retry log10(dt/yr), log10(dt), retry_factor     1   306       -5.372900        2.126211        0.500000
       retry log10(dt/yr), log10(dt), retry_factor     1   307       -5.770840        1.728271        0.500000
       retry log10(dt/yr), log10(dt), retry_factor     1   308       -6.071870        1.427241        0.500000
       retry log10(dt/yr), log10(dt), retry_factor     1   309       -6.372900        1.126211        0.500000
       retry log10(dt/yr), log10(dt), retry_factor     2   309       -6.673930        0.825181        0.500000
       retry log10(dt/yr), log10(dt), retry_factor     1   318       -5.497457        2.001655        0.500000
       retry log10(dt/yr), log10(dt), retry_factor     2   318       -5.798487        1.700625        0.500000
       retry log10(dt/yr), log10(dt), retry_factor     1   323       -5.497457        2.001655        0.500000
       retry log10(dt/yr), log10(dt), retry_factor     2   323       -5.798487        1.700625        0.500000
 have reached retry limit so now backup
       retry log10(dt/yr), log10(dt), retry_factor     1   329       -5.533262        1.965849        0.500000
hydro_newton_step failed to accept
       retry log10(dt/yr), log10(dt), retry_factor     1   330       -5.931202        1.567909        0.500000
       retry log10(dt/yr), log10(dt), retry_factor     1   331       -6.329142        1.169969        0.500000
       retry log10(dt/yr), log10(dt), retry_factor     1   332       -6.630172        0.868939        0.500000
       retry log10(dt/yr), log10(dt), retry_factor     1   340       -5.643130        1.855982        0.500000
hydro_newton_step failed to accept
       retry log10(dt/yr), log10(dt), retry_factor     1   341       -6.041070        1.458042        0.500000
hydro_newton_step failed to accept
       retry log10(dt/yr), log10(dt), retry_factor     2   341       -6.342100        1.157012        0.500000
 have reached retry limit so now backup
hydro_newton_step failed to accept
       retry log10(dt/yr), log10(dt), retry_factor     1   345       -6.399593        1.099518        0.500000
       retry log10(dt/yr), log10(dt), retry_factor     1   346       -6.444840        1.054271        0.500000
       retry log10(dt/yr), log10(dt), retry_factor     2   346       -6.745870        0.753241        0.500000
       retry log10(dt/yr), log10(dt), retry_factor     1   353       -5.842780        1.656331        0.500000
hydro_newton_step failed to accept
       retry log10(dt/yr), log10(dt), retry_factor     1   354       -6.143810        1.355301        0.500000
        357   8.437369  4.558E+06   1.961689   2.099625   1.400000   1.400000   0.000000   0.000000   0.275200   0.077862  11.878237    765     64
  -5.608294   6.606441  -4.792681   1.257912   1.185520  -8.522879   0.000000   0.000000   0.000000   0.020000   0.055825  79.591518      6      6
 5.8250E-04  23.180568   2.003162   1.207300  13.833274  -0.959937   0.000000   0.000000   0.000000   0.000687  8.663E-01 -0.221E-10  max increase

save LOGS/profile3.data for model 357
       retry log10(dt/yr), log10(dt), retry_factor     1   358       -6.176631        1.322481        0.500000
       retry log10(dt/yr), log10(dt), retry_factor     2   358       -6.477661        1.021451        0.500000
       retry log10(dt/yr), log10(dt), retry_factor     1   360       -6.835220        0.663891        0.500000
       retry log10(dt/yr), log10(dt), retry_factor     2   360       -7.136250        0.362861        0.500000
 have reached retry limit so now backup
hydro_newton_step failed to accept
       retry log10(dt/yr), log10(dt), retry_factor     1   365       -6.910814        0.588297        0.500000
       retry log10(dt/yr), log10(dt), retry_factor     1   366       -6.910814        0.588297        0.500000
       retry log10(dt/yr), log10(dt), retry_factor     1   367       -7.211844        0.287267        0.500000
       retry log10(dt/yr), log10(dt), retry_factor     1   368       -7.512874       -0.013763        0.500000
       retry log10(dt/yr), log10(dt), retry_factor     1   371       -7.813904       -0.314793        0.500000
       retry log10(dt/yr), log10(dt), retry_factor     1   376       -8.308754       -0.809643        0.500000
       retry log10(dt/yr), log10(dt), retry_factor     1   377       -8.609784       -1.110673        0.500000
       retry log10(dt/yr), log10(dt), retry_factor     1   415       -9.102059       -1.602947        0.500000
       retry log10(dt/yr), log10(dt), retry_factor     1   464       -7.366870        0.132241        0.500000
hydro_newton_step failed to accept
       retry log10(dt/yr), log10(dt), retry_factor     2   464       -7.667900       -0.168789        0.500000
hydro_newton_step failed to accept
       retry log10(dt/yr), log10(dt), retry_factor     1   469       -8.259660       -0.760549        0.500000
hydro_newton_step failed to accept
       retry log10(dt/yr), log10(dt), retry_factor     2   469       -8.560690       -1.061579        0.500000
hydro_newton_step failed to accept
       retry log10(dt/yr), log10(dt), retry_factor     1   474       -7.989267       -0.490156        0.500000
hydro_newton_step failed to accept
       retry log10(dt/yr), log10(dt), retry_factor     2   474       -8.290297       -0.791186        0.500000
 have reached retry limit so now backup
       retry log10(dt/yr), log10(dt), retry_factor     1   482       -7.870607       -0.371496        0.500000
       retry log10(dt/yr), log10(dt), retry_factor     2   482       -8.171637       -0.672526        0.500000
 have reached retry limit so now backup
 bad other yaxis for History panels plot num_zones

 ERROR: failed to find log_Teff in history data

 grid1/grid1_000500.png/png
       retry log10(dt/yr), log10(dt), retry_factor     1   506       -7.923315       -0.424203        0.500000
hydro_newton_step failed to accept
       retry log10(dt/yr), log10(dt), retry_factor     2   506       -8.224345       -0.725233        0.500000
 have reached retry limit so now backup
       retry log10(dt/yr), log10(dt), retry_factor     1   517       -7.626008       -0.126897        0.500000
       retry log10(dt/yr), log10(dt), retry_factor     2   517       -7.927038       -0.427927        0.500000
 have reached retry limit so now backup
       retry log10(dt/yr), log10(dt), retry_factor     1   523       -7.539965       -0.040854        0.500000
       retry log10(dt/yr), log10(dt), retry_factor     2   523       -7.840995       -0.341884        0.500000
 have reached retry limit so now backup
       retry log10(dt/yr), log10(dt), retry_factor     1   529       -7.684020       -0.184908        0.500000
       retry log10(dt/yr), log10(dt), retry_factor     2   529       -7.985050       -0.485938        0.500000
hydro_newton_step failed to accept
       retry log10(dt/yr), log10(dt), retry_factor     1   573       -5.885193        1.613918        0.500000
       retry log10(dt/yr), log10(dt), retry_factor     1   577       -5.667541        1.831570        0.500000
       retry log10(dt/yr), log10(dt), retry_factor     2   577       -5.968571        1.530540        0.500000
       retry log10(dt/yr), log10(dt), retry_factor     1   578       -6.269601        1.229510        0.500000
       retry log10(dt/yr), log10(dt), retry_factor     1   585       -5.598158        1.900954        0.500000
       retry log10(dt/yr), log10(dt), retry_factor     2   585       -5.899188        1.599924        0.500000
       retry log10(dt/yr), log10(dt), retry_factor     1   586       -6.200218        1.298894        0.500000
       retry log10(dt/yr), log10(dt), retry_factor     1   593       -5.521133        1.977978        0.500000
       retry log10(dt/yr), log10(dt), retry_factor     2   593       -5.822163        1.676948        0.500000
       retry log10(dt/yr), log10(dt), retry_factor     1   594       -6.124451        1.374660        0.500000
       retry log10(dt/yr), log10(dt), retry_factor     1   601       -5.440640        2.058471        0.500000
       retry log10(dt/yr), log10(dt), retry_factor     1   606       -5.452209        2.046903        0.500000
       retry log10(dt/yr), log10(dt), retry_factor     2   606       -5.753239        1.745873        0.500000
       retry log10(dt/yr), log10(dt), retry_factor     1   612       -5.475743        2.023368        0.500000
       retry log10(dt/yr), log10(dt), retry_factor     1   613       -5.776773        1.722338        0.500000
       retry log10(dt/yr), log10(dt), retry_factor     2   613       -6.077803        1.421308        0.500000
 have reached retry limit so now backup
       retry log10(dt/yr), log10(dt), retry_factor     1   616       -6.378833        1.120278        0.500000
       retry log10(dt/yr), log10(dt), retry_factor     1   617       -6.679863        0.819248        0.500000
       retry log10(dt/yr), log10(dt), retry_factor     1   625       -5.637151        1.861961        0.500000
hydro_newton_step failed to accept
       retry log10(dt/yr), log10(dt), retry_factor     1   626       -6.035091        1.464021        0.500000
       retry log10(dt/yr), log10(dt), retry_factor     1   627       -6.357020        1.142092        0.500000
       retry log10(dt/yr), log10(dt), retry_factor     1   628       -6.658050        0.841062        0.500000
       retry log10(dt/yr), log10(dt), retry_factor     2   628       -6.959080        0.540032        0.500000
       retry log10(dt/yr), log10(dt), retry_factor     1   637       -5.675939        1.823172        0.500000
       retry log10(dt/yr), log10(dt), retry_factor     1   638       -6.073879        1.425232        0.500000
       retry log10(dt/yr), log10(dt), retry_factor     2   638       -6.374909        1.124202        0.500000
 have reached retry limit so now backup
hydro_newton_step failed to accept
       retry log10(dt/yr), log10(dt), retry_factor     1   644       -6.030324        1.468788        0.500000
hydro_newton_step failed to accept
       retry log10(dt/yr), log10(dt), retry_factor     1   645       -6.428264        1.070848        0.500000
       retry log10(dt/yr), log10(dt), retry_factor     1   648       -5.907943        1.591168        0.500000
       retry log10(dt/yr), log10(dt), retry_factor     1   649       -6.208973        1.290138        0.500000
       retry log10(dt/yr), log10(dt), retry_factor     1   650       -6.510003        0.989108        0.500000
       retry log10(dt/yr), log10(dt), retry_factor     1   652       -6.811033        0.688078        0.500000
       retry log10(dt/yr), log10(dt), retry_factor     1   653       -7.120455        0.378656        0.500000
       retry log10(dt/yr), log10(dt), retry_factor     1   655       -7.428810        0.070301        0.500000
       retry log10(dt/yr), log10(dt), retry_factor     2   655       -7.729840       -0.230729        0.500000
       retry log10(dt/yr), log10(dt), retry_factor     1   660       -7.428810        0.070301        0.500000
       retry log10(dt/yr), log10(dt), retry_factor     1   662       -7.729840       -0.230729        0.500000
       retry log10(dt/yr), log10(dt), retry_factor     2   662       -8.030870       -0.531759        0.500000
       retry log10(dt/yr), log10(dt), retry_factor     1   663       -8.331900       -0.832789        0.500000
hydro_newton_step failed to accept
       retry log10(dt/yr), log10(dt), retry_factor     1   712       -9.242827       -1.743715        0.500000
hydro_newton_step failed to accept
       retry log10(dt/yr), log10(dt), retry_factor     1   713       -9.242827       -1.743715        0.500000
       retry log10(dt/yr), log10(dt), retry_factor     1   763       -7.288195        0.210917        0.500000
       retry log10(dt/yr), log10(dt), retry_factor     2   763       -7.589225       -0.090113        0.500000
 have reached retry limit so now backup
       retry log10(dt/yr), log10(dt), retry_factor     1   770       -7.645508       -0.146396        0.500000
       retry log10(dt/yr), log10(dt), retry_factor     1   771       -8.043448       -0.544336        0.500000
hydro_newton_step failed to accept
       retry log10(dt/yr), log10(dt), retry_factor     2   771       -8.344478       -0.845366        0.500000
 have reached retry limit so now backup
hydro_newton_step failed to accept
       retry log10(dt/yr), log10(dt), retry_factor     1   774       -8.645508       -1.146396        0.500000
       retry log10(dt/yr), log10(dt), retry_factor     1   776       -8.440158       -0.941047        0.500000
       retry log10(dt/yr), log10(dt), retry_factor     1   778       -8.741188       -1.242077        0.500000
       retry log10(dt/yr), log10(dt), retry_factor     1   782       -8.741188       -1.242077        0.500000
       retry log10(dt/yr), log10(dt), retry_factor     1   787       -8.440158       -0.941047        0.500000
hydro_newton_step failed to accept
       retry log10(dt/yr), log10(dt), retry_factor     1   796       -8.023168       -0.524057        0.500000
       retry log10(dt/yr), log10(dt), retry_factor     1   820       -7.804279       -0.305168        0.500000
       retry log10(dt/yr), log10(dt), retry_factor     2   820       -8.105309       -0.606198        0.500000
       retry log10(dt/yr), log10(dt), retry_factor     1   826       -7.675015       -0.175904        0.500000
       retry log10(dt/yr), log10(dt), retry_factor     2   826       -7.976045       -0.476934        0.500000
       retry log10(dt/yr), log10(dt), retry_factor     1   831       -7.675015       -0.175904        0.500000
       retry log10(dt/yr), log10(dt), retry_factor     2   831       -7.976045       -0.476934        0.500000
 have reached retry limit so now backup
       retry log10(dt/yr), log10(dt), retry_factor     1   840       -7.533330       -0.034218        0.500000
       retry log10(dt/yr), log10(dt), retry_factor     2   840       -7.834360       -0.335248        0.500000
       retry log10(dt/yr), log10(dt), retry_factor     1   886       -5.598597        1.900514        0.500000
       retry log10(dt/yr), log10(dt), retry_factor     2   886       -5.899627        1.599484        0.500000
 have reached retry limit so now backup
       retry log10(dt/yr), log10(dt), retry_factor     1   888       -6.200657        1.298454        0.500000
       retry log10(dt/yr), log10(dt), retry_factor     2   888       -6.501687        0.997424        0.500000
 have reached retry limit so now backup
       retry log10(dt/yr), log10(dt), retry_factor     1   896       -5.549498        1.949614        0.500000
       retry log10(dt/yr), log10(dt), retry_factor     2   896       -5.850528        1.648584        0.500000
       retry log10(dt/yr), log10(dt), retry_factor     1   897       -6.151558        1.347554        0.500000
       retry log10(dt/yr), log10(dt), retry_factor     1   904       -5.447773        2.051339        0.500000
       retry log10(dt/yr), log10(dt), retry_factor     1   905       -5.748803        1.750309        0.500000
       retry log10(dt/yr), log10(dt), retry_factor     2   905       -6.049833        1.449279        0.500000
 have reached retry limit so now backup
       retry log10(dt/yr), log10(dt), retry_factor     1   908       -6.350863        1.148249        0.500000
       retry log10(dt/yr), log10(dt), retry_factor     1   915       -5.447773        2.051339        0.500000
       retry log10(dt/yr), log10(dt), retry_factor     1   920       -5.424385        2.074727        0.500000
hydro_newton_step failed to accept
       retry log10(dt/yr), log10(dt), retry_factor     2   920       -5.725415        1.773697        0.500000
       retry log10(dt/yr), log10(dt), retry_factor     1   921       -6.123355        1.375757        0.500000
       retry log10(dt/yr), log10(dt), retry_factor     1   922       -6.424385        1.074727        0.500000
       retry log10(dt/yr), log10(dt), retry_factor     1   930       -5.471097        2.028015        0.500000
       retry log10(dt/yr), log10(dt), retry_factor     2   930       -5.772127        1.726985        0.500000
 have reached retry limit so now backup
       retry log10(dt/yr), log10(dt), retry_factor     1   935       -5.656489        1.842622        0.500000
       retry log10(dt/yr), log10(dt), retry_factor     1   940       -5.610481        1.888630        0.500000
hydro_newton_step failed to accept
       retry log10(dt/yr), log10(dt), retry_factor     1   944       -5.817661        1.681451        0.500000
hydro_newton_step failed to accept
       retry log10(dt/yr), log10(dt), retry_factor     1   945       -6.215601        1.283511        0.500000
hydro_newton_step failed to accept
       retry log10(dt/yr), log10(dt), retry_factor     2   945       -6.516631        0.982481        0.500000
       retry log10(dt/yr), log10(dt), retry_factor     1   950       -6.051084        1.448028        0.500000
       retry log10(dt/yr), log10(dt), retry_factor     2   950       -6.352114        1.146998        0.500000
       retry log10(dt/yr), log10(dt), retry_factor     1   951       -6.732869        0.766243        0.500000
       retry log10(dt/yr), log10(dt), retry_factor     1   955       -6.810968        0.688143        0.500000
       retry log10(dt/yr), log10(dt), retry_factor     1   957       -7.111998        0.387113        0.500000
       retry log10(dt/yr), log10(dt), retry_factor     1   958       -7.413028        0.086083        0.500000
       retry log10(dt/yr), log10(dt), retry_factor     1   961       -7.714058       -0.214947        0.500000
       retry log10(dt/yr), log10(dt), retry_factor     2   961       -8.015088       -0.515977        0.500000
       retry log10(dt/yr), log10(dt), retry_factor     1   962       -8.316118       -0.817007        0.500000
       retry log10(dt/yr), log10(dt), retry_factor     1   966       -8.673281       -1.174169        0.500000
       retry log10(dt/yr), log10(dt), retry_factor     1   973       -8.645290       -1.146178        0.500000
       1000   8.457931  1.189E+07   3.399350   6.242990   1.400000   1.400000   0.000000   0.000000   0.275200   0.061596  12.086993    965    186
  -8.766052   6.657899  -4.791946   3.153513   4.044227  -8.522879   0.000000   0.000000   0.000000   0.020000   0.043315  78.969148      6     21
 1.1141E-03  23.258416   3.669965   6.242013  14.498508  -0.780441   0.000000   0.000000   0.000000   0.000687  8.951E-01  0.373E-09        lgTeff

save LOGS/profile4.data for model 1000
save photos/1000 for model 1000
 bad other yaxis for History panels plot num_zones

 ERROR: failed to find log_Teff in history data

 grid1/grid1_001000.png/png
hydro_newton_step failed to accept
       retry log10(dt/yr), log10(dt), retry_factor     1  1004       -9.272753       -1.773642        0.500000
       retry log10(dt/yr), log10(dt), retry_factor     1  1056       -7.441682        0.057429        0.500000
       retry log10(dt/yr), log10(dt), retry_factor     2  1056       -7.742712       -0.243600        0.500000
 have reached retry limit so now backup
       retry log10(dt/yr), log10(dt), retry_factor     1  1058       -8.334472       -0.835361        0.500000
hydro_newton_step failed to accept
       retry log10(dt/yr), log10(dt), retry_factor     1  1059       -8.635502       -1.136391        0.500000
hydro_newton_step failed to accept
       retry log10(dt/yr), log10(dt), retry_factor     1  1067       -7.880311       -0.381199        0.500000
       retry log10(dt/yr), log10(dt), retry_factor     2  1067       -8.181341       -0.682229        0.500000
 have reached retry limit so now backup
       retry log10(dt/yr), log10(dt), retry_factor     1  1075       -7.921110       -0.421999        0.500000
hydro_newton_step failed to accept
       retry log10(dt/yr), log10(dt), retry_factor     2  1075       -8.222140       -0.723029        0.500000
 have reached retry limit so now backup
       retry log10(dt/yr), log10(dt), retry_factor     1  1107       -7.606416       -0.107304        0.500000
       retry log10(dt/yr), log10(dt), retry_factor     2  1107       -7.907446       -0.408334        0.500000
 have reached retry limit so now backup
       retry log10(dt/yr), log10(dt), retry_factor     1  1114       -7.686329       -0.187217        0.500000
       retry log10(dt/yr), log10(dt), retry_factor     1  1161       -5.512024        1.987088        0.500000
       retry log10(dt/yr), log10(dt), retry_factor     2  1161       -5.813054        1.686058        0.500000
       retry log10(dt/yr), log10(dt), retry_factor     1  1162       -6.114084        1.385028        0.500000
       retry log10(dt/yr), log10(dt), retry_factor     1  1168       -5.695703        1.803408        0.500000
       retry log10(dt/yr), log10(dt), retry_factor     1  1173       -5.590911        1.908201        0.500000
       retry log10(dt/yr), log10(dt), retry_factor     1  1177       -5.630207        1.868904        0.500000
       retry log10(dt/yr), log10(dt), retry_factor     1  1182       -5.587059        1.912053        0.500000
       retry log10(dt/yr), log10(dt), retry_factor     1  1187       -5.562028        1.937084        0.500000
hydro_newton_step failed to accept
       retry log10(dt/yr), log10(dt), retry_factor     2  1187       -5.863058        1.636054        0.500000
       retry log10(dt/yr), log10(dt), retry_factor     1  1188       -6.164088        1.335024        0.500000
       retry log10(dt/yr), log10(dt), retry_factor     1  1195       -5.625677        1.873434        0.500000
       retry log10(dt/yr), log10(dt), retry_factor     2  1195       -5.926707        1.572404        0.500000
 have reached retry limit so now backup
       retry log10(dt/yr), log10(dt), retry_factor     1  1202       -5.523909        1.975202        0.500000
       retry log10(dt/yr), log10(dt), retry_factor     1  1204       -5.848646        1.650466        0.500000
hydro_newton_step failed to accept
       retry log10(dt/yr), log10(dt), retry_factor     2  1204       -6.149676        1.349436        0.500000
 have reached retry limit so now backup
       retry log10(dt/yr), log10(dt), retry_factor     1  1207       -6.450706        1.048406        0.500000
       retry log10(dt/yr), log10(dt), retry_factor     1  1208       -6.751736        0.747376        0.500000
       retry log10(dt/yr), log10(dt), retry_factor     1  1216       -5.547616        1.951496        0.500000
hydro_newton_step failed to accept
       retry log10(dt/yr), log10(dt), retry_factor     2  1216       -5.848646        1.650466        0.500000
 have reached retry limit so now backup
hydro_newton_step failed to accept
       retry log10(dt/yr), log10(dt), retry_factor     1  1217       -6.343496        1.155616        0.500000
       retry log10(dt/yr), log10(dt), retry_factor     2  1217       -6.644526        0.854586        0.500000
       retry log10(dt/yr), log10(dt), retry_factor     1  1218       -6.945556        0.553556        0.500000
       retry log10(dt/yr), log10(dt), retry_factor     1  1226       -5.918625        1.580486        0.500000
hydro_newton_step failed to accept
       retry log10(dt/yr), log10(dt), retry_factor     1  1227       -6.316565        1.182546        0.500000
       retry log10(dt/yr), log10(dt), retry_factor     1  1228       -6.617595        0.881516        0.500000
       retry log10(dt/yr), log10(dt), retry_factor     2  1228       -6.918625        0.580486        0.500000
       retry log10(dt/yr), log10(dt), retry_factor     1  1235       -6.015535        1.483576        0.500000
       retry log10(dt/yr), log10(dt), retry_factor     1  1237       -6.316565        1.182546        0.500000
hydro_newton_step failed to accept
       retry log10(dt/yr), log10(dt), retry_factor     1  1238       -6.714505        0.784606        0.500000
       retry log10(dt/yr), log10(dt), retry_factor     2  1238       -7.015535        0.483576        0.500000
       retry log10(dt/yr), log10(dt), retry_factor     1  1239       -7.316565        0.182546        0.500000
       retry log10(dt/yr), log10(dt), retry_factor     1  1246       -6.591141        0.907971        0.500000
       retry log10(dt/yr), log10(dt), retry_factor     2  1246       -6.892171        0.606941        0.500000
       retry log10(dt/yr), log10(dt), retry_factor     1  1247       -7.193201        0.305911        0.500000
       retry log10(dt/yr), log10(dt), retry_factor     1  1249       -7.494231        0.004881        0.500000
       retry log10(dt/yr), log10(dt), retry_factor     1  1252       -7.795261       -0.296149        0.500000
       retry log10(dt/yr), log10(dt), retry_factor     1  1255       -8.096291       -0.597179        0.500000
       retry log10(dt/yr), log10(dt), retry_factor     1  1256       -8.493357       -0.994245        0.500000
       retry log10(dt/yr), log10(dt), retry_factor     1  1268       -8.756460       -1.257348        0.500000
hydro_newton_step failed to accept
       retry log10(dt/yr), log10(dt), retry_factor     1  1346       -7.131146        0.367966        0.500000
       retry log10(dt/yr), log10(dt), retry_factor     2  1346       -7.432176        0.066936        0.500000
 have reached retry limit so now backup
       retry log10(dt/yr), log10(dt), retry_factor     1  1347       -7.733206       -0.234094        0.500000
       retry log10(dt/yr), log10(dt), retry_factor     2  1347       -8.034236       -0.535124        0.500000
 have reached retry limit so now backup
       retry log10(dt/yr), log10(dt), retry_factor     1  1348       -8.335266       -0.836154        0.500000
       retry log10(dt/yr), log10(dt), retry_factor     2  1348       -8.636296       -1.137184        0.500000
 have reached retry limit so now backup
       retry log10(dt/yr), log10(dt), retry_factor     1  1349       -8.937326       -1.438214        0.500000
       retry log10(dt/yr), log10(dt), retry_factor     2  1349       -9.238356       -1.739244        0.500000
 have reached retry limit so now backup
       retry log10(dt/yr), log10(dt), retry_factor     1  1349       -9.539386       -2.040274        0.500000
       retry log10(dt/yr), log10(dt), retry_factor     2  1349       -9.840416       -2.341304        0.500000
 have reached retry limit so now backup
       retry log10(dt/yr), log10(dt), retry_factor     1  1350      -10.141446       -2.642334        0.500000
       retry log10(dt/yr), log10(dt), retry_factor     2  1350      -10.442476       -2.943364        0.500000
 have reached retry limit so now backup
       retry log10(dt/yr), log10(dt), retry_factor     1  1353      -10.743506       -3.244394        0.500000
       retry log10(dt/yr), log10(dt), retry_factor     2  1353      -11.044536       -3.545424        0.500000
       retry log10(dt/yr), log10(dt), retry_factor     1  1373       -7.499028        0.000084        0.500000
hydro_newton_step failed to accept
       retry log10(dt/yr), log10(dt), retry_factor     2  1373       -7.800058       -0.300946        0.500000
       retry log10(dt/yr), log10(dt), retry_factor     1  1376       -8.294908       -0.795797        0.500000
       retry log10(dt/yr), log10(dt), retry_factor     1  1385       -7.706234       -0.207123        0.500000
hydro_newton_step failed to accept
       retry log10(dt/yr), log10(dt), retry_factor     2  1385       -8.007264       -0.508153        0.500000
 have reached retry limit so now backup
       retry log10(dt/yr), log10(dt), retry_factor     1  1421       -7.572799       -0.073687        0.500000
       retry log10(dt/yr), log10(dt), retry_factor     2  1421       -7.873829       -0.374717        0.500000
       retry log10(dt/yr), log10(dt), retry_factor     1  1467       -5.753226        1.745886        0.500000
       retry log10(dt/yr), log10(dt), retry_factor     1  1472       -5.452196        2.046916        0.500000
       retry log10(dt/yr), log10(dt), retry_factor     2  1472       -5.753226        1.745886        0.500000
 have reached retry limit so now backup
       retry log10(dt/yr), log10(dt), retry_factor     1  1473       -6.151166        1.347946        0.500000
       retry log10(dt/yr), log10(dt), retry_factor     1  1480       -5.502680        1.996431        0.500000
       retry log10(dt/yr), log10(dt), retry_factor     2  1480       -5.803710        1.695401        0.500000
       retry log10(dt/yr), log10(dt), retry_factor     1  1482       -6.187403        1.311708        0.500000
       retry log10(dt/yr), log10(dt), retry_factor     2  1482       -6.488433        1.010678        0.500000
       retry log10(dt/yr), log10(dt), retry_factor     1  1490       -5.485580        2.013531        0.500000
       retry log10(dt/yr), log10(dt), retry_factor     1  1494       -5.883520        1.615591        0.500000
       retry log10(dt/yr), log10(dt), retry_factor     1  1495       -6.184550        1.314561        0.500000
       retry log10(dt/yr), log10(dt), retry_factor     2  1495       -6.485580        1.013531        0.500000
 bad other yaxis for History panels plot num_zones

 ERROR: failed to find log_Teff in history data

 grid1/grid1_001500.png/png
       retry log10(dt/yr), log10(dt), retry_factor     1  1503       -5.281460        2.217651        0.500000
       retry log10(dt/yr), log10(dt), retry_factor     2  1503       -5.582490        1.916621        0.500000
 have reached retry limit so now backup
       retry log10(dt/yr), log10(dt), retry_factor     1  1504       -6.077340        1.421771        0.500000
       retry log10(dt/yr), log10(dt), retry_factor     1  1511       -5.174251        2.324861        0.500000
hydro_newton_step failed to accept
       retry log10(dt/yr), log10(dt), retry_factor     2  1511       -5.475281        2.023831        0.500000
 have reached retry limit so now backup
hydro_newton_step failed to accept
       retry log10(dt/yr), log10(dt), retry_factor     1  1512       -5.970131        1.528981        0.500000
       retry log10(dt/yr), log10(dt), retry_factor     1  1518       -5.511270        1.987841        0.500000
       retry log10(dt/yr), log10(dt), retry_factor     2  1518       -5.812300        1.686811        0.500000
 have reached retry limit so now backup
       retry log10(dt/yr), log10(dt), retry_factor     1  1522       -5.871919        1.627193        0.500000
       retry log10(dt/yr), log10(dt), retry_factor     1  1527       -5.656972        1.842140        0.500000
hydro_newton_step failed to accept
       retry log10(dt/yr), log10(dt), retry_factor     1  1529       -6.054912        1.444200        0.500000
hydro_newton_step failed to accept
       retry log10(dt/yr), log10(dt), retry_factor     2  1529       -6.355942        1.143170        0.500000
       retry log10(dt/yr), log10(dt), retry_factor     1  1530       -6.656972        0.842140        0.500000
       retry log10(dt/yr), log10(dt), retry_factor     2  1530       -6.958002        0.541110        0.500000
hydro_newton_step failed to accept
       retry log10(dt/yr), log10(dt), retry_factor     1  1538       -6.142010        1.357102        0.500000
       retry log10(dt/yr), log10(dt), retry_factor     2  1538       -6.443040        1.056072        0.500000
       retry log10(dt/yr), log10(dt), retry_factor     1  1542       -6.443040        1.056072        0.500000
       retry log10(dt/yr), log10(dt), retry_factor     1  1543       -6.744070        0.755042        0.500000
       retry log10(dt/yr), log10(dt), retry_factor     1  1545       -7.045100        0.454012        0.500000
       retry log10(dt/yr), log10(dt), retry_factor     1  1546       -7.346130        0.152982        0.500000
       retry log10(dt/yr), log10(dt), retry_factor     1  1547       -7.647160       -0.148048        0.500000
       retry log10(dt/yr), log10(dt), retry_factor     1  1550       -7.948190       -0.449078        0.500000
       retry log10(dt/yr), log10(dt), retry_factor     1  1551       -8.335045       -0.835933        0.500000
       retry log10(dt/yr), log10(dt), retry_factor     1  1586       -9.367865       -1.868753        0.500000
       retry log10(dt/yr), log10(dt), retry_factor     1  1640       -7.311864        0.187248        0.500000
       retry log10(dt/yr), log10(dt), retry_factor     2  1640       -7.612894       -0.113782        0.500000
 have reached retry limit so now backup
       retry log10(dt/yr), log10(dt), retry_factor     1  1643       -7.913924       -0.414812        0.500000
       retry log10(dt/yr), log10(dt), retry_factor     2  1643       -8.214954       -0.715842        0.500000
 have reached retry limit so now backup
       retry log10(dt/yr), log10(dt), retry_factor     1  1643       -8.515984       -1.016872        0.500000
       retry log10(dt/yr), log10(dt), retry_factor     2  1643       -8.817014       -1.317902        0.500000
 have reached retry limit so now backup
       retry log10(dt/yr), log10(dt), retry_factor     1  1644       -9.118044       -1.618932        0.500000
       retry log10(dt/yr), log10(dt), retry_factor     2  1644       -9.419074       -1.919962        0.500000
 have reached retry limit so now backup
       retry log10(dt/yr), log10(dt), retry_factor     1  1646       -9.720104       -2.220992        0.500000
       retry log10(dt/yr), log10(dt), retry_factor     1  1660       -7.645715       -0.146604        0.500000
hydro_newton_step failed to accept
       retry log10(dt/yr), log10(dt), retry_factor     1  1661       -8.043655       -0.544544        0.500000
hydro_newton_step failed to accept
       retry log10(dt/yr), log10(dt), retry_factor     2  1661       -8.344685       -0.845574        0.500000
       retry log10(dt/yr), log10(dt), retry_factor     1  1668       -7.908704       -0.409592        0.500000
       retry log10(dt/yr), log10(dt), retry_factor     2  1668       -8.209734       -0.710622        0.500000
       retry log10(dt/yr), log10(dt), retry_factor     1  1699       -7.603445       -0.104333        0.500000
       retry log10(dt/yr), log10(dt), retry_factor     2  1699       -7.904475       -0.405363        0.500000
 have reached retry limit so now backup
       retry log10(dt/yr), log10(dt), retry_factor     1  1704       -7.603445       -0.104333        0.500000
       retry log10(dt/yr), log10(dt), retry_factor     2  1704       -7.904475       -0.405363        0.500000
       retry log10(dt/yr), log10(dt), retry_factor     1  1710       -7.685144       -0.186033        0.500000
       retry log10(dt/yr), log10(dt), retry_factor     2  1710       -7.986174       -0.487063        0.500000
       retry log10(dt/yr), log10(dt), retry_factor     1  1760       -6.057894        1.441218        0.500000
       retry log10(dt/yr), log10(dt), retry_factor     1  1761       -6.358924        1.140188        0.500000
       retry log10(dt/yr), log10(dt), retry_factor     1  1768       -5.610932        1.888179        0.500000
       retry log10(dt/yr), log10(dt), retry_factor     1  1769       -6.008872        1.490239        0.500000
       retry log10(dt/yr), log10(dt), retry_factor     1  1770       -6.309902        1.189209        0.500000
       retry log10(dt/yr), log10(dt), retry_factor     1  1777       -5.579070        1.920042        0.500000
       retry log10(dt/yr), log10(dt), retry_factor     1  1781       -5.579070        1.920042        0.500000
       retry log10(dt/yr), log10(dt), retry_factor     1  1782       -5.880100        1.619012        0.500000
       retry log10(dt/yr), log10(dt), retry_factor     1  1789       -5.360145        2.138967        0.500000
       retry log10(dt/yr), log10(dt), retry_factor     1  1791       -5.758085        1.741027        0.500000
       retry log10(dt/yr), log10(dt), retry_factor     1  1797       -5.394149        2.104962        0.500000
       retry log10(dt/yr), log10(dt), retry_factor     1  1799       -5.750079        1.749033        0.500000
       retry log10(dt/yr), log10(dt), retry_factor     2  1799       -6.051109        1.448003        0.500000
 have reached retry limit so now backup
       retry log10(dt/yr), log10(dt), retry_factor     1  1805       -5.474468        2.024644        0.500000
hydro_newton_step failed to accept
       retry log10(dt/yr), log10(dt), retry_factor     1  1807       -5.872408        1.626704        0.500000
hydro_newton_step failed to accept
       retry log10(dt/yr), log10(dt), retry_factor     2  1807       -6.173438        1.325674        0.500000
       retry log10(dt/yr), log10(dt), retry_factor     1  1808       -6.474468        1.024644        0.500000
       retry log10(dt/yr), log10(dt), retry_factor     2  1808       -6.775498        0.723614        0.500000
       retry log10(dt/yr), log10(dt), retry_factor     1  1809       -7.076528        0.422584        0.500000
       retry log10(dt/yr), log10(dt), retry_factor     1  1818       -5.833492        1.665619        0.500000
hydro_newton_step failed to accept
       retry log10(dt/yr), log10(dt), retry_factor     2  1818       -6.134522        1.364589        0.500000
       retry log10(dt/yr), log10(dt), retry_factor     1  1823       -5.902708        1.596403        0.500000
       retry log10(dt/yr), log10(dt), retry_factor     1  1824       -6.203738        1.295373        0.500000
hydro_newton_step failed to accept
       retry log10(dt/yr), log10(dt), retry_factor     1  1825       -6.601678        0.897433        0.500000
       retry log10(dt/yr), log10(dt), retry_factor     1  1829       -6.300648        1.198463        0.500000
       retry log10(dt/yr), log10(dt), retry_factor     2  1829       -6.601678        0.897433        0.500000
       retry log10(dt/yr), log10(dt), retry_factor     1  1831       -6.902708        0.596403        0.500000
hydro_newton_step failed to accept
       retry log10(dt/yr), log10(dt), retry_factor     1  1832       -7.203738        0.295373        0.500000
       retry log10(dt/yr), log10(dt), retry_factor     1  1834       -7.504768       -0.005657        0.500000
       retry log10(dt/yr), log10(dt), retry_factor     1  1836       -7.805798       -0.306687        0.500000
       retry log10(dt/yr), log10(dt), retry_factor     1  1840       -8.203738       -0.704627        0.500000
hydro_newton_step failed to accept
       retry log10(dt/yr), log10(dt), retry_factor     1  1878       -9.142087       -1.642976        0.500000
hydro_newton_step failed to accept
       retry log10(dt/yr), log10(dt), retry_factor     1  1879       -9.142087       -1.642976        0.500000
       retry log10(dt/yr), log10(dt), retry_factor     1  1920       -7.464863        0.034249        0.500000
hydro_newton_step failed to accept
       retry log10(dt/yr), log10(dt), retry_factor     2  1920       -7.765893       -0.266781        0.500000
hydro_newton_step failed to accept
       retry log10(dt/yr), log10(dt), retry_factor     1  1921       -8.163833       -0.664721        0.500000
       retry log10(dt/yr), log10(dt), retry_factor     2  1921       -8.464863       -0.965751        0.500000
       retry log10(dt/yr), log10(dt), retry_factor     1  1930       -8.256601       -0.757489        0.500000
hydro_newton_step failed to accept
       retry log10(dt/yr), log10(dt), retry_factor     2  1930       -8.557631       -1.058519        0.500000
 have reached retry limit so now backup
       retry log10(dt/yr), log10(dt), retry_factor     1  1938       -7.797017       -0.297906        0.500000
       retry log10(dt/yr), log10(dt), retry_factor     2  1938       -8.098047       -0.598936        0.500000
 have reached retry limit so now backup
       retry log10(dt/yr), log10(dt), retry_factor     1  1946       -7.940568       -0.441456        0.500000
       retry log10(dt/yr), log10(dt), retry_factor     1  1967       -7.568015       -0.068903        0.500000
       retry log10(dt/yr), log10(dt), retry_factor     2  1967       -7.869045       -0.369933        0.500000
       retry log10(dt/yr), log10(dt), retry_factor     1  1974       -7.484379        0.014733        0.500000
       retry log10(dt/yr), log10(dt), retry_factor     2  1974       -7.785409       -0.286297        0.500000
 have reached retry limit so now backup
       retry log10(dt/yr), log10(dt), retry_factor     1  1979       -7.484379        0.014733        0.500000
       retry log10(dt/yr), log10(dt), retry_factor     2  1979       -7.785409       -0.286297        0.500000
       retry log10(dt/yr), log10(dt), retry_factor     1  1981       -8.086439       -0.587327        0.500000
       retry log10(dt/yr), log10(dt), retry_factor     2  1981       -8.387469       -0.888357        0.500000
       2000   8.713279  6.727E+06   1.316962   2.139397   1.400000   1.400000   0.000000   0.000000   0.275200   0.014982   6.981443   1271    364
  -6.596927   6.706286  -4.792571   0.911418   1.676166  -8.522879   0.000000   0.000000   0.000000   0.020000   0.015777  45.523843      6     48
 1.9202E-03  23.355079   2.679737   2.037206  14.211893  -0.757764   0.000000   0.000000   0.000000   0.000687  9.692E-01  0.312E-13        lgTeff

save LOGS/profile5.data for model 2000
save photos/2000 for model 2000
 bad other yaxis for History panels plot num_zones

 ERROR: failed to find log_Teff in history data

 grid1/grid1_002000.png/png
       retry log10(dt/yr), log10(dt), retry_factor     1  2030       -5.730452        1.768660        0.500000
       retry log10(dt/yr), log10(dt), retry_factor     1  2035       -5.629892        1.869219        0.500000
       retry log10(dt/yr), log10(dt), retry_factor     1  2040       -5.557197        1.941915        0.500000
       retry log10(dt/yr), log10(dt), retry_factor     1  2045       -5.256167        2.242945        0.500000
       retry log10(dt/yr), log10(dt), retry_factor     2  2045       -5.557197        1.941915        0.500000
 have reached retry limit so now backup
       retry log10(dt/yr), log10(dt), retry_factor     1  2046       -6.052047        1.447065        0.500000
       retry log10(dt/yr), log10(dt), retry_factor     1  2053       -5.544571        1.954541        0.500000
       retry log10(dt/yr), log10(dt), retry_factor     2  2053       -5.845601        1.653511        0.500000
 have reached retry limit so now backup
       retry log10(dt/yr), log10(dt), retry_factor     1  2061       -5.423849        2.075262        0.500000
       retry log10(dt/yr), log10(dt), retry_factor     2  2061       -5.724879        1.774232        0.500000
       retry log10(dt/yr), log10(dt), retry_factor     1  2062       -6.122819        1.376292        0.500000
       retry log10(dt/yr), log10(dt), retry_factor     1  2068       -5.520759        1.978352        0.500000
       retry log10(dt/yr), log10(dt), retry_factor     1  2069       -5.821789        1.677322        0.500000
hydro_newton_step failed to accept
       retry log10(dt/yr), log10(dt), retry_factor     1  2070       -6.219729        1.279382        0.500000
       retry log10(dt/yr), log10(dt), retry_factor     1  2071       -6.520759        0.978352        0.500000
       retry log10(dt/yr), log10(dt), retry_factor     1  2072       -6.821789        0.677322        0.500000
       retry log10(dt/yr), log10(dt), retry_factor     1  2080       -5.617669        1.881442        0.500000
hydro_newton_step failed to accept
       retry log10(dt/yr), log10(dt), retry_factor     1  2082       -6.015609        1.483502        0.500000
hydro_newton_step failed to accept
       retry log10(dt/yr), log10(dt), retry_factor     2  2082       -6.316639        1.182472        0.500000
 have reached retry limit so now backup
hydro_newton_step failed to accept
       retry log10(dt/yr), log10(dt), retry_factor     1  2086       -6.380790        1.118321        0.500000
       retry log10(dt/yr), log10(dt), retry_factor     1  2087       -6.428257        1.070854        0.500000
       retry log10(dt/yr), log10(dt), retry_factor     2  2087       -6.729287        0.769824        0.500000
       retry log10(dt/yr), log10(dt), retry_factor     1  2095       -5.849234        1.649878        0.500000
       retry log10(dt/yr), log10(dt), retry_factor     2  2095       -6.150264        1.348848        0.500000
hydro_newton_step failed to accept
       retry log10(dt/yr), log10(dt), retry_factor     1  2096       -6.548204        0.950908        0.500000
       retry log10(dt/yr), log10(dt), retry_factor     1  2097       -6.849234        0.649878        0.500000
       retry log10(dt/yr), log10(dt), retry_factor     2  2097       -7.150264        0.348848        0.500000
       retry log10(dt/yr), log10(dt), retry_factor     1  2104       -6.416346        1.082765        0.500000
       retry log10(dt/yr), log10(dt), retry_factor     2  2104       -6.717376        0.781735        0.500000
hydro_newton_step failed to accept
       retry log10(dt/yr), log10(dt), retry_factor     1  2105       -7.018406        0.480705        0.500000
       retry log10(dt/yr), log10(dt), retry_factor     1  2108       -7.018406        0.480705        0.500000
       retry log10(dt/yr), log10(dt), retry_factor     2  2108       -7.319436        0.179675        0.500000
hydro_newton_step failed to accept
       retry log10(dt/yr), log10(dt), retry_factor     1  2109       -7.620466       -0.121355        0.500000
       retry log10(dt/yr), log10(dt), retry_factor     1  2112       -7.620466       -0.121355        0.500000
       retry log10(dt/yr), log10(dt), retry_factor     1  2113       -7.921496       -0.422385        0.500000
       retry log10(dt/yr), log10(dt), retry_factor     1  2114       -8.222526       -0.723415        0.500000
       retry log10(dt/yr), log10(dt), retry_factor     1  2150       -9.148405       -1.649294        0.500000
       retry log10(dt/yr), log10(dt), retry_factor     1  2200       -7.412484        0.086627        0.500000
       retry log10(dt/yr), log10(dt), retry_factor     2  2200       -7.713514       -0.214403        0.500000
 have reached retry limit so now backup
       retry log10(dt/yr), log10(dt), retry_factor     1  2202       -8.014544       -0.515433        0.500000
       retry log10(dt/yr), log10(dt), retry_factor     2  2202       -8.315574       -0.816463        0.500000
 have reached retry limit so now backup
       retry log10(dt/yr), log10(dt), retry_factor     1  2205       -8.616604       -1.117493        0.500000
       retry log10(dt/yr), log10(dt), retry_factor     2  2205       -8.917634       -1.418523        0.500000
 have reached retry limit so now backup
       retry log10(dt/yr), log10(dt), retry_factor     1  2206       -9.218664       -1.719553        0.500000
       retry log10(dt/yr), log10(dt), retry_factor     2  2206       -9.519694       -2.020583        0.500000
       retry log10(dt/yr), log10(dt), retry_factor     1  2218       -7.707493       -0.208382        0.500000
       retry log10(dt/yr), log10(dt), retry_factor     2  2218       -8.008523       -0.509412        0.500000
 have reached retry limit so now backup
hydro_newton_step failed to accept
       retry log10(dt/yr), log10(dt), retry_factor     1  2222       -8.110259       -0.611148        0.500000
hydro_newton_step failed to accept
       retry log10(dt/yr), log10(dt), retry_factor     2  2222       -8.411289       -0.912178        0.500000
       retry log10(dt/yr), log10(dt), retry_factor     1  2224       -8.233679       -0.734567        0.500000
hydro_newton_step failed to accept
       retry log10(dt/yr), log10(dt), retry_factor     2  2224       -8.534709       -1.035597        0.500000
       retry log10(dt/yr), log10(dt), retry_factor     1  2232       -7.903597       -0.404485        0.500000
       retry log10(dt/yr), log10(dt), retry_factor     2  2232       -8.204627       -0.705515        0.500000
hydro_newton_step failed to accept
       retry log10(dt/yr), log10(dt), retry_factor     1  2240       -7.781490       -0.282379        0.500000
hydro_newton_step failed to accept
       retry log10(dt/yr), log10(dt), retry_factor     2  2240       -8.082520       -0.583409        0.500000
 have reached retry limit so now backup
       retry log10(dt/yr), log10(dt), retry_factor     1  2269       -7.509456       -0.010345        0.500000
       retry log10(dt/yr), log10(dt), retry_factor     2  2269       -7.810486       -0.311375        0.500000
 have reached retry limit so now backup
       retry log10(dt/yr), log10(dt), retry_factor     1  2274       -7.509456       -0.010345        0.500000
       retry log10(dt/yr), log10(dt), retry_factor     1  2275       -7.810486       -0.311375        0.500000
       retry log10(dt/yr), log10(dt), retry_factor     2  2275       -8.111516       -0.612405        0.500000
       retry log10(dt/yr), log10(dt), retry_factor     1  2283       -7.380345        0.118766        0.500000
       retry log10(dt/yr), log10(dt), retry_factor     2  2283       -7.681375       -0.182264        0.500000
 have reached retry limit so now backup
       retry log10(dt/yr), log10(dt), retry_factor     1  2284       -7.982405       -0.483294        0.500000
       retry log10(dt/yr), log10(dt), retry_factor     2  2284       -8.283435       -0.784324        0.500000
       retry log10(dt/yr), log10(dt), retry_factor     1  2332       -5.489208        2.009904        0.500000
       retry log10(dt/yr), log10(dt), retry_factor     2  2332       -5.790238        1.708874        0.500000
 have reached retry limit so now backup
       retry log10(dt/yr), log10(dt), retry_factor     1  2333       -6.188178        1.310934        0.500000
       retry log10(dt/yr), log10(dt), retry_factor     1  2339       -5.791382        1.707729        0.500000
       retry log10(dt/yr), log10(dt), retry_factor     1  2345       -5.422786        2.076325        0.500000
hydro_newton_step failed to accept
       retry log10(dt/yr), log10(dt), retry_factor     2  2345       -5.723816        1.775295        0.500000
 have reached retry limit so now backup
       retry log10(dt/yr), log10(dt), retry_factor     1  2351       -5.516840        1.982271        0.500000
       retry log10(dt/yr), log10(dt), retry_factor     1  2355       -5.914780        1.584331        0.500000
       retry log10(dt/yr), log10(dt), retry_factor     1  2361       -5.553384        1.945728        0.500000
hydro_newton_step failed to accept
       retry log10(dt/yr), log10(dt), retry_factor     1  2362       -5.951324        1.547788        0.500000
       retry log10(dt/yr), log10(dt), retry_factor     1  2363       -6.252354        1.246758        0.500000
       retry log10(dt/yr), log10(dt), retry_factor     1  2370       -5.514831        1.984280        0.500000
hydro_newton_step failed to accept
       retry log10(dt/yr), log10(dt), retry_factor     1  2371       -5.912771        1.586340        0.500000
       retry log10(dt/yr), log10(dt), retry_factor     1  2372       -6.213801        1.285310        0.500000
       retry log10(dt/yr), log10(dt), retry_factor     2  2372       -6.514831        0.984280        0.500000
       retry log10(dt/yr), log10(dt), retry_factor     1  2373       -6.815861        0.683250        0.500000
       retry log10(dt/yr), log10(dt), retry_factor     1  2382       -5.566008        1.933104        0.500000
       retry log10(dt/yr), log10(dt), retry_factor     2  2382       -5.867038        1.632074        0.500000
       retry log10(dt/yr), log10(dt), retry_factor     1  2387       -5.638455        1.860657        0.500000
       retry log10(dt/yr), log10(dt), retry_factor     1  2389       -5.939485        1.559627        0.500000
hydro_newton_step failed to accept
       retry log10(dt/yr), log10(dt), retry_factor     2  2389       -6.240515        1.258597        0.500000
 have reached retry limit so now backup
       retry log10(dt/yr), log10(dt), retry_factor     1  2392       -6.541545        0.957567        0.500000
hydro_newton_step failed to accept
       retry log10(dt/yr), log10(dt), retry_factor     1  2399       -5.780497        1.718614        0.500000
hydro_newton_step failed to accept
       retry log10(dt/yr), log10(dt), retry_factor     1  2400       -6.159670        1.339442        0.500000
       retry log10(dt/yr), log10(dt), retry_factor     1  2401       -6.557610        0.941502        0.500000
       retry log10(dt/yr), log10(dt), retry_factor     2  2401       -6.858640        0.640472        0.500000
       retry log10(dt/yr), log10(dt), retry_factor     1  2402       -7.159670        0.339442        0.500000
       retry log10(dt/yr), log10(dt), retry_factor     1  2408       -6.557610        0.941502        0.500000
       retry log10(dt/yr), log10(dt), retry_factor     2  2408       -6.858640        0.640472        0.500000
       retry log10(dt/yr), log10(dt), retry_factor     1  2415       -5.955550        1.543562        0.500000
       retry log10(dt/yr), log10(dt), retry_factor     1  2416       -6.256580        1.242532        0.500000
       retry log10(dt/yr), log10(dt), retry_factor     1  2418       -6.654520        0.844592        0.500000
       retry log10(dt/yr), log10(dt), retry_factor     1  2419       -6.955550        0.543562        0.500000
       retry log10(dt/yr), log10(dt), retry_factor     2  2419       -7.256580        0.242532        0.500000
       retry log10(dt/yr), log10(dt), retry_factor     1  2425       -6.654520        0.844592        0.500000
       retry log10(dt/yr), log10(dt), retry_factor     2  2425       -6.955550        0.543562        0.500000
       retry log10(dt/yr), log10(dt), retry_factor     1  2427       -7.256580        0.242532        0.500000
       retry log10(dt/yr), log10(dt), retry_factor     1  2429       -7.557610       -0.058498        0.500000
       retry log10(dt/yr), log10(dt), retry_factor     1  2431       -7.858640       -0.359528        0.500000
       retry log10(dt/yr), log10(dt), retry_factor     1  2435       -8.353490       -0.854378        0.500000
       retry log10(dt/yr), log10(dt), retry_factor     1  2444       -8.752684       -1.253572        0.500000
       retry log10(dt/yr), log10(dt), retry_factor     1  2449       -9.436651       -1.937539        0.500000
 bad other yaxis for History panels plot num_zones

 ERROR: failed to find log_Teff in history data

 grid1/grid1_002500.png/png
       retry log10(dt/yr), log10(dt), retry_factor     1  2519       -7.751932       -0.252820        0.500000
       retry log10(dt/yr), log10(dt), retry_factor     2  2519       -8.052962       -0.553850        0.500000
 have reached retry limit so now backup
       retry log10(dt/yr), log10(dt), retry_factor     1  2521       -8.353992       -0.854880        0.500000
       retry log10(dt/yr), log10(dt), retry_factor     2  2521       -8.655022       -1.155910        0.500000
 have reached retry limit so now backup
       retry log10(dt/yr), log10(dt), retry_factor     1  2524       -8.956052       -1.456940        0.500000
       retry log10(dt/yr), log10(dt), retry_factor     2  2524       -9.257082       -1.757970        0.500000
       retry log10(dt/yr), log10(dt), retry_factor     1  2534       -7.955918       -0.456807        0.500000
hydro_newton_step failed to accept
       retry log10(dt/yr), log10(dt), retry_factor     1  2536       -8.450768       -0.951657        0.500000
       retry log10(dt/yr), log10(dt), retry_factor     1  2542       -8.046101       -0.546989        0.500000
       retry log10(dt/yr), log10(dt), retry_factor     1  2575       -7.643694       -0.144582        0.500000
       retry log10(dt/yr), log10(dt), retry_factor     2  2575       -7.944724       -0.445612        0.500000
 have reached retry limit so now backup
       retry log10(dt/yr), log10(dt), retry_factor     1  2582       -7.494564        0.004548        0.500000
       retry log10(dt/yr), log10(dt), retry_factor     2  2582       -7.795594       -0.296482        0.500000
       retry log10(dt/yr), log10(dt), retry_factor     1  2592       -7.277596        0.221515        0.500000
       retry log10(dt/yr), log10(dt), retry_factor     2  2592       -7.578626       -0.079515        0.500000
 have reached retry limit so now backup
       retry log10(dt/yr), log10(dt), retry_factor     1  2633       -5.910049        1.589063        0.500000
       retry log10(dt/yr), log10(dt), retry_factor     1  2638       -5.756979        1.742133        0.500000
       retry log10(dt/yr), log10(dt), retry_factor     1  2644       -5.427526        2.071585        0.500000
       retry log10(dt/yr), log10(dt), retry_factor     2  2644       -5.728556        1.770555        0.500000
 have reached retry limit so now backup
       retry log10(dt/yr), log10(dt), retry_factor     1  2650       -5.444630        2.054482        0.500000
       retry log10(dt/yr), log10(dt), retry_factor     2  2650       -5.745660        1.753452        0.500000
 have reached retry limit so now backup
       retry log10(dt/yr), log10(dt), retry_factor     1  2656       -5.464425        2.034686        0.500000
       retry log10(dt/yr), log10(dt), retry_factor     1  2657       -5.862365        1.636746        0.500000
       retry log10(dt/yr), log10(dt), retry_factor     1  2658       -6.163395        1.335716        0.500000
       retry log10(dt/yr), log10(dt), retry_factor     1  2665       -5.427629        2.071483        0.500000
hydro_newton_step failed to accept
       retry log10(dt/yr), log10(dt), retry_factor     1  2666       -5.825569        1.673543        0.500000
       retry log10(dt/yr), log10(dt), retry_factor     1  2667       -6.126599        1.372513        0.500000
       retry log10(dt/yr), log10(dt), retry_factor     1  2674       -5.543643        1.955469        0.500000
       retry log10(dt/yr), log10(dt), retry_factor     2  2674       -5.844673        1.654439        0.500000
hydro_newton_step failed to accept
       retry log10(dt/yr), log10(dt), retry_factor     1  2679       -5.949707        1.549404        0.500000
hydro_newton_step failed to accept
       retry log10(dt/yr), log10(dt), retry_factor     2  2679       -6.250737        1.248374        0.500000
       retry log10(dt/yr), log10(dt), retry_factor     1  2683       -5.419163        2.079948        0.500000
       retry log10(dt/yr), log10(dt), retry_factor     1  2684       -5.720193        1.778918        0.500000
hydro_newton_step failed to accept
       retry log10(dt/yr), log10(dt), retry_factor     2  2684       -6.021223        1.477888        0.500000
       retry log10(dt/yr), log10(dt), retry_factor     1  2690       -5.850077        1.649034        0.500000
       retry log10(dt/yr), log10(dt), retry_factor     2  2690       -6.151107        1.348004        0.500000
       retry log10(dt/yr), log10(dt), retry_factor     1  2692       -6.452137        1.046974        0.500000
       retry log10(dt/yr), log10(dt), retry_factor     1  2694       -6.753167        0.745944        0.500000
       retry log10(dt/yr), log10(dt), retry_factor     1  2695       -7.054197        0.444914        0.500000
       retry log10(dt/yr), log10(dt), retry_factor     2  2695       -7.355227        0.143884        0.500000
 have reached retry limit so now backup
       retry log10(dt/yr), log10(dt), retry_factor     1  2700       -7.121680        0.377432        0.500000
hydro_newton_step failed to accept
       retry log10(dt/yr), log10(dt), retry_factor     2  2700       -7.422710        0.076402        0.500000
/var/spool/slurmd/job6250185/slurm_script: line 65: 2425549 Killed                  $MESA_BASE/star >> /hpc/group/physics/al363/low_overhead/sens/errors/slurm._${SLURM_ARRAY_JOB_ID}_${SLURM_ARRAY_TASK_ID}.err
slurmstepd: error: Detected 1 oom-kill event(s) in StepId=6250185.batch cgroup. Some of your processes may have been killed by the cgroup out-of-memory handler.
