ls: cannot access './833/photos': No such file or directory
starting from scratch 
                                         version_number       10108
 read /hpc/group/physics/al363/low_overhead/sens/base/inlist_base
 read inlist_cluster
load saved model /hpc/group/physics/al363/sens/base/ns_relax.mod

 change to /hpc/group/physics/al363/sens/base/rp_305.net
              set special rate factor for r_ti44_pn_v44         833    1.0000000000000000D+02
              set special rate factor for r_v44_np_ti44         834    1.0000000000000000D+02
              set special rate factor for r_ti44_pn_v44         833    1.0000000000000000D+02
              set special rate factor for r_v44_np_ti44         834    1.0000000000000000D+02
 number of species         305
 read /hpc/group/physics/al363/low_overhead/sens/base/history_custom_low_overhead
 read /hpc/group/physics/al363/low_overhead/sens/base/profile_custom_low_overhead
 net name /hpc/group/physics/al363/sens/base/rp_305.net
 v_flag T
                                           xmstar/mstar    4.5461189430843640D-12
                                             xmstar (g)    1.2660395722219186D+22
                                           M_center (g)    2.7848799999878681D+33
                                            xmstar/Msun    6.3645665203193175D-12
                                          M_center/Msun    1.3999999999939012D+00
                                          R_center (cm)    1.1200000000000000D+06
                                          R_center/Rsun    1.6092416448748527D-05
                                           core density    4.7322078204273819D+14
                                          L_center/Lsun    4.1647144567650578D+00
 kappa_file_prefix gs98
 kappa_lowT_prefix lowT_fa05_gs98

   eos_file_prefix mesa
                                        OMP_NUM_THREADS           8


__________________________________________________________________________________________________________________________________________________

       step    lg_Tcntr    Teff       lg_LH     lg_Lnuc     Mass       H_rich     H_cntr     N_cntr     Y_surf     X_avg     eta_cntr  zones retry
   lg_dt_yr    lg_Dcntr    lg_R       lg_L3a    lg_Lneu     lg_Mdot    He_core    He_cntr    O_cntr     Z_surf     Y_avg     gam_cntr  iters bckup
     age_yr    lg_Pcntr    lg_L       lg_LZ     lg_Psurf    lg_Dsurf   C_core     C_cntr     Ne_cntr    Si_cntr    Z_avg     v_div_cs     dt_limit
__________________________________________________________________________________________________________________________________________________

save LOGS/profile1.data for model 2
         12   8.207068  1.596E+06   0.422373   0.422680   1.400000   1.400000   0.000000   0.000000   0.275200   0.032716  18.782540    782      0
  -5.834864   6.544453  -4.792968 -17.300136  -0.755568  -8.522879   0.000000   0.000000   0.000000   0.020000   0.012436 128.974929      6      0
 9.8181E-06  23.077272   0.179446  -2.727454  12.804639  -1.522785   0.000000   0.000000   0.000000   0.000687  9.548E-01 -0.112E-12      lgT_cntr

save LOGS/profile2.data for model 12
       retry log10(dt/yr), log10(dt), retry_factor     1    34       -5.396345        2.102767        0.500000
       retry log10(dt/yr), log10(dt), retry_factor     1    38       -5.396345        2.102767        0.500000
       retry log10(dt/yr), log10(dt), retry_factor     1    42       -5.396345        2.102767        0.500000
       retry log10(dt/yr), log10(dt), retry_factor     1    46       -5.396345        2.102767        0.500000
       retry log10(dt/yr), log10(dt), retry_factor     1    51       -5.095315        2.403797        0.500000
       retry log10(dt/yr), log10(dt), retry_factor     1    52       -5.095315        2.403797        0.500000
       retry log10(dt/yr), log10(dt), retry_factor     1    53       -5.095315        2.403797        0.500000
       retry log10(dt/yr), log10(dt), retry_factor     1    54       -5.095315        2.403797        0.500000
       retry log10(dt/yr), log10(dt), retry_factor     1    55       -5.095315        2.403797        0.500000
       retry log10(dt/yr), log10(dt), retry_factor     1    56       -5.095315        2.403797        0.500000
       retry log10(dt/yr), log10(dt), retry_factor     2    56       -5.396345        2.102767        0.500000
       retry log10(dt/yr), log10(dt), retry_factor     1    60       -5.396345        2.102767        0.500000
       retry log10(dt/yr), log10(dt), retry_factor     1    61       -5.697375        1.801737        0.500000
       retry log10(dt/yr), log10(dt), retry_factor     1    62       -5.998405        1.500707        0.500000
       retry log10(dt/yr), log10(dt), retry_factor     1    64       -6.299435        1.199677        0.500000
hydro_newton_step failed to accept
       retry log10(dt/yr), log10(dt), retry_factor     1    65       -6.600465        0.898647        0.500000
       retry log10(dt/yr), log10(dt), retry_factor     1    67       -6.901495        0.597617        0.500000
       retry log10(dt/yr), log10(dt), retry_factor     1    69       -7.202525        0.296587        0.500000
       retry log10(dt/yr), log10(dt), retry_factor     1    70       -7.503555       -0.004443        0.500000
       retry log10(dt/yr), log10(dt), retry_factor     1    72       -7.804585       -0.305473        0.500000
       retry log10(dt/yr), log10(dt), retry_factor     1    74       -8.105615       -0.606503        0.500000
       retry log10(dt/yr), log10(dt), retry_factor     1    75       -8.439704       -0.940592        0.500000
       retry log10(dt/yr), log10(dt), retry_factor     1   142       -8.645280       -1.146169        0.500000
       retry log10(dt/yr), log10(dt), retry_factor     1   143       -9.043220       -1.544109        0.500000
       retry log10(dt/yr), log10(dt), retry_factor     1   152       -9.050704       -1.551592        0.500000
       retry log10(dt/yr), log10(dt), retry_factor     1   159       -8.802028       -1.302917        0.500000
       retry log10(dt/yr), log10(dt), retry_factor     1   184       -7.292687        0.206424        0.500000
       retry log10(dt/yr), log10(dt), retry_factor     2   184       -7.593717       -0.094606        0.500000
       retry log10(dt/yr), log10(dt), retry_factor     1   190       -7.619120       -0.120008        0.500000
       retry log10(dt/yr), log10(dt), retry_factor     1   191       -8.017060       -0.517949        0.500000
hydro_newton_step failed to accept
       retry log10(dt/yr), log10(dt), retry_factor     2   191       -8.318090       -0.818978        0.500000
       retry log10(dt/yr), log10(dt), retry_factor     1   192       -8.619120       -1.120008        0.500000
       retry log10(dt/yr), log10(dt), retry_factor     1   211       -7.548744       -0.049633        0.500000
       retry log10(dt/yr), log10(dt), retry_factor     2   211       -7.849774       -0.350663        0.500000
       retry log10(dt/yr), log10(dt), retry_factor     1   220       -8.020878       -0.521766        0.500000
       retry log10(dt/yr), log10(dt), retry_factor     1   229       -7.784500       -0.285389        0.500000
       retry log10(dt/yr), log10(dt), retry_factor     2   229       -8.085530       -0.586419        0.500000
       retry log10(dt/yr), log10(dt), retry_factor     1   235       -7.632736       -0.133625        0.500000
       retry log10(dt/yr), log10(dt), retry_factor     1   239       -7.632736       -0.133625        0.500000
       retry log10(dt/yr), log10(dt), retry_factor     2   239       -7.933766       -0.434655        0.500000
 have reached retry limit so now backup
       retry log10(dt/yr), log10(dt), retry_factor     1   288       -5.739525        1.759586        0.500000
       retry log10(dt/yr), log10(dt), retry_factor     1   293       -5.652120        1.846992        0.500000
       retry log10(dt/yr), log10(dt), retry_factor     1   298       -5.351090        2.148022        0.500000
       retry log10(dt/yr), log10(dt), retry_factor     2   298       -5.652120        1.846992        0.500000
 have reached retry limit so now backup
       retry log10(dt/yr), log10(dt), retry_factor     1   303       -5.448000        2.051112        0.500000
       retry log10(dt/yr), log10(dt), retry_factor     2   303       -5.749030        1.750082        0.500000
 have reached retry limit so now backup
       retry log10(dt/yr), log10(dt), retry_factor     1   304       -6.136224        1.362888        0.500000
       retry log10(dt/yr), log10(dt), retry_factor     1   311       -5.493511        2.005600        0.500000
       retry log10(dt/yr), log10(dt), retry_factor     2   311       -5.794541        1.704570        0.500000
       retry log10(dt/yr), log10(dt), retry_factor     1   313       -6.137412        1.361700        0.500000
       retry log10(dt/yr), log10(dt), retry_factor     1   320       -5.404266        2.094846        0.500000
       retry log10(dt/yr), log10(dt), retry_factor     1   321       -5.802206        1.696906        0.500000
       retry log10(dt/yr), log10(dt), retry_factor     1   322       -6.200146        1.298966        0.500000
       retry log10(dt/yr), log10(dt), retry_factor     1   323       -6.501176        0.997936        0.500000
       retry log10(dt/yr), log10(dt), retry_factor     1   331       -5.436012        2.063099        0.500000
       retry log10(dt/yr), log10(dt), retry_factor     1   335       -5.607132        1.891979        0.500000
       retry log10(dt/yr), log10(dt), retry_factor     1   336       -6.005072        1.494039        0.500000
hydro_newton_step failed to accept
       retry log10(dt/yr), log10(dt), retry_factor     1   337       -6.403012        1.096099        0.500000
       retry log10(dt/yr), log10(dt), retry_factor     1   342       -5.800952        1.698159        0.500000
hydro_newton_step failed to accept
       retry log10(dt/yr), log10(dt), retry_factor     1   343       -6.101982        1.397129        0.500000
       retry log10(dt/yr), log10(dt), retry_factor     1   346       -6.101982        1.397129        0.500000
        346   8.440834  4.604E+06   1.983028   2.137471   1.400000   1.400000   0.000000   0.000000   0.275200   0.077710  11.778659    751     61
  -5.800952   6.606236  -4.792678   1.322278   1.222931  -8.522879   0.000000   0.000000   0.000000   0.020000   0.055662  78.946534      6      3
 5.8198E-04  23.180486   2.020650   1.302474  13.844517  -0.953182   0.000000   0.000000   0.000000   0.000687  8.666E-01 -0.337E-12         retry

save LOGS/profile3.data for model 346
       retry log10(dt/yr), log10(dt), retry_factor     1   347       -6.403012        1.096099        0.500000
       retry log10(dt/yr), log10(dt), retry_factor     1   348       -6.768871        0.730240        0.500000
       retry log10(dt/yr), log10(dt), retry_factor     2   348       -7.069901        0.429210        0.500000
 have reached retry limit so now backup
       retry log10(dt/yr), log10(dt), retry_factor     1   353       -6.829376        0.669736        0.500000
hydro_newton_step failed to accept
       retry log10(dt/yr), log10(dt), retry_factor     2   353       -7.130406        0.368706        0.500000
 have reached retry limit so now backup
       retry log10(dt/yr), log10(dt), retry_factor     1   357       -7.130406        0.368706        0.500000
       retry log10(dt/yr), log10(dt), retry_factor     1   359       -7.431436        0.067676        0.500000
       retry log10(dt/yr), log10(dt), retry_factor     1   362       -7.732466       -0.233354        0.500000
       retry log10(dt/yr), log10(dt), retry_factor     1   365       -8.319563       -0.820451        0.500000
       retry log10(dt/yr), log10(dt), retry_factor     1   366       -8.620593       -1.121481        0.500000
hydro_newton_step failed to accept
       retry log10(dt/yr), log10(dt), retry_factor     1   399       -9.297721       -1.798609        0.500000
       retry log10(dt/yr), log10(dt), retry_factor     1   451       -7.457192        0.041919        0.500000
       retry log10(dt/yr), log10(dt), retry_factor     2   451       -7.758222       -0.259111        0.500000
 have reached retry limit so now backup
       retry log10(dt/yr), log10(dt), retry_factor     1   454       -8.059252       -0.560141        0.500000
       retry log10(dt/yr), log10(dt), retry_factor     2   454       -8.360282       -0.861171        0.500000
 have reached retry limit so now backup
       retry log10(dt/yr), log10(dt), retry_factor     1   457       -8.661312       -1.162201        0.500000
       retry log10(dt/yr), log10(dt), retry_factor     2   457       -8.962342       -1.463231        0.500000
 have reached retry limit so now backup
       retry log10(dt/yr), log10(dt), retry_factor     1   460       -9.263372       -1.764261        0.500000
       retry log10(dt/yr), log10(dt), retry_factor     1   471       -8.065064       -0.565953        0.500000
hydro_newton_step failed to accept
       retry log10(dt/yr), log10(dt), retry_factor     2   471       -8.366094       -0.866983        0.500000
hydro_newton_step failed to accept
       retry log10(dt/yr), log10(dt), retry_factor     1   472       -8.667124       -1.168013        0.500000
       retry log10(dt/yr), log10(dt), retry_factor     1   480       -7.721247       -0.222135        0.500000
 bad other yaxis for History panels plot num_zones

 ERROR: failed to find log_Teff in history data

 grid1/grid1_000500.png/png
       retry log10(dt/yr), log10(dt), retry_factor     1   507       -7.500878       -0.001767        0.500000
       retry log10(dt/yr), log10(dt), retry_factor     1   514       -7.555884       -0.056772        0.500000
       retry log10(dt/yr), log10(dt), retry_factor     2   514       -7.856914       -0.357802        0.500000
 have reached retry limit so now backup
       retry log10(dt/yr), log10(dt), retry_factor     1   562       -5.709052        1.790060        0.500000
       retry log10(dt/yr), log10(dt), retry_factor     1   567       -5.461707        2.037404        0.500000
       retry log10(dt/yr), log10(dt), retry_factor     1   572       -5.160677        2.338434        0.500000
       retry log10(dt/yr), log10(dt), retry_factor     2   572       -5.461707        2.037404        0.500000
 have reached retry limit so now backup
       retry log10(dt/yr), log10(dt), retry_factor     1   573       -5.956557        1.542554        0.500000
       retry log10(dt/yr), log10(dt), retry_factor     1   574       -6.257587        1.241524        0.500000
       retry log10(dt/yr), log10(dt), retry_factor     2   574       -6.558617        0.940494        0.500000
       retry log10(dt/yr), log10(dt), retry_factor     1   583       -5.325904        2.173208        0.500000
       retry log10(dt/yr), log10(dt), retry_factor     2   583       -5.626934        1.872178        0.500000
 have reached retry limit so now backup
       retry log10(dt/yr), log10(dt), retry_factor     1   589       -5.302038        2.197074        0.500000
       retry log10(dt/yr), log10(dt), retry_factor     2   589       -5.603068        1.896044        0.500000
 have reached retry limit so now backup
       retry log10(dt/yr), log10(dt), retry_factor     1   594       -5.487216        2.011896        0.500000
hydro_newton_step failed to accept
       retry log10(dt/yr), log10(dt), retry_factor     1   595       -5.885156        1.613956        0.500000
hydro_newton_step failed to accept
       retry log10(dt/yr), log10(dt), retry_factor     2   595       -6.186186        1.312926        0.500000
       retry log10(dt/yr), log10(dt), retry_factor     1   596       -6.487216        1.011896        0.500000
       retry log10(dt/yr), log10(dt), retry_factor     1   597       -6.788246        0.710866        0.500000
       retry log10(dt/yr), log10(dt), retry_factor     1   607       -5.458878        2.040233        0.500000
       retry log10(dt/yr), log10(dt), retry_factor     1   608       -5.856818        1.642293        0.500000
hydro_newton_step failed to accept
       retry log10(dt/yr), log10(dt), retry_factor     2   608       -6.157848        1.341263        0.500000
       retry log10(dt/yr), log10(dt), retry_factor     1   614       -5.875178        1.623934        0.500000
       retry log10(dt/yr), log10(dt), retry_factor     2   614       -6.176208        1.322904        0.500000
       retry log10(dt/yr), log10(dt), retry_factor     1   615       -6.564766        0.934346        0.500000
       retry log10(dt/yr), log10(dt), retry_factor     1   616       -6.865796        0.633316        0.500000
       retry log10(dt/yr), log10(dt), retry_factor     2   616       -7.166826        0.332286        0.500000
       retry log10(dt/yr), log10(dt), retry_factor     1   623       -6.544186        0.954926        0.500000
hydro_newton_step failed to accept
       retry log10(dt/yr), log10(dt), retry_factor     2   623       -6.845216        0.653896        0.500000
 have reached retry limit so now backup
       retry log10(dt/yr), log10(dt), retry_factor     1   628       -6.544186        0.954926        0.500000
hydro_newton_step failed to accept
       retry log10(dt/yr), log10(dt), retry_factor     1   629       -6.845216        0.653896        0.500000
       retry log10(dt/yr), log10(dt), retry_factor     1   631       -7.146246        0.352866        0.500000
       retry log10(dt/yr), log10(dt), retry_factor     1   632       -7.447276        0.051836        0.500000
       retry log10(dt/yr), log10(dt), retry_factor     1   634       -7.748306       -0.249194        0.500000
       retry log10(dt/yr), log10(dt), retry_factor     1   636       -8.049336       -0.550224        0.500000
       retry log10(dt/yr), log10(dt), retry_factor     2   636       -8.350366       -0.851254        0.500000
       retry log10(dt/yr), log10(dt), retry_factor     1   642       -7.748306       -0.249194        0.500000
       retry log10(dt/yr), log10(dt), retry_factor     1   643       -8.049336       -0.550224        0.500000
       retry log10(dt/yr), log10(dt), retry_factor     1   644       -8.374235       -0.875123        0.500000
       retry log10(dt/yr), log10(dt), retry_factor     2   644       -8.675265       -1.176153        0.500000
       retry log10(dt/yr), log10(dt), retry_factor     1   651       -8.646794       -1.147682        0.500000
       retry log10(dt/yr), log10(dt), retry_factor     1   678       -9.287876       -1.788765        0.500000
       retry log10(dt/yr), log10(dt), retry_factor     1   731       -7.649705       -0.150593        0.500000
hydro_newton_step failed to accept
       retry log10(dt/yr), log10(dt), retry_factor     2   731       -7.950735       -0.451623        0.500000
       retry log10(dt/yr), log10(dt), retry_factor     1   734       -8.523033       -1.023922        0.500000
       retry log10(dt/yr), log10(dt), retry_factor     1   774       -7.728207       -0.229095        0.500000
       retry log10(dt/yr), log10(dt), retry_factor     2   774       -8.029237       -0.530125        0.500000
       retry log10(dt/yr), log10(dt), retry_factor     1   782       -7.532513       -0.033402        0.500000
hydro_newton_step failed to accept
       retry log10(dt/yr), log10(dt), retry_factor     2   782       -7.833543       -0.334432        0.500000
       retry log10(dt/yr), log10(dt), retry_factor     1   794       -7.435319        0.063792        0.500000
       retry log10(dt/yr), log10(dt), retry_factor     2   794       -7.736349       -0.237238        0.500000
       retry log10(dt/yr), log10(dt), retry_factor     1   832       -5.456027        2.043084        0.500000
       retry log10(dt/yr), log10(dt), retry_factor     1   834       -5.853967        1.645144        0.500000
       retry log10(dt/yr), log10(dt), retry_factor     1   835       -6.154997        1.344114        0.500000
       retry log10(dt/yr), log10(dt), retry_factor     2   835       -6.456027        1.043084        0.500000
       retry log10(dt/yr), log10(dt), retry_factor     1   843       -5.251907        2.247204        0.500000
       retry log10(dt/yr), log10(dt), retry_factor     2   843       -5.552937        1.946174        0.500000
       retry log10(dt/yr), log10(dt), retry_factor     1   847       -5.950877        1.548234        0.500000
       retry log10(dt/yr), log10(dt), retry_factor     1   854       -5.327655        2.171457        0.500000
       retry log10(dt/yr), log10(dt), retry_factor     2   854       -5.628685        1.870427        0.500000
 have reached retry limit so now backup
       retry log10(dt/yr), log10(dt), retry_factor     1   859       -5.327655        2.171457        0.500000
       retry log10(dt/yr), log10(dt), retry_factor     1   860       -5.628685        1.870427        0.500000
       retry log10(dt/yr), log10(dt), retry_factor     1   865       -5.636880        1.862232        0.500000
hydro_newton_step failed to accept
       retry log10(dt/yr), log10(dt), retry_factor     1   869       -6.034820        1.464292        0.500000
hydro_newton_step failed to accept
       retry log10(dt/yr), log10(dt), retry_factor     2   869       -6.335850        1.163262        0.500000
       retry log10(dt/yr), log10(dt), retry_factor     1   870       -6.347103        1.152008        0.500000
hydro_newton_step failed to accept
       retry log10(dt/yr), log10(dt), retry_factor     1   877       -5.805056        1.694055        0.500000
hydro_newton_step failed to accept
       retry log10(dt/yr), log10(dt), retry_factor     2   877       -6.106086        1.393025        0.500000
 have reached retry limit so now backup
hydro_newton_step failed to accept
       retry log10(dt/yr), log10(dt), retry_factor     1   881       -6.176235        1.322876        0.500000
       retry log10(dt/yr), log10(dt), retry_factor     1   882       -6.574175        0.924936        0.500000
       retry log10(dt/yr), log10(dt), retry_factor     1   883       -6.875205        0.623906        0.500000
       retry log10(dt/yr), log10(dt), retry_factor     1   891       -5.840942        1.658169        0.500000
       retry log10(dt/yr), log10(dt), retry_factor     1   892       -6.238882        1.260229        0.500000
       retry log10(dt/yr), log10(dt), retry_factor     1   893       -6.636822        0.862289        0.500000
       retry log10(dt/yr), log10(dt), retry_factor     2   893       -6.937852        0.561259        0.500000
 have reached retry limit so now backup
       retry log10(dt/yr), log10(dt), retry_factor     1   898       -6.838614        0.660497        0.500000
       retry log10(dt/yr), log10(dt), retry_factor     1   904       -6.236554        1.262557        0.500000
       retry log10(dt/yr), log10(dt), retry_factor     1   905       -6.537584        0.961527        0.500000
       retry log10(dt/yr), log10(dt), retry_factor     1   906       -6.838614        0.660497        0.500000
       retry log10(dt/yr), log10(dt), retry_factor     1   907       -7.191318        0.307794        0.500000
       retry log10(dt/yr), log10(dt), retry_factor     1   908       -7.589258       -0.090146        0.500000
       retry log10(dt/yr), log10(dt), retry_factor     1   912       -7.748042       -0.248931        0.500000
       retry log10(dt/yr), log10(dt), retry_factor     1   914       -8.049072       -0.549961        0.500000
       retry log10(dt/yr), log10(dt), retry_factor     1   915       -8.361827       -0.862716        0.500000
       retry log10(dt/yr), log10(dt), retry_factor     1   953       -9.167352       -1.668241        0.500000
hydro_newton_step failed to accept
       retry log10(dt/yr), log10(dt), retry_factor     1   961       -9.224896       -1.725784        0.500000
       1000   8.951815  1.763E+07   3.115709   5.929311   1.400000   1.400000   0.000000   0.000000   0.275200   0.039380   3.133283    949    169
  -7.138141   6.587019  -4.791299   2.679995   3.747294  -8.522879   0.000000   0.000000   0.000000   0.020000   0.030284  23.985408      6     16
 1.1160E-03  23.258599   4.355981   5.928399  14.728419  -0.910178   0.000000   0.000000   0.000000   0.000687  9.303E-01 -0.369E-09    varcontrol

save LOGS/profile4.data for model 1000
save photos/1000 for model 1000
 bad other yaxis for History panels plot num_zones

 ERROR: failed to find log_Teff in history data

 grid1/grid1_001000.png/png
       retry log10(dt/yr), log10(dt), retry_factor     1  1004       -7.285700        0.213412        0.500000
       retry log10(dt/yr), log10(dt), retry_factor     2  1004       -7.586730       -0.087618        0.500000
 have reached retry limit so now backup
       retry log10(dt/yr), log10(dt), retry_factor     1  1006       -7.887760       -0.388648        0.500000
       retry log10(dt/yr), log10(dt), retry_factor     2  1006       -8.188790       -0.689678        0.500000
 have reached retry limit so now backup
       retry log10(dt/yr), log10(dt), retry_factor     1  1007       -8.489820       -0.990708        0.500000
       retry log10(dt/yr), log10(dt), retry_factor     2  1007       -8.790850       -1.291738        0.500000
 have reached retry limit so now backup
       retry log10(dt/yr), log10(dt), retry_factor     1  1007       -9.091880       -1.592768        0.500000
       retry log10(dt/yr), log10(dt), retry_factor     2  1007       -9.392910       -1.893798        0.500000
 have reached retry limit so now backup
       retry log10(dt/yr), log10(dt), retry_factor     1  1009       -9.693940       -2.194828        0.500000
       retry log10(dt/yr), log10(dt), retry_factor     1  1010       -9.994970       -2.495858        0.500000
       retry log10(dt/yr), log10(dt), retry_factor     1  1024       -7.637047       -0.137935        0.500000
       retry log10(dt/yr), log10(dt), retry_factor     2  1024       -7.938077       -0.438965        0.500000
 have reached retry limit so now backup
       retry log10(dt/yr), log10(dt), retry_factor     1  1028       -8.432927       -0.933815        0.500000
hydro_newton_step failed to accept
       retry log10(dt/yr), log10(dt), retry_factor     1  1029       -8.733957       -1.234845        0.500000
       retry log10(dt/yr), log10(dt), retry_factor     1  1036       -8.118231       -0.619119        0.500000
       retry log10(dt/yr), log10(dt), retry_factor     1  1037       -8.419261       -0.920149        0.500000
       retry log10(dt/yr), log10(dt), retry_factor     2  1037       -8.720291       -1.221179        0.500000
hydro_newton_step failed to accept
       retry log10(dt/yr), log10(dt), retry_factor     1  1045       -8.097046       -0.597935        0.500000
       retry log10(dt/yr), log10(dt), retry_factor     2  1045       -8.398076       -0.898965        0.500000
 have reached retry limit so now backup
hydro_newton_step failed to accept
       retry log10(dt/yr), log10(dt), retry_factor     1  1044       -8.699106       -1.199995        0.500000
       retry log10(dt/yr), log10(dt), retry_factor     1  1057       -7.962651       -0.463540        0.500000
       retry log10(dt/yr), log10(dt), retry_factor     1  1083       -7.832967       -0.333856        0.500000
       retry log10(dt/yr), log10(dt), retry_factor     1  1090       -7.678433       -0.179321        0.500000
       retry log10(dt/yr), log10(dt), retry_factor     2  1090       -7.979463       -0.480351        0.500000
       retry log10(dt/yr), log10(dt), retry_factor     1  1097       -7.358026        0.141085        0.500000
       retry log10(dt/yr), log10(dt), retry_factor     2  1097       -7.659056       -0.159945        0.500000
 have reached retry limit so now backup
       retry log10(dt/yr), log10(dt), retry_factor     1  1141       -5.779303        1.719809        0.500000
       retry log10(dt/yr), log10(dt), retry_factor     1  1146       -5.663920        1.835191        0.500000
       retry log10(dt/yr), log10(dt), retry_factor     1  1151       -5.590410        1.908702        0.500000
       retry log10(dt/yr), log10(dt), retry_factor     2  1151       -5.891440        1.607672        0.500000
       retry log10(dt/yr), log10(dt), retry_factor     1  1152       -6.192470        1.306642        0.500000
       retry log10(dt/yr), log10(dt), retry_factor     1  1153       -6.493500        1.005612        0.500000
       retry log10(dt/yr), log10(dt), retry_factor     1  1161       -5.566035        1.933077        0.500000
       retry log10(dt/yr), log10(dt), retry_factor     2  1161       -5.867065        1.632047        0.500000
       retry log10(dt/yr), log10(dt), retry_factor     1  1162       -6.168095        1.331017        0.500000
       retry log10(dt/yr), log10(dt), retry_factor     1  1169       -5.492157        2.006954        0.500000
       retry log10(dt/yr), log10(dt), retry_factor     2  1169       -5.793187        1.705924        0.500000
       retry log10(dt/yr), log10(dt), retry_factor     1  1170       -6.094217        1.404895        0.500000
       retry log10(dt/yr), log10(dt), retry_factor     1  1173       -6.395247        1.103865        0.500000
       retry log10(dt/yr), log10(dt), retry_factor     1  1181       -5.445428        2.053684        0.500000
       retry log10(dt/yr), log10(dt), retry_factor     1  1185       -5.555462        1.943650        0.500000
hydro_newton_step failed to accept
       retry log10(dt/yr), log10(dt), retry_factor     1  1186       -5.953402        1.545710        0.500000
       retry log10(dt/yr), log10(dt), retry_factor     1  1187       -6.319077        1.180034        0.500000
       retry log10(dt/yr), log10(dt), retry_factor     2  1187       -6.620107        0.879004        0.500000
       retry log10(dt/yr), log10(dt), retry_factor     1  1195       -5.653063        1.846049        0.500000
       retry log10(dt/yr), log10(dt), retry_factor     1  1199       -5.833622        1.665489        0.500000
       retry log10(dt/yr), log10(dt), retry_factor     2  1199       -6.134652        1.364459        0.500000
 have reached retry limit so now backup
hydro_newton_step failed to accept
       retry log10(dt/yr), log10(dt), retry_factor     1  1201       -6.532592        0.966519        0.500000
       retry log10(dt/yr), log10(dt), retry_factor     1  1202       -6.833622        0.665489        0.500000
       retry log10(dt/yr), log10(dt), retry_factor     2  1202       -7.134652        0.364459        0.500000
       retry log10(dt/yr), log10(dt), retry_factor     1  1210       -5.930532        1.568579        0.500000
       retry log10(dt/yr), log10(dt), retry_factor     1  1212       -6.231562        1.267549        0.500000
       retry log10(dt/yr), log10(dt), retry_factor     1  1215       -6.581778        0.917334        0.500000
       retry log10(dt/yr), log10(dt), retry_factor     1  1216       -6.882808        0.616304        0.500000
       retry log10(dt/yr), log10(dt), retry_factor     1  1219       -7.183838        0.315274        0.500000
       retry log10(dt/yr), log10(dt), retry_factor     1  1220       -7.484868        0.014244        0.500000
       retry log10(dt/yr), log10(dt), retry_factor     1  1222       -7.785898       -0.286786        0.500000
       retry log10(dt/yr), log10(dt), retry_factor     1  1225       -8.183838       -0.684726        0.500000
       retry log10(dt/yr), log10(dt), retry_factor     1  1226       -8.497560       -0.998449        0.500000
       retry log10(dt/yr), log10(dt), retry_factor     1  1263       -9.167867       -1.668756        0.500000
       retry log10(dt/yr), log10(dt), retry_factor     1  1314       -7.152112        0.346999        0.500000
       retry log10(dt/yr), log10(dt), retry_factor     2  1314       -7.453142        0.045969        0.500000
 have reached retry limit so now backup
       retry log10(dt/yr), log10(dt), retry_factor     1  1316       -7.754172       -0.255061        0.500000
       retry log10(dt/yr), log10(dt), retry_factor     2  1316       -8.055202       -0.556091        0.500000
 have reached retry limit so now backup
       retry log10(dt/yr), log10(dt), retry_factor     1  1317       -8.356232       -0.857121        0.500000
       retry log10(dt/yr), log10(dt), retry_factor     2  1317       -8.657262       -1.158151        0.500000
 have reached retry limit so now backup
       retry log10(dt/yr), log10(dt), retry_factor     1  1318       -8.958292       -1.459181        0.500000
       retry log10(dt/yr), log10(dt), retry_factor     2  1318       -9.259322       -1.760211        0.500000
 have reached retry limit so now backup
       retry log10(dt/yr), log10(dt), retry_factor     1  1320       -9.560352       -2.061241        0.500000
       retry log10(dt/yr), log10(dt), retry_factor     2  1320       -9.861382       -2.362271        0.500000
 have reached retry limit so now backup
       retry log10(dt/yr), log10(dt), retry_factor     1  1320      -10.162412       -2.663301        0.500000
       retry log10(dt/yr), log10(dt), retry_factor     2  1320      -10.463442       -2.964331        0.500000
 have reached retry limit so now backup
       retry log10(dt/yr), log10(dt), retry_factor     1  1322      -10.764472       -3.265361        0.500000
hydro_newton_step failed to accept
       retry log10(dt/yr), log10(dt), retry_factor     1  1330       -9.657262       -2.158151        0.500000
       retry log10(dt/yr), log10(dt), retry_factor     1  1341       -7.606576       -0.107464        0.500000
       retry log10(dt/yr), log10(dt), retry_factor     1  1342       -8.004516       -0.505404        0.500000
hydro_newton_step failed to accept
       retry log10(dt/yr), log10(dt), retry_factor     2  1342       -8.305546       -0.806434        0.500000
 have reached retry limit so now backup
       retry log10(dt/yr), log10(dt), retry_factor     1  1344       -8.606576       -1.107464        0.500000
hydro_newton_step failed to accept
       retry log10(dt/yr), log10(dt), retry_factor     1  1357       -7.809588       -0.310477        0.500000
       retry log10(dt/yr), log10(dt), retry_factor     1  1387       -7.480895        0.018217        0.500000
       retry log10(dt/yr), log10(dt), retry_factor     2  1387       -7.781925       -0.282813        0.500000
 have reached retry limit so now backup
hydro_newton_step failed to accept
       retry log10(dt/yr), log10(dt), retry_factor     1  1394       -7.421541        0.077570        0.500000
       retry log10(dt/yr), log10(dt), retry_factor     2  1394       -7.722571       -0.223460        0.500000
 have reached retry limit so now backup
       retry log10(dt/yr), log10(dt), retry_factor     1  1442       -5.440441        2.058671        0.500000
       retry log10(dt/yr), log10(dt), retry_factor     1  1445       -5.741471        1.757641        0.500000
       retry log10(dt/yr), log10(dt), retry_factor     2  1445       -6.042501        1.456611        0.500000
       retry log10(dt/yr), log10(dt), retry_factor     1  1452       -5.449158        2.049953        0.500000
       retry log10(dt/yr), log10(dt), retry_factor     2  1452       -5.750188        1.748923        0.500000
       retry log10(dt/yr), log10(dt), retry_factor     1  1458       -5.381854        2.117257        0.500000
       retry log10(dt/yr), log10(dt), retry_factor     2  1458       -5.682884        1.816227        0.500000
 have reached retry limit so now backup
       retry log10(dt/yr), log10(dt), retry_factor     1  1463       -5.568490        1.930622        0.500000
       retry log10(dt/yr), log10(dt), retry_factor     1  1467       -5.637190        1.861921        0.500000
hydro_newton_step failed to accept
       retry log10(dt/yr), log10(dt), retry_factor     1  1468       -6.035130        1.463981        0.500000
       retry log10(dt/yr), log10(dt), retry_factor     1  1469       -6.336160        1.162951        0.500000
       retry log10(dt/yr), log10(dt), retry_factor     1  1476       -5.573589        1.925522        0.500000
       retry log10(dt/yr), log10(dt), retry_factor     1  1480       -5.655927        1.843184        0.500000
       retry log10(dt/yr), log10(dt), retry_factor     1  1482       -5.956957        1.542154        0.500000
hydro_newton_step failed to accept
       retry log10(dt/yr), log10(dt), retry_factor     2  1482       -6.257987        1.241124        0.500000
 have reached retry limit so now backup
       retry log10(dt/yr), log10(dt), retry_factor     1  1485       -6.559017        0.940094        0.500000
       retry log10(dt/yr), log10(dt), retry_factor     1  1492       -5.833720        1.665391        0.500000
hydro_newton_step failed to accept
       retry log10(dt/yr), log10(dt), retry_factor     1  1493       -6.231660        1.267451        0.500000
       retry log10(dt/yr), log10(dt), retry_factor     1  1498       -6.027540        1.471571        0.500000
       retry log10(dt/yr), log10(dt), retry_factor     2  1498       -6.328570        1.170541        0.500000
 have reached retry limit so now backup
 bad other yaxis for History panels plot num_zones

 ERROR: failed to find log_Teff in history data

 grid1/grid1_001500.png/png
       retry log10(dt/yr), log10(dt), retry_factor     1  1502       -6.328570        1.170541        0.500000
       retry log10(dt/yr), log10(dt), retry_factor     1  1506       -6.328570        1.170541        0.500000
       retry log10(dt/yr), log10(dt), retry_factor     1  1508       -6.629600        0.869511        0.500000
       retry log10(dt/yr), log10(dt), retry_factor     1  1510       -6.930630        0.568481        0.500000
       retry log10(dt/yr), log10(dt), retry_factor     1  1511       -7.231660        0.267451        0.500000
       retry log10(dt/yr), log10(dt), retry_factor     2  1511       -7.532690       -0.033579        0.500000
 have reached retry limit so now backup
hydro_newton_step failed to accept
       retry log10(dt/yr), log10(dt), retry_factor     1  1516       -7.231660        0.267451        0.500000
       retry log10(dt/yr), log10(dt), retry_factor     1  1517       -7.231660        0.267451        0.500000
       retry log10(dt/yr), log10(dt), retry_factor     1  1518       -7.532690       -0.033579        0.500000
       retry log10(dt/yr), log10(dt), retry_factor     1  1521       -7.833720       -0.334609        0.500000
       retry log10(dt/yr), log10(dt), retry_factor     1  1524       -8.327313       -0.828202        0.500000
       retry log10(dt/yr), log10(dt), retry_factor     1  1525       -8.628343       -1.129232        0.500000
       retry log10(dt/yr), log10(dt), retry_factor     1  1604       -7.549385       -0.050274        0.500000
hydro_newton_step failed to accept
       retry log10(dt/yr), log10(dt), retry_factor     2  1604       -7.850415       -0.351304        0.500000
       retry log10(dt/yr), log10(dt), retry_factor     1  1605       -8.248355       -0.749244        0.500000
hydro_newton_step failed to accept
       retry log10(dt/yr), log10(dt), retry_factor     1  1606       -8.564048       -1.064936        0.500000
       retry log10(dt/yr), log10(dt), retry_factor     1  1609       -8.564048       -1.064936        0.500000
hydro_newton_step failed to accept
       retry log10(dt/yr), log10(dt), retry_factor     1  1617       -7.965820       -0.466709        0.500000
hydro_newton_step failed to accept
       retry log10(dt/yr), log10(dt), retry_factor     2  1617       -8.266850       -0.767739        0.500000
 have reached retry limit so now backup
hydro_newton_step failed to accept
       retry log10(dt/yr), log10(dt), retry_factor     1  1622       -7.965820       -0.466709        0.500000
       retry log10(dt/yr), log10(dt), retry_factor     2  1622       -8.266850       -0.767739        0.500000
       retry log10(dt/yr), log10(dt), retry_factor     1  1657       -7.733319       -0.234207        0.500000
       retry log10(dt/yr), log10(dt), retry_factor     2  1657       -8.034349       -0.535237        0.500000
       retry log10(dt/yr), log10(dt), retry_factor     1  1663       -7.432289        0.066823        0.500000
       retry log10(dt/yr), log10(dt), retry_factor     2  1663       -7.733319       -0.234207        0.500000
 have reached retry limit so now backup
       retry log10(dt/yr), log10(dt), retry_factor     1  1669       -7.357064        0.142048        0.500000
       retry log10(dt/yr), log10(dt), retry_factor     1  1686       -6.898992        0.600119        0.500000
       retry log10(dt/yr), log10(dt), retry_factor     2  1686       -7.200022        0.299089        0.500000
 have reached retry limit so now backup
       retry log10(dt/yr), log10(dt), retry_factor     1  1688       -7.501052       -0.001941        0.500000
       retry log10(dt/yr), log10(dt), retry_factor     1  1717       -5.683460        1.815652        0.500000
       retry log10(dt/yr), log10(dt), retry_factor     1  1718       -5.984490        1.514622        0.500000
       retry log10(dt/yr), log10(dt), retry_factor     2  1718       -6.285520        1.213592        0.500000
       retry log10(dt/yr), log10(dt), retry_factor     1  1728       -5.476153        2.022959        0.500000
       retry log10(dt/yr), log10(dt), retry_factor     1  1733       -5.374835        2.124276        0.500000
       retry log10(dt/yr), log10(dt), retry_factor     1  1735       -5.783606        1.715506        0.500000
       retry log10(dt/yr), log10(dt), retry_factor     1  1741       -5.454351        2.044761        0.500000
       retry log10(dt/yr), log10(dt), retry_factor     1  1745       -5.587961        1.911151        0.500000
       retry log10(dt/yr), log10(dt), retry_factor     1  1749       -5.701910        1.797202        0.500000
       retry log10(dt/yr), log10(dt), retry_factor     2  1749       -6.002940        1.496172        0.500000
 have reached retry limit so now backup
       retry log10(dt/yr), log10(dt), retry_factor     1  1755       -5.555581        1.943531        0.500000
       retry log10(dt/yr), log10(dt), retry_factor     1  1756       -5.953521        1.545591        0.500000
hydro_newton_step failed to accept
       retry log10(dt/yr), log10(dt), retry_factor     1  1757       -6.351461        1.147651        0.500000
       retry log10(dt/yr), log10(dt), retry_factor     1  1758       -6.652491        0.846621        0.500000
       retry log10(dt/yr), log10(dt), retry_factor     2  1758       -6.953521        0.545591        0.500000
hydro_newton_step failed to accept
       retry log10(dt/yr), log10(dt), retry_factor     1  1766       -6.025647        1.473465        0.500000
hydro_newton_step failed to accept
       retry log10(dt/yr), log10(dt), retry_factor     2  1766       -6.326677        1.172435        0.500000
hydro_newton_step failed to accept
       retry log10(dt/yr), log10(dt), retry_factor     1  1767       -6.724617        0.774495        0.500000
       retry log10(dt/yr), log10(dt), retry_factor     1  1768       -6.745160        0.753952        0.500000
       retry log10(dt/yr), log10(dt), retry_factor     2  1768       -7.046190        0.452922        0.500000
       retry log10(dt/yr), log10(dt), retry_factor     1  1769       -7.347220        0.151892        0.500000
       retry log10(dt/yr), log10(dt), retry_factor     1  1778       -5.842070        1.657042        0.500000
       retry log10(dt/yr), log10(dt), retry_factor     2  1778       -6.143100        1.356012        0.500000
       retry log10(dt/yr), log10(dt), retry_factor     1  1780       -6.444130        1.054982        0.500000
       retry log10(dt/yr), log10(dt), retry_factor     1  1782       -6.745160        0.753952        0.500000
       retry log10(dt/yr), log10(dt), retry_factor     1  1783       -7.046190        0.452922        0.500000
       retry log10(dt/yr), log10(dt), retry_factor     2  1783       -7.347220        0.151892        0.500000
       retry log10(dt/yr), log10(dt), retry_factor     1  1788       -7.046190        0.452922        0.500000
       retry log10(dt/yr), log10(dt), retry_factor     1  1789       -7.347220        0.151892        0.500000
       retry log10(dt/yr), log10(dt), retry_factor     1  1790       -7.648250       -0.149138        0.500000
       retry log10(dt/yr), log10(dt), retry_factor     1  1794       -7.889890       -0.390779        0.500000
       retry log10(dt/yr), log10(dt), retry_factor     2  1794       -8.190920       -0.691809        0.500000
       retry log10(dt/yr), log10(dt), retry_factor     1  1795       -8.491950       -0.992839        0.500000
       retry log10(dt/yr), log10(dt), retry_factor     1  1881       -7.887257       -0.388146        0.500000
hydro_newton_step failed to accept
       retry log10(dt/yr), log10(dt), retry_factor     1  1882       -8.188287       -0.689176        0.500000
hydro_newton_step failed to accept
       retry log10(dt/yr), log10(dt), retry_factor     1  1887       -7.935710       -0.436599        0.500000
       retry log10(dt/yr), log10(dt), retry_factor     2  1887       -8.236740       -0.737629        0.500000
       retry log10(dt/yr), log10(dt), retry_factor     1  1929       -7.598715       -0.099603        0.500000
       retry log10(dt/yr), log10(dt), retry_factor     2  1929       -7.899745       -0.400633        0.500000
 have reached retry limit so now backup
hydro_newton_step failed to accept
       retry log10(dt/yr), log10(dt), retry_factor     1  1937       -7.434852        0.064260        0.500000
       retry log10(dt/yr), log10(dt), retry_factor     2  1937       -7.735882       -0.236770        0.500000
 have reached retry limit so now backup
       retry log10(dt/yr), log10(dt), retry_factor     1  1985       -5.552746        1.946365        0.500000
       retry log10(dt/yr), log10(dt), retry_factor     1  1989       -5.610897        1.888215        0.500000
       retry log10(dt/yr), log10(dt), retry_factor     1  1990       -6.008837        1.490275        0.500000
       retry log10(dt/yr), log10(dt), retry_factor     1  1991       -6.309867        1.189245        0.500000
       retry log10(dt/yr), log10(dt), retry_factor     2  1991       -6.610897        0.888215        0.500000
       retry log10(dt/yr), log10(dt), retry_factor     1  2000       -5.355111        2.144000        0.500000
hydro_newton_step failed to accept
       retry log10(dt/yr), log10(dt), retry_factor     2  2000       -5.656141        1.842970        0.500000
 have reached retry limit so now backup
       2000   8.359747  3.557E+06   1.461562   1.493382   1.400000   1.400000   0.000000   0.000000   0.275200   0.031450  16.744922   1255    349
  -5.361041   6.734427  -4.792721  -1.569311   0.655941  -8.522879   0.000000   0.000000   0.000000   0.020000   0.025175 104.990762      6     44
 2.0398E-03  23.367765   1.572471   0.337137  13.551976  -1.130650   0.000000   0.000000   0.000000   0.000687  9.434E-01  0.582E-16          dH/H

save LOGS/profile5.data for model 2000
save photos/2000 for model 2000
 bad other yaxis for History panels plot num_zones

 ERROR: failed to find log_Teff in history data

 grid1/grid1_002000.png/png
hydro_newton_step failed to accept
       retry log10(dt/yr), log10(dt), retry_factor     1  2009       -5.831160        1.667951        0.500000
       retry log10(dt/yr), log10(dt), retry_factor     1  2013       -5.517867        1.981244        0.500000
       retry log10(dt/yr), log10(dt), retry_factor     1  2018       -5.643674        1.855437        0.500000
       retry log10(dt/yr), log10(dt), retry_factor     2  2018       -5.944704        1.554407        0.500000
       retry log10(dt/yr), log10(dt), retry_factor     1  2024       -5.567267        1.931845        0.500000
       retry log10(dt/yr), log10(dt), retry_factor     2  2024       -5.868297        1.630815        0.500000
 have reached retry limit so now backup
hydro_newton_step failed to accept
       retry log10(dt/yr), log10(dt), retry_factor     1  2026       -6.266237        1.232875        0.500000
       retry log10(dt/yr), log10(dt), retry_factor     2  2026       -6.567267        0.931845        0.500000
       retry log10(dt/yr), log10(dt), retry_factor     1  2027       -6.868297        0.630815        0.500000
       retry log10(dt/yr), log10(dt), retry_factor     2  2027       -7.169327        0.329785        0.500000
hydro_newton_step failed to accept
       retry log10(dt/yr), log10(dt), retry_factor     1  2036       -5.867935        1.631176        0.500000
hydro_newton_step failed to accept
       retry log10(dt/yr), log10(dt), retry_factor     1  2037       -6.265875        1.233236        0.500000
hydro_newton_step failed to accept
       retry log10(dt/yr), log10(dt), retry_factor     2  2037       -6.566905        0.932206        0.500000
       retry log10(dt/yr), log10(dt), retry_factor     1  2040       -6.025770        1.473342        0.500000
       retry log10(dt/yr), log10(dt), retry_factor     1  2042       -6.326800        1.172312        0.500000
       retry log10(dt/yr), log10(dt), retry_factor     1  2043       -6.724740        0.774372        0.500000
hydro_newton_step failed to accept
       retry log10(dt/yr), log10(dt), retry_factor     1  2044       -7.025770        0.473342        0.500000
       retry log10(dt/yr), log10(dt), retry_factor     2  2044       -7.326800        0.172312        0.500000
 have reached retry limit so now backup
       retry log10(dt/yr), log10(dt), retry_factor     1  2047       -7.627830       -0.128718        0.500000
       retry log10(dt/yr), log10(dt), retry_factor     2  2047       -7.928860       -0.429748        0.500000
       retry log10(dt/yr), log10(dt), retry_factor     1  2055       -6.965948        0.533163        0.500000
       retry log10(dt/yr), log10(dt), retry_factor     1  2056       -7.266978        0.232133        0.500000
       retry log10(dt/yr), log10(dt), retry_factor     1  2058       -7.568008       -0.068897        0.500000
       retry log10(dt/yr), log10(dt), retry_factor     1  2062       -7.771803       -0.272692        0.500000
       retry log10(dt/yr), log10(dt), retry_factor     1  2063       -8.169743       -0.670632        0.500000
hydro_newton_step failed to accept
       retry log10(dt/yr), log10(dt), retry_factor     1  2066       -8.664593       -1.165482        0.500000
       retry log10(dt/yr), log10(dt), retry_factor     1  2069       -8.609134       -1.110023        0.500000
       retry log10(dt/yr), log10(dt), retry_factor     1  2094       -9.299583       -1.800472        0.500000
       retry log10(dt/yr), log10(dt), retry_factor     1  2142       -7.404321        0.094791        0.500000
       retry log10(dt/yr), log10(dt), retry_factor     1  2144       -7.899171       -0.400059        0.500000
       retry log10(dt/yr), log10(dt), retry_factor     1  2145       -8.297111       -0.797999        0.500000
       retry log10(dt/yr), log10(dt), retry_factor     1  2146       -8.610272       -1.111160        0.500000
       retry log10(dt/yr), log10(dt), retry_factor     1  2155       -8.431168       -0.932057        0.500000
       retry log10(dt/yr), log10(dt), retry_factor     2  2155       -8.732198       -1.233087        0.500000
 have reached retry limit so now backup
       retry log10(dt/yr), log10(dt), retry_factor     1  2188       -7.860623       -0.361511        0.500000
       retry log10(dt/yr), log10(dt), retry_factor     1  2197       -7.629683       -0.130572        0.500000
       retry log10(dt/yr), log10(dt), retry_factor     1  2204       -7.505429       -0.006317        0.500000
       retry log10(dt/yr), log10(dt), retry_factor     2  2204       -7.806459       -0.307347        0.500000
       retry log10(dt/yr), log10(dt), retry_factor     1  2239       -6.512650        0.986462        0.500000
hydro_newton_step failed to accept
       retry log10(dt/yr), log10(dt), retry_factor     1  2253       -5.561947        1.937165        0.500000
       retry log10(dt/yr), log10(dt), retry_factor     2  2253       -5.862977        1.636135        0.500000
       retry log10(dt/yr), log10(dt), retry_factor     1  2255       -6.164006        1.335105        0.500000
       retry log10(dt/yr), log10(dt), retry_factor     1  2262       -5.446596        2.052515        0.500000
       retry log10(dt/yr), log10(dt), retry_factor     2  2262       -5.747626        1.751485        0.500000
 have reached retry limit so now backup
       retry log10(dt/yr), log10(dt), retry_factor     1  2268       -5.254371        2.244741        0.500000
       retry log10(dt/yr), log10(dt), retry_factor     1  2273       -5.500573        1.998539        0.500000
       retry log10(dt/yr), log10(dt), retry_factor     2  2273       -5.801603        1.697509        0.500000
 have reached retry limit so now backup
       retry log10(dt/yr), log10(dt), retry_factor     1  2279       -5.614256        1.884856        0.500000
       retry log10(dt/yr), log10(dt), retry_factor     2  2279       -5.915286        1.583826        0.500000
 have reached retry limit so now backup
       retry log10(dt/yr), log10(dt), retry_factor     1  2283       -5.954621        1.544491        0.500000
       retry log10(dt/yr), log10(dt), retry_factor     2  2283       -6.255651        1.243461        0.500000
 have reached retry limit so now backup
       retry log10(dt/yr), log10(dt), retry_factor     1  2290       -5.452764        2.046347        0.500000
       retry log10(dt/yr), log10(dt), retry_factor     1  2291       -5.753794        1.745317        0.500000
hydro_newton_step failed to accept
       retry log10(dt/yr), log10(dt), retry_factor     1  2292       -6.151734        1.347377        0.500000
       retry log10(dt/yr), log10(dt), retry_factor     1  2293       -6.452764        1.046347        0.500000
       retry log10(dt/yr), log10(dt), retry_factor     1  2294       -6.753794        0.745317        0.500000
       retry log10(dt/yr), log10(dt), retry_factor     1  2303       -5.417273        2.081839        0.500000
hydro_newton_step failed to accept
       retry log10(dt/yr), log10(dt), retry_factor     2  2303       -5.718303        1.780809        0.500000
 have reached retry limit so now backup
hydro_newton_step failed to accept
       retry log10(dt/yr), log10(dt), retry_factor     1  2305       -6.116243        1.382869        0.500000
       retry log10(dt/yr), log10(dt), retry_factor     1  2306       -6.475093        1.024019        0.500000
       retry log10(dt/yr), log10(dt), retry_factor     2  2306       -6.776123        0.722989        0.500000
       retry log10(dt/yr), log10(dt), retry_factor     1  2307       -7.077153        0.421959        0.500000
       retry log10(dt/yr), log10(dt), retry_factor     1  2316       -5.729637        1.769475        0.500000
       retry log10(dt/yr), log10(dt), retry_factor     1  2317       -6.127577        1.371535        0.500000
       retry log10(dt/yr), log10(dt), retry_factor     2  2317       -6.428607        1.070505        0.500000
 have reached retry limit so now backup
hydro_newton_step failed to accept
       retry log10(dt/yr), log10(dt), retry_factor     1  2321       -6.479911        1.019200        0.500000
       retry log10(dt/yr), log10(dt), retry_factor     1  2322       -6.877851        0.621260        0.500000
       retry log10(dt/yr), log10(dt), retry_factor     1  2323       -7.178881        0.320230        0.500000
hydro_newton_step failed to accept
       retry log10(dt/yr), log10(dt), retry_factor     1  2330       -6.438246        1.060866        0.500000
       retry log10(dt/yr), log10(dt), retry_factor     1  2333       -5.895315        1.603797        0.500000
       retry log10(dt/yr), log10(dt), retry_factor     1  2334       -6.196345        1.302767        0.500000
       retry log10(dt/yr), log10(dt), retry_factor     1  2335       -6.497375        1.001737        0.500000
       retry log10(dt/yr), log10(dt), retry_factor     1  2337       -6.798404        0.700707        0.500000
       retry log10(dt/yr), log10(dt), retry_factor     1  2338       -7.196345        0.302767        0.500000
       retry log10(dt/yr), log10(dt), retry_factor     2  2338       -7.497375        0.001737        0.500000
       retry log10(dt/yr), log10(dt), retry_factor     1  2343       -7.196345        0.302767        0.500000
       retry log10(dt/yr), log10(dt), retry_factor     1  2344       -7.497375        0.001737        0.500000
       retry log10(dt/yr), log10(dt), retry_factor     1  2346       -7.798404       -0.299293        0.500000
       retry log10(dt/yr), log10(dt), retry_factor     1  2348       -8.099434       -0.600323        0.500000
       retry log10(dt/yr), log10(dt), retry_factor     2  2348       -8.400464       -0.901353        0.500000
       retry log10(dt/yr), log10(dt), retry_factor     1  2356       -8.506618       -1.007507        0.500000
       retry log10(dt/yr), log10(dt), retry_factor     1  2362       -8.996292       -1.497180        0.500000
       retry log10(dt/yr), log10(dt), retry_factor     1  2386       -9.316881       -1.817769        0.500000
       retry log10(dt/yr), log10(dt), retry_factor     1  2413       -8.435762       -0.936651        0.500000
       retry log10(dt/yr), log10(dt), retry_factor     2  2413       -8.736792       -1.237681        0.500000
       retry log10(dt/yr), log10(dt), retry_factor     1  2445       -7.219218        0.279894        0.500000
       retry log10(dt/yr), log10(dt), retry_factor     1  2447       -7.714068       -0.214956        0.500000
       retry log10(dt/yr), log10(dt), retry_factor     1  2448       -8.112008       -0.612896        0.500000
hydro_newton_step failed to accept
       retry log10(dt/yr), log10(dt), retry_factor     2  2448       -8.413038       -0.913926        0.500000
       retry log10(dt/yr), log10(dt), retry_factor     1  2452       -8.455962       -0.956850        0.500000
       retry log10(dt/yr), log10(dt), retry_factor     1  2490       -7.579548       -0.080437        0.500000
       retry log10(dt/yr), log10(dt), retry_factor     2  2490       -7.880578       -0.381467        0.500000
 have reached retry limit so now backup
       retry log10(dt/yr), log10(dt), retry_factor     1  2497       -7.649121       -0.150009        0.500000
       retry log10(dt/yr), log10(dt), retry_factor     2  2497       -7.950151       -0.451039        0.500000
 have reached retry limit so now backup
 bad other yaxis for History panels plot num_zones

 ERROR: failed to find log_Teff in history data

 grid1/grid1_002500.png/png
hydro_newton_step failed to accept
       retry log10(dt/yr), log10(dt), retry_factor     1  2504       -7.297455        0.201657        0.500000
       retry log10(dt/yr), log10(dt), retry_factor     2  2504       -7.598485       -0.099373        0.500000
 have reached retry limit so now backup
       retry log10(dt/yr), log10(dt), retry_factor     1  2510       -7.236617        0.262495        0.500000
       retry log10(dt/yr), log10(dt), retry_factor     2  2510       -7.537647       -0.038535        0.500000
 have reached retry limit so now backup
       retry log10(dt/yr), log10(dt), retry_factor     1  2520       -7.034389        0.464723        0.500000
       retry log10(dt/yr), log10(dt), retry_factor     2  2520       -7.335419        0.163693        0.500000
 have reached retry limit so now backup
hydro_newton_step failed to accept
       retry log10(dt/yr), log10(dt), retry_factor     1  2552       -6.117645        1.381466        0.500000
       retry log10(dt/yr), log10(dt), retry_factor     1  2557       -5.647791        1.851321        0.500000
       retry log10(dt/yr), log10(dt), retry_factor     1  2558       -5.948821        1.550291        0.500000
       retry log10(dt/yr), log10(dt), retry_factor     2  2558       -6.249851        1.249261        0.500000
       retry log10(dt/yr), log10(dt), retry_factor     1  2565       -5.517281        1.981830        0.500000
       retry log10(dt/yr), log10(dt), retry_factor     1  2568       -5.818311        1.680800        0.500000
       retry log10(dt/yr), log10(dt), retry_factor     1  2569       -6.216251        1.282860        0.500000
       retry log10(dt/yr), log10(dt), retry_factor     1  2570       -6.517281        0.981830        0.500000
       retry log10(dt/yr), log10(dt), retry_factor     1  2578       -5.513887        1.985225        0.500000
       retry log10(dt/yr), log10(dt), retry_factor     2  2578       -5.814917        1.684195        0.500000
 have reached retry limit so now backup
       retry log10(dt/yr), log10(dt), retry_factor     1  2584       -5.513436        1.985676        0.500000
       retry log10(dt/yr), log10(dt), retry_factor     1  2588       -5.563353        1.935758        0.500000
       retry log10(dt/yr), log10(dt), retry_factor     1  2593       -5.653564        1.845548        0.500000
       retry log10(dt/yr), log10(dt), retry_factor     2  2593       -5.954594        1.544518        0.500000
       retry log10(dt/yr), log10(dt), retry_factor     1  2598       -5.733899        1.765212        0.500000
hydro_newton_step failed to accept
       retry log10(dt/yr), log10(dt), retry_factor     1  2599       -6.034929        1.464182        0.500000
       retry log10(dt/yr), log10(dt), retry_factor     1  2600       -6.432869        1.066242        0.500000
       retry log10(dt/yr), log10(dt), retry_factor     1  2601       -6.733899        0.765212        0.500000
       retry log10(dt/yr), log10(dt), retry_factor     1  2609       -5.657768        1.841343        0.500000
       retry log10(dt/yr), log10(dt), retry_factor     1  2613       -5.719413        1.779698        0.500000
       retry log10(dt/yr), log10(dt), retry_factor     1  2615       -6.117353        1.381758        0.500000
       retry log10(dt/yr), log10(dt), retry_factor     2  2615       -6.418383        1.080728        0.500000
       retry log10(dt/yr), log10(dt), retry_factor     1  2616       -6.816323        0.682788        0.500000
       retry log10(dt/yr), log10(dt), retry_factor     1  2617       -7.117353        0.381758        0.500000
       retry log10(dt/yr), log10(dt), retry_factor     1  2625       -5.913233        1.585878        0.500000
hydro_newton_step failed to accept
       retry log10(dt/yr), log10(dt), retry_factor     2  2625       -6.214263        1.284848        0.500000
       retry log10(dt/yr), log10(dt), retry_factor     1  2627       -6.515293        0.983818        0.500000
hydro_newton_step failed to accept
       retry log10(dt/yr), log10(dt), retry_factor     1  2629       -7.010143        0.488968        0.500000
       retry log10(dt/yr), log10(dt), retry_factor     2  2629       -7.311173        0.187938        0.500000
       retry log10(dt/yr), log10(dt), retry_factor     1  2634       -7.010143        0.488968        0.500000
/var/spool/slurmd/job6510153/slurm_script: line 65: 1747702 Killed                  $MESA_BASE/star >> /hpc/group/physics/al363/low_overhead/sens/errors/slurm._${SLURM_ARRAY_JOB_ID}_${SLURM_ARRAY_TASK_ID}.err
slurmstepd: error: Detected 1 oom-kill event(s) in StepId=6510153.batch cgroup. Some of your processes may have been killed by the cgroup out-of-memory handler.
