starting from 0
DATE: 2020-09-02
TIME: 16:15:04
                                         version_number       10108
 read /hpc/group/physics/al363/sens/base/inlist_base
 read inlist_cluster
load saved model /hpc/group/physics/al363/sens/base/ns_relax.mod

 change to /hpc/group/physics/al363/sens/base/rp_305.net
             set special rate factor for r_ni54_ng_ni55         279    1.0000000000000000D-02
             set special rate factor for r_ni55_gn_ni54         280    1.0000000000000000D-02
             set special rate factor for r_ni54_ng_ni55         279    1.0000000000000000D-02
             set special rate factor for r_ni55_gn_ni54         280    1.0000000000000000D-02
 number of species         305
 read /hpc/group/physics/al363/sens/base/history_customACL.list_tau
 read /hpc/group/physics/al363/sens/base/profile_customACL.list_tau
 net name /hpc/group/physics/al363/sens/base/rp_305.net
 v_flag T
                         which_atm_option: grey_and_kap
                                           xmstar/mstar    4.5461189430843640D-12
                                             xmstar (g)    1.2660395722219186D+22
                                           M_center (g)    2.7848799999878681D+33
                                            xmstar/Msun    6.3645665203193175D-12
                                          M_center/Msun    1.3999999999939012D+00
                                          R_center (cm)    1.1200000000000000D+06
                                          R_center/Rsun    1.6092416448748527D-05
                                           core density    4.7322078204273819D+14
                                          L_center/Lsun    4.1647144567650578D+00
 kappa_file_prefix gs98
 kappa_lowT_prefix lowT_fa05_gs98

   eos_file_prefix mesa
                                        OMP_NUM_THREADS           8


__________________________________________________________________________________________________________________________________________________

       step    lg_Tcntr    Teff       lg_LH     lg_Lnuc     Mass       H_rich     H_cntr     N_cntr     Y_surf     X_avg     eta_cntr  zones retry
   lg_dt_yr    lg_Dcntr    lg_R       lg_L3a    lg_Lneu     lg_Mdot    He_core    He_cntr    O_cntr     Z_surf     Y_avg     gam_cntr  iters bckup
     age_yr    lg_Pcntr    lg_L       lg_LZ     lg_Psurf    lg_Dsurf   C_core     C_cntr     Ne_cntr    Si_cntr    Z_avg     v_div_cs     dt_limit
__________________________________________________________________________________________________________________________________________________

save LOGS/profile1.data for model 2
 grid1/grid1_000005.png/png
 burst_profile/burst_profile000005.png/png
          6   8.165156  1.497E+06   0.087590   0.087976   1.400000   1.400000   0.000000   0.000000   0.275200   0.030886  22.514775    791      0
  -5.817651   6.610341  -4.793035 -18.862378  -1.086578  -8.522879   0.000000   0.000000   0.000000   0.020000   0.011710 149.410225      6      0
 4.0040E-06  23.176196   0.068337  -2.962874  12.744977  -1.553972   0.000000   0.000000   0.000000   0.000687  9.574E-01  0.395E-11      lgT_cntr

save LOGS/profile2.data for model 6
 grid1/grid1_000010.png/png
 burst_profile/burst_profile000010.png/png
 grid1/grid1_000015.png/png
 burst_profile/burst_profile000015.png/png
 grid1/grid1_000020.png/png
 burst_profile/burst_profile000020.png/png
 grid1/grid1_000025.png/png
 burst_profile/burst_profile000025.png/png
       retry log10(dt/yr), log10(dt), retry_factor     1    30       -5.532111        1.967001        0.500000
 grid1/grid1_000030.png/png
 burst_profile/burst_profile000030.png/png
       retry log10(dt/yr), log10(dt), retry_factor     1    35       -5.231081        2.268031        0.500000
 grid1/grid1_000035.png/png
 burst_profile/burst_profile000035.png/png
       retry log10(dt/yr), log10(dt), retry_factor     1    36       -5.532111        1.967001        0.500000
       retry log10(dt/yr), log10(dt), retry_factor     1    40       -5.532111        1.967001        0.500000
 grid1/grid1_000040.png/png
 burst_profile/burst_profile000040.png/png
       retry log10(dt/yr), log10(dt), retry_factor     1    45       -5.231081        2.268031        0.500000
 grid1/grid1_000045.png/png
 burst_profile/burst_profile000045.png/png
       retry log10(dt/yr), log10(dt), retry_factor     1    49       -5.231081        2.268031        0.500000
 grid1/grid1_000050.png/png
 burst_profile/burst_profile000050.png/png
       retry log10(dt/yr), log10(dt), retry_factor     1    53       -5.231081        2.268031        0.500000
 grid1/grid1_000055.png/png
 burst_profile/burst_profile000055.png/png
       retry log10(dt/yr), log10(dt), retry_factor     1    56       -5.532111        1.967001        0.500000
       retry log10(dt/yr), log10(dt), retry_factor     2    56       -5.833141        1.665971        0.500000
 have reached retry limit so now backup
 grid1/grid1_000055.png/png
 burst_profile/burst_profile000055.png/png
       retry log10(dt/yr), log10(dt), retry_factor     1    58       -6.134171        1.364941        0.500000
       retry log10(dt/yr), log10(dt), retry_factor     2    58       -6.435201        1.063911        0.500000
 have reached retry limit so now backup
       retry log10(dt/yr), log10(dt), retry_factor     1    58       -6.736231        0.762881        0.500000
       retry log10(dt/yr), log10(dt), retry_factor     2    58       -7.037261        0.461851        0.500000
 have reached retry limit so now backup
       retry log10(dt/yr), log10(dt), retry_factor     1    60       -7.338291        0.160821        0.500000
       retry log10(dt/yr), log10(dt), retry_factor     2    60       -7.639321       -0.140209        0.500000
 have reached retry limit so now backup
 grid1/grid1_000060.png/png
 burst_profile/burst_profile000060.png/png
       retry log10(dt/yr), log10(dt), retry_factor     1    62       -7.940351       -0.441239        0.500000
       retry log10(dt/yr), log10(dt), retry_factor     2    62       -8.241381       -0.742269        0.500000
 grid1/grid1_000065.png/png
 burst_profile/burst_profile000065.png/png
 grid1/grid1_000070.png/png
 burst_profile/burst_profile000070.png/png
 grid1/grid1_000075.png/png
 burst_profile/burst_profile000075.png/png
       retry log10(dt/yr), log10(dt), retry_factor     1    76       -5.231081        2.268031        0.500000
       retry log10(dt/yr), log10(dt), retry_factor     2    76       -5.532111        1.967001        0.500000
       retry log10(dt/yr), log10(dt), retry_factor     1    77       -5.833141        1.665971        0.500000
       retry log10(dt/yr), log10(dt), retry_factor     2    77       -6.134171        1.364941        0.500000
 have reached retry limit so now backup
       retry log10(dt/yr), log10(dt), retry_factor     1    80       -6.435201        1.063911        0.500000
       retry log10(dt/yr), log10(dt), retry_factor     2    80       -6.736231        0.762881        0.500000
 have reached retry limit so now backup
 grid1/grid1_000080.png/png
 burst_profile/burst_profile000080.png/png
       retry log10(dt/yr), log10(dt), retry_factor     1    81       -7.037261        0.461851        0.500000
       retry log10(dt/yr), log10(dt), retry_factor     2    81       -7.338291        0.160821        0.500000
 have reached retry limit so now backup
 grid1/grid1_000080.png/png
 burst_profile/burst_profile000080.png/png
       retry log10(dt/yr), log10(dt), retry_factor     1    84       -7.639321       -0.140209        0.500000
       retry log10(dt/yr), log10(dt), retry_factor     2    84       -7.940351       -0.441239        0.500000
 have reached retry limit so now backup
       retry log10(dt/yr), log10(dt), retry_factor     1    84       -8.241381       -0.742269        0.500000
 grid1/grid1_000085.png/png
 burst_profile/burst_profile000085.png/png
 grid1/grid1_000090.png/png
 burst_profile/burst_profile000090.png/png
 grid1/grid1_000095.png/png
 burst_profile/burst_profile000095.png/png
       retry log10(dt/yr), log10(dt), retry_factor     1    97       -5.708197        1.790914        0.500000
       retry log10(dt/yr), log10(dt), retry_factor     1    98       -6.029742        1.469369        0.500000
       retry log10(dt/yr), log10(dt), retry_factor     1    99       -6.330772        1.168339        0.500000
        100   8.444841  4.670E+06   2.033172   2.166622   1.400000   1.400000   0.000000   0.000000   0.275200   0.100536  12.226478    752     31
  -6.029742   6.642744  -4.792800   1.206170   1.283423  -8.522879   0.000000   0.000000   0.000000   0.020000   0.058448  80.444496      6      8
 3.1300E-04  23.235090   2.045017   1.357015  13.860470  -0.943582   0.000000   0.000000   0.000000   0.000687  8.410E-01  0.987E-12          hold

 grid1/grid1_000100.png/png
 burst_profile/burst_profile000100.png/png
       retry log10(dt/yr), log10(dt), retry_factor     1   101       -6.631802        0.867309        0.500000
       retry log10(dt/yr), log10(dt), retry_factor     1   103       -6.932832        0.566279        0.500000
hydro_newton_step failed to accept
       retry log10(dt/yr), log10(dt), retry_factor     1   104       -7.233862        0.265249        0.500000
 grid1/grid1_000105.png/png
 burst_profile/burst_profile000105.png/png
       retry log10(dt/yr), log10(dt), retry_factor     1   106       -7.534892       -0.035780        0.500000
       retry log10(dt/yr), log10(dt), retry_factor     1   110       -7.649233       -0.150121        0.500000
       retry log10(dt/yr), log10(dt), retry_factor     2   110       -7.950263       -0.451151        0.500000
 grid1/grid1_000110.png/png
 burst_profile/burst_profile000110.png/png
       retry log10(dt/yr), log10(dt), retry_factor     1   112       -8.333825       -0.834714        0.500000
 grid1/grid1_000115.png/png
 burst_profile/burst_profile000115.png/png
 grid1/grid1_000120.png/png
 burst_profile/burst_profile000120.png/png
 grid1/grid1_000125.png/png
 burst_profile/burst_profile000125.png/png
 grid1/grid1_000130.png/png
 burst_profile/burst_profile000130.png/png
 grid1/grid1_000135.png/png
 burst_profile/burst_profile000135.png/png
 grid1/grid1_000140.png/png
 burst_profile/burst_profile000140.png/png
 grid1/grid1_000145.png/png
 burst_profile/burst_profile000145.png/png
 grid1/grid1_000150.png/png
 burst_profile/burst_profile000150.png/png
 grid1/grid1_000155.png/png
 burst_profile/burst_profile000155.png/png
 grid1/grid1_000160.png/png
 burst_profile/burst_profile000160.png/png
 grid1/grid1_000165.png/png
 burst_profile/burst_profile000165.png/png
                       super eddington wind: lg_Mdot, L/Ledd         166    -9.76047     1.00708
                       super eddington wind: lg_Mdot, L/Ledd         167    -9.00475     1.04031
                       super eddington wind: lg_Mdot, L/Ledd         168    -8.75951     1.07086
                       super eddington wind: lg_Mdot, L/Ledd         169    -8.62665     1.09614
                       super eddington wind: lg_Mdot, L/Ledd         170    -8.52207     1.12216
 grid1/grid1_000170.png/png
 burst_profile/burst_profile000170.png/png
                       super eddington wind: lg_Mdot, L/Ledd         171    -8.42430     1.15286
                       super eddington wind: lg_Mdot, L/Ledd         172    -8.60285     1.10116
                       super eddington wind: lg_Mdot, L/Ledd         173    -8.46073     1.14020
                       super eddington wind: lg_Mdot, L/Ledd         174    -8.38553     1.16680
                       super eddington wind: lg_Mdot, L/Ledd         175    -8.53025     1.11919
 grid1/grid1_000175.png/png
 burst_profile/burst_profile000175.png/png
                       super eddington wind: lg_Mdot, L/Ledd         176    -8.40317     1.15973
                       super eddington wind: lg_Mdot, L/Ledd         177    -8.32455     1.19140
                       super eddington wind: lg_Mdot, L/Ledd         178    -8.45025     1.14276
                       super eddington wind: lg_Mdot, L/Ledd         179    -8.33606     1.18573
                       super eddington wind: lg_Mdot, L/Ledd         180    -8.27673     1.21280
 grid1/grid1_000180.png/png
 burst_profile/burst_profile000180.png/png
                       super eddington wind: lg_Mdot, L/Ledd         181    -8.39113     1.16322
                       super eddington wind: lg_Mdot, L/Ledd         182    -8.29800     1.20215
                       super eddington wind: lg_Mdot, L/Ledd         183    -8.24578     1.22769
                       super eddington wind: lg_Mdot, L/Ledd         184    -8.36319     1.17344
                       super eddington wind: lg_Mdot, L/Ledd         185    -8.27752     1.21103
 grid1/grid1_000185.png/png
 burst_profile/burst_profile000185.png/png
                       super eddington wind: lg_Mdot, L/Ledd         186    -8.23682     1.23159
                       super eddington wind: lg_Mdot, L/Ledd         187    -8.35757     1.17499
                       super eddington wind: lg_Mdot, L/Ledd         188    -8.28613     1.20601
                       super eddington wind: lg_Mdot, L/Ledd         189    -8.25505     1.22105
                       super eddington wind: lg_Mdot, L/Ledd         190    -8.39541     1.15978
 grid1/grid1_000190.png/png
 burst_profile/burst_profile000190.png/png
                       super eddington wind: lg_Mdot, L/Ledd         191    -8.33980     1.18130
                       super eddington wind: lg_Mdot, L/Ledd         192    -8.31300     1.19282
                       super eddington wind: lg_Mdot, L/Ledd         193    -8.48684     1.12893
                       super eddington wind: lg_Mdot, L/Ledd         194    -8.42363     1.14896
       retry log10(dt/yr), log10(dt), retry_factor     1   194       -9.236009       -1.736897        0.500000
                       super eddington wind: lg_Mdot, L/Ledd         194    -8.42363     1.14896
                       super eddington wind: lg_Mdot, L/Ledd         195    -8.64686     1.08910
 grid1/grid1_000195.png/png
 burst_profile/burst_profile000195.png/png
                       super eddington wind: lg_Mdot, L/Ledd         196    -8.47915     1.13104
                       super eddington wind: lg_Mdot, L/Ledd         197    -8.40374     1.15575
                       super eddington wind: lg_Mdot, L/Ledd         198    -8.61075     1.09673
                       super eddington wind: lg_Mdot, L/Ledd         199    -8.52315     1.11831
                       super eddington wind: lg_Mdot, L/Ledd         200    -8.67859     1.08266
        200   8.954277  2.385E+07   3.715033   6.680521   1.400000   1.400000   0.000000   0.000000   0.295037   0.075332   3.016543    671     39
  -8.638725   6.567984  -4.791544   3.022515   4.376690  -8.678591   0.000000   0.000000   0.000000   0.203630   0.044684  23.503914     10      8
 3.1498E-04  23.235203   4.880264   6.679955  15.061912  -0.893888   0.000000   0.000000   0.000000   0.000687  8.800E-01  0.463E-04    varcontrol

 grid1/grid1_000200.png/png
 burst_profile/burst_profile000200.png/png
                       super eddington wind: lg_Mdot, L/Ledd         201    -8.58142     1.10333
                       super eddington wind: lg_Mdot, L/Ledd         202    -8.67126     1.08386
                       super eddington wind: lg_Mdot, L/Ledd         203    -8.68376     1.08156
                       super eddington wind: lg_Mdot, L/Ledd         204    -8.56849     1.10630
                       super eddington wind: lg_Mdot, L/Ledd         205    -8.71614     1.07555
 grid1/grid1_000205.png/png
 burst_profile/burst_profile000205.png/png
                       super eddington wind: lg_Mdot, L/Ledd         206    -8.78058     1.06515
                       super eddington wind: lg_Mdot, L/Ledd         207    -9.28328     1.02044
                       super eddington wind: lg_Mdot, L/Ledd         208    -9.05900     1.03418
hydro_newton_step failed to accept
       retry log10(dt/yr), log10(dt), retry_factor     1   209       -9.211488       -1.712376        0.500000
       retry log10(dt/yr), log10(dt), retry_factor     2   209       -9.512518       -2.013406        0.500000
                       super eddington wind: lg_Mdot, L/Ledd         210    -9.31696     1.01889
 grid1/grid1_000210.png/png
 burst_profile/burst_profile000210.png/png
                       super eddington wind: lg_Mdot, L/Ledd         212    -9.67026     1.00838
 grid1/grid1_000215.png/png
 burst_profile/burst_profile000215.png/png
 grid1/grid1_000220.png/png
 burst_profile/burst_profile000220.png/png
 grid1/grid1_000225.png/png
 burst_profile/burst_profile000225.png/png
 grid1/grid1_000230.png/png
 burst_profile/burst_profile000230.png/png
       retry log10(dt/yr), log10(dt), retry_factor     1   231       -7.587133       -0.088021        0.500000
       retry log10(dt/yr), log10(dt), retry_factor     2   231       -7.888163       -0.389051        0.500000
 have reached retry limit so now backup
 grid1/grid1_000230.png/png
 burst_profile/burst_profile000230.png/png
 grid1/grid1_000235.png/png
 burst_profile/burst_profile000235.png/png
       retry log10(dt/yr), log10(dt), retry_factor     1   238       -7.911496       -0.412385        0.500000
hydro_newton_step failed to accept
       retry log10(dt/yr), log10(dt), retry_factor     1   239       -8.309436       -0.810325        0.500000
       retry log10(dt/yr), log10(dt), retry_factor     2   239       -8.610466       -1.111355        0.500000
       retry log10(dt/yr), log10(dt), retry_factor     1   240       -8.911496       -1.412385        0.500000
       retry log10(dt/yr), log10(dt), retry_factor     2   240       -9.212526       -1.713415        0.500000
 grid1/grid1_000240.png/png
 burst_profile/burst_profile000240.png/png
 grid1/grid1_000245.png/png
 burst_profile/burst_profile000245.png/png
hydro_newton_step failed to accept
       retry log10(dt/yr), log10(dt), retry_factor     1   248       -8.008406       -0.509295        0.500000
hydro_newton_step failed to accept
       retry log10(dt/yr), log10(dt), retry_factor     2   248       -8.309436       -0.810325        0.500000
 have reached retry limit so now backup
 grid1/grid1_000250.png/png
 burst_profile/burst_profile000250.png/png
 grid1/grid1_000255.png/png
 burst_profile/burst_profile000255.png/png
 grid1/grid1_000260.png/png
 burst_profile/burst_profile000260.png/png
 grid1/grid1_000265.png/png
 burst_profile/burst_profile000265.png/png
 grid1/grid1_000270.png/png
 burst_profile/burst_profile000270.png/png
 grid1/grid1_000275.png/png
 burst_profile/burst_profile000275.png/png
       retry log10(dt/yr), log10(dt), retry_factor     1   278       -7.651965       -0.152854        0.500000
       retry log10(dt/yr), log10(dt), retry_factor     2   278       -7.952995       -0.453884        0.500000
 grid1/grid1_000280.png/png
 burst_profile/burst_profile000280.png/png
       retry log10(dt/yr), log10(dt), retry_factor     1   285       -7.971034       -0.471923        0.500000
       retry log10(dt/yr), log10(dt), retry_factor     2   285       -8.272064       -0.772953        0.500000
 have reached retry limit so now backup
 grid1/grid1_000285.png/png
 burst_profile/burst_profile000285.png/png
 grid1/grid1_000290.png/png
 burst_profile/burst_profile000290.png/png
       retry log10(dt/yr), log10(dt), retry_factor     1   291       -7.670004       -0.170893        0.500000
       retry log10(dt/yr), log10(dt), retry_factor     2   291       -7.971034       -0.471923        0.500000
 grid1/grid1_000295.png/png
 burst_profile/burst_profile000295.png/png
       retry log10(dt/yr), log10(dt), retry_factor     1   297       -7.600943       -0.101831        0.500000
       retry log10(dt/yr), log10(dt), retry_factor     2   297       -7.901973       -0.402861        0.500000
 have reached retry limit so now backup
        300   8.768446  9.825E+06   1.750853   3.169819   1.400000   1.400000   0.000000   0.000000   0.275200   0.019943   5.381409    712     58
  -7.600943   6.614709  -4.792680   1.697024   2.565808  -8.522879   0.000000   0.000000   0.000000   0.020000   0.020291  37.371935      6     12
 3.1826E-04  23.235976   3.337471   3.137471  14.431923  -0.728074   0.000000   0.000000   0.000000   0.000687  9.598E-01  0.260E-09          hold

 grid1/grid1_000300.png/png
 burst_profile/burst_profile000300.png/png
hydro_newton_step failed to accept
       retry log10(dt/yr), log10(dt), retry_factor     1   303       -7.540991       -0.041879        0.500000
       retry log10(dt/yr), log10(dt), retry_factor     2   303       -7.842021       -0.342909        0.500000
 have reached retry limit so now backup
 grid1/grid1_000305.png/png
 burst_profile/burst_profile000305.png/png
 grid1/grid1_000310.png/png
 burst_profile/burst_profile000310.png/png
 grid1/grid1_000315.png/png
 burst_profile/burst_profile000315.png/png
 grid1/grid1_000320.png/png
 burst_profile/burst_profile000320.png/png
 grid1/grid1_000325.png/png
 burst_profile/burst_profile000325.png/png
 grid1/grid1_000330.png/png
 burst_profile/burst_profile000330.png/png
 grid1/grid1_000335.png/png
 burst_profile/burst_profile000335.png/png
 grid1/grid1_000340.png/png
 burst_profile/burst_profile000340.png/png
 grid1/grid1_000345.png/png
 burst_profile/burst_profile000345.png/png
 grid1/grid1_000350.png/png
 burst_profile/burst_profile000350.png/png
       retry log10(dt/yr), log10(dt), retry_factor     1   351       -5.261917        2.237195        0.500000
       retry log10(dt/yr), log10(dt), retry_factor     2   351       -5.562947        1.936165        0.500000
 have reached retry limit so now backup
 grid1/grid1_000350.png/png
 burst_profile/burst_profile000350.png/png
       retry log10(dt/yr), log10(dt), retry_factor     1   354       -5.863977        1.635135        0.500000
       retry log10(dt/yr), log10(dt), retry_factor     2   354       -6.165007        1.334105        0.500000
 grid1/grid1_000355.png/png
 burst_profile/burst_profile000355.png/png
       retry log10(dt/yr), log10(dt), retry_factor     1   360       -5.562947        1.936165        0.500000
 grid1/grid1_000360.png/png
 burst_profile/burst_profile000360.png/png
       retry log10(dt/yr), log10(dt), retry_factor     1   362       -5.960887        1.538225        0.500000
       retry log10(dt/yr), log10(dt), retry_factor     1   363       -6.261917        1.237195        0.500000
 grid1/grid1_000365.png/png
 burst_profile/burst_profile000365.png/png
       retry log10(dt/yr), log10(dt), retry_factor     1   370       -5.493750        2.005361        0.500000
 grid1/grid1_000370.png/png
 burst_profile/burst_profile000370.png/png
       retry log10(dt/yr), log10(dt), retry_factor     1   375       -5.450186        2.048926        0.500000
 grid1/grid1_000375.png/png
 burst_profile/burst_profile000375.png/png
       retry log10(dt/yr), log10(dt), retry_factor     1   376       -5.848126        1.650986        0.500000
       retry log10(dt/yr), log10(dt), retry_factor     1   377       -6.149156        1.349956        0.500000
 grid1/grid1_000380.png/png
 burst_profile/burst_profile000380.png/png
       retry log10(dt/yr), log10(dt), retry_factor     1   384       -5.517731        1.981380        0.500000
       retry log10(dt/yr), log10(dt), retry_factor     2   384       -5.818761        1.680350        0.500000
 grid1/grid1_000385.png/png
 burst_profile/burst_profile000385.png/png
       retry log10(dt/yr), log10(dt), retry_factor     1   386       -6.119791        1.379320        0.500000
       retry log10(dt/yr), log10(dt), retry_factor     2   386       -6.420821        1.078290        0.500000
 have reached retry limit so now backup
 grid1/grid1_000385.png/png
 burst_profile/burst_profile000385.png/png
       retry log10(dt/yr), log10(dt), retry_factor     1   387       -6.721851        0.777260        0.500000
       retry log10(dt/yr), log10(dt), retry_factor     2   387       -7.022881        0.476230        0.500000
 have reached retry limit so now backup
       retry log10(dt/yr), log10(dt), retry_factor     1   389       -7.323911        0.175200        0.500000
       retry log10(dt/yr), log10(dt), retry_factor     2   389       -7.624941       -0.125830        0.500000
 have reached retry limit so now backup
 grid1/grid1_000390.png/png
 burst_profile/burst_profile000390.png/png
       retry log10(dt/yr), log10(dt), retry_factor     1   392       -7.925971       -0.426860        0.500000
 grid1/grid1_000395.png/png
 burst_profile/burst_profile000395.png/png
        400   8.347098  3.634E+06   1.516222   1.542628   1.400000   1.400000   0.000000   0.000000   0.275200   0.061939  15.866841    751     80
  -6.119791   6.667901  -4.792872  -0.936789   0.691445  -8.522879   0.000000   0.000000   0.000000   0.020000   0.043901 102.712725      6     17
 5.0470E-04  23.267984   1.609436   0.288281  13.576466  -1.116087   0.000000   0.000000   0.000000   0.000687  8.942E-01 -0.102E-10  max increase

 grid1/grid1_000400.png/png
 burst_profile/burst_profile000400.png/png
       retry log10(dt/yr), log10(dt), retry_factor     1   405       -5.455021        2.044091        0.500000
       retry log10(dt/yr), log10(dt), retry_factor     2   405       -5.756051        1.743061        0.500000
 have reached retry limit so now backup
 grid1/grid1_000405.png/png
 burst_profile/burst_profile000405.png/png
       retry log10(dt/yr), log10(dt), retry_factor     1   410       -5.615457        1.883654        0.500000
 grid1/grid1_000410.png/png
 burst_profile/burst_profile000410.png/png
hydro_newton_step failed to accept
       retry log10(dt/yr), log10(dt), retry_factor     1   411       -6.013397        1.485714        0.500000
 grid1/grid1_000415.png/png
 burst_profile/burst_profile000415.png/png
       retry log10(dt/yr), log10(dt), retry_factor     1   416       -5.622117        1.876995        0.500000
       retry log10(dt/yr), log10(dt), retry_factor     2   416       -5.923147        1.575965        0.500000
hydro_newton_step failed to accept
       retry log10(dt/yr), log10(dt), retry_factor     1   417       -6.274849        1.224263        0.500000
       retry log10(dt/yr), log10(dt), retry_factor     1   418       -6.575879        0.923233        0.500000
       retry log10(dt/yr), log10(dt), retry_factor     1   419       -6.876909        0.622203        0.500000
 grid1/grid1_000420.png/png
 burst_profile/burst_profile000420.png/png
hydro_newton_step failed to accept
       retry log10(dt/yr), log10(dt), retry_factor     1   425       -6.408614        1.090498        0.500000
 grid1/grid1_000425.png/png
 burst_profile/burst_profile000425.png/png
       retry log10(dt/yr), log10(dt), retry_factor     1   429       -5.762075        1.737036        0.500000
hydro_newton_step failed to accept
       retry log10(dt/yr), log10(dt), retry_factor     2   429       -6.063105        1.436006        0.500000
 grid1/grid1_000430.png/png
 burst_profile/burst_profile000430.png/png
hydro_newton_step failed to accept
       retry log10(dt/yr), log10(dt), retry_factor     1   431       -6.461045        1.038066        0.500000
        431   8.419338  4.397E+06   1.915031   2.012004   1.400000   1.400000   0.000000   0.000000   0.275200   0.075727  13.513774    750     93
  -6.160015   6.674455  -4.792813   1.105511   1.085211  -8.522879   0.000000   0.000000   0.000000   0.020000   0.053644  87.411642      6     18
 5.8383E-04  23.280861   1.940356   0.893344  13.793062  -0.984099   0.000000   0.000000   0.000000   0.000687  8.706E-01  0.467E-11         retry

save LOGS/profile3.data for model 431
       retry log10(dt/yr), log10(dt), retry_factor     1   434       -6.335522        1.163589        0.500000
hydro_newton_step failed to accept
       retry log10(dt/yr), log10(dt), retry_factor     2   434       -6.636552        0.862559        0.500000
 grid1/grid1_000435.png/png
 burst_profile/burst_profile000435.png/png
hydro_newton_step failed to accept
       retry log10(dt/yr), log10(dt), retry_factor     1   436       -6.937582        0.561529        0.500000
       retry log10(dt/yr), log10(dt), retry_factor     1   438       -6.937582        0.561529        0.500000
       retry log10(dt/yr), log10(dt), retry_factor     1   439       -7.238612        0.260499        0.500000
       retry log10(dt/yr), log10(dt), retry_factor     1   440       -7.539642       -0.040531        0.500000
 grid1/grid1_000440.png/png
 burst_profile/burst_profile000440.png/png
       retry log10(dt/yr), log10(dt), retry_factor     1   444       -7.937582       -0.438471        0.500000
 grid1/grid1_000445.png/png
 burst_profile/burst_profile000445.png/png
       retry log10(dt/yr), log10(dt), retry_factor     1   448       -8.537007       -1.037895        0.500000
 grid1/grid1_000450.png/png
 burst_profile/burst_profile000450.png/png
 grid1/grid1_000455.png/png
 burst_profile/burst_profile000455.png/png
 grid1/grid1_000460.png/png
 burst_profile/burst_profile000460.png/png
 grid1/grid1_000465.png/png
 burst_profile/burst_profile000465.png/png
 grid1/grid1_000470.png/png
 burst_profile/burst_profile000470.png/png
 grid1/grid1_000475.png/png
 burst_profile/burst_profile000475.png/png
 grid1/grid1_000480.png/png
 burst_profile/burst_profile000480.png/png
 grid1/grid1_000485.png/png
 burst_profile/burst_profile000485.png/png
 grid1/grid1_000490.png/png
 burst_profile/burst_profile000490.png/png
 grid1/grid1_000495.png/png
 burst_profile/burst_profile000495.png/png
        500   8.636822  2.201E+07   3.555820   6.707719   1.400000   1.400000   0.000000   0.000000   0.285544   0.065003   7.943265    820    101
  -8.590815   6.662533  -4.791625   2.947953   4.278459  -8.522879   0.000000   0.000000   0.000000   0.213618   0.039753  52.494191      7     18
 5.8815E-04  23.281395   4.740677   6.707337  14.965315  -0.865576   0.000000   0.000000   0.000000   0.000687  8.952E-01 -0.330E-07      lgT_cntr

save LOGS/profile4.data for model 500
save photos/x500 for model 500
 grid1/grid1_000500.png/png
 burst_profile/burst_profile000500.png/png
 grid1/grid1_000505.png/png
 burst_profile/burst_profile000505.png/png
 grid1/grid1_000510.png/png
 burst_profile/burst_profile000510.png/png
 grid1/grid1_000515.png/png
 burst_profile/burst_profile000515.png/png
 grid1/grid1_000520.png/png
 burst_profile/burst_profile000520.png/png
 grid1/grid1_000525.png/png
 burst_profile/burst_profile000525.png/png
 grid1/grid1_000530.png/png
 burst_profile/burst_profile000530.png/png
       retry log10(dt/yr), log10(dt), retry_factor     1   533       -7.419322        0.079790        0.500000
       retry log10(dt/yr), log10(dt), retry_factor     2   533       -7.720352       -0.221240        0.500000
 have reached retry limit so now backup
       retry log10(dt/yr), log10(dt), retry_factor     1   535       -8.021381       -0.522270        0.500000
       retry log10(dt/yr), log10(dt), retry_factor     2   535       -8.322411       -0.823300        0.500000
 have reached retry limit so now backup
       retry log10(dt/yr), log10(dt), retry_factor     1   535       -8.623441       -1.124330        0.500000
       retry log10(dt/yr), log10(dt), retry_factor     2   535       -8.924471       -1.425360        0.500000
 have reached retry limit so now backup
 grid1/grid1_000535.png/png
 burst_profile/burst_profile000535.png/png
       retry log10(dt/yr), log10(dt), retry_factor     1   537       -9.225501       -1.726390        0.500000
       retry log10(dt/yr), log10(dt), retry_factor     2   537       -9.526531       -2.027420        0.500000
 have reached retry limit so now backup
       retry log10(dt/yr), log10(dt), retry_factor     1   537       -9.827561       -2.328450        0.500000
 grid1/grid1_000540.png/png
 burst_profile/burst_profile000540.png/png
 grid1/grid1_000545.png/png
 burst_profile/burst_profile000545.png/png
 grid1/grid1_000550.png/png
 burst_profile/burst_profile000550.png/png
       retry log10(dt/yr), log10(dt), retry_factor     1   551       -7.512431       -0.013320        0.500000
       retry log10(dt/yr), log10(dt), retry_factor     1   552       -7.910371       -0.411260        0.500000
       retry log10(dt/yr), log10(dt), retry_factor     2   552       -8.211401       -0.712290        0.500000
 have reached retry limit so now backup
       retry log10(dt/yr), log10(dt), retry_factor     1   555       -8.554898       -1.055787        0.500000
 grid1/grid1_000555.png/png
 burst_profile/burst_profile000555.png/png
       retry log10(dt/yr), log10(dt), retry_factor     1   556       -8.855928       -1.356817        0.500000
 grid1/grid1_000560.png/png
 burst_profile/burst_profile000560.png/png
       retry log10(dt/yr), log10(dt), retry_factor     1   563       -8.058124       -0.559012        0.500000
 grid1/grid1_000565.png/png
 burst_profile/burst_profile000565.png/png
hydro_newton_step failed to accept
       retry log10(dt/yr), log10(dt), retry_factor     1   569       -7.935217       -0.436106        0.500000
 grid1/grid1_000570.png/png
 burst_profile/burst_profile000570.png/png
       retry log10(dt/yr), log10(dt), retry_factor     1   572       -7.710882       -0.211770        0.500000
       retry log10(dt/yr), log10(dt), retry_factor     2   572       -8.011911       -0.512800        0.500000
 grid1/grid1_000575.png/png
 burst_profile/burst_profile000575.png/png
 grid1/grid1_000580.png/png
 burst_profile/burst_profile000580.png/png
 grid1/grid1_000585.png/png
 burst_profile/burst_profile000585.png/png
 grid1/grid1_000590.png/png
 burst_profile/burst_profile000590.png/png
 grid1/grid1_000595.png/png
 burst_profile/burst_profile000595.png/png
hydro_newton_step failed to accept
       retry log10(dt/yr), log10(dt), retry_factor     1   600       -7.787033       -0.287921        0.500000
       retry log10(dt/yr), log10(dt), retry_factor     2   600       -8.088063       -0.588951        0.500000
 have reached retry limit so now backup
        600   8.801748  1.054E+07   1.914490   3.411688   1.400000   1.400000   0.000000   0.000000   0.275200   0.019424   5.131094    797    121
  -7.787033   6.642060  -4.792618   1.833411   2.685934  -8.522879   0.000000   0.000000   0.000000   0.020000   0.019713  35.347707      6     24
 5.9106E-04  23.281996   3.460151   3.385631  14.457441  -0.743701   0.000000   0.000000   0.000000   0.000687  9.609E-01  0.323E-09          hold

 grid1/grid1_000600.png/png
 burst_profile/burst_profile000600.png/png
 grid1/grid1_000605.png/png
 burst_profile/burst_profile000605.png/png
       retry log10(dt/yr), log10(dt), retry_factor     1   606       -7.486003        0.013109        0.500000
       retry log10(dt/yr), log10(dt), retry_factor     1   607       -7.787033       -0.287921        0.500000
hydro_newton_step failed to accept
       retry log10(dt/yr), log10(dt), retry_factor     2   607       -8.088063       -0.588951        0.500000
 grid1/grid1_000610.png/png
 burst_profile/burst_profile000610.png/png
       retry log10(dt/yr), log10(dt), retry_factor     1   615       -7.556208       -0.057096        0.500000
       retry log10(dt/yr), log10(dt), retry_factor     2   615       -7.857238       -0.358126        0.500000
 grid1/grid1_000615.png/png
 burst_profile/burst_profile000615.png/png
 grid1/grid1_000620.png/png
 burst_profile/burst_profile000620.png/png
 grid1/grid1_000625.png/png
 burst_profile/burst_profile000625.png/png
 grid1/grid1_000630.png/png
 burst_profile/burst_profile000630.png/png
 grid1/grid1_000635.png/png
 burst_profile/burst_profile000635.png/png
 grid1/grid1_000640.png/png
 burst_profile/burst_profile000640.png/png
 grid1/grid1_000645.png/png
 burst_profile/burst_profile000645.png/png
 grid1/grid1_000650.png/png
 burst_profile/burst_profile000650.png/png
 grid1/grid1_000655.png/png
 burst_profile/burst_profile000655.png/png
       retry log10(dt/yr), log10(dt), retry_factor     1   659       -5.264380        2.234731        0.500000
       retry log10(dt/yr), log10(dt), retry_factor     1   660       -5.565410        1.933701        0.500000
 grid1/grid1_000660.png/png
 burst_profile/burst_profile000660.png/png
 grid1/grid1_000665.png/png
 burst_profile/burst_profile000665.png/png
       retry log10(dt/yr), log10(dt), retry_factor     1   666       -5.446205        2.052906        0.500000
hydro_newton_step failed to accept
       retry log10(dt/yr), log10(dt), retry_factor     2   666       -5.747235        1.751876        0.500000
 have reached retry limit so now backup
 grid1/grid1_000665.png/png
 burst_profile/burst_profile000665.png/png
       retry log10(dt/yr), log10(dt), retry_factor     1   667       -6.145175        1.353936        0.500000
 grid1/grid1_000670.png/png
 burst_profile/burst_profile000670.png/png
       retry log10(dt/yr), log10(dt), retry_factor     1   673       -5.747163        1.751949        0.500000
 grid1/grid1_000675.png/png
 burst_profile/burst_profile000675.png/png
       retry log10(dt/yr), log10(dt), retry_factor     1   678       -5.589781        1.909331        0.500000
       retry log10(dt/yr), log10(dt), retry_factor     1   679       -5.987721        1.511391        0.500000
       retry log10(dt/yr), log10(dt), retry_factor     1   680       -6.288751        1.210361        0.500000
 grid1/grid1_000680.png/png
 burst_profile/burst_profile000680.png/png
       retry log10(dt/yr), log10(dt), retry_factor     1   681       -6.589781        0.909331        0.500000
 grid1/grid1_000685.png/png
 burst_profile/burst_profile000685.png/png
       retry log10(dt/yr), log10(dt), retry_factor     1   689       -5.536652        1.962460        0.500000
       retry log10(dt/yr), log10(dt), retry_factor     1   690       -5.934592        1.564520        0.500000
 grid1/grid1_000690.png/png
 burst_profile/burst_profile000690.png/png
 grid1/grid1_000695.png/png
 burst_profile/burst_profile000695.png/png
       retry log10(dt/yr), log10(dt), retry_factor     1   697       -5.335772        2.163340        0.500000
       retry log10(dt/yr), log10(dt), retry_factor     2   697       -5.636802        1.862310        0.500000
        700   8.366019  3.798E+06   1.607350   1.637780   1.400000   1.400000   0.000000   0.000000   0.275200   0.063010  15.800026    847    140
  -5.420419   6.699634  -4.792842  -0.275374   0.780146  -8.522879   0.000000   0.000000   0.000000   0.020000   0.045402 100.758288      6     25
 8.1259E-04  23.316119   1.686114   0.381733  13.626722  -1.085336   0.000000   0.000000   0.000000   0.000687  8.916E-01  0.102E-12          hold

 grid1/grid1_000700.png/png
 burst_profile/burst_profile000700.png/png
       retry log10(dt/yr), log10(dt), retry_factor     1   702       -5.420419        2.078692        0.500000
       retry log10(dt/yr), log10(dt), retry_factor     1   703       -5.721449        1.777662        0.500000
hydro_newton_step failed to accept
       retry log10(dt/yr), log10(dt), retry_factor     1   704       -6.119389        1.379722        0.500000
 grid1/grid1_000705.png/png
 burst_profile/burst_profile000705.png/png
hydro_newton_step failed to accept
       retry log10(dt/yr), log10(dt), retry_factor     1   708       -6.077504        1.421608        0.500000
hydro_newton_step failed to accept
       retry log10(dt/yr), log10(dt), retry_factor     1   709       -6.475444        1.023668        0.500000
 grid1/grid1_000710.png/png
 burst_profile/burst_profile000710.png/png
       retry log10(dt/yr), log10(dt), retry_factor     1   711       -6.235835        1.263277        0.500000
hydro_newton_step failed to accept
       retry log10(dt/yr), log10(dt), retry_factor     2   711       -6.536865        0.962247        0.500000
 grid1/grid1_000715.png/png
 burst_profile/burst_profile000715.png/png
       retry log10(dt/yr), log10(dt), retry_factor     1   717       -5.934805        1.564307        0.500000
       retry log10(dt/yr), log10(dt), retry_factor     2   717       -6.235835        1.263277        0.500000
 have reached retry limit so now backup
hydro_newton_step failed to accept
       retry log10(dt/yr), log10(dt), retry_factor     1   718       -6.633775        0.865337        0.500000
 grid1/grid1_000720.png/png
 burst_profile/burst_profile000720.png/png
       retry log10(dt/yr), log10(dt), retry_factor     1   723       -6.031715        1.467397        0.500000
       retry log10(dt/yr), log10(dt), retry_factor     1   724       -6.332745        1.166367        0.500000
 grid1/grid1_000725.png/png
 burst_profile/burst_profile000725.png/png
hydro_newton_step failed to accept
       retry log10(dt/yr), log10(dt), retry_factor     1   726       -6.730685        0.768427        0.500000
       retry log10(dt/yr), log10(dt), retry_factor     2   726       -7.031715        0.467397        0.500000
       retry log10(dt/yr), log10(dt), retry_factor     1   727       -7.332745        0.166367        0.500000
 grid1/grid1_000730.png/png
 burst_profile/burst_profile000730.png/png
       retry log10(dt/yr), log10(dt), retry_factor     1   732       -7.031715        0.467397        0.500000
       retry log10(dt/yr), log10(dt), retry_factor     1   734       -7.332745        0.166367        0.500000
       retry log10(dt/yr), log10(dt), retry_factor     1   735       -7.633775       -0.134663        0.500000
 grid1/grid1_000735.png/png
 burst_profile/burst_profile000735.png/png
       retry log10(dt/yr), log10(dt), retry_factor     1   739       -7.633775       -0.134663        0.500000
       retry log10(dt/yr), log10(dt), retry_factor     2   739       -7.934805       -0.435693        0.500000
       retry log10(dt/yr), log10(dt), retry_factor     1   740       -8.235835       -0.736723        0.500000
 grid1/grid1_000740.png/png
 burst_profile/burst_profile000740.png/png
 grid1/grid1_000745.png/png
 burst_profile/burst_profile000745.png/png
 grid1/grid1_000750.png/png
 burst_profile/burst_profile000750.png/png
 grid1/grid1_000755.png/png
 burst_profile/burst_profile000755.png/png
 grid1/grid1_000760.png/png
 burst_profile/burst_profile000760.png/png
 grid1/grid1_000765.png/png
 burst_profile/burst_profile000765.png/png
 grid1/grid1_000770.png/png
 burst_profile/burst_profile000770.png/png
 grid1/grid1_000775.png/png
 burst_profile/burst_profile000775.png/png
 grid1/grid1_000780.png/png
 burst_profile/burst_profile000780.png/png
 grid1/grid1_000785.png/png
 burst_profile/burst_profile000785.png/png
 grid1/grid1_000790.png/png
 burst_profile/burst_profile000790.png/png
 grid1/grid1_000795.png/png
 burst_profile/burst_profile000795.png/png
        800   8.645108  2.254E+07   3.572626   6.648033   1.400000   1.400000   0.000000   0.000000   0.280721   0.053893   8.069917    900    161
  -8.509558   6.690152  -4.791670   2.948173   4.288852  -8.522879   0.000000   0.000000   0.000000   0.259996   0.036069  52.605527      7     26
 8.5667E-04  23.322437   4.782191   6.647581  14.997228  -0.840799   0.000000   0.000000   0.000000   0.000687  9.100E-01 -0.118E-07      lgT_cntr

 grid1/grid1_000800.png/png
 burst_profile/burst_profile000800.png/png
 grid1/grid1_000805.png/png
 burst_profile/burst_profile000805.png/png
 grid1/grid1_000810.png/png
 burst_profile/burst_profile000810.png/png
 grid1/grid1_000815.png/png
 burst_profile/burst_profile000815.png/png
 grid1/grid1_000820.png/png
 burst_profile/burst_profile000820.png/png
 grid1/grid1_000825.png/png
 burst_profile/burst_profile000825.png/png
 grid1/grid1_000830.png/png
 burst_profile/burst_profile000830.png/png
       retry log10(dt/yr), log10(dt), retry_factor     1   832       -7.790408       -0.291297        0.500000
       retry log10(dt/yr), log10(dt), retry_factor     1   833       -8.188348       -0.689237        0.500000
hydro_newton_step failed to accept
       retry log10(dt/yr), log10(dt), retry_factor     2   833       -8.489378       -0.990267        0.500000
hydro_newton_step failed to accept
       retry log10(dt/yr), log10(dt), retry_factor     1   834       -8.790408       -1.291297        0.500000
 grid1/grid1_000835.png/png
 burst_profile/burst_profile000835.png/png
       retry log10(dt/yr), log10(dt), retry_factor     1   838       -8.553075       -1.053964        0.500000
 grid1/grid1_000840.png/png
 burst_profile/burst_profile000840.png/png
hydro_newton_step failed to accept
       retry log10(dt/yr), log10(dt), retry_factor     1   841       -8.854105       -1.354994        0.500000
hydro_newton_step failed to accept
       retry log10(dt/yr), log10(dt), retry_factor     1   845       -7.951015       -0.451904        0.500000
 grid1/grid1_000845.png/png
 burst_profile/burst_profile000845.png/png
 grid1/grid1_000850.png/png
 burst_profile/burst_profile000850.png/png
 grid1/grid1_000855.png/png
 burst_profile/burst_profile000855.png/png
 grid1/grid1_000860.png/png
 burst_profile/burst_profile000860.png/png
 grid1/grid1_000865.png/png
 burst_profile/burst_profile000865.png/png
 grid1/grid1_000870.png/png
 burst_profile/burst_profile000870.png/png
 grid1/grid1_000875.png/png
 burst_profile/burst_profile000875.png/png
       retry log10(dt/yr), log10(dt), retry_factor     1   877       -7.770768       -0.271657        0.500000
       retry log10(dt/yr), log10(dt), retry_factor     2   877       -8.071798       -0.572687        0.500000
 have reached retry limit so now backup
 grid1/grid1_000880.png/png
 burst_profile/burst_profile000880.png/png
 grid1/grid1_000885.png/png
 burst_profile/burst_profile000885.png/png
 grid1/grid1_000890.png/png
 burst_profile/burst_profile000890.png/png
 grid1/grid1_000895.png/png
 burst_profile/burst_profile000895.png/png
        900   8.698776  7.107E+06   1.281075   2.293828   1.400000   1.400000   0.000000   0.000000   0.275200   0.015592   7.040602    883    170
  -6.796793   6.685576  -4.792784   1.042604   1.833980  -8.522879   0.000000   0.000000   0.000000   0.020000   0.017999  46.327402      6     27
 8.6103E-04  23.323221   2.774676   2.221619  14.253469  -0.742019   0.000000   0.000000   0.000000   0.000687  9.664E-01  0.221E-10        lgTeff

 grid1/grid1_000900.png/png
 burst_profile/burst_profile000900.png/png
 grid1/grid1_000905.png/png
 burst_profile/burst_profile000905.png/png
 grid1/grid1_000910.png/png
 burst_profile/burst_profile000910.png/png
 grid1/grid1_000915.png/png
 burst_profile/burst_profile000915.png/png
 grid1/grid1_000920.png/png
 burst_profile/burst_profile000920.png/png
 grid1/grid1_000925.png/png
 burst_profile/burst_profile000925.png/png
 grid1/grid1_000930.png/png
 burst_profile/burst_profile000930.png/png
       retry log10(dt/yr), log10(dt), retry_factor     1   933       -5.722375        1.776737        0.500000
hydro_newton_step failed to accept
       retry log10(dt/yr), log10(dt), retry_factor     2   933       -6.023405        1.475707        0.500000
 have reached retry limit so now backup
 grid1/grid1_000935.png/png
 burst_profile/burst_profile000935.png/png
       retry log10(dt/yr), log10(dt), retry_factor     1   939       -5.421345        2.077767        0.500000
       retry log10(dt/yr), log10(dt), retry_factor     2   939       -5.722375        1.776737        0.500000
 have reached retry limit so now backup
 grid1/grid1_000940.png/png
 burst_profile/burst_profile000940.png/png

stop because model_number >= max_model_number
      942      942

        942   8.332938  3.321E+06   1.294223   1.350908   1.400000   1.400000   0.000000   0.000000   0.275200   0.027974  17.310662    906    174
  -5.586975   6.711018  -4.792902  -2.598920   0.571153  -8.522879   0.000000   0.000000   0.000000   0.020000   0.024182 109.687483      6     29
 9.2149E-04  23.331957   1.452697   0.438159  13.476574  -1.175813   0.000000   0.000000   0.000000   0.000687  9.478E-01 -0.477E-12          hold

save LOGS/profile5.data for model 942
save photos/x942 for model 942
save abund_profile_r_ni54_ng_ni55_01.data for model 942
 saved to final.mod
termination code: max_model_number
        942   8.332938  3.321E+06   1.294223   1.350908   1.400000   1.400000   0.000000   0.000000   0.275200   0.027974  17.310662    906    174
  -5.586975   6.711018  -4.792902  -2.598920   0.571153  -8.522879   0.000000   0.000000   0.000000   0.020000   0.024182 109.687483      6     29
 9.2149E-04  23.331957   1.452697   0.438159  13.476574  -1.175813   0.000000   0.000000   0.000000   0.000687  9.478E-01 -0.477E-12  max increase

DATE: 2020-09-03
TIME: 14:21:54
