ls: cannot access './805/photos': No such file or directory
starting from scratch 
                                         version_number       10108
 read /hpc/group/physics/al363/low_overhead/sens/base/inlist_base
 read inlist_cluster
load saved model /hpc/group/physics/al363/sens/base/ns_relax.mod

 change to /hpc/group/physics/al363/sens/base/rp_305.net
             set special rate factor for r_se71_pn_br71         805    1.0000000000000000D+02
             set special rate factor for r_br71_np_se71         806    1.0000000000000000D+02
             set special rate factor for r_se71_pn_br71         805    1.0000000000000000D+02
             set special rate factor for r_br71_np_se71         806    1.0000000000000000D+02
 number of species         305
 read /hpc/group/physics/al363/low_overhead/sens/base/history_custom_low_overhead
 read /hpc/group/physics/al363/low_overhead/sens/base/profile_custom_low_overhead
 net name /hpc/group/physics/al363/sens/base/rp_305.net
 v_flag T
                                           xmstar/mstar    4.5461189430843640D-12
                                             xmstar (g)    1.2660395722219186D+22
                                           M_center (g)    2.7848799999878681D+33
                                            xmstar/Msun    6.3645665203193175D-12
                                          M_center/Msun    1.3999999999939012D+00
                                          R_center (cm)    1.1200000000000000D+06
                                          R_center/Rsun    1.6092416448748527D-05
                                           core density    4.7322078204273819D+14
                                          L_center/Lsun    4.1647144567650578D+00
 kappa_file_prefix gs98
 kappa_lowT_prefix lowT_fa05_gs98

   eos_file_prefix mesa
                                        OMP_NUM_THREADS           8


__________________________________________________________________________________________________________________________________________________

       step    lg_Tcntr    Teff       lg_LH     lg_Lnuc     Mass       H_rich     H_cntr     N_cntr     Y_surf     X_avg     eta_cntr  zones retry
   lg_dt_yr    lg_Dcntr    lg_R       lg_L3a    lg_Lneu     lg_Mdot    He_core    He_cntr    O_cntr     Z_surf     Y_avg     gam_cntr  iters bckup
     age_yr    lg_Pcntr    lg_L       lg_LZ     lg_Psurf    lg_Dsurf   C_core     C_cntr     Ne_cntr    Si_cntr    Z_avg     v_div_cs     dt_limit
__________________________________________________________________________________________________________________________________________________

save LOGS/profile1.data for model 2
         12   8.207068  1.596E+06   0.422373   0.422680   1.400000   1.400000   0.000000   0.000000   0.275200   0.032716  18.782540    782      0
  -5.834864   6.544453  -4.792968 -17.300136  -0.755568  -8.522879   0.000000   0.000000   0.000000   0.020000   0.012436 128.974929      6      0
 9.8181E-06  23.077272   0.179446  -2.727454  12.804639  -1.522785   0.000000   0.000000   0.000000   0.000687  9.548E-01 -0.112E-12      lgT_cntr

save LOGS/profile2.data for model 12
       retry log10(dt/yr), log10(dt), retry_factor     1    34       -5.396345        2.102767        0.500000
       retry log10(dt/yr), log10(dt), retry_factor     1    38       -5.396345        2.102767        0.500000
       retry log10(dt/yr), log10(dt), retry_factor     1    42       -5.396345        2.102767        0.500000
       retry log10(dt/yr), log10(dt), retry_factor     1    46       -5.396345        2.102767        0.500000
       retry log10(dt/yr), log10(dt), retry_factor     1    51       -5.095315        2.403797        0.500000
       retry log10(dt/yr), log10(dt), retry_factor     1    52       -5.095315        2.403797        0.500000
       retry log10(dt/yr), log10(dt), retry_factor     1    53       -5.095315        2.403797        0.500000
       retry log10(dt/yr), log10(dt), retry_factor     1    54       -5.095315        2.403797        0.500000
       retry log10(dt/yr), log10(dt), retry_factor     1    55       -5.095315        2.403797        0.500000
       retry log10(dt/yr), log10(dt), retry_factor     1    56       -5.095315        2.403797        0.500000
       retry log10(dt/yr), log10(dt), retry_factor     2    56       -5.396345        2.102767        0.500000
       retry log10(dt/yr), log10(dt), retry_factor     1    60       -5.396345        2.102767        0.500000
       retry log10(dt/yr), log10(dt), retry_factor     1    61       -5.697375        1.801737        0.500000
       retry log10(dt/yr), log10(dt), retry_factor     1    62       -5.998405        1.500707        0.500000
       retry log10(dt/yr), log10(dt), retry_factor     1    64       -6.299435        1.199677        0.500000
hydro_newton_step failed to accept
       retry log10(dt/yr), log10(dt), retry_factor     1    65       -6.600465        0.898647        0.500000
       retry log10(dt/yr), log10(dt), retry_factor     1    67       -6.901495        0.597617        0.500000
       retry log10(dt/yr), log10(dt), retry_factor     1    69       -7.202525        0.296587        0.500000
       retry log10(dt/yr), log10(dt), retry_factor     1    70       -7.503555       -0.004443        0.500000
       retry log10(dt/yr), log10(dt), retry_factor     1    72       -7.804585       -0.305473        0.500000
       retry log10(dt/yr), log10(dt), retry_factor     1    74       -8.105615       -0.606503        0.500000
       retry log10(dt/yr), log10(dt), retry_factor     1    75       -8.439704       -0.940592        0.500000
       retry log10(dt/yr), log10(dt), retry_factor     1   142       -8.644671       -1.145559        0.500000
       retry log10(dt/yr), log10(dt), retry_factor     1   143       -9.042611       -1.543499        0.500000
       retry log10(dt/yr), log10(dt), retry_factor     1   161       -8.769098       -1.269986        0.500000
       retry log10(dt/yr), log10(dt), retry_factor     2   161       -9.070128       -1.571016        0.500000
 have reached retry limit so now backup
       retry log10(dt/yr), log10(dt), retry_factor     1   171       -8.771954       -1.272842        0.500000
       retry log10(dt/yr), log10(dt), retry_factor     1   186       -7.399732        0.099380        0.500000
hydro_newton_step failed to accept
       retry log10(dt/yr), log10(dt), retry_factor     1   192       -7.559495       -0.060384        0.500000
       retry log10(dt/yr), log10(dt), retry_factor     2   192       -7.860525       -0.361414        0.500000
 have reached retry limit so now backup
hydro_newton_step failed to accept
       retry log10(dt/yr), log10(dt), retry_factor     1   196       -8.174095       -0.674984        0.500000
       retry log10(dt/yr), log10(dt), retry_factor     2   196       -8.475125       -0.976014        0.500000
hydro_newton_step failed to accept
       retry log10(dt/yr), log10(dt), retry_factor     1   223       -7.772541       -0.273429        0.500000
hydro_newton_step failed to accept
       retry log10(dt/yr), log10(dt), retry_factor     2   223       -8.073571       -0.574459        0.500000
       retry log10(dt/yr), log10(dt), retry_factor     1   237       -7.385607        0.113505        0.500000
       retry log10(dt/yr), log10(dt), retry_factor     2   237       -7.686637       -0.187525        0.500000
 have reached retry limit so now backup
       retry log10(dt/yr), log10(dt), retry_factor     1   238       -7.987667       -0.488555        0.500000
       retry log10(dt/yr), log10(dt), retry_factor     2   238       -8.288697       -0.789585        0.500000
 have reached retry limit so now backup
       retry log10(dt/yr), log10(dt), retry_factor     1   289       -5.919807        1.579305        0.500000
       retry log10(dt/yr), log10(dt), retry_factor     1   290       -6.220837        1.278275        0.500000
       retry log10(dt/yr), log10(dt), retry_factor     1   297       -5.544599        1.954513        0.500000
       retry log10(dt/yr), log10(dt), retry_factor     2   297       -5.845629        1.653483        0.500000
       retry log10(dt/yr), log10(dt), retry_factor     1   298       -6.146659        1.352453        0.500000
       retry log10(dt/yr), log10(dt), retry_factor     1   299       -6.447689        1.051423        0.500000
       retry log10(dt/yr), log10(dt), retry_factor     1   307       -5.369714        2.129398        0.500000
       retry log10(dt/yr), log10(dt), retry_factor     1   311       -5.419857        2.079255        0.500000
       retry log10(dt/yr), log10(dt), retry_factor     1   316       -5.285920        2.213191        0.500000
       retry log10(dt/yr), log10(dt), retry_factor     2   316       -5.586950        1.912161        0.500000
 have reached retry limit so now backup
       retry log10(dt/yr), log10(dt), retry_factor     1   320       -5.647391        1.851720        0.500000
hydro_newton_step failed to accept
       retry log10(dt/yr), log10(dt), retry_factor     1   321       -6.045331        1.453780        0.500000
       retry log10(dt/yr), log10(dt), retry_factor     1   322       -6.346361        1.152750        0.500000
       retry log10(dt/yr), log10(dt), retry_factor     1   323       -6.647391        0.851720        0.500000
       retry log10(dt/yr), log10(dt), retry_factor     1   332       -5.449755        2.049357        0.500000
       retry log10(dt/yr), log10(dt), retry_factor     1   334       -5.750785        1.748327        0.500000
hydro_newton_step failed to accept
       retry log10(dt/yr), log10(dt), retry_factor     1   335       -6.148725        1.350387        0.500000
       retry log10(dt/yr), log10(dt), retry_factor     1   340       -5.877775        1.621336        0.500000
       retry log10(dt/yr), log10(dt), retry_factor     1   341       -6.259893        1.239219        0.500000
        344   8.436172  4.528E+06   1.950550   2.075436   1.400000   1.400000   0.000000   0.000000   0.275200   0.077524  11.909577    756     57
  -5.958863   6.606300  -4.792684   1.212726   1.159984  -8.522879   0.000000   0.000000   0.000000   0.020000   0.055667  79.802579      6      5
 5.8070E-04  23.180281   1.991928   1.127476  13.826040  -0.964289   0.000000   0.000000   0.000000   0.000687  8.668E-01  0.135E-13          hold

save LOGS/profile3.data for model 344
       retry log10(dt/yr), log10(dt), retry_factor     1   345       -6.372630        1.126482        0.500000
       retry log10(dt/yr), log10(dt), retry_factor     1   346       -6.748486        0.750626        0.500000
       retry log10(dt/yr), log10(dt), retry_factor     1   350       -6.825666        0.673445        0.500000
       retry log10(dt/yr), log10(dt), retry_factor     1   351       -7.126696        0.372415        0.500000
       retry log10(dt/yr), log10(dt), retry_factor     1   352       -7.427726        0.071385        0.500000
       retry log10(dt/yr), log10(dt), retry_factor     1   353       -7.728756       -0.229645        0.500000
       retry log10(dt/yr), log10(dt), retry_factor     1   356       -8.029786       -0.530675        0.500000
       retry log10(dt/yr), log10(dt), retry_factor     1   358       -8.330816       -0.831705        0.500000
       retry log10(dt/yr), log10(dt), retry_factor     1   450       -7.634690       -0.135578        0.500000
hydro_newton_step failed to accept
       retry log10(dt/yr), log10(dt), retry_factor     2   450       -7.935720       -0.436608        0.500000
hydro_newton_step failed to accept
       retry log10(dt/yr), log10(dt), retry_factor     1   453       -8.430570       -0.931458        0.500000
hydro_newton_step failed to accept
       retry log10(dt/yr), log10(dt), retry_factor     2   453       -8.731600       -1.232488        0.500000
hydro_newton_step failed to accept
       retry log10(dt/yr), log10(dt), retry_factor     1   454       -8.731600       -1.232488        0.500000
       retry log10(dt/yr), log10(dt), retry_factor     2   454       -9.032630       -1.533518        0.500000
 have reached retry limit so now backup
       retry log10(dt/yr), log10(dt), retry_factor     1   494       -7.670778       -0.171666        0.500000
       retry log10(dt/yr), log10(dt), retry_factor     2   494       -7.971808       -0.472696        0.500000
 have reached retry limit so now backup
 bad other yaxis for History panels plot num_zones

 ERROR: failed to find log_Teff in history data

 grid1/grid1_000500.png/png
       retry log10(dt/yr), log10(dt), retry_factor     1   503       -7.547343       -0.048231        0.500000
       retry log10(dt/yr), log10(dt), retry_factor     2   503       -7.848373       -0.349261        0.500000
hydro_newton_step failed to accept
       retry log10(dt/yr), log10(dt), retry_factor     1   516       -7.304740        0.194371        0.500000
       retry log10(dt/yr), log10(dt), retry_factor     2   516       -7.605770       -0.106659        0.500000
       retry log10(dt/yr), log10(dt), retry_factor     1   549       -5.707273        1.791839        0.500000
       retry log10(dt/yr), log10(dt), retry_factor     2   549       -6.008303        1.490809        0.500000
       retry log10(dt/yr), log10(dt), retry_factor     1   556       -5.610256        1.888855        0.500000
hydro_newton_step failed to accept
       retry log10(dt/yr), log10(dt), retry_factor     2   556       -5.911286        1.587825        0.500000
 have reached retry limit so now backup
       retry log10(dt/yr), log10(dt), retry_factor     1   562       -5.523092        1.976019        0.500000
       retry log10(dt/yr), log10(dt), retry_factor     1   566       -5.618913        1.880198        0.500000
       retry log10(dt/yr), log10(dt), retry_factor     1   567       -5.919943        1.579168        0.500000
hydro_newton_step failed to accept
       retry log10(dt/yr), log10(dt), retry_factor     2   567       -6.220973        1.278138        0.500000
       retry log10(dt/yr), log10(dt), retry_factor     1   574       -5.504476        1.994635        0.500000
       retry log10(dt/yr), log10(dt), retry_factor     1   580       -5.368091        2.131021        0.500000
hydro_newton_step failed to accept
       retry log10(dt/yr), log10(dt), retry_factor     1   583       -5.766031        1.733081        0.500000
       retry log10(dt/yr), log10(dt), retry_factor     1   585       -5.564626        1.934486        0.500000
       retry log10(dt/yr), log10(dt), retry_factor     1   587       -5.865656        1.633456        0.500000
hydro_newton_step failed to accept
       retry log10(dt/yr), log10(dt), retry_factor     2   587       -6.166686        1.332426        0.500000
 have reached retry limit so now backup
       retry log10(dt/yr), log10(dt), retry_factor     1   590       -6.467716        1.031396        0.500000
       retry log10(dt/yr), log10(dt), retry_factor     1   591       -6.768746        0.730366        0.500000
       retry log10(dt/yr), log10(dt), retry_factor     1   599       -5.715992        1.783119        0.500000
hydro_newton_step failed to accept
       retry log10(dt/yr), log10(dt), retry_factor     1   600       -6.091132        1.407980        0.500000
hydro_newton_step failed to accept
       retry log10(dt/yr), log10(dt), retry_factor     1   602       -6.517069        0.982042        0.500000
       retry log10(dt/yr), log10(dt), retry_factor     1   605       -5.994754        1.504358        0.500000
       retry log10(dt/yr), log10(dt), retry_factor     1   607       -6.295784        1.203328        0.500000
       retry log10(dt/yr), log10(dt), retry_factor     1   608       -6.650294        0.848817        0.500000
       retry log10(dt/yr), log10(dt), retry_factor     2   608       -6.951324        0.547787        0.500000
 have reached retry limit so now backup
       retry log10(dt/yr), log10(dt), retry_factor     1   613       -6.724604        0.774507        0.500000
       retry log10(dt/yr), log10(dt), retry_factor     1   615       -7.025634        0.473477        0.500000
       retry log10(dt/yr), log10(dt), retry_factor     1   617       -7.326664        0.172447        0.500000
       retry log10(dt/yr), log10(dt), retry_factor     1   619       -7.627694       -0.128583        0.500000
       retry log10(dt/yr), log10(dt), retry_factor     1   621       -8.025634       -0.526523        0.500000
       retry log10(dt/yr), log10(dt), retry_factor     1   622       -8.326664       -0.827553        0.500000
       retry log10(dt/yr), log10(dt), retry_factor     1   662       -9.373558       -1.874446        0.500000
       retry log10(dt/yr), log10(dt), retry_factor     1   714       -7.301303        0.197808        0.500000
       retry log10(dt/yr), log10(dt), retry_factor     2   714       -7.602333       -0.103222        0.500000
 have reached retry limit so now backup
       retry log10(dt/yr), log10(dt), retry_factor     1   715       -7.903363       -0.404252        0.500000
       retry log10(dt/yr), log10(dt), retry_factor     2   715       -8.204393       -0.705282        0.500000
 have reached retry limit so now backup
       retry log10(dt/yr), log10(dt), retry_factor     1   715       -8.505423       -1.006312        0.500000
       retry log10(dt/yr), log10(dt), retry_factor     2   715       -8.806453       -1.307342        0.500000
 have reached retry limit so now backup
       retry log10(dt/yr), log10(dt), retry_factor     1   716       -9.107483       -1.608372        0.500000
       retry log10(dt/yr), log10(dt), retry_factor     2   716       -9.408513       -1.909402        0.500000
 have reached retry limit so now backup
       retry log10(dt/yr), log10(dt), retry_factor     1   716       -9.709543       -2.210432        0.500000
       retry log10(dt/yr), log10(dt), retry_factor     2   716      -10.010573       -2.511462        0.500000
 have reached retry limit so now backup
       retry log10(dt/yr), log10(dt), retry_factor     1   716      -10.311603       -2.812492        0.500000
       retry log10(dt/yr), log10(dt), retry_factor     2   716      -10.612633       -3.113522        0.500000
 have reached retry limit so now backup
       retry log10(dt/yr), log10(dt), retry_factor     1   719      -10.913663       -3.414552        0.500000
       retry log10(dt/yr), log10(dt), retry_factor     1   740       -7.476186        0.022925        0.500000
       retry log10(dt/yr), log10(dt), retry_factor     2   740       -7.777216       -0.278105        0.500000
 have reached retry limit so now backup
       retry log10(dt/yr), log10(dt), retry_factor     1   744       -8.144267       -0.645156        0.500000
hydro_newton_step failed to accept
       retry log10(dt/yr), log10(dt), retry_factor     2   744       -8.445297       -0.946186        0.500000
 have reached retry limit so now backup
       retry log10(dt/yr), log10(dt), retry_factor     1   751       -7.804810       -0.305699        0.500000
hydro_newton_step failed to accept
       retry log10(dt/yr), log10(dt), retry_factor     1   780       -7.644040       -0.144928        0.500000
       retry log10(dt/yr), log10(dt), retry_factor     1   783       -7.463834        0.035277        0.500000
       retry log10(dt/yr), log10(dt), retry_factor     2   783       -7.764864       -0.265753        0.500000
 have reached retry limit so now backup
       retry log10(dt/yr), log10(dt), retry_factor     1   785       -8.065894       -0.566783        0.500000
       retry log10(dt/yr), log10(dt), retry_factor     2   785       -8.366924       -0.867812        0.500000
 have reached retry limit so now backup
       retry log10(dt/yr), log10(dt), retry_factor     1   786       -8.667954       -1.168842        0.500000
       retry log10(dt/yr), log10(dt), retry_factor     1   794       -7.463834        0.035277        0.500000
       retry log10(dt/yr), log10(dt), retry_factor     1   795       -7.764864       -0.265753        0.500000
       retry log10(dt/yr), log10(dt), retry_factor     2   795       -8.065894       -0.566783        0.500000
 have reached retry limit so now backup
hydro_newton_step failed to accept
       retry log10(dt/yr), log10(dt), retry_factor     1   843       -5.820749        1.678363        0.500000
       retry log10(dt/yr), log10(dt), retry_factor     2   843       -6.121779        1.377333        0.500000
       retry log10(dt/yr), log10(dt), retry_factor     1   850       -5.218689        2.280423        0.500000
hydro_newton_step failed to accept
       retry log10(dt/yr), log10(dt), retry_factor     2   850       -5.519719        1.979393        0.500000
 have reached retry limit so now backup
       retry log10(dt/yr), log10(dt), retry_factor     1   851       -6.014569        1.484543        0.500000
       retry log10(dt/yr), log10(dt), retry_factor     1   852       -6.315599        1.183513        0.500000
       retry log10(dt/yr), log10(dt), retry_factor     1   860       -5.601163        1.897949        0.500000
       retry log10(dt/yr), log10(dt), retry_factor     2   860       -5.902193        1.596919        0.500000
       retry log10(dt/yr), log10(dt), retry_factor     1   867       -5.473068        2.026044        0.500000
       retry log10(dt/yr), log10(dt), retry_factor     2   867       -5.774098        1.725014        0.500000
       retry log10(dt/yr), log10(dt), retry_factor     1   873       -5.507810        1.991301        0.500000
       retry log10(dt/yr), log10(dt), retry_factor     1   880       -5.469554        2.029557        0.500000
       retry log10(dt/yr), log10(dt), retry_factor     2   880       -5.770584        1.728527        0.500000
 have reached retry limit so now backup
hydro_newton_step failed to accept
       retry log10(dt/yr), log10(dt), retry_factor     1   884       -5.932721        1.566390        0.500000
hydro_newton_step failed to accept
       retry log10(dt/yr), log10(dt), retry_factor     2   884       -6.233751        1.265360        0.500000
       retry log10(dt/yr), log10(dt), retry_factor     1   885       -6.251926        1.247185        0.500000
       retry log10(dt/yr), log10(dt), retry_factor     2   885       -6.552956        0.946155        0.500000
       retry log10(dt/yr), log10(dt), retry_factor     1   886       -6.853986        0.645125        0.500000
       retry log10(dt/yr), log10(dt), retry_factor     1   895       -5.632789        1.866323        0.500000
       retry log10(dt/yr), log10(dt), retry_factor     2   895       -5.933819        1.565293        0.500000
hydro_newton_step failed to accept
       retry log10(dt/yr), log10(dt), retry_factor     1   896       -6.331759        1.167353        0.500000
hydro_newton_step failed to accept
       retry log10(dt/yr), log10(dt), retry_factor     1   901       -5.951914        1.547198        0.500000
       retry log10(dt/yr), log10(dt), retry_factor     1   903       -6.160427        1.338685        0.500000
hydro_newton_step failed to accept
       retry log10(dt/yr), log10(dt), retry_factor     2   903       -6.461457        1.037655        0.500000
       retry log10(dt/yr), log10(dt), retry_factor     1   908       -6.160427        1.338685        0.500000
       retry log10(dt/yr), log10(dt), retry_factor     1   909       -6.461457        1.037655        0.500000
       retry log10(dt/yr), log10(dt), retry_factor     1   911       -6.762487        0.736625        0.500000
       retry log10(dt/yr), log10(dt), retry_factor     1   913       -7.109789        0.389322        0.500000
       retry log10(dt/yr), log10(dt), retry_factor     2   913       -7.410819        0.088292        0.500000
 have reached retry limit so now backup
hydro_newton_step failed to accept
       retry log10(dt/yr), log10(dt), retry_factor     1   918       -7.109789        0.389322        0.500000
       retry log10(dt/yr), log10(dt), retry_factor     1   919       -7.109789        0.389322        0.500000
       retry log10(dt/yr), log10(dt), retry_factor     1   921       -7.410819        0.088292        0.500000
       retry log10(dt/yr), log10(dt), retry_factor     1   923       -7.740264       -0.241152        0.500000
       retry log10(dt/yr), log10(dt), retry_factor     2   923       -8.041294       -0.542182        0.500000
 have reached retry limit so now backup
       retry log10(dt/yr), log10(dt), retry_factor     1   927       -8.041294       -0.542182        0.500000
       retry log10(dt/yr), log10(dt), retry_factor     2   927       -8.342324       -0.843212        0.500000
 have reached retry limit so now backup
       retry log10(dt/yr), log10(dt), retry_factor     1   933       -7.740264       -0.241152        0.500000
       retry log10(dt/yr), log10(dt), retry_factor     1   935       -8.138204       -0.639092        0.500000
       retry log10(dt/yr), log10(dt), retry_factor     1   936       -8.516356       -1.017244        0.500000
       retry log10(dt/yr), log10(dt), retry_factor     2   936       -8.817386       -1.318274        0.500000
 have reached retry limit so now backup
       retry log10(dt/yr), log10(dt), retry_factor     1   948       -8.931763       -1.432652        0.500000
       1000   8.634748  2.028E+07   3.452780   6.351815   1.400000   1.400000   0.000000   0.000000   0.275200   0.050767   7.820145   1074    175
  -8.387352   6.646706  -4.790285   2.804090   4.082057  -8.522879   0.000000   0.000000   0.000000   0.020000   0.035985  52.108622      6     27
 1.1131E-03  23.258187   4.601140   6.351143  14.859380  -0.962940   0.000000   0.000000   0.000000   0.000687  9.132E-01  0.469E-08      lgT_cntr

save LOGS/profile4.data for model 1000
save photos/1000 for model 1000
 bad other yaxis for History panels plot num_zones

 ERROR: failed to find log_Teff in history data

 grid1/grid1_001000.png/png
       retry log10(dt/yr), log10(dt), retry_factor     1  1029       -7.285670        0.213442        0.500000
hydro_newton_step failed to accept
       retry log10(dt/yr), log10(dt), retry_factor     2  1029       -7.586700       -0.087588        0.500000
 have reached retry limit so now backup
       retry log10(dt/yr), log10(dt), retry_factor     1  1034       -7.791081       -0.291969        0.500000
       retry log10(dt/yr), log10(dt), retry_factor     1  1035       -8.189021       -0.689909        0.500000
hydro_newton_step failed to accept
       retry log10(dt/yr), log10(dt), retry_factor     2  1035       -8.490051       -0.990939        0.500000
       retry log10(dt/yr), log10(dt), retry_factor     1  1036       -8.791081       -1.291969        0.500000
       retry log10(dt/yr), log10(dt), retry_factor     1  1041       -8.490051       -0.990939        0.500000
       retry log10(dt/yr), log10(dt), retry_factor     1  1045       -8.490051       -0.990939        0.500000
       retry log10(dt/yr), log10(dt), retry_factor     1  1053       -7.833708       -0.334596        0.500000
       retry log10(dt/yr), log10(dt), retry_factor     1  1079       -7.715425       -0.216314        0.500000
       retry log10(dt/yr), log10(dt), retry_factor     1  1083       -7.896888       -0.397777        0.500000
       retry log10(dt/yr), log10(dt), retry_factor     1  1090       -7.556391       -0.057279        0.500000
       retry log10(dt/yr), log10(dt), retry_factor     2  1090       -7.857421       -0.358309        0.500000
 have reached retry limit so now backup
       retry log10(dt/yr), log10(dt), retry_factor     1  1098       -7.677659       -0.178547        0.500000
       retry log10(dt/yr), log10(dt), retry_factor     2  1098       -7.978689       -0.479577        0.500000
       retry log10(dt/yr), log10(dt), retry_factor     1  1108       -7.518727       -0.019615        0.500000
       retry log10(dt/yr), log10(dt), retry_factor     1  1144       -5.729612        1.769500        0.500000
       retry log10(dt/yr), log10(dt), retry_factor     1  1145       -6.030642        1.468470        0.500000
       retry log10(dt/yr), log10(dt), retry_factor     1  1151       -5.428582        2.070530        0.500000
       retry log10(dt/yr), log10(dt), retry_factor     1  1153       -5.729612        1.769500        0.500000
       retry log10(dt/yr), log10(dt), retry_factor     2  1153       -6.030642        1.468470        0.500000
       retry log10(dt/yr), log10(dt), retry_factor     1  1159       -5.643884        1.855228        0.500000
       retry log10(dt/yr), log10(dt), retry_factor     1  1163       -6.041824        1.457288        0.500000
       retry log10(dt/yr), log10(dt), retry_factor     1  1164       -6.342854        1.156258        0.500000
       retry log10(dt/yr), log10(dt), retry_factor     1  1172       -5.480519        2.018593        0.500000
       retry log10(dt/yr), log10(dt), retry_factor     2  1172       -5.781549        1.717563        0.500000
       retry log10(dt/yr), log10(dt), retry_factor     1  1178       -5.441788        2.057324        0.500000
       retry log10(dt/yr), log10(dt), retry_factor     1  1182       -5.642633        1.856478        0.500000
       retry log10(dt/yr), log10(dt), retry_factor     1  1183       -6.040573        1.458538        0.500000
hydro_newton_step failed to accept
       retry log10(dt/yr), log10(dt), retry_factor     2  1183       -6.341603        1.157508        0.500000
       retry log10(dt/yr), log10(dt), retry_factor     1  1190       -5.438513        2.060598        0.500000
       retry log10(dt/yr), log10(dt), retry_factor     1  1191       -5.739543        1.759568        0.500000
hydro_newton_step failed to accept
       retry log10(dt/yr), log10(dt), retry_factor     1  1192       -6.137483        1.361628        0.500000
       retry log10(dt/yr), log10(dt), retry_factor     1  1193       -6.438513        1.060598        0.500000
       retry log10(dt/yr), log10(dt), retry_factor     2  1193       -6.739543        0.759568        0.500000
hydro_newton_step failed to accept
       retry log10(dt/yr), log10(dt), retry_factor     1  1199       -6.244125        1.254987        0.500000
       retry log10(dt/yr), log10(dt), retry_factor     1  1204       -5.641674        1.857437        0.500000
       retry log10(dt/yr), log10(dt), retry_factor     1  1205       -6.039614        1.459497        0.500000
hydro_newton_step failed to accept
       retry log10(dt/yr), log10(dt), retry_factor     1  1206       -6.437554        1.061557        0.500000
       retry log10(dt/yr), log10(dt), retry_factor     2  1206       -6.738584        0.760527        0.500000
       retry log10(dt/yr), log10(dt), retry_factor     1  1207       -7.039614        0.459497        0.500000
       retry log10(dt/yr), log10(dt), retry_factor     1  1215       -5.835494        1.663617        0.500000
       retry log10(dt/yr), log10(dt), retry_factor     1  1216       -6.136524        1.362587        0.500000
       retry log10(dt/yr), log10(dt), retry_factor     2  1216       -6.437554        1.061557        0.500000
hydro_newton_step failed to accept
       retry log10(dt/yr), log10(dt), retry_factor     1  1217       -6.791408        0.707703        0.500000
       retry log10(dt/yr), log10(dt), retry_factor     1  1219       -7.246239        0.252872        0.500000
       retry log10(dt/yr), log10(dt), retry_factor     2  1219       -7.547269       -0.048158        0.500000
 have reached retry limit so now backup
       retry log10(dt/yr), log10(dt), retry_factor     1  1226       -6.644179        0.854932        0.500000
hydro_newton_step failed to accept
       retry log10(dt/yr), log10(dt), retry_factor     1  1227       -6.945209        0.553902        0.500000
       retry log10(dt/yr), log10(dt), retry_factor     1  1229       -7.246239        0.252872        0.500000
       retry log10(dt/yr), log10(dt), retry_factor     1  1232       -7.547269       -0.048158        0.500000
       retry log10(dt/yr), log10(dt), retry_factor     2  1232       -7.848299       -0.349188        0.500000
 have reached retry limit so now backup
       retry log10(dt/yr), log10(dt), retry_factor     1  1237       -7.547269       -0.048158        0.500000
hydro_newton_step failed to accept
       retry log10(dt/yr), log10(dt), retry_factor     2  1237       -7.848299       -0.349188        0.500000
       retry log10(dt/yr), log10(dt), retry_factor     1  1241       -7.848299       -0.349188        0.500000
       retry log10(dt/yr), log10(dt), retry_factor     1  1242       -8.149329       -0.650218        0.500000
       retry log10(dt/yr), log10(dt), retry_factor     1  1243       -8.489700       -0.990589        0.500000
       retry log10(dt/yr), log10(dt), retry_factor     1  1252       -8.922581       -1.423470        0.500000
hydro_newton_step failed to accept
       retry log10(dt/yr), log10(dt), retry_factor     1  1276       -9.194405       -1.695294        0.500000
hydro_newton_step failed to accept
       retry log10(dt/yr), log10(dt), retry_factor     1  1282       -9.232670       -1.733559        0.500000
       retry log10(dt/yr), log10(dt), retry_factor     1  1326       -7.266769        0.232343        0.500000
hydro_newton_step failed to accept
       retry log10(dt/yr), log10(dt), retry_factor     2  1326       -7.567799       -0.068687        0.500000
       retry log10(dt/yr), log10(dt), retry_factor     1  1331       -8.242848       -0.743737        0.500000
hydro_newton_step failed to accept
       retry log10(dt/yr), log10(dt), retry_factor     1  1332       -8.543878       -1.044767        0.500000
       retry log10(dt/yr), log10(dt), retry_factor     1  1336       -8.242848       -0.743737        0.500000
       retry log10(dt/yr), log10(dt), retry_factor     1  1382       -7.447178        0.051934        0.500000
       retry log10(dt/yr), log10(dt), retry_factor     2  1382       -7.748208       -0.249096        0.500000
       retry log10(dt/yr), log10(dt), retry_factor     1  1428       -5.410466        2.088645        0.500000
       retry log10(dt/yr), log10(dt), retry_factor     2  1428       -5.711496        1.787615        0.500000
 have reached retry limit so now backup
       retry log10(dt/yr), log10(dt), retry_factor     1  1433       -5.490442        2.008670        0.500000
       retry log10(dt/yr), log10(dt), retry_factor     1  1434       -5.791472        1.707640        0.500000
       retry log10(dt/yr), log10(dt), retry_factor     1  1435       -6.189412        1.309700        0.500000
       retry log10(dt/yr), log10(dt), retry_factor     1  1441       -5.736390        1.762722        0.500000
       retry log10(dt/yr), log10(dt), retry_factor     1  1442       -6.037420        1.461692        0.500000
       retry log10(dt/yr), log10(dt), retry_factor     1  1449       -5.378883        2.120228        0.500000
       retry log10(dt/yr), log10(dt), retry_factor     2  1449       -5.679913        1.819198        0.500000
 have reached retry limit so now backup
       retry log10(dt/yr), log10(dt), retry_factor     1  1451       -5.980943        1.518168        0.500000
       retry log10(dt/yr), log10(dt), retry_factor     2  1451       -6.281973        1.217138        0.500000
 have reached retry limit so now backup
       retry log10(dt/yr), log10(dt), retry_factor     1  1459       -5.416616        2.082496        0.500000
       retry log10(dt/yr), log10(dt), retry_factor     2  1459       -5.717646        1.781466        0.500000
       retry log10(dt/yr), log10(dt), retry_factor     1  1464       -5.553572        1.945540        0.500000
       retry log10(dt/yr), log10(dt), retry_factor     1  1469       -5.525956        1.973156        0.500000
hydro_newton_step failed to accept
       retry log10(dt/yr), log10(dt), retry_factor     1  1470       -5.923896        1.575216        0.500000
       retry log10(dt/yr), log10(dt), retry_factor     1  1471       -6.300503        1.198608        0.500000
       retry log10(dt/yr), log10(dt), retry_factor     2  1471       -6.601533        0.897578        0.500000
       retry log10(dt/yr), log10(dt), retry_factor     1  1479       -5.591403        1.907709        0.500000
hydro_newton_step failed to accept
       retry log10(dt/yr), log10(dt), retry_factor     1  1480       -5.989343        1.509769        0.500000
hydro_newton_step failed to accept
       retry log10(dt/yr), log10(dt), retry_factor     2  1480       -6.290373        1.208739        0.500000
       retry log10(dt/yr), log10(dt), retry_factor     1  1481       -6.688313        0.810799        0.500000
       retry log10(dt/yr), log10(dt), retry_factor     1  1482       -6.989343        0.509769        0.500000
       retry log10(dt/yr), log10(dt), retry_factor     1  1490       -5.912492        1.586620        0.500000
       retry log10(dt/yr), log10(dt), retry_factor     1  1491       -6.263984        1.235128        0.500000
hydro_newton_step failed to accept
       retry log10(dt/yr), log10(dt), retry_factor     1  1495       -6.311564        1.187548        0.500000
       retry log10(dt/yr), log10(dt), retry_factor     1  1496       -6.311564        1.187548        0.500000
       retry log10(dt/yr), log10(dt), retry_factor     1  1497       -6.612594        0.886518        0.500000
       retry log10(dt/yr), log10(dt), retry_factor     1  1499       -6.913624        0.585488        0.500000
       retry log10(dt/yr), log10(dt), retry_factor     1  1500       -7.311564        0.187548        0.500000
       retry log10(dt/yr), log10(dt), retry_factor     2  1500       -7.612594       -0.113482        0.500000
 have reached retry limit so now backup
 bad other yaxis for History panels plot num_zones

 ERROR: failed to find log_Teff in history data

 grid1/grid1_001500.png/png
       retry log10(dt/yr), log10(dt), retry_factor     1  1506       -7.010534        0.488578        0.500000
       retry log10(dt/yr), log10(dt), retry_factor     2  1506       -7.311564        0.187548        0.500000
       retry log10(dt/yr), log10(dt), retry_factor     1  1507       -7.612594       -0.113482        0.500000
       retry log10(dt/yr), log10(dt), retry_factor     1  1509       -7.913624       -0.414512        0.500000
       retry log10(dt/yr), log10(dt), retry_factor     1  1513       -8.404657       -0.905546        0.500000
       retry log10(dt/yr), log10(dt), retry_factor     1  1520       -8.692192       -1.193081        0.500000
hydro_newton_step failed to accept
       retry log10(dt/yr), log10(dt), retry_factor     1  1543       -9.258626       -1.759515        0.500000
       retry log10(dt/yr), log10(dt), retry_factor     2  1543       -9.559656       -2.060545        0.500000
 have reached retry limit so now backup
hydro_newton_step failed to accept
       retry log10(dt/yr), log10(dt), retry_factor     1  1553       -9.278596       -1.779484        0.500000
       retry log10(dt/yr), log10(dt), retry_factor     1  1595       -7.219953        0.279159        0.500000
       retry log10(dt/yr), log10(dt), retry_factor     2  1595       -7.520983       -0.021871        0.500000
 have reached retry limit so now backup
       retry log10(dt/yr), log10(dt), retry_factor     1  1595       -7.822013       -0.322901        0.500000
       retry log10(dt/yr), log10(dt), retry_factor     2  1595       -8.123043       -0.623931        0.500000
 have reached retry limit so now backup
       retry log10(dt/yr), log10(dt), retry_factor     1  1597       -8.424073       -0.924961        0.500000
       retry log10(dt/yr), log10(dt), retry_factor     2  1597       -8.725103       -1.225991        0.500000
 have reached retry limit so now backup
       retry log10(dt/yr), log10(dt), retry_factor     1  1599       -9.026133       -1.527021        0.500000
       retry log10(dt/yr), log10(dt), retry_factor     2  1599       -9.327163       -1.828051        0.500000
 have reached retry limit so now backup
       retry log10(dt/yr), log10(dt), retry_factor     1  1601       -9.628193       -2.129081        0.500000
       retry log10(dt/yr), log10(dt), retry_factor     2  1601       -9.929223       -2.430111        0.500000
 have reached retry limit so now backup
       retry log10(dt/yr), log10(dt), retry_factor     1  1604      -10.230253       -2.731141        0.500000
       retry log10(dt/yr), log10(dt), retry_factor     2  1604      -10.531283       -3.032171        0.500000
 have reached retry limit so now backup
       retry log10(dt/yr), log10(dt), retry_factor     1  1604      -10.832313       -3.333201        0.500000
       retry log10(dt/yr), log10(dt), retry_factor     1  1623       -7.500368       -0.001257        0.500000
hydro_newton_step failed to accept
       retry log10(dt/yr), log10(dt), retry_factor     2  1623       -7.801398       -0.302287        0.500000
 have reached retry limit so now backup
hydro_newton_step failed to accept
       retry log10(dt/yr), log10(dt), retry_factor     1  1625       -8.393158       -0.894047        0.500000
hydro_newton_step failed to accept
       retry log10(dt/yr), log10(dt), retry_factor     2  1625       -8.694188       -1.195077        0.500000
       retry log10(dt/yr), log10(dt), retry_factor     1  1628       -8.411649       -0.912538        0.500000
       retry log10(dt/yr), log10(dt), retry_factor     1  1629       -8.712679       -1.213568        0.500000
       retry log10(dt/yr), log10(dt), retry_factor     1  1641       -8.339710       -0.840598        0.500000
       retry log10(dt/yr), log10(dt), retry_factor     2  1641       -8.640740       -1.141628        0.500000
       retry log10(dt/yr), log10(dt), retry_factor     1  1652       -7.737349       -0.238237        0.500000
hydro_newton_step failed to accept
       retry log10(dt/yr), log10(dt), retry_factor     2  1652       -8.038379       -0.539267        0.500000
hydro_newton_step failed to accept
       retry log10(dt/yr), log10(dt), retry_factor     1  1657       -7.786839       -0.287727        0.500000
       retry log10(dt/yr), log10(dt), retry_factor     2  1657       -8.087869       -0.588757        0.500000
       retry log10(dt/yr), log10(dt), retry_factor     1  1680       -7.594636       -0.095525        0.500000
       retry log10(dt/yr), log10(dt), retry_factor     2  1680       -7.895666       -0.396555        0.500000
       retry log10(dt/yr), log10(dt), retry_factor     1  1686       -7.678680       -0.179568        0.500000
       retry log10(dt/yr), log10(dt), retry_factor     2  1686       -7.979710       -0.480598        0.500000
       retry log10(dt/yr), log10(dt), retry_factor     1  1693       -7.724234       -0.225123        0.500000
       retry log10(dt/yr), log10(dt), retry_factor     2  1693       -8.025264       -0.526153        0.500000
       retry log10(dt/yr), log10(dt), retry_factor     1  1700       -7.372165        0.126947        0.500000
       retry log10(dt/yr), log10(dt), retry_factor     2  1700       -7.673195       -0.174083        0.500000
 have reached retry limit so now backup
hydro_newton_step failed to accept
       retry log10(dt/yr), log10(dt), retry_factor     1  1706       -7.315000        0.184111        0.500000
hydro_newton_step failed to accept
       retry log10(dt/yr), log10(dt), retry_factor     2  1706       -7.616030       -0.116919        0.500000
 have reached retry limit so now backup
       retry log10(dt/yr), log10(dt), retry_factor     1  1750       -5.523471        1.975641        0.500000
       retry log10(dt/yr), log10(dt), retry_factor     2  1750       -5.824501        1.674611        0.500000
 have reached retry limit so now backup
       retry log10(dt/yr), log10(dt), retry_factor     1  1756       -5.354157        2.144955        0.500000
       retry log10(dt/yr), log10(dt), retry_factor     1  1762       -5.482829        2.016282        0.500000
       retry log10(dt/yr), log10(dt), retry_factor     1  1767       -5.621439        1.877673        0.500000
       retry log10(dt/yr), log10(dt), retry_factor     2  1767       -5.922469        1.576643        0.500000
       retry log10(dt/yr), log10(dt), retry_factor     1  1773       -5.583966        1.915146        0.500000
hydro_newton_step failed to accept
       retry log10(dt/yr), log10(dt), retry_factor     1  1774       -5.981906        1.517206        0.500000
       retry log10(dt/yr), log10(dt), retry_factor     1  1775       -6.333220        1.165892        0.500000
       retry log10(dt/yr), log10(dt), retry_factor     2  1775       -6.634250        0.864862        0.500000
       retry log10(dt/yr), log10(dt), retry_factor     1  1783       -5.596281        1.902830        0.500000
hydro_newton_step failed to accept
       retry log10(dt/yr), log10(dt), retry_factor     1  1784       -5.994221        1.504890        0.500000
       retry log10(dt/yr), log10(dt), retry_factor     1  1785       -6.354160        1.144952        0.500000
       retry log10(dt/yr), log10(dt), retry_factor     2  1785       -6.655190        0.843922        0.500000
       retry log10(dt/yr), log10(dt), retry_factor     1  1793       -5.613523        1.885589        0.500000
       retry log10(dt/yr), log10(dt), retry_factor     1  1794       -6.011463        1.487649        0.500000
hydro_newton_step failed to accept
       retry log10(dt/yr), log10(dt), retry_factor     1  1795       -6.409403        1.089709        0.500000
       retry log10(dt/yr), log10(dt), retry_factor     1  1796       -6.710433        0.788679        0.500000
       retry log10(dt/yr), log10(dt), retry_factor     2  1796       -7.011463        0.487649        0.500000
       retry log10(dt/yr), log10(dt), retry_factor     1  1804       -6.020663        1.478449        0.500000
       retry log10(dt/yr), log10(dt), retry_factor     1  1809       -5.960991        1.538120        0.500000
       retry log10(dt/yr), log10(dt), retry_factor     1  1810       -6.322938        1.176174        0.500000
hydro_newton_step failed to accept
       retry log10(dt/yr), log10(dt), retry_factor     1  1814       -6.389811        1.109301        0.500000
       retry log10(dt/yr), log10(dt), retry_factor     1  1815       -6.389811        1.109301        0.500000
       retry log10(dt/yr), log10(dt), retry_factor     1  1816       -6.690841        0.808271        0.500000
       retry log10(dt/yr), log10(dt), retry_factor     1  1818       -6.991871        0.507241        0.500000
       retry log10(dt/yr), log10(dt), retry_factor     1  1821       -7.292901        0.206211        0.500000
hydro_newton_step failed to accept
       retry log10(dt/yr), log10(dt), retry_factor     2  1821       -7.593931       -0.094819        0.500000
       retry log10(dt/yr), log10(dt), retry_factor     1  1824       -7.894961       -0.395849        0.500000
       retry log10(dt/yr), log10(dt), retry_factor     1  1828       -8.349873       -0.850761        0.500000
       retry log10(dt/yr), log10(dt), retry_factor     1  1859       -8.934164       -1.435052        0.500000
       retry log10(dt/yr), log10(dt), retry_factor     2  1859       -9.235194       -1.736082        0.500000
 have reached retry limit so now backup
       retry log10(dt/yr), log10(dt), retry_factor     1  1907       -7.549555       -0.050444        0.500000
       retry log10(dt/yr), log10(dt), retry_factor     2  1907       -7.850585       -0.351474        0.500000
 have reached retry limit so now backup
hydro_newton_step failed to accept
       retry log10(dt/yr), log10(dt), retry_factor     1  1911       -8.468928       -0.969816        0.500000
       retry log10(dt/yr), log10(dt), retry_factor     1  1917       -7.929133       -0.430022        0.500000
hydro_newton_step failed to accept
       retry log10(dt/yr), log10(dt), retry_factor     2  1917       -8.230163       -0.731052        0.500000
 have reached retry limit so now backup
       retry log10(dt/yr), log10(dt), retry_factor     1  1950       -7.743461       -0.244349        0.500000
       retry log10(dt/yr), log10(dt), retry_factor     2  1950       -8.044491       -0.545379        0.500000
 have reached retry limit so now backup
       retry log10(dt/yr), log10(dt), retry_factor     1  1957       -7.571376       -0.072264        0.500000
       2000   8.420516  3.727E+06   1.302418   1.414637   1.400000   1.400000   0.000000   0.000000   0.275200   0.018639  14.381745   1194    357
  -5.599390   6.726150  -4.792748  -1.765067   0.752815  -8.522879   0.000000   0.000000   0.000000   0.020000   0.017575  90.703260      5     50
 1.9455E-03  23.357808   1.653247   0.770757  13.604782  -1.098564   0.000000   0.000000   0.000000   0.000687  9.638E-01 -0.186E-14    varcontrol

save LOGS/profile5.data for model 2000
save photos/2000 for model 2000
 bad other yaxis for History panels plot num_zones

 ERROR: failed to find log_Teff in history data

 grid1/grid1_002000.png/png
       retry log10(dt/yr), log10(dt), retry_factor     1  2003       -5.993057        1.506054        0.500000
       retry log10(dt/yr), log10(dt), retry_factor     1  2009       -5.390997        2.108114        0.500000
hydro_newton_step failed to accept
       retry log10(dt/yr), log10(dt), retry_factor     2  2009       -5.692027        1.807084        0.500000
 have reached retry limit so now backup
       retry log10(dt/yr), log10(dt), retry_factor     1  2015       -5.283787        2.215324        0.500000
hydro_newton_step failed to accept
       retry log10(dt/yr), log10(dt), retry_factor     2  2015       -5.584817        1.914294        0.500000
 have reached retry limit so now backup
       retry log10(dt/yr), log10(dt), retry_factor     1  2020       -5.613316        1.885796        0.500000
       retry log10(dt/yr), log10(dt), retry_factor     2  2020       -5.914346        1.584766        0.500000
       retry log10(dt/yr), log10(dt), retry_factor     1  2021       -6.215376        1.283736        0.500000
       retry log10(dt/yr), log10(dt), retry_factor     1  2022       -6.516406        0.982706        0.500000
       retry log10(dt/yr), log10(dt), retry_factor     1  2030       -5.454438        2.044674        0.500000
       retry log10(dt/yr), log10(dt), retry_factor     1  2035       -5.250318        2.248794        0.500000
       retry log10(dt/yr), log10(dt), retry_factor     2  2035       -5.551348        1.947764        0.500000
 have reached retry limit so now backup
       retry log10(dt/yr), log10(dt), retry_factor     1  2036       -6.046198        1.452914        0.500000
       retry log10(dt/yr), log10(dt), retry_factor     1  2042       -5.598677        1.900434        0.500000
hydro_newton_step failed to accept
       retry log10(dt/yr), log10(dt), retry_factor     1  2043       -5.996617        1.502494        0.500000
       retry log10(dt/yr), log10(dt), retry_factor     1  2044       -6.297647        1.201464        0.500000
       retry log10(dt/yr), log10(dt), retry_factor     1  2051       -5.562656        1.936456        0.500000
hydro_newton_step failed to accept
       retry log10(dt/yr), log10(dt), retry_factor     1  2052       -5.960596        1.538516        0.500000
       retry log10(dt/yr), log10(dt), retry_factor     1  2053       -6.327078        1.172034        0.500000
       retry log10(dt/yr), log10(dt), retry_factor     2  2053       -6.628108        0.871004        0.500000
       retry log10(dt/yr), log10(dt), retry_factor     1  2061       -5.732599        1.766512        0.500000
       retry log10(dt/yr), log10(dt), retry_factor     2  2061       -6.033629        1.465482        0.500000
       retry log10(dt/yr), log10(dt), retry_factor     1  2062       -6.409793        1.089318        0.500000
       retry log10(dt/yr), log10(dt), retry_factor     2  2062       -6.710823        0.788288        0.500000
       retry log10(dt/yr), log10(dt), retry_factor     1  2070       -5.670251        1.828861        0.500000
       retry log10(dt/yr), log10(dt), retry_factor     1  2071       -6.068191        1.430921        0.500000
hydro_newton_step failed to accept
       retry log10(dt/yr), log10(dt), retry_factor     1  2072       -6.466131        1.032981        0.500000
       retry log10(dt/yr), log10(dt), retry_factor     1  2073       -6.767161        0.731951        0.500000
       retry log10(dt/yr), log10(dt), retry_factor     2  2073       -7.068191        0.430921        0.500000
hydro_newton_step failed to accept
       retry log10(dt/yr), log10(dt), retry_factor     1  2082       -5.957411        1.541701        0.500000
       retry log10(dt/yr), log10(dt), retry_factor     2  2082       -6.258441        1.240671        0.500000
 have reached retry limit so now backup
       retry log10(dt/yr), log10(dt), retry_factor     1  2087       -5.957411        1.541701        0.500000
       retry log10(dt/yr), log10(dt), retry_factor     2  2087       -6.258441        1.240671        0.500000
 have reached retry limit so now backup
       retry log10(dt/yr), log10(dt), retry_factor     1  2088       -6.753291        0.745821        0.500000
       retry log10(dt/yr), log10(dt), retry_factor     1  2094       -6.151231        1.347881        0.500000
       retry log10(dt/yr), log10(dt), retry_factor     1  2095       -6.452261        1.046851        0.500000
hydro_newton_step failed to accept
       retry log10(dt/yr), log10(dt), retry_factor     1  2097       -6.754133        0.744978        0.500000
       retry log10(dt/yr), log10(dt), retry_factor     2  2097       -7.055163        0.443948        0.500000
 have reached retry limit so now backup
hydro_newton_step failed to accept
       retry log10(dt/yr), log10(dt), retry_factor     1  2102       -6.844218        0.654893        0.500000
       retry log10(dt/yr), log10(dt), retry_factor     2  2102       -7.145248        0.353863        0.500000
       retry log10(dt/yr), log10(dt), retry_factor     1  2107       -6.844218        0.654893        0.500000
       retry log10(dt/yr), log10(dt), retry_factor     2  2107       -7.145248        0.353863        0.500000
       retry log10(dt/yr), log10(dt), retry_factor     1  2108       -7.446278        0.052833        0.500000
       retry log10(dt/yr), log10(dt), retry_factor     1  2111       -7.747308       -0.248197        0.500000
       retry log10(dt/yr), log10(dt), retry_factor     1  2113       -8.145248       -0.646137        0.500000
       retry log10(dt/yr), log10(dt), retry_factor     1  2114       -8.450325       -0.951213        0.500000
       retry log10(dt/yr), log10(dt), retry_factor     1  2120       -8.720481       -1.221369        0.500000
       retry log10(dt/yr), log10(dt), retry_factor     1  2126       -9.015163       -1.516051        0.500000
       retry log10(dt/yr), log10(dt), retry_factor     1  2200       -7.893711       -0.394599        0.500000
       retry log10(dt/yr), log10(dt), retry_factor     2  2200       -8.194741       -0.695629        0.500000
hydro_newton_step failed to accept
       retry log10(dt/yr), log10(dt), retry_factor     1  2201       -8.495771       -0.996659        0.500000
       retry log10(dt/yr), log10(dt), retry_factor     2  2201       -8.796801       -1.297689        0.500000
       retry log10(dt/yr), log10(dt), retry_factor     1  2211       -7.756295       -0.257183        0.500000
       retry log10(dt/yr), log10(dt), retry_factor     1  2238       -7.700626       -0.201514        0.500000
       retry log10(dt/yr), log10(dt), retry_factor     2  2238       -8.001656       -0.502544        0.500000
       retry log10(dt/yr), log10(dt), retry_factor     1  2243       -7.753205       -0.254094        0.500000
       retry log10(dt/yr), log10(dt), retry_factor     1  2247       -7.753205       -0.254094        0.500000
hydro_newton_step failed to accept
       retry log10(dt/yr), log10(dt), retry_factor     2  2247       -8.054235       -0.555124        0.500000
       retry log10(dt/yr), log10(dt), retry_factor     1  2253       -7.452175        0.046936        0.500000
       retry log10(dt/yr), log10(dt), retry_factor     2  2253       -7.753205       -0.254094        0.500000
 have reached retry limit so now backup
       retry log10(dt/yr), log10(dt), retry_factor     1  2258       -7.452175        0.046936        0.500000
       retry log10(dt/yr), log10(dt), retry_factor     2  2258       -7.753205       -0.254094        0.500000
       retry log10(dt/yr), log10(dt), retry_factor     1  2264       -7.596929       -0.097817        0.500000
       retry log10(dt/yr), log10(dt), retry_factor     2  2264       -7.897959       -0.398847        0.500000
 have reached retry limit so now backup
       retry log10(dt/yr), log10(dt), retry_factor     1  2270       -7.295899        0.203213        0.500000
       retry log10(dt/yr), log10(dt), retry_factor     1  2313       -5.847362        1.651749        0.500000
       retry log10(dt/yr), log10(dt), retry_factor     2  2313       -6.148392        1.350719        0.500000
       retry log10(dt/yr), log10(dt), retry_factor     1  2314       -6.449422        1.049689        0.500000
       retry log10(dt/yr), log10(dt), retry_factor     1  2322       -5.452090        2.047022        0.500000
       retry log10(dt/yr), log10(dt), retry_factor     2  2322       -5.753120        1.745992        0.500000
 have reached retry limit so now backup
       retry log10(dt/yr), log10(dt), retry_factor     1  2327       -5.541423        1.957689        0.500000
       retry log10(dt/yr), log10(dt), retry_factor     1  2329       -5.967808        1.531303        0.500000
       retry log10(dt/yr), log10(dt), retry_factor     1  2335       -5.365748        2.133363        0.500000
       retry log10(dt/yr), log10(dt), retry_factor     1  2337       -5.763688        1.735423        0.500000
       retry log10(dt/yr), log10(dt), retry_factor     2  2337       -6.064718        1.434393        0.500000
       retry log10(dt/yr), log10(dt), retry_factor     1  2338       -6.365748        1.133363        0.500000
       retry log10(dt/yr), log10(dt), retry_factor     1  2345       -5.587967        1.911145        0.500000
       retry log10(dt/yr), log10(dt), retry_factor     1  2350       -5.540941        1.958171        0.500000
hydro_newton_step failed to accept
       retry log10(dt/yr), log10(dt), retry_factor     1  2351       -5.938881        1.560231        0.500000
       retry log10(dt/yr), log10(dt), retry_factor     1  2356       -5.567578        1.931534        0.500000
hydro_newton_step failed to accept
       retry log10(dt/yr), log10(dt), retry_factor     1  2357       -5.965518        1.533594        0.500000
       retry log10(dt/yr), log10(dt), retry_factor     1  2358       -6.363458        1.135654        0.500000
       retry log10(dt/yr), log10(dt), retry_factor     1  2359       -6.664488        0.834624        0.500000
       retry log10(dt/yr), log10(dt), retry_factor     1  2367       -5.672368        1.826743        0.500000
       retry log10(dt/yr), log10(dt), retry_factor     1  2368       -5.973398        1.525713        0.500000
hydro_newton_step failed to accept
       retry log10(dt/yr), log10(dt), retry_factor     2  2368       -6.274428        1.224683        0.500000
 have reached retry limit so now backup
       retry log10(dt/yr), log10(dt), retry_factor     1  2375       -5.546039        1.953072        0.500000
       retry log10(dt/yr), log10(dt), retry_factor     1  2376       -5.847069        1.652042        0.500000
       retry log10(dt/yr), log10(dt), retry_factor     1  2377       -6.245009        1.254102        0.500000
hydro_newton_step failed to accept
       retry log10(dt/yr), log10(dt), retry_factor     2  2377       -6.546039        0.953072        0.500000
       retry log10(dt/yr), log10(dt), retry_factor     1  2378       -6.847069        0.652042        0.500000
       retry log10(dt/yr), log10(dt), retry_factor     2  2378       -7.148099        0.351012        0.500000
       retry log10(dt/yr), log10(dt), retry_factor     1  2383       -6.847069        0.652042        0.500000
       retry log10(dt/yr), log10(dt), retry_factor     2  2383       -7.148099        0.351012        0.500000
       retry log10(dt/yr), log10(dt), retry_factor     1  2391       -5.943979        1.555132        0.500000
hydro_newton_step failed to accept
       retry log10(dt/yr), log10(dt), retry_factor     2  2391       -6.245009        1.254102        0.500000
       retry log10(dt/yr), log10(dt), retry_factor     1  2393       -6.546039        0.953072        0.500000
       retry log10(dt/yr), log10(dt), retry_factor     1  2394       -6.847069        0.652042        0.500000
       retry log10(dt/yr), log10(dt), retry_factor     1  2396       -7.148099        0.351012        0.500000
       retry log10(dt/yr), log10(dt), retry_factor     1  2397       -7.521564       -0.022452        0.500000
       retry log10(dt/yr), log10(dt), retry_factor     1  2401       -7.521564       -0.022452        0.500000
       retry log10(dt/yr), log10(dt), retry_factor     1  2402       -7.822594       -0.323482        0.500000
       retry log10(dt/yr), log10(dt), retry_factor     1  2407       -8.429231       -0.930120        0.500000
       retry log10(dt/yr), log10(dt), retry_factor     1  2411       -8.836176       -1.337064        0.500000
       retry log10(dt/yr), log10(dt), retry_factor     1  2441       -9.327604       -1.828493        0.500000
       retry log10(dt/yr), log10(dt), retry_factor     1  2492       -7.541789       -0.042678        0.500000
       retry log10(dt/yr), log10(dt), retry_factor     2  2492       -7.842819       -0.343708        0.500000
 have reached retry limit so now backup
       retry log10(dt/yr), log10(dt), retry_factor     1  2492       -8.143849       -0.644738        0.500000
       retry log10(dt/yr), log10(dt), retry_factor     2  2492       -8.444879       -0.945768        0.500000
 have reached retry limit so now backup
       retry log10(dt/yr), log10(dt), retry_factor     1  2492       -8.745909       -1.246798        0.500000
       retry log10(dt/yr), log10(dt), retry_factor     2  2492       -9.046939       -1.547828        0.500000
 have reached retry limit so now backup
       retry log10(dt/yr), log10(dt), retry_factor     1  2492       -9.347969       -1.848858        0.500000
       retry log10(dt/yr), log10(dt), retry_factor     2  2492       -9.648999       -2.149888        0.500000
 have reached retry limit so now backup
       retry log10(dt/yr), log10(dt), retry_factor     1  2493       -9.950029       -2.450918        0.500000
       retry log10(dt/yr), log10(dt), retry_factor     2  2493      -10.251059       -2.751948        0.500000
 have reached retry limit so now backup
       retry log10(dt/yr), log10(dt), retry_factor     1  2496      -10.552089       -3.052978        0.500000
       retry log10(dt/yr), log10(dt), retry_factor     2  2496      -10.853119       -3.354008        0.500000
 bad other yaxis for History panels plot num_zones

 ERROR: failed to find log_Teff in history data

 grid1/grid1_002500.png/png
       retry log10(dt/yr), log10(dt), retry_factor     1  2515       -7.753981       -0.254870        0.500000
       retry log10(dt/yr), log10(dt), retry_factor     1  2516       -8.151921       -0.652810        0.500000
hydro_newton_step failed to accept
       retry log10(dt/yr), log10(dt), retry_factor     1  2517       -8.452951       -0.953840        0.500000
       retry log10(dt/yr), log10(dt), retry_factor     1  2523       -8.403217       -0.904106        0.500000
       retry log10(dt/yr), log10(dt), retry_factor     1  2552       -7.918217       -0.419105        0.500000
       retry log10(dt/yr), log10(dt), retry_factor     2  2552       -8.219247       -0.720135        0.500000
 have reached retry limit so now backup
       retry log10(dt/yr), log10(dt), retry_factor     1  2567       -7.480710        0.018401        0.500000
hydro_newton_step failed to accept
       retry log10(dt/yr), log10(dt), retry_factor     2  2567       -7.781740       -0.282629        0.500000
 have reached retry limit so now backup
       retry log10(dt/yr), log10(dt), retry_factor     1  2573       -7.607770       -0.108658        0.500000
       retry log10(dt/yr), log10(dt), retry_factor     2  2573       -7.908800       -0.409688        0.500000
 have reached retry limit so now backup
       retry log10(dt/yr), log10(dt), retry_factor     1  2620       -6.189747        1.309365        0.500000
       retry log10(dt/yr), log10(dt), retry_factor     1  2621       -6.490777        1.008335        0.500000
       retry log10(dt/yr), log10(dt), retry_factor     1  2630       -5.470081        2.029031        0.500000
       retry log10(dt/yr), log10(dt), retry_factor     1  2631       -5.817539        1.681573        0.500000
       retry log10(dt/yr), log10(dt), retry_factor     1  2632       -6.178934        1.320178        0.500000
       retry log10(dt/yr), log10(dt), retry_factor     1  2636       -6.178934        1.320178        0.500000
       retry log10(dt/yr), log10(dt), retry_factor     1  2643       -5.484906        2.014206        0.500000
       retry log10(dt/yr), log10(dt), retry_factor     1  2647       -5.570364        1.928748        0.500000
       retry log10(dt/yr), log10(dt), retry_factor     1  2648       -5.968304        1.530808        0.500000
       retry log10(dt/yr), log10(dt), retry_factor     1  2655       -5.345081        2.154031        0.500000
       retry log10(dt/yr), log10(dt), retry_factor     1  2657       -5.646111        1.853001        0.500000
       retry log10(dt/yr), log10(dt), retry_factor     2  2657       -5.947141        1.551971        0.500000
 have reached retry limit so now backup
       retry log10(dt/yr), log10(dt), retry_factor     1  2660       -6.345081        1.154031        0.500000
       retry log10(dt/yr), log10(dt), retry_factor     1  2661       -6.646111        0.853001        0.500000
       retry log10(dt/yr), log10(dt), retry_factor     1  2670       -5.487668        2.011444        0.500000
       retry log10(dt/yr), log10(dt), retry_factor     2  2670       -5.788698        1.710414        0.500000
       retry log10(dt/yr), log10(dt), retry_factor     1  2671       -6.167781        1.331331        0.500000
       retry log10(dt/yr), log10(dt), retry_factor     2  2671       -6.468811        1.030301        0.500000
       retry log10(dt/yr), log10(dt), retry_factor     1  2678       -5.565721        1.933391        0.500000
       retry log10(dt/yr), log10(dt), retry_factor     1  2682       -5.793479        1.705633        0.500000
       retry log10(dt/yr), log10(dt), retry_factor     2  2682       -6.094509        1.404603        0.500000
       retry log10(dt/yr), log10(dt), retry_factor     1  2686       -6.128751        1.370361        0.500000
       retry log10(dt/yr), log10(dt), retry_factor     1  2687       -6.429781        1.069331        0.500000
       retry log10(dt/yr), log10(dt), retry_factor     1  2688       -6.730811        0.768301        0.500000
       retry log10(dt/yr), log10(dt), retry_factor     1  2689       -7.031841        0.467271        0.500000
       retry log10(dt/yr), log10(dt), retry_factor     1  2691       -7.332871        0.166241        0.500000
       retry log10(dt/yr), log10(dt), retry_factor     1  2692       -7.633901       -0.134789        0.500000
       retry log10(dt/yr), log10(dt), retry_factor     1  2695       -8.003061       -0.503950        0.500000
       retry log10(dt/yr), log10(dt), retry_factor     2  2695       -8.304091       -0.804980        0.500000
 have reached retry limit so now backup
       retry log10(dt/yr), log10(dt), retry_factor     1  2723       -9.118515       -1.619403        0.500000
       retry log10(dt/yr), log10(dt), retry_factor     1  2728       -9.081991       -1.582879        0.500000
       retry log10(dt/yr), log10(dt), retry_factor     1  2781       -7.592979       -0.093867        0.500000
       retry log10(dt/yr), log10(dt), retry_factor     2  2781       -7.894009       -0.394897        0.500000
 have reached retry limit so now backup
hydro_newton_step failed to accept
       retry log10(dt/yr), log10(dt), retry_factor     1  2782       -8.388859       -0.889747        0.500000
       retry log10(dt/yr), log10(dt), retry_factor     1  2787       -8.000247       -0.501135        0.500000
       retry log10(dt/yr), log10(dt), retry_factor     1  2815       -7.524431       -0.025320        0.500000
       retry log10(dt/yr), log10(dt), retry_factor     2  2815       -7.825461       -0.326350        0.500000
 have reached retry limit so now backup
       retry log10(dt/yr), log10(dt), retry_factor     1  2822       -7.627294       -0.128182        0.500000
       retry log10(dt/yr), log10(dt), retry_factor     2  2822       -7.928324       -0.429212        0.500000
 have reached retry limit so now backup
       retry log10(dt/yr), log10(dt), retry_factor     1  2830       -7.577947       -0.078835        0.500000
       retry log10(dt/yr), log10(dt), retry_factor     1  2835       -7.357354        0.141757        0.500000
       retry log10(dt/yr), log10(dt), retry_factor     1  2879       -5.498898        2.000214        0.500000
hydro_newton_step failed to accept
       retry log10(dt/yr), log10(dt), retry_factor     2  2879       -5.799928        1.699184        0.500000
 have reached retry limit so now backup
       retry log10(dt/yr), log10(dt), retry_factor     1  2881       -6.100958        1.398154        0.500000
       retry log10(dt/yr), log10(dt), retry_factor     2  2881       -6.401988        1.097124        0.500000
       retry log10(dt/yr), log10(dt), retry_factor     1  2889       -5.424867        2.074245        0.500000
       retry log10(dt/yr), log10(dt), retry_factor     1  2894       -5.443850        2.055262        0.500000
hydro_newton_step failed to accept
       retry log10(dt/yr), log10(dt), retry_factor     2  2894       -5.744880        1.754232        0.500000
       retry log10(dt/yr), log10(dt), retry_factor     1  2895       -6.142820        1.356292        0.500000
       retry log10(dt/yr), log10(dt), retry_factor     1  2896       -6.443850        1.055262        0.500000
       retry log10(dt/yr), log10(dt), retry_factor     1  2903       -5.704420        1.794691        0.500000
       retry log10(dt/yr), log10(dt), retry_factor     1  2908       -5.539168        1.959944        0.500000
       retry log10(dt/yr), log10(dt), retry_factor     1  2913       -5.477526        2.021585        0.500000
       retry log10(dt/yr), log10(dt), retry_factor     1  2914       -5.875466        1.623645        0.500000
hydro_newton_step failed to accept
       retry log10(dt/yr), log10(dt), retry_factor     1  2915       -6.273406        1.225705        0.500000
       retry log10(dt/yr), log10(dt), retry_factor     1  2916       -6.574436        0.924675        0.500000
       retry log10(dt/yr), log10(dt), retry_factor     1  2923       -5.781428        1.717683        0.500000
       retry log10(dt/yr), log10(dt), retry_factor     1  2928       -5.775872        1.723239        0.500000
hydro_newton_step failed to accept
       retry log10(dt/yr), log10(dt), retry_factor     2  2928       -6.076902        1.422209        0.500000
hydro_newton_step failed to accept
       retry log10(dt/yr), log10(dt), retry_factor     1  2929       -6.474842        1.024269        0.500000
hydro_newton_step failed to accept
       retry log10(dt/yr), log10(dt), retry_factor     1  2932       -6.516732        0.982380        0.500000
       retry log10(dt/yr), log10(dt), retry_factor     1  2933       -6.546372        0.952740        0.500000
       retry log10(dt/yr), log10(dt), retry_factor     2  2933       -6.847402        0.651710        0.500000
       retry log10(dt/yr), log10(dt), retry_factor     1  2941       -6.030726        1.468386        0.500000
       retry log10(dt/yr), log10(dt), retry_factor     2  2941       -6.331756        1.167356        0.500000
 have reached retry limit so now backup
hydro_newton_step failed to accept
       retry log10(dt/yr), log10(dt), retry_factor     1  2945       -6.331756        1.167356        0.500000
hydro_newton_step failed to accept
       retry log10(dt/yr), log10(dt), retry_factor     1  2946       -6.445516        1.053595        0.500000
       retry log10(dt/yr), log10(dt), retry_factor     1  2949       -6.147178        1.351934        0.500000
       retry log10(dt/yr), log10(dt), retry_factor     2  2949       -6.448208        1.050904        0.500000
       retry log10(dt/yr), log10(dt), retry_factor     1  2950       -6.749238        0.749874        0.500000
       retry log10(dt/yr), log10(dt), retry_factor     1  2952       -7.050268        0.448844        0.500000
       retry log10(dt/yr), log10(dt), retry_factor     1  2954       -7.358976        0.140136        0.500000
       retry log10(dt/yr), log10(dt), retry_factor     2  2954       -7.660006       -0.160894        0.500000
 have reached retry limit so now backup
       retry log10(dt/yr), log10(dt), retry_factor     1  2959       -7.358976        0.140136        0.500000
       retry log10(dt/yr), log10(dt), retry_factor     1  2960       -7.660006       -0.160894        0.500000
       retry log10(dt/yr), log10(dt), retry_factor     1  2964       -7.851251       -0.352140        0.500000
       retry log10(dt/yr), log10(dt), retry_factor     2  2964       -8.152281       -0.653170        0.500000
       retry log10(dt/yr), log10(dt), retry_factor     1  2992       -9.305325       -1.806213        0.500000

stop because model_number >= max_model_number
     3000     3000

       3000   8.440471  1.327E+07   3.384393   6.356799   1.400000   1.400000   0.000000   0.000000   0.275200   0.039755  14.890752   1424    562
  -8.476724   6.791667  -4.791736   3.093954   3.992761  -8.522879   0.000000   0.000000   0.000000   0.020000   0.027291  91.097620      7     76
 2.9753E-03  23.455738   3.861937   6.356099  14.545019  -0.815867   0.000000   0.000000   0.000000   0.000687  9.330E-01 -0.106E-12    varcontrol

save LOGS/profile6.data for model 3000
save photos/3000 for model 3000
save final_profile_r_se71_pn_br71_01.data for model 3000
 saved to final.mod
termination code: max_model_number
 bad other yaxis for History panels plot num_zones

 ERROR: failed to find log_Teff in history data

 grid1/grid1_003000.png/png
       3000   8.440471  1.327E+07   3.384393   6.356799   1.400000   1.400000   0.000000   0.000000   0.275200   0.039755  14.890752   1424    562
  -8.476724   6.791667  -4.791736   3.093954   3.992761  -8.522879   0.000000   0.000000   0.000000   0.020000   0.027291  91.097620      7     76
 2.9753E-03  23.455738   3.861937   6.356099  14.545019  -0.815867   0.000000   0.000000   0.000000   0.000687  9.330E-01 -0.106E-12        lgTeff

