starting from 0
DATE: 2020-09-02
TIME: 18:32:10
                                         version_number       10108
 read /hpc/group/physics/al363/sens/base/inlist_base
 read inlist_cluster
load saved model /hpc/group/physics/al363/sens/base/ns_relax.mod

 change to /hpc/group/physics/al363/sens/base/rp_305.net
             set special rate factor for r_rh90_ng_rh91         333    1.0000000000000000D-02
             set special rate factor for r_rh91_gn_rh90         334    1.0000000000000000D-02
             set special rate factor for r_rh90_ng_rh91         333    1.0000000000000000D-02
             set special rate factor for r_rh91_gn_rh90         334    1.0000000000000000D-02
 number of species         305
 read /hpc/group/physics/al363/sens/base/history_customACL.list_tau
 read /hpc/group/physics/al363/sens/base/profile_customACL.list_tau
 net name /hpc/group/physics/al363/sens/base/rp_305.net
 v_flag T
                         which_atm_option: grey_and_kap
                                           xmstar/mstar    4.5461189430843640D-12
                                             xmstar (g)    1.2660395722219186D+22
                                           M_center (g)    2.7848799999878681D+33
                                            xmstar/Msun    6.3645665203193175D-12
                                          M_center/Msun    1.3999999999939012D+00
                                          R_center (cm)    1.1200000000000000D+06
                                          R_center/Rsun    1.6092416448748527D-05
                                           core density    4.7322078204273819D+14
                                          L_center/Lsun    4.1647144567650578D+00
 kappa_file_prefix gs98
 kappa_lowT_prefix lowT_fa05_gs98

   eos_file_prefix mesa
                                        OMP_NUM_THREADS           8


__________________________________________________________________________________________________________________________________________________

       step    lg_Tcntr    Teff       lg_LH     lg_Lnuc     Mass       H_rich     H_cntr     N_cntr     Y_surf     X_avg     eta_cntr  zones retry
   lg_dt_yr    lg_Dcntr    lg_R       lg_L3a    lg_Lneu     lg_Mdot    He_core    He_cntr    O_cntr     Z_surf     Y_avg     gam_cntr  iters bckup
     age_yr    lg_Pcntr    lg_L       lg_LZ     lg_Psurf    lg_Dsurf   C_core     C_cntr     Ne_cntr    Si_cntr    Z_avg     v_div_cs     dt_limit
__________________________________________________________________________________________________________________________________________________

save LOGS/profile1.data for model 2
 grid1/grid1_000005.png/png
 burst_profile/burst_profile000005.png/png
          6   8.165156  1.497E+06   0.087590   0.087976   1.400000   1.400000   0.000000   0.000000   0.275200   0.030886  22.514775    791      0
  -5.817651   6.610341  -4.793035 -18.862378  -1.086578  -8.522879   0.000000   0.000000   0.000000   0.020000   0.011710 149.410225      6      0
 4.0040E-06  23.176196   0.068337  -2.962874  12.744977  -1.553972   0.000000   0.000000   0.000000   0.000687  9.574E-01  0.395E-11      lgT_cntr

save LOGS/profile2.data for model 6
 grid1/grid1_000010.png/png
 burst_profile/burst_profile000010.png/png
 grid1/grid1_000015.png/png
 burst_profile/burst_profile000015.png/png
 grid1/grid1_000020.png/png
 burst_profile/burst_profile000020.png/png
 grid1/grid1_000025.png/png
 burst_profile/burst_profile000025.png/png
       retry log10(dt/yr), log10(dt), retry_factor     1    30       -5.532111        1.967001        0.500000
 grid1/grid1_000030.png/png
 burst_profile/burst_profile000030.png/png
       retry log10(dt/yr), log10(dt), retry_factor     1    35       -5.231081        2.268031        0.500000
 grid1/grid1_000035.png/png
 burst_profile/burst_profile000035.png/png
       retry log10(dt/yr), log10(dt), retry_factor     1    36       -5.532111        1.967001        0.500000
       retry log10(dt/yr), log10(dt), retry_factor     1    40       -5.532111        1.967001        0.500000
 grid1/grid1_000040.png/png
 burst_profile/burst_profile000040.png/png
       retry log10(dt/yr), log10(dt), retry_factor     1    45       -5.231081        2.268031        0.500000
 grid1/grid1_000045.png/png
 burst_profile/burst_profile000045.png/png
       retry log10(dt/yr), log10(dt), retry_factor     1    49       -5.231081        2.268031        0.500000
 grid1/grid1_000050.png/png
 burst_profile/burst_profile000050.png/png
       retry log10(dt/yr), log10(dt), retry_factor     1    53       -5.231081        2.268031        0.500000
 grid1/grid1_000055.png/png
 burst_profile/burst_profile000055.png/png
       retry log10(dt/yr), log10(dt), retry_factor     1    56       -5.532111        1.967001        0.500000
       retry log10(dt/yr), log10(dt), retry_factor     2    56       -5.833141        1.665971        0.500000
 have reached retry limit so now backup
 grid1/grid1_000055.png/png
 burst_profile/burst_profile000055.png/png
       retry log10(dt/yr), log10(dt), retry_factor     1    58       -6.134171        1.364941        0.500000
       retry log10(dt/yr), log10(dt), retry_factor     2    58       -6.435201        1.063911        0.500000
 have reached retry limit so now backup
       retry log10(dt/yr), log10(dt), retry_factor     1    58       -6.736231        0.762881        0.500000
       retry log10(dt/yr), log10(dt), retry_factor     2    58       -7.037261        0.461851        0.500000
 have reached retry limit so now backup
       retry log10(dt/yr), log10(dt), retry_factor     1    60       -7.338291        0.160821        0.500000
       retry log10(dt/yr), log10(dt), retry_factor     2    60       -7.639321       -0.140209        0.500000
 have reached retry limit so now backup
 grid1/grid1_000060.png/png
 burst_profile/burst_profile000060.png/png
       retry log10(dt/yr), log10(dt), retry_factor     1    62       -7.940351       -0.441239        0.500000
       retry log10(dt/yr), log10(dt), retry_factor     2    62       -8.241381       -0.742269        0.500000
 grid1/grid1_000065.png/png
 burst_profile/burst_profile000065.png/png
 grid1/grid1_000070.png/png
 burst_profile/burst_profile000070.png/png
 grid1/grid1_000075.png/png
 burst_profile/burst_profile000075.png/png
       retry log10(dt/yr), log10(dt), retry_factor     1    76       -5.231081        2.268031        0.500000
       retry log10(dt/yr), log10(dt), retry_factor     2    76       -5.532111        1.967001        0.500000
       retry log10(dt/yr), log10(dt), retry_factor     1    77       -5.833141        1.665971        0.500000
       retry log10(dt/yr), log10(dt), retry_factor     2    77       -6.134171        1.364941        0.500000
 have reached retry limit so now backup
       retry log10(dt/yr), log10(dt), retry_factor     1    80       -6.435201        1.063911        0.500000
       retry log10(dt/yr), log10(dt), retry_factor     2    80       -6.736231        0.762881        0.500000
 have reached retry limit so now backup
 grid1/grid1_000080.png/png
 burst_profile/burst_profile000080.png/png
       retry log10(dt/yr), log10(dt), retry_factor     1    81       -7.037261        0.461851        0.500000
       retry log10(dt/yr), log10(dt), retry_factor     2    81       -7.338291        0.160821        0.500000
 have reached retry limit so now backup
 grid1/grid1_000080.png/png
 burst_profile/burst_profile000080.png/png
       retry log10(dt/yr), log10(dt), retry_factor     1    84       -7.639321       -0.140209        0.500000
       retry log10(dt/yr), log10(dt), retry_factor     2    84       -7.940351       -0.441239        0.500000
 have reached retry limit so now backup
       retry log10(dt/yr), log10(dt), retry_factor     1    84       -8.241381       -0.742269        0.500000
 grid1/grid1_000085.png/png
 burst_profile/burst_profile000085.png/png
 grid1/grid1_000090.png/png
 burst_profile/burst_profile000090.png/png
 grid1/grid1_000095.png/png
 burst_profile/burst_profile000095.png/png
       retry log10(dt/yr), log10(dt), retry_factor     1    97       -5.708197        1.790914        0.500000
       retry log10(dt/yr), log10(dt), retry_factor     1    98       -6.029742        1.469369        0.500000
       retry log10(dt/yr), log10(dt), retry_factor     1    99       -6.330772        1.168339        0.500000
        100   8.444841  4.670E+06   2.033172   2.166622   1.400000   1.400000   0.000000   0.000000   0.275200   0.100536  12.226478    752     31
  -6.029742   6.642744  -4.792800   1.206170   1.283423  -8.522879   0.000000   0.000000   0.000000   0.020000   0.058448  80.444496      6      8
 3.1300E-04  23.235090   2.045017   1.357015  13.860470  -0.943582   0.000000   0.000000   0.000000   0.000687  8.410E-01  0.987E-12          hold

 grid1/grid1_000100.png/png
 burst_profile/burst_profile000100.png/png
       retry log10(dt/yr), log10(dt), retry_factor     1   101       -6.631802        0.867309        0.500000
       retry log10(dt/yr), log10(dt), retry_factor     1   103       -6.932832        0.566279        0.500000
hydro_newton_step failed to accept
       retry log10(dt/yr), log10(dt), retry_factor     1   104       -7.233862        0.265249        0.500000
 grid1/grid1_000105.png/png
 burst_profile/burst_profile000105.png/png
       retry log10(dt/yr), log10(dt), retry_factor     1   106       -7.534892       -0.035780        0.500000
       retry log10(dt/yr), log10(dt), retry_factor     1   110       -7.649240       -0.150129        0.500000
       retry log10(dt/yr), log10(dt), retry_factor     2   110       -7.950270       -0.451159        0.500000
 grid1/grid1_000110.png/png
 burst_profile/burst_profile000110.png/png
       retry log10(dt/yr), log10(dt), retry_factor     1   112       -8.333830       -0.834718        0.500000
 grid1/grid1_000115.png/png
 burst_profile/burst_profile000115.png/png
 grid1/grid1_000120.png/png
 burst_profile/burst_profile000120.png/png
 grid1/grid1_000125.png/png
 burst_profile/burst_profile000125.png/png
 grid1/grid1_000130.png/png
 burst_profile/burst_profile000130.png/png
 grid1/grid1_000135.png/png
 burst_profile/burst_profile000135.png/png
 grid1/grid1_000140.png/png
 burst_profile/burst_profile000140.png/png
 grid1/grid1_000145.png/png
 burst_profile/burst_profile000145.png/png
 grid1/grid1_000150.png/png
 burst_profile/burst_profile000150.png/png
 grid1/grid1_000155.png/png
 burst_profile/burst_profile000155.png/png
 grid1/grid1_000160.png/png
 burst_profile/burst_profile000160.png/png
 grid1/grid1_000165.png/png
 burst_profile/burst_profile000165.png/png
                       super eddington wind: lg_Mdot, L/Ledd         166    -9.76056     1.00708
                       super eddington wind: lg_Mdot, L/Ledd         167    -9.00478     1.04031
                       super eddington wind: lg_Mdot, L/Ledd         168    -8.75953     1.07086
                       super eddington wind: lg_Mdot, L/Ledd         169    -8.62667     1.09614
                       super eddington wind: lg_Mdot, L/Ledd         170    -8.52208     1.12216
 grid1/grid1_000170.png/png
 burst_profile/burst_profile000170.png/png
                       super eddington wind: lg_Mdot, L/Ledd         171    -8.42430     1.15285
                       super eddington wind: lg_Mdot, L/Ledd         172    -8.60168     1.10143
                       super eddington wind: lg_Mdot, L/Ledd         173    -8.46097     1.14012
                       super eddington wind: lg_Mdot, L/Ledd         174    -8.38559     1.16676
                       super eddington wind: lg_Mdot, L/Ledd         175    -8.53065     1.11907
hydro_newton_step failed to accept
       retry log10(dt/yr), log10(dt), retry_factor     1   175       -9.291566       -1.792454        0.500000
                       super eddington wind: lg_Mdot, L/Ledd         175    -8.53065     1.11907
 grid1/grid1_000175.png/png
 burst_profile/burst_profile000175.png/png
                       super eddington wind: lg_Mdot, L/Ledd         176    -8.40844     1.15784
                       super eddington wind: lg_Mdot, L/Ledd         177    -8.32915     1.18958
                       super eddington wind: lg_Mdot, L/Ledd         178    -8.45994     1.13987
                       super eddington wind: lg_Mdot, L/Ledd         179    -8.36155     1.17516
                       super eddington wind: lg_Mdot, L/Ledd         180    -8.27979     1.21152
 grid1/grid1_000180.png/png
 burst_profile/burst_profile000180.png/png
                       super eddington wind: lg_Mdot, L/Ledd         181    -8.41128     1.15595
                       super eddington wind: lg_Mdot, L/Ledd         182    -8.31010     1.19675
                       super eddington wind: lg_Mdot, L/Ledd         183    -8.24910     1.22625
                       super eddington wind: lg_Mdot, L/Ledd         184    -8.37487     1.16898
                       super eddington wind: lg_Mdot, L/Ledd         185    -8.28354     1.20842
 grid1/grid1_000185.png/png
 burst_profile/burst_profile000185.png/png
                       super eddington wind: lg_Mdot, L/Ledd         186    -8.23437     1.23332
                       super eddington wind: lg_Mdot, L/Ledd         187    -8.35521     1.17602
                       super eddington wind: lg_Mdot, L/Ledd         188    -8.27991     1.20941
                       super eddington wind: lg_Mdot, L/Ledd         189    -8.25284     1.22261
                       super eddington wind: lg_Mdot, L/Ledd         190    -8.37755     1.16673
 grid1/grid1_000190.png/png
 burst_profile/burst_profile000190.png/png
                       super eddington wind: lg_Mdot, L/Ledd         191    -8.31325     1.19300
                       super eddington wind: lg_Mdot, L/Ledd         192    -8.29596     1.20079
                       super eddington wind: lg_Mdot, L/Ledd         193    -8.46234     1.13647
                       super eddington wind: lg_Mdot, L/Ledd         194    -8.40869     1.15432
                       super eddington wind: lg_Mdot, L/Ledd         195    -8.62989     1.09263
 grid1/grid1_000195.png/png
 burst_profile/burst_profile000195.png/png
                       super eddington wind: lg_Mdot, L/Ledd         196    -8.41991     1.14999
                       super eddington wind: lg_Mdot, L/Ledd         197    -8.40155     1.15648
                       super eddington wind: lg_Mdot, L/Ledd         198    -8.60690     1.09745
       retry log10(dt/yr), log10(dt), retry_factor     1   198       -9.116182       -1.617070        0.500000
                       super eddington wind: lg_Mdot, L/Ledd         198    -8.60690     1.09745
       retry log10(dt/yr), log10(dt), retry_factor     2   198       -9.417212       -1.918100        0.500000
                       super eddington wind: lg_Mdot, L/Ledd         198    -8.60690     1.09745
 have reached retry limit so now backup
                       super eddington wind: lg_Mdot, L/Ledd         197    -8.40155     1.15648
                       super eddington wind: lg_Mdot, L/Ledd         198    -8.87232     1.05290
                       super eddington wind: lg_Mdot, L/Ledd         199    -8.50480     1.12323
                       super eddington wind: lg_Mdot, L/Ledd         200    -8.70597     1.07756
        200   8.953738  2.383E+07   3.717126   6.681532   1.400000   1.400000   0.000000   0.000000   0.295074   0.075371   3.022394    669     41
  -9.122175   6.568172  -4.791546   3.022770   4.377429  -8.705967   0.000000   0.000000   0.000000   0.203414   0.044695  23.536466      6      9
 3.1498E-04  23.235198   4.878854   6.680965  15.060887  -0.893609   0.000000   0.000000   0.000000   0.000687  8.799E-01  0.916E-04          hold

 grid1/grid1_000200.png/png
 burst_profile/burst_profile000200.png/png
                       super eddington wind: lg_Mdot, L/Ledd         201    -8.59566     1.10002
                       super eddington wind: lg_Mdot, L/Ledd         202    -8.49179     1.12694
                       super eddington wind: lg_Mdot, L/Ledd         203    -8.65295     1.08760
                       super eddington wind: lg_Mdot, L/Ledd         204    -8.61328     1.09593
                       super eddington wind: lg_Mdot, L/Ledd         205    -8.77653     1.06584
 grid1/grid1_000205.png/png
 burst_profile/burst_profile000205.png/png
                       super eddington wind: lg_Mdot, L/Ledd         206    -8.67843     1.08248
                       super eddington wind: lg_Mdot, L/Ledd         207    -8.63989     1.09019
                       super eddington wind: lg_Mdot, L/Ledd         208    -8.89386     1.05015
                       super eddington wind: lg_Mdot, L/Ledd         209    -8.76989     1.06675
       retry log10(dt/yr), log10(dt), retry_factor     1   209       -9.252446       -1.753334        0.500000
                       super eddington wind: lg_Mdot, L/Ledd         209    -8.76989     1.06675
                       super eddington wind: lg_Mdot, L/Ledd         210    -9.15652     1.02738
 grid1/grid1_000210.png/png
 burst_profile/burst_profile000210.png/png
                       super eddington wind: lg_Mdot, L/Ledd         211    -8.88601     1.05106
                       super eddington wind: lg_Mdot, L/Ledd         212    -9.76093     1.00680
                       super eddington wind: lg_Mdot, L/Ledd         213    -9.01739     1.03768
                       super eddington wind: lg_Mdot, L/Ledd         215    -9.42153     1.01484
 grid1/grid1_000215.png/png
 burst_profile/burst_profile000215.png/png
       retry log10(dt/yr), log10(dt), retry_factor     1   220       -9.248843       -1.749732        0.500000
 grid1/grid1_000220.png/png
 burst_profile/burst_profile000220.png/png
       retry log10(dt/yr), log10(dt), retry_factor     1   221       -9.549873       -2.050762        0.500000
 grid1/grid1_000225.png/png
 burst_profile/burst_profile000225.png/png
 grid1/grid1_000230.png/png
 burst_profile/burst_profile000230.png/png
 grid1/grid1_000235.png/png
 burst_profile/burst_profile000235.png/png
 grid1/grid1_000240.png/png
 burst_profile/burst_profile000240.png/png
       retry log10(dt/yr), log10(dt), retry_factor     1   243       -7.578289       -0.079177        0.500000
hydro_newton_step failed to accept
       retry log10(dt/yr), log10(dt), retry_factor     2   243       -7.879319       -0.380207        0.500000
 have reached retry limit so now backup
 grid1/grid1_000245.png/png
 burst_profile/burst_profile000245.png/png
hydro_newton_step failed to accept
       retry log10(dt/yr), log10(dt), retry_factor     1   247       -8.198291       -0.699180        0.500000
hydro_newton_step failed to accept
       retry log10(dt/yr), log10(dt), retry_factor     2   247       -8.499321       -1.000210        0.500000
 have reached retry limit so now backup
 grid1/grid1_000250.png/png
 burst_profile/burst_profile000250.png/png
       retry log10(dt/yr), log10(dt), retry_factor     1   251       -8.499321       -1.000210        0.500000
       retry log10(dt/yr), log10(dt), retry_factor     2   251       -8.800351       -1.301240        0.500000
 grid1/grid1_000255.png/png
 burst_profile/burst_profile000255.png/png
hydro_newton_step failed to accept
       retry log10(dt/yr), log10(dt), retry_factor     1   257       -8.198291       -0.699180        0.500000
hydro_newton_step failed to accept
       retry log10(dt/yr), log10(dt), retry_factor     2   257       -8.499321       -1.000210        0.500000
 grid1/grid1_000260.png/png
 burst_profile/burst_profile000260.png/png
 grid1/grid1_000265.png/png
 burst_profile/burst_profile000265.png/png
 grid1/grid1_000270.png/png
 burst_profile/burst_profile000270.png/png
 grid1/grid1_000275.png/png
 burst_profile/burst_profile000275.png/png
       retry log10(dt/yr), log10(dt), retry_factor     1   280       -7.539817       -0.040706        0.500000
 grid1/grid1_000280.png/png
 burst_profile/burst_profile000280.png/png
hydro_newton_step failed to accept
       retry log10(dt/yr), log10(dt), retry_factor     1   282       -8.017461       -0.518349        0.500000
 grid1/grid1_000285.png/png
 burst_profile/burst_profile000285.png/png
       retry log10(dt/yr), log10(dt), retry_factor     1   287       -7.610974       -0.111862        0.500000
       retry log10(dt/yr), log10(dt), retry_factor     1   289       -8.008643       -0.509532        0.500000
 grid1/grid1_000290.png/png
 burst_profile/burst_profile000290.png/png
       retry log10(dt/yr), log10(dt), retry_factor     1   294       -7.707613       -0.208502        0.500000
       retry log10(dt/yr), log10(dt), retry_factor     2   294       -8.008643       -0.509532        0.500000
 grid1/grid1_000295.png/png
 burst_profile/burst_profile000295.png/png
       retry log10(dt/yr), log10(dt), retry_factor     1   299       -7.707613       -0.208502        0.500000
        300   8.761837  9.562E+06   1.687026   3.081285   1.400000   1.400000   0.000000   0.000000   0.275200   0.019896   5.480756    710     59
  -7.406583   6.615790  -4.792693   1.649252   2.504588  -8.522879   0.000000   0.000000   0.000000   0.020000   0.020255  37.976536      6     11
 3.1835E-04  23.235994   3.290313   3.046336  14.420924  -0.723989   0.000000   0.000000   0.000000   0.000687  9.598E-01  0.133E-09          hold

 grid1/grid1_000300.png/png
 burst_profile/burst_profile000300.png/png
 grid1/grid1_000305.png/png
 burst_profile/burst_profile000305.png/png
       retry log10(dt/yr), log10(dt), retry_factor     1   307       -7.663284       -0.164172        0.500000
       retry log10(dt/yr), log10(dt), retry_factor     2   307       -7.964314       -0.465202        0.500000
 grid1/grid1_000310.png/png
 burst_profile/burst_profile000310.png/png
 grid1/grid1_000315.png/png
 burst_profile/burst_profile000315.png/png
 grid1/grid1_000320.png/png
 burst_profile/burst_profile000320.png/png
 grid1/grid1_000325.png/png
 burst_profile/burst_profile000325.png/png
 grid1/grid1_000330.png/png
 burst_profile/burst_profile000330.png/png
 grid1/grid1_000335.png/png
 burst_profile/burst_profile000335.png/png
 grid1/grid1_000340.png/png
 burst_profile/burst_profile000340.png/png
 grid1/grid1_000345.png/png
 burst_profile/burst_profile000345.png/png
hydro_newton_step failed to accept
       retry log10(dt/yr), log10(dt), retry_factor     1   350       -5.612811        1.886301        0.500000
       retry log10(dt/yr), log10(dt), retry_factor     2   350       -5.913841        1.585271        0.500000
 grid1/grid1_000350.png/png
 burst_profile/burst_profile000350.png/png
       retry log10(dt/yr), log10(dt), retry_factor     1   351       -6.214871        1.284241        0.500000
 grid1/grid1_000355.png/png
 burst_profile/burst_profile000355.png/png
 grid1/grid1_000360.png/png
 burst_profile/burst_profile000360.png/png
       retry log10(dt/yr), log10(dt), retry_factor     1   361       -5.425559        2.073553        0.500000
 grid1/grid1_000365.png/png
 burst_profile/burst_profile000365.png/png
       retry log10(dt/yr), log10(dt), retry_factor     1   366       -5.395311        2.103801        0.500000
       retry log10(dt/yr), log10(dt), retry_factor     2   366       -5.696341        1.802771        0.500000
       retry log10(dt/yr), log10(dt), retry_factor     1   367       -5.997371        1.501741        0.500000
       retry log10(dt/yr), log10(dt), retry_factor     1   370       -6.298401        1.200711        0.500000
 grid1/grid1_000370.png/png
 burst_profile/burst_profile000370.png/png
 grid1/grid1_000375.png/png
 burst_profile/burst_profile000375.png/png
       retry log10(dt/yr), log10(dt), retry_factor     1   378       -5.336856        2.162256        0.500000
       retry log10(dt/yr), log10(dt), retry_factor     2   378       -5.637886        1.861226        0.500000
 have reached retry limit so now backup
 grid1/grid1_000380.png/png
 burst_profile/burst_profile000380.png/png
       retry log10(dt/yr), log10(dt), retry_factor     1   383       -5.336856        2.162256        0.500000
       retry log10(dt/yr), log10(dt), retry_factor     2   383       -5.637886        1.861226        0.500000
 have reached retry limit so now backup
       retry log10(dt/yr), log10(dt), retry_factor     1   383       -5.938916        1.560196        0.500000
       retry log10(dt/yr), log10(dt), retry_factor     2   383       -6.239946        1.259166        0.500000
 have reached retry limit so now backup
 grid1/grid1_000385.png/png
 burst_profile/burst_profile000385.png/png
       retry log10(dt/yr), log10(dt), retry_factor     1   386       -6.540976        0.958136        0.500000
       retry log10(dt/yr), log10(dt), retry_factor     2   386       -6.842006        0.657106        0.500000
 have reached retry limit so now backup
 grid1/grid1_000385.png/png
 burst_profile/burst_profile000385.png/png
       retry log10(dt/yr), log10(dt), retry_factor     1   388       -7.143036        0.356076        0.500000
       retry log10(dt/yr), log10(dt), retry_factor     2   388       -7.444066        0.055046        0.500000
 have reached retry limit so now backup
       retry log10(dt/yr), log10(dt), retry_factor     1   388       -7.745096       -0.245984        0.500000
 grid1/grid1_000390.png/png
 burst_profile/burst_profile000390.png/png
 grid1/grid1_000395.png/png
 burst_profile/burst_profile000395.png/png
       retry log10(dt/yr), log10(dt), retry_factor     1   400       -5.566479        1.932633        0.500000
       retry log10(dt/yr), log10(dt), retry_factor     2   400       -5.867509        1.631603        0.500000
        400   8.353365  3.703E+06   1.559968   1.589324   1.400000   1.400000   0.000000   0.000000   0.275200   0.065701  15.675857    747     82
  -5.566479   6.669887  -4.792864  -0.633695   0.732406  -8.522879   0.000000   0.000000   0.000000   0.020000   0.046531 101.395627      6     16
 5.2420E-04  23.271192   1.642198   0.362932  13.597888  -1.103027   0.000000   0.000000   0.000000   0.000687  8.878E-01  0.994E-12         retry

 grid1/grid1_000400.png/png
 burst_profile/burst_profile000400.png/png
       retry log10(dt/yr), log10(dt), retry_factor     1   401       -6.174229        1.324883        0.500000
 grid1/grid1_000405.png/png
 burst_profile/burst_profile000405.png/png
       retry log10(dt/yr), log10(dt), retry_factor     1   408       -5.669079        1.830033        0.500000
       retry log10(dt/yr), log10(dt), retry_factor     2   408       -5.970109        1.529003        0.500000
 have reached retry limit so now backup
 grid1/grid1_000410.png/png
 burst_profile/burst_profile000410.png/png
hydro_newton_step failed to accept
       retry log10(dt/yr), log10(dt), retry_factor     1   412       -6.041507        1.457604        0.500000
       retry log10(dt/yr), log10(dt), retry_factor     1   415       -5.650026        1.849085        0.500000
 grid1/grid1_000415.png/png
 burst_profile/burst_profile000415.png/png
hydro_newton_step failed to accept
       retry log10(dt/yr), log10(dt), retry_factor     1   416       -6.047966        1.451145        0.500000
hydro_newton_step failed to accept
       retry log10(dt/yr), log10(dt), retry_factor     1   417       -6.445906        1.053205        0.500000
       retry log10(dt/yr), log10(dt), retry_factor     1   418       -6.746936        0.752175        0.500000
 grid1/grid1_000420.png/png
 burst_profile/burst_profile000420.png/png
 grid1/grid1_000425.png/png
 burst_profile/burst_profile000425.png/png
hydro_newton_step failed to accept
       retry log10(dt/yr), log10(dt), retry_factor     1   426       -5.940756        1.558355        0.500000
       retry log10(dt/yr), log10(dt), retry_factor     2   426       -6.241786        1.257325        0.500000
 have reached retry limit so now backup
 grid1/grid1_000425.png/png
 burst_profile/burst_profile000425.png/png
       retry log10(dt/yr), log10(dt), retry_factor     1   430       -6.241786        1.257325        0.500000
 grid1/grid1_000430.png/png
 burst_profile/burst_profile000430.png/png
hydro_newton_step failed to accept
       retry log10(dt/yr), log10(dt), retry_factor     1   431       -6.542816        0.956295        0.500000
       retry log10(dt/yr), log10(dt), retry_factor     1   432       -6.843846        0.655265        0.500000
       retry log10(dt/yr), log10(dt), retry_factor     1   433       -7.144876        0.354235        0.500000
 grid1/grid1_000435.png/png
 burst_profile/burst_profile000435.png/png
 grid1/grid1_000440.png/png
 burst_profile/burst_profile000440.png/png
       retry log10(dt/yr), log10(dt), retry_factor     1   441       -6.087756        1.411355        0.500000
        441   8.425786  4.476E+06   1.947059   2.070892   1.400000   1.400000   0.000000   0.000000   0.275200   0.076292  13.313936    748     97
  -5.786726   6.674621  -4.792807   1.236547   1.138651  -8.522879   0.000000   0.000000   0.000000   0.020000   0.053942  86.134379      6     18
 5.8743E-04  23.281436   1.971556   1.077998  13.813222  -0.971939   0.000000   0.000000   0.000000   0.000687  8.698E-01  0.122E-12         retry

save LOGS/profile3.data for model 441
       retry log10(dt/yr), log10(dt), retry_factor     1   442       -6.392728        1.106383        0.500000
       retry log10(dt/yr), log10(dt), retry_factor     1   443       -6.693758        0.805353        0.500000
       retry log10(dt/yr), log10(dt), retry_factor     1   445       -7.081257        0.417854        0.500000
hydro_newton_step failed to accept
       retry log10(dt/yr), log10(dt), retry_factor     2   445       -7.382287        0.116824        0.500000
 have reached retry limit so now backup
 grid1/grid1_000445.png/png
 burst_profile/burst_profile000445.png/png
       retry log10(dt/yr), log10(dt), retry_factor     1   450       -7.081257        0.417854        0.500000
 grid1/grid1_000450.png/png
 burst_profile/burst_profile000450.png/png
       retry log10(dt/yr), log10(dt), retry_factor     1   452       -7.382287        0.116824        0.500000
       retry log10(dt/yr), log10(dt), retry_factor     2   452       -7.683317       -0.184206        0.500000
 grid1/grid1_000455.png/png
 burst_profile/burst_profile000455.png/png
       retry log10(dt/yr), log10(dt), retry_factor     1   457       -7.382287        0.116824        0.500000
       retry log10(dt/yr), log10(dt), retry_factor     1   458       -7.683317       -0.184206        0.500000
 grid1/grid1_000460.png/png
 burst_profile/burst_profile000460.png/png
       retry log10(dt/yr), log10(dt), retry_factor     1   461       -7.984347       -0.485236        0.500000
       retry log10(dt/yr), log10(dt), retry_factor     1   464       -8.385011       -0.885900        0.500000
 grid1/grid1_000465.png/png
 burst_profile/burst_profile000465.png/png
 grid1/grid1_000470.png/png
 burst_profile/burst_profile000470.png/png
 grid1/grid1_000475.png/png
 burst_profile/burst_profile000475.png/png
 grid1/grid1_000480.png/png
 burst_profile/burst_profile000480.png/png
 grid1/grid1_000485.png/png
 burst_profile/burst_profile000485.png/png
 grid1/grid1_000490.png/png
 burst_profile/burst_profile000490.png/png
 grid1/grid1_000495.png/png
 burst_profile/burst_profile000495.png/png
        500   8.463986  1.506E+07   3.557799   6.553614   1.400000   1.400000   0.000000   0.000000   0.275200   0.072149  12.153074    763    108
  -8.553045   6.673397  -4.792052   3.283697   4.181453  -8.522879   0.000000   0.000000   0.000000   0.020000   0.047151  78.807651      7     19
 5.9017E-04  23.281787   4.080719   6.552942  14.614548  -0.856041   0.000000   0.000000   0.000000   0.000687  8.807E-01 -0.235E-08    varcontrol

save LOGS/profile4.data for model 500
save photos/x500 for model 500
 grid1/grid1_000500.png/png
 burst_profile/burst_profile000500.png/png
 grid1/grid1_000505.png/png
 burst_profile/burst_profile000505.png/png
 grid1/grid1_000510.png/png
 burst_profile/burst_profile000510.png/png
 grid1/grid1_000515.png/png
 burst_profile/burst_profile000515.png/png
 grid1/grid1_000520.png/png
 burst_profile/burst_profile000520.png/png
 grid1/grid1_000525.png/png
 burst_profile/burst_profile000525.png/png
 grid1/grid1_000530.png/png
 burst_profile/burst_profile000530.png/png
 grid1/grid1_000535.png/png
 burst_profile/burst_profile000535.png/png
 grid1/grid1_000540.png/png
 burst_profile/burst_profile000540.png/png
 grid1/grid1_000545.png/png
 burst_profile/burst_profile000545.png/png
 grid1/grid1_000550.png/png
 burst_profile/burst_profile000550.png/png
 grid1/grid1_000555.png/png
 burst_profile/burst_profile000555.png/png
       retry log10(dt/yr), log10(dt), retry_factor     1   556       -7.466589        0.032523        0.500000
       retry log10(dt/yr), log10(dt), retry_factor     2   556       -7.767619       -0.268507        0.500000
 have reached retry limit so now backup
 grid1/grid1_000555.png/png
 burst_profile/burst_profile000555.png/png
       retry log10(dt/yr), log10(dt), retry_factor     1   556       -8.068649       -0.569537        0.500000
       retry log10(dt/yr), log10(dt), retry_factor     2   556       -8.369679       -0.870567        0.500000
 have reached retry limit so now backup
 grid1/grid1_000555.png/png
 burst_profile/burst_profile000555.png/png
       retry log10(dt/yr), log10(dt), retry_factor     1   559       -8.670709       -1.171597        0.500000
       retry log10(dt/yr), log10(dt), retry_factor     2   559       -8.971739       -1.472627        0.500000
 have reached retry limit so now backup
       retry log10(dt/yr), log10(dt), retry_factor     1   560       -9.272769       -1.773657        0.500000
       retry log10(dt/yr), log10(dt), retry_factor     2   560       -9.573799       -2.074687        0.500000
 grid1/grid1_000560.png/png
 burst_profile/burst_profile000560.png/png
 grid1/grid1_000565.png/png
 burst_profile/burst_profile000565.png/png
 grid1/grid1_000570.png/png
 burst_profile/burst_profile000570.png/png
       retry log10(dt/yr), log10(dt), retry_factor     1   573       -7.812632       -0.313520        0.500000
hydro_newton_step failed to accept
       retry log10(dt/yr), log10(dt), retry_factor     1   574       -8.210572       -0.711460        0.500000
       retry log10(dt/yr), log10(dt), retry_factor     2   574       -8.511602       -1.012490        0.500000
 have reached retry limit so now backup
 grid1/grid1_000575.png/png
 burst_profile/burst_profile000575.png/png
       retry log10(dt/yr), log10(dt), retry_factor     1   576       -8.812632       -1.313520        0.500000
       retry log10(dt/yr), log10(dt), retry_factor     2   576       -9.113662       -1.614550        0.500000
 have reached retry limit so now backup
 grid1/grid1_000575.png/png
 burst_profile/burst_profile000575.png/png
 grid1/grid1_000580.png/png
 burst_profile/burst_profile000580.png/png
hydro_newton_step failed to accept
       retry log10(dt/yr), log10(dt), retry_factor     1   582       -8.520875       -1.021763        0.500000
hydro_newton_step failed to accept
       retry log10(dt/yr), log10(dt), retry_factor     1   583       -8.520875       -1.021763        0.500000
hydro_newton_step failed to accept
       retry log10(dt/yr), log10(dt), retry_factor     1   584       -8.520875       -1.021763        0.500000
       retry log10(dt/yr), log10(dt), retry_factor     2   584       -8.821905       -1.322793        0.500000
 grid1/grid1_000585.png/png
 burst_profile/burst_profile000585.png/png
       retry log10(dt/yr), log10(dt), retry_factor     1   588       -8.821905       -1.322793        0.500000
       retry log10(dt/yr), log10(dt), retry_factor     2   588       -9.122935       -1.623823        0.500000
 grid1/grid1_000590.png/png
 burst_profile/burst_profile000590.png/png
       retry log10(dt/yr), log10(dt), retry_factor     1   594       -8.520875       -1.021763        0.500000
       retry log10(dt/yr), log10(dt), retry_factor     2   594       -8.821905       -1.322793        0.500000
 have reached retry limit so now backup
       retry log10(dt/yr), log10(dt), retry_factor     1   595       -9.122935       -1.623823        0.500000
 grid1/grid1_000595.png/png
 burst_profile/burst_profile000595.png/png
        600   8.945985  1.625E+07   2.881329   5.386013   1.400000   1.400000   0.000000   0.000000   0.274083   0.027301   3.289920    817    130
  -8.219845   6.607025  -4.792273   2.472968   3.527254  -8.522879   0.000000   0.000000   0.000000   0.098300   0.024403  24.685682      6     25
 5.9150E-04  23.282002   4.212205   5.384119  14.665948  -0.880399   0.000000   0.000000   0.000000   0.000687  9.483E-01 -0.362E-07  max increase

 grid1/grid1_000600.png/png
 burst_profile/burst_profile000600.png/png
       retry log10(dt/yr), log10(dt), retry_factor     1   603       -8.119654       -0.620543        0.500000
       retry log10(dt/yr), log10(dt), retry_factor     2   603       -8.420684       -0.921573        0.500000
 have reached retry limit so now backup
 grid1/grid1_000605.png/png
 burst_profile/burst_profile000605.png/png
 grid1/grid1_000610.png/png
 burst_profile/burst_profile000610.png/png
 grid1/grid1_000615.png/png
 burst_profile/burst_profile000615.png/png
       retry log10(dt/yr), log10(dt), retry_factor     1   616       -8.100556       -0.601444        0.500000
hydro_newton_step failed to accept
       retry log10(dt/yr), log10(dt), retry_factor     2   616       -8.401586       -0.902474        0.500000
 grid1/grid1_000620.png/png
 burst_profile/burst_profile000620.png/png
 grid1/grid1_000625.png/png
 burst_profile/burst_profile000625.png/png
 grid1/grid1_000630.png/png
 burst_profile/burst_profile000630.png/png
 grid1/grid1_000635.png/png
 burst_profile/burst_profile000635.png/png
       retry log10(dt/yr), log10(dt), retry_factor     1   636       -8.075532       -0.576421        0.500000
       retry log10(dt/yr), log10(dt), retry_factor     2   636       -8.376562       -0.877451        0.500000
 grid1/grid1_000640.png/png
 burst_profile/burst_profile000640.png/png
 grid1/grid1_000645.png/png
 burst_profile/burst_profile000645.png/png
 grid1/grid1_000650.png/png
 burst_profile/burst_profile000650.png/png
 grid1/grid1_000655.png/png
 burst_profile/burst_profile000655.png/png
 grid1/grid1_000660.png/png
 burst_profile/burst_profile000660.png/png
 grid1/grid1_000665.png/png
 burst_profile/burst_profile000665.png/png
 grid1/grid1_000670.png/png
 burst_profile/burst_profile000670.png/png
 grid1/grid1_000675.png/png
 burst_profile/burst_profile000675.png/png
 grid1/grid1_000680.png/png
 burst_profile/burst_profile000680.png/png
 grid1/grid1_000685.png/png
 burst_profile/burst_profile000685.png/png
 grid1/grid1_000690.png/png
 burst_profile/burst_profile000690.png/png
       retry log10(dt/yr), log10(dt), retry_factor     1   694       -5.095422        2.403690        0.500000
       retry log10(dt/yr), log10(dt), retry_factor     2   694       -5.396452        2.102660        0.500000
 have reached retry limit so now backup
 grid1/grid1_000695.png/png
 burst_profile/burst_profile000695.png/png
        700   8.332729  3.411E+06   1.382629   1.422270   1.400000   1.400000   0.000000   0.000000   0.275200   0.039707  16.843698    833    138
  -5.134366   6.688785  -4.792893  -2.044831   0.595838  -8.522879   0.000000   0.000000   0.000000   0.020000   0.031085 107.883547      6     27
 6.9727E-04  23.298719   1.499385   0.361249  13.505737  -1.158651   0.000000   0.000000   0.000000   0.000687  9.292E-01  0.685E-13          dH/H

 grid1/grid1_000700.png/png
 burst_profile/burst_profile000700.png/png
       retry log10(dt/yr), log10(dt), retry_factor     1   701       -5.547509        1.951602        0.500000
hydro_newton_step failed to accept
       retry log10(dt/yr), log10(dt), retry_factor     2   701       -5.848539        1.650572        0.500000
 have reached retry limit so now backup
        700   8.332024  3.402E+06   1.372058   1.413131   1.400000   1.400000   0.000000   0.000000   0.275200   0.038794  16.861881    833    140
  -5.547509   6.688336  -4.792895  -2.109648   0.590371  -8.522879   0.000000   0.000000   0.000000   0.020000   0.030546 108.021645      6     28
 6.9277E-04  23.298024   1.494468   0.367090  13.502640  -1.160493   0.000000   0.000000   0.000000   0.000687  9.307E-01  0.513E-12        backup

 grid1/grid1_000700.png/png
 burst_profile/burst_profile000700.png/png
 grid1/grid1_000705.png/png
 burst_profile/burst_profile000705.png/png
       retry log10(dt/yr), log10(dt), retry_factor     1   707       -5.543568        1.955543        0.500000
       retry log10(dt/yr), log10(dt), retry_factor     2   707       -5.844598        1.654513        0.500000
       retry log10(dt/yr), log10(dt), retry_factor     1   708       -6.145628        1.353483        0.500000
 grid1/grid1_000710.png/png
 burst_profile/burst_profile000710.png/png
       retry log10(dt/yr), log10(dt), retry_factor     1   715       -5.242538        2.256573        0.500000
       retry log10(dt/yr), log10(dt), retry_factor     2   715       -5.543568        1.955543        0.500000
 have reached retry limit so now backup
 grid1/grid1_000715.png/png
 burst_profile/burst_profile000715.png/png
       retry log10(dt/yr), log10(dt), retry_factor     1   716       -6.038418        1.460693        0.500000
 grid1/grid1_000720.png/png
 burst_profile/burst_profile000720.png/png
       retry log10(dt/yr), log10(dt), retry_factor     1   722       -5.605670        1.893442        0.500000
       retry log10(dt/yr), log10(dt), retry_factor     1   723       -6.003610        1.495502        0.500000
 grid1/grid1_000725.png/png
 burst_profile/burst_profile000725.png/png
 grid1/grid1_000730.png/png
 burst_profile/burst_profile000730.png/png
       retry log10(dt/yr), log10(dt), retry_factor     1   731       -5.499021        2.000091        0.500000
 grid1/grid1_000735.png/png
 burst_profile/burst_profile000735.png/png
       retry log10(dt/yr), log10(dt), retry_factor     1   736       -5.649495        1.849616        0.500000
       retry log10(dt/yr), log10(dt), retry_factor     2   736       -5.950525        1.548586        0.500000
hydro_newton_step failed to accept
       retry log10(dt/yr), log10(dt), retry_factor     1   737       -6.347304        1.151807        0.500000
 grid1/grid1_000740.png/png
 burst_profile/burst_profile000740.png/png
       retry log10(dt/yr), log10(dt), retry_factor     1   742       -5.820197        1.678915        0.500000
       retry log10(dt/yr), log10(dt), retry_factor     1   743       -6.121227        1.377885        0.500000
       retry log10(dt/yr), log10(dt), retry_factor     1   744       -6.486179        1.012933        0.500000
 grid1/grid1_000745.png/png
 burst_profile/burst_profile000745.png/png
       retry log10(dt/yr), log10(dt), retry_factor     1   749       -6.394282        1.104830        0.500000
       retry log10(dt/yr), log10(dt), retry_factor     2   749       -6.695312        0.803800        0.500000
 grid1/grid1_000750.png/png
 burst_profile/burst_profile000750.png/png
       retry log10(dt/yr), log10(dt), retry_factor     1   752       -6.996342        0.502770        0.500000
       retry log10(dt/yr), log10(dt), retry_factor     2   752       -7.297372        0.201740        0.500000
       retry log10(dt/yr), log10(dt), retry_factor     1   755       -7.598402       -0.099290        0.500000
 grid1/grid1_000755.png/png
 burst_profile/burst_profile000755.png/png
       retry log10(dt/yr), log10(dt), retry_factor     1   757       -7.905421       -0.406309        0.500000
       retry log10(dt/yr), log10(dt), retry_factor     1   758       -8.206451       -0.707339        0.500000
 grid1/grid1_000760.png/png
 burst_profile/burst_profile000760.png/png
 grid1/grid1_000765.png/png
 burst_profile/burst_profile000765.png/png
 grid1/grid1_000770.png/png
 burst_profile/burst_profile000770.png/png
 grid1/grid1_000775.png/png
 burst_profile/burst_profile000775.png/png
 grid1/grid1_000780.png/png
 burst_profile/burst_profile000780.png/png
 grid1/grid1_000785.png/png
 burst_profile/burst_profile000785.png/png
 grid1/grid1_000790.png/png
 burst_profile/burst_profile000790.png/png
 grid1/grid1_000795.png/png
 burst_profile/burst_profile000795.png/png
        800   8.457210  1.526E+07   3.551100   6.559122   1.400000   1.400000   0.000000   0.000000   0.275200   0.064196  12.796683    891    162
  -8.443885   6.701613  -4.792017   3.254344   4.154690  -8.522879   0.000000   0.000000   0.000000   0.020000   0.043058  81.799315      7     29
 8.6158E-04  23.323219   4.104139   6.558480  14.623021  -0.860424   0.000000   0.000000   0.000000   0.000687  8.927E-01 -0.255E-08        lgTeff

 grid1/grid1_000800.png/png
 burst_profile/burst_profile000800.png/png
 grid1/grid1_000805.png/png
 burst_profile/burst_profile000805.png/png
 grid1/grid1_000810.png/png
 burst_profile/burst_profile000810.png/png
 grid1/grid1_000815.png/png
 burst_profile/burst_profile000815.png/png
 grid1/grid1_000820.png/png
 burst_profile/burst_profile000820.png/png
 grid1/grid1_000825.png/png
 burst_profile/burst_profile000825.png/png
 grid1/grid1_000830.png/png
 burst_profile/burst_profile000830.png/png
 grid1/grid1_000835.png/png
 burst_profile/burst_profile000835.png/png
 grid1/grid1_000840.png/png
 burst_profile/burst_profile000840.png/png
 grid1/grid1_000845.png/png
 burst_profile/burst_profile000845.png/png
 grid1/grid1_000850.png/png
 burst_profile/burst_profile000850.png/png
       retry log10(dt/yr), log10(dt), retry_factor     1   855       -7.814124       -0.315012        0.500000
hydro_newton_step failed to accept
       retry log10(dt/yr), log10(dt), retry_factor     2   855       -8.115154       -0.616042        0.500000
 have reached retry limit so now backup
 grid1/grid1_000855.png/png
 burst_profile/burst_profile000855.png/png
       retry log10(dt/yr), log10(dt), retry_factor     1   859       -8.254720       -0.755609        0.500000
       retry log10(dt/yr), log10(dt), retry_factor     2   859       -8.555750       -1.056639        0.500000
 grid1/grid1_000860.png/png
 burst_profile/burst_profile000860.png/png
       retry log10(dt/yr), log10(dt), retry_factor     1   863       -8.555750       -1.056639        0.500000
       retry log10(dt/yr), log10(dt), retry_factor     2   863       -8.856780       -1.357669        0.500000
 have reached retry limit so now backup
 grid1/grid1_000865.png/png
 burst_profile/burst_profile000865.png/png
hydro_newton_step failed to accept
       retry log10(dt/yr), log10(dt), retry_factor     1   869       -8.254720       -0.755609        0.500000
       retry log10(dt/yr), log10(dt), retry_factor     2   869       -8.555750       -1.056639        0.500000
 grid1/grid1_000870.png/png
 burst_profile/burst_profile000870.png/png
 grid1/grid1_000875.png/png
 burst_profile/burst_profile000875.png/png
hydro_newton_step failed to accept
       retry log10(dt/yr), log10(dt), retry_factor     1   878       -8.013123       -0.514011        0.500000
       retry log10(dt/yr), log10(dt), retry_factor     2   878       -8.314153       -0.815041        0.500000
 grid1/grid1_000880.png/png
 burst_profile/burst_profile000880.png/png
 grid1/grid1_000885.png/png
 burst_profile/burst_profile000885.png/png
       retry log10(dt/yr), log10(dt), retry_factor     1   886       -8.127713       -0.628601        0.500000
hydro_newton_step failed to accept
       retry log10(dt/yr), log10(dt), retry_factor     2   886       -8.428743       -0.929631        0.500000
 have reached retry limit so now backup
 grid1/grid1_000885.png/png
 burst_profile/burst_profile000885.png/png
 grid1/grid1_000890.png/png
 burst_profile/burst_profile000890.png/png
 grid1/grid1_000895.png/png
 burst_profile/burst_profile000895.png/png
       retry log10(dt/yr), log10(dt), retry_factor     1   900       -7.849220       -0.350109        0.500000
        900   8.874706  1.303E+07   2.352372   4.242015   1.400000   1.400000   0.000000   0.000000   0.275200   0.018500   4.330651    944    175
  -7.548190   6.657739  -4.792462   2.161095   3.093162  -8.522879   0.000000   0.000000   0.000000   0.020000   0.019530  30.243331     20     32
 8.6375E-04  23.323571   3.828230   4.232712  14.537481  -0.808543   0.000000   0.000000   0.000000   0.000687  9.620E-01 -0.110E-08         retry

 grid1/grid1_000900.png/png
 burst_profile/burst_profile000900.png/png
 grid1/grid1_000905.png/png
 burst_profile/burst_profile000905.png/png
       retry log10(dt/yr), log10(dt), retry_factor     1   908       -8.050346       -0.551234        0.500000
 grid1/grid1_000910.png/png
 burst_profile/burst_profile000910.png/png
       retry log10(dt/yr), log10(dt), retry_factor     1   913       -7.904540       -0.405429        0.500000
 grid1/grid1_000915.png/png
 burst_profile/burst_profile000915.png/png

stop because model_number >= max_model_number
      916      916

        916   8.831398  1.123E+07   2.042875   3.614030   1.400000   1.400000   0.000000   0.000000   0.275200   0.017033   4.917351    953    177
  -7.603510   6.666777  -4.792572   1.953431   2.795009  -8.522879   0.000000   0.000000   0.000000   0.020000   0.018732  33.647261      6     32
 8.6425E-04  23.323660   3.570046   3.592351  14.478931  -0.761794   0.000000   0.000000   0.000000   0.000687  9.642E-01 -0.462E-09          hold

save LOGS/profile5.data for model 916
save photos/x916 for model 916
save abund_profile_r_rh90_ng_rh91_01.data for model 916
 saved to final.mod
termination code: max_model_number
        916   8.831398  1.123E+07   2.042875   3.614030   1.400000   1.400000   0.000000   0.000000   0.275200   0.017033   4.917351    953    177
  -7.603510   6.666777  -4.792572   1.953431   2.795009  -8.522879   0.000000   0.000000   0.000000   0.020000   0.018732  33.647261      6     32
 8.6425E-04  23.323660   3.570046   3.592351  14.478931  -0.761794   0.000000   0.000000   0.000000   0.000687  9.642E-01 -0.462E-09  max increase

DATE: 2020-09-03
TIME: 05:37:21
