starting from 0
DATE: 2020-09-02
TIME: 16:45:16
                                         version_number       10108
 read /hpc/group/physics/al363/sens/base/inlist_base
 read inlist_cluster
load saved model /hpc/group/physics/al363/sens/base/ns_relax.mod

 change to /hpc/group/physics/al363/sens/base/rp_305.net
             set special rate factor for r_ru87_ng_ru88         341    1.0000000000000000D-02
             set special rate factor for r_ru88_gn_ru87         342    1.0000000000000000D-02
             set special rate factor for r_ru87_ng_ru88         341    1.0000000000000000D-02
             set special rate factor for r_ru88_gn_ru87         342    1.0000000000000000D-02
 number of species         305
 read /hpc/group/physics/al363/sens/base/history_customACL.list_tau
 read /hpc/group/physics/al363/sens/base/profile_customACL.list_tau
 net name /hpc/group/physics/al363/sens/base/rp_305.net
 v_flag T
                         which_atm_option: grey_and_kap
                                           xmstar/mstar    4.5461189430843640D-12
                                             xmstar (g)    1.2660395722219186D+22
                                           M_center (g)    2.7848799999878681D+33
                                            xmstar/Msun    6.3645665203193175D-12
                                          M_center/Msun    1.3999999999939012D+00
                                          R_center (cm)    1.1200000000000000D+06
                                          R_center/Rsun    1.6092416448748527D-05
                                           core density    4.7322078204273819D+14
                                          L_center/Lsun    4.1647144567650578D+00
 kappa_file_prefix gs98
 kappa_lowT_prefix lowT_fa05_gs98

   eos_file_prefix mesa
                                        OMP_NUM_THREADS           8


__________________________________________________________________________________________________________________________________________________

       step    lg_Tcntr    Teff       lg_LH     lg_Lnuc     Mass       H_rich     H_cntr     N_cntr     Y_surf     X_avg     eta_cntr  zones retry
   lg_dt_yr    lg_Dcntr    lg_R       lg_L3a    lg_Lneu     lg_Mdot    He_core    He_cntr    O_cntr     Z_surf     Y_avg     gam_cntr  iters bckup
     age_yr    lg_Pcntr    lg_L       lg_LZ     lg_Psurf    lg_Dsurf   C_core     C_cntr     Ne_cntr    Si_cntr    Z_avg     v_div_cs     dt_limit
__________________________________________________________________________________________________________________________________________________

save LOGS/profile1.data for model 2
 grid1/grid1_000005.png/png
 burst_profile/burst_profile000005.png/png
          6   8.165156  1.497E+06   0.087590   0.087976   1.400000   1.400000   0.000000   0.000000   0.275200   0.030886  22.514775    791      0
  -5.817651   6.610341  -4.793035 -18.862378  -1.086578  -8.522879   0.000000   0.000000   0.000000   0.020000   0.011710 149.410225      6      0
 4.0040E-06  23.176196   0.068337  -2.962874  12.744977  -1.553972   0.000000   0.000000   0.000000   0.000687  9.574E-01  0.395E-11      lgT_cntr

save LOGS/profile2.data for model 6
 grid1/grid1_000010.png/png
 burst_profile/burst_profile000010.png/png
 grid1/grid1_000015.png/png
 burst_profile/burst_profile000015.png/png
 grid1/grid1_000020.png/png
 burst_profile/burst_profile000020.png/png
 grid1/grid1_000025.png/png
 burst_profile/burst_profile000025.png/png
       retry log10(dt/yr), log10(dt), retry_factor     1    30       -5.532111        1.967001        0.500000
 grid1/grid1_000030.png/png
 burst_profile/burst_profile000030.png/png
       retry log10(dt/yr), log10(dt), retry_factor     1    35       -5.231081        2.268031        0.500000
 grid1/grid1_000035.png/png
 burst_profile/burst_profile000035.png/png
       retry log10(dt/yr), log10(dt), retry_factor     1    36       -5.532111        1.967001        0.500000
       retry log10(dt/yr), log10(dt), retry_factor     1    40       -5.532111        1.967001        0.500000
 grid1/grid1_000040.png/png
 burst_profile/burst_profile000040.png/png
       retry log10(dt/yr), log10(dt), retry_factor     1    45       -5.231081        2.268031        0.500000
 grid1/grid1_000045.png/png
 burst_profile/burst_profile000045.png/png
       retry log10(dt/yr), log10(dt), retry_factor     1    49       -5.231081        2.268031        0.500000
 grid1/grid1_000050.png/png
 burst_profile/burst_profile000050.png/png
       retry log10(dt/yr), log10(dt), retry_factor     1    53       -5.231081        2.268031        0.500000
 grid1/grid1_000055.png/png
 burst_profile/burst_profile000055.png/png
       retry log10(dt/yr), log10(dt), retry_factor     1    56       -5.532111        1.967001        0.500000
       retry log10(dt/yr), log10(dt), retry_factor     2    56       -5.833141        1.665971        0.500000
 have reached retry limit so now backup
 grid1/grid1_000055.png/png
 burst_profile/burst_profile000055.png/png
       retry log10(dt/yr), log10(dt), retry_factor     1    58       -6.134171        1.364941        0.500000
       retry log10(dt/yr), log10(dt), retry_factor     2    58       -6.435201        1.063911        0.500000
 have reached retry limit so now backup
       retry log10(dt/yr), log10(dt), retry_factor     1    58       -6.736231        0.762881        0.500000
       retry log10(dt/yr), log10(dt), retry_factor     2    58       -7.037261        0.461851        0.500000
 have reached retry limit so now backup
       retry log10(dt/yr), log10(dt), retry_factor     1    60       -7.338291        0.160821        0.500000
       retry log10(dt/yr), log10(dt), retry_factor     2    60       -7.639321       -0.140209        0.500000
 have reached retry limit so now backup
 grid1/grid1_000060.png/png
 burst_profile/burst_profile000060.png/png
       retry log10(dt/yr), log10(dt), retry_factor     1    62       -7.940351       -0.441239        0.500000
       retry log10(dt/yr), log10(dt), retry_factor     2    62       -8.241381       -0.742269        0.500000
 grid1/grid1_000065.png/png
 burst_profile/burst_profile000065.png/png
 grid1/grid1_000070.png/png
 burst_profile/burst_profile000070.png/png
 grid1/grid1_000075.png/png
 burst_profile/burst_profile000075.png/png
       retry log10(dt/yr), log10(dt), retry_factor     1    76       -5.231081        2.268031        0.500000
       retry log10(dt/yr), log10(dt), retry_factor     2    76       -5.532111        1.967001        0.500000
       retry log10(dt/yr), log10(dt), retry_factor     1    77       -5.833141        1.665971        0.500000
       retry log10(dt/yr), log10(dt), retry_factor     2    77       -6.134171        1.364941        0.500000
 have reached retry limit so now backup
       retry log10(dt/yr), log10(dt), retry_factor     1    80       -6.435201        1.063911        0.500000
       retry log10(dt/yr), log10(dt), retry_factor     2    80       -6.736231        0.762881        0.500000
 have reached retry limit so now backup
 grid1/grid1_000080.png/png
 burst_profile/burst_profile000080.png/png
       retry log10(dt/yr), log10(dt), retry_factor     1    81       -7.037261        0.461851        0.500000
       retry log10(dt/yr), log10(dt), retry_factor     2    81       -7.338291        0.160821        0.500000
 have reached retry limit so now backup
 grid1/grid1_000080.png/png
 burst_profile/burst_profile000080.png/png
       retry log10(dt/yr), log10(dt), retry_factor     1    84       -7.639321       -0.140209        0.500000
       retry log10(dt/yr), log10(dt), retry_factor     2    84       -7.940351       -0.441239        0.500000
 have reached retry limit so now backup
       retry log10(dt/yr), log10(dt), retry_factor     1    84       -8.241381       -0.742269        0.500000
 grid1/grid1_000085.png/png
 burst_profile/burst_profile000085.png/png
 grid1/grid1_000090.png/png
 burst_profile/burst_profile000090.png/png
 grid1/grid1_000095.png/png
 burst_profile/burst_profile000095.png/png
       retry log10(dt/yr), log10(dt), retry_factor     1    97       -5.708197        1.790914        0.500000
       retry log10(dt/yr), log10(dt), retry_factor     1    98       -6.029742        1.469369        0.500000
       retry log10(dt/yr), log10(dt), retry_factor     1    99       -6.330772        1.168339        0.500000
        100   8.444841  4.670E+06   2.033172   2.166622   1.400000   1.400000   0.000000   0.000000   0.275200   0.100536  12.226478    752     31
  -6.029742   6.642744  -4.792800   1.206170   1.283423  -8.522879   0.000000   0.000000   0.000000   0.020000   0.058448  80.444496      6      8
 3.1300E-04  23.235090   2.045017   1.357015  13.860470  -0.943582   0.000000   0.000000   0.000000   0.000687  8.410E-01  0.987E-12          hold

 grid1/grid1_000100.png/png
 burst_profile/burst_profile000100.png/png
       retry log10(dt/yr), log10(dt), retry_factor     1   101       -6.631802        0.867309        0.500000
       retry log10(dt/yr), log10(dt), retry_factor     1   103       -6.932832        0.566279        0.500000
hydro_newton_step failed to accept
       retry log10(dt/yr), log10(dt), retry_factor     1   104       -7.233862        0.265249        0.500000
 grid1/grid1_000105.png/png
 burst_profile/burst_profile000105.png/png
       retry log10(dt/yr), log10(dt), retry_factor     1   106       -7.534892       -0.035780        0.500000
       retry log10(dt/yr), log10(dt), retry_factor     1   110       -7.649240       -0.150129        0.500000
       retry log10(dt/yr), log10(dt), retry_factor     2   110       -7.950270       -0.451159        0.500000
 grid1/grid1_000110.png/png
 burst_profile/burst_profile000110.png/png
       retry log10(dt/yr), log10(dt), retry_factor     1   112       -8.333830       -0.834718        0.500000
 grid1/grid1_000115.png/png
 burst_profile/burst_profile000115.png/png
 grid1/grid1_000120.png/png
 burst_profile/burst_profile000120.png/png
 grid1/grid1_000125.png/png
 burst_profile/burst_profile000125.png/png
 grid1/grid1_000130.png/png
 burst_profile/burst_profile000130.png/png
 grid1/grid1_000135.png/png
 burst_profile/burst_profile000135.png/png
 grid1/grid1_000140.png/png
 burst_profile/burst_profile000140.png/png
 grid1/grid1_000145.png/png
 burst_profile/burst_profile000145.png/png
 grid1/grid1_000150.png/png
 burst_profile/burst_profile000150.png/png
 grid1/grid1_000155.png/png
 burst_profile/burst_profile000155.png/png
 grid1/grid1_000160.png/png
 burst_profile/burst_profile000160.png/png
 grid1/grid1_000165.png/png
 burst_profile/burst_profile000165.png/png
                       super eddington wind: lg_Mdot, L/Ledd         166    -9.76056     1.00708
                       super eddington wind: lg_Mdot, L/Ledd         167    -9.00478     1.04031
                       super eddington wind: lg_Mdot, L/Ledd         168    -8.75953     1.07086
                       super eddington wind: lg_Mdot, L/Ledd         169    -8.62667     1.09614
                       super eddington wind: lg_Mdot, L/Ledd         170    -8.52209     1.12216
 grid1/grid1_000170.png/png
 burst_profile/burst_profile000170.png/png
                       super eddington wind: lg_Mdot, L/Ledd         171    -8.42429     1.15286
                       super eddington wind: lg_Mdot, L/Ledd         172    -8.60237     1.10127
                       super eddington wind: lg_Mdot, L/Ledd         173    -8.46082     1.14017
                       super eddington wind: lg_Mdot, L/Ledd         174    -8.38553     1.16679
                       super eddington wind: lg_Mdot, L/Ledd         175    -8.53052     1.11910
 grid1/grid1_000175.png/png
 burst_profile/burst_profile000175.png/png
                       super eddington wind: lg_Mdot, L/Ledd         176    -8.40175     1.16032
                       super eddington wind: lg_Mdot, L/Ledd         177    -8.32970     1.18915
                       super eddington wind: lg_Mdot, L/Ledd         178    -8.44596     1.14436
                       super eddington wind: lg_Mdot, L/Ledd         179    -8.33830     1.18483
                       super eddington wind: lg_Mdot, L/Ledd         180    -8.27484     1.21360
 grid1/grid1_000180.png/png
 burst_profile/burst_profile000180.png/png
                       super eddington wind: lg_Mdot, L/Ledd         181    -8.39341     1.16238
                       super eddington wind: lg_Mdot, L/Ledd         182    -8.29648     1.20281
                       super eddington wind: lg_Mdot, L/Ledd         183    -8.24878     1.22623
                       super eddington wind: lg_Mdot, L/Ledd         184    -8.36517     1.17268
                       super eddington wind: lg_Mdot, L/Ledd         185    -8.27643     1.21167
 grid1/grid1_000185.png/png
 burst_profile/burst_profile000185.png/png
                       super eddington wind: lg_Mdot, L/Ledd         186    -8.24014     1.22996
                       super eddington wind: lg_Mdot, L/Ledd         187    -8.35547     1.17590
                       super eddington wind: lg_Mdot, L/Ledd         188    -8.28326     1.20743
                       super eddington wind: lg_Mdot, L/Ledd         189    -8.25281     1.22229
                       super eddington wind: lg_Mdot, L/Ledd         190    -8.39343     1.16042
 grid1/grid1_000190.png/png
 burst_profile/burst_profile000190.png/png
                       super eddington wind: lg_Mdot, L/Ledd         191    -8.33566     1.18299
                       super eddington wind: lg_Mdot, L/Ledd         192    -8.32758     1.18644
                       super eddington wind: lg_Mdot, L/Ledd         193    -8.50958     1.12230
       retry log10(dt/yr), log10(dt), retry_factor     1   193       -9.065144       -1.566033        0.500000
                       super eddington wind: lg_Mdot, L/Ledd         193    -8.50958     1.12230
       retry log10(dt/yr), log10(dt), retry_factor     2   193       -9.366174       -1.867063        0.500000
                       super eddington wind: lg_Mdot, L/Ledd         193    -8.50958     1.12230
 have reached retry limit so now backup
                       super eddington wind: lg_Mdot, L/Ledd         192    -8.32758     1.18644
                       super eddington wind: lg_Mdot, L/Ledd         193    -8.68943     1.08086
                       super eddington wind: lg_Mdot, L/Ledd         194    -8.39255     1.16019
                       super eddington wind: lg_Mdot, L/Ledd         195    -8.57215     1.10595
 grid1/grid1_000195.png/png
 burst_profile/burst_profile000195.png/png
                       super eddington wind: lg_Mdot, L/Ledd         196    -8.46493     1.13566
                       super eddington wind: lg_Mdot, L/Ledd         197    -8.38625     1.16252
                       super eddington wind: lg_Mdot, L/Ledd         198    -8.53540     1.11522
                       super eddington wind: lg_Mdot, L/Ledd         199    -8.39740     1.15829
                       super eddington wind: lg_Mdot, L/Ledd         200    -8.64392     1.08962
        200   8.945888  2.394E+07   3.730881   6.697712   1.400000   1.400000   0.000000   0.000000   0.295743   0.075997   3.108501    664     40
  -8.822801   6.570922  -4.791533   3.024966   4.389386  -8.643923   0.000000   0.000000   0.000000   0.199858   0.044881  24.016430      6      9
 3.1497E-04  23.235204   4.887004   6.697150  15.066539  -0.897479   0.000000   0.000000   0.000000   0.000687  8.791E-01  0.639E-04    varcontrol

 grid1/grid1_000200.png/png
 burst_profile/burst_profile000200.png/png
                       super eddington wind: lg_Mdot, L/Ledd         201    -8.50811     1.12254
                       super eddington wind: lg_Mdot, L/Ledd         202    -8.40307     1.15598
                       super eddington wind: lg_Mdot, L/Ledd         203    -8.66187     1.08593
                       super eddington wind: lg_Mdot, L/Ledd         204    -8.52847     1.11676
                       super eddington wind: lg_Mdot, L/Ledd         205    -8.44121     1.14281
 grid1/grid1_000205.png/png
 burst_profile/burst_profile000205.png/png
                       super eddington wind: lg_Mdot, L/Ledd         206    -8.67101     1.08397
                       super eddington wind: lg_Mdot, L/Ledd         207    -8.61833     1.09488
                       super eddington wind: lg_Mdot, L/Ledd         208    -8.84185     1.05663
                       super eddington wind: lg_Mdot, L/Ledd         209    -8.68366     1.08145
                       super eddington wind: lg_Mdot, L/Ledd         210    -9.06074     1.03416
 grid1/grid1_000210.png/png
 burst_profile/burst_profile000210.png/png
                       super eddington wind: lg_Mdot, L/Ledd         211    -8.92713     1.04645
                       super eddington wind: lg_Mdot, L/Ledd         212    -9.57418     1.01044
                       super eddington wind: lg_Mdot, L/Ledd         213    -9.23465     1.02284
                       super eddington wind: lg_Mdot, L/Ledd         215    -9.98621     1.00404
 grid1/grid1_000215.png/png
 burst_profile/burst_profile000215.png/png
       retry log10(dt/yr), log10(dt), retry_factor     1   220       -9.319146       -1.820034        0.500000
 grid1/grid1_000220.png/png
 burst_profile/burst_profile000220.png/png
 grid1/grid1_000225.png/png
 burst_profile/burst_profile000225.png/png
 grid1/grid1_000230.png/png
 burst_profile/burst_profile000230.png/png
 grid1/grid1_000235.png/png
 burst_profile/burst_profile000235.png/png
 grid1/grid1_000240.png/png
 burst_profile/burst_profile000240.png/png
       retry log10(dt/yr), log10(dt), retry_factor     1   241       -7.660805       -0.161694        0.500000
       retry log10(dt/yr), log10(dt), retry_factor     1   242       -8.058745       -0.559634        0.500000
hydro_newton_step failed to accept
       retry log10(dt/yr), log10(dt), retry_factor     1   243       -8.446001       -0.946889        0.500000
hydro_newton_step failed to accept
       retry log10(dt/yr), log10(dt), retry_factor     2   243       -8.747031       -1.247919        0.500000
 have reached retry limit so now backup
       retry log10(dt/yr), log10(dt), retry_factor     1   245       -9.048061       -1.548949        0.500000
 grid1/grid1_000245.png/png
 burst_profile/burst_profile000245.png/png
       retry log10(dt/yr), log10(dt), retry_factor     1   246       -9.349091       -1.849979        0.500000
 grid1/grid1_000250.png/png
 burst_profile/burst_profile000250.png/png
       retry log10(dt/yr), log10(dt), retry_factor     1   253       -8.446001       -0.946889        0.500000
hydro_newton_step failed to accept
       retry log10(dt/yr), log10(dt), retry_factor     2   253       -8.747031       -1.247919        0.500000
 grid1/grid1_000255.png/png
 burst_profile/burst_profile000255.png/png
 grid1/grid1_000260.png/png
 burst_profile/burst_profile000260.png/png
 grid1/grid1_000265.png/png
 burst_profile/burst_profile000265.png/png
 grid1/grid1_000270.png/png
 burst_profile/burst_profile000270.png/png
 grid1/grid1_000275.png/png
 burst_profile/burst_profile000275.png/png
 grid1/grid1_000280.png/png
 burst_profile/burst_profile000280.png/png
 grid1/grid1_000285.png/png
 burst_profile/burst_profile000285.png/png
       retry log10(dt/yr), log10(dt), retry_factor     1   287       -7.731555       -0.232443        0.500000
hydro_newton_step failed to accept
       retry log10(dt/yr), log10(dt), retry_factor     2   287       -8.032585       -0.533473        0.500000
 have reached retry limit so now backup
 grid1/grid1_000290.png/png
 burst_profile/burst_profile000290.png/png
       retry log10(dt/yr), log10(dt), retry_factor     1   292       -7.731555       -0.232443        0.500000
       retry log10(dt/yr), log10(dt), retry_factor     2   292       -8.032585       -0.533473        0.500000
 grid1/grid1_000295.png/png
 burst_profile/burst_profile000295.png/png
       retry log10(dt/yr), log10(dt), retry_factor     1   297       -7.731555       -0.232443        0.500000
       retry log10(dt/yr), log10(dt), retry_factor     2   297       -8.032585       -0.533473        0.500000
        300   8.785429  1.048E+07   1.919282   3.392600   1.400000   1.400000   0.000000   0.000000   0.275200   0.020207   5.131821    708     55
  -7.731555   6.611793  -4.792645   1.807454   2.704553  -8.522879   0.000000   0.000000   0.000000   0.020000   0.020456  35.858397      6     11
 3.1806E-04  23.235936   3.449845   3.365904  14.455462  -0.742125   0.000000   0.000000   0.000000   0.000687  9.593E-01  0.676E-09          hold

 grid1/grid1_000300.png/png
 burst_profile/burst_profile000300.png/png
       retry log10(dt/yr), log10(dt), retry_factor     1   303       -7.619661       -0.120550        0.500000
       retry log10(dt/yr), log10(dt), retry_factor     2   303       -7.920691       -0.421580        0.500000
 have reached retry limit so now backup
 grid1/grid1_000305.png/png
 burst_profile/burst_profile000305.png/png
       retry log10(dt/yr), log10(dt), retry_factor     1   309       -7.551263       -0.052151        0.500000
       retry log10(dt/yr), log10(dt), retry_factor     2   309       -7.852293       -0.353181        0.500000
 have reached retry limit so now backup
 grid1/grid1_000310.png/png
 burst_profile/burst_profile000310.png/png
 grid1/grid1_000315.png/png
 burst_profile/burst_profile000315.png/png
       retry log10(dt/yr), log10(dt), retry_factor     1   316       -7.608228       -0.109116        0.500000
       retry log10(dt/yr), log10(dt), retry_factor     2   316       -7.909258       -0.410146        0.500000
 grid1/grid1_000320.png/png
 burst_profile/burst_profile000320.png/png
 grid1/grid1_000325.png/png
 burst_profile/burst_profile000325.png/png
 grid1/grid1_000330.png/png
 burst_profile/burst_profile000330.png/png
 grid1/grid1_000335.png/png
 burst_profile/burst_profile000335.png/png
 grid1/grid1_000340.png/png
 burst_profile/burst_profile000340.png/png
 grid1/grid1_000345.png/png
 burst_profile/burst_profile000345.png/png
 grid1/grid1_000350.png/png
 burst_profile/burst_profile000350.png/png
 grid1/grid1_000355.png/png
 burst_profile/burst_profile000355.png/png
 grid1/grid1_000360.png/png
 burst_profile/burst_profile000360.png/png
       retry log10(dt/yr), log10(dt), retry_factor     1   361       -5.455028        2.044083        0.500000
 grid1/grid1_000365.png/png
 burst_profile/burst_profile000365.png/png
       retry log10(dt/yr), log10(dt), retry_factor     1   369       -5.461218        2.037894        0.500000
       retry log10(dt/yr), log10(dt), retry_factor     2   369       -5.762248        1.736864        0.500000
 have reached retry limit so now backup
 grid1/grid1_000370.png/png
 burst_profile/burst_profile000370.png/png
       retry log10(dt/yr), log10(dt), retry_factor     1   375       -5.442140        2.056972        0.500000
       retry log10(dt/yr), log10(dt), retry_factor     2   375       -5.743170        1.755942        0.500000
 grid1/grid1_000375.png/png
 burst_profile/burst_profile000375.png/png
       retry log10(dt/yr), log10(dt), retry_factor     1   376       -6.044200        1.454912        0.500000
 grid1/grid1_000380.png/png
 burst_profile/burst_profile000380.png/png
       retry log10(dt/yr), log10(dt), retry_factor     1   383       -5.379850        2.119261        0.500000
       retry log10(dt/yr), log10(dt), retry_factor     2   383       -5.680880        1.818231        0.500000
 have reached retry limit so now backup
 grid1/grid1_000385.png/png
 burst_profile/burst_profile000385.png/png
       retry log10(dt/yr), log10(dt), retry_factor     1   386       -5.981910        1.517201        0.500000
       retry log10(dt/yr), log10(dt), retry_factor     2   386       -6.282940        1.216171        0.500000
 have reached retry limit so now backup
       retry log10(dt/yr), log10(dt), retry_factor     1   385       -6.583970        0.915141        0.500000
 grid1/grid1_000385.png/png
 burst_profile/burst_profile000385.png/png
       retry log10(dt/yr), log10(dt), retry_factor     1   386       -6.885000        0.614111        0.500000
       retry log10(dt/yr), log10(dt), retry_factor     2   386       -7.186030        0.313081        0.500000
 have reached retry limit so now backup
 grid1/grid1_000385.png/png
 burst_profile/burst_profile000385.png/png
       retry log10(dt/yr), log10(dt), retry_factor     1   389       -7.487060        0.012051        0.500000
       retry log10(dt/yr), log10(dt), retry_factor     2   389       -7.788090       -0.288979        0.500000
 have reached retry limit so now backup
 grid1/grid1_000390.png/png
 burst_profile/burst_profile000390.png/png
       retry log10(dt/yr), log10(dt), retry_factor     1   391       -8.089120       -0.590009        0.500000
 grid1/grid1_000395.png/png
 burst_profile/burst_profile000395.png/png
        400   8.347162  3.634E+06   1.516660   1.543731   1.400000   1.400000   0.000000   0.000000   0.275200   0.062049  15.865620    755     77
  -5.981910   6.667958  -4.792872  -0.935896   0.691977  -8.522879   0.000000   0.000000   0.000000   0.020000   0.043999 102.702147      6     18
 5.0524E-04  23.268071   1.609501   0.300492  13.576508  -1.116062   0.000000   0.000000   0.000000   0.000687  8.940E-01  0.194E-11  max increase

 grid1/grid1_000400.png/png
 burst_profile/burst_profile000400.png/png
       retry log10(dt/yr), log10(dt), retry_factor     1   404       -5.577286        1.921826        0.500000
 grid1/grid1_000405.png/png
 burst_profile/burst_profile000405.png/png
       retry log10(dt/yr), log10(dt), retry_factor     1   408       -5.679867        1.819244        0.500000
hydro_newton_step failed to accept
       retry log10(dt/yr), log10(dt), retry_factor     1   409       -6.077807        1.421304        0.500000
 grid1/grid1_000410.png/png
 burst_profile/burst_profile000410.png/png
       retry log10(dt/yr), log10(dt), retry_factor     1   414       -5.725638        1.773473        0.500000
hydro_newton_step failed to accept
       retry log10(dt/yr), log10(dt), retry_factor     1   415       -6.123578        1.375533        0.500000
 grid1/grid1_000415.png/png
 burst_profile/burst_profile000415.png/png
hydro_newton_step failed to accept
       retry log10(dt/yr), log10(dt), retry_factor     1   420       -5.952729        1.546383        0.500000
hydro_newton_step failed to accept
       retry log10(dt/yr), log10(dt), retry_factor     2   420       -6.253759        1.245353        0.500000
 grid1/grid1_000420.png/png
 burst_profile/burst_profile000420.png/png
       retry log10(dt/yr), log10(dt), retry_factor     1   423       -5.887952        1.611160        0.500000
       retry log10(dt/yr), log10(dt), retry_factor     1   424       -6.258220        1.240892        0.500000
 grid1/grid1_000425.png/png
 burst_profile/burst_profile000425.png/png
        427   8.421003  4.405E+06   1.897604   1.999858   1.400000   1.400000   0.000000   0.000000   0.275200   0.076102  13.464241    764     86
  -6.034317   6.674637  -4.792812   1.108346   1.082844  -8.522879   0.000000   0.000000   0.000000   0.020000   0.053922  87.089197      6     18
 5.8604E-04  23.281215   1.943506   0.910516  13.795098  -0.982870   0.000000   0.000000   0.000000   0.000687  8.700E-01  0.193E-11          hold

save LOGS/profile3.data for model 427
hydro_newton_step failed to accept
       retry log10(dt/yr), log10(dt), retry_factor     1   428       -6.335347        1.163765        0.500000
       retry log10(dt/yr), log10(dt), retry_factor     1   429       -6.335347        1.163765        0.500000
       retry log10(dt/yr), log10(dt), retry_factor     1   430       -6.636377        0.862735        0.500000
 grid1/grid1_000430.png/png
 burst_profile/burst_profile000430.png/png
hydro_newton_step failed to accept
       retry log10(dt/yr), log10(dt), retry_factor     1   432       -6.937407        0.561705        0.500000
       retry log10(dt/yr), log10(dt), retry_factor     1   434       -7.042081        0.457031        0.500000
hydro_newton_step failed to accept
       retry log10(dt/yr), log10(dt), retry_factor     2   434       -7.343111        0.156001        0.500000
 grid1/grid1_000435.png/png
 burst_profile/burst_profile000435.png/png
       retry log10(dt/yr), log10(dt), retry_factor     1   437       -7.644141       -0.145029        0.500000
hydro_newton_step failed to accept
       retry log10(dt/yr), log10(dt), retry_factor     2   437       -7.945171       -0.446059        0.500000
 grid1/grid1_000440.png/png
 burst_profile/burst_profile000440.png/png
       retry log10(dt/yr), log10(dt), retry_factor     1   442       -8.164263       -0.665151        0.500000
       retry log10(dt/yr), log10(dt), retry_factor     2   442       -8.465293       -0.966181        0.500000
 grid1/grid1_000445.png/png
 burst_profile/burst_profile000445.png/png
 grid1/grid1_000450.png/png
 burst_profile/burst_profile000450.png/png
 grid1/grid1_000455.png/png
 burst_profile/burst_profile000455.png/png
 grid1/grid1_000460.png/png
 burst_profile/burst_profile000460.png/png
 grid1/grid1_000465.png/png
 burst_profile/burst_profile000465.png/png
 grid1/grid1_000470.png/png
 burst_profile/burst_profile000470.png/png
       retry log10(dt/yr), log10(dt), retry_factor     1   471       -9.478439       -1.979328        0.500000
 grid1/grid1_000475.png/png
 burst_profile/burst_profile000475.png/png
       retry log10(dt/yr), log10(dt), retry_factor     1   477       -9.115220       -1.616109        0.500000
       retry log10(dt/yr), log10(dt), retry_factor     2   477       -9.416250       -1.917139        0.500000
 have reached retry limit so now backup
 grid1/grid1_000480.png/png
 burst_profile/burst_profile000480.png/png
 grid1/grid1_000485.png/png
 burst_profile/burst_profile000485.png/png
 grid1/grid1_000490.png/png
 burst_profile/burst_profile000490.png/png
 grid1/grid1_000495.png/png
 burst_profile/burst_profile000495.png/png
        500   8.586013  2.194E+07   3.595906   6.756124   1.400000   1.400000   0.000000   0.000000   0.289212   0.063174   9.023615    797     99
  -8.400242   6.666690  -4.791647   2.982728   4.286130  -8.522879   0.000000   0.000000   0.000000   0.225862   0.040484  59.197887      7     19
 5.8988E-04  23.281677   4.735103   6.755750  14.963203  -0.852828   0.000000   0.000000   0.000000   0.000687  8.963E-01 -0.181E-07      lgT_cntr

save LOGS/profile4.data for model 500
save photos/x500 for model 500
 grid1/grid1_000500.png/png
 burst_profile/burst_profile000500.png/png
 grid1/grid1_000505.png/png
 burst_profile/burst_profile000505.png/png
 grid1/grid1_000510.png/png
 burst_profile/burst_profile000510.png/png
 grid1/grid1_000515.png/png
 burst_profile/burst_profile000515.png/png
 grid1/grid1_000520.png/png
 burst_profile/burst_profile000520.png/png
 grid1/grid1_000525.png/png
 burst_profile/burst_profile000525.png/png
 grid1/grid1_000530.png/png
 burst_profile/burst_profile000530.png/png
hydro_newton_step failed to accept
       retry log10(dt/yr), log10(dt), retry_factor     1   534       -7.387724        0.111387        0.500000
 grid1/grid1_000535.png/png
 burst_profile/burst_profile000535.png/png
       retry log10(dt/yr), log10(dt), retry_factor     1   539       -7.630115       -0.131004        0.500000
hydro_newton_step failed to accept
       retry log10(dt/yr), log10(dt), retry_factor     2   539       -7.931145       -0.432034        0.500000
 have reached retry limit so now backup
 grid1/grid1_000540.png/png
 burst_profile/burst_profile000540.png/png
       retry log10(dt/yr), log10(dt), retry_factor     1   542       -8.503999       -1.004887        0.500000
hydro_newton_step failed to accept
       retry log10(dt/yr), log10(dt), retry_factor     1   543       -8.805029       -1.305917        0.500000
       retry log10(dt/yr), log10(dt), retry_factor     2   543       -9.106059       -1.606947        0.500000
 grid1/grid1_000545.png/png
 burst_profile/burst_profile000545.png/png
 grid1/grid1_000550.png/png
 burst_profile/burst_profile000550.png/png
 grid1/grid1_000555.png/png
 burst_profile/burst_profile000555.png/png
 grid1/grid1_000560.png/png
 burst_profile/burst_profile000560.png/png
       retry log10(dt/yr), log10(dt), retry_factor     1   561       -7.929306       -0.430195        0.500000
hydro_newton_step failed to accept
       retry log10(dt/yr), log10(dt), retry_factor     2   561       -8.230336       -0.731225        0.500000
 grid1/grid1_000565.png/png
 burst_profile/burst_profile000565.png/png
 grid1/grid1_000570.png/png
 burst_profile/burst_profile000570.png/png
 grid1/grid1_000575.png/png
 burst_profile/burst_profile000575.png/png
hydro_newton_step failed to accept
       retry log10(dt/yr), log10(dt), retry_factor     1   576       -8.037470       -0.538359        0.500000
 grid1/grid1_000580.png/png
 burst_profile/burst_profile000580.png/png
       retry log10(dt/yr), log10(dt), retry_factor     1   584       -7.775808       -0.276697        0.500000
hydro_newton_step failed to accept
       retry log10(dt/yr), log10(dt), retry_factor     2   584       -8.076838       -0.577727        0.500000
 grid1/grid1_000585.png/png
 burst_profile/burst_profile000585.png/png
 grid1/grid1_000590.png/png
 burst_profile/burst_profile000590.png/png
 grid1/grid1_000595.png/png
 burst_profile/burst_profile000595.png/png
        600   8.730464  8.073E+06   1.385087   2.568006   1.400000   1.400000   0.000000   0.000000   0.275200   0.017133   6.237995    806    110
  -6.981001   6.653208  -4.792754   1.358840   2.060375  -8.522879   0.000000   0.000000   0.000000   0.020000   0.019467  42.010761      6     20
 5.9351E-04  23.282407   2.996086   2.508819  14.336777  -0.720251   0.000000   0.000000   0.000000   0.000687  9.634E-01  0.427E-10        lgTeff

 grid1/grid1_000600.png/png
 burst_profile/burst_profile000600.png/png
 grid1/grid1_000605.png/png
 burst_profile/burst_profile000605.png/png
 grid1/grid1_000610.png/png
 burst_profile/burst_profile000610.png/png
 grid1/grid1_000615.png/png
 burst_profile/burst_profile000615.png/png
 grid1/grid1_000620.png/png
 burst_profile/burst_profile000620.png/png
 grid1/grid1_000625.png/png
 burst_profile/burst_profile000625.png/png
 grid1/grid1_000630.png/png
 burst_profile/burst_profile000630.png/png
 grid1/grid1_000635.png/png
 burst_profile/burst_profile000635.png/png
       retry log10(dt/yr), log10(dt), retry_factor     1   640       -5.443583        2.055528        0.500000
 grid1/grid1_000640.png/png
 burst_profile/burst_profile000640.png/png
       retry log10(dt/yr), log10(dt), retry_factor     1   641       -5.841523        1.657588        0.500000
       retry log10(dt/yr), log10(dt), retry_factor     1   642       -6.142553        1.356558        0.500000
 grid1/grid1_000645.png/png
 burst_profile/burst_profile000645.png/png
       retry log10(dt/yr), log10(dt), retry_factor     1   649       -5.466843        2.032269        0.500000
hydro_newton_step failed to accept
       retry log10(dt/yr), log10(dt), retry_factor     2   649       -5.767873        1.731239        0.500000
 have reached retry limit so now backup
 grid1/grid1_000650.png/png
 burst_profile/burst_profile000650.png/png
 grid1/grid1_000655.png/png
 burst_profile/burst_profile000655.png/png
       retry log10(dt/yr), log10(dt), retry_factor     1   656       -5.381938        2.117174        0.500000
       retry log10(dt/yr), log10(dt), retry_factor     1   657       -5.779878        1.719234        0.500000
 grid1/grid1_000660.png/png
 burst_profile/burst_profile000660.png/png
       retry log10(dt/yr), log10(dt), retry_factor     1   663       -5.177818        2.321294        0.500000
       retry log10(dt/yr), log10(dt), retry_factor     2   663       -5.478848        2.020264        0.500000
 have reached retry limit so now backup
       retry log10(dt/yr), log10(dt), retry_factor     1   664       -5.973698        1.525414        0.500000
       retry log10(dt/yr), log10(dt), retry_factor     1   665       -6.274728        1.224384        0.500000
 grid1/grid1_000665.png/png
 burst_profile/burst_profile000665.png/png
 grid1/grid1_000670.png/png
 burst_profile/burst_profile000670.png/png
       retry log10(dt/yr), log10(dt), retry_factor     1   674       -5.380040        2.119071        0.500000
       retry log10(dt/yr), log10(dt), retry_factor     2   674       -5.681070        1.818041        0.500000
hydro_newton_step failed to accept
       retry log10(dt/yr), log10(dt), retry_factor     1   675       -6.079010        1.420101        0.500000
 grid1/grid1_000675.png/png
 burst_profile/burst_profile000675.png/png
       retry log10(dt/yr), log10(dt), retry_factor     1   680       -5.692157        1.806955        0.500000
 grid1/grid1_000680.png/png
 burst_profile/burst_profile000680.png/png
       retry log10(dt/yr), log10(dt), retry_factor     1   684       -5.777813        1.721299        0.500000
       retry log10(dt/yr), log10(dt), retry_factor     1   685       -6.144577        1.354534        0.500000
 grid1/grid1_000685.png/png
 burst_profile/burst_profile000685.png/png
       retry log10(dt/yr), log10(dt), retry_factor     1   690       -5.898111        1.601001        0.500000
 grid1/grid1_000690.png/png
 burst_profile/burst_profile000690.png/png
       retry log10(dt/yr), log10(dt), retry_factor     1   692       -6.206967        1.292145        0.500000
       retry log10(dt/yr), log10(dt), retry_factor     2   692       -6.507997        0.991115        0.500000
       retry log10(dt/yr), log10(dt), retry_factor     1   693       -6.905937        0.593175        0.500000
       retry log10(dt/yr), log10(dt), retry_factor     1   694       -7.206967        0.292145        0.500000
       retry log10(dt/yr), log10(dt), retry_factor     2   694       -7.507997       -0.008885        0.500000
 grid1/grid1_000695.png/png
 burst_profile/burst_profile000695.png/png
        700   8.435434  4.637E+06   1.971746   2.147812   1.400000   1.400000   0.000000   0.000000   0.275200   0.068125  13.479495    838    133
  -6.303877   6.702339  -4.792787   1.424255   1.222747  -8.522879   0.000000   0.000000   0.000000   0.020000   0.049603  86.053310      6     22
 8.6044E-04  23.323133   2.032803   1.307083  13.852613  -0.948222   0.000000   0.000000   0.000000   0.000687  8.823E-01  0.790E-11  max increase

 grid1/grid1_000700.png/png
 burst_profile/burst_profile000700.png/png
       retry log10(dt/yr), log10(dt), retry_factor     1   701       -6.604907        0.894205        0.500000
       retry log10(dt/yr), log10(dt), retry_factor     1   703       -6.905937        0.593175        0.500000
       retry log10(dt/yr), log10(dt), retry_factor     1   704       -7.206967        0.292145        0.500000
       retry log10(dt/yr), log10(dt), retry_factor     1   705       -7.507997       -0.008885        0.500000
 grid1/grid1_000705.png/png
 burst_profile/burst_profile000705.png/png
       retry log10(dt/yr), log10(dt), retry_factor     1   707       -7.809027       -0.309915        0.500000
       retry log10(dt/yr), log10(dt), retry_factor     1   710       -8.110057       -0.610945        0.500000
 grid1/grid1_000710.png/png
 burst_profile/burst_profile000710.png/png
       retry log10(dt/yr), log10(dt), retry_factor     1   712       -8.458205       -0.959094        0.500000
 grid1/grid1_000715.png/png
 burst_profile/burst_profile000715.png/png
 grid1/grid1_000720.png/png
 burst_profile/burst_profile000720.png/png
 grid1/grid1_000725.png/png
 burst_profile/burst_profile000725.png/png
 grid1/grid1_000730.png/png
 burst_profile/burst_profile000730.png/png
 grid1/grid1_000735.png/png
 burst_profile/burst_profile000735.png/png
 grid1/grid1_000740.png/png
 burst_profile/burst_profile000740.png/png
       retry log10(dt/yr), log10(dt), retry_factor     1   743       -9.390561       -1.891449        0.500000
 grid1/grid1_000745.png/png
 burst_profile/burst_profile000745.png/png
hydro_newton_step failed to accept
       retry log10(dt/yr), log10(dt), retry_factor     1   749       -9.336793       -1.837682        0.500000
       retry log10(dt/yr), log10(dt), retry_factor     1   750       -9.361645       -1.862534        0.500000
 grid1/grid1_000750.png/png
 burst_profile/burst_profile000750.png/png
 grid1/grid1_000755.png/png
 burst_profile/burst_profile000755.png/png
 grid1/grid1_000760.png/png
 burst_profile/burst_profile000760.png/png
 grid1/grid1_000765.png/png
 burst_profile/burst_profile000765.png/png
 grid1/grid1_000770.png/png
 burst_profile/burst_profile000770.png/png
 grid1/grid1_000775.png/png
 burst_profile/burst_profile000775.png/png
 grid1/grid1_000780.png/png
 burst_profile/burst_profile000780.png/png
 grid1/grid1_000785.png/png
 burst_profile/burst_profile000785.png/png
 grid1/grid1_000790.png/png
 burst_profile/burst_profile000790.png/png
 grid1/grid1_000795.png/png
 burst_profile/burst_profile000795.png/png
        800   8.972586  1.900E+07   3.283125   6.193036   1.400000   1.400000   0.000000   0.000000   0.275969   0.040182   3.152845    886    143
  -7.138533   6.630123  -4.792022   2.791286   3.892476  -8.522879   0.000000   0.000000   0.000000   0.307103   0.029865  23.634331      9     22
 8.6265E-04  23.323317   4.484588   6.192329  14.818899  -0.758701   0.000000   0.000000   0.000000   0.000687  9.300E-01  0.113E-08  max increase

 grid1/grid1_000800.png/png
 burst_profile/burst_profile000800.png/png
 grid1/grid1_000805.png/png
 burst_profile/burst_profile000805.png/png
       retry log10(dt/yr), log10(dt), retry_factor     1   807       -7.737097       -0.237985        0.500000
       retry log10(dt/yr), log10(dt), retry_factor     1   809       -8.231947       -0.732835        0.500000
hydro_newton_step failed to accept
       retry log10(dt/yr), log10(dt), retry_factor     2   809       -8.532977       -1.033865        0.500000
 have reached retry limit so now backup
 grid1/grid1_000810.png/png
 burst_profile/burst_profile000810.png/png
hydro_newton_step failed to accept
       retry log10(dt/yr), log10(dt), retry_factor     1   812       -8.834007       -1.334895        0.500000
       retry log10(dt/yr), log10(dt), retry_factor     2   812       -9.135037       -1.635925        0.500000
 have reached retry limit so now backup
 grid1/grid1_000815.png/png
 burst_profile/burst_profile000815.png/png
       retry log10(dt/yr), log10(dt), retry_factor     1   816       -9.135037       -1.635925        0.500000
 grid1/grid1_000820.png/png
 burst_profile/burst_profile000820.png/png
       retry log10(dt/yr), log10(dt), retry_factor     1   822       -8.532977       -1.033865        0.500000
       retry log10(dt/yr), log10(dt), retry_factor     1   823       -8.834007       -1.334895        0.500000
 grid1/grid1_000825.png/png
 burst_profile/burst_profile000825.png/png
hydro_newton_step failed to accept
       retry log10(dt/yr), log10(dt), retry_factor     1   828       -8.532977       -1.033865        0.500000
 grid1/grid1_000830.png/png
 burst_profile/burst_profile000830.png/png
hydro_newton_step failed to accept
       retry log10(dt/yr), log10(dt), retry_factor     1   832       -8.196929       -0.697817        0.500000
       retry log10(dt/yr), log10(dt), retry_factor     2   832       -8.497959       -0.998847        0.500000
 grid1/grid1_000835.png/png
 burst_profile/burst_profile000835.png/png
       retry log10(dt/yr), log10(dt), retry_factor     1   838       -7.895899       -0.396787        0.500000
 grid1/grid1_000840.png/png
 burst_profile/burst_profile000840.png/png
 grid1/grid1_000845.png/png
 burst_profile/burst_profile000845.png/png
 grid1/grid1_000850.png/png
 burst_profile/burst_profile000850.png/png
 grid1/grid1_000855.png/png
 burst_profile/burst_profile000855.png/png
 grid1/grid1_000860.png/png
 burst_profile/burst_profile000860.png/png
       retry log10(dt/yr), log10(dt), retry_factor     1   865       -7.789056       -0.289944        0.500000
hydro_newton_step failed to accept
       retry log10(dt/yr), log10(dt), retry_factor     2   865       -8.090086       -0.590974        0.500000
 grid1/grid1_000865.png/png
 burst_profile/burst_profile000865.png/png
 grid1/grid1_000870.png/png
 burst_profile/burst_profile000870.png/png
       retry log10(dt/yr), log10(dt), retry_factor     1   871       -7.734878       -0.235766        0.500000
 grid1/grid1_000875.png/png
 burst_profile/burst_profile000875.png/png
       retry log10(dt/yr), log10(dt), retry_factor     1   876       -7.496583        0.002529        0.500000
       retry log10(dt/yr), log10(dt), retry_factor     2   876       -7.797613       -0.298501        0.500000
 have reached retry limit so now backup
 grid1/grid1_000875.png/png
 burst_profile/burst_profile000875.png/png
 grid1/grid1_000880.png/png
 burst_profile/burst_profile000880.png/png
 grid1/grid1_000885.png/png
 burst_profile/burst_profile000885.png/png
 grid1/grid1_000890.png/png
 burst_profile/burst_profile000890.png/png
 grid1/grid1_000895.png/png
 burst_profile/burst_profile000895.png/png
        900   8.587774  5.546E+06   1.191580   1.985835   1.400000   1.400000   0.000000   0.000000   0.275200   0.016739   9.328499    874    160
  -6.436135   6.695844  -4.792845   0.231579   1.585808  -8.522879   0.000000   0.000000   0.000000   0.020000   0.018220  60.292411      6     25
 8.6950E-04  23.324463   2.343847   1.900597  14.041230  -0.839992   0.000000   0.000000   0.000000   0.000687  9.650E-01  0.132E-10      lgT_cntr

 grid1/grid1_000900.png/png
 burst_profile/burst_profile000900.png/png

stop because model_number >= max_model_number
      904      904

        904   8.539476  5.060E+06   1.187466   1.883259   1.400000   1.400000   0.000000   0.000000   0.275200   0.017151  10.504769    878    160
  -6.302964   6.698919  -4.792863  -0.147782   1.478163  -8.522879   0.000000   0.000000   0.000000   0.020000   0.018396  67.543879      6     25
 8.7146E-04  23.324751   2.184389   1.780458  13.947881  -0.892018   0.000000   0.000000   0.000000   0.000687  9.645E-01 -0.195E-12      lgT_cntr

save LOGS/profile5.data for model 904
save photos/x904 for model 904
save abund_profile_r_ru87_ng_ru88_01.data for model 904
 saved to final.mod
termination code: max_model_number
        904   8.539476  5.060E+06   1.187466   1.883259   1.400000   1.400000   0.000000   0.000000   0.275200   0.017151  10.504769    878    160
  -6.302964   6.698919  -4.792863  -0.147782   1.478163  -8.522879   0.000000   0.000000   0.000000   0.020000   0.018396  67.543879      6     25
 8.7146E-04  23.324751   2.184389   1.780458  13.947881  -0.892018   0.000000   0.000000   0.000000   0.000687  9.645E-01 -0.195E-12      lgT_cntr

DATE: 2020-09-03
TIME: 03:01:57
