ls: cannot access './187/photos': No such file or directory
starting from scratch 
                                         version_number       10108
 read /hpc/group/physics/al363/low_overhead/sens/base/inlist_base
 read inlist_cluster
load saved model /hpc/group/physics/al363/sens/base/ns_relax.mod

 change to /hpc/group/physics/al363/sens/base/rp_305.net
                 set special rate factor for r_h2_ng_h3         187    1.0000000000000000D-02
                 set special rate factor for r_h3_gn_h2         188    1.0000000000000000D-02
                 set special rate factor for r_h2_ng_h3         187    1.0000000000000000D-02
                 set special rate factor for r_h3_gn_h2         188    1.0000000000000000D-02
 number of species         305
 read /hpc/group/physics/al363/low_overhead/sens/base/history_custom_low_overhead
 read /hpc/group/physics/al363/low_overhead/sens/base/profile_custom_low_overhead
 net name /hpc/group/physics/al363/sens/base/rp_305.net
 v_flag T
                                           xmstar/mstar    4.5461189430843640D-12
                                             xmstar (g)    1.2660395722219186D+22
                                           M_center (g)    2.7848799999878681D+33
                                            xmstar/Msun    6.3645665203193175D-12
                                          M_center/Msun    1.3999999999939012D+00
                                          R_center (cm)    1.1200000000000000D+06
                                          R_center/Rsun    1.6092416448748527D-05
                                           core density    4.7322078204273819D+14
                                          L_center/Lsun    4.1647144567650578D+00
 kappa_file_prefix gs98
 kappa_lowT_prefix lowT_fa05_gs98

   eos_file_prefix mesa
                                        OMP_NUM_THREADS           8


__________________________________________________________________________________________________________________________________________________

       step    lg_Tcntr    Teff       lg_LH     lg_Lnuc     Mass       H_rich     H_cntr     N_cntr     Y_surf     X_avg     eta_cntr  zones retry
   lg_dt_yr    lg_Dcntr    lg_R       lg_L3a    lg_Lneu     lg_Mdot    He_core    He_cntr    O_cntr     Z_surf     Y_avg     gam_cntr  iters bckup
     age_yr    lg_Pcntr    lg_L       lg_LZ     lg_Psurf    lg_Dsurf   C_core     C_cntr     Ne_cntr    Si_cntr    Z_avg     v_div_cs     dt_limit
__________________________________________________________________________________________________________________________________________________

save LOGS/profile1.data for model 2
         12   8.207068  1.596E+06   0.422373   0.422680   1.400000   1.400000   0.000000   0.000000   0.275200   0.032716  18.782540    782      0
  -5.834864   6.544453  -4.792968 -17.300136  -0.755568  -8.522879   0.000000   0.000000   0.000000   0.020000   0.012436 128.974929      6      0
 9.8181E-06  23.077272   0.179446  -2.727454  12.804639  -1.522785   0.000000   0.000000   0.000000   0.000687  9.548E-01 -0.112E-12      lgT_cntr

save LOGS/profile2.data for model 12
       retry log10(dt/yr), log10(dt), retry_factor     1    34       -5.396128        2.102984        0.500000
       retry log10(dt/yr), log10(dt), retry_factor     1    38       -5.396128        2.102984        0.500000
       retry log10(dt/yr), log10(dt), retry_factor     1    42       -5.396128        2.102984        0.500000
       retry log10(dt/yr), log10(dt), retry_factor     1    46       -5.396128        2.102984        0.500000
       retry log10(dt/yr), log10(dt), retry_factor     1    51       -5.095098        2.404014        0.500000
       retry log10(dt/yr), log10(dt), retry_factor     1    52       -5.095098        2.404014        0.500000
       retry log10(dt/yr), log10(dt), retry_factor     1    56       -5.095098        2.404014        0.500000
       retry log10(dt/yr), log10(dt), retry_factor     2    56       -5.396128        2.102984        0.500000
       retry log10(dt/yr), log10(dt), retry_factor     1    60       -5.396128        2.102984        0.500000
       retry log10(dt/yr), log10(dt), retry_factor     1    61       -5.697158        1.801954        0.500000
       retry log10(dt/yr), log10(dt), retry_factor     1    62       -5.998188        1.500924        0.500000
       retry log10(dt/yr), log10(dt), retry_factor     1    64       -6.299218        1.199894        0.500000
       retry log10(dt/yr), log10(dt), retry_factor     1    65       -6.600248        0.898864        0.500000
       retry log10(dt/yr), log10(dt), retry_factor     1    66       -6.901278        0.597834        0.500000
       retry log10(dt/yr), log10(dt), retry_factor     1    68       -7.202308        0.296804        0.500000
       retry log10(dt/yr), log10(dt), retry_factor     1    71       -7.503338       -0.004226        0.500000
       retry log10(dt/yr), log10(dt), retry_factor     1    72       -7.804368       -0.305256        0.500000
       retry log10(dt/yr), log10(dt), retry_factor     1    73       -8.105398       -0.606286        0.500000
       retry log10(dt/yr), log10(dt), retry_factor     1    78       -8.621682       -1.122571        0.500000
       retry log10(dt/yr), log10(dt), retry_factor     1   149       -9.099960       -1.600848        0.500000
       retry log10(dt/yr), log10(dt), retry_factor     1   150       -9.400990       -1.901878        0.500000
       retry log10(dt/yr), log10(dt), retry_factor     1   158       -8.978104       -1.478993        0.500000
       retry log10(dt/yr), log10(dt), retry_factor     1   168       -8.642688       -1.143576        0.500000
       retry log10(dt/yr), log10(dt), retry_factor     1   178       -8.823255       -1.324144        0.500000
       retry log10(dt/yr), log10(dt), retry_factor     1   193       -7.345109        0.154002        0.500000
       retry log10(dt/yr), log10(dt), retry_factor     1   199       -7.692716       -0.193605        0.500000
       retry log10(dt/yr), log10(dt), retry_factor     2   199       -7.993746       -0.494635        0.500000
 have reached retry limit so now backup
       retry log10(dt/yr), log10(dt), retry_factor     1   203       -8.458469       -0.959358        0.500000
       retry log10(dt/yr), log10(dt), retry_factor     1   237       -7.689275       -0.190163        0.500000
       retry log10(dt/yr), log10(dt), retry_factor     2   237       -7.990305       -0.491193        0.500000
       retry log10(dt/yr), log10(dt), retry_factor     1   243       -7.752038       -0.252926        0.500000
       retry log10(dt/yr), log10(dt), retry_factor     2   243       -8.053068       -0.553956        0.500000
       retry log10(dt/yr), log10(dt), retry_factor     1   251       -7.543363       -0.044251        0.500000
       retry log10(dt/yr), log10(dt), retry_factor     2   251       -7.844393       -0.345281        0.500000
 have reached retry limit so now backup
       retry log10(dt/yr), log10(dt), retry_factor     1   260       -7.628995       -0.129883        0.500000
       retry log10(dt/yr), log10(dt), retry_factor     1   298       -5.812170        1.686941        0.500000
       retry log10(dt/yr), log10(dt), retry_factor     1   304       -5.509391        1.989721        0.500000
       retry log10(dt/yr), log10(dt), retry_factor     2   304       -5.810421        1.688691        0.500000
       retry log10(dt/yr), log10(dt), retry_factor     1   305       -6.111451        1.387661        0.500000
       retry log10(dt/yr), log10(dt), retry_factor     1   317       -5.302915        2.196197        0.500000
       retry log10(dt/yr), log10(dt), retry_factor     2   317       -5.603945        1.895167        0.500000
       retry log10(dt/yr), log10(dt), retry_factor     1   322       -5.455937        2.043174        0.500000
       retry log10(dt/yr), log10(dt), retry_factor     1   326       -5.598648        1.900464        0.500000
       retry log10(dt/yr), log10(dt), retry_factor     1   331       -5.576521        1.922590        0.500000
       retry log10(dt/yr), log10(dt), retry_factor     2   331       -5.877551        1.621560        0.500000
hydro_newton_step failed to accept
       retry log10(dt/yr), log10(dt), retry_factor     1   332       -6.217457        1.281654        0.500000
       retry log10(dt/yr), log10(dt), retry_factor     1   333       -6.518487        0.980624        0.500000
       retry log10(dt/yr), log10(dt), retry_factor     1   334       -6.819517        0.679594        0.500000
hydro_newton_step failed to accept
       retry log10(dt/yr), log10(dt), retry_factor     1   340       -6.326165        1.172947        0.500000
       retry log10(dt/yr), log10(dt), retry_factor     1   341       -6.336864        1.162247        0.500000
       retry log10(dt/yr), log10(dt), retry_factor     1   347       -5.734804        1.764307        0.500000
hydro_newton_step failed to accept
       retry log10(dt/yr), log10(dt), retry_factor     1   349       -6.132744        1.366367        0.500000
hydro_newton_step failed to accept
       retry log10(dt/yr), log10(dt), retry_factor     2   349       -6.433774        1.065337        0.500000
       retry log10(dt/yr), log10(dt), retry_factor     1   353       -5.977914        1.521197        0.500000
hydro_newton_step failed to accept
       retry log10(dt/yr), log10(dt), retry_factor     1   354       -6.278944        1.220167        0.500000
        354   8.430389  4.451E+06   1.920985   2.026061   1.400000   1.400000   0.000000   0.000000   0.275200   0.078573  12.080209    772     55
  -5.977914   6.606787  -4.792689   1.114394   1.111815  -8.522879   0.000000   0.000000   0.000000   0.020000   0.056028  80.902507      6      2
 5.8296E-04  23.180643   1.961810   0.991475  13.806603  -0.976000   0.000000   0.000000   0.000000   0.000687  8.654E-01  0.814E-14         retry

save LOGS/profile3.data for model 354
hydro_newton_step failed to accept
       retry log10(dt/yr), log10(dt), retry_factor     1   357       -6.676884        0.822227        0.500000
hydro_newton_step failed to accept
       retry log10(dt/yr), log10(dt), retry_factor     2   357       -6.977914        0.521197        0.500000
 have reached retry limit so now backup
hydro_newton_step failed to accept
       retry log10(dt/yr), log10(dt), retry_factor     1   361       -7.089896        0.409216        0.500000
hydro_newton_step failed to accept
       retry log10(dt/yr), log10(dt), retry_factor     1   363       -7.008077        0.491035        0.500000
       retry log10(dt/yr), log10(dt), retry_factor     1   364       -7.078040        0.421072        0.500000
       retry log10(dt/yr), log10(dt), retry_factor     2   364       -7.379070        0.120042        0.500000
       retry log10(dt/yr), log10(dt), retry_factor     1   369       -7.078040        0.421072        0.500000
       retry log10(dt/yr), log10(dt), retry_factor     1   371       -7.379070        0.120042        0.500000
       retry log10(dt/yr), log10(dt), retry_factor     1   373       -7.680100       -0.180988        0.500000
       retry log10(dt/yr), log10(dt), retry_factor     1   377       -7.864895       -0.365783        0.500000
       retry log10(dt/yr), log10(dt), retry_factor     1   378       -8.262835       -0.763723        0.500000
       retry log10(dt/yr), log10(dt), retry_factor     1   379       -8.563865       -1.064753        0.500000
       retry log10(dt/yr), log10(dt), retry_factor     1   385       -8.625032       -1.125920        0.500000
hydro_newton_step failed to accept
       retry log10(dt/yr), log10(dt), retry_factor     1   414       -9.253751       -1.754639        0.500000
       retry log10(dt/yr), log10(dt), retry_factor     1   473       -7.716711       -0.217599        0.500000
       retry log10(dt/yr), log10(dt), retry_factor     2   473       -8.017741       -0.518629        0.500000
 have reached retry limit so now backup
hydro_newton_step failed to accept
       retry log10(dt/yr), log10(dt), retry_factor     1   477       -8.221920       -0.722809        0.500000
hydro_newton_step failed to accept
       retry log10(dt/yr), log10(dt), retry_factor     2   477       -8.522950       -1.023839        0.500000
hydro_newton_step failed to accept
       retry log10(dt/yr), log10(dt), retry_factor     1   478       -8.522950       -1.023839        0.500000
       retry log10(dt/yr), log10(dt), retry_factor     1   481       -7.961748       -0.462636        0.500000
       retry log10(dt/yr), log10(dt), retry_factor     2   481       -8.262778       -0.763666        0.500000
       retry log10(dt/yr), log10(dt), retry_factor     1   487       -7.660718       -0.161606        0.500000
       retry log10(dt/yr), log10(dt), retry_factor     1   488       -7.961748       -0.462636        0.500000
 bad other yaxis for History panels plot num_zones

 ERROR: failed to find log_Teff in history data

 grid1/grid1_000500.png/png
       retry log10(dt/yr), log10(dt), retry_factor     1   515       -7.643527       -0.144416        0.500000
       retry log10(dt/yr), log10(dt), retry_factor     2   515       -7.944557       -0.445446        0.500000
 have reached retry limit so now backup
hydro_newton_step failed to accept
       retry log10(dt/yr), log10(dt), retry_factor     1   523       -7.523726       -0.024615        0.500000
       retry log10(dt/yr), log10(dt), retry_factor     2   523       -7.824756       -0.325645        0.500000
 have reached retry limit so now backup
hydro_newton_step failed to accept
       retry log10(dt/yr), log10(dt), retry_factor     1   530       -7.484306        0.014805        0.500000
       retry log10(dt/yr), log10(dt), retry_factor     1   538       -7.371912        0.127199        0.500000
       retry log10(dt/yr), log10(dt), retry_factor     2   538       -7.672942       -0.173831        0.500000
       retry log10(dt/yr), log10(dt), retry_factor     1   576       -5.185644        2.313468        0.500000
       retry log10(dt/yr), log10(dt), retry_factor     2   576       -5.486674        2.012438        0.500000
       retry log10(dt/yr), log10(dt), retry_factor     1   581       -5.265316        2.233795        0.500000
       retry log10(dt/yr), log10(dt), retry_factor     1   582       -5.566346        1.932765        0.500000
       retry log10(dt/yr), log10(dt), retry_factor     1   583       -5.867376        1.631736        0.500000
       retry log10(dt/yr), log10(dt), retry_factor     1   590       -5.207616        2.291495        0.500000
       retry log10(dt/yr), log10(dt), retry_factor     1   591       -5.508646        1.990465        0.500000
       retry log10(dt/yr), log10(dt), retry_factor     1   592       -5.906586        1.592525        0.500000
       retry log10(dt/yr), log10(dt), retry_factor     1   599       -5.358968        2.140144        0.500000
       retry log10(dt/yr), log10(dt), retry_factor     1   600       -5.659998        1.839114        0.500000
       retry log10(dt/yr), log10(dt), retry_factor     2   600       -5.961028        1.538084        0.500000
 have reached retry limit so now backup
       retry log10(dt/yr), log10(dt), retry_factor     1   603       -6.262058        1.237054        0.500000
       retry log10(dt/yr), log10(dt), retry_factor     1   610       -5.544513        1.954599        0.500000
       retry log10(dt/yr), log10(dt), retry_factor     1   611       -5.942453        1.556659        0.500000
hydro_newton_step failed to accept
       retry log10(dt/yr), log10(dt), retry_factor     1   616       -5.836725        1.662386        0.500000
       retry log10(dt/yr), log10(dt), retry_factor     1   617       -5.836725        1.662386        0.500000
       retry log10(dt/yr), log10(dt), retry_factor     1   619       -6.137755        1.361356        0.500000
hydro_newton_step failed to accept
       retry log10(dt/yr), log10(dt), retry_factor     2   619       -6.438785        1.060326        0.500000
       retry log10(dt/yr), log10(dt), retry_factor     1   621       -6.741957        0.757155        0.500000
       retry log10(dt/yr), log10(dt), retry_factor     2   621       -7.042987        0.456125        0.500000
       retry log10(dt/yr), log10(dt), retry_factor     1   627       -6.627511        0.871600        0.500000
       retry log10(dt/yr), log10(dt), retry_factor     2   627       -6.928541        0.570570        0.500000
       retry log10(dt/yr), log10(dt), retry_factor     1   628       -7.229571        0.269540        0.500000
       retry log10(dt/yr), log10(dt), retry_factor     1   630       -7.530601       -0.031490        0.500000
       retry log10(dt/yr), log10(dt), retry_factor     1   632       -7.831631       -0.332520        0.500000
       retry log10(dt/yr), log10(dt), retry_factor     1   635       -8.132661       -0.633550        0.500000
       retry log10(dt/yr), log10(dt), retry_factor     1   636       -8.527966       -1.028855        0.500000
       retry log10(dt/yr), log10(dt), retry_factor     1   640       -8.660403       -1.161291        0.500000
hydro_newton_step failed to accept
       retry log10(dt/yr), log10(dt), retry_factor     2   640       -8.961433       -1.462321        0.500000
       retry log10(dt/yr), log10(dt), retry_factor     1   680       -9.301217       -1.802106        0.500000
       retry log10(dt/yr), log10(dt), retry_factor     1   732       -7.394292        0.104819        0.500000
       retry log10(dt/yr), log10(dt), retry_factor     2   732       -7.695322       -0.196211        0.500000
 have reached retry limit so now backup
       retry log10(dt/yr), log10(dt), retry_factor     1   732       -7.996352       -0.497241        0.500000
       retry log10(dt/yr), log10(dt), retry_factor     2   732       -8.297382       -0.798271        0.500000
 have reached retry limit so now backup
       retry log10(dt/yr), log10(dt), retry_factor     1   735       -8.598412       -1.099301        0.500000
       retry log10(dt/yr), log10(dt), retry_factor     2   735       -8.899442       -1.400331        0.500000
 have reached retry limit so now backup
       retry log10(dt/yr), log10(dt), retry_factor     1   736       -9.200472       -1.701361        0.500000
       retry log10(dt/yr), log10(dt), retry_factor     2   736       -9.501502       -2.002391        0.500000
 have reached retry limit so now backup
       retry log10(dt/yr), log10(dt), retry_factor     1   737       -9.802532       -2.303421        0.500000
       retry log10(dt/yr), log10(dt), retry_factor     2   737      -10.103562       -2.604451        0.500000
 have reached retry limit so now backup
       retry log10(dt/yr), log10(dt), retry_factor     1   737      -10.404592       -2.905481        0.500000
       retry log10(dt/yr), log10(dt), retry_factor     2   737      -10.705622       -3.206511        0.500000
 have reached retry limit so now backup
       retry log10(dt/yr), log10(dt), retry_factor     1   755       -7.534361       -0.035249        0.500000
       retry log10(dt/yr), log10(dt), retry_factor     2   755       -7.835391       -0.336279        0.500000
 have reached retry limit so now backup
hydro_newton_step failed to accept
       retry log10(dt/yr), log10(dt), retry_factor     1   759       -8.446673       -0.947562        0.500000
hydro_newton_step failed to accept
       retry log10(dt/yr), log10(dt), retry_factor     1   760       -8.446673       -0.947562        0.500000
       retry log10(dt/yr), log10(dt), retry_factor     1   765       -8.146282       -0.647171        0.500000
hydro_newton_step failed to accept
       retry log10(dt/yr), log10(dt), retry_factor     1   793       -7.697185       -0.198074        0.500000
       retry log10(dt/yr), log10(dt), retry_factor     2   793       -7.998215       -0.499104        0.500000
hydro_newton_step failed to accept
       retry log10(dt/yr), log10(dt), retry_factor     1   806       -7.526936       -0.027824        0.500000
       retry log10(dt/yr), log10(dt), retry_factor     2   806       -7.827966       -0.328854        0.500000
 have reached retry limit so now backup
       retry log10(dt/yr), log10(dt), retry_factor     1   813       -7.545247       -0.046135        0.500000
       retry log10(dt/yr), log10(dt), retry_factor     2   813       -7.846277       -0.347165        0.500000
       retry log10(dt/yr), log10(dt), retry_factor     1   829       -7.217616        0.281496        0.500000
hydro_newton_step failed to accept
       retry log10(dt/yr), log10(dt), retry_factor     2   829       -7.518646       -0.019534        0.500000
       retry log10(dt/yr), log10(dt), retry_factor     1   862       -5.323445        2.175667        0.500000
       retry log10(dt/yr), log10(dt), retry_factor     2   862       -5.624475        1.874637        0.500000
 have reached retry limit so now backup
       retry log10(dt/yr), log10(dt), retry_factor     1   868       -5.376680        2.122432        0.500000
       retry log10(dt/yr), log10(dt), retry_factor     2   868       -5.677710        1.821402        0.500000
 have reached retry limit so now backup
       retry log10(dt/yr), log10(dt), retry_factor     1   873       -5.543749        1.955362        0.500000
       retry log10(dt/yr), log10(dt), retry_factor     1   874       -5.941689        1.557422        0.500000
       retry log10(dt/yr), log10(dt), retry_factor     1   880       -5.392801        2.106310        0.500000
       retry log10(dt/yr), log10(dt), retry_factor     1   882       -5.693831        1.805280        0.500000
       retry log10(dt/yr), log10(dt), retry_factor     2   882       -5.994861        1.504250        0.500000
 have reached retry limit so now backup
       retry log10(dt/yr), log10(dt), retry_factor     1   885       -6.295891        1.203220        0.500000
       retry log10(dt/yr), log10(dt), retry_factor     2   885       -6.596921        0.902190        0.500000
       retry log10(dt/yr), log10(dt), retry_factor     1   893       -5.521032        1.978079        0.500000
       retry log10(dt/yr), log10(dt), retry_factor     1   898       -5.607297        1.891815        0.500000
       retry log10(dt/yr), log10(dt), retry_factor     2   898       -5.908327        1.590785        0.500000
 have reached retry limit so now backup
       retry log10(dt/yr), log10(dt), retry_factor     1   901       -6.209357        1.289755        0.500000
       retry log10(dt/yr), log10(dt), retry_factor     1   902       -6.510387        0.988725        0.500000
       retry log10(dt/yr), log10(dt), retry_factor     1   910       -5.623764        1.875348        0.500000
       retry log10(dt/yr), log10(dt), retry_factor     2   910       -5.924794        1.574318        0.500000
       retry log10(dt/yr), log10(dt), retry_factor     1   911       -6.285350        1.213761        0.500000
       retry log10(dt/yr), log10(dt), retry_factor     2   911       -6.586380        0.912731        0.500000
       retry log10(dt/yr), log10(dt), retry_factor     1   912       -6.887410        0.611701        0.500000
       retry log10(dt/yr), log10(dt), retry_factor     1   921       -5.661071        1.838041        0.500000
hydro_newton_step failed to accept
       retry log10(dt/yr), log10(dt), retry_factor     2   921       -5.962101        1.537011        0.500000
       retry log10(dt/yr), log10(dt), retry_factor     1   926       -5.864355        1.634757        0.500000
       retry log10(dt/yr), log10(dt), retry_factor     1   927       -6.219440        1.279671        0.500000
       retry log10(dt/yr), log10(dt), retry_factor     1   931       -6.281511        1.217601        0.500000
       retry log10(dt/yr), log10(dt), retry_factor     1   932       -6.582541        0.916571        0.500000
       retry log10(dt/yr), log10(dt), retry_factor     1   933       -6.962882        0.536230        0.500000
       retry log10(dt/yr), log10(dt), retry_factor     1   937       -7.044460        0.454651        0.500000
       retry log10(dt/yr), log10(dt), retry_factor     1   938       -7.345490        0.153621        0.500000
hydro_newton_step failed to accept
       retry log10(dt/yr), log10(dt), retry_factor     2   938       -7.646520       -0.147409        0.500000
       retry log10(dt/yr), log10(dt), retry_factor     1   942       -7.646520       -0.147409        0.500000
       retry log10(dt/yr), log10(dt), retry_factor     2   942       -7.947550       -0.448439        0.500000
       retry log10(dt/yr), log10(dt), retry_factor     1   943       -8.248580       -0.749469        0.500000
       retry log10(dt/yr), log10(dt), retry_factor     1   983       -9.210789       -1.711677        0.500000
hydro_newton_step failed to accept
       retry log10(dt/yr), log10(dt), retry_factor     2   983       -9.511819       -2.012707        0.500000
hydro_newton_step failed to accept
       retry log10(dt/yr), log10(dt), retry_factor     1   988       -9.210789       -1.711677        0.500000
       retry log10(dt/yr), log10(dt), retry_factor     1   989       -9.308572       -1.809460        0.500000
       1000   8.459089  1.713E+07   3.458565   6.577127   1.400000   1.400000   0.000000   0.000000   0.275200   0.058852  12.055758    945    178
  -7.983658   6.658006  -4.791288   3.023348   4.033031  -8.522879   0.000000   0.000000   0.000000   0.020000   0.040980  78.765349      7     19
 1.1161E-03  23.258647   4.305477   6.576675  14.704658  -0.900119   0.000000   0.000000   0.000000   0.000687  9.002E-01 -0.626E-10    varcontrol

save LOGS/profile4.data for model 1000
save photos/1000 for model 1000
 bad other yaxis for History panels plot num_zones

 ERROR: failed to find log_Teff in history data

 grid1/grid1_001000.png/png
       retry log10(dt/yr), log10(dt), retry_factor     1  1044       -7.257249        0.241862        0.500000
hydro_newton_step failed to accept
       retry log10(dt/yr), log10(dt), retry_factor     2  1044       -7.558279       -0.059168        0.500000
 have reached retry limit so now backup
       retry log10(dt/yr), log10(dt), retry_factor     1  1050       -7.855123       -0.356011        0.500000
       retry log10(dt/yr), log10(dt), retry_factor     2  1050       -8.156153       -0.657041        0.500000
 have reached retry limit so now backup
hydro_newton_step failed to accept
       retry log10(dt/yr), log10(dt), retry_factor     1  1053       -8.601789       -1.102677        0.500000
       retry log10(dt/yr), log10(dt), retry_factor     1  1054       -8.601789       -1.102677        0.500000
       retry log10(dt/yr), log10(dt), retry_factor     1  1061       -7.858538       -0.359427        0.500000
       retry log10(dt/yr), log10(dt), retry_factor     1  1062       -8.242762       -0.743651        0.500000
hydro_newton_step failed to accept
       retry log10(dt/yr), log10(dt), retry_factor     2  1062       -8.543792       -1.044681        0.500000
       retry log10(dt/yr), log10(dt), retry_factor     1  1103       -7.421962        0.077150        0.500000
       retry log10(dt/yr), log10(dt), retry_factor     1  1104       -7.722992       -0.223880        0.500000
       retry log10(dt/yr), log10(dt), retry_factor     2  1104       -8.024022       -0.524910        0.500000
 have reached retry limit so now backup
       retry log10(dt/yr), log10(dt), retry_factor     1  1153       -5.483410        2.015702        0.500000
       retry log10(dt/yr), log10(dt), retry_factor     1  1155       -5.811527        1.687584        0.500000
       retry log10(dt/yr), log10(dt), retry_factor     2  1155       -6.112557        1.386554        0.500000
       retry log10(dt/yr), log10(dt), retry_factor     1  1156       -6.413587        1.085524        0.500000
       retry log10(dt/yr), log10(dt), retry_factor     1  1164       -5.537394        1.961718        0.500000
       retry log10(dt/yr), log10(dt), retry_factor     2  1164       -5.838424        1.660688        0.500000
 have reached retry limit so now backup
       retry log10(dt/yr), log10(dt), retry_factor     1  1167       -6.139454        1.359658        0.500000
       retry log10(dt/yr), log10(dt), retry_factor     1  1170       -6.440484        1.058628        0.500000
       retry log10(dt/yr), log10(dt), retry_factor     1  1178       -5.473844        2.025267        0.500000
       retry log10(dt/yr), log10(dt), retry_factor     1  1182       -5.473844        2.025267        0.500000
       retry log10(dt/yr), log10(dt), retry_factor     1  1183       -5.774874        1.724237        0.500000
       retry log10(dt/yr), log10(dt), retry_factor     1  1184       -6.092263        1.406849        0.500000
       retry log10(dt/yr), log10(dt), retry_factor     1  1191       -5.441980        2.057132        0.500000
hydro_newton_step failed to accept
       retry log10(dt/yr), log10(dt), retry_factor     1  1195       -5.839920        1.659192        0.500000
       retry log10(dt/yr), log10(dt), retry_factor     1  1196       -6.182219        1.316893        0.500000
       retry log10(dt/yr), log10(dt), retry_factor     2  1196       -6.483249        1.015863        0.500000
       retry log10(dt/yr), log10(dt), retry_factor     1  1197       -6.784279        0.714833        0.500000
       retry log10(dt/yr), log10(dt), retry_factor     1  1205       -5.580159        1.918953        0.500000
       retry log10(dt/yr), log10(dt), retry_factor     1  1206       -5.881189        1.617923        0.500000
hydro_newton_step failed to accept
       retry log10(dt/yr), log10(dt), retry_factor     1  1207       -6.279129        1.219982        0.500000
       retry log10(dt/yr), log10(dt), retry_factor     1  1208       -6.580159        0.918953        0.500000
       retry log10(dt/yr), log10(dt), retry_factor     2  1208       -6.881189        0.617923        0.500000
       retry log10(dt/yr), log10(dt), retry_factor     1  1216       -5.858963        1.640148        0.500000
hydro_newton_step failed to accept
       retry log10(dt/yr), log10(dt), retry_factor     1  1217       -6.256903        1.242208        0.500000
       retry log10(dt/yr), log10(dt), retry_factor     1  1221       -6.154225        1.344887        0.500000
       retry log10(dt/yr), log10(dt), retry_factor     2  1221       -6.455255        1.043857        0.500000
       retry log10(dt/yr), log10(dt), retry_factor     1  1223       -6.756285        0.742827        0.500000
       retry log10(dt/yr), log10(dt), retry_factor     1  1224       -7.070176        0.428936        0.500000
       retry log10(dt/yr), log10(dt), retry_factor     1  1226       -7.395247        0.103865        0.500000
       retry log10(dt/yr), log10(dt), retry_factor     2  1226       -7.696277       -0.197165        0.500000
       retry log10(dt/yr), log10(dt), retry_factor     1  1231       -7.395247        0.103865        0.500000
       retry log10(dt/yr), log10(dt), retry_factor     2  1231       -7.696277       -0.197165        0.500000
       retry log10(dt/yr), log10(dt), retry_factor     1  1235       -8.016241       -0.517129        0.500000
       retry log10(dt/yr), log10(dt), retry_factor     1  1236       -8.414181       -0.915069        0.500000
       retry log10(dt/yr), log10(dt), retry_factor     1  1324       -7.514784       -0.015672        0.500000
       retry log10(dt/yr), log10(dt), retry_factor     2  1324       -7.815814       -0.316702        0.500000
 have reached retry limit so now backup
       retry log10(dt/yr), log10(dt), retry_factor     1  1328       -8.377653       -0.878541        0.500000
hydro_newton_step failed to accept
       retry log10(dt/yr), log10(dt), retry_factor     1  1329       -8.678683       -1.179571        0.500000
       retry log10(dt/yr), log10(dt), retry_factor     1  1333       -8.377653       -0.878541        0.500000
       retry log10(dt/yr), log10(dt), retry_factor     2  1333       -8.678683       -1.179571        0.500000
 have reached retry limit so now backup
       retry log10(dt/yr), log10(dt), retry_factor     1  1370       -7.430676        0.068435        0.500000
       retry log10(dt/yr), log10(dt), retry_factor     2  1370       -7.731706       -0.232595        0.500000
 have reached retry limit so now backup
       retry log10(dt/yr), log10(dt), retry_factor     1  1376       -7.630818       -0.131706        0.500000
       retry log10(dt/yr), log10(dt), retry_factor     2  1376       -7.931848       -0.432736        0.500000
 have reached retry limit so now backup
       retry log10(dt/yr), log10(dt), retry_factor     1  1419       -6.315615        1.183497        0.500000
       retry log10(dt/yr), log10(dt), retry_factor     1  1428       -6.055890        1.443222        0.500000
       retry log10(dt/yr), log10(dt), retry_factor     1  1429       -6.356920        1.142192        0.500000
       retry log10(dt/yr), log10(dt), retry_factor     1  1436       -5.675299        1.823813        0.500000
       retry log10(dt/yr), log10(dt), retry_factor     1  1441       -5.589360        1.909751        0.500000
       retry log10(dt/yr), log10(dt), retry_factor     2  1441       -5.890390        1.608721        0.500000
       retry log10(dt/yr), log10(dt), retry_factor     1  1442       -6.212199        1.286913        0.500000
       retry log10(dt/yr), log10(dt), retry_factor     2  1442       -6.513229        0.985883        0.500000
       retry log10(dt/yr), log10(dt), retry_factor     1  1451       -5.276835        2.222276        0.500000
       retry log10(dt/yr), log10(dt), retry_factor     2  1451       -5.577865        1.921246        0.500000
 have reached retry limit so now backup
       retry log10(dt/yr), log10(dt), retry_factor     1  1453       -5.878895        1.620216        0.500000
hydro_newton_step failed to accept
       retry log10(dt/yr), log10(dt), retry_factor     2  1453       -6.179925        1.319186        0.500000
       retry log10(dt/yr), log10(dt), retry_factor     1  1460       -5.410207        2.088905        0.500000
       retry log10(dt/yr), log10(dt), retry_factor     1  1465       -5.418779        2.080333        0.500000
       retry log10(dt/yr), log10(dt), retry_factor     1  1468       -5.719809        1.779303        0.500000
       retry log10(dt/yr), log10(dt), retry_factor     1  1473       -5.663125        1.835986        0.500000
hydro_newton_step failed to accept
       retry log10(dt/yr), log10(dt), retry_factor     1  1474       -6.061065        1.438046        0.500000
hydro_newton_step failed to accept
       retry log10(dt/yr), log10(dt), retry_factor     2  1474       -6.362095        1.137016        0.500000
       retry log10(dt/yr), log10(dt), retry_factor     1  1475       -6.705005        0.794106        0.500000
       retry log10(dt/yr), log10(dt), retry_factor     1  1476       -7.006035        0.493076        0.500000
       retry log10(dt/yr), log10(dt), retry_factor     1  1485       -5.818058        1.681054        0.500000
       retry log10(dt/yr), log10(dt), retry_factor     2  1485       -6.119088        1.380024        0.500000
       retry log10(dt/yr), log10(dt), retry_factor     1  1486       -6.517028        0.982084        0.500000
       retry log10(dt/yr), log10(dt), retry_factor     1  1491       -6.215998        1.283114        0.500000
       retry log10(dt/yr), log10(dt), retry_factor     1  1493       -6.517028        0.982084        0.500000
       retry log10(dt/yr), log10(dt), retry_factor     1  1495       -6.847011        0.652101        0.500000
       retry log10(dt/yr), log10(dt), retry_factor     2  1495       -7.148041        0.351071        0.500000
 have reached retry limit so now backup
       retry log10(dt/yr), log10(dt), retry_factor     1  1498       -7.449071        0.050041        0.500000
 bad other yaxis for History panels plot num_zones

 ERROR: failed to find log_Teff in history data

 grid1/grid1_001500.png/png
       retry log10(dt/yr), log10(dt), retry_factor     1  1504       -6.847011        0.652101        0.500000
       retry log10(dt/yr), log10(dt), retry_factor     2  1504       -7.148041        0.351071        0.500000
       retry log10(dt/yr), log10(dt), retry_factor     1  1506       -7.449071        0.050041        0.500000
       retry log10(dt/yr), log10(dt), retry_factor     1  1509       -7.750101       -0.250989        0.500000
       retry log10(dt/yr), log10(dt), retry_factor     1  1510       -8.051131       -0.552019        0.500000
       retry log10(dt/yr), log10(dt), retry_factor     1  1511       -8.352161       -0.853049        0.500000
       retry log10(dt/yr), log10(dt), retry_factor     1  1546       -9.295778       -1.796666        0.500000
       retry log10(dt/yr), log10(dt), retry_factor     1  1608       -7.196690        0.302422        0.500000
       retry log10(dt/yr), log10(dt), retry_factor     1  1610       -7.691540       -0.192428        0.500000
hydro_newton_step failed to accept
       retry log10(dt/yr), log10(dt), retry_factor     2  1610       -7.992570       -0.493458        0.500000
       retry log10(dt/yr), log10(dt), retry_factor     1  1613       -8.454818       -0.955707        0.500000
       retry log10(dt/yr), log10(dt), retry_factor     1  1622       -8.044594       -0.545483        0.500000
       retry log10(dt/yr), log10(dt), retry_factor     1  1629       -7.987402       -0.488290        0.500000
       retry log10(dt/yr), log10(dt), retry_factor     1  1659       -7.661050       -0.161939        0.500000
       retry log10(dt/yr), log10(dt), retry_factor     2  1659       -7.962080       -0.462969        0.500000
 have reached retry limit so now backup
       retry log10(dt/yr), log10(dt), retry_factor     1  1666       -7.563072       -0.063960        0.500000
       retry log10(dt/yr), log10(dt), retry_factor     2  1666       -7.864102       -0.364990        0.500000
 have reached retry limit so now backup
       retry log10(dt/yr), log10(dt), retry_factor     1  1676       -7.563127       -0.064015        0.500000
       retry log10(dt/yr), log10(dt), retry_factor     2  1676       -7.864157       -0.365045        0.500000
 have reached retry limit so now backup
       retry log10(dt/yr), log10(dt), retry_factor     1  1719       -5.550807        1.948304        0.500000
hydro_newton_step failed to accept
       retry log10(dt/yr), log10(dt), retry_factor     2  1719       -5.851837        1.647274        0.500000
 have reached retry limit so now backup
       retry log10(dt/yr), log10(dt), retry_factor     1  1724       -5.686765        1.812347        0.500000
       retry log10(dt/yr), log10(dt), retry_factor     1  1729       -5.635136        1.863976        0.500000
       retry log10(dt/yr), log10(dt), retry_factor     1  1730       -5.936166        1.562946        0.500000
       retry log10(dt/yr), log10(dt), retry_factor     2  1730       -6.237196        1.261916        0.500000
       retry log10(dt/yr), log10(dt), retry_factor     1  1739       -5.350873        2.148239        0.500000
       retry log10(dt/yr), log10(dt), retry_factor     1  1740       -5.724532        1.774579        0.500000
       retry log10(dt/yr), log10(dt), retry_factor     1  1741       -6.122472        1.376639        0.500000
       retry log10(dt/yr), log10(dt), retry_factor     1  1742       -6.423502        1.075609        0.500000
       retry log10(dt/yr), log10(dt), retry_factor     1  1747       -6.122472        1.376639        0.500000
       retry log10(dt/yr), log10(dt), retry_factor     1  1754       -5.474329        2.024783        0.500000
       retry log10(dt/yr), log10(dt), retry_factor     1  1757       -5.872269        1.626843        0.500000
       retry log10(dt/yr), log10(dt), retry_factor     1  1763       -5.630749        1.868362        0.500000
       retry log10(dt/yr), log10(dt), retry_factor     2  1763       -5.931779        1.567332        0.500000
hydro_newton_step failed to accept
       retry log10(dt/yr), log10(dt), retry_factor     1  1764       -6.329719        1.169392        0.500000
       retry log10(dt/yr), log10(dt), retry_factor     1  1765       -6.630749        0.868362        0.500000
       retry log10(dt/yr), log10(dt), retry_factor     1  1766       -6.931779        0.567332        0.500000
       retry log10(dt/yr), log10(dt), retry_factor     1  1775       -5.618512        1.880600        0.500000
hydro_newton_step failed to accept
       retry log10(dt/yr), log10(dt), retry_factor     1  1776       -6.016452        1.482660        0.500000
hydro_newton_step failed to accept
       retry log10(dt/yr), log10(dt), retry_factor     2  1776       -6.317482        1.181630        0.500000
       retry log10(dt/yr), log10(dt), retry_factor     1  1781       -5.808515        1.690597        0.500000
       retry log10(dt/yr), log10(dt), retry_factor     1  1783       -6.109545        1.389567        0.500000
hydro_newton_step failed to accept
       retry log10(dt/yr), log10(dt), retry_factor     1  1784       -6.507485        0.991627        0.500000
       retry log10(dt/yr), log10(dt), retry_factor     2  1784       -6.808515        0.690597        0.500000
       retry log10(dt/yr), log10(dt), retry_factor     1  1790       -6.485016        1.014096        0.500000
hydro_newton_step failed to accept
       retry log10(dt/yr), log10(dt), retry_factor     2  1790       -6.786046        0.713066        0.500000
       retry log10(dt/yr), log10(dt), retry_factor     1  1794       -6.856412        0.642700        0.500000
       retry log10(dt/yr), log10(dt), retry_factor     1  1795       -7.157442        0.341670        0.500000
       retry log10(dt/yr), log10(dt), retry_factor     1  1797       -7.458472        0.040640        0.500000
       retry log10(dt/yr), log10(dt), retry_factor     1  1800       -7.759502       -0.260390        0.500000
       retry log10(dt/yr), log10(dt), retry_factor     1  1802       -8.060532       -0.561420        0.500000
       retry log10(dt/yr), log10(dt), retry_factor     1  1803       -8.374656       -0.875545        0.500000
       retry log10(dt/yr), log10(dt), retry_factor     1  1874       -7.256139        0.242973        0.500000
hydro_newton_step failed to accept
       retry log10(dt/yr), log10(dt), retry_factor     2  1874       -7.557169       -0.058057        0.500000
hydro_newton_step failed to accept
       retry log10(dt/yr), log10(dt), retry_factor     1  1879       -8.148929       -0.649817        0.500000
       retry log10(dt/yr), log10(dt), retry_factor     1  1916       -7.701309       -0.202198        0.500000
       retry log10(dt/yr), log10(dt), retry_factor     2  1916       -8.002339       -0.503228        0.500000
       retry log10(dt/yr), log10(dt), retry_factor     1  1926       -7.502877       -0.003765        0.500000
       retry log10(dt/yr), log10(dt), retry_factor     2  1926       -7.803906       -0.304795        0.500000
       retry log10(dt/yr), log10(dt), retry_factor     1  1967       -6.113442        1.385669        0.500000
       retry log10(dt/yr), log10(dt), retry_factor     1  1975       -5.357059        2.142052        0.500000
       retry log10(dt/yr), log10(dt), retry_factor     1  1977       -5.658089        1.841022        0.500000
       retry log10(dt/yr), log10(dt), retry_factor     2  1977       -5.959119        1.539992        0.500000
 have reached retry limit so now backup
       retry log10(dt/yr), log10(dt), retry_factor     1  1983       -5.431844        2.067268        0.500000
       retry log10(dt/yr), log10(dt), retry_factor     1  1985       -5.829784        1.669328        0.500000
       retry log10(dt/yr), log10(dt), retry_factor     1  1993       -5.396769        2.102343        0.500000
hydro_newton_step failed to accept
       retry log10(dt/yr), log10(dt), retry_factor     1  1997       -5.891619        1.607493        0.500000
       2000   8.376892  3.784E+06   1.596121   1.625928   1.400000   1.400000   0.000000   0.000000   0.275200   0.042001  16.193331   1159    329
  -5.113508   6.739614  -4.792683  -0.445863   0.769406  -8.522879   0.000000   0.000000   0.000000   0.020000   0.032377 101.329174      6     34
 2.1204E-03  23.376089   1.680018   0.388265  13.622238  -1.087889   0.000000   0.000000   0.000000   0.000687  9.256E-01  0.687E-16  max increase

save LOGS/profile5.data for model 2000
save photos/2000 for model 2000
 bad other yaxis for History panels plot num_zones

 ERROR: failed to find log_Teff in history data

 grid1/grid1_002000.png/png
       retry log10(dt/yr), log10(dt), retry_factor     1  2002       -5.408749        2.090362        0.500000
hydro_newton_step failed to accept
       retry log10(dt/yr), log10(dt), retry_factor     2  2002       -5.709779        1.789332        0.500000
 have reached retry limit so now backup
hydro_newton_step failed to accept
       retry log10(dt/yr), log10(dt), retry_factor     1  2004       -6.107719        1.391392        0.500000
       retry log10(dt/yr), log10(dt), retry_factor     1  2008       -5.505659        1.993452        0.500000
       retry log10(dt/yr), log10(dt), retry_factor     1  2009       -5.806689        1.692422        0.500000
hydro_newton_step failed to accept
       retry log10(dt/yr), log10(dt), retry_factor     1  2010       -6.204629        1.294482        0.500000
       retry log10(dt/yr), log10(dt), retry_factor     1  2015       -5.602569        1.896542        0.500000
       retry log10(dt/yr), log10(dt), retry_factor     1  2016       -5.903599        1.595512        0.500000
       retry log10(dt/yr), log10(dt), retry_factor     1  2017       -6.301539        1.197572        0.500000
       retry log10(dt/yr), log10(dt), retry_factor     1  2018       -6.602569        0.896542        0.500000
       retry log10(dt/yr), log10(dt), retry_factor     2  2018       -6.903599        0.595512        0.500000
 have reached retry limit so now backup
       retry log10(dt/yr), log10(dt), retry_factor     1  2020       -7.204629        0.294482        0.500000
       retry log10(dt/yr), log10(dt), retry_factor     1  2028       -6.000509        1.498602        0.500000
hydro_newton_step failed to accept
       retry log10(dt/yr), log10(dt), retry_factor     1  2029       -6.301539        1.197572        0.500000
       retry log10(dt/yr), log10(dt), retry_factor     1  2031       -6.602569        0.896542        0.500000
hydro_newton_step failed to accept
       retry log10(dt/yr), log10(dt), retry_factor     1  2033       -6.903599        0.595512        0.500000
       retry log10(dt/yr), log10(dt), retry_factor     1  2035       -6.903599        0.595512        0.500000
       retry log10(dt/yr), log10(dt), retry_factor     2  2035       -7.204629        0.294482        0.500000
       retry log10(dt/yr), log10(dt), retry_factor     1  2037       -7.505659       -0.006548        0.500000
       retry log10(dt/yr), log10(dt), retry_factor     1  2040       -7.806689       -0.307578        0.500000
hydro_newton_step failed to accept
       retry log10(dt/yr), log10(dt), retry_factor     2  2040       -8.107719       -0.608608        0.500000
 have reached retry limit so now backup
       retry log10(dt/yr), log10(dt), retry_factor     1  2045       -7.806689       -0.307578        0.500000
       retry log10(dt/yr), log10(dt), retry_factor     1  2049       -8.294116       -0.795005        0.500000
       retry log10(dt/yr), log10(dt), retry_factor     1  2055       -8.912339       -1.413227        0.500000
       retry log10(dt/yr), log10(dt), retry_factor     1  2077       -9.250764       -1.751652        0.500000
hydro_newton_step failed to accept
       retry log10(dt/yr), log10(dt), retry_factor     1  2087       -9.263990       -1.764878        0.500000
       retry log10(dt/yr), log10(dt), retry_factor     1  2134       -7.531081       -0.031969        0.500000
       retry log10(dt/yr), log10(dt), retry_factor     1  2135       -7.929021       -0.429910        0.500000
       retry log10(dt/yr), log10(dt), retry_factor     2  2135       -8.230051       -0.730940        0.500000
       retry log10(dt/yr), log10(dt), retry_factor     1  2142       -7.960358       -0.461247        0.500000
       retry log10(dt/yr), log10(dt), retry_factor     2  2142       -8.261388       -0.762277        0.500000
       retry log10(dt/yr), log10(dt), retry_factor     1  2181       -7.364223        0.134889        0.500000
hydro_newton_step failed to accept
       retry log10(dt/yr), log10(dt), retry_factor     2  2181       -7.665253       -0.166141        0.500000
 have reached retry limit so now backup
       retry log10(dt/yr), log10(dt), retry_factor     1  2187       -7.534812       -0.035700        0.500000
hydro_newton_step failed to accept
       retry log10(dt/yr), log10(dt), retry_factor     1  2193       -7.457713        0.041399        0.500000
       retry log10(dt/yr), log10(dt), retry_factor     2  2193       -7.758743       -0.259631        0.500000
       retry log10(dt/yr), log10(dt), retry_factor     1  2236       -5.603807        1.895305        0.500000
       retry log10(dt/yr), log10(dt), retry_factor     1  2237       -6.001747        1.497365        0.500000
       retry log10(dt/yr), log10(dt), retry_factor     1  2243       -5.571570        1.927541        0.500000
       retry log10(dt/yr), log10(dt), retry_factor     1  2244       -5.969510        1.529601        0.500000
       retry log10(dt/yr), log10(dt), retry_factor     1  2250       -5.547820        1.951292        0.500000
       retry log10(dt/yr), log10(dt), retry_factor     1  2255       -5.489761        2.009350        0.500000
       retry log10(dt/yr), log10(dt), retry_factor     1  2259       -5.581602        1.917509        0.500000
       retry log10(dt/yr), log10(dt), retry_factor     1  2260       -5.979542        1.519569        0.500000
       retry log10(dt/yr), log10(dt), retry_factor     1  2268       -5.556901        1.942210        0.500000
hydro_newton_step failed to accept
       retry log10(dt/yr), log10(dt), retry_factor     1  2269       -5.954841        1.544270        0.500000
hydro_newton_step failed to accept
       retry log10(dt/yr), log10(dt), retry_factor     2  2269       -6.255871        1.243240        0.500000
       retry log10(dt/yr), log10(dt), retry_factor     1  2270       -6.556901        0.942210        0.500000
       retry log10(dt/yr), log10(dt), retry_factor     1  2271       -6.857931        0.641180        0.500000
       retry log10(dt/yr), log10(dt), retry_factor     1  2280       -5.610585        1.888527        0.500000
       retry log10(dt/yr), log10(dt), retry_factor     2  2280       -5.911615        1.587497        0.500000
       retry log10(dt/yr), log10(dt), retry_factor     1  2285       -5.674055        1.825057        0.500000
       retry log10(dt/yr), log10(dt), retry_factor     1  2287       -6.071995        1.427117        0.500000
       retry log10(dt/yr), log10(dt), retry_factor     2  2287       -6.373025        1.126087        0.500000
 have reached retry limit so now backup
hydro_newton_step failed to accept
       retry log10(dt/yr), log10(dt), retry_factor     1  2291       -6.445123        1.053988        0.500000
       retry log10(dt/yr), log10(dt), retry_factor     1  2292       -6.843063        0.656048        0.500000
       retry log10(dt/yr), log10(dt), retry_factor     1  2293       -7.144093        0.355018        0.500000
       retry log10(dt/yr), log10(dt), retry_factor     1  2299       -6.542033        0.957078        0.500000
       retry log10(dt/yr), log10(dt), retry_factor     2  2299       -6.843063        0.656048        0.500000
 have reached retry limit so now backup
       retry log10(dt/yr), log10(dt), retry_factor     1  2300       -7.144385        0.354726        0.500000
       retry log10(dt/yr), log10(dt), retry_factor     1  2308       -5.940265        1.558846        0.500000
hydro_newton_step failed to accept
       retry log10(dt/yr), log10(dt), retry_factor     2  2308       -6.241295        1.257816        0.500000
       retry log10(dt/yr), log10(dt), retry_factor     1  2310       -6.542325        0.956786        0.500000
hydro_newton_step failed to accept
       retry log10(dt/yr), log10(dt), retry_factor     1  2311       -6.843355        0.655756        0.500000
       retry log10(dt/yr), log10(dt), retry_factor     1  2314       -6.935698        0.563414        0.500000
       retry log10(dt/yr), log10(dt), retry_factor     2  2314       -7.236728        0.262384        0.500000
       retry log10(dt/yr), log10(dt), retry_factor     1  2315       -7.537758       -0.038646        0.500000
       retry log10(dt/yr), log10(dt), retry_factor     1  2318       -7.838788       -0.339676        0.500000
       retry log10(dt/yr), log10(dt), retry_factor     1  2320       -8.139818       -0.640706        0.500000
       retry log10(dt/yr), log10(dt), retry_factor     2  2320       -8.440848       -0.941736        0.500000
 have reached retry limit so now backup
       retry log10(dt/yr), log10(dt), retry_factor     1  2326       -7.994076       -0.494965        0.500000
       retry log10(dt/yr), log10(dt), retry_factor     1  2327       -8.325395       -0.826284        0.500000
       retry log10(dt/yr), log10(dt), retry_factor     1  2332       -8.330317       -0.831205        0.500000
hydro_newton_step failed to accept
       retry log10(dt/yr), log10(dt), retry_factor     1  2361       -9.283173       -1.784062        0.500000
       retry log10(dt/yr), log10(dt), retry_factor     1  2414       -7.669129       -0.170018        0.500000
       retry log10(dt/yr), log10(dt), retry_factor     2  2414       -7.970159       -0.471048        0.500000
hydro_newton_step failed to accept
       retry log10(dt/yr), log10(dt), retry_factor     1  2415       -8.368099       -0.868988        0.500000
hydro_newton_step failed to accept
       retry log10(dt/yr), log10(dt), retry_factor     2  2415       -8.669129       -1.170018        0.500000
       retry log10(dt/yr), log10(dt), retry_factor     1  2422       -7.841503       -0.342392        0.500000
       retry log10(dt/yr), log10(dt), retry_factor     2  2422       -8.142533       -0.643422        0.500000
 have reached retry limit so now backup
       retry log10(dt/yr), log10(dt), retry_factor     1  2423       -8.443563       -0.944452        0.500000
       retry log10(dt/yr), log10(dt), retry_factor     1  2429       -8.321316       -0.822204        0.500000
       retry log10(dt/yr), log10(dt), retry_factor     1  2461       -7.646531       -0.147419        0.500000
hydro_newton_step failed to accept
       retry log10(dt/yr), log10(dt), retry_factor     2  2461       -7.947561       -0.448449        0.500000
       retry log10(dt/yr), log10(dt), retry_factor     1  2467       -7.496325        0.002787        0.500000
       retry log10(dt/yr), log10(dt), retry_factor     2  2467       -7.797355       -0.298243        0.500000
 have reached retry limit so now backup
       retry log10(dt/yr), log10(dt), retry_factor     1  2468       -8.098385       -0.599273        0.500000
       retry log10(dt/yr), log10(dt), retry_factor     2  2468       -8.399415       -0.900303        0.500000
 have reached retry limit so now backup
       retry log10(dt/yr), log10(dt), retry_factor     1  2472       -8.399415       -0.900303        0.500000
       retry log10(dt/yr), log10(dt), retry_factor     1  2480       -7.577914       -0.078802        0.500000
       retry log10(dt/yr), log10(dt), retry_factor     2  2480       -7.878944       -0.379832        0.500000
hydro_newton_step failed to accept
       retry log10(dt/yr), log10(dt), retry_factor     1  2488       -7.387913        0.111199        0.500000
       retry log10(dt/yr), log10(dt), retry_factor     2  2488       -7.688943       -0.189831        0.500000
 have reached retry limit so now backup
 bad other yaxis for History panels plot num_zones

 ERROR: failed to find log_Teff in history data

 grid1/grid1_002500.png/png
       retry log10(dt/yr), log10(dt), retry_factor     1  2534       -5.421288        2.077823        0.500000
       retry log10(dt/yr), log10(dt), retry_factor     1  2535       -5.722318        1.776793        0.500000
       retry log10(dt/yr), log10(dt), retry_factor     1  2536       -6.023348        1.475763        0.500000
       retry log10(dt/yr), log10(dt), retry_factor     2  2536       -6.324378        1.174733        0.500000
       retry log10(dt/yr), log10(dt), retry_factor     1  2543       -5.721844        1.777267        0.500000
       retry log10(dt/yr), log10(dt), retry_factor     2  2543       -6.022874        1.476237        0.500000
       retry log10(dt/yr), log10(dt), retry_factor     1  2549       -5.626417        1.872695        0.500000
       retry log10(dt/yr), log10(dt), retry_factor     1  2553       -5.699454        1.799658        0.500000
       retry log10(dt/yr), log10(dt), retry_factor     1  2554       -6.000484        1.498628        0.500000
       retry log10(dt/yr), log10(dt), retry_factor     2  2554       -6.301514        1.197598        0.500000
       retry log10(dt/yr), log10(dt), retry_factor     1  2555       -6.602544        0.896568        0.500000
       retry log10(dt/yr), log10(dt), retry_factor     1  2564       -5.364950        2.134162        0.500000
       retry log10(dt/yr), log10(dt), retry_factor     2  2564       -5.665980        1.833132        0.500000
 have reached retry limit so now backup
       retry log10(dt/yr), log10(dt), retry_factor     1  2569       -5.364950        2.134162        0.500000
       retry log10(dt/yr), log10(dt), retry_factor     1  2573       -5.762890        1.736222        0.500000
       retry log10(dt/yr), log10(dt), retry_factor     1  2577       -5.861157        1.637954        0.500000
hydro_newton_step failed to accept
       retry log10(dt/yr), log10(dt), retry_factor     1  2578       -6.259097        1.240014        0.500000
       retry log10(dt/yr), log10(dt), retry_factor     2  2578       -6.560127        0.938984        0.500000
       retry log10(dt/yr), log10(dt), retry_factor     1  2579       -6.861157        0.637954        0.500000
/var/spool/slurmd/job6382299/slurm_script: line 65: 2597110 Killed                  $MESA_BASE/star >> /hpc/group/physics/al363/low_overhead/sens/errors/slurm._${SLURM_ARRAY_JOB_ID}_${SLURM_ARRAY_TASK_ID}.err
slurmstepd: error: Detected 1 oom-kill event(s) in StepId=6382299.batch cgroup. Some of your processes may have been killed by the cgroup out-of-memory handler.
