starting from 0
DATE: 2020-09-02
TIME: 16:54:47
                                         version_number       10108
 read /hpc/group/physics/al363/sens/base/inlist_base
 read inlist_cluster
load saved model /hpc/group/physics/al363/sens/base/ns_relax.mod

 change to /hpc/group/physics/al363/sens/base/rp_305.net
               set special rate factor for r_s31_ng_s32         357    1.0000000000000000D-02
               set special rate factor for r_s32_gn_s31         358    1.0000000000000000D-02
               set special rate factor for r_s31_ng_s32         357    1.0000000000000000D-02
               set special rate factor for r_s32_gn_s31         358    1.0000000000000000D-02
 number of species         305
 read /hpc/group/physics/al363/sens/base/history_customACL.list_tau
 read /hpc/group/physics/al363/sens/base/profile_customACL.list_tau
 net name /hpc/group/physics/al363/sens/base/rp_305.net
 v_flag T
                         which_atm_option: grey_and_kap
                                           xmstar/mstar    4.5461189430843640D-12
                                             xmstar (g)    1.2660395722219186D+22
                                           M_center (g)    2.7848799999878681D+33
                                            xmstar/Msun    6.3645665203193175D-12
                                          M_center/Msun    1.3999999999939012D+00
                                          R_center (cm)    1.1200000000000000D+06
                                          R_center/Rsun    1.6092416448748527D-05
                                           core density    4.7322078204273819D+14
                                          L_center/Lsun    4.1647144567650578D+00
 kappa_file_prefix gs98
 kappa_lowT_prefix lowT_fa05_gs98

   eos_file_prefix mesa
                                        OMP_NUM_THREADS           8


__________________________________________________________________________________________________________________________________________________

       step    lg_Tcntr    Teff       lg_LH     lg_Lnuc     Mass       H_rich     H_cntr     N_cntr     Y_surf     X_avg     eta_cntr  zones retry
   lg_dt_yr    lg_Dcntr    lg_R       lg_L3a    lg_Lneu     lg_Mdot    He_core    He_cntr    O_cntr     Z_surf     Y_avg     gam_cntr  iters bckup
     age_yr    lg_Pcntr    lg_L       lg_LZ     lg_Psurf    lg_Dsurf   C_core     C_cntr     Ne_cntr    Si_cntr    Z_avg     v_div_cs     dt_limit
__________________________________________________________________________________________________________________________________________________

save LOGS/profile1.data for model 2
 grid1/grid1_000005.png/png
 burst_profile/burst_profile000005.png/png
          6   8.165156  1.497E+06   0.087590   0.087976   1.400000   1.400000   0.000000   0.000000   0.275200   0.030886  22.514775    791      0
  -5.817651   6.610341  -4.793035 -18.862378  -1.086578  -8.522879   0.000000   0.000000   0.000000   0.020000   0.011710 149.410225      6      0
 4.0040E-06  23.176196   0.068337  -2.962874  12.744977  -1.553972   0.000000   0.000000   0.000000   0.000687  9.574E-01  0.395E-11      lgT_cntr

save LOGS/profile2.data for model 6
 grid1/grid1_000010.png/png
 burst_profile/burst_profile000010.png/png
 grid1/grid1_000015.png/png
 burst_profile/burst_profile000015.png/png
 grid1/grid1_000020.png/png
 burst_profile/burst_profile000020.png/png
 grid1/grid1_000025.png/png
 burst_profile/burst_profile000025.png/png
       retry log10(dt/yr), log10(dt), retry_factor     1    30       -5.532111        1.967001        0.500000
 grid1/grid1_000030.png/png
 burst_profile/burst_profile000030.png/png
       retry log10(dt/yr), log10(dt), retry_factor     1    35       -5.231081        2.268031        0.500000
 grid1/grid1_000035.png/png
 burst_profile/burst_profile000035.png/png
       retry log10(dt/yr), log10(dt), retry_factor     1    36       -5.532111        1.967001        0.500000
       retry log10(dt/yr), log10(dt), retry_factor     1    40       -5.532111        1.967001        0.500000
 grid1/grid1_000040.png/png
 burst_profile/burst_profile000040.png/png
       retry log10(dt/yr), log10(dt), retry_factor     1    45       -5.231081        2.268031        0.500000
 grid1/grid1_000045.png/png
 burst_profile/burst_profile000045.png/png
       retry log10(dt/yr), log10(dt), retry_factor     1    49       -5.231081        2.268031        0.500000
 grid1/grid1_000050.png/png
 burst_profile/burst_profile000050.png/png
       retry log10(dt/yr), log10(dt), retry_factor     1    53       -5.231081        2.268031        0.500000
 grid1/grid1_000055.png/png
 burst_profile/burst_profile000055.png/png
       retry log10(dt/yr), log10(dt), retry_factor     1    56       -5.532111        1.967001        0.500000
       retry log10(dt/yr), log10(dt), retry_factor     2    56       -5.833141        1.665971        0.500000
 have reached retry limit so now backup
 grid1/grid1_000055.png/png
 burst_profile/burst_profile000055.png/png
       retry log10(dt/yr), log10(dt), retry_factor     1    58       -6.134171        1.364941        0.500000
       retry log10(dt/yr), log10(dt), retry_factor     2    58       -6.435201        1.063911        0.500000
 have reached retry limit so now backup
       retry log10(dt/yr), log10(dt), retry_factor     1    58       -6.736231        0.762881        0.500000
       retry log10(dt/yr), log10(dt), retry_factor     2    58       -7.037261        0.461851        0.500000
 have reached retry limit so now backup
       retry log10(dt/yr), log10(dt), retry_factor     1    60       -7.338291        0.160821        0.500000
       retry log10(dt/yr), log10(dt), retry_factor     2    60       -7.639321       -0.140209        0.500000
 have reached retry limit so now backup
 grid1/grid1_000060.png/png
 burst_profile/burst_profile000060.png/png
       retry log10(dt/yr), log10(dt), retry_factor     1    62       -7.940351       -0.441239        0.500000
       retry log10(dt/yr), log10(dt), retry_factor     2    62       -8.241381       -0.742269        0.500000
 grid1/grid1_000065.png/png
 burst_profile/burst_profile000065.png/png
 grid1/grid1_000070.png/png
 burst_profile/burst_profile000070.png/png
 grid1/grid1_000075.png/png
 burst_profile/burst_profile000075.png/png
       retry log10(dt/yr), log10(dt), retry_factor     1    76       -5.231081        2.268031        0.500000
       retry log10(dt/yr), log10(dt), retry_factor     2    76       -5.532111        1.967001        0.500000
       retry log10(dt/yr), log10(dt), retry_factor     1    77       -5.833141        1.665971        0.500000
       retry log10(dt/yr), log10(dt), retry_factor     2    77       -6.134171        1.364941        0.500000
 have reached retry limit so now backup
       retry log10(dt/yr), log10(dt), retry_factor     1    80       -6.435201        1.063911        0.500000
       retry log10(dt/yr), log10(dt), retry_factor     2    80       -6.736231        0.762881        0.500000
 have reached retry limit so now backup
 grid1/grid1_000080.png/png
 burst_profile/burst_profile000080.png/png
       retry log10(dt/yr), log10(dt), retry_factor     1    81       -7.037261        0.461851        0.500000
       retry log10(dt/yr), log10(dt), retry_factor     2    81       -7.338291        0.160821        0.500000
 have reached retry limit so now backup
 grid1/grid1_000080.png/png
 burst_profile/burst_profile000080.png/png
       retry log10(dt/yr), log10(dt), retry_factor     1    84       -7.639321       -0.140209        0.500000
       retry log10(dt/yr), log10(dt), retry_factor     2    84       -7.940351       -0.441239        0.500000
 have reached retry limit so now backup
       retry log10(dt/yr), log10(dt), retry_factor     1    84       -8.241381       -0.742269        0.500000
 grid1/grid1_000085.png/png
 burst_profile/burst_profile000085.png/png
 grid1/grid1_000090.png/png
 burst_profile/burst_profile000090.png/png
 grid1/grid1_000095.png/png
 burst_profile/burst_profile000095.png/png
       retry log10(dt/yr), log10(dt), retry_factor     1    97       -5.708192        1.790919        0.500000
       retry log10(dt/yr), log10(dt), retry_factor     1    98       -6.029741        1.469371        0.500000
       retry log10(dt/yr), log10(dt), retry_factor     1    99       -6.330771        1.168341        0.500000
        100   8.444842  4.670E+06   2.033178   2.166634   1.400000   1.400000   0.000000   0.000000   0.275200   0.100536  12.226447    752     31
  -6.029741   6.642744  -4.792800   1.206192   1.283437  -8.522879   0.000000   0.000000   0.000000   0.020000   0.058448  80.444302      6      8
 3.1300E-04  23.235090   2.045023   1.357051  13.860473  -0.943580   0.000000   0.000000   0.000000   0.000687  8.410E-01  0.987E-12          hold

 grid1/grid1_000100.png/png
 burst_profile/burst_profile000100.png/png
       retry log10(dt/yr), log10(dt), retry_factor     1   101       -6.631801        0.867311        0.500000
       retry log10(dt/yr), log10(dt), retry_factor     1   103       -6.932831        0.566281        0.500000
hydro_newton_step failed to accept
       retry log10(dt/yr), log10(dt), retry_factor     1   104       -7.233861        0.265251        0.500000
 grid1/grid1_000105.png/png
 burst_profile/burst_profile000105.png/png
       retry log10(dt/yr), log10(dt), retry_factor     1   106       -7.534891       -0.035779        0.500000
       retry log10(dt/yr), log10(dt), retry_factor     1   110       -7.650148       -0.151036        0.500000
       retry log10(dt/yr), log10(dt), retry_factor     2   110       -7.951178       -0.452066        0.500000
 grid1/grid1_000110.png/png
 burst_profile/burst_profile000110.png/png
       retry log10(dt/yr), log10(dt), retry_factor     1   112       -8.334818       -0.835706        0.500000
 grid1/grid1_000115.png/png
 burst_profile/burst_profile000115.png/png
 grid1/grid1_000120.png/png
 burst_profile/burst_profile000120.png/png
 grid1/grid1_000125.png/png
 burst_profile/burst_profile000125.png/png
 grid1/grid1_000130.png/png
 burst_profile/burst_profile000130.png/png
 grid1/grid1_000135.png/png
 burst_profile/burst_profile000135.png/png
 grid1/grid1_000140.png/png
 burst_profile/burst_profile000140.png/png
 grid1/grid1_000145.png/png
 burst_profile/burst_profile000145.png/png
 grid1/grid1_000150.png/png
 burst_profile/burst_profile000150.png/png
 grid1/grid1_000155.png/png
 burst_profile/burst_profile000155.png/png
 grid1/grid1_000160.png/png
 burst_profile/burst_profile000160.png/png
                       super eddington wind: lg_Mdot, L/Ledd         165    -9.66270     1.00885
 grid1/grid1_000165.png/png
 burst_profile/burst_profile000165.png/png
                       super eddington wind: lg_Mdot, L/Ledd         166    -8.93625     1.04705
                       super eddington wind: lg_Mdot, L/Ledd         167    -8.70908     1.07929
                       super eddington wind: lg_Mdot, L/Ledd         168    -8.57472     1.10797
                       super eddington wind: lg_Mdot, L/Ledd         169    -8.46780     1.13780
                       super eddington wind: lg_Mdot, L/Ledd         170    -8.40348     1.15977
 grid1/grid1_000170.png/png
 burst_profile/burst_profile000170.png/png
                       super eddington wind: lg_Mdot, L/Ledd         171    -8.33699     1.18633
                       super eddington wind: lg_Mdot, L/Ledd         172    -8.29281     1.20597
                       super eddington wind: lg_Mdot, L/Ledd         173    -8.43685     1.14771
                       super eddington wind: lg_Mdot, L/Ledd         174    -8.33790     1.18551
                       super eddington wind: lg_Mdot, L/Ledd         175    -8.28257     1.21044
 grid1/grid1_000175.png/png
 burst_profile/burst_profile000175.png/png
                       super eddington wind: lg_Mdot, L/Ledd         176    -8.40695     1.15771
                       super eddington wind: lg_Mdot, L/Ledd         177    -8.30948     1.19721
                       super eddington wind: lg_Mdot, L/Ledd         178    -8.25467     1.22352
                       super eddington wind: lg_Mdot, L/Ledd         179    -8.37869     1.16768
                       super eddington wind: lg_Mdot, L/Ledd         180    -8.28484     1.20814
 grid1/grid1_000180.png/png
 burst_profile/burst_profile000180.png/png
                       super eddington wind: lg_Mdot, L/Ledd         181    -8.23642     1.23251
                       super eddington wind: lg_Mdot, L/Ledd         182    -8.35909     1.17490
                       super eddington wind: lg_Mdot, L/Ledd         183    -8.27423     1.21235
                       super eddington wind: lg_Mdot, L/Ledd         184    -8.23091     1.23438
                       super eddington wind: lg_Mdot, L/Ledd         185    -8.35962     1.17400
 grid1/grid1_000185.png/png
 burst_profile/burst_profile000185.png/png
                       super eddington wind: lg_Mdot, L/Ledd         186    -8.29546     1.20137
                       super eddington wind: lg_Mdot, L/Ledd         187    -8.26967     1.21346
                       super eddington wind: lg_Mdot, L/Ledd         188    -8.41098     1.15391
                       super eddington wind: lg_Mdot, L/Ledd         189    -8.35523     1.17476
                       super eddington wind: lg_Mdot, L/Ledd         190    -8.51227     1.12148
       retry log10(dt/yr), log10(dt), retry_factor     1   190       -9.074523       -1.575412        0.500000
                       super eddington wind: lg_Mdot, L/Ledd         190    -8.51227     1.12148
 grid1/grid1_000190.png/png
 burst_profile/burst_profile000190.png/png
                       super eddington wind: lg_Mdot, L/Ledd         191    -8.42140     1.14959
                       super eddington wind: lg_Mdot, L/Ledd         192    -8.35533     1.17430
                       super eddington wind: lg_Mdot, L/Ledd         193    -8.54039     1.11377
                       super eddington wind: lg_Mdot, L/Ledd         194    -8.44067     1.14318
                       super eddington wind: lg_Mdot, L/Ledd         195    -8.39631     1.15853
 grid1/grid1_000195.png/png
 burst_profile/burst_profile000195.png/png
                       super eddington wind: lg_Mdot, L/Ledd         196    -8.55071     1.11093
                       super eddington wind: lg_Mdot, L/Ledd         197    -8.48722     1.12846
                       super eddington wind: lg_Mdot, L/Ledd         198    -8.60312     1.09817
                       super eddington wind: lg_Mdot, L/Ledd         199    -8.60334     1.09810
                       super eddington wind: lg_Mdot, L/Ledd         200    -8.82101     1.05936
        200   8.963485  2.372E+07   3.694736   6.661632   1.400000   1.400000   0.000000   0.000000   0.294496   0.074441   2.916834    677     39
  -8.709664   6.564637  -4.791560   3.020502   4.360325  -8.821011   0.000000   0.000000   0.000000   0.208302   0.044469  22.951773      6      8
 3.1499E-04  23.235198   4.870724   6.661064  15.055414  -0.888603   0.000000   0.000000   0.000000   0.000687  8.811E-01  0.449E-04    varcontrol

 grid1/grid1_000200.png/png
 burst_profile/burst_profile000200.png/png
                       super eddington wind: lg_Mdot, L/Ledd         201    -8.71046     1.07657
                       super eddington wind: lg_Mdot, L/Ledd         202    -8.70289     1.07791
                       super eddington wind: lg_Mdot, L/Ledd         203    -8.95947     1.04311
                       super eddington wind: lg_Mdot, L/Ledd         204    -8.83774     1.05703
                       super eddington wind: lg_Mdot, L/Ledd         205    -9.85267     1.00550
 grid1/grid1_000205.png/png
 burst_profile/burst_profile000205.png/png
                       super eddington wind: lg_Mdot, L/Ledd         206    -9.01444     1.03791
                       super eddington wind: lg_Mdot, L/Ledd         208    -9.56456     1.01066
 grid1/grid1_000210.png/png
 burst_profile/burst_profile000210.png/png
 grid1/grid1_000215.png/png
 burst_profile/burst_profile000215.png/png
 grid1/grid1_000220.png/png
 burst_profile/burst_profile000220.png/png
 grid1/grid1_000225.png/png
 burst_profile/burst_profile000225.png/png
       retry log10(dt/yr), log10(dt), retry_factor     1   229       -7.580260       -0.081148        0.500000
       retry log10(dt/yr), log10(dt), retry_factor     2   229       -7.881290       -0.382178        0.500000
 have reached retry limit so now backup
 grid1/grid1_000230.png/png
 burst_profile/burst_profile000230.png/png
hydro_newton_step failed to accept
       retry log10(dt/yr), log10(dt), retry_factor     1   233       -8.214716       -0.715605        0.500000
hydro_newton_step failed to accept
       retry log10(dt/yr), log10(dt), retry_factor     2   233       -8.515746       -1.016635        0.500000
 have reached retry limit so now backup
       retry log10(dt/yr), log10(dt), retry_factor     1   234       -8.816776       -1.317665        0.500000
       retry log10(dt/yr), log10(dt), retry_factor     2   234       -9.117806       -1.618695        0.500000
 grid1/grid1_000235.png/png
 burst_profile/burst_profile000235.png/png
 grid1/grid1_000240.png/png
 burst_profile/burst_profile000240.png/png
       retry log10(dt/yr), log10(dt), retry_factor     1   242       -7.913686       -0.414575        0.500000
hydro_newton_step failed to accept
       retry log10(dt/yr), log10(dt), retry_factor     2   242       -8.214716       -0.715605        0.500000
 have reached retry limit so now backup
 grid1/grid1_000245.png/png
 burst_profile/burst_profile000245.png/png
 grid1/grid1_000250.png/png
 burst_profile/burst_profile000250.png/png
 grid1/grid1_000255.png/png
 burst_profile/burst_profile000255.png/png
 grid1/grid1_000260.png/png
 burst_profile/burst_profile000260.png/png
 grid1/grid1_000265.png/png
 burst_profile/burst_profile000265.png/png
       retry log10(dt/yr), log10(dt), retry_factor     1   267       -7.547197       -0.048085        0.500000
       retry log10(dt/yr), log10(dt), retry_factor     2   267       -7.848227       -0.349115        0.500000
 grid1/grid1_000270.png/png
 burst_profile/burst_profile000270.png/png
       retry log10(dt/yr), log10(dt), retry_factor     1   274       -7.918343       -0.419231        0.500000
       retry log10(dt/yr), log10(dt), retry_factor     2   274       -8.219373       -0.720261        0.500000
 grid1/grid1_000275.png/png
 burst_profile/burst_profile000275.png/png
       retry log10(dt/yr), log10(dt), retry_factor     1   280       -7.762586       -0.263474        0.500000
       retry log10(dt/yr), log10(dt), retry_factor     2   280       -8.063616       -0.564504        0.500000
 have reached retry limit so now backup
 grid1/grid1_000280.png/png
 burst_profile/burst_profile000280.png/png
 grid1/grid1_000285.png/png
 burst_profile/burst_profile000285.png/png
       retry log10(dt/yr), log10(dt), retry_factor     1   286       -7.646712       -0.147601        0.500000
hydro_newton_step failed to accept
       retry log10(dt/yr), log10(dt), retry_factor     1   290       -7.646712       -0.147601        0.500000
hydro_newton_step failed to accept
       retry log10(dt/yr), log10(dt), retry_factor     2   290       -7.947742       -0.448631        0.500000
 grid1/grid1_000290.png/png
 burst_profile/burst_profile000290.png/png
       retry log10(dt/yr), log10(dt), retry_factor     1   295       -7.664877       -0.165766        0.500000
hydro_newton_step failed to accept
       retry log10(dt/yr), log10(dt), retry_factor     2   295       -7.965907       -0.466796        0.500000
 have reached retry limit so now backup
 grid1/grid1_000295.png/png
 burst_profile/burst_profile000295.png/png
        300   8.726602  8.303E+06   1.399096   2.649239   1.400000   1.400000   0.000000   0.000000   0.275200   0.019683   6.032274    712     58
  -7.062817   6.621059  -4.792755   1.366202   2.154938  -8.522879   0.000000   0.000000   0.000000   0.020000   0.020119  41.352957      6     13
 3.1876E-04  23.236074   3.045016   2.599443  14.352800  -0.718268   0.000000   0.000000   0.000000   0.000687  9.602E-01  0.884E-10  max increase

 grid1/grid1_000300.png/png
 burst_profile/burst_profile000300.png/png
 grid1/grid1_000305.png/png
 burst_profile/burst_profile000305.png/png
 grid1/grid1_000310.png/png
 burst_profile/burst_profile000310.png/png
 grid1/grid1_000315.png/png
 burst_profile/burst_profile000315.png/png
 grid1/grid1_000320.png/png
 burst_profile/burst_profile000320.png/png
 grid1/grid1_000325.png/png
 burst_profile/burst_profile000325.png/png
 grid1/grid1_000330.png/png
 burst_profile/burst_profile000330.png/png
 grid1/grid1_000335.png/png
 burst_profile/burst_profile000335.png/png
       retry log10(dt/yr), log10(dt), retry_factor     1   340       -5.327939        2.171172        0.500000
hydro_newton_step failed to accept
       retry log10(dt/yr), log10(dt), retry_factor     2   340       -5.628969        1.870142        0.500000
 have reached retry limit so now backup
 grid1/grid1_000340.png/png
 burst_profile/burst_profile000340.png/png
       retry log10(dt/yr), log10(dt), retry_factor     1   343       -6.026909        1.472202        0.500000
 grid1/grid1_000345.png/png
 burst_profile/burst_profile000345.png/png
       retry log10(dt/yr), log10(dt), retry_factor     1   350       -5.341267        2.157845        0.500000
       retry log10(dt/yr), log10(dt), retry_factor     2   350       -5.642297        1.856815        0.500000
 have reached retry limit so now backup
 grid1/grid1_000350.png/png
 burst_profile/burst_profile000350.png/png
       retry log10(dt/yr), log10(dt), retry_factor     1   351       -5.943327        1.555785        0.500000
       retry log10(dt/yr), log10(dt), retry_factor     1   352       -6.244357        1.254755        0.500000
 grid1/grid1_000355.png/png
 burst_profile/burst_profile000355.png/png
       retry log10(dt/yr), log10(dt), retry_factor     1   359       -5.341267        2.157845        0.500000
 grid1/grid1_000360.png/png
 burst_profile/burst_profile000360.png/png
       retry log10(dt/yr), log10(dt), retry_factor     1   363       -5.410307        2.088804        0.500000
 grid1/grid1_000365.png/png
 burst_profile/burst_profile000365.png/png
       retry log10(dt/yr), log10(dt), retry_factor     1   368       -5.506056        1.993055        0.500000
       retry log10(dt/yr), log10(dt), retry_factor     2   368       -5.807086        1.692025        0.500000
 grid1/grid1_000370.png/png
 burst_profile/burst_profile000370.png/png
       retry log10(dt/yr), log10(dt), retry_factor     1   371       -6.108116        1.390995        0.500000
       retry log10(dt/yr), log10(dt), retry_factor     2   371       -6.409146        1.089965        0.500000
 have reached retry limit so now backup
 grid1/grid1_000370.png/png
 burst_profile/burst_profile000370.png/png
       retry log10(dt/yr), log10(dt), retry_factor     1   372       -6.710176        0.788935        0.500000
       retry log10(dt/yr), log10(dt), retry_factor     2   372       -7.011206        0.487905        0.500000
 have reached retry limit so now backup
       retry log10(dt/yr), log10(dt), retry_factor     1   375       -7.312236        0.186875        0.500000
       retry log10(dt/yr), log10(dt), retry_factor     2   375       -7.613266       -0.114155        0.500000
 have reached retry limit so now backup
 grid1/grid1_000375.png/png
 burst_profile/burst_profile000375.png/png
       retry log10(dt/yr), log10(dt), retry_factor     1   376       -7.914296       -0.415185        0.500000
 grid1/grid1_000380.png/png
 burst_profile/burst_profile000380.png/png
 grid1/grid1_000385.png/png
 burst_profile/burst_profile000385.png/png
       retry log10(dt/yr), log10(dt), retry_factor     1   390       -5.464012        2.035099        0.500000
       retry log10(dt/yr), log10(dt), retry_factor     2   390       -5.765042        1.734069        0.500000
 grid1/grid1_000390.png/png
 burst_profile/burst_profile000390.png/png
       retry log10(dt/yr), log10(dt), retry_factor     1   395       -5.522144        1.976967        0.500000
 grid1/grid1_000395.png/png
 burst_profile/burst_profile000395.png/png
       retry log10(dt/yr), log10(dt), retry_factor     1   396       -5.823174        1.675937        0.500000
        400   8.392248  4.089E+06   1.761186   1.810793   1.400000   1.400000   0.000000   0.000000   0.275200   0.074682  14.398704    750     80
  -5.318024   6.674486  -4.792832   0.540700   0.925504  -8.522879   0.000000   0.000000   0.000000   0.020000   0.053252  93.039901      6     18
 5.7627E-04  23.279648   1.814150   0.545195  13.710975  -1.033869   0.000000   0.000000   0.000000   0.000687  8.721E-01  0.903E-13  max increase

 grid1/grid1_000400.png/png
 burst_profile/burst_profile000400.png/png
       retry log10(dt/yr), log10(dt), retry_factor     1   401       -5.619054        1.880057        0.500000
       retry log10(dt/yr), log10(dt), retry_factor     1   402       -5.961984        1.537128        0.500000
       retry log10(dt/yr), log10(dt), retry_factor     2   402       -6.263014        1.236098        0.500000
        404   8.424687  4.451E+06   1.910600   2.022219   1.400000   1.400000   0.000000   0.000000   0.275200   0.075676  13.343364    755     83
  -5.961984   6.674330  -4.792810   1.159559   1.104751  -8.522879   0.000000   0.000000   0.000000   0.020000   0.053583  86.333402      6     18
 5.8435E-04  23.280946   1.961639   0.973774  13.806820  -0.975798   0.000000   0.000000   0.000000   0.000687  8.707E-01 -0.564E-11          hold

save LOGS/profile3.data for model 404
 grid1/grid1_000405.png/png
 burst_profile/burst_profile000405.png/png
       retry log10(dt/yr), log10(dt), retry_factor     1   406       -6.263014        1.236098        0.500000
       retry log10(dt/yr), log10(dt), retry_factor     2   406       -6.564044        0.935068        0.500000
       retry log10(dt/yr), log10(dt), retry_factor     1   408       -6.865074        0.634038        0.500000
       retry log10(dt/yr), log10(dt), retry_factor     1   410       -7.166104        0.333008        0.500000
 grid1/grid1_000410.png/png
 burst_profile/burst_profile000410.png/png
       retry log10(dt/yr), log10(dt), retry_factor     1   412       -7.467134        0.031978        0.500000
 grid1/grid1_000415.png/png
 burst_profile/burst_profile000415.png/png
       retry log10(dt/yr), log10(dt), retry_factor     1   416       -7.498697        0.000415        0.500000
       retry log10(dt/yr), log10(dt), retry_factor     2   416       -7.799727       -0.300615        0.500000
       retry log10(dt/yr), log10(dt), retry_factor     1   417       -8.100757       -0.601645        0.500000
 grid1/grid1_000420.png/png
 burst_profile/burst_profile000420.png/png
 grid1/grid1_000425.png/png
 burst_profile/burst_profile000425.png/png
 grid1/grid1_000430.png/png
 burst_profile/burst_profile000430.png/png
 grid1/grid1_000435.png/png
 burst_profile/burst_profile000435.png/png
 grid1/grid1_000440.png/png
 burst_profile/burst_profile000440.png/png
 grid1/grid1_000445.png/png
 burst_profile/burst_profile000445.png/png
       retry log10(dt/yr), log10(dt), retry_factor     1   447       -9.325625       -1.826514        0.500000
 grid1/grid1_000450.png/png
 burst_profile/burst_profile000450.png/png
 grid1/grid1_000455.png/png
 burst_profile/burst_profile000455.png/png
 grid1/grid1_000460.png/png
 burst_profile/burst_profile000460.png/png
 grid1/grid1_000465.png/png
 burst_profile/burst_profile000465.png/png
 grid1/grid1_000470.png/png
 burst_profile/burst_profile000470.png/png
 grid1/grid1_000475.png/png
 burst_profile/burst_profile000475.png/png
 grid1/grid1_000480.png/png
 burst_profile/burst_profile000480.png/png
 grid1/grid1_000485.png/png
 burst_profile/burst_profile000485.png/png
 grid1/grid1_000490.png/png
 burst_profile/burst_profile000490.png/png
 grid1/grid1_000495.png/png
 burst_profile/burst_profile000495.png/png
        500   8.986299  1.927E+07   3.307574   6.257311   1.400000   1.400000   0.000000   0.000000   0.276320   0.049477   2.844664    804     92
  -7.301975   6.592378  -4.791971   2.806513   3.921142  -8.522879   0.000000   0.000000   0.000000   0.283084   0.033400  22.245860      7     18
 5.8824E-04  23.281405   4.509017   6.256669  14.829879  -0.780187   0.000000   0.000000   0.000000   0.000687  9.171E-01  0.187E-07    varcontrol

save LOGS/profile4.data for model 500
save photos/x500 for model 500
 grid1/grid1_000500.png/png
 burst_profile/burst_profile000500.png/png
 grid1/grid1_000505.png/png
 burst_profile/burst_profile000505.png/png
       retry log10(dt/yr), log10(dt), retry_factor     1   510       -7.789937       -0.290825        0.500000
       retry log10(dt/yr), log10(dt), retry_factor     2   510       -8.090967       -0.591855        0.500000
 have reached retry limit so now backup
 grid1/grid1_000510.png/png
 burst_profile/burst_profile000510.png/png
       retry log10(dt/yr), log10(dt), retry_factor     1   512       -8.522347       -1.023235        0.500000
       retry log10(dt/yr), log10(dt), retry_factor     1   513       -8.823377       -1.324265        0.500000
 grid1/grid1_000515.png/png
 burst_profile/burst_profile000515.png/png
hydro_newton_step failed to accept
       retry log10(dt/yr), log10(dt), retry_factor     1   519       -8.221317       -0.722205        0.500000
 grid1/grid1_000520.png/png
 burst_profile/burst_profile000520.png/png
       retry log10(dt/yr), log10(dt), retry_factor     1   525       -7.812466       -0.313354        0.500000
       retry log10(dt/yr), log10(dt), retry_factor     2   525       -8.113496       -0.614384        0.500000
 grid1/grid1_000525.png/png
 burst_profile/burst_profile000525.png/png
 grid1/grid1_000530.png/png
 burst_profile/burst_profile000530.png/png
 grid1/grid1_000535.png/png
 burst_profile/burst_profile000535.png/png
 grid1/grid1_000540.png/png
 burst_profile/burst_profile000540.png/png
 grid1/grid1_000545.png/png
 burst_profile/burst_profile000545.png/png
       retry log10(dt/yr), log10(dt), retry_factor     1   548       -7.881664       -0.382552        0.500000
 grid1/grid1_000550.png/png
 burst_profile/burst_profile000550.png/png
       retry log10(dt/yr), log10(dt), retry_factor     1   554       -7.575422       -0.076310        0.500000
       retry log10(dt/yr), log10(dt), retry_factor     2   554       -7.876452       -0.377340        0.500000
 grid1/grid1_000555.png/png
 burst_profile/burst_profile000555.png/png
       retry log10(dt/yr), log10(dt), retry_factor     1   557       -8.177482       -0.678370        0.500000
 grid1/grid1_000560.png/png
 burst_profile/burst_profile000560.png/png
       retry log10(dt/yr), log10(dt), retry_factor     1   563       -7.575422       -0.076310        0.500000
 grid1/grid1_000565.png/png
 burst_profile/burst_profile000565.png/png
 grid1/grid1_000570.png/png
 burst_profile/burst_profile000570.png/png
 grid1/grid1_000575.png/png
 burst_profile/burst_profile000575.png/png
hydro_newton_step failed to accept
       retry log10(dt/yr), log10(dt), retry_factor     1   576       -7.385956        0.113156        0.500000
 grid1/grid1_000580.png/png
 burst_profile/burst_profile000580.png/png
 grid1/grid1_000585.png/png
 burst_profile/burst_profile000585.png/png
 grid1/grid1_000590.png/png
 burst_profile/burst_profile000590.png/png
 grid1/grid1_000595.png/png
 burst_profile/burst_profile000595.png/png
        600   8.420871  4.052E+06   1.170218   1.588382   1.400000   1.400000   0.000000   0.000000   0.275200   0.021883  13.502965    815    105
  -5.837520   6.676663  -4.792907  -1.346475   1.107479  -8.522879   0.000000   0.000000   0.000000   0.020000   0.020496  87.251381      6     19
 6.0473E-04  23.284224   1.798446   1.378694  13.700873  -1.039984   0.000000   0.000000   0.000000   0.000687  9.576E-01  0.180E-12      lgT_cntr

 grid1/grid1_000600.png/png
 burst_profile/burst_profile000600.png/png
 grid1/grid1_000605.png/png
 burst_profile/burst_profile000605.png/png
       retry log10(dt/yr), log10(dt), retry_factor     1   610       -5.398767        2.100344        0.500000
 grid1/grid1_000610.png/png
 burst_profile/burst_profile000610.png/png
       retry log10(dt/yr), log10(dt), retry_factor     1   614       -5.584101        1.915010        0.500000
 grid1/grid1_000615.png/png
 burst_profile/burst_profile000615.png/png
       retry log10(dt/yr), log10(dt), retry_factor     1   617       -5.885131        1.613980        0.500000
 grid1/grid1_000620.png/png
 burst_profile/burst_profile000620.png/png
       retry log10(dt/yr), log10(dt), retry_factor     1   623       -5.521362        1.977750        0.500000
 grid1/grid1_000625.png/png
 burst_profile/burst_profile000625.png/png
       retry log10(dt/yr), log10(dt), retry_factor     1   629       -5.409318        2.089793        0.500000
       retry log10(dt/yr), log10(dt), retry_factor     2   629       -5.710348        1.788763        0.500000
 have reached retry limit so now backup
 grid1/grid1_000630.png/png
 burst_profile/burst_profile000630.png/png
       retry log10(dt/yr), log10(dt), retry_factor     1   635       -5.395179        2.103932        0.500000
       retry log10(dt/yr), log10(dt), retry_factor     2   635       -5.696209        1.802902        0.500000
 grid1/grid1_000635.png/png
 burst_profile/burst_profile000635.png/png
 grid1/grid1_000640.png/png
 burst_profile/burst_profile000640.png/png
       retry log10(dt/yr), log10(dt), retry_factor     1   641       -5.592376        1.906736        0.500000
       retry log10(dt/yr), log10(dt), retry_factor     1   644       -5.893406        1.605706        0.500000
hydro_newton_step failed to accept
       retry log10(dt/yr), log10(dt), retry_factor     1   645       -6.291346        1.207766        0.500000
 grid1/grid1_000645.png/png
 burst_profile/burst_profile000645.png/png
       retry log10(dt/yr), log10(dt), retry_factor     1   650       -5.689286        1.809826        0.500000
 grid1/grid1_000650.png/png
 burst_profile/burst_profile000650.png/png
       retry log10(dt/yr), log10(dt), retry_factor     1   654       -5.833731        1.665381        0.500000
hydro_newton_step failed to accept
       retry log10(dt/yr), log10(dt), retry_factor     1   655       -6.231671        1.267441        0.500000
 grid1/grid1_000655.png/png
 burst_profile/burst_profile000655.png/png
       retry log10(dt/yr), log10(dt), retry_factor     1   656       -6.532701        0.966411        0.500000
       retry log10(dt/yr), log10(dt), retry_factor     2   656       -6.833731        0.665381        0.500000
 have reached retry limit so now backup
 grid1/grid1_000655.png/png
 burst_profile/burst_profile000655.png/png
 grid1/grid1_000660.png/png
 burst_profile/burst_profile000660.png/png
       retry log10(dt/yr), log10(dt), retry_factor     1   662       -6.389670        1.109442        0.500000
       retry log10(dt/yr), log10(dt), retry_factor     1   663       -6.761832        0.737280        0.500000
       retry log10(dt/yr), log10(dt), retry_factor     1   664       -7.159772        0.339340        0.500000
       retry log10(dt/yr), log10(dt), retry_factor     2   664       -7.460802        0.038310        0.500000
 grid1/grid1_000665.png/png
 burst_profile/burst_profile000665.png/png
hydro_newton_step failed to accept
       retry log10(dt/yr), log10(dt), retry_factor     1   666       -7.761832       -0.262720        0.500000
hydro_newton_step failed to accept
       retry log10(dt/yr), log10(dt), retry_factor     2   666       -8.062862       -0.563750        0.500000
 grid1/grid1_000670.png/png
 burst_profile/burst_profile000670.png/png
       retry log10(dt/yr), log10(dt), retry_factor     1   671       -7.226856        0.272256        0.500000
       retry log10(dt/yr), log10(dt), retry_factor     2   671       -7.527886       -0.028774        0.500000
       retry log10(dt/yr), log10(dt), retry_factor     1   672       -7.828916       -0.329804        0.500000
       retry log10(dt/yr), log10(dt), retry_factor     1   673       -8.129946       -0.630834        0.500000
 grid1/grid1_000675.png/png
 burst_profile/burst_profile000675.png/png
       retry log10(dt/yr), log10(dt), retry_factor     1   677       -8.504579       -1.005467        0.500000
 grid1/grid1_000680.png/png
 burst_profile/burst_profile000680.png/png
 grid1/grid1_000685.png/png
 burst_profile/burst_profile000685.png/png
 grid1/grid1_000690.png/png
 burst_profile/burst_profile000690.png/png
 grid1/grid1_000695.png/png
 burst_profile/burst_profile000695.png/png
        700   8.455320  9.093E+06   3.860417   5.439583   1.400000   1.400000   0.000000   0.000000   0.275200   0.066225  12.846042    867    132
  -8.992278   6.701147  -4.792468   3.306117   3.965417  -8.522879   0.000000   0.000000   0.000000   0.020000   0.045619  82.126761      6     21
 8.5587E-04  23.322422   3.203396   5.424692  14.398351  -0.719470   0.000000   0.000000   0.000000   0.000687  8.882E-01  0.619E-08        lgTeff

 grid1/grid1_000700.png/png
 burst_profile/burst_profile000700.png/png
 grid1/grid1_000705.png/png
 burst_profile/burst_profile000705.png/png
 grid1/grid1_000710.png/png
 burst_profile/burst_profile000710.png/png
 grid1/grid1_000715.png/png
 burst_profile/burst_profile000715.png/png
 grid1/grid1_000720.png/png
 burst_profile/burst_profile000720.png/png
 grid1/grid1_000725.png/png
 burst_profile/burst_profile000725.png/png
 grid1/grid1_000730.png/png
 burst_profile/burst_profile000730.png/png
 grid1/grid1_000735.png/png
 burst_profile/burst_profile000735.png/png
 grid1/grid1_000740.png/png
 burst_profile/burst_profile000740.png/png
 grid1/grid1_000745.png/png
 burst_profile/burst_profile000745.png/png
       retry log10(dt/yr), log10(dt), retry_factor     1   746       -9.049333       -1.550221        0.500000
hydro_newton_step failed to accept
       retry log10(dt/yr), log10(dt), retry_factor     1   747       -9.350363       -1.851251        0.500000
 grid1/grid1_000750.png/png
 burst_profile/burst_profile000750.png/png
 grid1/grid1_000755.png/png
 burst_profile/burst_profile000755.png/png
 grid1/grid1_000760.png/png
 burst_profile/burst_profile000760.png/png
 grid1/grid1_000765.png/png
 burst_profile/burst_profile000765.png/png
 grid1/grid1_000770.png/png
 burst_profile/burst_profile000770.png/png
hydro_newton_step failed to accept
       retry log10(dt/yr), log10(dt), retry_factor     1   773       -7.451253        0.047858        0.500000
 grid1/grid1_000775.png/png
 burst_profile/burst_profile000775.png/png
       retry log10(dt/yr), log10(dt), retry_factor     1   778       -7.681815       -0.182703        0.500000
hydro_newton_step failed to accept
       retry log10(dt/yr), log10(dt), retry_factor     1   779       -8.079755       -0.580643        0.500000
       retry log10(dt/yr), log10(dt), retry_factor     2   779       -8.380785       -0.881673        0.500000
 have reached retry limit so now backup
hydro_newton_step failed to accept
       retry log10(dt/yr), log10(dt), retry_factor     1   780       -8.722551       -1.223440        0.500000
 grid1/grid1_000780.png/png
 burst_profile/burst_profile000780.png/png
hydro_newton_step failed to accept
       retry log10(dt/yr), log10(dt), retry_factor     1   784       -8.421521       -0.922410        0.500000
 grid1/grid1_000785.png/png
 burst_profile/burst_profile000785.png/png
hydro_newton_step failed to accept
       retry log10(dt/yr), log10(dt), retry_factor     1   786       -8.275362       -0.776251        0.500000
       retry log10(dt/yr), log10(dt), retry_factor     2   786       -8.576392       -1.077281        0.500000
 grid1/grid1_000790.png/png
 burst_profile/burst_profile000790.png/png
 grid1/grid1_000795.png/png
 burst_profile/burst_profile000795.png/png
       retry log10(dt/yr), log10(dt), retry_factor     1   798       -7.949434       -0.450323        0.500000
       retry log10(dt/yr), log10(dt), retry_factor     2   798       -8.250464       -0.751353        0.500000
 have reached retry limit so now backup
        800   8.932582  1.550E+07   2.740449   5.123841   1.400000   1.400000   0.000000   0.000000   0.275200   0.022251   3.608725    911    144
  -7.949434   6.642165  -4.792295   2.405355   3.427411  -8.522879   0.000000   0.000000   0.000000   0.020000   0.021717  26.155409      6     23
 8.5741E-04  23.322616   4.130147   5.121206  14.633338  -0.864837   0.000000   0.000000   0.000000   0.000687  9.560E-01  0.456E-08          hold

 grid1/grid1_000800.png/png
 burst_profile/burst_profile000800.png/png
 grid1/grid1_000805.png/png
 burst_profile/burst_profile000805.png/png
 grid1/grid1_000810.png/png
 burst_profile/burst_profile000810.png/png
 grid1/grid1_000815.png/png
 burst_profile/burst_profile000815.png/png
       retry log10(dt/yr), log10(dt), retry_factor     1   817       -7.878940       -0.379828        0.500000
 grid1/grid1_000820.png/png
 burst_profile/burst_profile000820.png/png
hydro_newton_step failed to accept
       retry log10(dt/yr), log10(dt), retry_factor     1   822       -7.832243       -0.333131        0.500000
       retry log10(dt/yr), log10(dt), retry_factor     2   822       -8.133273       -0.634161        0.500000
 grid1/grid1_000825.png/png
 burst_profile/burst_profile000825.png/png
 grid1/grid1_000830.png/png
 burst_profile/burst_profile000830.png/png
       retry log10(dt/yr), log10(dt), retry_factor     1   831       -8.014494       -0.515382        0.500000
 grid1/grid1_000835.png/png
 burst_profile/burst_profile000835.png/png
 grid1/grid1_000840.png/png
 burst_profile/burst_profile000840.png/png
 grid1/grid1_000845.png/png
 burst_profile/burst_profile000845.png/png
 grid1/grid1_000850.png/png
 burst_profile/burst_profile000850.png/png
 grid1/grid1_000855.png/png
 burst_profile/burst_profile000855.png/png
 grid1/grid1_000860.png/png
 burst_profile/burst_profile000860.png/png
 grid1/grid1_000865.png/png
 burst_profile/burst_profile000865.png/png
 grid1/grid1_000870.png/png
 burst_profile/burst_profile000870.png/png
 grid1/grid1_000875.png/png
 burst_profile/burst_profile000875.png/png
 grid1/grid1_000880.png/png
 burst_profile/burst_profile000880.png/png
       retry log10(dt/yr), log10(dt), retry_factor     1   884       -5.641761        1.857351        0.500000
       retry log10(dt/yr), log10(dt), retry_factor     2   884       -5.942791        1.556321        0.500000
 grid1/grid1_000885.png/png
 burst_profile/burst_profile000885.png/png
 grid1/grid1_000890.png/png
 burst_profile/burst_profile000890.png/png
       retry log10(dt/yr), log10(dt), retry_factor     1   891       -5.408426        2.090686        0.500000
 grid1/grid1_000895.png/png
 burst_profile/burst_profile000895.png/png
       retry log10(dt/yr), log10(dt), retry_factor     1   896       -5.469696        2.029415        0.500000
       retry log10(dt/yr), log10(dt), retry_factor     1   897       -5.867636        1.631475        0.500000
        900   8.339507  3.474E+06   1.421850   1.454556   1.400000   1.400000   0.000000   0.000000   0.275200   0.040691  17.178565    949    153
  -5.566606   6.717128  -4.792871  -1.694579   0.616066  -8.522879   0.000000   0.000000   0.000000   0.020000   0.031591 108.548753      6     23
 9.8767E-04  23.341294   1.531262   0.310880  13.525934  -1.146507   0.000000   0.000000   0.000000   0.000687  9.277E-01  0.310E-12          hold

 grid1/grid1_000900.png/png
 burst_profile/burst_profile000900.png/png
       retry log10(dt/yr), log10(dt), retry_factor     1   902       -5.688078        1.811033        0.500000
 grid1/grid1_000905.png/png
 burst_profile/burst_profile000905.png/png
       retry log10(dt/yr), log10(dt), retry_factor     1   908       -5.421627        2.077485        0.500000
       retry log10(dt/yr), log10(dt), retry_factor     2   908       -5.722657        1.776455        0.500000
 have reached retry limit so now backup
 grid1/grid1_000910.png/png
 burst_profile/burst_profile000910.png/png
       retry log10(dt/yr), log10(dt), retry_factor     1   913       -5.553367        1.945745        0.500000
 grid1/grid1_000915.png/png
 burst_profile/burst_profile000915.png/png
       retry log10(dt/yr), log10(dt), retry_factor     1   918       -5.538918        1.960193        0.500000
       retry log10(dt/yr), log10(dt), retry_factor     2   918       -5.839948        1.659163        0.500000
       retry log10(dt/yr), log10(dt), retry_factor     1   919       -6.182419        1.316693        0.500000
       retry log10(dt/yr), log10(dt), retry_factor     1   920       -6.483449        1.015663        0.500000
 grid1/grid1_000920.png/png
 burst_profile/burst_profile000920.png/png

stop because model_number >= max_model_number
      922      922

        922   8.362115  3.752E+06   1.580255   1.611515   1.400000   1.400000   0.000000   0.000000   0.275200   0.055465  16.451355    970    161
  -6.182419   6.724659  -4.792836  -0.406572   0.757598  -8.522879   0.000000   0.000000   0.000000   0.020000   0.041367 103.639865      6     24
 1.0748E-03  23.353295   1.664874   0.388626  13.612719  -1.093847   0.000000   0.000000   0.000000   0.000687  9.032E-01 -0.155E-10          hold

save LOGS/profile5.data for model 922
save photos/x922 for model 922
save abund_profile_r_s31_ng_s32_01.data for model 922
 saved to final.mod
termination code: max_model_number
        922   8.362115  3.752E+06   1.580255   1.611515   1.400000   1.400000   0.000000   0.000000   0.275200   0.055465  16.451355    970    161
  -6.182419   6.724659  -4.792836  -0.406572   0.757598  -8.522879   0.000000   0.000000   0.000000   0.020000   0.041367 103.639865      6     24
 1.0748E-03  23.353295   1.664874   0.388626  13.612719  -1.093847   0.000000   0.000000   0.000000   0.000687  9.032E-01 -0.155E-10          hold

DATE: 2020-09-03
TIME: 02:37:26
