cp: missing destination file operand after ‘restart_photo’
Try 'cp --help' for more information.
                                         version_number       10108
 read /hpc/group/physics/al363/sens/base/inlist_base
 read inlist_cluster
load saved model /hpc/group/physics/al363/sens/base/ns_relax.mod

 change to /hpc/group/physics/al363/sens/base/rp_305.net
             set special rate factor for r_na22_ng_na23         257    1.0000000000000000D+02
             set special rate factor for r_na23_gn_na22         258    1.0000000000000000D+02
             set special rate factor for r_na22_ng_na23         257    1.0000000000000000D+02
             set special rate factor for r_na23_gn_na22         258    1.0000000000000000D+02
 number of species         305
 read /hpc/group/physics/al363/sens/base/history_customACL.list_tau
 read /hpc/group/physics/al363/sens/base/profile_customACL.list_tau
 net name /hpc/group/physics/al363/sens/base/rp_305.net
 v_flag T
                         which_atm_option: grey_and_kap
                                           xmstar/mstar    4.5461189430843640D-12
                                             xmstar (g)    1.2660395722219186D+22
                                           M_center (g)    2.7848799999878681D+33
                                            xmstar/Msun    6.3645665203193175D-12
                                          M_center/Msun    1.3999999999939012D+00
                                          R_center (cm)    1.1200000000000000D+06
                                          R_center/Rsun    1.6092416448748527D-05
                                           core density    4.7322078204273819D+14
                                          L_center/Lsun    4.1647144567650578D+00
 kappa_file_prefix gs98
 kappa_lowT_prefix lowT_fa05_gs98

   eos_file_prefix mesa
                                        OMP_NUM_THREADS           8


__________________________________________________________________________________________________________________________________________________

       step    lg_Tcntr    Teff       lg_LH     lg_Lnuc     Mass       H_rich     H_cntr     N_cntr     Y_surf     X_avg     eta_cntr  zones retry
   lg_dt_yr    lg_Dcntr    lg_R       lg_L3a    lg_Lneu     lg_Mdot    He_core    He_cntr    O_cntr     Z_surf     Y_avg     gam_cntr  iters bckup
     age_yr    lg_Pcntr    lg_L       lg_LZ     lg_Psurf    lg_Dsurf   C_core     C_cntr     Ne_cntr    Si_cntr    Z_avg     v_div_cs     dt_limit
__________________________________________________________________________________________________________________________________________________

save LOGS/profile1.data for model 2
 grid1/grid1_000005.png/png
 burst_profile/burst_profile000005.png/png
          6   8.165156  1.497E+06   0.087590   0.087976   1.400000   1.400000   0.000000   0.000000   0.275200   0.030886  22.514775    791      0
  -5.817651   6.610341  -4.793035 -18.862378  -1.086578  -8.522879   0.000000   0.000000   0.000000   0.020000   0.011710 149.410225      6      0
 4.0040E-06  23.176196   0.068337  -2.962874  12.744977  -1.553972   0.000000   0.000000   0.000000   0.000687  9.574E-01  0.395E-11      lgT_cntr

save LOGS/profile2.data for model 6
 grid1/grid1_000010.png/png
 burst_profile/burst_profile000010.png/png
 grid1/grid1_000015.png/png
 burst_profile/burst_profile000015.png/png
 grid1/grid1_000020.png/png
 burst_profile/burst_profile000020.png/png
 grid1/grid1_000025.png/png
 burst_profile/burst_profile000025.png/png
       retry log10(dt/yr), log10(dt), retry_factor     1    30       -5.531141        1.967970        0.500000
 grid1/grid1_000030.png/png
 burst_profile/burst_profile000030.png/png
       retry log10(dt/yr), log10(dt), retry_factor     1    35       -5.230111        2.269000        0.500000
       retry log10(dt/yr), log10(dt), retry_factor     2    35       -5.531141        1.967970        0.500000
 grid1/grid1_000035.png/png
 burst_profile/burst_profile000035.png/png
       retry log10(dt/yr), log10(dt), retry_factor     1    40       -5.230111        2.269000        0.500000
 grid1/grid1_000040.png/png
 burst_profile/burst_profile000040.png/png
       retry log10(dt/yr), log10(dt), retry_factor     1    44       -5.230111        2.269000        0.500000
 grid1/grid1_000045.png/png
 burst_profile/burst_profile000045.png/png
       retry log10(dt/yr), log10(dt), retry_factor     1    48       -5.230111        2.269000        0.500000
 grid1/grid1_000050.png/png
 burst_profile/burst_profile000050.png/png
       retry log10(dt/yr), log10(dt), retry_factor     1    52       -5.230111        2.269000        0.500000
       retry log10(dt/yr), log10(dt), retry_factor     1    54       -5.531141        1.967970        0.500000
       retry log10(dt/yr), log10(dt), retry_factor     2    54       -5.832171        1.666940        0.500000
 have reached retry limit so now backup
       retry log10(dt/yr), log10(dt), retry_factor     1    55       -6.133201        1.365910        0.500000
       retry log10(dt/yr), log10(dt), retry_factor     2    55       -6.434231        1.064880        0.500000
 have reached retry limit so now backup
 grid1/grid1_000055.png/png
 burst_profile/burst_profile000055.png/png
       retry log10(dt/yr), log10(dt), retry_factor     1    58       -6.735261        0.763850        0.500000
       retry log10(dt/yr), log10(dt), retry_factor     2    58       -7.036291        0.462820        0.500000
 have reached retry limit so now backup
 grid1/grid1_000060.png/png
 burst_profile/burst_profile000060.png/png
       retry log10(dt/yr), log10(dt), retry_factor     1    61       -7.337321        0.161790        0.500000
       retry log10(dt/yr), log10(dt), retry_factor     2    61       -7.638351       -0.139240        0.500000
 have reached retry limit so now backup
 grid1/grid1_000060.png/png
 burst_profile/burst_profile000060.png/png
       retry log10(dt/yr), log10(dt), retry_factor     1    63       -7.939381       -0.440270        0.500000
       retry log10(dt/yr), log10(dt), retry_factor     2    63       -8.240411       -0.741300        0.500000
 grid1/grid1_000065.png/png
 burst_profile/burst_profile000065.png/png
 grid1/grid1_000070.png/png
 burst_profile/burst_profile000070.png/png
 grid1/grid1_000075.png/png
 burst_profile/burst_profile000075.png/png
       retry log10(dt/yr), log10(dt), retry_factor     1    77       -5.230111        2.269000        0.500000
       retry log10(dt/yr), log10(dt), retry_factor     2    77       -5.531141        1.967970        0.500000
       retry log10(dt/yr), log10(dt), retry_factor     1    78       -5.832171        1.666940        0.500000
       retry log10(dt/yr), log10(dt), retry_factor     2    78       -6.133201        1.365910        0.500000
 have reached retry limit so now backup
 grid1/grid1_000080.png/png
 burst_profile/burst_profile000080.png/png
       retry log10(dt/yr), log10(dt), retry_factor     1    81       -6.434231        1.064880        0.500000
       retry log10(dt/yr), log10(dt), retry_factor     2    81       -6.735261        0.763850        0.500000
 have reached retry limit so now backup
 grid1/grid1_000080.png/png
 burst_profile/burst_profile000080.png/png
       retry log10(dt/yr), log10(dt), retry_factor     1    82       -7.036291        0.462820        0.500000
       retry log10(dt/yr), log10(dt), retry_factor     2    82       -7.337321        0.161790        0.500000
 have reached retry limit so now backup
       retry log10(dt/yr), log10(dt), retry_factor     1    84       -7.638351       -0.139240        0.500000
       retry log10(dt/yr), log10(dt), retry_factor     2    84       -7.939381       -0.440270        0.500000
 have reached retry limit so now backup
 grid1/grid1_000085.png/png
 burst_profile/burst_profile000085.png/png
       retry log10(dt/yr), log10(dt), retry_factor     1    86       -8.240411       -0.741300        0.500000
 grid1/grid1_000090.png/png
 burst_profile/burst_profile000090.png/png
 grid1/grid1_000095.png/png
 burst_profile/burst_profile000095.png/png
       retry log10(dt/yr), log10(dt), retry_factor     1    99       -5.710092        1.789019        0.500000
       retry log10(dt/yr), log10(dt), retry_factor     1   100       -6.033204        1.465908        0.500000
        100   8.432255  4.510E+06   1.964154   2.045187   1.400000   1.400000   0.000000   0.000000   0.275200   0.100395  12.597910    751     30
  -5.732174   6.643026  -4.792810   0.955726   1.153306  -8.522879   0.000000   0.000000   0.000000   0.020000   0.058425  82.827841      6      8
 3.1115E-04  23.234762   1.984496   0.993737  13.821585  -0.966938   0.000000   0.000000   0.000000   0.000687  8.412E-01  0.724E-13         retry

 grid1/grid1_000100.png/png
 burst_profile/burst_profile000100.png/png
       retry log10(dt/yr), log10(dt), retry_factor     1   101       -6.334234        1.164878        0.500000
       retry log10(dt/yr), log10(dt), retry_factor     1   103       -6.635264        0.863848        0.500000
       retry log10(dt/yr), log10(dt), retry_factor     1   105       -6.936294        0.562818        0.500000
 grid1/grid1_000105.png/png
 burst_profile/burst_profile000105.png/png
       retry log10(dt/yr), log10(dt), retry_factor     1   106       -7.237324        0.261788        0.500000
       retry log10(dt/yr), log10(dt), retry_factor     1   107       -7.538354       -0.039242        0.500000
       retry log10(dt/yr), log10(dt), retry_factor     1   110       -7.839384       -0.340272        0.500000
 grid1/grid1_000110.png/png
 burst_profile/burst_profile000110.png/png
       retry log10(dt/yr), log10(dt), retry_factor     1   111       -8.140414       -0.641302        0.500000
 grid1/grid1_000115.png/png
 burst_profile/burst_profile000115.png/png
 grid1/grid1_000120.png/png
 burst_profile/burst_profile000120.png/png
 grid1/grid1_000125.png/png
 burst_profile/burst_profile000125.png/png
 grid1/grid1_000130.png/png
 burst_profile/burst_profile000130.png/png
 grid1/grid1_000135.png/png
 burst_profile/burst_profile000135.png/png
 grid1/grid1_000140.png/png
 burst_profile/burst_profile000140.png/png
 grid1/grid1_000145.png/png
 burst_profile/burst_profile000145.png/png
 grid1/grid1_000150.png/png
 burst_profile/burst_profile000150.png/png
 grid1/grid1_000155.png/png
 burst_profile/burst_profile000155.png/png
 grid1/grid1_000160.png/png
 burst_profile/burst_profile000160.png/png
                       super eddington wind: lg_Mdot, L/Ledd         162    -9.45151     1.01442
                       super eddington wind: lg_Mdot, L/Ledd         163    -8.93512     1.04729
                       super eddington wind: lg_Mdot, L/Ledd         164    -8.72368     1.07690
                       super eddington wind: lg_Mdot, L/Ledd         165    -8.59950     1.10237
 grid1/grid1_000165.png/png
 burst_profile/burst_profile000165.png/png
                       super eddington wind: lg_Mdot, L/Ledd         166    -8.50305     1.12766
/var/spool/slurmd/job38634693/slurm_script: line 54: 129433 Killed                  $MESA_BASE/star >> /hpc/group/physics/al363/sens/errors/slurm._${SLURM_ARRAY_JOB_ID}_${SLURM_ARRAY_TASK_ID}.err
DATE: 2020-07-24
TIME: 02:16:41
