ls: cannot access './861/photos': No such file or directory
starting from scratch 
                                         version_number       10108
 read /hpc/group/physics/al363/low_overhead/sens/base/inlist_base
 read inlist_cluster
load saved model /hpc/group/physics/al363/sens/base/ns_relax.mod

 change to /hpc/group/physics/al363/sens/base/rp_305.net
              set special rate factor for r_y81_pn_zr81         861    1.0000000000000000D+02
              set special rate factor for r_zr81_np_y81         862    1.0000000000000000D+02
              set special rate factor for r_y81_pn_zr81         861    1.0000000000000000D+02
              set special rate factor for r_zr81_np_y81         862    1.0000000000000000D+02
 number of species         305
 read /hpc/group/physics/al363/low_overhead/sens/base/history_custom_low_overhead
 read /hpc/group/physics/al363/low_overhead/sens/base/profile_custom_low_overhead
 net name /hpc/group/physics/al363/sens/base/rp_305.net
 v_flag T
                                           xmstar/mstar    4.5461189430843640D-12
                                             xmstar (g)    1.2660395722219186D+22
                                           M_center (g)    2.7848799999878681D+33
                                            xmstar/Msun    6.3645665203193175D-12
                                          M_center/Msun    1.3999999999939012D+00
                                          R_center (cm)    1.1200000000000000D+06
                                          R_center/Rsun    1.6092416448748527D-05
                                           core density    4.7322078204273819D+14
                                          L_center/Lsun    4.1647144567650578D+00
 kappa_file_prefix gs98
 kappa_lowT_prefix lowT_fa05_gs98

   eos_file_prefix mesa
                                        OMP_NUM_THREADS           8


__________________________________________________________________________________________________________________________________________________

       step    lg_Tcntr    Teff       lg_LH     lg_Lnuc     Mass       H_rich     H_cntr     N_cntr     Y_surf     X_avg     eta_cntr  zones retry
   lg_dt_yr    lg_Dcntr    lg_R       lg_L3a    lg_Lneu     lg_Mdot    He_core    He_cntr    O_cntr     Z_surf     Y_avg     gam_cntr  iters bckup
     age_yr    lg_Pcntr    lg_L       lg_LZ     lg_Psurf    lg_Dsurf   C_core     C_cntr     Ne_cntr    Si_cntr    Z_avg     v_div_cs     dt_limit
__________________________________________________________________________________________________________________________________________________

save LOGS/profile1.data for model 2
         12   8.207068  1.596E+06   0.422373   0.422680   1.400000   1.400000   0.000000   0.000000   0.275200   0.032716  18.782540    782      0
  -5.834864   6.544453  -4.792968 -17.300136  -0.755568  -8.522879   0.000000   0.000000   0.000000   0.020000   0.012436 128.974929      6      0
 9.8181E-06  23.077272   0.179446  -2.727454  12.804639  -1.522785   0.000000   0.000000   0.000000   0.000687  9.548E-01 -0.112E-12      lgT_cntr

save LOGS/profile2.data for model 12
       retry log10(dt/yr), log10(dt), retry_factor     1    34       -5.396345        2.102767        0.500000
       retry log10(dt/yr), log10(dt), retry_factor     1    38       -5.396345        2.102767        0.500000
       retry log10(dt/yr), log10(dt), retry_factor     1    42       -5.396345        2.102767        0.500000
       retry log10(dt/yr), log10(dt), retry_factor     1    46       -5.396345        2.102767        0.500000
       retry log10(dt/yr), log10(dt), retry_factor     1    51       -5.095315        2.403797        0.500000
       retry log10(dt/yr), log10(dt), retry_factor     1    52       -5.095315        2.403797        0.500000
       retry log10(dt/yr), log10(dt), retry_factor     1    53       -5.095315        2.403797        0.500000
       retry log10(dt/yr), log10(dt), retry_factor     1    54       -5.095315        2.403797        0.500000
       retry log10(dt/yr), log10(dt), retry_factor     1    55       -5.095315        2.403797        0.500000
       retry log10(dt/yr), log10(dt), retry_factor     1    56       -5.095315        2.403797        0.500000
       retry log10(dt/yr), log10(dt), retry_factor     2    56       -5.396345        2.102767        0.500000
       retry log10(dt/yr), log10(dt), retry_factor     1    60       -5.396345        2.102767        0.500000
       retry log10(dt/yr), log10(dt), retry_factor     1    61       -5.697375        1.801737        0.500000
       retry log10(dt/yr), log10(dt), retry_factor     1    62       -5.998405        1.500707        0.500000
       retry log10(dt/yr), log10(dt), retry_factor     1    64       -6.299435        1.199677        0.500000
hydro_newton_step failed to accept
       retry log10(dt/yr), log10(dt), retry_factor     1    65       -6.600465        0.898647        0.500000
       retry log10(dt/yr), log10(dt), retry_factor     1    67       -6.901495        0.597617        0.500000
       retry log10(dt/yr), log10(dt), retry_factor     1    69       -7.202525        0.296587        0.500000
       retry log10(dt/yr), log10(dt), retry_factor     1    70       -7.503555       -0.004443        0.500000
       retry log10(dt/yr), log10(dt), retry_factor     1    72       -7.804585       -0.305473        0.500000
       retry log10(dt/yr), log10(dt), retry_factor     1    74       -8.105615       -0.606503        0.500000
       retry log10(dt/yr), log10(dt), retry_factor     1    75       -8.439704       -0.940592        0.500000
       retry log10(dt/yr), log10(dt), retry_factor     1   142       -8.644218       -1.145107        0.500000
       retry log10(dt/yr), log10(dt), retry_factor     1   143       -9.042158       -1.543047        0.500000
       retry log10(dt/yr), log10(dt), retry_factor     1   161       -8.767686       -1.268575        0.500000
       retry log10(dt/yr), log10(dt), retry_factor     2   161       -9.068716       -1.569605        0.500000
 have reached retry limit so now backup
       retry log10(dt/yr), log10(dt), retry_factor     1   171       -8.775993       -1.276881        0.500000
       retry log10(dt/yr), log10(dt), retry_factor     1   186       -7.399756        0.099355        0.500000
       retry log10(dt/yr), log10(dt), retry_factor     1   192       -7.559378       -0.060266        0.500000
hydro_newton_step failed to accept
       retry log10(dt/yr), log10(dt), retry_factor     2   192       -7.860408       -0.361296        0.500000
 have reached retry limit so now backup
hydro_newton_step failed to accept
       retry log10(dt/yr), log10(dt), retry_factor     1   196       -8.190113       -0.691001        0.500000
       retry log10(dt/yr), log10(dt), retry_factor     1   223       -7.779486       -0.280374        0.500000
hydro_newton_step failed to accept
       retry log10(dt/yr), log10(dt), retry_factor     2   223       -8.080516       -0.581404        0.500000
       retry log10(dt/yr), log10(dt), retry_factor     1   229       -7.626833       -0.127722        0.500000
       retry log10(dt/yr), log10(dt), retry_factor     2   229       -7.927863       -0.428752        0.500000
       retry log10(dt/yr), log10(dt), retry_factor     1   244       -7.596998       -0.097887        0.500000
       retry log10(dt/yr), log10(dt), retry_factor     1   274       -6.412903        1.086208        0.500000
       retry log10(dt/yr), log10(dt), retry_factor     2   274       -6.713933        0.785178        0.500000
       retry log10(dt/yr), log10(dt), retry_factor     1   285       -5.587124        1.911988        0.500000
hydro_newton_step failed to accept
       retry log10(dt/yr), log10(dt), retry_factor     2   285       -5.888154        1.610958        0.500000
 have reached retry limit so now backup
       retry log10(dt/yr), log10(dt), retry_factor     1   292       -5.313866        2.185246        0.500000
hydro_newton_step failed to accept
       retry log10(dt/yr), log10(dt), retry_factor     2   292       -5.614896        1.884216        0.500000
 have reached retry limit so now backup
       retry log10(dt/yr), log10(dt), retry_factor     1   293       -6.012836        1.486276        0.500000
       retry log10(dt/yr), log10(dt), retry_factor     1   299       -5.605997        1.893115        0.500000
       retry log10(dt/yr), log10(dt), retry_factor     1   306       -5.394531        2.104581        0.500000
hydro_newton_step failed to accept
       retry log10(dt/yr), log10(dt), retry_factor     2   306       -5.695561        1.803551        0.500000
       retry log10(dt/yr), log10(dt), retry_factor     1   307       -5.996591        1.502521        0.500000
       retry log10(dt/yr), log10(dt), retry_factor     1   314       -5.361751        2.137361        0.500000
       retry log10(dt/yr), log10(dt), retry_factor     2   314       -5.662781        1.836331        0.500000
       retry log10(dt/yr), log10(dt), retry_factor     1   319       -5.428471        2.070640        0.500000
       retry log10(dt/yr), log10(dt), retry_factor     1   320       -5.729501        1.769610        0.500000
       retry log10(dt/yr), log10(dt), retry_factor     1   325       -5.728588        1.770523        0.500000
hydro_newton_step failed to accept
       retry log10(dt/yr), log10(dt), retry_factor     2   325       -6.029618        1.469493        0.500000
       retry log10(dt/yr), log10(dt), retry_factor     1   331       -5.769702        1.729409        0.500000
hydro_newton_step failed to accept
       retry log10(dt/yr), log10(dt), retry_factor     2   331       -6.070732        1.428379        0.500000
       retry log10(dt/yr), log10(dt), retry_factor     1   332       -6.420912        1.078199        0.500000
       retry log10(dt/yr), log10(dt), retry_factor     1   333       -6.721942        0.777169        0.500000
       retry log10(dt/yr), log10(dt), retry_factor     1   340       -5.960356        1.538755        0.500000
       retry log10(dt/yr), log10(dt), retry_factor     1   341       -6.304880        1.194231        0.500000
        341   8.435832  4.534E+06   1.961908   2.090065   1.400000   1.400000   0.000000   0.000000   0.275200   0.077626  11.920081    765     59
  -6.003850   6.606364  -4.792683   1.232669   1.171614  -8.522879   0.000000   0.000000   0.000000   0.020000   0.055736  79.868949      6      4
 5.8117E-04  23.180355   1.994190   1.157025  13.827497  -0.963412   0.000000   0.000000   0.000000   0.000687  8.666E-01  0.150E-13         retry

save LOGS/profile3.data for model 341
       retry log10(dt/yr), log10(dt), retry_factor     1   342       -6.684125        0.814987        0.500000
       retry log10(dt/yr), log10(dt), retry_factor     1   346       -6.757317        0.741795        0.500000
       retry log10(dt/yr), log10(dt), retry_factor     1   348       -7.058347        0.440765        0.500000
       retry log10(dt/yr), log10(dt), retry_factor     1   351       -7.359377        0.139735        0.500000
       retry log10(dt/yr), log10(dt), retry_factor     1   352       -7.660407       -0.161295        0.500000
       retry log10(dt/yr), log10(dt), retry_factor     1   355       -7.961437       -0.462325        0.500000
       retry log10(dt/yr), log10(dt), retry_factor     1   356       -8.262467       -0.763355        0.500000
       retry log10(dt/yr), log10(dt), retry_factor     1   392       -9.287542       -1.788431        0.500000
       retry log10(dt/yr), log10(dt), retry_factor     1   447       -7.364400        0.134712        0.500000
hydro_newton_step failed to accept
       retry log10(dt/yr), log10(dt), retry_factor     2   447       -7.665430       -0.166318        0.500000
       retry log10(dt/yr), log10(dt), retry_factor     1   452       -8.257190       -0.758078        0.500000
hydro_newton_step failed to accept
       retry log10(dt/yr), log10(dt), retry_factor     2   452       -8.558220       -1.059108        0.500000
       retry log10(dt/yr), log10(dt), retry_factor     1   483       -7.719305       -0.220193        0.500000
       retry log10(dt/yr), log10(dt), retry_factor     1   489       -7.964872       -0.465760        0.500000
       retry log10(dt/yr), log10(dt), retry_factor     2   489       -8.265902       -0.766790        0.500000
       retry log10(dt/yr), log10(dt), retry_factor     1   495       -7.663842       -0.164730        0.500000
       retry log10(dt/yr), log10(dt), retry_factor     2   495       -7.964872       -0.465760        0.500000
 have reached retry limit so now backup
 bad other yaxis for History panels plot num_zones

 ERROR: failed to find log_Teff in history data

 grid1/grid1_000500.png/png
       retry log10(dt/yr), log10(dt), retry_factor     1   501       -7.733057       -0.233946        0.500000
       retry log10(dt/yr), log10(dt), retry_factor     2   501       -8.034087       -0.534976        0.500000
       retry log10(dt/yr), log10(dt), retry_factor     1   515       -7.420602        0.078510        0.500000
       retry log10(dt/yr), log10(dt), retry_factor     2   515       -7.721632       -0.222520        0.500000
       retry log10(dt/yr), log10(dt), retry_factor     1   555       -5.420729        2.078382        0.500000
hydro_newton_step failed to accept
       retry log10(dt/yr), log10(dt), retry_factor     2   555       -5.721759        1.777352        0.500000
 have reached retry limit so now backup
       retry log10(dt/yr), log10(dt), retry_factor     1   560       -5.420729        2.078382        0.500000
       retry log10(dt/yr), log10(dt), retry_factor     1   565       -5.297442        2.201670        0.500000
       retry log10(dt/yr), log10(dt), retry_factor     1   567       -5.695382        1.803730        0.500000
       retry log10(dt/yr), log10(dt), retry_factor     1   572       -5.536556        1.962556        0.500000
       retry log10(dt/yr), log10(dt), retry_factor     1   577       -5.543352        1.955760        0.500000
       retry log10(dt/yr), log10(dt), retry_factor     1   581       -5.676257        1.822854        0.500000
       retry log10(dt/yr), log10(dt), retry_factor     1   586       -5.375227        2.123884        0.500000
       retry log10(dt/yr), log10(dt), retry_factor     2   586       -5.676257        1.822854        0.500000
 have reached retry limit so now backup
hydro_newton_step failed to accept
       retry log10(dt/yr), log10(dt), retry_factor     1   587       -6.171107        1.328004        0.500000
       retry log10(dt/yr), log10(dt), retry_factor     1   592       -5.662713        1.836398        0.500000
hydro_newton_step failed to accept
       retry log10(dt/yr), log10(dt), retry_factor     1   594       -6.060653        1.438458        0.500000
hydro_newton_step failed to accept
       retry log10(dt/yr), log10(dt), retry_factor     2   594       -6.361683        1.137428        0.500000
 have reached retry limit so now backup
hydro_newton_step failed to accept
       retry log10(dt/yr), log10(dt), retry_factor     1   598       -6.426565        1.072547        0.500000
       retry log10(dt/yr), log10(dt), retry_factor     1   599       -6.476464        1.022647        0.500000
       retry log10(dt/yr), log10(dt), retry_factor     2   599       -6.777494        0.721617        0.500000
       retry log10(dt/yr), log10(dt), retry_factor     1   606       -6.033748        1.465363        0.500000
       retry log10(dt/yr), log10(dt), retry_factor     1   607       -6.426355        1.072757        0.500000
hydro_newton_step failed to accept
       retry log10(dt/yr), log10(dt), retry_factor     1   608       -6.824295        0.674817        0.500000
       retry log10(dt/yr), log10(dt), retry_factor     1   609       -7.125325        0.373787        0.500000
hydro_newton_step failed to accept
       retry log10(dt/yr), log10(dt), retry_factor     1   615       -6.523265        0.975847        0.500000
       retry log10(dt/yr), log10(dt), retry_factor     1   616       -6.523265        0.975847        0.500000
       retry log10(dt/yr), log10(dt), retry_factor     1   618       -6.824295        0.674817        0.500000
hydro_newton_step failed to accept
       retry log10(dt/yr), log10(dt), retry_factor     2   618       -7.125325        0.373787        0.500000
hydro_newton_step failed to accept
       retry log10(dt/yr), log10(dt), retry_factor     1   620       -7.426355        0.072757        0.500000
       retry log10(dt/yr), log10(dt), retry_factor     1   622       -7.426355        0.072757        0.500000
       retry log10(dt/yr), log10(dt), retry_factor     1   623       -7.727385       -0.228273        0.500000
       retry log10(dt/yr), log10(dt), retry_factor     1   625       -8.028415       -0.529303        0.500000
hydro_newton_step failed to accept
       retry log10(dt/yr), log10(dt), retry_factor     2   625       -8.329445       -0.830333        0.500000
 have reached retry limit so now backup
       retry log10(dt/yr), log10(dt), retry_factor     1   628       -8.630475       -1.131363        0.500000
       retry log10(dt/yr), log10(dt), retry_factor     1   636       -8.335707       -0.836595        0.500000
       retry log10(dt/yr), log10(dt), retry_factor     1   639       -8.691921       -1.192809        0.500000
       retry log10(dt/yr), log10(dt), retry_factor     1   644       -9.057704       -1.558592        0.500000
       retry log10(dt/yr), log10(dt), retry_factor     1   672       -9.153609       -1.654497        0.500000
       retry log10(dt/yr), log10(dt), retry_factor     1   723       -7.539125       -0.040013        0.500000
hydro_newton_step failed to accept
       retry log10(dt/yr), log10(dt), retry_factor     2   723       -7.840155       -0.341043        0.500000
       retry log10(dt/yr), log10(dt), retry_factor     1   725       -8.238095       -0.738984        0.500000
hydro_newton_step failed to accept
       retry log10(dt/yr), log10(dt), retry_factor     2   725       -8.539125       -1.040013        0.500000
       retry log10(dt/yr), log10(dt), retry_factor     1   733       -7.956983       -0.457872        0.500000
hydro_newton_step failed to accept
       retry log10(dt/yr), log10(dt), retry_factor     2   733       -8.258013       -0.758902        0.500000
 have reached retry limit so now backup
       retry log10(dt/yr), log10(dt), retry_factor     1   745       -7.858334       -0.359223        0.500000
hydro_newton_step failed to accept
       retry log10(dt/yr), log10(dt), retry_factor     2   745       -8.159364       -0.660253        0.500000
 have reached retry limit so now backup
       retry log10(dt/yr), log10(dt), retry_factor     1   776       -7.602104       -0.102992        0.500000
       retry log10(dt/yr), log10(dt), retry_factor     2   776       -7.903134       -0.404022        0.500000
 have reached retry limit so now backup
       retry log10(dt/yr), log10(dt), retry_factor     1   784       -7.654072       -0.154961        0.500000
       retry log10(dt/yr), log10(dt), retry_factor     2   784       -7.955102       -0.455991        0.500000
 have reached retry limit so now backup
       retry log10(dt/yr), log10(dt), retry_factor     1   831       -5.667594        1.831518        0.500000
       retry log10(dt/yr), log10(dt), retry_factor     2   831       -5.968624        1.530488        0.500000
       retry log10(dt/yr), log10(dt), retry_factor     1   832       -6.269654        1.229458        0.500000
       retry log10(dt/yr), log10(dt), retry_factor     1   839       -5.572989        1.926123        0.500000
       retry log10(dt/yr), log10(dt), retry_factor     1   844       -5.271959        2.227153        0.500000
       retry log10(dt/yr), log10(dt), retry_factor     2   844       -5.572989        1.926123        0.500000
 have reached retry limit so now backup
       retry log10(dt/yr), log10(dt), retry_factor     1   845       -6.067839        1.431273        0.500000
       retry log10(dt/yr), log10(dt), retry_factor     1   846       -6.368869        1.130243        0.500000
       retry log10(dt/yr), log10(dt), retry_factor     1   853       -5.592015        1.907096        0.500000
       retry log10(dt/yr), log10(dt), retry_factor     1   858       -5.377002        2.122110        0.500000
       retry log10(dt/yr), log10(dt), retry_factor     1   859       -5.678032        1.821080        0.500000
       retry log10(dt/yr), log10(dt), retry_factor     1   861       -6.099139        1.399973        0.500000
       retry log10(dt/yr), log10(dt), retry_factor     1   862       -6.400169        1.098943        0.500000
       retry log10(dt/yr), log10(dt), retry_factor     1   870       -5.462893        2.036219        0.500000
       retry log10(dt/yr), log10(dt), retry_factor     2   870       -5.763923        1.735189        0.500000
       retry log10(dt/yr), log10(dt), retry_factor     1   875       -5.540706        1.958405        0.500000
       retry log10(dt/yr), log10(dt), retry_factor     1   876       -5.841736        1.657375        0.500000
       retry log10(dt/yr), log10(dt), retry_factor     1   882       -5.676413        1.822698        0.500000
       retry log10(dt/yr), log10(dt), retry_factor     2   882       -5.977443        1.521668        0.500000
       retry log10(dt/yr), log10(dt), retry_factor     1   887       -5.926791        1.572321        0.500000
hydro_newton_step failed to accept
       retry log10(dt/yr), log10(dt), retry_factor     1   888       -6.324731        1.174381        0.500000
hydro_newton_step failed to accept
       retry log10(dt/yr), log10(dt), retry_factor     1   889       -6.722671        0.776441        0.500000
       retry log10(dt/yr), log10(dt), retry_factor     1   894       -6.060006        1.439105        0.500000
       retry log10(dt/yr), log10(dt), retry_factor     1   895       -6.457946        1.041165        0.500000
       retry log10(dt/yr), log10(dt), retry_factor     2   895       -6.758976        0.740135        0.500000
 have reached retry limit so now backup
hydro_newton_step failed to accept
       retry log10(dt/yr), log10(dt), retry_factor     1   899       -6.828554        0.670557        0.500000
       retry log10(dt/yr), log10(dt), retry_factor     1   900       -6.880275        0.618837        0.500000
       retry log10(dt/yr), log10(dt), retry_factor     2   900       -7.181305        0.317807        0.500000
       retry log10(dt/yr), log10(dt), retry_factor     1   907       -6.453486        1.045626        0.500000
       retry log10(dt/yr), log10(dt), retry_factor     2   907       -6.754516        0.744596        0.500000
       retry log10(dt/yr), log10(dt), retry_factor     1   909       -7.055546        0.443566        0.500000
       retry log10(dt/yr), log10(dt), retry_factor     2   909       -7.356576        0.142536        0.500000
       retry log10(dt/yr), log10(dt), retry_factor     1   912       -7.657606       -0.158494        0.500000
       retry log10(dt/yr), log10(dt), retry_factor     1   914       -7.958636       -0.459524        0.500000
       retry log10(dt/yr), log10(dt), retry_factor     1   915       -8.259666       -0.760554        0.500000
       retry log10(dt/yr), log10(dt), retry_factor     1   931       -8.783353       -1.284241        0.500000
       retry log10(dt/yr), log10(dt), retry_factor     1   960       -9.153236       -1.654124        0.500000
       1000   8.813043  1.966E+07   3.359359   6.226836   1.400000   1.400000   0.000000   0.000000   0.275200   0.047572   4.854037    994    164
  -7.871650   6.623147  -4.790626   2.777442   3.955981  -8.522879   0.000000   0.000000   0.000000   0.020000   0.034381  33.943881      6     15
 1.1169E-03  23.258700   4.546849   6.226092  14.828209  -0.950370   0.000000   0.000000   0.000000   0.000687  9.180E-01 -0.164E-08      lgT_cntr

save LOGS/profile4.data for model 1000
save photos/1000 for model 1000
 bad other yaxis for History panels plot num_zones

 ERROR: failed to find log_Teff in history data

 grid1/grid1_001000.png/png
       retry log10(dt/yr), log10(dt), retry_factor     1  1018       -7.365740        0.133372        0.500000
       retry log10(dt/yr), log10(dt), retry_factor     2  1018       -7.666770       -0.167658        0.500000
 have reached retry limit so now backup
hydro_newton_step failed to accept
       retry log10(dt/yr), log10(dt), retry_factor     1  1020       -8.258530       -0.759418        0.500000
hydro_newton_step failed to accept
       retry log10(dt/yr), log10(dt), retry_factor     2  1020       -8.559560       -1.060448        0.500000
       retry log10(dt/yr), log10(dt), retry_factor     1  1024       -8.339929       -0.840818        0.500000
       retry log10(dt/yr), log10(dt), retry_factor     1  1033       -7.813242       -0.314130        0.500000
       retry log10(dt/yr), log10(dt), retry_factor     2  1033       -8.114272       -0.615160        0.500000
       retry log10(dt/yr), log10(dt), retry_factor     1  1062       -7.627856       -0.128745        0.500000
       retry log10(dt/yr), log10(dt), retry_factor     2  1062       -7.928886       -0.429775        0.500000
       retry log10(dt/yr), log10(dt), retry_factor     1  1069       -7.531630       -0.032518        0.500000
       retry log10(dt/yr), log10(dt), retry_factor     2  1069       -7.832660       -0.333548        0.500000
 have reached retry limit so now backup
       retry log10(dt/yr), log10(dt), retry_factor     1  1075       -7.675584       -0.176472        0.500000
       retry log10(dt/yr), log10(dt), retry_factor     2  1075       -7.976614       -0.477502        0.500000
 have reached retry limit so now backup
       retry log10(dt/yr), log10(dt), retry_factor     1  1083       -7.480778        0.018333        0.500000
       retry log10(dt/yr), log10(dt), retry_factor     1  1123       -5.926680        1.572431        0.500000
       retry log10(dt/yr), log10(dt), retry_factor     2  1123       -6.227710        1.271401        0.500000
 have reached retry limit so now backup
       retry log10(dt/yr), log10(dt), retry_factor     1  1130       -5.324620        2.174491        0.500000
       retry log10(dt/yr), log10(dt), retry_factor     1  1131       -5.625650        1.873461        0.500000
       retry log10(dt/yr), log10(dt), retry_factor     2  1131       -5.926680        1.572431        0.500000
       retry log10(dt/yr), log10(dt), retry_factor     1  1132       -6.227710        1.271401        0.500000
       retry log10(dt/yr), log10(dt), retry_factor     1  1138       -5.761873        1.737238        0.500000
       retry log10(dt/yr), log10(dt), retry_factor     1  1139       -6.062903        1.436208        0.500000
       retry log10(dt/yr), log10(dt), retry_factor     1  1145       -5.666095        1.833017        0.500000
       retry log10(dt/yr), log10(dt), retry_factor     1  1150       -5.365065        2.134047        0.500000
       retry log10(dt/yr), log10(dt), retry_factor     1  1153       -5.763005        1.736107        0.500000
       retry log10(dt/yr), log10(dt), retry_factor     1  1159       -5.459110        2.040001        0.500000
       retry log10(dt/yr), log10(dt), retry_factor     2  1159       -5.760140        1.738971        0.500000
       retry log10(dt/yr), log10(dt), retry_factor     1  1161       -6.156518        1.342593        0.500000
       retry log10(dt/yr), log10(dt), retry_factor     2  1161       -6.457548        1.041563        0.500000
 have reached retry limit so now backup
       retry log10(dt/yr), log10(dt), retry_factor     1  1169       -5.480922        2.018189        0.500000
       retry log10(dt/yr), log10(dt), retry_factor     1  1170       -5.781952        1.717159        0.500000
       retry log10(dt/yr), log10(dt), retry_factor     2  1170       -6.082982        1.416129        0.500000
 have reached retry limit so now backup
       retry log10(dt/yr), log10(dt), retry_factor     1  1177       -5.727977        1.771134        0.500000
       retry log10(dt/yr), log10(dt), retry_factor     2  1177       -6.029007        1.470104        0.500000
 have reached retry limit so now backup
hydro_newton_step failed to accept
       retry log10(dt/yr), log10(dt), retry_factor     1  1181       -6.090865        1.408247        0.500000
       retry log10(dt/yr), log10(dt), retry_factor     1  1182       -6.488805        1.010307        0.500000
       retry log10(dt/yr), log10(dt), retry_factor     1  1183       -6.789835        0.709277        0.500000
       retry log10(dt/yr), log10(dt), retry_factor     1  1191       -5.585715        1.913397        0.500000
hydro_newton_step failed to accept
       retry log10(dt/yr), log10(dt), retry_factor     2  1191       -5.886745        1.612367        0.500000
       retry log10(dt/yr), log10(dt), retry_factor     1  1195       -6.284685        1.214427        0.500000
       retry log10(dt/yr), log10(dt), retry_factor     2  1195       -6.585715        0.913397        0.500000
       retry log10(dt/yr), log10(dt), retry_factor     1  1200       -6.284685        1.214427        0.500000
hydro_newton_step failed to accept
       retry log10(dt/yr), log10(dt), retry_factor     1  1201       -6.585715        0.913397        0.500000
       retry log10(dt/yr), log10(dt), retry_factor     1  1203       -6.886745        0.612367        0.500000
       retry log10(dt/yr), log10(dt), retry_factor     1  1205       -7.187775        0.311337        0.500000
       retry log10(dt/yr), log10(dt), retry_factor     1  1207       -7.488805        0.010307        0.500000
       retry log10(dt/yr), log10(dt), retry_factor     1  1210       -7.789835       -0.290723        0.500000
       retry log10(dt/yr), log10(dt), retry_factor     1  1213       -8.187775       -0.688663        0.500000
       retry log10(dt/yr), log10(dt), retry_factor     1  1214       -8.488805       -0.989693        0.500000
       retry log10(dt/yr), log10(dt), retry_factor     2  1214       -8.789835       -1.290723        0.500000
       retry log10(dt/yr), log10(dt), retry_factor     1  1221       -8.730024       -1.230913        0.500000
       retry log10(dt/yr), log10(dt), retry_factor     1  1251       -9.314438       -1.815327        0.500000
       retry log10(dt/yr), log10(dt), retry_factor     1  1302       -7.504846       -0.005734        0.500000
hydro_newton_step failed to accept
       retry log10(dt/yr), log10(dt), retry_factor     2  1302       -7.805876       -0.306764        0.500000
       retry log10(dt/yr), log10(dt), retry_factor     1  1303       -8.203816       -0.704704        0.500000
hydro_newton_step failed to accept
       retry log10(dt/yr), log10(dt), retry_factor     1  1304       -8.504846       -1.005734        0.500000
       retry log10(dt/yr), log10(dt), retry_factor     1  1308       -8.203816       -0.704704        0.500000
       retry log10(dt/yr), log10(dt), retry_factor     1  1311       -8.504846       -1.005734        0.500000
hydro_newton_step failed to accept
       retry log10(dt/yr), log10(dt), retry_factor     1  1321       -8.090055       -0.590944        0.500000
hydro_newton_step failed to accept
       retry log10(dt/yr), log10(dt), retry_factor     2  1321       -8.391085       -0.891974        0.500000
       retry log10(dt/yr), log10(dt), retry_factor     1  1345       -7.865203       -0.366091        0.500000
hydro_newton_step failed to accept
       retry log10(dt/yr), log10(dt), retry_factor     2  1345       -8.166233       -0.667121        0.500000
       retry log10(dt/yr), log10(dt), retry_factor     1  1351       -7.564173       -0.065061        0.500000
       retry log10(dt/yr), log10(dt), retry_factor     1  1352       -7.865203       -0.366091        0.500000
       retry log10(dt/yr), log10(dt), retry_factor     1  1358       -7.447514        0.051597        0.500000
hydro_newton_step failed to accept
       retry log10(dt/yr), log10(dt), retry_factor     2  1358       -7.748544       -0.249433        0.500000
hydro_newton_step failed to accept
       retry log10(dt/yr), log10(dt), retry_factor     1  1365       -7.533161       -0.034050        0.500000
       retry log10(dt/yr), log10(dt), retry_factor     2  1365       -7.834191       -0.335080        0.500000
       retry log10(dt/yr), log10(dt), retry_factor     1  1410       -5.697725        1.801387        0.500000
       retry log10(dt/yr), log10(dt), retry_factor     2  1410       -5.998755        1.500357        0.500000
       retry log10(dt/yr), log10(dt), retry_factor     1  1416       -5.571092        1.928020        0.500000
       retry log10(dt/yr), log10(dt), retry_factor     1  1417       -5.872122        1.626990        0.500000
       retry log10(dt/yr), log10(dt), retry_factor     1  1424       -5.335207        2.163905        0.500000
       retry log10(dt/yr), log10(dt), retry_factor     1  1426       -5.771818        1.727294        0.500000
       retry log10(dt/yr), log10(dt), retry_factor     1  1427       -6.072848        1.426264        0.500000
       retry log10(dt/yr), log10(dt), retry_factor     1  1434       -5.554502        1.944609        0.500000
       retry log10(dt/yr), log10(dt), retry_factor     2  1434       -5.855532        1.643579        0.500000
 have reached retry limit so now backup
       retry log10(dt/yr), log10(dt), retry_factor     1  1442       -5.374651        2.124461        0.500000
       retry log10(dt/yr), log10(dt), retry_factor     2  1442       -5.675681        1.823431        0.500000
hydro_newton_step failed to accept
       retry log10(dt/yr), log10(dt), retry_factor     1  1443       -6.054658        1.444453        0.500000
       retry log10(dt/yr), log10(dt), retry_factor     1  1444       -6.355688        1.143423        0.500000
       retry log10(dt/yr), log10(dt), retry_factor     1  1445       -6.656718        0.842393        0.500000
       retry log10(dt/yr), log10(dt), retry_factor     1  1451       -6.210082        1.289030        0.500000
       retry log10(dt/yr), log10(dt), retry_factor     1  1452       -6.511112        0.988000        0.500000
       retry log10(dt/yr), log10(dt), retry_factor     2  1452       -6.812142        0.686970        0.500000
       retry log10(dt/yr), log10(dt), retry_factor     1  1461       -5.578839        1.920273        0.500000
       retry log10(dt/yr), log10(dt), retry_factor     2  1461       -5.879869        1.619243        0.500000
       retry log10(dt/yr), log10(dt), retry_factor     1  1466       -5.785572        1.713539        0.500000
       retry log10(dt/yr), log10(dt), retry_factor     1  1471       -5.899518        1.599594        0.500000
       retry log10(dt/yr), log10(dt), retry_factor     2  1471       -6.200548        1.298564        0.500000
 have reached retry limit so now backup
       retry log10(dt/yr), log10(dt), retry_factor     1  1475       -6.350742        1.148370        0.500000
       retry log10(dt/yr), log10(dt), retry_factor     1  1479       -6.350742        1.148370        0.500000
hydro_newton_step failed to accept
       retry log10(dt/yr), log10(dt), retry_factor     1  1480       -6.651772        0.847340        0.500000
       retry log10(dt/yr), log10(dt), retry_factor     1  1484       -6.445253        1.053858        0.500000
       retry log10(dt/yr), log10(dt), retry_factor     1  1486       -6.746283        0.752828        0.500000
hydro_newton_step failed to accept
       retry log10(dt/yr), log10(dt), retry_factor     2  1486       -7.047313        0.451798        0.500000
hydro_newton_step failed to accept
       retry log10(dt/yr), log10(dt), retry_factor     1  1488       -7.348343        0.150768        0.500000
       retry log10(dt/yr), log10(dt), retry_factor     1  1490       -7.348343        0.150768        0.500000
       retry log10(dt/yr), log10(dt), retry_factor     1  1491       -7.649373       -0.150262        0.500000
       retry log10(dt/yr), log10(dt), retry_factor     1  1495       -8.144223       -0.645112        0.500000
       retry log10(dt/yr), log10(dt), retry_factor     1  1496       -8.445253       -0.946142        0.500000
 bad other yaxis for History panels plot num_zones

 ERROR: failed to find log_Teff in history data

 grid1/grid1_001500.png/png
       retry log10(dt/yr), log10(dt), retry_factor     1  1505       -8.754988       -1.255876        0.500000
hydro_newton_step failed to accept
       retry log10(dt/yr), log10(dt), retry_factor     1  1527       -9.274772       -1.775661        0.500000
       retry log10(dt/yr), log10(dt), retry_factor     2  1527       -9.575802       -2.076691        0.500000
       retry log10(dt/yr), log10(dt), retry_factor     1  1534       -9.261587       -1.762475        0.500000
       retry log10(dt/yr), log10(dt), retry_factor     2  1534       -9.562617       -2.063505        0.500000
 have reached retry limit so now backup
       retry log10(dt/yr), log10(dt), retry_factor     1  1598       -7.264013        0.235099        0.500000
hydro_newton_step failed to accept
       retry log10(dt/yr), log10(dt), retry_factor     2  1598       -7.565043       -0.065931        0.500000
 have reached retry limit so now backup
       retry log10(dt/yr), log10(dt), retry_factor     1  1603       -7.764591       -0.265479        0.500000
hydro_newton_step failed to accept
       retry log10(dt/yr), log10(dt), retry_factor     1  1604       -8.162531       -0.663419        0.500000
       retry log10(dt/yr), log10(dt), retry_factor     2  1604       -8.463561       -0.964449        0.500000
       retry log10(dt/yr), log10(dt), retry_factor     1  1608       -8.463561       -0.964449        0.500000
hydro_newton_step failed to accept
       retry log10(dt/yr), log10(dt), retry_factor     1  1613       -8.269905       -0.770793        0.500000
       retry log10(dt/yr), log10(dt), retry_factor     1  1615       -8.122021       -0.622909        0.500000
       retry log10(dt/yr), log10(dt), retry_factor     1  1621       -7.800976       -0.301865        0.500000
       retry log10(dt/yr), log10(dt), retry_factor     1  1647       -7.758557       -0.259445        0.500000
       retry log10(dt/yr), log10(dt), retry_factor     2  1647       -8.059587       -0.560475        0.500000
 have reached retry limit so now backup
       retry log10(dt/yr), log10(dt), retry_factor     1  1654       -7.563143       -0.064031        0.500000
       retry log10(dt/yr), log10(dt), retry_factor     1  1703       -5.721987        1.777125        0.500000
       retry log10(dt/yr), log10(dt), retry_factor     1  1708       -5.507839        1.991273        0.500000
       retry log10(dt/yr), log10(dt), retry_factor     1  1713       -5.206809        2.292303        0.500000
       retry log10(dt/yr), log10(dt), retry_factor     2  1713       -5.507839        1.991273        0.500000
 have reached retry limit so now backup
       retry log10(dt/yr), log10(dt), retry_factor     1  1714       -6.002689        1.496423        0.500000
       retry log10(dt/yr), log10(dt), retry_factor     1  1715       -6.303719        1.195393        0.500000
       retry log10(dt/yr), log10(dt), retry_factor     1  1722       -5.555187        1.943925        0.500000
       retry log10(dt/yr), log10(dt), retry_factor     1  1723       -5.953127        1.545985        0.500000
       retry log10(dt/yr), log10(dt), retry_factor     1  1724       -6.254157        1.244955        0.500000
       retry log10(dt/yr), log10(dt), retry_factor     1  1731       -5.490512        2.008600        0.500000
       retry log10(dt/yr), log10(dt), retry_factor     1  1736       -5.542018        1.957093        0.500000
hydro_newton_step failed to accept
       retry log10(dt/yr), log10(dt), retry_factor     2  1736       -5.843048        1.656063        0.500000
       retry log10(dt/yr), log10(dt), retry_factor     1  1742       -5.670938        1.828173        0.500000
       retry log10(dt/yr), log10(dt), retry_factor     2  1742       -5.971968        1.527143        0.500000
       retry log10(dt/yr), log10(dt), retry_factor     1  1748       -5.630382        1.868730        0.500000
       retry log10(dt/yr), log10(dt), retry_factor     1  1749       -6.028322        1.470790        0.500000
       retry log10(dt/yr), log10(dt), retry_factor     1  1750       -6.426262        1.072850        0.500000
       retry log10(dt/yr), log10(dt), retry_factor     1  1751       -6.727292        0.771820        0.500000
       retry log10(dt/yr), log10(dt), retry_factor     1  1759       -5.682927        1.816184        0.500000
hydro_newton_step failed to accept
       retry log10(dt/yr), log10(dt), retry_factor     1  1760       -6.080867        1.418244        0.500000
       retry log10(dt/yr), log10(dt), retry_factor     1  1761       -6.478807        1.020304        0.500000
       retry log10(dt/yr), log10(dt), retry_factor     1  1762       -6.779837        0.719274        0.500000
       retry log10(dt/yr), log10(dt), retry_factor     2  1762       -7.080867        0.418244        0.500000
       retry log10(dt/yr), log10(dt), retry_factor     1  1770       -5.876747        1.622364        0.500000
       retry log10(dt/yr), log10(dt), retry_factor     2  1770       -6.177777        1.321334        0.500000
       retry log10(dt/yr), log10(dt), retry_factor     1  1773       -6.575717        0.923394        0.500000
       retry log10(dt/yr), log10(dt), retry_factor     2  1773       -6.876747        0.622364        0.500000
 have reached retry limit so now backup
       retry log10(dt/yr), log10(dt), retry_factor     1  1776       -7.177777        0.321334        0.500000
       retry log10(dt/yr), log10(dt), retry_factor     1  1780       -7.212231        0.286881        0.500000
       retry log10(dt/yr), log10(dt), retry_factor     1  1785       -6.911201        0.587911        0.500000
       retry log10(dt/yr), log10(dt), retry_factor     1  1788       -7.212231        0.286881        0.500000
       retry log10(dt/yr), log10(dt), retry_factor     1  1789       -7.513261       -0.014149        0.500000
       retry log10(dt/yr), log10(dt), retry_factor     1  1791       -7.814291       -0.315179        0.500000
       retry log10(dt/yr), log10(dt), retry_factor     1  1795       -7.952446       -0.453335        0.500000
       retry log10(dt/yr), log10(dt), retry_factor     1  1798       -8.482175       -0.983063        0.500000
       retry log10(dt/yr), log10(dt), retry_factor     1  1885       -7.450812        0.048300        0.500000
       retry log10(dt/yr), log10(dt), retry_factor     2  1885       -7.751842       -0.252730        0.500000
 have reached retry limit so now backup
hydro_newton_step failed to accept
       retry log10(dt/yr), log10(dt), retry_factor     1  1888       -8.343602       -0.844490        0.500000
hydro_newton_step failed to accept
       retry log10(dt/yr), log10(dt), retry_factor     1  1889       -8.378744       -0.879632        0.500000
       retry log10(dt/yr), log10(dt), retry_factor     1  1892       -7.961126       -0.462015        0.500000
       retry log10(dt/yr), log10(dt), retry_factor     2  1892       -8.262156       -0.763045        0.500000
       retry log10(dt/yr), log10(dt), retry_factor     1  1900       -7.730921       -0.231810        0.500000
       retry log10(dt/yr), log10(dt), retry_factor     1  1926       -7.584296       -0.085184        0.500000
       retry log10(dt/yr), log10(dt), retry_factor     1  1931       -7.283266        0.215846        0.500000
       retry log10(dt/yr), log10(dt), retry_factor     2  1931       -7.584296       -0.085184        0.500000
       retry log10(dt/yr), log10(dt), retry_factor     1  1979       -5.650483        1.848629        0.500000
       retry log10(dt/yr), log10(dt), retry_factor     2  1979       -5.951513        1.547599        0.500000
       retry log10(dt/yr), log10(dt), retry_factor     1  1980       -6.252543        1.246569        0.500000
       retry log10(dt/yr), log10(dt), retry_factor     1  1987       -5.582949        1.916163        0.500000
       retry log10(dt/yr), log10(dt), retry_factor     2  1987       -5.883979        1.615133        0.500000
       retry log10(dt/yr), log10(dt), retry_factor     1  1988       -6.185009        1.314103        0.500000
       retry log10(dt/yr), log10(dt), retry_factor     1  1989       -6.486039        1.013073        0.500000
       retry log10(dt/yr), log10(dt), retry_factor     1  1997       -5.281919        2.217193        0.500000
       retry log10(dt/yr), log10(dt), retry_factor     2  1997       -5.582949        1.916163        0.500000
 have reached retry limit so now backup
       retry log10(dt/yr), log10(dt), retry_factor     1  1998       -5.980889        1.518223        0.500000
       2000   8.360181  3.555E+06   1.456480   1.488096   1.400000   1.400000   0.000000   0.000000   0.275200   0.031570  16.722508   1237    337
  -5.679859   6.734164  -4.792722  -1.628172   0.653002  -8.522879   0.000000   0.000000   0.000000   0.020000   0.024750 104.864638      6     31
 2.0362E-03  23.367387   1.571527   0.329757  13.551365  -1.131020   0.000000   0.000000   0.000000   0.000687  9.437E-01 -0.897E-15          hold

save LOGS/profile5.data for model 2000
save photos/2000 for model 2000
 bad other yaxis for History panels plot num_zones

 ERROR: failed to find log_Teff in history data

 grid1/grid1_002000.png/png
       retry log10(dt/yr), log10(dt), retry_factor     1  2004       -5.498723        2.000389        0.500000
       retry log10(dt/yr), log10(dt), retry_factor     1  2005       -5.896663        1.602449        0.500000
       retry log10(dt/yr), log10(dt), retry_factor     1  2012       -5.541057        1.958055        0.500000
hydro_newton_step failed to accept
       retry log10(dt/yr), log10(dt), retry_factor     2  2012       -5.842087        1.657025        0.500000
 have reached retry limit so now backup
       retry log10(dt/yr), log10(dt), retry_factor     1  2018       -5.529045        1.970066        0.500000
       retry log10(dt/yr), log10(dt), retry_factor     1  2022       -5.657772        1.841339        0.500000
       retry log10(dt/yr), log10(dt), retry_factor     2  2022       -5.958802        1.540309        0.500000
       retry log10(dt/yr), log10(dt), retry_factor     1  2028       -5.626081        1.873031        0.500000
       retry log10(dt/yr), log10(dt), retry_factor     1  2030       -5.927111        1.572001        0.500000
hydro_newton_step failed to accept
       retry log10(dt/yr), log10(dt), retry_factor     2  2030       -6.228141        1.270971        0.500000
 have reached retry limit so now backup
       retry log10(dt/yr), log10(dt), retry_factor     1  2033       -6.529171        0.969941        0.500000
       retry log10(dt/yr), log10(dt), retry_factor     1  2040       -5.914035        1.585077        0.500000
hydro_newton_step failed to accept
       retry log10(dt/yr), log10(dt), retry_factor     2  2040       -6.215065        1.284047        0.500000
hydro_newton_step failed to accept
       retry log10(dt/yr), log10(dt), retry_factor     1  2041       -6.613005        0.886107        0.500000
       retry log10(dt/yr), log10(dt), retry_factor     1  2042       -6.914035        0.585077        0.500000
hydro_newton_step failed to accept
       retry log10(dt/yr), log10(dt), retry_factor     1  2049       -6.010945        1.488167        0.500000
       retry log10(dt/yr), log10(dt), retry_factor     1  2050       -6.010945        1.488167        0.500000
       retry log10(dt/yr), log10(dt), retry_factor     1  2051       -6.311975        1.187137        0.500000
hydro_newton_step failed to accept
       retry log10(dt/yr), log10(dt), retry_factor     1  2053       -6.709915        0.789197        0.500000
       retry log10(dt/yr), log10(dt), retry_factor     1  2055       -6.709915        0.789197        0.500000
hydro_newton_step failed to accept
       retry log10(dt/yr), log10(dt), retry_factor     2  2055       -7.010945        0.488167        0.500000
       retry log10(dt/yr), log10(dt), retry_factor     1  2059       -7.058997        0.440115        0.500000
       retry log10(dt/yr), log10(dt), retry_factor     1  2063       -7.119560        0.379552        0.500000
       retry log10(dt/yr), log10(dt), retry_factor     1  2064       -7.420590        0.078522        0.500000
       retry log10(dt/yr), log10(dt), retry_factor     1  2067       -7.721620       -0.222508        0.500000
       retry log10(dt/yr), log10(dt), retry_factor     1  2070       -8.022650       -0.523538        0.500000
       retry log10(dt/yr), log10(dt), retry_factor     1  2071       -8.335889       -0.836777        0.500000
       retry log10(dt/yr), log10(dt), retry_factor     1  2096       -9.207119       -1.708008        0.500000
hydro_newton_step failed to accept
       retry log10(dt/yr), log10(dt), retry_factor     1  2157       -7.996288       -0.497176        0.500000
hydro_newton_step failed to accept
       retry log10(dt/yr), log10(dt), retry_factor     2  2157       -8.297318       -0.798206        0.500000
 have reached retry limit so now backup
hydro_newton_step failed to accept
       retry log10(dt/yr), log10(dt), retry_factor     1  2159       -8.670459       -1.171347        0.500000
       retry log10(dt/yr), log10(dt), retry_factor     1  2167       -7.552527       -0.053415        0.500000
hydro_newton_step failed to accept
       retry log10(dt/yr), log10(dt), retry_factor     2  2167       -7.853557       -0.354445        0.500000
 have reached retry limit so now backup
       retry log10(dt/yr), log10(dt), retry_factor     1  2201       -7.433564        0.065548        0.500000
       retry log10(dt/yr), log10(dt), retry_factor     2  2201       -7.734594       -0.235482        0.500000
 have reached retry limit so now backup
       retry log10(dt/yr), log10(dt), retry_factor     1  2202       -8.035624       -0.536512        0.500000
       retry log10(dt/yr), log10(dt), retry_factor     2  2202       -8.336654       -0.837542        0.500000
 have reached retry limit so now backup
       retry log10(dt/yr), log10(dt), retry_factor     1  2211       -7.599822       -0.100711        0.500000
       retry log10(dt/yr), log10(dt), retry_factor     2  2211       -7.900852       -0.401741        0.500000
 have reached retry limit so now backup
       retry log10(dt/yr), log10(dt), retry_factor     1  2219       -7.399465        0.099647        0.500000
       retry log10(dt/yr), log10(dt), retry_factor     2  2219       -7.700495       -0.201383        0.500000
 have reached retry limit so now backup
       retry log10(dt/yr), log10(dt), retry_factor     1  2264       -5.320061        2.179051        0.500000
       retry log10(dt/yr), log10(dt), retry_factor     2  2264       -5.621091        1.878021        0.500000
 have reached retry limit so now backup
       retry log10(dt/yr), log10(dt), retry_factor     1  2265       -6.115941        1.383171        0.500000
       retry log10(dt/yr), log10(dt), retry_factor     1  2266       -6.416971        1.082141        0.500000
       retry log10(dt/yr), log10(dt), retry_factor     1  2273       -5.667481        1.831631        0.500000
       retry log10(dt/yr), log10(dt), retry_factor     1  2274       -6.065421        1.433690        0.500000
       retry log10(dt/yr), log10(dt), retry_factor     1  2275       -6.366451        1.132661        0.500000
       retry log10(dt/yr), log10(dt), retry_factor     1  2282       -5.574977        1.924134        0.500000
       retry log10(dt/yr), log10(dt), retry_factor     1  2283       -5.897017        1.602095        0.500000
       retry log10(dt/yr), log10(dt), retry_factor     1  2286       -6.283541        1.215571        0.500000
       retry log10(dt/yr), log10(dt), retry_factor     1  2295       -5.423072        2.076039        0.500000
       retry log10(dt/yr), log10(dt), retry_factor     1  2301       -5.436969        2.062142        0.500000
       retry log10(dt/yr), log10(dt), retry_factor     1  2305       -5.629503        1.869608        0.500000
       retry log10(dt/yr), log10(dt), retry_factor     1  2309       -5.781669        1.717443        0.500000
hydro_newton_step failed to accept
       retry log10(dt/yr), log10(dt), retry_factor     1  2310       -6.179609        1.319503        0.500000
       retry log10(dt/yr), log10(dt), retry_factor     1  2311       -6.577549        0.921563        0.500000
       retry log10(dt/yr), log10(dt), retry_factor     1  2312       -6.878579        0.620533        0.500000
       retry log10(dt/yr), log10(dt), retry_factor     1  2320       -5.890362        1.608750        0.500000
       retry log10(dt/yr), log10(dt), retry_factor     1  2324       -5.983452        1.515660        0.500000
       retry log10(dt/yr), log10(dt), retry_factor     1  2326       -6.359744        1.139368        0.500000
       retry log10(dt/yr), log10(dt), retry_factor     2  2326       -6.660774        0.838338        0.500000
 have reached retry limit so now backup
       retry log10(dt/yr), log10(dt), retry_factor     1  2330       -7.058714        0.440398        0.500000
       retry log10(dt/yr), log10(dt), retry_factor     1  2336       -6.474837        1.024275        0.500000
       retry log10(dt/yr), log10(dt), retry_factor     1  2338       -6.775867        0.723245        0.500000
       retry log10(dt/yr), log10(dt), retry_factor     1  2340       -7.076897        0.422215        0.500000
       retry log10(dt/yr), log10(dt), retry_factor     1  2342       -7.377927        0.121185        0.500000
       retry log10(dt/yr), log10(dt), retry_factor     1  2344       -7.678957       -0.179845        0.500000
       retry log10(dt/yr), log10(dt), retry_factor     1  2346       -8.076897       -0.577785        0.500000
       retry log10(dt/yr), log10(dt), retry_factor     1  2349       -8.543680       -1.044569        0.500000
       retry log10(dt/yr), log10(dt), retry_factor     1  2353       -9.138655       -1.639543        0.500000
hydro_newton_step failed to accept
       retry log10(dt/yr), log10(dt), retry_factor     1  2376       -9.230711       -1.731600        0.500000
       retry log10(dt/yr), log10(dt), retry_factor     2  2376       -9.531741       -2.032630        0.500000
 have reached retry limit so now backup
       retry log10(dt/yr), log10(dt), retry_factor     1  2382       -9.161943       -1.662832        0.500000
       retry log10(dt/yr), log10(dt), retry_factor     2  2382       -9.462973       -1.963862        0.500000
 have reached retry limit so now backup
       retry log10(dt/yr), log10(dt), retry_factor     1  2429       -7.933965       -0.434853        0.500000
       retry log10(dt/yr), log10(dt), retry_factor     2  2429       -8.234995       -0.735883        0.500000
 have reached retry limit so now backup
       retry log10(dt/yr), log10(dt), retry_factor     1  2430       -8.536025       -1.036913        0.500000
       retry log10(dt/yr), log10(dt), retry_factor     2  2430       -8.837055       -1.337943        0.500000
 have reached retry limit so now backup
       retry log10(dt/yr), log10(dt), retry_factor     1  2431       -9.138085       -1.638973        0.500000
       retry log10(dt/yr), log10(dt), retry_factor     2  2431       -9.439115       -1.940003        0.500000
 have reached retry limit so now backup
       retry log10(dt/yr), log10(dt), retry_factor     1  2433       -9.740145       -2.241033        0.500000
       retry log10(dt/yr), log10(dt), retry_factor     2  2433      -10.041175       -2.542063        0.500000
 have reached retry limit so now backup
       retry log10(dt/yr), log10(dt), retry_factor     1  2435      -10.342205       -2.843093        0.500000
       retry log10(dt/yr), log10(dt), retry_factor     2  2435      -10.643235       -3.144123        0.500000
 have reached retry limit so now backup
       retry log10(dt/yr), log10(dt), retry_factor     1  2437      -10.944265       -3.445153        0.500000
       retry log10(dt/yr), log10(dt), retry_factor     2  2437      -11.245295       -3.746183        0.500000
       retry log10(dt/yr), log10(dt), retry_factor     1  2450       -8.845402       -1.346291        0.500000
hydro_newton_step failed to accept
       retry log10(dt/yr), log10(dt), retry_factor     2  2450       -9.146432       -1.647321        0.500000
       retry log10(dt/yr), log10(dt), retry_factor     1  2465       -7.784422       -0.285310        0.500000
       retry log10(dt/yr), log10(dt), retry_factor     1  2466       -8.182362       -0.683251        0.500000
       retry log10(dt/yr), log10(dt), retry_factor     1  2467       -8.506758       -1.007647        0.500000
       retry log10(dt/yr), log10(dt), retry_factor     1  2479       -7.747045       -0.247933        0.500000
 bad other yaxis for History panels plot num_zones

 ERROR: failed to find log_Teff in history data

 grid1/grid1_002500.png/png
       retry log10(dt/yr), log10(dt), retry_factor     1  2509       -7.530926       -0.031815        0.500000
       retry log10(dt/yr), log10(dt), retry_factor     2  2509       -7.831956       -0.332845        0.500000
       retry log10(dt/yr), log10(dt), retry_factor     1  2515       -7.564680       -0.065568        0.500000
       retry log10(dt/yr), log10(dt), retry_factor     2  2515       -7.865710       -0.366598        0.500000
       retry log10(dt/yr), log10(dt), retry_factor     1  2517       -8.166740       -0.667628        0.500000
       retry log10(dt/yr), log10(dt), retry_factor     2  2517       -8.467770       -0.968658        0.500000
       retry log10(dt/yr), log10(dt), retry_factor     1  2566       -5.903836        1.595276        0.500000
       retry log10(dt/yr), log10(dt), retry_factor     1  2573       -5.411268        2.087844        0.500000
       retry log10(dt/yr), log10(dt), retry_factor     1  2574       -5.809208        1.689904        0.500000
/var/spool/slurmd/job6510167/slurm_script: line 65: 1967014 Killed                  $MESA_BASE/star >> /hpc/group/physics/al363/low_overhead/sens/errors/slurm._${SLURM_ARRAY_JOB_ID}_${SLURM_ARRAY_TASK_ID}.err
slurmstepd: error: Detected 1 oom-kill event(s) in StepId=6510167.batch cgroup. Some of your processes may have been killed by the cgroup out-of-memory handler.
