starting from 0
DATE: 2020-09-03
TIME: 16:33:48
                                         version_number       10108
 read /hpc/group/physics/al363/sens/base/inlist_base
 read inlist_cluster
load saved model /hpc/group/physics/al363/sens/base/ns_relax.mod

 change to /hpc/group/physics/al363/sens/base/rp_305.net
             set special rate factor for r_ca39_pn_sc39         515    1.0000000000000000D-02
             set special rate factor for r_sc39_np_ca39         516    1.0000000000000000D-02
             set special rate factor for r_ca39_pn_sc39         515    1.0000000000000000D-02
             set special rate factor for r_sc39_np_ca39         516    1.0000000000000000D-02
 number of species         305
 read /hpc/group/physics/al363/sens/base/history_customACL.list_tau
 read /hpc/group/physics/al363/sens/base/profile_customACL.list_tau
 net name /hpc/group/physics/al363/sens/base/rp_305.net
 v_flag T
                         which_atm_option: grey_and_kap
                                           xmstar/mstar    4.5461189430843640D-12
                                             xmstar (g)    1.2660395722219186D+22
                                           M_center (g)    2.7848799999878681D+33
                                            xmstar/Msun    6.3645665203193175D-12
                                          M_center/Msun    1.3999999999939012D+00
                                          R_center (cm)    1.1200000000000000D+06
                                          R_center/Rsun    1.6092416448748527D-05
                                           core density    4.7322078204273819D+14
                                          L_center/Lsun    4.1647144567650578D+00
 kappa_file_prefix gs98
 kappa_lowT_prefix lowT_fa05_gs98

   eos_file_prefix mesa
                                        OMP_NUM_THREADS           8


__________________________________________________________________________________________________________________________________________________

       step    lg_Tcntr    Teff       lg_LH     lg_Lnuc     Mass       H_rich     H_cntr     N_cntr     Y_surf     X_avg     eta_cntr  zones retry
   lg_dt_yr    lg_Dcntr    lg_R       lg_L3a    lg_Lneu     lg_Mdot    He_core    He_cntr    O_cntr     Z_surf     Y_avg     gam_cntr  iters bckup
     age_yr    lg_Pcntr    lg_L       lg_LZ     lg_Psurf    lg_Dsurf   C_core     C_cntr     Ne_cntr    Si_cntr    Z_avg     v_div_cs     dt_limit
__________________________________________________________________________________________________________________________________________________

save LOGS/profile1.data for model 2
 grid1/grid1_000005.png/png
 burst_profile/burst_profile000005.png/png
          6   8.165156  1.497E+06   0.087590   0.087976   1.400000   1.400000   0.000000   0.000000   0.275200   0.030886  22.514775    791      0
  -5.817651   6.610341  -4.793035 -18.862378  -1.086578  -8.522879   0.000000   0.000000   0.000000   0.020000   0.011710 149.410225      6      0
 4.0040E-06  23.176196   0.068337  -2.962874  12.744977  -1.553972   0.000000   0.000000   0.000000   0.000687  9.574E-01  0.395E-11      lgT_cntr

save LOGS/profile2.data for model 6
 grid1/grid1_000010.png/png
 burst_profile/burst_profile000010.png/png
 grid1/grid1_000015.png/png
 burst_profile/burst_profile000015.png/png
 grid1/grid1_000020.png/png
 burst_profile/burst_profile000020.png/png
 grid1/grid1_000025.png/png
 burst_profile/burst_profile000025.png/png
       retry log10(dt/yr), log10(dt), retry_factor     1    30       -5.532111        1.967001        0.500000
 grid1/grid1_000030.png/png
 burst_profile/burst_profile000030.png/png
       retry log10(dt/yr), log10(dt), retry_factor     1    35       -5.231081        2.268031        0.500000
 grid1/grid1_000035.png/png
 burst_profile/burst_profile000035.png/png
       retry log10(dt/yr), log10(dt), retry_factor     1    36       -5.532111        1.967001        0.500000
       retry log10(dt/yr), log10(dt), retry_factor     1    40       -5.532111        1.967001        0.500000
 grid1/grid1_000040.png/png
 burst_profile/burst_profile000040.png/png
       retry log10(dt/yr), log10(dt), retry_factor     1    45       -5.231081        2.268031        0.500000
 grid1/grid1_000045.png/png
 burst_profile/burst_profile000045.png/png
       retry log10(dt/yr), log10(dt), retry_factor     1    49       -5.231081        2.268031        0.500000
 grid1/grid1_000050.png/png
 burst_profile/burst_profile000050.png/png
       retry log10(dt/yr), log10(dt), retry_factor     1    53       -5.231081        2.268031        0.500000
 grid1/grid1_000055.png/png
 burst_profile/burst_profile000055.png/png
       retry log10(dt/yr), log10(dt), retry_factor     1    56       -5.532111        1.967001        0.500000
       retry log10(dt/yr), log10(dt), retry_factor     2    56       -5.833141        1.665971        0.500000
 have reached retry limit so now backup
 grid1/grid1_000055.png/png
 burst_profile/burst_profile000055.png/png
       retry log10(dt/yr), log10(dt), retry_factor     1    58       -6.134171        1.364941        0.500000
       retry log10(dt/yr), log10(dt), retry_factor     2    58       -6.435201        1.063911        0.500000
 have reached retry limit so now backup
       retry log10(dt/yr), log10(dt), retry_factor     1    58       -6.736231        0.762881        0.500000
       retry log10(dt/yr), log10(dt), retry_factor     2    58       -7.037261        0.461851        0.500000
 have reached retry limit so now backup
       retry log10(dt/yr), log10(dt), retry_factor     1    60       -7.338291        0.160821        0.500000
       retry log10(dt/yr), log10(dt), retry_factor     2    60       -7.639321       -0.140209        0.500000
 have reached retry limit so now backup
 grid1/grid1_000060.png/png
 burst_profile/burst_profile000060.png/png
       retry log10(dt/yr), log10(dt), retry_factor     1    62       -7.940351       -0.441239        0.500000
       retry log10(dt/yr), log10(dt), retry_factor     2    62       -8.241381       -0.742269        0.500000
 grid1/grid1_000065.png/png
 burst_profile/burst_profile000065.png/png
 grid1/grid1_000070.png/png
 burst_profile/burst_profile000070.png/png
 grid1/grid1_000075.png/png
 burst_profile/burst_profile000075.png/png
       retry log10(dt/yr), log10(dt), retry_factor     1    76       -5.231081        2.268031        0.500000
       retry log10(dt/yr), log10(dt), retry_factor     2    76       -5.532111        1.967001        0.500000
       retry log10(dt/yr), log10(dt), retry_factor     1    77       -5.833141        1.665971        0.500000
       retry log10(dt/yr), log10(dt), retry_factor     2    77       -6.134171        1.364941        0.500000
 have reached retry limit so now backup
       retry log10(dt/yr), log10(dt), retry_factor     1    80       -6.435201        1.063911        0.500000
       retry log10(dt/yr), log10(dt), retry_factor     2    80       -6.736231        0.762881        0.500000
 have reached retry limit so now backup
 grid1/grid1_000080.png/png
 burst_profile/burst_profile000080.png/png
       retry log10(dt/yr), log10(dt), retry_factor     1    81       -7.037261        0.461851        0.500000
       retry log10(dt/yr), log10(dt), retry_factor     2    81       -7.338291        0.160821        0.500000
 have reached retry limit so now backup
 grid1/grid1_000080.png/png
 burst_profile/burst_profile000080.png/png
       retry log10(dt/yr), log10(dt), retry_factor     1    84       -7.639321       -0.140209        0.500000
       retry log10(dt/yr), log10(dt), retry_factor     2    84       -7.940351       -0.441239        0.500000
 have reached retry limit so now backup
       retry log10(dt/yr), log10(dt), retry_factor     1    84       -8.241381       -0.742269        0.500000
 grid1/grid1_000085.png/png
 burst_profile/burst_profile000085.png/png
 grid1/grid1_000090.png/png
 burst_profile/burst_profile000090.png/png
 grid1/grid1_000095.png/png
 burst_profile/burst_profile000095.png/png
       retry log10(dt/yr), log10(dt), retry_factor     1    97       -5.708197        1.790914        0.500000
       retry log10(dt/yr), log10(dt), retry_factor     1    98       -6.029742        1.469369        0.500000
       retry log10(dt/yr), log10(dt), retry_factor     1    99       -6.330772        1.168339        0.500000
        100   8.444841  4.670E+06   2.033172   2.166622   1.400000   1.400000   0.000000   0.000000   0.275200   0.100536  12.226478    752     31
  -6.029742   6.642744  -4.792800   1.206170   1.283423  -8.522879   0.000000   0.000000   0.000000   0.020000   0.058448  80.444496      6      8
 3.1300E-04  23.235090   2.045017   1.357015  13.860470  -0.943582   0.000000   0.000000   0.000000   0.000687  8.410E-01  0.987E-12          hold

 grid1/grid1_000100.png/png
 burst_profile/burst_profile000100.png/png
       retry log10(dt/yr), log10(dt), retry_factor     1   101       -6.631802        0.867309        0.500000
       retry log10(dt/yr), log10(dt), retry_factor     1   103       -6.932832        0.566279        0.500000
hydro_newton_step failed to accept
       retry log10(dt/yr), log10(dt), retry_factor     1   104       -7.233862        0.265249        0.500000
 grid1/grid1_000105.png/png
 burst_profile/burst_profile000105.png/png
       retry log10(dt/yr), log10(dt), retry_factor     1   106       -7.534892       -0.035780        0.500000
       retry log10(dt/yr), log10(dt), retry_factor     1   110       -7.649240       -0.150129        0.500000
       retry log10(dt/yr), log10(dt), retry_factor     2   110       -7.950270       -0.451159        0.500000
 grid1/grid1_000110.png/png
 burst_profile/burst_profile000110.png/png
       retry log10(dt/yr), log10(dt), retry_factor     1   112       -8.333830       -0.834718        0.500000
 grid1/grid1_000115.png/png
 burst_profile/burst_profile000115.png/png
 grid1/grid1_000120.png/png
 burst_profile/burst_profile000120.png/png
 grid1/grid1_000125.png/png
 burst_profile/burst_profile000125.png/png
 grid1/grid1_000130.png/png
 burst_profile/burst_profile000130.png/png
 grid1/grid1_000135.png/png
 burst_profile/burst_profile000135.png/png
 grid1/grid1_000140.png/png
 burst_profile/burst_profile000140.png/png
 grid1/grid1_000145.png/png
 burst_profile/burst_profile000145.png/png
 grid1/grid1_000150.png/png
 burst_profile/burst_profile000150.png/png
 grid1/grid1_000155.png/png
 burst_profile/burst_profile000155.png/png
 grid1/grid1_000160.png/png
 burst_profile/burst_profile000160.png/png
 grid1/grid1_000165.png/png
 burst_profile/burst_profile000165.png/png
                       super eddington wind: lg_Mdot, L/Ledd         166    -9.96177     1.00446
                       super eddington wind: lg_Mdot, L/Ledd         167    -9.06288     1.03523
                       super eddington wind: lg_Mdot, L/Ledd         168    -8.78648     1.06658
                       super eddington wind: lg_Mdot, L/Ledd         169    -8.63074     1.09518
                       super eddington wind: lg_Mdot, L/Ledd         170    -8.52029     1.12276
 grid1/grid1_000170.png/png
 burst_profile/burst_profile000170.png/png
                       super eddington wind: lg_Mdot, L/Ledd         171    -8.44230     1.14671
                       super eddington wind: lg_Mdot, L/Ledd         172    -8.60691     1.10030
                       super eddington wind: lg_Mdot, L/Ledd         173    -8.46449     1.13908
                       super eddington wind: lg_Mdot, L/Ledd         174    -8.37904     1.16917
                       super eddington wind: lg_Mdot, L/Ledd         175    -8.51998     1.12220
 grid1/grid1_000175.png/png
 burst_profile/burst_profile000175.png/png
                       super eddington wind: lg_Mdot, L/Ledd         176    -8.40066     1.16069
                       super eddington wind: lg_Mdot, L/Ledd         177    -8.32779     1.19009
                       super eddington wind: lg_Mdot, L/Ledd         178    -8.45105     1.14252
                       super eddington wind: lg_Mdot, L/Ledd         179    -8.34384     1.18239
                       super eddington wind: lg_Mdot, L/Ledd         180    -8.27408     1.21414
 grid1/grid1_000180.png/png
 burst_profile/burst_profile000180.png/png
                       super eddington wind: lg_Mdot, L/Ledd         181    -8.40019     1.15989
                       super eddington wind: lg_Mdot, L/Ledd         182    -8.30307     1.19965
                       super eddington wind: lg_Mdot, L/Ledd         183    -8.24502     1.22811
                       super eddington wind: lg_Mdot, L/Ledd         184    -8.36480     1.17280
                       super eddington wind: lg_Mdot, L/Ledd         185    -8.28016     1.20982
 grid1/grid1_000185.png/png
 burst_profile/burst_profile000185.png/png
                       super eddington wind: lg_Mdot, L/Ledd         186    -8.23714     1.23150
                       super eddington wind: lg_Mdot, L/Ledd         187    -8.36388     1.17251
                       super eddington wind: lg_Mdot, L/Ledd         188    -8.28338     1.20750
                       super eddington wind: lg_Mdot, L/Ledd         189    -8.25520     1.22120
                       super eddington wind: lg_Mdot, L/Ledd         190    -8.39133     1.16134
 grid1/grid1_000190.png/png
 burst_profile/burst_profile000190.png/png
                       super eddington wind: lg_Mdot, L/Ledd         191    -8.33211     1.18464
                       super eddington wind: lg_Mdot, L/Ledd         192    -8.32431     1.18780
                       super eddington wind: lg_Mdot, L/Ledd         193    -8.51360     1.12118
       retry log10(dt/yr), log10(dt), retry_factor     1   193       -9.060731       -1.561619        0.500000
                       super eddington wind: lg_Mdot, L/Ledd         193    -8.51360     1.12118
       retry log10(dt/yr), log10(dt), retry_factor     2   193       -9.361761       -1.862649        0.500000
                       super eddington wind: lg_Mdot, L/Ledd         193    -8.51360     1.12118
 have reached retry limit so now backup
                       super eddington wind: lg_Mdot, L/Ledd         192    -8.32431     1.18780
                       super eddington wind: lg_Mdot, L/Ledd         193    -8.68485     1.08170
                       super eddington wind: lg_Mdot, L/Ledd         194    -8.39052     1.16108
                       super eddington wind: lg_Mdot, L/Ledd         195    -8.56909     1.10667
 grid1/grid1_000195.png/png
 burst_profile/burst_profile000195.png/png
                       super eddington wind: lg_Mdot, L/Ledd         196    -8.47502     1.13252
                       super eddington wind: lg_Mdot, L/Ledd         197    -8.38125     1.16447
                       super eddington wind: lg_Mdot, L/Ledd         198    -8.53418     1.11557
                       super eddington wind: lg_Mdot, L/Ledd         199    -8.43652     1.14457
                       super eddington wind: lg_Mdot, L/Ledd         200    -8.39001     1.16103
        200   8.946010  2.384E+07   3.730251   6.697213   1.400000   1.400000   0.000000   0.000000   0.295729   0.075987   3.107149    669     40
  -8.813713   6.570880  -4.791536   3.025088   4.389224  -8.390013   0.000000   0.000000   0.000000   0.199921   0.044877  24.008875      6      9
 3.1497E-04  23.235204   4.879577   6.696652  15.061182  -0.895924   0.000000   0.000000   0.000000   0.000687  8.791E-01  0.788E-04    varcontrol

 grid1/grid1_000200.png/png
 burst_profile/burst_profile000200.png/png
                       super eddington wind: lg_Mdot, L/Ledd         201    -8.57917     1.10410
                       super eddington wind: lg_Mdot, L/Ledd         202    -8.44531     1.14152
                       super eddington wind: lg_Mdot, L/Ledd         203    -8.69415     1.07973
                       super eddington wind: lg_Mdot, L/Ledd         204    -8.56244     1.10800
                       super eddington wind: lg_Mdot, L/Ledd         205    -8.45926     1.13689
 grid1/grid1_000205.png/png
 burst_profile/burst_profile000205.png/png
                       super eddington wind: lg_Mdot, L/Ledd         206    -8.72043     1.07496
                       super eddington wind: lg_Mdot, L/Ledd         207    -8.62981     1.09236
                       super eddington wind: lg_Mdot, L/Ledd         208    -8.84576     1.05607
                       super eddington wind: lg_Mdot, L/Ledd         209    -8.73198     1.07287
                       super eddington wind: lg_Mdot, L/Ledd         210    -9.06802     1.03357
 grid1/grid1_000210.png/png
 burst_profile/burst_profile000210.png/png
                       super eddington wind: lg_Mdot, L/Ledd         211    -8.91088     1.04819
                       super eddington wind: lg_Mdot, L/Ledd         212    -9.52169     1.01179
                       super eddington wind: lg_Mdot, L/Ledd         213    -9.19299     1.02511
                       super eddington wind: lg_Mdot, L/Ledd         215    -9.78270     1.00646
 grid1/grid1_000215.png/png
 burst_profile/burst_profile000215.png/png
       retry log10(dt/yr), log10(dt), retry_factor     1   219       -9.259389       -1.760277        0.500000
 grid1/grid1_000220.png/png
 burst_profile/burst_profile000220.png/png
 grid1/grid1_000225.png/png
 burst_profile/burst_profile000225.png/png
 grid1/grid1_000230.png/png
 burst_profile/burst_profile000230.png/png
 grid1/grid1_000235.png/png
 burst_profile/burst_profile000235.png/png
       retry log10(dt/yr), log10(dt), retry_factor     1   238       -7.453414        0.045698        0.500000
       retry log10(dt/yr), log10(dt), retry_factor     2   238       -7.754443       -0.255332        0.500000
 have reached retry limit so now backup
 grid1/grid1_000240.png/png
 burst_profile/burst_profile000240.png/png
hydro_newton_step failed to accept
       retry log10(dt/yr), log10(dt), retry_factor     1   245       -7.849859       -0.350747        0.500000
hydro_newton_step failed to accept
       retry log10(dt/yr), log10(dt), retry_factor     2   245       -8.150889       -0.651777        0.500000
 have reached retry limit so now backup
 grid1/grid1_000245.png/png
 burst_profile/burst_profile000245.png/png
hydro_newton_step failed to accept
       retry log10(dt/yr), log10(dt), retry_factor     1   248       -8.548829       -1.049717        0.500000
       retry log10(dt/yr), log10(dt), retry_factor     2   248       -8.849859       -1.350747        0.500000
 have reached retry limit so now backup
 grid1/grid1_000250.png/png
 burst_profile/burst_profile000250.png/png
       retry log10(dt/yr), log10(dt), retry_factor     1   252       -8.849859       -1.350747        0.500000
 grid1/grid1_000255.png/png
 burst_profile/burst_profile000255.png/png
       retry log10(dt/yr), log10(dt), retry_factor     1   257       -8.548829       -1.049717        0.500000
 grid1/grid1_000260.png/png
 burst_profile/burst_profile000260.png/png
       retry log10(dt/yr), log10(dt), retry_factor     1   261       -8.548829       -1.049717        0.500000
       retry log10(dt/yr), log10(dt), retry_factor     1   265       -8.548829       -1.049717        0.500000
       retry log10(dt/yr), log10(dt), retry_factor     2   265       -8.849859       -1.350747        0.500000
 grid1/grid1_000265.png/png
 burst_profile/burst_profile000265.png/png
 grid1/grid1_000270.png/png
 burst_profile/burst_profile000270.png/png
 grid1/grid1_000275.png/png
 burst_profile/burst_profile000275.png/png
 grid1/grid1_000280.png/png
 burst_profile/burst_profile000280.png/png
 grid1/grid1_000285.png/png
 burst_profile/burst_profile000285.png/png
 grid1/grid1_000290.png/png
 burst_profile/burst_profile000290.png/png
       retry log10(dt/yr), log10(dt), retry_factor     1   295       -7.650733       -0.151622        0.500000
       retry log10(dt/yr), log10(dt), retry_factor     2   295       -7.951763       -0.452652        0.500000
 grid1/grid1_000295.png/png
 burst_profile/burst_profile000295.png/png
        300   8.799473  1.108E+07   2.076286   3.605513   1.400000   1.400000   0.000000   0.000000   0.275200   0.020597   4.931349    698     54
  -7.255836   6.609218  -4.792612   1.894409   2.824338  -8.522879   0.000000   0.000000   0.000000   0.020000   0.020637  34.648865      9     12
 3.1788E-04  23.235900   3.546338   3.583687  14.474303  -0.757676   0.000000   0.000000   0.000000   0.000687  9.588E-01  0.260E-08          dH/H

 grid1/grid1_000300.png/png
 burst_profile/burst_profile000300.png/png
hydro_newton_step failed to accept
       retry log10(dt/yr), log10(dt), retry_factor     1   302       -7.966974       -0.467862        0.500000
hydro_newton_step failed to accept
       retry log10(dt/yr), log10(dt), retry_factor     2   302       -8.268004       -0.768892        0.500000
       retry log10(dt/yr), log10(dt), retry_factor     1   305       -7.665944       -0.166832        0.500000
       retry log10(dt/yr), log10(dt), retry_factor     2   305       -7.966974       -0.467862        0.500000
 grid1/grid1_000305.png/png
 burst_profile/burst_profile000305.png/png
 grid1/grid1_000310.png/png
 burst_profile/burst_profile000310.png/png
       retry log10(dt/yr), log10(dt), retry_factor     1   311       -7.598966       -0.099855        0.500000
       retry log10(dt/yr), log10(dt), retry_factor     2   311       -7.899996       -0.400885        0.500000
 have reached retry limit so now backup
 grid1/grid1_000310.png/png
 burst_profile/burst_profile000310.png/png
 grid1/grid1_000315.png/png
 burst_profile/burst_profile000315.png/png
 grid1/grid1_000320.png/png
 burst_profile/burst_profile000320.png/png
 grid1/grid1_000325.png/png
 burst_profile/burst_profile000325.png/png
 grid1/grid1_000330.png/png
 burst_profile/burst_profile000330.png/png
 grid1/grid1_000335.png/png
 burst_profile/burst_profile000335.png/png
 grid1/grid1_000340.png/png
 burst_profile/burst_profile000340.png/png
 grid1/grid1_000345.png/png
 burst_profile/burst_profile000345.png/png
 grid1/grid1_000350.png/png
 burst_profile/burst_profile000350.png/png
 grid1/grid1_000355.png/png
 burst_profile/burst_profile000355.png/png
       retry log10(dt/yr), log10(dt), retry_factor     1   359       -5.556356        1.942756        0.500000
       retry log10(dt/yr), log10(dt), retry_factor     1   360       -5.857386        1.641726        0.500000
 grid1/grid1_000360.png/png
 burst_profile/burst_profile000360.png/png
       retry log10(dt/yr), log10(dt), retry_factor     1   364       -5.883663        1.615449        0.500000
       retry log10(dt/yr), log10(dt), retry_factor     1   365       -6.184693        1.314419        0.500000
 grid1/grid1_000365.png/png
 burst_profile/burst_profile000365.png/png
 grid1/grid1_000370.png/png
 burst_profile/burst_profile000370.png/png
       retry log10(dt/yr), log10(dt), retry_factor     1   372       -5.460224        2.038887        0.500000
       retry log10(dt/yr), log10(dt), retry_factor     1   373       -5.761254        1.737857        0.500000
       retry log10(dt/yr), log10(dt), retry_factor     2   373       -6.062284        1.436827        0.500000
       retry log10(dt/yr), log10(dt), retry_factor     1   374       -6.363314        1.135797        0.500000
hydro_newton_step failed to accept
       retry log10(dt/yr), log10(dt), retry_factor     2   374       -6.664344        0.834767        0.500000
 have reached retry limit so now backup
 grid1/grid1_000375.png/png
 burst_profile/burst_profile000375.png/png
 grid1/grid1_000380.png/png
 burst_profile/burst_profile000380.png/png
       retry log10(dt/yr), log10(dt), retry_factor     1   383       -5.383866        2.115246        0.500000
 grid1/grid1_000385.png/png
 burst_profile/burst_profile000385.png/png
       retry log10(dt/yr), log10(dt), retry_factor     1   387       -5.510584        1.988528        0.500000
 grid1/grid1_000390.png/png
 burst_profile/burst_profile000390.png/png
       retry log10(dt/yr), log10(dt), retry_factor     1   391       -5.510584        1.988528        0.500000
       retry log10(dt/yr), log10(dt), retry_factor     1   393       -5.811614        1.687498        0.500000
       retry log10(dt/yr), log10(dt), retry_factor     2   393       -6.112644        1.386468        0.500000
 have reached retry limit so now backup
       retry log10(dt/yr), log10(dt), retry_factor     1   395       -6.413674        1.085438        0.500000
 grid1/grid1_000395.png/png
 burst_profile/burst_profile000395.png/png
       retry log10(dt/yr), log10(dt), retry_factor     1   396       -6.714704        0.784408        0.500000
       retry log10(dt/yr), log10(dt), retry_factor     2   396       -7.015734        0.483378        0.500000
 have reached retry limit so now backup
 grid1/grid1_000395.png/png
 burst_profile/burst_profile000395.png/png
       retry log10(dt/yr), log10(dt), retry_factor     1   398       -7.316764        0.182348        0.500000
       retry log10(dt/yr), log10(dt), retry_factor     2   398       -7.617794       -0.118682        0.500000
 have reached retry limit so now backup
       retry log10(dt/yr), log10(dt), retry_factor     1   400       -7.918824       -0.419712        0.500000
        400   8.346651  3.636E+06   1.518627   1.545229   1.400000   1.400000   0.000000   0.000000   0.275200   0.061657  15.880263    741     80
  -7.617794   6.667744  -4.792872  -0.952795   0.690646  -8.522879   0.000000   0.000000   0.000000   0.020000   0.043727 102.806259      6     17
 5.0317E-04  23.267732   1.610047   0.295258  13.576866  -1.115844   0.000000   0.000000   0.000000   0.000687  8.946E-01 -0.676E-09         retry

 grid1/grid1_000400.png/png
 burst_profile/burst_profile000400.png/png
 grid1/grid1_000405.png/png
 burst_profile/burst_profile000405.png/png
 grid1/grid1_000410.png/png
 burst_profile/burst_profile000410.png/png
       retry log10(dt/yr), log10(dt), retry_factor     1   412       -5.510584        1.988528        0.500000
 grid1/grid1_000415.png/png
 burst_profile/burst_profile000415.png/png
       retry log10(dt/yr), log10(dt), retry_factor     1   416       -5.578500        1.920612        0.500000
       retry log10(dt/yr), log10(dt), retry_factor     1   420       -5.651776        1.847335        0.500000
 grid1/grid1_000420.png/png
 burst_profile/burst_profile000420.png/png
       retry log10(dt/yr), log10(dt), retry_factor     1   421       -5.952806        1.546305        0.500000
hydro_newton_step failed to accept
       retry log10(dt/yr), log10(dt), retry_factor     1   422       -6.350746        1.148365        0.500000
       retry log10(dt/yr), log10(dt), retry_factor     1   423       -6.651776        0.847335        0.500000
 grid1/grid1_000425.png/png
 burst_profile/burst_profile000425.png/png
       retry log10(dt/yr), log10(dt), retry_factor     1   430       -5.867016        1.632095        0.500000
 grid1/grid1_000430.png/png
 burst_profile/burst_profile000430.png/png
       retry log10(dt/yr), log10(dt), retry_factor     1   434       -6.170875        1.328236        0.500000
       retry log10(dt/yr), log10(dt), retry_factor     2   434       -6.471905        1.027206        0.500000
        434   8.420596  4.409E+06   1.915300   2.017870   1.400000   1.400000   0.000000   0.000000   0.275200   0.075963  13.475834    755     89
  -6.170875   6.674562  -4.792812   1.125618   1.092128  -8.522879   0.000000   0.000000   0.000000   0.020000   0.053823  87.165998      6     17
 5.8522E-04  23.281083   1.945351   0.932739  13.796292  -0.982149   0.000000   0.000000   0.000000   0.000687  8.702E-01  0.578E-11         retry

save LOGS/profile3.data for model 434
 grid1/grid1_000435.png/png
 burst_profile/burst_profile000435.png/png
       retry log10(dt/yr), log10(dt), retry_factor     1   438       -6.528033        0.971078        0.500000
       retry log10(dt/yr), log10(dt), retry_factor     1   440       -6.829063        0.670048        0.500000
 grid1/grid1_000440.png/png
 burst_profile/burst_profile000440.png/png
       retry log10(dt/yr), log10(dt), retry_factor     1   441       -7.130093        0.369018        0.500000
       retry log10(dt/yr), log10(dt), retry_factor     1   443       -7.431123        0.067988        0.500000
       retry log10(dt/yr), log10(dt), retry_factor     1   444       -7.732153       -0.233042        0.500000
 grid1/grid1_000445.png/png
 burst_profile/burst_profile000445.png/png
       retry log10(dt/yr), log10(dt), retry_factor     1   447       -8.033183       -0.534072        0.500000
hydro_newton_step failed to accept
       retry log10(dt/yr), log10(dt), retry_factor     1   448       -8.334213       -0.835102        0.500000
 grid1/grid1_000450.png/png
 burst_profile/burst_profile000450.png/png
 grid1/grid1_000455.png/png
 burst_profile/burst_profile000455.png/png
 grid1/grid1_000460.png/png
 burst_profile/burst_profile000460.png/png
 grid1/grid1_000465.png/png
 burst_profile/burst_profile000465.png/png
 grid1/grid1_000470.png/png
 burst_profile/burst_profile000470.png/png
 grid1/grid1_000475.png/png
 burst_profile/burst_profile000475.png/png
 grid1/grid1_000480.png/png
 burst_profile/burst_profile000480.png/png
 grid1/grid1_000485.png/png
 burst_profile/burst_profile000485.png/png
       retry log10(dt/yr), log10(dt), retry_factor     1   486       -9.403754       -1.904642        0.500000
       retry log10(dt/yr), log10(dt), retry_factor     2   486       -9.704784       -2.205672        0.500000
 grid1/grid1_000490.png/png
 burst_profile/burst_profile000490.png/png
       retry log10(dt/yr), log10(dt), retry_factor     1   493       -9.385557       -1.886445        0.500000
 grid1/grid1_000495.png/png
 burst_profile/burst_profile000495.png/png
        500   8.463863  1.597E+07   3.555235   6.664061   1.400000   1.400000   0.000000   0.000000   0.275200   0.071683  12.154892    764     99
  -8.495473   6.673286  -4.791964   3.247786   4.147306  -8.522879   0.000000   0.000000   0.000000   0.020000   0.046460  78.823350      7     17
 5.8914E-04  23.281615   4.182743   6.663556  14.653264  -0.875258   0.000000   0.000000   0.000000   0.000687  8.819E-01 -0.218E-08        lgTeff

save LOGS/profile4.data for model 500
save photos/x500 for model 500
 grid1/grid1_000500.png/png
 burst_profile/burst_profile000500.png/png
 grid1/grid1_000505.png/png
 burst_profile/burst_profile000505.png/png
 grid1/grid1_000510.png/png
 burst_profile/burst_profile000510.png/png
 grid1/grid1_000515.png/png
 burst_profile/burst_profile000515.png/png
 grid1/grid1_000520.png/png
 burst_profile/burst_profile000520.png/png
 grid1/grid1_000525.png/png
 burst_profile/burst_profile000525.png/png
 grid1/grid1_000530.png/png
 burst_profile/burst_profile000530.png/png
 grid1/grid1_000535.png/png
 burst_profile/burst_profile000535.png/png
 grid1/grid1_000540.png/png
 burst_profile/burst_profile000540.png/png
 grid1/grid1_000545.png/png
 burst_profile/burst_profile000545.png/png
 grid1/grid1_000550.png/png
 burst_profile/burst_profile000550.png/png
       retry log10(dt/yr), log10(dt), retry_factor     1   554       -7.719454       -0.220342        0.500000
       retry log10(dt/yr), log10(dt), retry_factor     2   554       -8.020484       -0.521372        0.500000
       retry log10(dt/yr), log10(dt), retry_factor     1   555       -8.415060       -0.915948        0.500000
 grid1/grid1_000555.png/png
 burst_profile/burst_profile000555.png/png
hydro_newton_step failed to accept
       retry log10(dt/yr), log10(dt), retry_factor     1   559       -8.511970       -1.012858        0.500000
 grid1/grid1_000560.png/png
 burst_profile/burst_profile000560.png/png
       retry log10(dt/yr), log10(dt), retry_factor     1   561       -8.210940       -0.711828        0.500000
hydro_newton_step failed to accept
       retry log10(dt/yr), log10(dt), retry_factor     1   562       -8.511970       -1.012858        0.500000
       retry log10(dt/yr), log10(dt), retry_factor     2   562       -8.813000       -1.313888        0.500000
 grid1/grid1_000565.png/png
 burst_profile/burst_profile000565.png/png
 grid1/grid1_000570.png/png
 burst_profile/burst_profile000570.png/png
 grid1/grid1_000575.png/png
 burst_profile/burst_profile000575.png/png
hydro_newton_step failed to accept
       retry log10(dt/yr), log10(dt), retry_factor     1   578       -7.830487       -0.331375        0.500000
       retry log10(dt/yr), log10(dt), retry_factor     2   578       -8.131517       -0.632405        0.500000
 grid1/grid1_000580.png/png
 burst_profile/burst_profile000580.png/png
hydro_newton_step failed to accept
       retry log10(dt/yr), log10(dt), retry_factor     1   582       -8.131517       -0.632405        0.500000
hydro_newton_step failed to accept
       retry log10(dt/yr), log10(dt), retry_factor     2   582       -8.432547       -0.933435        0.500000
 grid1/grid1_000585.png/png
 burst_profile/burst_profile000585.png/png
 grid1/grid1_000590.png/png
 burst_profile/burst_profile000590.png/png
 grid1/grid1_000595.png/png
 burst_profile/burst_profile000595.png/png
        600   8.841737  1.204E+07   2.211023   3.905760   1.400000   1.400000   0.000000   0.000000   0.275200   0.019078   4.573983    837    110
  -7.247009   6.634413  -4.792544   2.055236   2.948213  -8.522879   0.000000   0.000000   0.000000   0.020000   0.020415  32.049622      7     17
 5.9160E-04  23.282067   3.690853   3.890600  14.504327  -0.783324   0.000000   0.000000   0.000000   0.000687  9.605E-01  0.531E-09          dH/H

 grid1/grid1_000600.png/png
 burst_profile/burst_profile000600.png/png
 grid1/grid1_000605.png/png
 burst_profile/burst_profile000605.png/png
       retry log10(dt/yr), log10(dt), retry_factor     1   610       -7.612934       -0.113822        0.500000
       retry log10(dt/yr), log10(dt), retry_factor     2   610       -7.913964       -0.414852        0.500000
 grid1/grid1_000610.png/png
 burst_profile/burst_profile000610.png/png
 grid1/grid1_000615.png/png
 burst_profile/burst_profile000615.png/png
 grid1/grid1_000620.png/png
 burst_profile/burst_profile000620.png/png
 grid1/grid1_000625.png/png
 burst_profile/burst_profile000625.png/png
 grid1/grid1_000630.png/png
 burst_profile/burst_profile000630.png/png
 grid1/grid1_000635.png/png
 burst_profile/burst_profile000635.png/png
 grid1/grid1_000640.png/png
 burst_profile/burst_profile000640.png/png
 grid1/grid1_000645.png/png
 burst_profile/burst_profile000645.png/png
 grid1/grid1_000650.png/png
 burst_profile/burst_profile000650.png/png
 grid1/grid1_000655.png/png
 burst_profile/burst_profile000655.png/png
       retry log10(dt/yr), log10(dt), retry_factor     1   659       -5.570069        1.929043        0.500000
       retry log10(dt/yr), log10(dt), retry_factor     1   660       -5.968009        1.531103        0.500000
 grid1/grid1_000660.png/png
 burst_profile/burst_profile000660.png/png
 grid1/grid1_000665.png/png
 burst_profile/burst_profile000665.png/png
       retry log10(dt/yr), log10(dt), retry_factor     1   666       -5.567049        1.932062        0.500000
 grid1/grid1_000670.png/png
 burst_profile/burst_profile000670.png/png
       retry log10(dt/yr), log10(dt), retry_factor     1   671       -5.373258        2.125854        0.500000
hydro_newton_step failed to accept
       retry log10(dt/yr), log10(dt), retry_factor     2   671       -5.674288        1.824824        0.500000
 have reached retry limit so now backup
 grid1/grid1_000670.png/png
 burst_profile/burst_profile000670.png/png
 grid1/grid1_000675.png/png
 burst_profile/burst_profile000675.png/png
       retry log10(dt/yr), log10(dt), retry_factor     1   676       -5.633948        1.865163        0.500000
 grid1/grid1_000680.png/png
 burst_profile/burst_profile000680.png/png
       retry log10(dt/yr), log10(dt), retry_factor     1   683       -5.436965        2.062147        0.500000
 grid1/grid1_000685.png/png
 burst_profile/burst_profile000685.png/png
       retry log10(dt/yr), log10(dt), retry_factor     1   687       -5.550778        1.948334        0.500000
       retry log10(dt/yr), log10(dt), retry_factor     2   687       -5.851808        1.647304        0.500000
 have reached retry limit so now backup
 grid1/grid1_000690.png/png
 burst_profile/burst_profile000690.png/png
       retry log10(dt/yr), log10(dt), retry_factor     1   692       -5.550778        1.948334        0.500000
       retry log10(dt/yr), log10(dt), retry_factor     1   693       -5.851808        1.647304        0.500000
 grid1/grid1_000695.png/png
 burst_profile/burst_profile000695.png/png
       retry log10(dt/yr), log10(dt), retry_factor     1   699       -5.660253        1.838859        0.500000
       retry log10(dt/yr), log10(dt), retry_factor     2   699       -5.961283        1.537829        0.500000
        700   8.374530  3.898E+06   1.658510   1.695344   1.400000   1.400000   0.000000   0.000000   0.275200   0.064869  15.521611    879    125
  -5.732386   6.701287  -4.792833   0.068442   0.830779  -8.522879   0.000000   0.000000   0.000000   0.020000   0.047592  98.928470      8     19
 8.3153E-04  23.318911   1.731125   0.456581  13.656389  -1.067167   0.000000   0.000000   0.000000   0.000687  8.875E-01 -0.271E-13  newton iters

 grid1/grid1_000700.png/png
 burst_profile/burst_profile000700.png/png
       retry log10(dt/yr), log10(dt), retry_factor     1   704       -5.732386        1.766726        0.500000
hydro_newton_step failed to accept
       retry log10(dt/yr), log10(dt), retry_factor     1   705       -6.033416        1.465696        0.500000
 grid1/grid1_000705.png/png
 burst_profile/burst_profile000705.png/png
hydro_newton_step failed to accept
       retry log10(dt/yr), log10(dt), retry_factor     1   706       -6.378405        1.120706        0.500000
       retry log10(dt/yr), log10(dt), retry_factor     2   706       -6.679435        0.819676        0.500000
       retry log10(dt/yr), log10(dt), retry_factor     1   707       -6.980465        0.518646        0.500000
 grid1/grid1_000710.png/png
 burst_profile/burst_profile000710.png/png
       retry log10(dt/yr), log10(dt), retry_factor     1   715       -6.015839        1.483273        0.500000
 grid1/grid1_000715.png/png
 burst_profile/burst_profile000715.png/png
       retry log10(dt/yr), log10(dt), retry_factor     1   719       -6.308709        1.190403        0.500000
hydro_newton_step failed to accept
       retry log10(dt/yr), log10(dt), retry_factor     1   720       -6.706649        0.792463        0.500000
       retry log10(dt/yr), log10(dt), retry_factor     2   720       -7.007679        0.491433        0.500000
 grid1/grid1_000720.png/png
 burst_profile/burst_profile000720.png/png
       retry log10(dt/yr), log10(dt), retry_factor     1   725       -6.706649        0.792463        0.500000
       retry log10(dt/yr), log10(dt), retry_factor     2   725       -7.007679        0.491433        0.500000
 grid1/grid1_000725.png/png
 burst_profile/burst_profile000725.png/png
       retry log10(dt/yr), log10(dt), retry_factor     1   726       -7.308709        0.190403        0.500000
       retry log10(dt/yr), log10(dt), retry_factor     1   728       -7.609739       -0.110627        0.500000
 grid1/grid1_000730.png/png
 burst_profile/burst_profile000730.png/png
       retry log10(dt/yr), log10(dt), retry_factor     1   732       -7.826334       -0.327222        0.500000
       retry log10(dt/yr), log10(dt), retry_factor     1   733       -8.224274       -0.725162        0.500000
 grid1/grid1_000735.png/png
 burst_profile/burst_profile000735.png/png
 grid1/grid1_000740.png/png
 burst_profile/burst_profile000740.png/png
 grid1/grid1_000745.png/png
 burst_profile/burst_profile000745.png/png
 grid1/grid1_000750.png/png
 burst_profile/burst_profile000750.png/png
 grid1/grid1_000755.png/png
 burst_profile/burst_profile000755.png/png
hydro_newton_step failed to accept
       retry log10(dt/yr), log10(dt), retry_factor     1   760       -9.262198       -1.763087        0.500000
 grid1/grid1_000760.png/png
 burst_profile/burst_profile000760.png/png
 grid1/grid1_000765.png/png
 burst_profile/burst_profile000765.png/png
 grid1/grid1_000770.png/png
 burst_profile/burst_profile000770.png/png
 grid1/grid1_000775.png/png
 burst_profile/burst_profile000775.png/png
 grid1/grid1_000780.png/png
 burst_profile/burst_profile000780.png/png
 grid1/grid1_000785.png/png
 burst_profile/burst_profile000785.png/png
 grid1/grid1_000790.png/png
 burst_profile/burst_profile000790.png/png
 grid1/grid1_000795.png/png
 burst_profile/burst_profile000795.png/png
        800   8.838970  2.164E+07   3.513699   6.499199   1.400000   1.400000   0.000000   0.000000   0.279301   0.049972   4.809102    965    141
  -7.976563   6.664965  -4.791750   2.913588   4.187436  -8.522879   0.000000   0.000000   0.000000   0.273673   0.034408  33.019738      7     19
 8.6170E-04  23.323167   4.710864   6.498637  14.951298  -0.817911   0.000000   0.000000   0.000000   0.000687  9.156E-01  0.178E-07      lgT_cntr

 grid1/grid1_000800.png/png
 burst_profile/burst_profile000800.png/png
 grid1/grid1_000805.png/png
 burst_profile/burst_profile000805.png/png
 grid1/grid1_000810.png/png
 burst_profile/burst_profile000810.png/png
 grid1/grid1_000815.png/png
 burst_profile/burst_profile000815.png/png
       retry log10(dt/yr), log10(dt), retry_factor     1   819       -7.811359       -0.312247        0.500000
       retry log10(dt/yr), log10(dt), retry_factor     2   819       -8.112389       -0.613277        0.500000
hydro_newton_step failed to accept
       retry log10(dt/yr), log10(dt), retry_factor     1   820       -8.510329       -1.011217        0.500000
hydro_newton_step failed to accept
       retry log10(dt/yr), log10(dt), retry_factor     2   820       -8.811359       -1.312247        0.500000
 grid1/grid1_000820.png/png
 burst_profile/burst_profile000820.png/png
       retry log10(dt/yr), log10(dt), retry_factor     1   821       -9.112389       -1.613277        0.500000
       retry log10(dt/yr), log10(dt), retry_factor     2   821       -9.413419       -1.914307        0.500000
 grid1/grid1_000825.png/png
 burst_profile/burst_profile000825.png/png
hydro_newton_step failed to accept
       retry log10(dt/yr), log10(dt), retry_factor     1   827       -8.811359       -1.312247        0.500000
       retry log10(dt/yr), log10(dt), retry_factor     1   829       -8.510329       -1.011217        0.500000
 grid1/grid1_000830.png/png
 burst_profile/burst_profile000830.png/png
hydro_newton_step failed to accept
       retry log10(dt/yr), log10(dt), retry_factor     1   834       -8.209299       -0.710187        0.500000
hydro_newton_step failed to accept
       retry log10(dt/yr), log10(dt), retry_factor     2   834       -8.510329       -1.011217        0.500000
 grid1/grid1_000835.png/png
 burst_profile/burst_profile000835.png/png
 grid1/grid1_000840.png/png
 burst_profile/burst_profile000840.png/png
 grid1/grid1_000845.png/png
 burst_profile/burst_profile000845.png/png
 grid1/grid1_000850.png/png
 burst_profile/burst_profile000850.png/png
 grid1/grid1_000855.png/png
 burst_profile/burst_profile000855.png/png
 grid1/grid1_000860.png/png
 burst_profile/burst_profile000860.png/png
       retry log10(dt/yr), log10(dt), retry_factor     1   865       -7.768979       -0.269867        0.500000
 grid1/grid1_000865.png/png
 burst_profile/burst_profile000865.png/png
       retry log10(dt/yr), log10(dt), retry_factor     1   867       -8.070009       -0.570897        0.500000
hydro_newton_step failed to accept
       retry log10(dt/yr), log10(dt), retry_factor     2   867       -8.371039       -0.871927        0.500000
 have reached retry limit so now backup
 grid1/grid1_000870.png/png
 burst_profile/burst_profile000870.png/png
 grid1/grid1_000875.png/png
 burst_profile/burst_profile000875.png/png
 grid1/grid1_000880.png/png
 burst_profile/burst_profile000880.png/png
 grid1/grid1_000885.png/png
 burst_profile/burst_profile000885.png/png
 grid1/grid1_000890.png/png
 burst_profile/burst_profile000890.png/png
 grid1/grid1_000895.png/png
 burst_profile/burst_profile000895.png/png

stop because model_number >= max_model_number
      896      896

        896   8.617537  5.901E+06   1.223093   2.058796   1.400000   1.400000   0.000000   0.000000   0.275200   0.016426   8.662017    938    154
  -6.515813   6.693589  -4.792832   0.458233   1.650045  -8.522879   0.000000   0.000000   0.000000   0.020000   0.018104  56.201450      6     20
 8.6792E-04  23.324231   2.451648   1.977315  14.100342  -0.809041   0.000000   0.000000   0.000000   0.000687  9.655E-01  0.146E-10      lgT_cntr

save LOGS/profile5.data for model 896
save photos/x896 for model 896
save abund_profile_r_ca39_pn_sc39_01.data for model 896
 saved to final.mod
termination code: max_model_number
        896   8.617537  5.901E+06   1.223093   2.058796   1.400000   1.400000   0.000000   0.000000   0.275200   0.016426   8.662017    938    154
  -6.515813   6.693589  -4.792832   0.458233   1.650045  -8.522879   0.000000   0.000000   0.000000   0.020000   0.018104  56.201450      6     20
 8.6792E-04  23.324231   2.451648   1.977315  14.100342  -0.809041   0.000000   0.000000   0.000000   0.000687  9.655E-01  0.146E-10      lgT_cntr

DATE: 2020-09-04
TIME: 15:55:28
