starting from 0
DATE: 2020-09-02
TIME: 16:14:58
                                         version_number       10108
 read /hpc/group/physics/al363/sens/base/inlist_base
 read inlist_cluster
load saved model /hpc/group/physics/al363/sens/base/ns_relax.mod

 change to /hpc/group/physics/al363/sens/base/rp_305.net
             set special rate factor for r_nb82_ng_nb83         261    1.0000000000000000D-02
             set special rate factor for r_nb83_gn_nb82         262    1.0000000000000000D-02
             set special rate factor for r_nb82_ng_nb83         261    1.0000000000000000D-02
             set special rate factor for r_nb83_gn_nb82         262    1.0000000000000000D-02
 number of species         305
 read /hpc/group/physics/al363/sens/base/history_customACL.list_tau
 read /hpc/group/physics/al363/sens/base/profile_customACL.list_tau
 net name /hpc/group/physics/al363/sens/base/rp_305.net
 v_flag T
                         which_atm_option: grey_and_kap
                                           xmstar/mstar    4.5461189430843640D-12
                                             xmstar (g)    1.2660395722219186D+22
                                           M_center (g)    2.7848799999878681D+33
                                            xmstar/Msun    6.3645665203193175D-12
                                          M_center/Msun    1.3999999999939012D+00
                                          R_center (cm)    1.1200000000000000D+06
                                          R_center/Rsun    1.6092416448748527D-05
                                           core density    4.7322078204273819D+14
                                          L_center/Lsun    4.1647144567650578D+00
 kappa_file_prefix gs98
 kappa_lowT_prefix lowT_fa05_gs98

   eos_file_prefix mesa
                                        OMP_NUM_THREADS           8


__________________________________________________________________________________________________________________________________________________

       step    lg_Tcntr    Teff       lg_LH     lg_Lnuc     Mass       H_rich     H_cntr     N_cntr     Y_surf     X_avg     eta_cntr  zones retry
   lg_dt_yr    lg_Dcntr    lg_R       lg_L3a    lg_Lneu     lg_Mdot    He_core    He_cntr    O_cntr     Z_surf     Y_avg     gam_cntr  iters bckup
     age_yr    lg_Pcntr    lg_L       lg_LZ     lg_Psurf    lg_Dsurf   C_core     C_cntr     Ne_cntr    Si_cntr    Z_avg     v_div_cs     dt_limit
__________________________________________________________________________________________________________________________________________________

save LOGS/profile1.data for model 2
 grid1/grid1_000005.png/png
 burst_profile/burst_profile000005.png/png
          6   8.165156  1.497E+06   0.087590   0.087976   1.400000   1.400000   0.000000   0.000000   0.275200   0.030886  22.514775    791      0
  -5.817651   6.610341  -4.793035 -18.862378  -1.086578  -8.522879   0.000000   0.000000   0.000000   0.020000   0.011710 149.410225      6      0
 4.0040E-06  23.176196   0.068337  -2.962874  12.744977  -1.553972   0.000000   0.000000   0.000000   0.000687  9.574E-01  0.395E-11      lgT_cntr

save LOGS/profile2.data for model 6
 grid1/grid1_000010.png/png
 burst_profile/burst_profile000010.png/png
 grid1/grid1_000015.png/png
 burst_profile/burst_profile000015.png/png
 grid1/grid1_000020.png/png
 burst_profile/burst_profile000020.png/png
 grid1/grid1_000025.png/png
 burst_profile/burst_profile000025.png/png
       retry log10(dt/yr), log10(dt), retry_factor     1    30       -5.532111        1.967001        0.500000
 grid1/grid1_000030.png/png
 burst_profile/burst_profile000030.png/png
       retry log10(dt/yr), log10(dt), retry_factor     1    35       -5.231081        2.268031        0.500000
 grid1/grid1_000035.png/png
 burst_profile/burst_profile000035.png/png
       retry log10(dt/yr), log10(dt), retry_factor     1    36       -5.532111        1.967001        0.500000
       retry log10(dt/yr), log10(dt), retry_factor     1    40       -5.532111        1.967001        0.500000
 grid1/grid1_000040.png/png
 burst_profile/burst_profile000040.png/png
       retry log10(dt/yr), log10(dt), retry_factor     1    45       -5.231081        2.268031        0.500000
 grid1/grid1_000045.png/png
 burst_profile/burst_profile000045.png/png
       retry log10(dt/yr), log10(dt), retry_factor     1    49       -5.231081        2.268031        0.500000
 grid1/grid1_000050.png/png
 burst_profile/burst_profile000050.png/png
       retry log10(dt/yr), log10(dt), retry_factor     1    53       -5.231081        2.268031        0.500000
 grid1/grid1_000055.png/png
 burst_profile/burst_profile000055.png/png
       retry log10(dt/yr), log10(dt), retry_factor     1    56       -5.532111        1.967001        0.500000
       retry log10(dt/yr), log10(dt), retry_factor     2    56       -5.833141        1.665971        0.500000
 have reached retry limit so now backup
 grid1/grid1_000055.png/png
 burst_profile/burst_profile000055.png/png
       retry log10(dt/yr), log10(dt), retry_factor     1    58       -6.134171        1.364941        0.500000
       retry log10(dt/yr), log10(dt), retry_factor     2    58       -6.435201        1.063911        0.500000
 have reached retry limit so now backup
       retry log10(dt/yr), log10(dt), retry_factor     1    58       -6.736231        0.762881        0.500000
       retry log10(dt/yr), log10(dt), retry_factor     2    58       -7.037261        0.461851        0.500000
 have reached retry limit so now backup
       retry log10(dt/yr), log10(dt), retry_factor     1    60       -7.338291        0.160821        0.500000
       retry log10(dt/yr), log10(dt), retry_factor     2    60       -7.639321       -0.140209        0.500000
 have reached retry limit so now backup
 grid1/grid1_000060.png/png
 burst_profile/burst_profile000060.png/png
       retry log10(dt/yr), log10(dt), retry_factor     1    62       -7.940351       -0.441239        0.500000
       retry log10(dt/yr), log10(dt), retry_factor     2    62       -8.241381       -0.742269        0.500000
 grid1/grid1_000065.png/png
 burst_profile/burst_profile000065.png/png
 grid1/grid1_000070.png/png
 burst_profile/burst_profile000070.png/png
 grid1/grid1_000075.png/png
 burst_profile/burst_profile000075.png/png
       retry log10(dt/yr), log10(dt), retry_factor     1    76       -5.231081        2.268031        0.500000
       retry log10(dt/yr), log10(dt), retry_factor     2    76       -5.532111        1.967001        0.500000
       retry log10(dt/yr), log10(dt), retry_factor     1    77       -5.833141        1.665971        0.500000
       retry log10(dt/yr), log10(dt), retry_factor     2    77       -6.134171        1.364941        0.500000
 have reached retry limit so now backup
       retry log10(dt/yr), log10(dt), retry_factor     1    80       -6.435201        1.063911        0.500000
       retry log10(dt/yr), log10(dt), retry_factor     2    80       -6.736231        0.762881        0.500000
 have reached retry limit so now backup
 grid1/grid1_000080.png/png
 burst_profile/burst_profile000080.png/png
       retry log10(dt/yr), log10(dt), retry_factor     1    81       -7.037261        0.461851        0.500000
       retry log10(dt/yr), log10(dt), retry_factor     2    81       -7.338291        0.160821        0.500000
 have reached retry limit so now backup
 grid1/grid1_000080.png/png
 burst_profile/burst_profile000080.png/png
       retry log10(dt/yr), log10(dt), retry_factor     1    84       -7.639321       -0.140209        0.500000
       retry log10(dt/yr), log10(dt), retry_factor     2    84       -7.940351       -0.441239        0.500000
 have reached retry limit so now backup
       retry log10(dt/yr), log10(dt), retry_factor     1    84       -8.241381       -0.742269        0.500000
 grid1/grid1_000085.png/png
 burst_profile/burst_profile000085.png/png
 grid1/grid1_000090.png/png
 burst_profile/burst_profile000090.png/png
 grid1/grid1_000095.png/png
 burst_profile/burst_profile000095.png/png
       retry log10(dt/yr), log10(dt), retry_factor     1    97       -5.708197        1.790914        0.500000
       retry log10(dt/yr), log10(dt), retry_factor     1    98       -6.029742        1.469369        0.500000
       retry log10(dt/yr), log10(dt), retry_factor     1    99       -6.330772        1.168339        0.500000
        100   8.444841  4.670E+06   2.033172   2.166622   1.400000   1.400000   0.000000   0.000000   0.275200   0.100536  12.226478    752     31
  -6.029742   6.642744  -4.792800   1.206170   1.283423  -8.522879   0.000000   0.000000   0.000000   0.020000   0.058448  80.444496      6      8
 3.1300E-04  23.235090   2.045017   1.357015  13.860470  -0.943582   0.000000   0.000000   0.000000   0.000687  8.410E-01  0.987E-12          hold

 grid1/grid1_000100.png/png
 burst_profile/burst_profile000100.png/png
       retry log10(dt/yr), log10(dt), retry_factor     1   101       -6.631802        0.867309        0.500000
       retry log10(dt/yr), log10(dt), retry_factor     1   103       -6.932832        0.566279        0.500000
hydro_newton_step failed to accept
       retry log10(dt/yr), log10(dt), retry_factor     1   104       -7.233862        0.265249        0.500000
 grid1/grid1_000105.png/png
 burst_profile/burst_profile000105.png/png
       retry log10(dt/yr), log10(dt), retry_factor     1   106       -7.534892       -0.035780        0.500000
       retry log10(dt/yr), log10(dt), retry_factor     1   110       -7.649240       -0.150129        0.500000
       retry log10(dt/yr), log10(dt), retry_factor     2   110       -7.950270       -0.451159        0.500000
 grid1/grid1_000110.png/png
 burst_profile/burst_profile000110.png/png
       retry log10(dt/yr), log10(dt), retry_factor     1   112       -8.333830       -0.834718        0.500000
 grid1/grid1_000115.png/png
 burst_profile/burst_profile000115.png/png
 grid1/grid1_000120.png/png
 burst_profile/burst_profile000120.png/png
 grid1/grid1_000125.png/png
 burst_profile/burst_profile000125.png/png
 grid1/grid1_000130.png/png
 burst_profile/burst_profile000130.png/png
 grid1/grid1_000135.png/png
 burst_profile/burst_profile000135.png/png
 grid1/grid1_000140.png/png
 burst_profile/burst_profile000140.png/png
 grid1/grid1_000145.png/png
 burst_profile/burst_profile000145.png/png
 grid1/grid1_000150.png/png
 burst_profile/burst_profile000150.png/png
 grid1/grid1_000155.png/png
 burst_profile/burst_profile000155.png/png
 grid1/grid1_000160.png/png
 burst_profile/burst_profile000160.png/png
 grid1/grid1_000165.png/png
 burst_profile/burst_profile000165.png/png
                       super eddington wind: lg_Mdot, L/Ledd         166    -9.76056     1.00708
                       super eddington wind: lg_Mdot, L/Ledd         167    -9.00478     1.04031
                       super eddington wind: lg_Mdot, L/Ledd         168    -8.75953     1.07086
                       super eddington wind: lg_Mdot, L/Ledd         169    -8.62667     1.09614
                       super eddington wind: lg_Mdot, L/Ledd         170    -8.52208     1.12216
 grid1/grid1_000170.png/png
 burst_profile/burst_profile000170.png/png
                       super eddington wind: lg_Mdot, L/Ledd         171    -8.42430     1.15285
                       super eddington wind: lg_Mdot, L/Ledd         172    -8.60169     1.10143
                       super eddington wind: lg_Mdot, L/Ledd         173    -8.46096     1.14012
                       super eddington wind: lg_Mdot, L/Ledd         174    -8.38559     1.16676
                       super eddington wind: lg_Mdot, L/Ledd         175    -8.53062     1.11907
 grid1/grid1_000175.png/png
 burst_profile/burst_profile000175.png/png
                       super eddington wind: lg_Mdot, L/Ledd         176    -8.40181     1.16029
                       super eddington wind: lg_Mdot, L/Ledd         177    -8.32983     1.18909
                       super eddington wind: lg_Mdot, L/Ledd         178    -8.44604     1.14433
                       super eddington wind: lg_Mdot, L/Ledd         179    -8.33849     1.18475
                       super eddington wind: lg_Mdot, L/Ledd         180    -8.27496     1.21356
 grid1/grid1_000180.png/png
 burst_profile/burst_profile000180.png/png
                       super eddington wind: lg_Mdot, L/Ledd         181    -8.39332     1.16242
                       super eddington wind: lg_Mdot, L/Ledd         182    -8.29645     1.20283
                       super eddington wind: lg_Mdot, L/Ledd         183    -8.24871     1.22629
                       super eddington wind: lg_Mdot, L/Ledd         184    -8.36499     1.17277
                       super eddington wind: lg_Mdot, L/Ledd         185    -8.27642     1.21170
 grid1/grid1_000185.png/png
 burst_profile/burst_profile000185.png/png
                       super eddington wind: lg_Mdot, L/Ledd         186    -8.24018     1.22996
                       super eddington wind: lg_Mdot, L/Ledd         187    -8.35530     1.17599
                       super eddington wind: lg_Mdot, L/Ledd         188    -8.28293     1.20760
                       super eddington wind: lg_Mdot, L/Ledd         189    -8.25246     1.22248
                       super eddington wind: lg_Mdot, L/Ledd         190    -8.39310     1.16055
 grid1/grid1_000190.png/png
 burst_profile/burst_profile000190.png/png
                       super eddington wind: lg_Mdot, L/Ledd         191    -8.33546     1.18308
                       super eddington wind: lg_Mdot, L/Ledd         192    -8.32750     1.18647
                       super eddington wind: lg_Mdot, L/Ledd         193    -8.50942     1.12235
       retry log10(dt/yr), log10(dt), retry_factor     1   193       -9.064963       -1.565851        0.500000
                       super eddington wind: lg_Mdot, L/Ledd         193    -8.50942     1.12235
       retry log10(dt/yr), log10(dt), retry_factor     2   193       -9.365993       -1.866881        0.500000
                       super eddington wind: lg_Mdot, L/Ledd         193    -8.50942     1.12235
 have reached retry limit so now backup
                       super eddington wind: lg_Mdot, L/Ledd         192    -8.32750     1.18648
                       super eddington wind: lg_Mdot, L/Ledd         193    -8.68934     1.08088
                       super eddington wind: lg_Mdot, L/Ledd         194    -8.39251     1.16020
                       super eddington wind: lg_Mdot, L/Ledd         195    -8.57261     1.10580
 grid1/grid1_000195.png/png
 burst_profile/burst_profile000195.png/png
                       super eddington wind: lg_Mdot, L/Ledd         196    -8.46338     1.13612
                       super eddington wind: lg_Mdot, L/Ledd         197    -8.38540     1.16277
                       super eddington wind: lg_Mdot, L/Ledd         198    -8.53267     1.11592
                       super eddington wind: lg_Mdot, L/Ledd         199    -8.42385     1.14890
                       super eddington wind: lg_Mdot, L/Ledd         200    -8.63315     1.09192
        200   8.945758  2.393E+07   3.731734   6.698016   1.400000   1.400000   0.000000   0.000000   0.295753   0.076007   3.109933    663     40
  -8.816058   6.570966  -4.791533   3.024952   4.389567  -8.633151   0.000000   0.000000   0.000000   0.199802   0.044883  24.024441      6      9
 3.1497E-04  23.235203   4.886170   6.697454  15.065932  -0.897344   0.000000   0.000000   0.000000   0.000687  8.791E-01  0.636E-04    varcontrol

 grid1/grid1_000200.png/png
 burst_profile/burst_profile000200.png/png
                       super eddington wind: lg_Mdot, L/Ledd         201    -8.51894     1.11942
                       super eddington wind: lg_Mdot, L/Ledd         202    -8.43903     1.14360
                       super eddington wind: lg_Mdot, L/Ledd         203    -8.63551     1.09128
                       super eddington wind: lg_Mdot, L/Ledd         204    -8.52542     1.11758
                       super eddington wind: lg_Mdot, L/Ledd         205    -8.42444     1.14831
 grid1/grid1_000205.png/png
 burst_profile/burst_profile000205.png/png
                       super eddington wind: lg_Mdot, L/Ledd         206    -8.66005     1.08614
                       super eddington wind: lg_Mdot, L/Ledd         207    -8.62504     1.09339
                       super eddington wind: lg_Mdot, L/Ledd         208    -8.85426     1.05505
                       super eddington wind: lg_Mdot, L/Ledd         209    -8.74548     1.07064
                       super eddington wind: lg_Mdot, L/Ledd         210    -9.05675     1.03447
 grid1/grid1_000210.png/png
 burst_profile/burst_profile000210.png/png
                       super eddington wind: lg_Mdot, L/Ledd         211    -8.89118     1.05045
                       super eddington wind: lg_Mdot, L/Ledd         212    -9.57671     1.01038
                       super eddington wind: lg_Mdot, L/Ledd         213    -9.20643     1.02438
       retry log10(dt/yr), log10(dt), retry_factor     1   213       -9.231979       -1.732867        0.500000
                       super eddington wind: lg_Mdot, L/Ledd         213    -9.20643     1.02438
       retry log10(dt/yr), log10(dt), retry_factor     2   213       -9.533009       -2.033897        0.500000
                       super eddington wind: lg_Mdot, L/Ledd         213    -9.20643     1.02438
 have reached retry limit so now backup
                       super eddington wind: lg_Mdot, L/Ledd         212    -9.57670     1.01038
                       super eddington wind: lg_Mdot, L/Ledd         213    -8.79948     1.06217
                       super eddington wind: lg_Mdot, L/Ledd         214   -10.62860     1.00092
                       super eddington wind: lg_Mdot, L/Ledd         215    -9.23993     1.02257
 grid1/grid1_000215.png/png
 burst_profile/burst_profile000215.png/png
                       super eddington wind: lg_Mdot, L/Ledd         217    -9.38541     1.01614
                       super eddington wind: lg_Mdot, L/Ledd         218    -9.02782     1.03678
       retry log10(dt/yr), log10(dt), retry_factor     1   218       -9.231979       -1.732867        0.500000
                       super eddington wind: lg_Mdot, L/Ledd         218    -9.02782     1.03678
                       super eddington wind: lg_Mdot, L/Ledd         220    -9.33500     1.01811
 grid1/grid1_000220.png/png
 burst_profile/burst_profile000220.png/png
                       super eddington wind: lg_Mdot, L/Ledd         222    -9.85056     1.00552
       retry log10(dt/yr), log10(dt), retry_factor     1   224       -9.207271       -1.708159        0.500000
       retry log10(dt/yr), log10(dt), retry_factor     1   225       -9.508301       -2.009189        0.500000
 grid1/grid1_000225.png/png
 burst_profile/burst_profile000225.png/png
 grid1/grid1_000230.png/png
 burst_profile/burst_profile000230.png/png
 grid1/grid1_000235.png/png
 burst_profile/burst_profile000235.png/png
 grid1/grid1_000240.png/png
 burst_profile/burst_profile000240.png/png
       retry log10(dt/yr), log10(dt), retry_factor     1   245       -7.394915        0.104197        0.500000
       retry log10(dt/yr), log10(dt), retry_factor     2   245       -7.695945       -0.196833        0.500000
 have reached retry limit so now backup
 grid1/grid1_000245.png/png
 burst_profile/burst_profile000245.png/png
 grid1/grid1_000250.png/png
 burst_profile/burst_profile000250.png/png
       retry log10(dt/yr), log10(dt), retry_factor     1   251       -7.763491       -0.264380        0.500000
       retry log10(dt/yr), log10(dt), retry_factor     2   251       -8.064521       -0.565410        0.500000
hydro_newton_step failed to accept
       retry log10(dt/yr), log10(dt), retry_factor     1   252       -8.459671       -0.960560        0.500000
       retry log10(dt/yr), log10(dt), retry_factor     2   252       -8.760701       -1.261590        0.500000
 have reached retry limit so now backup
       retry log10(dt/yr), log10(dt), retry_factor     1   254       -9.061731       -1.562620        0.500000
       retry log10(dt/yr), log10(dt), retry_factor     2   254       -9.362761       -1.863650        0.500000
 grid1/grid1_000255.png/png
 burst_profile/burst_profile000255.png/png
 grid1/grid1_000260.png/png
 burst_profile/burst_profile000260.png/png
hydro_newton_step failed to accept
       retry log10(dt/yr), log10(dt), retry_factor     1   261       -8.459671       -0.960560        0.500000
hydro_newton_step failed to accept
       retry log10(dt/yr), log10(dt), retry_factor     1   262       -8.459671       -0.960560        0.500000
hydro_newton_step failed to accept
       retry log10(dt/yr), log10(dt), retry_factor     1   264       -8.158641       -0.659530        0.500000
       retry log10(dt/yr), log10(dt), retry_factor     2   264       -8.459671       -0.960560        0.500000
 have reached retry limit so now backup
       retry log10(dt/yr), log10(dt), retry_factor     1   265       -8.760701       -1.261590        0.500000
       retry log10(dt/yr), log10(dt), retry_factor     2   265       -9.061731       -1.562620        0.500000
 grid1/grid1_000265.png/png
 burst_profile/burst_profile000265.png/png
 grid1/grid1_000270.png/png
 burst_profile/burst_profile000270.png/png
       retry log10(dt/yr), log10(dt), retry_factor     1   271       -8.459671       -0.960560        0.500000
 grid1/grid1_000275.png/png
 burst_profile/burst_profile000275.png/png
 grid1/grid1_000280.png/png
 burst_profile/burst_profile000280.png/png
 grid1/grid1_000285.png/png
 burst_profile/burst_profile000285.png/png
 grid1/grid1_000290.png/png
 burst_profile/burst_profile000290.png/png
 grid1/grid1_000295.png/png
 burst_profile/burst_profile000295.png/png
       retry log10(dt/yr), log10(dt), retry_factor     1   296       -7.540224       -0.041113        0.500000
        300   8.801435  1.116E+07   2.091552   3.631450   1.400000   1.400000   0.000000   0.000000   0.275200   0.020631   4.903754    710     61
  -7.205990   6.608848  -4.792608   1.904879   2.837945  -8.522879   0.000000   0.000000   0.000000   0.020000   0.020654  34.482809      6     13
 3.1786E-04  23.235898   3.558254   3.610263  14.476653  -0.759722   0.000000   0.000000   0.000000   0.000687  9.587E-01 -0.161E-09          dH/H

 grid1/grid1_000300.png/png
 burst_profile/burst_profile000300.png/png
       retry log10(dt/yr), log10(dt), retry_factor     1   302       -7.902384       -0.403272        0.500000
hydro_newton_step failed to accept
       retry log10(dt/yr), log10(dt), retry_factor     2   302       -8.203414       -0.704302        0.500000
 grid1/grid1_000305.png/png
 burst_profile/burst_profile000305.png/png
       retry log10(dt/yr), log10(dt), retry_factor     1   308       -7.742767       -0.243656        0.500000
       retry log10(dt/yr), log10(dt), retry_factor     2   308       -8.043797       -0.544686        0.500000
 have reached retry limit so now backup
 grid1/grid1_000310.png/png
 burst_profile/burst_profile000310.png/png
       retry log10(dt/yr), log10(dt), retry_factor     1   314       -7.628467       -0.129356        0.500000
       retry log10(dt/yr), log10(dt), retry_factor     2   314       -7.929497       -0.430386        0.500000
 grid1/grid1_000315.png/png
 burst_profile/burst_profile000315.png/png
       retry log10(dt/yr), log10(dt), retry_factor     1   320       -7.556055       -0.056944        0.500000
       retry log10(dt/yr), log10(dt), retry_factor     2   320       -7.857085       -0.357974        0.500000
 have reached retry limit so now backup
 grid1/grid1_000320.png/png
 burst_profile/burst_profile000320.png/png
 grid1/grid1_000325.png/png
 burst_profile/burst_profile000325.png/png
       retry log10(dt/yr), log10(dt), retry_factor     1   327       -7.607300       -0.108188        0.500000
       retry log10(dt/yr), log10(dt), retry_factor     2   327       -7.908330       -0.409218        0.500000
 grid1/grid1_000330.png/png
 burst_profile/burst_profile000330.png/png
 grid1/grid1_000335.png/png
 burst_profile/burst_profile000335.png/png
 grid1/grid1_000340.png/png
 burst_profile/burst_profile000340.png/png
 grid1/grid1_000345.png/png
 burst_profile/burst_profile000345.png/png
 grid1/grid1_000350.png/png
 burst_profile/burst_profile000350.png/png
 grid1/grid1_000355.png/png
 burst_profile/burst_profile000355.png/png
 grid1/grid1_000360.png/png
 burst_profile/burst_profile000360.png/png
 grid1/grid1_000365.png/png
 burst_profile/burst_profile000365.png/png
       retry log10(dt/yr), log10(dt), retry_factor     1   368       -5.558393        1.940718        0.500000
       retry log10(dt/yr), log10(dt), retry_factor     1   369       -5.859423        1.639688        0.500000
 grid1/grid1_000370.png/png
 burst_profile/burst_profile000370.png/png
       retry log10(dt/yr), log10(dt), retry_factor     1   374       -5.558393        1.940718        0.500000
hydro_newton_step failed to accept
       retry log10(dt/yr), log10(dt), retry_factor     2   374       -5.859423        1.639688        0.500000
 have reached retry limit so now backup
 grid1/grid1_000375.png/png
 burst_profile/burst_profile000375.png/png
       retry log10(dt/yr), log10(dt), retry_factor     1   380       -5.493769        2.005343        0.500000
       retry log10(dt/yr), log10(dt), retry_factor     2   380       -5.794799        1.704313        0.500000
 grid1/grid1_000380.png/png
 burst_profile/burst_profile000380.png/png
hydro_newton_step failed to accept
       retry log10(dt/yr), log10(dt), retry_factor     1   382       -6.125369        1.373742        0.500000
       retry log10(dt/yr), log10(dt), retry_factor     2   382       -6.426399        1.072712        0.500000
 grid1/grid1_000385.png/png
 burst_profile/burst_profile000385.png/png
       retry log10(dt/yr), log10(dt), retry_factor     1   390       -5.424342        2.074770        0.500000
 grid1/grid1_000390.png/png
 burst_profile/burst_profile000390.png/png
       retry log10(dt/yr), log10(dt), retry_factor     1   394       -5.484087        2.015025        0.500000
 grid1/grid1_000395.png/png
 burst_profile/burst_profile000395.png/png
       retry log10(dt/yr), log10(dt), retry_factor     1   399       -5.485605        2.013507        0.500000
        400   8.348174  3.642E+06   1.527063   1.553917   1.400000   1.400000   0.000000   0.000000   0.275200   0.062699  15.835169    747     82
  -5.184575   6.668306  -4.792871  -0.883321   0.699041  -8.522879   0.000000   0.000000   0.000000   0.020000   0.044440 102.490411      8     16
 5.0863E-04  23.268631   1.612960   0.304479  13.578763  -1.114689   0.000000   0.000000   0.000000   0.000687  8.929E-01 -0.212E-13          hold

 grid1/grid1_000400.png/png
 burst_profile/burst_profile000400.png/png
       retry log10(dt/yr), log10(dt), retry_factor     1   401       -5.786635        1.712477        0.500000
       retry log10(dt/yr), log10(dt), retry_factor     2   401       -6.087665        1.411447        0.500000
 have reached retry limit so now backup
        400   8.346804  3.629E+06   1.936249   1.946602   1.400000   1.400000   0.000000   0.000000   0.275200   0.061740  15.875692    747     84
  -5.786635   6.667800  -4.792872  -0.948512   0.691486  -8.522879   0.000000   0.000000   0.000000   0.020000   0.043784 102.774297      6     17
 5.0373E-04  23.267821   1.606992   0.294563  13.574873  -1.117057   0.000000   0.000000   0.000000   0.000687  8.945E-01 -0.204E-11        backup

 grid1/grid1_000400.png/png
 burst_profile/burst_profile000400.png/png
       retry log10(dt/yr), log10(dt), retry_factor     1   401       -6.388695        1.110417        0.500000
       retry log10(dt/yr), log10(dt), retry_factor     2   401       -6.689725        0.809387        0.500000
 have reached retry limit so now backup
        400   8.346436  3.626E+06   1.518179   1.544882   1.400000   1.400000   0.000000   0.000000   0.275200   0.061498  15.886784    747     86
  -6.388695   6.667673  -4.792873  -0.965197   0.690784  -8.522879   0.000000   0.000000   0.000000   0.020000   0.043620 102.851454      6     18
 5.0250E-04  23.267617   1.605616   0.297275  13.573977  -1.117602   0.000000   0.000000   0.000000   0.000687  8.949E-01  0.787E-11        backup

 grid1/grid1_000400.png/png
 burst_profile/burst_profile000400.png/png
       retry log10(dt/yr), log10(dt), retry_factor     1   403       -6.990755        0.508357        0.500000
       retry log10(dt/yr), log10(dt), retry_factor     2   403       -7.291785        0.207327        0.500000
 have reached retry limit so now backup
       retry log10(dt/yr), log10(dt), retry_factor     1   404       -7.592815       -0.093703        0.500000
       retry log10(dt/yr), log10(dt), retry_factor     2   404       -7.893845       -0.394733        0.500000
 have reached retry limit so now backup
 grid1/grid1_000405.png/png
 burst_profile/burst_profile000405.png/png
       retry log10(dt/yr), log10(dt), retry_factor     1   406       -8.194875       -0.695763        0.500000
 grid1/grid1_000410.png/png
 burst_profile/burst_profile000410.png/png
 grid1/grid1_000415.png/png
 burst_profile/burst_profile000415.png/png
 grid1/grid1_000420.png/png
 burst_profile/burst_profile000420.png/png
       retry log10(dt/yr), log10(dt), retry_factor     1   421       -5.416442        2.082670        0.500000
       retry log10(dt/yr), log10(dt), retry_factor     1   424       -5.717472        1.781640        0.500000
       retry log10(dt/yr), log10(dt), retry_factor     2   424       -6.018502        1.480610        0.500000
 have reached retry limit so now backup
 grid1/grid1_000425.png/png
 burst_profile/burst_profile000425.png/png
       retry log10(dt/yr), log10(dt), retry_factor     1   430       -5.785358        1.713754        0.500000
 grid1/grid1_000430.png/png
 burst_profile/burst_profile000430.png/png
       retry log10(dt/yr), log10(dt), retry_factor     1   431       -6.183298        1.315814        0.500000
hydro_newton_step failed to accept
       retry log10(dt/yr), log10(dt), retry_factor     1   432       -6.484328        1.014784        0.500000
       retry log10(dt/yr), log10(dt), retry_factor     2   432       -6.785358        0.713754        0.500000
       retry log10(dt/yr), log10(dt), retry_factor     1   433       -7.086388        0.412724        0.500000
 grid1/grid1_000435.png/png
 burst_profile/burst_profile000435.png/png
 grid1/grid1_000440.png/png
 burst_profile/burst_profile000440.png/png
       retry log10(dt/yr), log10(dt), retry_factor     1   441       -6.140335        1.358777        0.500000
        442   8.425511  4.463E+06   1.918128   2.034931   1.400000   1.400000   0.000000   0.000000   0.275200   0.075818  13.318588    750    100
  -5.839305   6.674388  -4.792809   1.186051   1.116247  -8.522879   0.000000   0.000000   0.000000   0.020000   0.053678  86.173487      6     21
 5.8517E-04  23.281076   1.966301   1.008981  13.809831  -0.973983   0.000000   0.000000   0.000000   0.000687  8.705E-01 -0.996E-12          hold

save LOGS/profile3.data for model 442
hydro_newton_step failed to accept
       retry log10(dt/yr), log10(dt), retry_factor     1   443       -6.441365        1.057747        0.500000
       retry log10(dt/yr), log10(dt), retry_factor     1   445       -6.441365        1.057747        0.500000
hydro_newton_step failed to accept
       retry log10(dt/yr), log10(dt), retry_factor     2   445       -6.742395        0.756717        0.500000
 grid1/grid1_000445.png/png
 burst_profile/burst_profile000445.png/png
       retry log10(dt/yr), log10(dt), retry_factor     1   448       -7.043425        0.455687        0.500000
       retry log10(dt/yr), log10(dt), retry_factor     1   449       -7.344455        0.154657        0.500000
 grid1/grid1_000450.png/png
 burst_profile/burst_profile000450.png/png
       retry log10(dt/yr), log10(dt), retry_factor     1   451       -7.645485       -0.146373        0.500000
       retry log10(dt/yr), log10(dt), retry_factor     1   453       -7.946515       -0.447403        0.500000
 grid1/grid1_000455.png/png
 burst_profile/burst_profile000455.png/png
       retry log10(dt/yr), log10(dt), retry_factor     1   456       -8.344455       -0.845343        0.500000
 grid1/grid1_000460.png/png
 burst_profile/burst_profile000460.png/png
 grid1/grid1_000465.png/png
 burst_profile/burst_profile000465.png/png
 grid1/grid1_000470.png/png
 burst_profile/burst_profile000470.png/png
 grid1/grid1_000475.png/png
 burst_profile/burst_profile000475.png/png
 grid1/grid1_000480.png/png
 burst_profile/burst_profile000480.png/png
 grid1/grid1_000485.png/png
 burst_profile/burst_profile000485.png/png
 grid1/grid1_000490.png/png
 burst_profile/burst_profile000490.png/png
 grid1/grid1_000495.png/png
 burst_profile/burst_profile000495.png/png
        500   8.464378  1.801E+07   3.585981   6.834383   1.400000   1.400000   0.000000   0.000000   0.278660   0.069818  12.138380    782    108
  -8.150856   6.673170  -4.791797   3.180740   4.080463  -8.522879   0.000000   0.000000   0.000000   0.029245   0.044966  78.722843      7     21
 5.8837E-04  23.281475   4.391661   6.834041  14.746981  -0.916550   0.000000   0.000000   0.000000   0.000687  8.852E-01 -0.468E-08    varcontrol

save LOGS/profile4.data for model 500
save photos/x500 for model 500
 grid1/grid1_000500.png/png
 burst_profile/burst_profile000500.png/png
 grid1/grid1_000505.png/png
 burst_profile/burst_profile000505.png/png
 grid1/grid1_000510.png/png
 burst_profile/burst_profile000510.png/png
 grid1/grid1_000515.png/png
 burst_profile/burst_profile000515.png/png
 grid1/grid1_000520.png/png
 burst_profile/burst_profile000520.png/png
 grid1/grid1_000525.png/png
 burst_profile/burst_profile000525.png/png
 grid1/grid1_000530.png/png
 burst_profile/burst_profile000530.png/png
 grid1/grid1_000535.png/png
 burst_profile/burst_profile000535.png/png
       retry log10(dt/yr), log10(dt), retry_factor     1   536       -8.397100       -0.897988        0.500000
 grid1/grid1_000540.png/png
 burst_profile/burst_profile000540.png/png
 grid1/grid1_000545.png/png
 burst_profile/burst_profile000545.png/png
 grid1/grid1_000550.png/png
 burst_profile/burst_profile000550.png/png
       retry log10(dt/yr), log10(dt), retry_factor     1   552       -7.646475       -0.147363        0.500000
       retry log10(dt/yr), log10(dt), retry_factor     1   553       -8.044415       -0.545303        0.500000
       retry log10(dt/yr), log10(dt), retry_factor     2   553       -8.345445       -0.846333        0.500000
       retry log10(dt/yr), log10(dt), retry_factor     1   554       -8.646788       -1.147676        0.500000
       retry log10(dt/yr), log10(dt), retry_factor     2   554       -8.947818       -1.448706        0.500000
 have reached retry limit so now backup
 grid1/grid1_000555.png/png
 burst_profile/burst_profile000555.png/png
       retry log10(dt/yr), log10(dt), retry_factor     1   560       -8.345758       -0.846646        0.500000
 grid1/grid1_000560.png/png
 burst_profile/burst_profile000560.png/png
       retry log10(dt/yr), log10(dt), retry_factor     1   561       -8.646788       -1.147676        0.500000
 grid1/grid1_000565.png/png
 burst_profile/burst_profile000565.png/png
hydro_newton_step failed to accept
       retry log10(dt/yr), log10(dt), retry_factor     1   569       -8.060237       -0.561125        0.500000
       retry log10(dt/yr), log10(dt), retry_factor     2   569       -8.361267       -0.862155        0.500000
 have reached retry limit so now backup
hydro_newton_step failed to accept
       retry log10(dt/yr), log10(dt), retry_factor     1   570       -8.662297       -1.163185        0.500000
 grid1/grid1_000570.png/png
 burst_profile/burst_profile000570.png/png
 grid1/grid1_000575.png/png
 burst_profile/burst_profile000575.png/png
 grid1/grid1_000580.png/png
 burst_profile/burst_profile000580.png/png
 grid1/grid1_000585.png/png
 burst_profile/burst_profile000585.png/png
 grid1/grid1_000590.png/png
 burst_profile/burst_profile000590.png/png
 grid1/grid1_000595.png/png
 burst_profile/burst_profile000595.png/png
        600   8.825907  1.142E+07   2.094258   3.692086   1.400000   1.400000   0.000000   0.000000   0.275200   0.018428   4.789340    820    119
  -7.148203   6.637548  -4.792581   1.982445   2.844524  -8.522879   0.000000   0.000000   0.000000   0.020000   0.020150  33.319473     10     23
 5.9096E-04  23.281972   3.599289   3.672199  14.484861  -0.766902   0.000000   0.000000   0.000000   0.000687  9.614E-01  0.354E-09    varcontrol

 grid1/grid1_000600.png/png
 burst_profile/burst_profile000600.png/png
       retry log10(dt/yr), log10(dt), retry_factor     1   601       -7.690458       -0.191346        0.500000
hydro_newton_step failed to accept
       retry log10(dt/yr), log10(dt), retry_factor     2   601       -7.991488       -0.492376        0.500000
 grid1/grid1_000605.png/png
 burst_profile/burst_profile000605.png/png
       retry log10(dt/yr), log10(dt), retry_factor     1   608       -7.802357       -0.303245        0.500000
       retry log10(dt/yr), log10(dt), retry_factor     2   608       -8.103387       -0.604275        0.500000
 have reached retry limit so now backup
 grid1/grid1_000610.png/png
 burst_profile/burst_profile000610.png/png
       retry log10(dt/yr), log10(dt), retry_factor     1   612       -8.103387       -0.604275        0.500000
       retry log10(dt/yr), log10(dt), retry_factor     2   612       -8.404417       -0.905305        0.500000
 have reached retry limit so now backup
 grid1/grid1_000615.png/png
 burst_profile/burst_profile000615.png/png
 grid1/grid1_000620.png/png
 burst_profile/burst_profile000620.png/png
 grid1/grid1_000625.png/png
 burst_profile/burst_profile000625.png/png
 grid1/grid1_000630.png/png
 burst_profile/burst_profile000630.png/png
 grid1/grid1_000635.png/png
 burst_profile/burst_profile000635.png/png
 grid1/grid1_000640.png/png
 burst_profile/burst_profile000640.png/png
 grid1/grid1_000645.png/png
 burst_profile/burst_profile000645.png/png
 grid1/grid1_000650.png/png
 burst_profile/burst_profile000650.png/png
 grid1/grid1_000655.png/png
 burst_profile/burst_profile000655.png/png
 grid1/grid1_000660.png/png
 burst_profile/burst_profile000660.png/png
       retry log10(dt/yr), log10(dt), retry_factor     1   662       -5.731191        1.767921        0.500000
       retry log10(dt/yr), log10(dt), retry_factor     2   662       -6.032221        1.466891        0.500000
 grid1/grid1_000665.png/png
 burst_profile/burst_profile000665.png/png
       retry log10(dt/yr), log10(dt), retry_factor     1   669       -5.418028        2.081083        0.500000
 grid1/grid1_000670.png/png
 burst_profile/burst_profile000670.png/png
       retry log10(dt/yr), log10(dt), retry_factor     1   671       -5.769164        1.729948        0.500000
       retry log10(dt/yr), log10(dt), retry_factor     2   671       -6.070194        1.428918        0.500000
 grid1/grid1_000675.png/png
 burst_profile/burst_profile000675.png/png
       retry log10(dt/yr), log10(dt), retry_factor     1   680       -5.526479        1.972633        0.500000
hydro_newton_step failed to accept
       retry log10(dt/yr), log10(dt), retry_factor     2   680       -5.827509        1.671603        0.500000
 have reached retry limit so now backup
 grid1/grid1_000680.png/png
 burst_profile/burst_profile000680.png/png
 grid1/grid1_000685.png/png
 burst_profile/burst_profile000685.png/png
       retry log10(dt/yr), log10(dt), retry_factor     1   686       -5.456510        2.042602        0.500000
       retry log10(dt/yr), log10(dt), retry_factor     2   686       -5.757540        1.741572        0.500000
 have reached retry limit so now backup
 grid1/grid1_000685.png/png
 burst_profile/burst_profile000685.png/png
 grid1/grid1_000690.png/png
 burst_profile/burst_profile000690.png/png
       retry log10(dt/yr), log10(dt), retry_factor     1   692       -5.527442        1.971670        0.500000
       retry log10(dt/yr), log10(dt), retry_factor     2   692       -5.828472        1.670640        0.500000
 grid1/grid1_000695.png/png
 burst_profile/burst_profile000695.png/png
       retry log10(dt/yr), log10(dt), retry_factor     1   698       -5.420786        2.078325        0.500000
hydro_newton_step failed to accept
       retry log10(dt/yr), log10(dt), retry_factor     1   699       -5.818726        1.680385        0.500000
        700   8.357850  3.720E+06   1.565153   1.594376   1.400000   1.400000   0.000000   0.000000   0.275200   0.059703  16.083154    869    138
  -5.517696   6.698609  -4.792850  -0.527634   0.739956  -8.522879   0.000000   0.000000   0.000000   0.020000   0.043883 102.590732      8     27
 8.0021E-04  23.314285   1.650047   0.354224  13.603006  -1.099842   0.000000   0.000000   0.000000   0.000687  8.964E-01  0.235E-13          hold

 grid1/grid1_000700.png/png
 burst_profile/burst_profile000700.png/png
       retry log10(dt/yr), log10(dt), retry_factor     1   704       -5.527897        1.971214        0.500000
       retry log10(dt/yr), log10(dt), retry_factor     2   704       -5.828927        1.670184        0.500000
hydro_newton_step failed to accept
       retry log10(dt/yr), log10(dt), retry_factor     1   705       -6.129957        1.369154        0.500000
       retry log10(dt/yr), log10(dt), retry_factor     2   705       -6.430987        1.068124        0.500000
 grid1/grid1_000705.png/png
 burst_profile/burst_profile000705.png/png
       retry log10(dt/yr), log10(dt), retry_factor     1   706       -6.732017        0.767094        0.500000
 grid1/grid1_000710.png/png
 burst_profile/burst_profile000710.png/png
hydro_newton_step failed to accept
       retry log10(dt/yr), log10(dt), retry_factor     1   714       -5.903829        1.595283        0.500000
hydro_newton_step failed to accept
       retry log10(dt/yr), log10(dt), retry_factor     2   714       -6.204859        1.294253        0.500000
 have reached retry limit so now backup
 grid1/grid1_000715.png/png
 burst_profile/burst_profile000715.png/png
hydro_newton_step failed to accept
       retry log10(dt/yr), log10(dt), retry_factor     1   718       -6.292360        1.206752        0.500000
       retry log10(dt/yr), log10(dt), retry_factor     1   720       -6.059855        1.439256        0.500000
hydro_newton_step failed to accept
       retry log10(dt/yr), log10(dt), retry_factor     2   720       -6.360885        1.138226        0.500000
 have reached retry limit so now backup
 grid1/grid1_000720.png/png
 burst_profile/burst_profile000720.png/png
 grid1/grid1_000725.png/png
 burst_profile/burst_profile000725.png/png
       retry log10(dt/yr), log10(dt), retry_factor     1   726       -5.951371        1.547740        0.500000
hydro_newton_step failed to accept
       retry log10(dt/yr), log10(dt), retry_factor     1   727       -6.349311        1.149800        0.500000
 grid1/grid1_000730.png/png
 burst_profile/burst_profile000730.png/png
       retry log10(dt/yr), log10(dt), retry_factor     1   731       -6.048281        1.450830        0.500000
       retry log10(dt/yr), log10(dt), retry_factor     1   733       -6.349311        1.149800        0.500000
       retry log10(dt/yr), log10(dt), retry_factor     1   735       -6.650341        0.848770        0.500000
 grid1/grid1_000735.png/png
 burst_profile/burst_profile000735.png/png
       retry log10(dt/yr), log10(dt), retry_factor     1   737       -6.951371        0.547740        0.500000
hydro_newton_step failed to accept
       retry log10(dt/yr), log10(dt), retry_factor     2   737       -7.252401        0.246710        0.500000
       retry log10(dt/yr), log10(dt), retry_factor     1   740       -7.553431       -0.054320        0.500000
 grid1/grid1_000740.png/png
 burst_profile/burst_profile000740.png/png
       retry log10(dt/yr), log10(dt), retry_factor     1   742       -7.854461       -0.355350        0.500000
 grid1/grid1_000745.png/png
 burst_profile/burst_profile000745.png/png
       retry log10(dt/yr), log10(dt), retry_factor     1   746       -8.349311       -0.850200        0.500000
 grid1/grid1_000750.png/png
 burst_profile/burst_profile000750.png/png
 grid1/grid1_000755.png/png
 burst_profile/burst_profile000755.png/png
 grid1/grid1_000760.png/png
 burst_profile/burst_profile000760.png/png
 grid1/grid1_000765.png/png
 burst_profile/burst_profile000765.png/png
 grid1/grid1_000770.png/png
 burst_profile/burst_profile000770.png/png
       retry log10(dt/yr), log10(dt), retry_factor     1   772       -9.290517       -1.791405        0.500000
 grid1/grid1_000775.png/png
 burst_profile/burst_profile000775.png/png
 grid1/grid1_000780.png/png
 burst_profile/burst_profile000780.png/png
 grid1/grid1_000785.png/png
 burst_profile/burst_profile000785.png/png
 grid1/grid1_000790.png/png
 burst_profile/burst_profile000790.png/png
 grid1/grid1_000795.png/png
 burst_profile/burst_profile000795.png/png
        800   8.618674  2.261E+07   3.576415   6.654401   1.400000   1.400000   0.000000   0.000000   0.283438   0.054111   8.630222    918    159
  -8.361287   6.692851  -4.791656   2.948663   4.288350  -8.522879   0.000000   0.000000   0.000000   0.250626   0.036164  56.022827      7     29
 8.6247E-04  23.323283   4.787275   6.653952  15.000041  -0.847161   0.000000   0.000000   0.000000   0.000687  9.097E-01  0.792E-08      lgT_cntr

 grid1/grid1_000800.png/png
 burst_profile/burst_profile000800.png/png
 grid1/grid1_000805.png/png
 burst_profile/burst_profile000805.png/png
 grid1/grid1_000810.png/png
 burst_profile/burst_profile000810.png/png
 grid1/grid1_000815.png/png
 burst_profile/burst_profile000815.png/png
 grid1/grid1_000820.png/png
 burst_profile/burst_profile000820.png/png
 grid1/grid1_000825.png/png
 burst_profile/burst_profile000825.png/png
 grid1/grid1_000830.png/png
 burst_profile/burst_profile000830.png/png
       retry log10(dt/yr), log10(dt), retry_factor     1   834       -7.772775       -0.273663        0.500000
 grid1/grid1_000835.png/png
 burst_profile/burst_profile000835.png/png
       retry log10(dt/yr), log10(dt), retry_factor     1   836       -8.267625       -0.768513        0.500000
hydro_newton_step failed to accept
       retry log10(dt/yr), log10(dt), retry_factor     2   836       -8.568655       -1.069543        0.500000
 have reached retry limit so now backup
 grid1/grid1_000835.png/png
 burst_profile/burst_profile000835.png/png
hydro_newton_step failed to accept
       retry log10(dt/yr), log10(dt), retry_factor     1   837       -8.869685       -1.370573        0.500000
       retry log10(dt/yr), log10(dt), retry_factor     1   838       -9.170715       -1.671603        0.500000
       retry log10(dt/yr), log10(dt), retry_factor     2   838       -9.471745       -1.972633        0.500000
 grid1/grid1_000840.png/png
 burst_profile/burst_profile000840.png/png
       retry log10(dt/yr), log10(dt), retry_factor     1   844       -8.869685       -1.370573        0.500000
       retry log10(dt/yr), log10(dt), retry_factor     2   844       -9.170715       -1.671603        0.500000
 grid1/grid1_000845.png/png
 burst_profile/burst_profile000845.png/png
       retry log10(dt/yr), log10(dt), retry_factor     1   848       -9.170715       -1.671603        0.500000
 grid1/grid1_000850.png/png
 burst_profile/burst_profile000850.png/png
hydro_newton_step failed to accept
       retry log10(dt/yr), log10(dt), retry_factor     1   854       -8.568655       -1.069543        0.500000
 grid1/grid1_000855.png/png
 burst_profile/burst_profile000855.png/png
       retry log10(dt/yr), log10(dt), retry_factor     1   856       -8.267625       -0.768513        0.500000
       retry log10(dt/yr), log10(dt), retry_factor     2   856       -8.568655       -1.069543        0.500000
 have reached retry limit so now backup
 grid1/grid1_000855.png/png
 burst_profile/burst_profile000855.png/png
 grid1/grid1_000860.png/png
 burst_profile/burst_profile000860.png/png
       retry log10(dt/yr), log10(dt), retry_factor     1   863       -7.954009       -0.454897        0.500000
 grid1/grid1_000865.png/png
 burst_profile/burst_profile000865.png/png
 grid1/grid1_000870.png/png
 burst_profile/burst_profile000870.png/png
 grid1/grid1_000875.png/png
 burst_profile/burst_profile000875.png/png
 grid1/grid1_000880.png/png
 burst_profile/burst_profile000880.png/png
 grid1/grid1_000885.png/png
 burst_profile/burst_profile000885.png/png
 grid1/grid1_000890.png/png
 burst_profile/burst_profile000890.png/png
 grid1/grid1_000895.png/png
 burst_profile/burst_profile000895.png/png
       retry log10(dt/yr), log10(dt), retry_factor     1   897       -7.557864       -0.058752        0.500000
       retry log10(dt/yr), log10(dt), retry_factor     2   897       -7.858894       -0.359782        0.500000
 have reached retry limit so now backup
        900   8.824934  1.098E+07   1.979839   3.532071   1.400000   1.400000   0.000000   0.000000   0.275200   0.016202   5.009439    913    174
  -7.557864   6.668061  -4.792595   1.927412   2.756872  -8.522879   0.000000   0.000000   0.000000   0.020000   0.018574  34.185500      6     32
 8.6501E-04  23.323772   3.530285   3.508471  14.471111  -0.754971   0.000000   0.000000   0.000000   0.000687  9.652E-01  0.205E-09          hold

 grid1/grid1_000900.png/png
 burst_profile/burst_profile000900.png/png
 grid1/grid1_000905.png/png
 burst_profile/burst_profile000905.png/png
 grid1/grid1_000910.png/png
 burst_profile/burst_profile000910.png/png
 grid1/grid1_000915.png/png
 burst_profile/burst_profile000915.png/png
 grid1/grid1_000920.png/png
 burst_profile/burst_profile000920.png/png
 grid1/grid1_000925.png/png
 burst_profile/burst_profile000925.png/png

stop because model_number >= max_model_number
      926      926

        926   8.588476  5.564E+06   1.210286   1.998610   1.400000   1.400000   0.000000   0.000000   0.275200   0.016257   9.312506    913    174
  -6.367876   6.695813  -4.792846   0.246387   1.597864  -8.522879   0.000000   0.000000   0.000000   0.020000   0.018114  60.193578      6     32
 8.6965E-04  23.324485   2.349220   1.912159  14.044259  -0.838363   0.000000   0.000000   0.000000   0.000687  9.656E-01  0.361E-11    varcontrol

save LOGS/profile5.data for model 926
save photos/x926 for model 926
save abund_profile_r_nb82_ng_nb83_01.data for model 926
 saved to final.mod
termination code: max_model_number
        926   8.588476  5.564E+06   1.210286   1.998610   1.400000   1.400000   0.000000   0.000000   0.275200   0.016257   9.312506    913    174
  -6.367876   6.695813  -4.792846   0.246387   1.597864  -8.522879   0.000000   0.000000   0.000000   0.020000   0.018114  60.193578      6     32
 8.6965E-04  23.324485   2.349220   1.912159  14.044259  -0.838363   0.000000   0.000000   0.000000   0.000687  9.656E-01  0.361E-11      lgT_cntr

DATE: 2020-09-03
TIME: 04:21:00
