ls: cannot access './81/photos': No such file or directory
starting from scratch 
                                         version_number       10108
 read /hpc/group/physics/al363/low_overhead/sens/base/inlist_base
 read inlist_cluster
load saved model /hpc/group/physics/al363/sens/base/ns_relax.mod

 change to /hpc/group/physics/al363/sens/base/rp_305.net
             set special rate factor for r_cl31_ng_cl32          81    1.0000000000000000D-02
             set special rate factor for r_cl32_gn_cl31          82    1.0000000000000000D-02
             set special rate factor for r_cl31_ng_cl32          81    1.0000000000000000D-02
             set special rate factor for r_cl32_gn_cl31          82    1.0000000000000000D-02
 number of species         305
 read /hpc/group/physics/al363/low_overhead/sens/base/history_custom_low_overhead
 read /hpc/group/physics/al363/low_overhead/sens/base/profile_custom_low_overhead
 net name /hpc/group/physics/al363/sens/base/rp_305.net
 v_flag T
                                           xmstar/mstar    4.5461189430843640D-12
                                             xmstar (g)    1.2660395722219186D+22
                                           M_center (g)    2.7848799999878681D+33
                                            xmstar/Msun    6.3645665203193175D-12
                                          M_center/Msun    1.3999999999939012D+00
                                          R_center (cm)    1.1200000000000000D+06
                                          R_center/Rsun    1.6092416448748527D-05
                                           core density    4.7322078204273819D+14
                                          L_center/Lsun    4.1647144567650578D+00
 kappa_file_prefix gs98
 kappa_lowT_prefix lowT_fa05_gs98

   eos_file_prefix mesa
                                        OMP_NUM_THREADS           8


__________________________________________________________________________________________________________________________________________________

       step    lg_Tcntr    Teff       lg_LH     lg_Lnuc     Mass       H_rich     H_cntr     N_cntr     Y_surf     X_avg     eta_cntr  zones retry
   lg_dt_yr    lg_Dcntr    lg_R       lg_L3a    lg_Lneu     lg_Mdot    He_core    He_cntr    O_cntr     Z_surf     Y_avg     gam_cntr  iters bckup
     age_yr    lg_Pcntr    lg_L       lg_LZ     lg_Psurf    lg_Dsurf   C_core     C_cntr     Ne_cntr    Si_cntr    Z_avg     v_div_cs     dt_limit
__________________________________________________________________________________________________________________________________________________

save LOGS/profile1.data for model 2
         12   8.207068  1.596E+06   0.422373   0.422680   1.400000   1.400000   0.000000   0.000000   0.275200   0.032716  18.782540    782      0
  -5.834864   6.544453  -4.792968 -17.300136  -0.755568  -8.522879   0.000000   0.000000   0.000000   0.020000   0.012436 128.974929      6      0
 9.8181E-06  23.077272   0.179446  -2.727454  12.804639  -1.522785   0.000000   0.000000   0.000000   0.000687  9.548E-01 -0.112E-12      lgT_cntr

save LOGS/profile2.data for model 12
       retry log10(dt/yr), log10(dt), retry_factor     1    34       -5.396345        2.102767        0.500000
       retry log10(dt/yr), log10(dt), retry_factor     1    38       -5.396345        2.102767        0.500000
       retry log10(dt/yr), log10(dt), retry_factor     1    42       -5.396345        2.102767        0.500000
       retry log10(dt/yr), log10(dt), retry_factor     1    46       -5.396345        2.102767        0.500000
       retry log10(dt/yr), log10(dt), retry_factor     1    51       -5.095315        2.403797        0.500000
       retry log10(dt/yr), log10(dt), retry_factor     1    52       -5.095315        2.403797        0.500000
       retry log10(dt/yr), log10(dt), retry_factor     1    53       -5.095315        2.403797        0.500000
       retry log10(dt/yr), log10(dt), retry_factor     1    54       -5.095315        2.403797        0.500000
       retry log10(dt/yr), log10(dt), retry_factor     1    55       -5.095315        2.403797        0.500000
       retry log10(dt/yr), log10(dt), retry_factor     1    56       -5.095315        2.403797        0.500000
       retry log10(dt/yr), log10(dt), retry_factor     2    56       -5.396345        2.102767        0.500000
       retry log10(dt/yr), log10(dt), retry_factor     1    60       -5.396345        2.102767        0.500000
       retry log10(dt/yr), log10(dt), retry_factor     1    61       -5.697375        1.801737        0.500000
       retry log10(dt/yr), log10(dt), retry_factor     1    62       -5.998405        1.500707        0.500000
       retry log10(dt/yr), log10(dt), retry_factor     1    64       -6.299435        1.199677        0.500000
hydro_newton_step failed to accept
       retry log10(dt/yr), log10(dt), retry_factor     1    65       -6.600465        0.898647        0.500000
       retry log10(dt/yr), log10(dt), retry_factor     1    67       -6.901495        0.597617        0.500000
       retry log10(dt/yr), log10(dt), retry_factor     1    69       -7.202525        0.296587        0.500000
       retry log10(dt/yr), log10(dt), retry_factor     1    70       -7.503555       -0.004443        0.500000
       retry log10(dt/yr), log10(dt), retry_factor     1    72       -7.804585       -0.305473        0.500000
       retry log10(dt/yr), log10(dt), retry_factor     1    74       -8.105615       -0.606503        0.500000
       retry log10(dt/yr), log10(dt), retry_factor     1    75       -8.439771       -0.940660        0.500000
       retry log10(dt/yr), log10(dt), retry_factor     1   143       -8.739841       -1.240729        0.500000
       retry log10(dt/yr), log10(dt), retry_factor     2   143       -9.040871       -1.541759        0.500000
       retry log10(dt/yr), log10(dt), retry_factor     1   181       -7.299913        0.199198        0.500000
       retry log10(dt/yr), log10(dt), retry_factor     2   181       -7.600943       -0.101832        0.500000
       retry log10(dt/yr), log10(dt), retry_factor     1   187       -7.602242       -0.103130        0.500000
hydro_newton_step failed to accept
       retry log10(dt/yr), log10(dt), retry_factor     1   189       -8.097092       -0.597980        0.500000
hydro_newton_step failed to accept
       retry log10(dt/yr), log10(dt), retry_factor     2   189       -8.398122       -0.899010        0.500000
hydro_newton_step failed to accept
       retry log10(dt/yr), log10(dt), retry_factor     1   214       -7.770321       -0.271210        0.500000
hydro_newton_step failed to accept
       retry log10(dt/yr), log10(dt), retry_factor     2   214       -8.071351       -0.572240        0.500000
       retry log10(dt/yr), log10(dt), retry_factor     1   223       -7.656947       -0.157836        0.500000
       retry log10(dt/yr), log10(dt), retry_factor     2   223       -7.957977       -0.458866        0.500000
 have reached retry limit so now backup
       retry log10(dt/yr), log10(dt), retry_factor     1   231       -7.539244       -0.040132        0.500000
       retry log10(dt/yr), log10(dt), retry_factor     2   231       -7.840274       -0.341162        0.500000
 have reached retry limit so now backup
       retry log10(dt/yr), log10(dt), retry_factor     1   238       -7.569085       -0.069973        0.500000
       retry log10(dt/yr), log10(dt), retry_factor     2   238       -7.870115       -0.371003        0.500000
       retry log10(dt/yr), log10(dt), retry_factor     1   282       -5.652608        1.846504        0.500000
       retry log10(dt/yr), log10(dt), retry_factor     1   283       -5.953638        1.545474        0.500000
       retry log10(dt/yr), log10(dt), retry_factor     1   289       -5.537252        1.961859        0.500000
       retry log10(dt/yr), log10(dt), retry_factor     1   293       -5.578233        1.920878        0.500000
       retry log10(dt/yr), log10(dt), retry_factor     1   298       -5.548181        1.950930        0.500000
       retry log10(dt/yr), log10(dt), retry_factor     1   303       -5.526110        1.973002        0.500000
       retry log10(dt/yr), log10(dt), retry_factor     2   303       -5.827140        1.671972        0.500000
       retry log10(dt/yr), log10(dt), retry_factor     1   304       -6.128170        1.370942        0.500000
       retry log10(dt/yr), log10(dt), retry_factor     1   311       -5.465076        2.034036        0.500000
       retry log10(dt/yr), log10(dt), retry_factor     1   314       -5.766106        1.733006        0.500000
hydro_newton_step failed to accept
       retry log10(dt/yr), log10(dt), retry_factor     1   315       -6.164046        1.335066        0.500000
       retry log10(dt/yr), log10(dt), retry_factor     1   316       -6.465076        1.034036        0.500000
       retry log10(dt/yr), log10(dt), retry_factor     1   323       -5.561986        1.937126        0.500000
       retry log10(dt/yr), log10(dt), retry_factor     1   324       -5.863016        1.636096        0.500000
hydro_newton_step failed to accept
       retry log10(dt/yr), log10(dt), retry_factor     1   325       -6.260956        1.238156        0.500000
hydro_newton_step failed to accept
       retry log10(dt/yr), log10(dt), retry_factor     1   328       -6.302764        1.196347        0.500000
       retry log10(dt/yr), log10(dt), retry_factor     1   332       -5.728177        1.770935        0.500000
hydro_newton_step failed to accept
       retry log10(dt/yr), log10(dt), retry_factor     2   332       -6.029207        1.469905        0.500000
hydro_newton_step failed to accept
       retry log10(dt/yr), log10(dt), retry_factor     1   333       -6.427147        1.071965        0.500000
hydro_newton_step failed to accept
       retry log10(dt/yr), log10(dt), retry_factor     1   334       -6.728177        0.770935        0.500000
        338   8.435543  4.532E+06   1.952730   2.080043   1.400000   1.400000   0.000000   0.000000   0.275200   0.077443  11.926805    748     57
  -5.524057   6.606274  -4.792684   1.214682   1.166180  -8.522879   0.000000   0.000000   0.000000   0.020000   0.055598  79.916575      9      2
 5.8021E-04  23.180202   1.993306   1.150988  13.826928  -0.963755   0.000000   0.000000   0.000000   0.000687  8.670E-01  0.161E-10  max increase

save LOGS/profile3.data for model 338
       retry log10(dt/yr), log10(dt), retry_factor     1   339       -6.083779        1.415333        0.500000
       retry log10(dt/yr), log10(dt), retry_factor     2   339       -6.384809        1.114303        0.500000
       retry log10(dt/yr), log10(dt), retry_factor     1   341       -6.784961        0.714150        0.500000
       retry log10(dt/yr), log10(dt), retry_factor     1   342       -7.085991        0.413120        0.500000
       retry log10(dt/yr), log10(dt), retry_factor     1   343       -7.387021        0.112090        0.500000
       retry log10(dt/yr), log10(dt), retry_factor     1   345       -7.688051       -0.188940        0.500000
       retry log10(dt/yr), log10(dt), retry_factor     1   348       -7.989081       -0.489970        0.500000
       retry log10(dt/yr), log10(dt), retry_factor     1   349       -8.331517       -0.832405        0.500000
       retry log10(dt/yr), log10(dt), retry_factor     2   349       -8.632547       -1.133435        0.500000
       retry log10(dt/yr), log10(dt), retry_factor     1   355       -8.494363       -0.995251        0.500000
hydro_newton_step failed to accept
       retry log10(dt/yr), log10(dt), retry_factor     1   389       -9.245038       -1.745926        0.500000
       retry log10(dt/yr), log10(dt), retry_factor     2   389       -9.546068       -2.046956        0.500000
 have reached retry limit so now backup
hydro_newton_step failed to accept
       retry log10(dt/yr), log10(dt), retry_factor     1   397       -9.161752       -1.662641        0.500000
       retry log10(dt/yr), log10(dt), retry_factor     1   448       -7.546585       -0.047474        0.500000
hydro_newton_step failed to accept
       retry log10(dt/yr), log10(dt), retry_factor     2   448       -7.847615       -0.348504        0.500000
hydro_newton_step failed to accept
       retry log10(dt/yr), log10(dt), retry_factor     1   449       -8.245555       -0.746444        0.500000
hydro_newton_step failed to accept
       retry log10(dt/yr), log10(dt), retry_factor     2   449       -8.546585       -1.047474        0.500000
       retry log10(dt/yr), log10(dt), retry_factor     1   468       -7.966128       -0.467017        0.500000
       retry log10(dt/yr), log10(dt), retry_factor     2   468       -8.267158       -0.768047        0.500000
       retry log10(dt/yr), log10(dt), retry_factor     1   485       -7.608272       -0.109160        0.500000
       retry log10(dt/yr), log10(dt), retry_factor     1   490       -7.492432        0.006679        0.500000
       retry log10(dt/yr), log10(dt), retry_factor     2   490       -7.793462       -0.294351        0.500000
 have reached retry limit so now backup
       retry log10(dt/yr), log10(dt), retry_factor     1   491       -8.094492       -0.595381        0.500000
hydro_newton_step failed to accept
       retry log10(dt/yr), log10(dt), retry_factor     2   491       -8.395522       -0.896411        0.500000
 have reached retry limit so now backup
       retry log10(dt/yr), log10(dt), retry_factor     1   499       -7.633867       -0.134756        0.500000
       retry log10(dt/yr), log10(dt), retry_factor     2   499       -7.934897       -0.435786        0.500000
 bad other yaxis for History panels plot num_zones

 ERROR: failed to find log_Teff in history data

 grid1/grid1_000500.png/png
       retry log10(dt/yr), log10(dt), retry_factor     1   507       -7.672090       -0.172978        0.500000
       retry log10(dt/yr), log10(dt), retry_factor     2   507       -7.973120       -0.474008        0.500000
       retry log10(dt/yr), log10(dt), retry_factor     1   551       -5.504432        1.994680        0.500000
       retry log10(dt/yr), log10(dt), retry_factor     2   551       -5.805462        1.693650        0.500000
 have reached retry limit so now backup
       retry log10(dt/yr), log10(dt), retry_factor     1   553       -6.106492        1.392620        0.500000
       retry log10(dt/yr), log10(dt), retry_factor     1   560       -5.428529        2.070583        0.500000
hydro_newton_step failed to accept
       retry log10(dt/yr), log10(dt), retry_factor     2   560       -5.729559        1.769553        0.500000
 have reached retry limit so now backup
       retry log10(dt/yr), log10(dt), retry_factor     1   566       -5.539123        1.959988        0.500000
       retry log10(dt/yr), log10(dt), retry_factor     2   566       -5.840153        1.658958        0.500000
       retry log10(dt/yr), log10(dt), retry_factor     1   567       -6.141183        1.357928        0.500000
       retry log10(dt/yr), log10(dt), retry_factor     1   574       -5.488014        2.011097        0.500000
       retry log10(dt/yr), log10(dt), retry_factor     2   574       -5.789044        1.710067        0.500000
       retry log10(dt/yr), log10(dt), retry_factor     1   575       -6.112565        1.386546        0.500000
       retry log10(dt/yr), log10(dt), retry_factor     1   582       -5.370136        2.128975        0.500000
       retry log10(dt/yr), log10(dt), retry_factor     1   583       -5.768077        1.731035        0.500000
       retry log10(dt/yr), log10(dt), retry_factor     1   589       -5.366202        2.132910        0.500000
hydro_newton_step failed to accept
       retry log10(dt/yr), log10(dt), retry_factor     1   591       -5.778678        1.720434        0.500000
hydro_newton_step failed to accept
       retry log10(dt/yr), log10(dt), retry_factor     2   591       -6.079708        1.419404        0.500000
       retry log10(dt/yr), log10(dt), retry_factor     1   592       -6.457213        1.041899        0.500000
       retry log10(dt/yr), log10(dt), retry_factor     2   592       -6.758243        0.740869        0.500000
       retry log10(dt/yr), log10(dt), retry_factor     1   601       -5.649357        1.849754        0.500000
       retry log10(dt/yr), log10(dt), retry_factor     2   601       -5.950387        1.548724        0.500000
 have reached retry limit so now backup
       retry log10(dt/yr), log10(dt), retry_factor     1   605       -5.950387        1.548724        0.500000
hydro_newton_step failed to accept
       retry log10(dt/yr), log10(dt), retry_factor     1   606       -6.251417        1.247694        0.500000
       retry log10(dt/yr), log10(dt), retry_factor     1   607       -6.552447        0.946664        0.500000
       retry log10(dt/yr), log10(dt), retry_factor     1   608       -6.853477        0.645634        0.500000
       retry log10(dt/yr), log10(dt), retry_factor     2   608       -7.154507        0.344604        0.500000
       retry log10(dt/yr), log10(dt), retry_factor     1   617       -5.830823        1.668289        0.500000
hydro_newton_step failed to accept
       retry log10(dt/yr), log10(dt), retry_factor     1   618       -6.228763        1.270349        0.500000
       retry log10(dt/yr), log10(dt), retry_factor     1   622       -5.993154        1.505957        0.500000
       retry log10(dt/yr), log10(dt), retry_factor     1   623       -6.294184        1.204927        0.500000
hydro_newton_step failed to accept
       retry log10(dt/yr), log10(dt), retry_factor     1   624       -6.692124        0.806987        0.500000
       retry log10(dt/yr), log10(dt), retry_factor     1   625       -7.090064        0.409047        0.500000
       retry log10(dt/yr), log10(dt), retry_factor     1   631       -6.488004        1.011107        0.500000
       retry log10(dt/yr), log10(dt), retry_factor     1   632       -6.789034        0.710077        0.500000
       retry log10(dt/yr), log10(dt), retry_factor     1   634       -7.090064        0.409047        0.500000
       retry log10(dt/yr), log10(dt), retry_factor     1   635       -7.391094        0.108017        0.500000
       retry log10(dt/yr), log10(dt), retry_factor     1   636       -7.692124       -0.193013        0.500000
       retry log10(dt/yr), log10(dt), retry_factor     1   640       -8.085266       -0.586154        0.500000
       retry log10(dt/yr), log10(dt), retry_factor     1   641       -8.386296       -0.887184        0.500000
       retry log10(dt/yr), log10(dt), retry_factor     1   660       -9.491255       -1.992143        0.500000
hydro_newton_step failed to accept
       retry log10(dt/yr), log10(dt), retry_factor     1   686       -9.159843       -1.660732        0.500000
hydro_newton_step failed to accept
       retry log10(dt/yr), log10(dt), retry_factor     1   739       -7.604607       -0.105495        0.500000
       retry log10(dt/yr), log10(dt), retry_factor     2   739       -7.905637       -0.406525        0.500000
 have reached retry limit so now backup
       retry log10(dt/yr), log10(dt), retry_factor     1   742       -8.544487       -1.045375        0.500000
       retry log10(dt/yr), log10(dt), retry_factor     1   748       -8.100821       -0.601710        0.500000
       retry log10(dt/yr), log10(dt), retry_factor     1   755       -8.146736       -0.647625        0.500000
       retry log10(dt/yr), log10(dt), retry_factor     1   774       -7.890999       -0.391887        0.500000
       retry log10(dt/yr), log10(dt), retry_factor     1   786       -7.626029       -0.126918        0.500000
       retry log10(dt/yr), log10(dt), retry_factor     2   786       -7.927059       -0.427948        0.500000
 have reached retry limit so now backup
       retry log10(dt/yr), log10(dt), retry_factor     1   791       -7.626029       -0.126918        0.500000
       retry log10(dt/yr), log10(dt), retry_factor     2   791       -7.927059       -0.427948        0.500000
       retry log10(dt/yr), log10(dt), retry_factor     1   798       -7.501636       -0.002524        0.500000
       retry log10(dt/yr), log10(dt), retry_factor     2   798       -7.802666       -0.303554        0.500000
 have reached retry limit so now backup
       retry log10(dt/yr), log10(dt), retry_factor     1   812       -7.361418        0.137694        0.500000
hydro_newton_step failed to accept
       retry log10(dt/yr), log10(dt), retry_factor     2   812       -7.662448       -0.163336        0.500000
       retry log10(dt/yr), log10(dt), retry_factor     1   849       -5.525988        1.973123        0.500000
       retry log10(dt/yr), log10(dt), retry_factor     1   854       -5.457337        2.041775        0.500000
       retry log10(dt/yr), log10(dt), retry_factor     1   855       -5.855277        1.643835        0.500000
       retry log10(dt/yr), log10(dt), retry_factor     1   856       -6.156307        1.342805        0.500000
       retry log10(dt/yr), log10(dt), retry_factor     1   857       -6.457337        1.041775        0.500000
       retry log10(dt/yr), log10(dt), retry_factor     1   865       -5.518446        1.980666        0.500000
       retry log10(dt/yr), log10(dt), retry_factor     2   865       -5.819476        1.679636        0.500000
       retry log10(dt/yr), log10(dt), retry_factor     1   866       -6.120506        1.378606        0.500000
       retry log10(dt/yr), log10(dt), retry_factor     1   873       -5.428783        2.070329        0.500000
       retry log10(dt/yr), log10(dt), retry_factor     2   873       -5.729813        1.769299        0.500000
 have reached retry limit so now backup
       retry log10(dt/yr), log10(dt), retry_factor     1   880       -5.270584        2.228528        0.500000
       retry log10(dt/yr), log10(dt), retry_factor     1   881       -5.668524        1.830588        0.500000
hydro_newton_step failed to accept
       retry log10(dt/yr), log10(dt), retry_factor     1   882       -6.066464        1.432648        0.500000
       retry log10(dt/yr), log10(dt), retry_factor     1   883       -6.367494        1.131618        0.500000
       retry log10(dt/yr), log10(dt), retry_factor     1   884       -6.668524        0.830588        0.500000
       retry log10(dt/yr), log10(dt), retry_factor     1   892       -5.464404        2.034708        0.500000
       retry log10(dt/yr), log10(dt), retry_factor     1   894       -5.765434        1.733678        0.500000
       retry log10(dt/yr), log10(dt), retry_factor     2   894       -6.066464        1.432648        0.500000
 have reached retry limit so now backup
       retry log10(dt/yr), log10(dt), retry_factor     1   901       -5.677259        1.821853        0.500000
       retry log10(dt/yr), log10(dt), retry_factor     2   901       -5.978289        1.520823        0.500000
 have reached retry limit so now backup
       retry log10(dt/yr), log10(dt), retry_factor     1   905       -6.036521        1.462590        0.500000
hydro_newton_step failed to accept
       retry log10(dt/yr), log10(dt), retry_factor     1   906       -6.359931        1.139180        0.500000
       retry log10(dt/yr), log10(dt), retry_factor     2   906       -6.660961        0.838150        0.500000
       retry log10(dt/yr), log10(dt), retry_factor     1   912       -6.058901        1.440210        0.500000
hydro_newton_step failed to accept
       retry log10(dt/yr), log10(dt), retry_factor     2   912       -6.359931        1.139180        0.500000
 have reached retry limit so now backup
       retry log10(dt/yr), log10(dt), retry_factor     1   911       -6.660961        0.838150        0.500000
       retry log10(dt/yr), log10(dt), retry_factor     2   911       -6.961991        0.537120        0.500000
       retry log10(dt/yr), log10(dt), retry_factor     1   919       -5.757871        1.741240        0.500000
hydro_newton_step failed to accept
       retry log10(dt/yr), log10(dt), retry_factor     2   919       -6.058901        1.440210        0.500000
       retry log10(dt/yr), log10(dt), retry_factor     1   922       -6.453782        1.045330        0.500000
       retry log10(dt/yr), log10(dt), retry_factor     2   922       -6.754811        0.744300        0.500000
 have reached retry limit so now backup
       retry log10(dt/yr), log10(dt), retry_factor     1   926       -7.152752        0.346360        0.500000
       retry log10(dt/yr), log10(dt), retry_factor     1   927       -7.453782        0.045330        0.500000
       retry log10(dt/yr), log10(dt), retry_factor     1   934       -6.550692        0.948420        0.500000
       retry log10(dt/yr), log10(dt), retry_factor     1   936       -6.851722        0.647390        0.500000
       retry log10(dt/yr), log10(dt), retry_factor     2   936       -7.152752        0.346360        0.500000
       retry log10(dt/yr), log10(dt), retry_factor     1   938       -7.453782        0.045330        0.500000
       retry log10(dt/yr), log10(dt), retry_factor     1   941       -7.754811       -0.255700        0.500000
       retry log10(dt/yr), log10(dt), retry_factor     1   943       -8.055841       -0.556730        0.500000
       retry log10(dt/yr), log10(dt), retry_factor     1   944       -8.406759       -0.907647        0.500000
       retry log10(dt/yr), log10(dt), retry_factor     1   989       -9.314394       -1.815282        0.500000
       1000   8.460258  1.689E+07   3.401955   6.578805   1.400000   1.400000   0.000000   0.000000   0.275200   0.059710  12.020328    961    180
  -8.029261   6.657855  -4.791339   3.048962   4.018674  -8.522879   0.000000   0.000000   0.000000   0.020000   0.041453  78.544446      7     16
 1.1149E-03  23.258496   4.281357   6.578388  14.693856  -0.895266   0.000000   0.000000   0.000000   0.000687  8.988E-01 -0.533E-10    varcontrol

save LOGS/profile4.data for model 1000
save photos/1000 for model 1000
 bad other yaxis for History panels plot num_zones

 ERROR: failed to find log_Teff in history data

 grid1/grid1_001000.png/png
       retry log10(dt/yr), log10(dt), retry_factor     1  1037       -7.277035        0.222076        0.500000
hydro_newton_step failed to accept
       retry log10(dt/yr), log10(dt), retry_factor     2  1037       -7.578065       -0.078954        0.500000
       retry log10(dt/yr), log10(dt), retry_factor     1  1042       -8.129516       -0.630404        0.500000
hydro_newton_step failed to accept
       retry log10(dt/yr), log10(dt), retry_factor     1  1043       -8.527456       -1.028344        0.500000
       retry log10(dt/yr), log10(dt), retry_factor     1  1046       -8.685299       -1.186187        0.500000
hydro_newton_step failed to accept
       retry log10(dt/yr), log10(dt), retry_factor     1  1056       -8.459088       -0.959976        0.500000
       retry log10(dt/yr), log10(dt), retry_factor     1  1084       -7.735010       -0.235899        0.500000
       retry log10(dt/yr), log10(dt), retry_factor     2  1084       -8.036040       -0.536929        0.500000
       retry log10(dt/yr), log10(dt), retry_factor     1  1093       -7.507072       -0.007961        0.500000
       retry log10(dt/yr), log10(dt), retry_factor     1  1097       -7.507072       -0.007961        0.500000
       retry log10(dt/yr), log10(dt), retry_factor     2  1097       -7.808102       -0.308991        0.500000
       retry log10(dt/yr), log10(dt), retry_factor     1  1145       -5.334268        2.164843        0.500000
hydro_newton_step failed to accept
       retry log10(dt/yr), log10(dt), retry_factor     2  1145       -5.635298        1.863813        0.500000
       retry log10(dt/yr), log10(dt), retry_factor     1  1150       -5.410035        2.089076        0.500000
       retry log10(dt/yr), log10(dt), retry_factor     1  1154       -5.518738        1.980374        0.500000
       retry log10(dt/yr), log10(dt), retry_factor     2  1154       -5.819768        1.679344        0.500000
 have reached retry limit so now backup
       retry log10(dt/yr), log10(dt), retry_factor     1  1156       -6.120798        1.378314        0.500000
       retry log10(dt/yr), log10(dt), retry_factor     1  1163       -5.436145        2.062966        0.500000
       retry log10(dt/yr), log10(dt), retry_factor     2  1163       -5.737175        1.761936        0.500000
 have reached retry limit so now backup
       retry log10(dt/yr), log10(dt), retry_factor     1  1170       -5.389577        2.109535        0.500000
       retry log10(dt/yr), log10(dt), retry_factor     1  1174       -5.545985        1.953127        0.500000
       retry log10(dt/yr), log10(dt), retry_factor     2  1174       -5.847015        1.652097        0.500000
 have reached retry limit so now backup
hydro_newton_step failed to accept
       retry log10(dt/yr), log10(dt), retry_factor     1  1176       -6.244955        1.254157        0.500000
       retry log10(dt/yr), log10(dt), retry_factor     1  1180       -5.642895        1.856217        0.500000
       retry log10(dt/yr), log10(dt), retry_factor     1  1181       -5.943925        1.555187        0.500000
hydro_newton_step failed to accept
       retry log10(dt/yr), log10(dt), retry_factor     1  1182       -6.341865        1.157247        0.500000
       retry log10(dt/yr), log10(dt), retry_factor     1  1183       -6.642895        0.856217        0.500000
       retry log10(dt/yr), log10(dt), retry_factor     2  1183       -6.943925        0.555187        0.500000
hydro_newton_step failed to accept
       retry log10(dt/yr), log10(dt), retry_factor     1  1191       -5.881975        1.617136        0.500000
       retry log10(dt/yr), log10(dt), retry_factor     1  1192       -6.261483        1.237629        0.500000
       retry log10(dt/yr), log10(dt), retry_factor     1  1197       -6.028604        1.470507        0.500000
       retry log10(dt/yr), log10(dt), retry_factor     1  1198       -6.329634        1.169477        0.500000
hydro_newton_step failed to accept
       retry log10(dt/yr), log10(dt), retry_factor     1  1199       -6.727574        0.771537        0.500000
       retry log10(dt/yr), log10(dt), retry_factor     1  1203       -6.426544        1.072567        0.500000
       retry log10(dt/yr), log10(dt), retry_factor     1  1204       -6.727574        0.771537        0.500000
       retry log10(dt/yr), log10(dt), retry_factor     1  1206       -7.028604        0.470507        0.500000
       retry log10(dt/yr), log10(dt), retry_factor     1  1208       -7.329634        0.169477        0.500000
       retry log10(dt/yr), log10(dt), retry_factor     1  1210       -7.630664       -0.131553        0.500000
       retry log10(dt/yr), log10(dt), retry_factor     1  1212       -7.931694       -0.432583        0.500000
       retry log10(dt/yr), log10(dt), retry_factor     1  1213       -8.232724       -0.733613        0.500000
       retry log10(dt/yr), log10(dt), retry_factor     1  1225       -8.685370       -1.186258        0.500000
       retry log10(dt/yr), log10(dt), retry_factor     1  1253       -9.198935       -1.699824        0.500000
hydro_newton_step failed to accept
       retry log10(dt/yr), log10(dt), retry_factor     1  1258       -9.067907       -1.568795        0.500000
       retry log10(dt/yr), log10(dt), retry_factor     1  1303       -7.243205        0.255906        0.500000
       retry log10(dt/yr), log10(dt), retry_factor     2  1303       -7.544235       -0.045124        0.500000
 have reached retry limit so now backup
       retry log10(dt/yr), log10(dt), retry_factor     1  1304       -7.845265       -0.346154        0.500000
       retry log10(dt/yr), log10(dt), retry_factor     2  1304       -8.146295       -0.647184        0.500000
 have reached retry limit so now backup
       retry log10(dt/yr), log10(dt), retry_factor     1  1306       -8.447325       -0.948214        0.500000
       retry log10(dt/yr), log10(dt), retry_factor     2  1306       -8.748355       -1.249244        0.500000
 have reached retry limit so now backup
       retry log10(dt/yr), log10(dt), retry_factor     1  1309       -9.049385       -1.550274        0.500000
       retry log10(dt/yr), log10(dt), retry_factor     2  1309       -9.350415       -1.851304        0.500000
 have reached retry limit so now backup
       retry log10(dt/yr), log10(dt), retry_factor     1  1312       -9.651445       -2.152334        0.500000
       retry log10(dt/yr), log10(dt), retry_factor     2  1312       -9.952475       -2.453364        0.500000
 have reached retry limit so now backup
       retry log10(dt/yr), log10(dt), retry_factor     1  1312      -10.253505       -2.754394        0.500000
       retry log10(dt/yr), log10(dt), retry_factor     2  1312      -10.554535       -3.055424        0.500000
 have reached retry limit so now backup
       retry log10(dt/yr), log10(dt), retry_factor     1  1328       -7.273115        0.225996        0.500000
hydro_newton_step failed to accept
       retry log10(dt/yr), log10(dt), retry_factor     2  1328       -7.574145       -0.075034        0.500000
hydro_newton_step failed to accept
       retry log10(dt/yr), log10(dt), retry_factor     1  1334       -8.365692       -0.866580        0.500000
       retry log10(dt/yr), log10(dt), retry_factor     2  1334       -8.666722       -1.167610        0.500000
 have reached retry limit so now backup
       retry log10(dt/yr), log10(dt), retry_factor     1  1338       -8.666722       -1.167610        0.500000
       retry log10(dt/yr), log10(dt), retry_factor     1  1344       -8.180994       -0.681882        0.500000
       retry log10(dt/yr), log10(dt), retry_factor     2  1344       -8.482024       -0.982912        0.500000
       retry log10(dt/yr), log10(dt), retry_factor     1  1379       -7.882757       -0.383645        0.500000
       retry log10(dt/yr), log10(dt), retry_factor     2  1379       -8.183787       -0.684675        0.500000
 have reached retry limit so now backup
       retry log10(dt/yr), log10(dt), retry_factor     1  1385       -7.581727       -0.082615        0.500000
       retry log10(dt/yr), log10(dt), retry_factor     2  1385       -7.882757       -0.383645        0.500000
       retry log10(dt/yr), log10(dt), retry_factor     1  1394       -7.486233        0.012879        0.500000
       retry log10(dt/yr), log10(dt), retry_factor     2  1394       -7.787263       -0.288151        0.500000
 have reached retry limit so now backup
       retry log10(dt/yr), log10(dt), retry_factor     1  1395       -8.088293       -0.589181        0.500000
       retry log10(dt/yr), log10(dt), retry_factor     2  1395       -8.389323       -0.890211        0.500000
       retry log10(dt/yr), log10(dt), retry_factor     1  1445       -5.695501        1.803611        0.500000
       retry log10(dt/yr), log10(dt), retry_factor     2  1445       -5.996531        1.502581        0.500000
       retry log10(dt/yr), log10(dt), retry_factor     1  1446       -6.297561        1.201551        0.500000
       retry log10(dt/yr), log10(dt), retry_factor     1  1453       -5.509160        1.989951        0.500000
       retry log10(dt/yr), log10(dt), retry_factor     1  1458       -5.496907        2.002205        0.500000
       retry log10(dt/yr), log10(dt), retry_factor     1  1462       -5.584156        1.914956        0.500000
       retry log10(dt/yr), log10(dt), retry_factor     1  1463       -5.982096        1.517016        0.500000
       retry log10(dt/yr), log10(dt), retry_factor     1  1469       -5.563347        1.935764        0.500000
       retry log10(dt/yr), log10(dt), retry_factor     1  1474       -5.497660        2.001452        0.500000
hydro_newton_step failed to accept
       retry log10(dt/yr), log10(dt), retry_factor     1  1475       -5.895600        1.603512        0.500000
       retry log10(dt/yr), log10(dt), retry_factor     1  1476       -6.293540        1.205572        0.500000
       retry log10(dt/yr), log10(dt), retry_factor     1  1477       -6.594570        0.904542        0.500000
       retry log10(dt/yr), log10(dt), retry_factor     1  1485       -5.390450        2.108662        0.500000
       retry log10(dt/yr), log10(dt), retry_factor     1  1486       -5.691480        1.807632        0.500000
hydro_newton_step failed to accept
       retry log10(dt/yr), log10(dt), retry_factor     1  1487       -6.089420        1.409692        0.500000
hydro_newton_step failed to accept
       retry log10(dt/yr), log10(dt), retry_factor     2  1487       -6.390450        1.108662        0.500000
       retry log10(dt/yr), log10(dt), retry_factor     1  1488       -6.691480        0.807632        0.500000
       retry log10(dt/yr), log10(dt), retry_factor     2  1488       -6.992510        0.506602        0.500000
       retry log10(dt/yr), log10(dt), retry_factor     1  1497       -5.736409        1.762703        0.500000
hydro_newton_step failed to accept
       retry log10(dt/yr), log10(dt), retry_factor     2  1497       -6.037439        1.461673        0.500000
 bad other yaxis for History panels plot num_zones

 ERROR: failed to find log_Teff in history data

 grid1/grid1_001500.png/png
       retry log10(dt/yr), log10(dt), retry_factor     1  1502       -5.956022        1.543089        0.500000
       retry log10(dt/yr), log10(dt), retry_factor     1  1503       -6.353962        1.145149        0.500000
       retry log10(dt/yr), log10(dt), retry_factor     1  1508       -6.139015        1.360096        0.500000
       retry log10(dt/yr), log10(dt), retry_factor     1  1509       -6.440045        1.059066        0.500000
       retry log10(dt/yr), log10(dt), retry_factor     2  1509       -6.741075        0.758036        0.500000
       retry log10(dt/yr), log10(dt), retry_factor     1  1511       -7.042105        0.457006        0.500000
       retry log10(dt/yr), log10(dt), retry_factor     1  1512       -7.343135        0.155976        0.500000
       retry log10(dt/yr), log10(dt), retry_factor     2  1512       -7.644165       -0.145054        0.500000
       retry log10(dt/yr), log10(dt), retry_factor     1  1517       -7.343135        0.155976        0.500000
       retry log10(dt/yr), log10(dt), retry_factor     2  1517       -7.644165       -0.145054        0.500000
       retry log10(dt/yr), log10(dt), retry_factor     1  1519       -7.945195       -0.446084        0.500000
       retry log10(dt/yr), log10(dt), retry_factor     1  1523       -8.432995       -0.933884        0.500000
hydro_newton_step failed to accept
       retry log10(dt/yr), log10(dt), retry_factor     1  1555       -9.231879       -1.732768        0.500000
       retry log10(dt/yr), log10(dt), retry_factor     1  1579       -8.578653       -1.079541        0.500000
       retry log10(dt/yr), log10(dt), retry_factor     2  1579       -8.879683       -1.380571        0.500000
 have reached retry limit so now backup
       retry log10(dt/yr), log10(dt), retry_factor     1  1617       -7.508850       -0.009739        0.500000
       retry log10(dt/yr), log10(dt), retry_factor     2  1617       -7.809880       -0.310769        0.500000
 have reached retry limit so now backup
hydro_newton_step failed to accept
       retry log10(dt/yr), log10(dt), retry_factor     1  1621       -8.436598       -0.937487        0.500000
       retry log10(dt/yr), log10(dt), retry_factor     1  1625       -8.124476       -0.625365        0.500000
       retry log10(dt/yr), log10(dt), retry_factor     1  1641       -7.959324       -0.460212        0.500000
       retry log10(dt/yr), log10(dt), retry_factor     1  1663       -7.657857       -0.158746        0.500000
hydro_newton_step failed to accept
       retry log10(dt/yr), log10(dt), retry_factor     2  1663       -7.958887       -0.459776        0.500000
 have reached retry limit so now backup
       retry log10(dt/yr), log10(dt), retry_factor     1  1672       -7.399228        0.099883        0.500000
       retry log10(dt/yr), log10(dt), retry_factor     2  1672       -7.700258       -0.201147        0.500000
 have reached retry limit so now backup
       retry log10(dt/yr), log10(dt), retry_factor     1  1673       -8.001288       -0.502177        0.500000
       retry log10(dt/yr), log10(dt), retry_factor     1  1686       -7.303589        0.195523        0.500000
       retry log10(dt/yr), log10(dt), retry_factor     2  1686       -7.604619       -0.105507        0.500000
       retry log10(dt/yr), log10(dt), retry_factor     1  1723       -5.745576        1.753535        0.500000
       retry log10(dt/yr), log10(dt), retry_factor     1  1728       -5.567097        1.932015        0.500000
       retry log10(dt/yr), log10(dt), retry_factor     1  1731       -5.953008        1.546103        0.500000
       retry log10(dt/yr), log10(dt), retry_factor     1  1737       -5.549219        1.949893        0.500000
       retry log10(dt/yr), log10(dt), retry_factor     1  1738       -5.850249        1.648863        0.500000
hydro_newton_step failed to accept
       retry log10(dt/yr), log10(dt), retry_factor     2  1738       -6.151279        1.347833        0.500000
       retry log10(dt/yr), log10(dt), retry_factor     1  1745       -5.445676        2.053435        0.500000
       retry log10(dt/yr), log10(dt), retry_factor     1  1746       -5.843616        1.655495        0.500000
hydro_newton_step failed to accept
       retry log10(dt/yr), log10(dt), retry_factor     2  1746       -6.144646        1.354465        0.500000
       retry log10(dt/yr), log10(dt), retry_factor     1  1747       -6.445676        1.053435        0.500000
       retry log10(dt/yr), log10(dt), retry_factor     1  1755       -5.502875        1.996237        0.500000
hydro_newton_step failed to accept
       retry log10(dt/yr), log10(dt), retry_factor     2  1755       -5.803905        1.695207        0.500000
       retry log10(dt/yr), log10(dt), retry_factor     1  1761       -5.529355        1.969756        0.500000
       retry log10(dt/yr), log10(dt), retry_factor     1  1765       -5.927295        1.571816        0.500000
hydro_newton_step failed to accept
       retry log10(dt/yr), log10(dt), retry_factor     1  1766       -6.325235        1.173876        0.500000
       retry log10(dt/yr), log10(dt), retry_factor     1  1772       -5.664506        1.834606        0.500000
       retry log10(dt/yr), log10(dt), retry_factor     1  1776       -5.984372        1.514740        0.500000
hydro_newton_step failed to accept
       retry log10(dt/yr), log10(dt), retry_factor     2  1776       -6.285402        1.213710        0.500000
hydro_newton_step failed to accept
       retry log10(dt/yr), log10(dt), retry_factor     1  1778       -6.683342        0.815770        0.500000
       retry log10(dt/yr), log10(dt), retry_factor     2  1778       -6.984372        0.514740        0.500000
       retry log10(dt/yr), log10(dt), retry_factor     1  1779       -7.285402        0.213710        0.500000
       retry log10(dt/yr), log10(dt), retry_factor     1  1786       -6.546224        0.952888        0.500000
       retry log10(dt/yr), log10(dt), retry_factor     2  1786       -6.847254        0.651858        0.500000
       retry log10(dt/yr), log10(dt), retry_factor     1  1788       -7.148284        0.350828        0.500000
       retry log10(dt/yr), log10(dt), retry_factor     2  1788       -7.449314        0.049798        0.500000
       retry log10(dt/yr), log10(dt), retry_factor     1  1791       -7.750344       -0.251232        0.500000
       retry log10(dt/yr), log10(dt), retry_factor     2  1791       -8.051374       -0.552262        0.500000
       retry log10(dt/yr), log10(dt), retry_factor     1  1794       -8.352404       -0.853292        0.500000
       retry log10(dt/yr), log10(dt), retry_factor     2  1794       -8.653434       -1.154322        0.500000
       retry log10(dt/yr), log10(dt), retry_factor     1  1801       -7.976510       -0.477399        0.500000
       retry log10(dt/yr), log10(dt), retry_factor     2  1801       -8.277540       -0.778429        0.500000
 have reached retry limit so now backup
       retry log10(dt/yr), log10(dt), retry_factor     1  1807       -8.516054       -1.016943        0.500000
       retry log10(dt/yr), log10(dt), retry_factor     1  1832       -9.231583       -1.732471        0.500000
       retry log10(dt/yr), log10(dt), retry_factor     1  1883       -7.156285        0.342827        0.500000
hydro_newton_step failed to accept
       retry log10(dt/yr), log10(dt), retry_factor     1  1886       -7.748045       -0.248933        0.500000
hydro_newton_step failed to accept
       retry log10(dt/yr), log10(dt), retry_factor     2  1886       -8.049075       -0.549963        0.500000
 have reached retry limit so now backup
       retry log10(dt/yr), log10(dt), retry_factor     1  1890       -8.562998       -1.063886        0.500000
       retry log10(dt/yr), log10(dt), retry_factor     1  1898       -7.997858       -0.498746        0.500000
       retry log10(dt/yr), log10(dt), retry_factor     2  1898       -8.298888       -0.799776        0.500000
       retry log10(dt/yr), log10(dt), retry_factor     1  1933       -7.752422       -0.253311        0.500000
       retry log10(dt/yr), log10(dt), retry_factor     2  1933       -8.053452       -0.554341        0.500000
 have reached retry limit so now backup
       retry log10(dt/yr), log10(dt), retry_factor     1  1941       -7.560566       -0.061455        0.500000
       retry log10(dt/yr), log10(dt), retry_factor     1  1946       -7.352739        0.146373        0.500000
       retry log10(dt/yr), log10(dt), retry_factor     2  1946       -7.653769       -0.154657        0.500000
 have reached retry limit so now backup
       retry log10(dt/yr), log10(dt), retry_factor     1  1991       -5.466955        2.032156        0.500000
       retry log10(dt/yr), log10(dt), retry_factor     1  1995       -5.466955        2.032156        0.500000
       retry log10(dt/yr), log10(dt), retry_factor     1  1997       -5.864895        1.634216        0.500000
       retry log10(dt/yr), log10(dt), retry_factor     2  1997       -6.165925        1.333186        0.500000
       2000   8.358286  3.516E+06   1.426800   1.462731   1.400000   1.400000   0.000000   0.000000   0.275200   0.029156  16.768894   1152    345
  -5.864895   6.732843  -4.792730  -1.825370   0.637641  -8.522879   0.000000   0.000000   0.000000   0.020000   0.023587 105.216540      7     36
 2.0168E-03  23.365354   1.552331   0.359750  13.538997  -1.138481   0.000000   0.000000   0.000000   0.000687  9.473E-01  0.830E-13          hold

save LOGS/profile5.data for model 2000
save photos/2000 for model 2000
 bad other yaxis for History panels plot num_zones

 ERROR: failed to find log_Teff in history data

 grid1/grid1_002000.png/png
       retry log10(dt/yr), log10(dt), retry_factor     1  2004       -5.452655        2.046457        0.500000
       retry log10(dt/yr), log10(dt), retry_factor     1  2005       -5.850595        1.648517        0.500000
hydro_newton_step failed to accept
       retry log10(dt/yr), log10(dt), retry_factor     2  2005       -6.151625        1.347487        0.500000
       retry log10(dt/yr), log10(dt), retry_factor     1  2006       -6.452655        1.046457        0.500000
       retry log10(dt/yr), log10(dt), retry_factor     1  2014       -5.505961        1.993150        0.500000
       retry log10(dt/yr), log10(dt), retry_factor     1  2021       -5.373698        2.125414        0.500000
       retry log10(dt/yr), log10(dt), retry_factor     2  2021       -5.674728        1.824384        0.500000
 have reached retry limit so now backup
       retry log10(dt/yr), log10(dt), retry_factor     1  2026       -5.470608        2.028504        0.500000
       retry log10(dt/yr), log10(dt), retry_factor     1  2027       -5.771638        1.727474        0.500000
       retry log10(dt/yr), log10(dt), retry_factor     1  2032       -5.677717        1.821395        0.500000
       retry log10(dt/yr), log10(dt), retry_factor     1  2033       -6.068034        1.431077        0.500000
hydro_newton_step failed to accept
       retry log10(dt/yr), log10(dt), retry_factor     1  2034       -6.460613        1.038498        0.500000
       retry log10(dt/yr), log10(dt), retry_factor     1  2040       -5.885637        1.613474        0.500000
       retry log10(dt/yr), log10(dt), retry_factor     2  2040       -6.186667        1.312444        0.500000
 have reached retry limit so now backup
       retry log10(dt/yr), log10(dt), retry_factor     1  2045       -6.045968        1.453143        0.500000
hydro_newton_step failed to accept
       retry log10(dt/yr), log10(dt), retry_factor     2  2045       -6.346998        1.152113        0.500000
       retry log10(dt/yr), log10(dt), retry_factor     1  2048       -6.648028        0.851083        0.500000
hydro_newton_step failed to accept
       retry log10(dt/yr), log10(dt), retry_factor     2  2048       -6.949058        0.550053        0.500000
       retry log10(dt/yr), log10(dt), retry_factor     1  2051       -7.250088        0.249023        0.500000
       retry log10(dt/yr), log10(dt), retry_factor     1  2052       -7.551118       -0.052007        0.500000
       retry log10(dt/yr), log10(dt), retry_factor     1  2055       -7.852148       -0.353037        0.500000
       retry log10(dt/yr), log10(dt), retry_factor     1  2059       -8.315501       -0.816389        0.500000
       retry log10(dt/yr), log10(dt), retry_factor     1  2062       -8.661631       -1.162520        0.500000
       retry log10(dt/yr), log10(dt), retry_factor     1  2068       -8.801033       -1.301921        0.500000
       retry log10(dt/yr), log10(dt), retry_factor     1  2140       -7.846679       -0.347568        0.500000
       retry log10(dt/yr), log10(dt), retry_factor     1  2141       -8.244619       -0.745508        0.500000
hydro_newton_step failed to accept
       retry log10(dt/yr), log10(dt), retry_factor     2  2141       -8.545649       -1.046538        0.500000
       retry log10(dt/yr), log10(dt), retry_factor     1  2147       -8.052372       -0.553260        0.500000
hydro_newton_step failed to accept
       retry log10(dt/yr), log10(dt), retry_factor     1  2179       -7.571184       -0.072072        0.500000
hydro_newton_step failed to accept
       retry log10(dt/yr), log10(dt), retry_factor     2  2179       -7.872214       -0.373102        0.500000
 have reached retry limit so now backup
       retry log10(dt/yr), log10(dt), retry_factor     1  2180       -8.173244       -0.674132        0.500000
       retry log10(dt/yr), log10(dt), retry_factor     1  2189       -7.812879       -0.313768        0.500000
       retry log10(dt/yr), log10(dt), retry_factor     2  2189       -8.113909       -0.614798        0.500000
 have reached retry limit so now backup
       retry log10(dt/yr), log10(dt), retry_factor     1  2196       -7.588592       -0.089481        0.500000
       retry log10(dt/yr), log10(dt), retry_factor     2  2196       -7.889622       -0.390511        0.500000
 have reached retry limit so now backup
       retry log10(dt/yr), log10(dt), retry_factor     1  2201       -7.588592       -0.089481        0.500000
       retry log10(dt/yr), log10(dt), retry_factor     1  2202       -7.889622       -0.390511        0.500000
hydro_newton_step failed to accept
       retry log10(dt/yr), log10(dt), retry_factor     2  2202       -8.190652       -0.691541        0.500000
       retry log10(dt/yr), log10(dt), retry_factor     1  2254       -5.615264        1.883847        0.500000
       retry log10(dt/yr), log10(dt), retry_factor     2  2254       -5.916294        1.582817        0.500000
       retry log10(dt/yr), log10(dt), retry_factor     1  2260       -5.551855        1.947257        0.500000
hydro_newton_step failed to accept
       retry log10(dt/yr), log10(dt), retry_factor     2  2260       -5.852885        1.646227        0.500000
       retry log10(dt/yr), log10(dt), retry_factor     1  2266       -5.502846        1.996265        0.500000
       retry log10(dt/yr), log10(dt), retry_factor     1  2267       -5.900786        1.598325        0.500000
       retry log10(dt/yr), log10(dt), retry_factor     1  2268       -6.201816        1.297295        0.500000
       retry log10(dt/yr), log10(dt), retry_factor     2  2268       -6.502846        0.996265        0.500000
       retry log10(dt/yr), log10(dt), retry_factor     1  2276       -5.468634        2.030478        0.500000
       retry log10(dt/yr), log10(dt), retry_factor     1  2277       -5.866574        1.632538        0.500000
hydro_newton_step failed to accept
       retry log10(dt/yr), log10(dt), retry_factor     2  2277       -6.167604        1.331508        0.500000
       retry log10(dt/yr), log10(dt), retry_factor     1  2278       -6.468634        1.030478        0.500000
       retry log10(dt/yr), log10(dt), retry_factor     1  2282       -6.468634        1.030478        0.500000
       retry log10(dt/yr), log10(dt), retry_factor     1  2291       -5.466314        2.032797        0.500000
       retry log10(dt/yr), log10(dt), retry_factor     2  2291       -5.767344        1.731767        0.500000
 have reached retry limit so now backup
       retry log10(dt/yr), log10(dt), retry_factor     1  2295       -6.165284        1.333827        0.500000
       retry log10(dt/yr), log10(dt), retry_factor     1  2296       -6.466314        1.032797        0.500000
       retry log10(dt/yr), log10(dt), retry_factor     1  2303       -5.681037        1.818075        0.500000
hydro_newton_step failed to accept
       retry log10(dt/yr), log10(dt), retry_factor     1  2304       -6.078977        1.420134        0.500000
hydro_newton_step failed to accept
       retry log10(dt/yr), log10(dt), retry_factor     2  2304       -6.380007        1.119105        0.500000
       retry log10(dt/yr), log10(dt), retry_factor     1  2305       -6.681037        0.818075        0.500000
hydro_newton_step failed to accept
       retry log10(dt/yr), log10(dt), retry_factor     1  2311       -6.214177        1.284934        0.500000
       retry log10(dt/yr), log10(dt), retry_factor     1  2315       -5.528663        1.970448        0.500000
hydro_newton_step failed to accept
       retry log10(dt/yr), log10(dt), retry_factor     1  2316       -5.926603        1.572508        0.500000
hydro_newton_step failed to accept
       retry log10(dt/yr), log10(dt), retry_factor     2  2316       -6.227633        1.271478        0.500000
       retry log10(dt/yr), log10(dt), retry_factor     1  2321       -5.721253        1.777858        0.500000
       retry log10(dt/yr), log10(dt), retry_factor     1  2323       -6.022283        1.476828        0.500000
hydro_newton_step failed to accept
       retry log10(dt/yr), log10(dt), retry_factor     1  2324       -6.420223        1.078888        0.500000
       retry log10(dt/yr), log10(dt), retry_factor     2  2324       -6.721253        0.777858        0.500000
       retry log10(dt/yr), log10(dt), retry_factor     1  2325       -7.022283        0.476828        0.500000
       retry log10(dt/yr), log10(dt), retry_factor     2  2325       -7.323313        0.175798        0.500000
       retry log10(dt/yr), log10(dt), retry_factor     1  2333       -6.271166        1.227946        0.500000
hydro_newton_step failed to accept
       retry log10(dt/yr), log10(dt), retry_factor     2  2333       -6.572196        0.926916        0.500000
       retry log10(dt/yr), log10(dt), retry_factor     1  2336       -6.873226        0.625886        0.500000
       retry log10(dt/yr), log10(dt), retry_factor     1  2337       -7.174256        0.324856        0.500000
hydro_newton_step failed to accept
       retry log10(dt/yr), log10(dt), retry_factor     1  2338       -7.475286        0.023826        0.500000
       retry log10(dt/yr), log10(dt), retry_factor     1  2341       -7.475286        0.023826        0.500000
       retry log10(dt/yr), log10(dt), retry_factor     2  2341       -7.776316       -0.277204        0.500000
       retry log10(dt/yr), log10(dt), retry_factor     1  2344       -8.077346       -0.578234        0.500000
       retry log10(dt/yr), log10(dt), retry_factor     1  2345       -8.378376       -0.879264        0.500000
       retry log10(dt/yr), log10(dt), retry_factor     1  2347       -8.693419       -1.194308        0.500000
       retry log10(dt/yr), log10(dt), retry_factor     2  2347       -8.994449       -1.495338        0.500000
       retry log10(dt/yr), log10(dt), retry_factor     1  2355       -8.591204       -1.092092        0.500000
       retry log10(dt/yr), log10(dt), retry_factor     1  2367       -8.765044       -1.265932        0.500000
       retry log10(dt/yr), log10(dt), retry_factor     1  2434       -7.189595        0.309517        0.500000
       retry log10(dt/yr), log10(dt), retry_factor     1  2436       -7.684445       -0.185333        0.500000
       retry log10(dt/yr), log10(dt), retry_factor     2  2436       -7.985475       -0.486363        0.500000
 have reached retry limit so now backup
       retry log10(dt/yr), log10(dt), retry_factor     1  2439       -8.443982       -0.944870        0.500000
       retry log10(dt/yr), log10(dt), retry_factor     1  2446       -8.075685       -0.576574        0.500000
       retry log10(dt/yr), log10(dt), retry_factor     2  2446       -8.376715       -0.877604        0.500000
       retry log10(dt/yr), log10(dt), retry_factor     1  2479       -7.528872       -0.029760        0.500000
hydro_newton_step failed to accept
       retry log10(dt/yr), log10(dt), retry_factor     2  2479       -7.829902       -0.330790        0.500000
       retry log10(dt/yr), log10(dt), retry_factor     1  2487       -7.384230        0.114882        0.500000
       retry log10(dt/yr), log10(dt), retry_factor     2  2487       -7.685260       -0.186148        0.500000
 have reached retry limit so now backup
 bad other yaxis for History panels plot num_zones

 ERROR: failed to find log_Teff in history data

 grid1/grid1_002500.png/png
       retry log10(dt/yr), log10(dt), retry_factor     1  2531       -5.599906        1.899206        0.500000
       retry log10(dt/yr), log10(dt), retry_factor     1  2536       -5.298876        2.200236        0.500000
       retry log10(dt/yr), log10(dt), retry_factor     2  2536       -5.599906        1.899206        0.500000
 have reached retry limit so now backup
       retry log10(dt/yr), log10(dt), retry_factor     1  2537       -6.094756        1.404356        0.500000
       retry log10(dt/yr), log10(dt), retry_factor     1  2544       -5.377769        2.121342        0.500000
       retry log10(dt/yr), log10(dt), retry_factor     2  2544       -5.678799        1.820312        0.500000
 have reached retry limit so now backup
       retry log10(dt/yr), log10(dt), retry_factor     1  2550       -5.381569        2.117543        0.500000
       retry log10(dt/yr), log10(dt), retry_factor     2  2550       -5.682599        1.816513        0.500000
       retry log10(dt/yr), log10(dt), retry_factor     1  2555       -5.583792        1.915319        0.500000
       retry log10(dt/yr), log10(dt), retry_factor     1  2560       -5.690526        1.808586        0.500000
       retry log10(dt/yr), log10(dt), retry_factor     2  2560       -5.991556        1.507556        0.500000
       retry log10(dt/yr), log10(dt), retry_factor     1  2566       -5.608320        1.890792        0.500000
       retry log10(dt/yr), log10(dt), retry_factor     1  2570       -5.662204        1.836908        0.500000
       retry log10(dt/yr), log10(dt), retry_factor     1  2571       -5.963234        1.535878        0.500000
       retry log10(dt/yr), log10(dt), retry_factor     1  2572       -6.361174        1.137938        0.500000
       retry log10(dt/yr), log10(dt), retry_factor     1  2573       -6.662204        0.836908        0.500000
       retry log10(dt/yr), log10(dt), retry_factor     1  2580       -5.885562        1.613550        0.500000
hydro_newton_step failed to accept
       retry log10(dt/yr), log10(dt), retry_factor     1  2581       -6.280023        1.219089        0.500000
       retry log10(dt/yr), log10(dt), retry_factor     1  2587       -5.721933        1.777178        0.500000
       retry log10(dt/yr), log10(dt), retry_factor     2  2587       -6.022963        1.476148        0.500000
       retry log10(dt/yr), log10(dt), retry_factor     1  2588       -6.420903        1.078208        0.500000
hydro_newton_step failed to accept
       retry log10(dt/yr), log10(dt), retry_factor     2  2588       -6.721933        0.777178        0.500000
       retry log10(dt/yr), log10(dt), retry_factor     1  2589       -7.022963        0.476148        0.500000
hydro_newton_step failed to accept
       retry log10(dt/yr), log10(dt), retry_factor     1  2595       -6.613543        0.885568        0.500000
       retry log10(dt/yr), log10(dt), retry_factor     1  2598       -6.088854        1.410257        0.500000
       retry log10(dt/yr), log10(dt), retry_factor     1  2599       -6.389884        1.109227        0.500000
       retry log10(dt/yr), log10(dt), retry_factor     1  2601       -6.690914        0.808197        0.500000
       retry log10(dt/yr), log10(dt), retry_factor     1  2602       -7.001666        0.497445        0.500000
       retry log10(dt/yr), log10(dt), retry_factor     2  2602       -7.302696        0.196415        0.500000
       retry log10(dt/yr), log10(dt), retry_factor     1  2605       -7.603726       -0.104615        0.500000
       retry log10(dt/yr), log10(dt), retry_factor     1  2606       -7.904756       -0.405645        0.500000
       retry log10(dt/yr), log10(dt), retry_factor     2  2606       -8.205786       -0.706675        0.500000
 have reached retry limit so now backup
       retry log10(dt/yr), log10(dt), retry_factor     1  2612       -7.829173       -0.330061        0.500000
       retry log10(dt/yr), log10(dt), retry_factor     1  2613       -8.227113       -0.728001        0.500000
       retry log10(dt/yr), log10(dt), retry_factor     1  2614       -8.528143       -1.029031        0.500000
       retry log10(dt/yr), log10(dt), retry_factor     1  2622       -8.482133       -0.983022        0.500000
       retry log10(dt/yr), log10(dt), retry_factor     1  2629       -8.871801       -1.372690        0.500000
hydro_newton_step failed to accept
       retry log10(dt/yr), log10(dt), retry_factor     2  2629       -9.172831       -1.673720        0.500000
       retry log10(dt/yr), log10(dt), retry_factor     1  2654       -9.313959       -1.814848        0.500000
       retry log10(dt/yr), log10(dt), retry_factor     1  2706       -7.761552       -0.262440        0.500000
       retry log10(dt/yr), log10(dt), retry_factor     2  2706       -8.062582       -0.563470        0.500000
 have reached retry limit so now backup
       retry log10(dt/yr), log10(dt), retry_factor     1  2707       -8.363612       -0.864500        0.500000
       retry log10(dt/yr), log10(dt), retry_factor     2  2707       -8.664642       -1.165530        0.500000
 have reached retry limit so now backup
       retry log10(dt/yr), log10(dt), retry_factor     1  2709       -8.965672       -1.466560        0.500000
       retry log10(dt/yr), log10(dt), retry_factor     2  2709       -9.266702       -1.767590        0.500000
 have reached retry limit so now backup
       retry log10(dt/yr), log10(dt), retry_factor     1  2710       -9.567732       -2.068620        0.500000
       retry log10(dt/yr), log10(dt), retry_factor     2  2710       -9.868762       -2.369650        0.500000
 have reached retry limit so now backup
       retry log10(dt/yr), log10(dt), retry_factor     1  2726       -7.255273        0.243839        0.500000
hydro_newton_step failed to accept
       retry log10(dt/yr), log10(dt), retry_factor     1  2728       -7.750123       -0.251011        0.500000
hydro_newton_step failed to accept
       retry log10(dt/yr), log10(dt), retry_factor     2  2728       -8.051153       -0.552041        0.500000
 have reached retry limit so now backup
hydro_newton_step failed to accept
       retry log10(dt/yr), log10(dt), retry_factor     1  2732       -8.215288       -0.716177        0.500000
       retry log10(dt/yr), log10(dt), retry_factor     2  2732       -8.516318       -1.017207        0.500000
hydro_newton_step failed to accept
       retry log10(dt/yr), log10(dt), retry_factor     1  2741       -7.803828       -0.304717        0.500000
       retry log10(dt/yr), log10(dt), retry_factor     1  2774       -7.602814       -0.103702        0.500000
       retry log10(dt/yr), log10(dt), retry_factor     2  2774       -7.903844       -0.404732        0.500000
       retry log10(dt/yr), log10(dt), retry_factor     1  2781       -7.496593        0.002519        0.500000
       retry log10(dt/yr), log10(dt), retry_factor     2  2781       -7.797623       -0.298511        0.500000
 have reached retry limit so now backup
       retry log10(dt/yr), log10(dt), retry_factor     1  2830       -5.492502        2.006610        0.500000
       retry log10(dt/yr), log10(dt), retry_factor     2  2830       -5.793532        1.705580        0.500000
 have reached retry limit so now backup
       retry log10(dt/yr), log10(dt), retry_factor     1  2835       -5.655698        1.843413        0.500000
       retry log10(dt/yr), log10(dt), retry_factor     1  2836       -6.053638        1.445473        0.500000
       retry log10(dt/yr), log10(dt), retry_factor     1  2844       -5.428254        2.070858        0.500000
hydro_newton_step failed to accept
       retry log10(dt/yr), log10(dt), retry_factor     1  2848       -5.826194        1.672918        0.500000
       retry log10(dt/yr), log10(dt), retry_factor     1  2851       -5.457355        2.041756        0.500000
hydro_newton_step failed to accept
       retry log10(dt/yr), log10(dt), retry_factor     1  2852       -5.855295        1.643816        0.500000
       retry log10(dt/yr), log10(dt), retry_factor     1  2853       -6.156325        1.342786        0.500000
       retry log10(dt/yr), log10(dt), retry_factor     1  2860       -5.544414        1.954698        0.500000
       retry log10(dt/yr), log10(dt), retry_factor     2  2860       -5.845444        1.653668        0.500000
hydro_newton_step failed to accept
       retry log10(dt/yr), log10(dt), retry_factor     1  2861       -6.243384        1.255728        0.500000
       retry log10(dt/yr), log10(dt), retry_factor     1  2862       -6.544414        0.954698        0.500000
       retry log10(dt/yr), log10(dt), retry_factor     2  2862       -6.845444        0.653668        0.500000
       retry log10(dt/yr), log10(dt), retry_factor     1  2871       -5.672228        1.826884        0.500000
       retry log10(dt/yr), log10(dt), retry_factor     2  2871       -5.973258        1.525854        0.500000
       retry log10(dt/yr), log10(dt), retry_factor     1  2877       -5.767689        1.731423        0.500000
hydro_newton_step failed to accept
       retry log10(dt/yr), log10(dt), retry_factor     2  2877       -6.068719        1.430393        0.500000
hydro_newton_step failed to accept
       retry log10(dt/yr), log10(dt), retry_factor     1  2878       -6.466659        1.032453        0.500000
       retry log10(dt/yr), log10(dt), retry_factor     1  2879       -6.864599        0.634513        0.500000
       retry log10(dt/yr), log10(dt), retry_factor     1  2880       -7.165629        0.333483        0.500000
       retry log10(dt/yr), log10(dt), retry_factor     1  2888       -5.961509        1.537603        0.500000
       retry log10(dt/yr), log10(dt), retry_factor     1  2890       -6.262539        1.236573        0.500000
       retry log10(dt/yr), log10(dt), retry_factor     1  2892       -6.598342        0.900769        0.500000
       retry log10(dt/yr), log10(dt), retry_factor     2  2892       -6.899372        0.599739        0.500000
 have reached retry limit so now backup
       retry log10(dt/yr), log10(dt), retry_factor     1  2895       -7.200402        0.298709        0.500000
       retry log10(dt/yr), log10(dt), retry_factor     1  2901       -6.598342        0.900769        0.500000
hydro_newton_step failed to accept
       retry log10(dt/yr), log10(dt), retry_factor     1  2902       -6.899372        0.599739        0.500000
       retry log10(dt/yr), log10(dt), retry_factor     1  2904       -7.200402        0.298709        0.500000
       retry log10(dt/yr), log10(dt), retry_factor     1  2906       -7.501432       -0.002321        0.500000
       retry log10(dt/yr), log10(dt), retry_factor     1  2908       -7.802462       -0.303351        0.500000
       retry log10(dt/yr), log10(dt), retry_factor     1  2911       -8.200402       -0.701291        0.500000
       retry log10(dt/yr), log10(dt), retry_factor     1  2912       -8.598342       -1.099231        0.500000
       retry log10(dt/yr), log10(dt), retry_factor     1  2919       -8.604036       -1.104925        0.500000
hydro_newton_step failed to accept
       retry log10(dt/yr), log10(dt), retry_factor     1  2940       -9.129535       -1.630423        0.500000
       retry log10(dt/yr), log10(dt), retry_factor     1  2988       -7.506734       -0.007622        0.500000
       retry log10(dt/yr), log10(dt), retry_factor     2  2988       -7.807764       -0.308652        0.500000
 have reached retry limit so now backup
       retry log10(dt/yr), log10(dt), retry_factor     1  2989       -8.108794       -0.609682        0.500000
       retry log10(dt/yr), log10(dt), retry_factor     2  2989       -8.409824       -0.910712        0.500000
 have reached retry limit so now backup
       retry log10(dt/yr), log10(dt), retry_factor     1  2991       -8.710854       -1.211742        0.500000
       retry log10(dt/yr), log10(dt), retry_factor     2  2991       -9.011884       -1.512772        0.500000
 have reached retry limit so now backup
       retry log10(dt/yr), log10(dt), retry_factor     1  2991       -9.312914       -1.813802        0.500000
       retry log10(dt/yr), log10(dt), retry_factor     2  2991       -9.613944       -2.114832        0.500000
 have reached retry limit so now backup
       retry log10(dt/yr), log10(dt), retry_factor     1  2993       -9.914974       -2.415862        0.500000

stop because model_number >= max_model_number
     3000     3000

       3000   8.845428  1.587E+07   2.828858   5.470481   1.400000   1.400000   0.000000   0.000000   0.275200   0.021004   5.384983   1400    538
  -8.409824   6.759906  -4.791577   2.499008   3.567811  -8.522879   0.000000   0.000000   0.000000   0.020000   0.016993  34.991540      6     59
 2.9749E-03  23.455666   4.172866   5.469024  14.648521  -0.873932   0.000000   0.000000   0.000000   0.000687  9.620E-01 -0.838E-12  max increase

save LOGS/profile6.data for model 3000
save photos/3000 for model 3000
save final_profile_r_cl31_ng_cl32_01.data for model 3000
 saved to final.mod
termination code: max_model_number
 bad other yaxis for History panels plot num_zones

 ERROR: failed to find log_Teff in history data

 grid1/grid1_003000.png/png
       3000   8.845428  1.587E+07   2.828858   5.470481   1.400000   1.400000   0.000000   0.000000   0.275200   0.021004   5.384983   1400    538
  -8.409824   6.759906  -4.791577   2.499008   3.567811  -8.522879   0.000000   0.000000   0.000000   0.020000   0.016993  34.991540      6     59
 2.9749E-03  23.455666   4.172866   5.469024  14.648521  -0.873932   0.000000   0.000000   0.000000   0.000687  9.620E-01 -0.838E-12  max increase

