cp: cannot stat ‘0’: No such file or directory
                                         version_number       10108
 read /hpc/group/physics/al363/sens/base/inlist_base
 read inlist_cluster
load saved model /hpc/group/physics/al363/sens/base/ns_relax.mod

 change to /hpc/group/physics/al363/sens/base/rp_305.net
             set special rate factor for r_br68_ng_br69          43    1.0000000000000000D-02
             set special rate factor for r_br69_gn_br68          44    1.0000000000000000D-02
             set special rate factor for r_br68_ng_br69          43    1.0000000000000000D-02
             set special rate factor for r_br69_gn_br68          44    1.0000000000000000D-02
 number of species         305
 read /hpc/group/physics/al363/sens/base/history_customACL.list_tau
 read /hpc/group/physics/al363/sens/base/profile_customACL.list_tau
 net name /hpc/group/physics/al363/sens/base/rp_305.net
 v_flag T
                         which_atm_option: grey_and_kap
                                           xmstar/mstar    4.5461189430843640D-12
                                             xmstar (g)    1.2660395722219186D+22
                                           M_center (g)    2.7848799999878681D+33
                                            xmstar/Msun    6.3645665203193175D-12
                                          M_center/Msun    1.3999999999939012D+00
                                          R_center (cm)    1.1200000000000000D+06
                                          R_center/Rsun    1.6092416448748527D-05
                                           core density    4.7322078204273819D+14
                                          L_center/Lsun    4.1647144567650578D+00
 kappa_file_prefix gs98
 kappa_lowT_prefix lowT_fa05_gs98

   eos_file_prefix mesa
                                        OMP_NUM_THREADS           8


__________________________________________________________________________________________________________________________________________________

       step    lg_Tcntr    Teff       lg_LH     lg_Lnuc     Mass       H_rich     H_cntr     N_cntr     Y_surf     X_avg     eta_cntr  zones retry
   lg_dt_yr    lg_Dcntr    lg_R       lg_L3a    lg_Lneu     lg_Mdot    He_core    He_cntr    O_cntr     Z_surf     Y_avg     gam_cntr  iters bckup
     age_yr    lg_Pcntr    lg_L       lg_LZ     lg_Psurf    lg_Dsurf   C_core     C_cntr     Ne_cntr    Si_cntr    Z_avg     v_div_cs     dt_limit
__________________________________________________________________________________________________________________________________________________

save LOGS/profile1.data for model 2
 grid1/grid1_000005.png/png
 burst_profile/burst_profile000005.png/png
          6   8.165156  1.497E+06   0.087590   0.087976   1.400000   1.400000   0.000000   0.000000   0.275200   0.030886  22.514775    791      0
  -5.817651   6.610341  -4.793035 -18.862378  -1.086578  -8.522879   0.000000   0.000000   0.000000   0.020000   0.011710 149.410225      6      0
 4.0040E-06  23.176196   0.068337  -2.962874  12.744977  -1.553972   0.000000   0.000000   0.000000   0.000687  9.574E-01  0.395E-11      lgT_cntr

save LOGS/profile2.data for model 6
 grid1/grid1_000010.png/png
 burst_profile/burst_profile000010.png/png
 grid1/grid1_000015.png/png
 burst_profile/burst_profile000015.png/png
 grid1/grid1_000020.png/png
 burst_profile/burst_profile000020.png/png
 grid1/grid1_000025.png/png
 burst_profile/burst_profile000025.png/png
       retry log10(dt/yr), log10(dt), retry_factor     1    30       -5.532111        1.967001        0.500000
 grid1/grid1_000030.png/png
 burst_profile/burst_profile000030.png/png
       retry log10(dt/yr), log10(dt), retry_factor     1    35       -5.231081        2.268031        0.500000
 grid1/grid1_000035.png/png
 burst_profile/burst_profile000035.png/png
       retry log10(dt/yr), log10(dt), retry_factor     1    36       -5.532111        1.967001        0.500000
       retry log10(dt/yr), log10(dt), retry_factor     1    40       -5.532111        1.967001        0.500000
 grid1/grid1_000040.png/png
 burst_profile/burst_profile000040.png/png
       retry log10(dt/yr), log10(dt), retry_factor     1    45       -5.231081        2.268031        0.500000
 grid1/grid1_000045.png/png
 burst_profile/burst_profile000045.png/png
       retry log10(dt/yr), log10(dt), retry_factor     1    49       -5.231081        2.268031        0.500000
 grid1/grid1_000050.png/png
 burst_profile/burst_profile000050.png/png
       retry log10(dt/yr), log10(dt), retry_factor     1    53       -5.231081        2.268031        0.500000
 grid1/grid1_000055.png/png
 burst_profile/burst_profile000055.png/png
       retry log10(dt/yr), log10(dt), retry_factor     1    56       -5.532111        1.967001        0.500000
       retry log10(dt/yr), log10(dt), retry_factor     2    56       -5.833141        1.665971        0.500000
 have reached retry limit so now backup
 grid1/grid1_000055.png/png
 burst_profile/burst_profile000055.png/png
       retry log10(dt/yr), log10(dt), retry_factor     1    58       -6.134171        1.364941        0.500000
       retry log10(dt/yr), log10(dt), retry_factor     2    58       -6.435201        1.063911        0.500000
 have reached retry limit so now backup
       retry log10(dt/yr), log10(dt), retry_factor     1    58       -6.736231        0.762881        0.500000
       retry log10(dt/yr), log10(dt), retry_factor     2    58       -7.037261        0.461851        0.500000
 have reached retry limit so now backup
       retry log10(dt/yr), log10(dt), retry_factor     1    60       -7.338291        0.160821        0.500000
       retry log10(dt/yr), log10(dt), retry_factor     2    60       -7.639321       -0.140209        0.500000
 have reached retry limit so now backup
 grid1/grid1_000060.png/png
 burst_profile/burst_profile000060.png/png
       retry log10(dt/yr), log10(dt), retry_factor     1    62       -7.940351       -0.441239        0.500000
       retry log10(dt/yr), log10(dt), retry_factor     2    62       -8.241381       -0.742269        0.500000
 grid1/grid1_000065.png/png
 burst_profile/burst_profile000065.png/png
 grid1/grid1_000070.png/png
 burst_profile/burst_profile000070.png/png
 grid1/grid1_000075.png/png
 burst_profile/burst_profile000075.png/png
       retry log10(dt/yr), log10(dt), retry_factor     1    76       -5.231081        2.268031        0.500000
       retry log10(dt/yr), log10(dt), retry_factor     2    76       -5.532111        1.967001        0.500000
       retry log10(dt/yr), log10(dt), retry_factor     1    77       -5.833141        1.665971        0.500000
       retry log10(dt/yr), log10(dt), retry_factor     2    77       -6.134171        1.364941        0.500000
 have reached retry limit so now backup
       retry log10(dt/yr), log10(dt), retry_factor     1    80       -6.435201        1.063911        0.500000
       retry log10(dt/yr), log10(dt), retry_factor     2    80       -6.736231        0.762881        0.500000
 have reached retry limit so now backup
 grid1/grid1_000080.png/png
 burst_profile/burst_profile000080.png/png
       retry log10(dt/yr), log10(dt), retry_factor     1    81       -7.037261        0.461851        0.500000
       retry log10(dt/yr), log10(dt), retry_factor     2    81       -7.338291        0.160821        0.500000
 have reached retry limit so now backup
 grid1/grid1_000080.png/png
 burst_profile/burst_profile000080.png/png
       retry log10(dt/yr), log10(dt), retry_factor     1    84       -7.639321       -0.140209        0.500000
       retry log10(dt/yr), log10(dt), retry_factor     2    84       -7.940351       -0.441239        0.500000
 have reached retry limit so now backup
       retry log10(dt/yr), log10(dt), retry_factor     1    84       -8.241381       -0.742269        0.500000
 grid1/grid1_000085.png/png
 burst_profile/burst_profile000085.png/png
 grid1/grid1_000090.png/png
 burst_profile/burst_profile000090.png/png
 grid1/grid1_000095.png/png
 burst_profile/burst_profile000095.png/png
       retry log10(dt/yr), log10(dt), retry_factor     1    97       -5.708197        1.790914        0.500000
       retry log10(dt/yr), log10(dt), retry_factor     1    98       -6.029742        1.469369        0.500000
       retry log10(dt/yr), log10(dt), retry_factor     1    99       -6.330772        1.168339        0.500000
        100   8.444841  4.670E+06   2.033172   2.166622   1.400000   1.400000   0.000000   0.000000   0.275200   0.100536  12.226478    752     31
  -6.029742   6.642744  -4.792800   1.206170   1.283423  -8.522879   0.000000   0.000000   0.000000   0.020000   0.058448  80.444496      6      8
 3.1300E-04  23.235090   2.045017   1.357015  13.860470  -0.943582   0.000000   0.000000   0.000000   0.000687  8.410E-01  0.987E-12          hold

 grid1/grid1_000100.png/png
 burst_profile/burst_profile000100.png/png
       retry log10(dt/yr), log10(dt), retry_factor     1   101       -6.631802        0.867309        0.500000
       retry log10(dt/yr), log10(dt), retry_factor     1   103       -6.932832        0.566279        0.500000
hydro_newton_step failed to accept
       retry log10(dt/yr), log10(dt), retry_factor     1   104       -7.233862        0.265249        0.500000
 grid1/grid1_000105.png/png
 burst_profile/burst_profile000105.png/png
       retry log10(dt/yr), log10(dt), retry_factor     1   106       -7.534892       -0.035780        0.500000
       retry log10(dt/yr), log10(dt), retry_factor     1   110       -7.649240       -0.150129        0.500000
       retry log10(dt/yr), log10(dt), retry_factor     2   110       -7.950270       -0.451159        0.500000
 grid1/grid1_000110.png/png
 burst_profile/burst_profile000110.png/png
       retry log10(dt/yr), log10(dt), retry_factor     1   112       -8.333830       -0.834718        0.500000
 grid1/grid1_000115.png/png
 burst_profile/burst_profile000115.png/png
 grid1/grid1_000120.png/png
 burst_profile/burst_profile000120.png/png
 grid1/grid1_000125.png/png
 burst_profile/burst_profile000125.png/png
 grid1/grid1_000130.png/png
 burst_profile/burst_profile000130.png/png
 grid1/grid1_000135.png/png
 burst_profile/burst_profile000135.png/png
 grid1/grid1_000140.png/png
 burst_profile/burst_profile000140.png/png
 grid1/grid1_000145.png/png
 burst_profile/burst_profile000145.png/png
 grid1/grid1_000150.png/png
 burst_profile/burst_profile000150.png/png
 grid1/grid1_000155.png/png
 burst_profile/burst_profile000155.png/png
 grid1/grid1_000160.png/png
 burst_profile/burst_profile000160.png/png
 grid1/grid1_000165.png/png
 burst_profile/burst_profile000165.png/png
                       super eddington wind: lg_Mdot, L/Ledd         166    -9.75237     1.00721
                       super eddington wind: lg_Mdot, L/Ledd         167    -9.00262     1.04051
                       super eddington wind: lg_Mdot, L/Ledd         168    -8.75827     1.07107
                       super eddington wind: lg_Mdot, L/Ledd         169    -8.63170     1.09492
                       super eddington wind: lg_Mdot, L/Ledd         170    -8.52132     1.12237
 grid1/grid1_000170.png/png
 burst_profile/burst_profile000170.png/png
                       super eddington wind: lg_Mdot, L/Ledd         171    -8.42383     1.15301
                       super eddington wind: lg_Mdot, L/Ledd         172    -8.60260     1.10121
                       super eddington wind: lg_Mdot, L/Ledd         173    -8.46062     1.14022
                       super eddington wind: lg_Mdot, L/Ledd         174    -8.38539     1.16684
                       super eddington wind: lg_Mdot, L/Ledd         175    -8.53026     1.11917
 grid1/grid1_000175.png/png
 burst_profile/burst_profile000175.png/png
                       super eddington wind: lg_Mdot, L/Ledd         176    -8.40160     1.16038
                       super eddington wind: lg_Mdot, L/Ledd         177    -8.32946     1.18926
                       super eddington wind: lg_Mdot, L/Ledd         178    -8.44585     1.14440
                       super eddington wind: lg_Mdot, L/Ledd         179    -8.33797     1.18497
                       super eddington wind: lg_Mdot, L/Ledd         180    -8.27465     1.21369
 grid1/grid1_000180.png/png
 burst_profile/burst_profile000180.png/png
                       super eddington wind: lg_Mdot, L/Ledd         181    -8.39336     1.16239
                       super eddington wind: lg_Mdot, L/Ledd         182    -8.29671     1.20270
                       super eddington wind: lg_Mdot, L/Ledd         183    -8.24899     1.22613
                       super eddington wind: lg_Mdot, L/Ledd         184    -8.36525     1.17266
                       super eddington wind: lg_Mdot, L/Ledd         185    -8.27665     1.21158
 grid1/grid1_000185.png/png
 burst_profile/burst_profile000185.png/png
                       super eddington wind: lg_Mdot, L/Ledd         186    -8.24039     1.22985
                       super eddington wind: lg_Mdot, L/Ledd         187    -8.35529     1.17599
                       super eddington wind: lg_Mdot, L/Ledd         188    -8.28322     1.20748
                       super eddington wind: lg_Mdot, L/Ledd         189    -8.25274     1.22236
                       super eddington wind: lg_Mdot, L/Ledd         190    -8.39337     1.16047
 grid1/grid1_000190.png/png
 burst_profile/burst_profile000190.png/png
                       super eddington wind: lg_Mdot, L/Ledd         191    -8.33563     1.18304
                       super eddington wind: lg_Mdot, L/Ledd         192    -8.32288     1.18829
                       super eddington wind: lg_Mdot, L/Ledd         193    -8.51490     1.12085
       retry log10(dt/yr), log10(dt), retry_factor     1   193       -9.065256       -1.566145        0.500000
                       super eddington wind: lg_Mdot, L/Ledd         193    -8.51490     1.12085
       retry log10(dt/yr), log10(dt), retry_factor     2   193       -9.366286       -1.867175        0.500000
                       super eddington wind: lg_Mdot, L/Ledd         193    -8.51490     1.12085
 have reached retry limit so now backup
                       super eddington wind: lg_Mdot, L/Ledd         192    -8.32288     1.18829
                       super eddington wind: lg_Mdot, L/Ledd         193    -8.69816     1.07928
                       super eddington wind: lg_Mdot, L/Ledd         194    -8.39769     1.15835
                       super eddington wind: lg_Mdot, L/Ledd         195    -8.58170     1.10363
 grid1/grid1_000195.png/png
 burst_profile/burst_profile000195.png/png
                       super eddington wind: lg_Mdot, L/Ledd         196    -8.46322     1.13616
                       super eddington wind: lg_Mdot, L/Ledd         197    -8.38219     1.16402
                       super eddington wind: lg_Mdot, L/Ledd         198    -8.55565     1.11001
                       super eddington wind: lg_Mdot, L/Ledd         199    -8.46240     1.13630
                       super eddington wind: lg_Mdot, L/Ledd         200    -8.38191     1.16400
        200   8.945292  2.382E+07   3.760638   6.698805   1.400000   1.400000   0.000000   0.000000   0.295790   0.076042   3.115060    669     40
  -8.827855   6.571125  -4.791535   3.025261   4.390210  -8.381913   0.000000   0.000000   0.000000   0.199605   0.044894  24.053123      6      9
 3.1497E-04  23.235202   4.878283   6.698212  15.060228  -0.895791   0.000000   0.000000   0.000000   0.000687  8.791E-01  0.813E-04    varcontrol

 grid1/grid1_000200.png/png
 burst_profile/burst_profile000200.png/png
                       super eddington wind: lg_Mdot, L/Ledd         201    -8.59332     1.10075
       retry log10(dt/yr), log10(dt), retry_factor     1   201       -9.276747       -1.777635        0.500000
                       super eddington wind: lg_Mdot, L/Ledd         201    -8.59332     1.10075
       retry log10(dt/yr), log10(dt), retry_factor     2   201       -9.577777       -2.078665        0.500000
                       super eddington wind: lg_Mdot, L/Ledd         201    -8.59332     1.10075
 have reached retry limit so now backup
                       super eddington wind: lg_Mdot, L/Ledd         200    -8.38191     1.16400
        200   8.943958  2.365E+07   3.733417   6.701295   1.400000   1.400000   0.000000   0.000000   0.295894   0.076142   3.129805    669     42
  -9.276747   6.571583  -4.791525   3.025628   4.392011  -8.381913   0.000000   0.000000   0.000000   0.199042   0.044923  24.135610      6     10
 3.1497E-04  23.235203   4.866088   6.700736  15.051419  -0.893745   0.000000   0.000000   0.000000   0.000687  8.789E-01  0.183E-03        backup

 grid1/grid1_000200.png/png
 burst_profile/burst_profile000200.png/png
                       super eddington wind: lg_Mdot, L/Ledd         201    -8.75186     1.06992
                       super eddington wind: lg_Mdot, L/Ledd         202    -8.44386     1.14203
                       super eddington wind: lg_Mdot, L/Ledd         203    -8.63468     1.09156
                       super eddington wind: lg_Mdot, L/Ledd         204    -8.52386     1.11798
                       super eddington wind: lg_Mdot, L/Ledd         205    -8.43424     1.14530
 grid1/grid1_000205.png/png
 burst_profile/burst_profile000205.png/png
                       super eddington wind: lg_Mdot, L/Ledd         206    -8.59197     1.10093
                       super eddington wind: lg_Mdot, L/Ledd         207    -8.48620     1.12875
                       super eddington wind: lg_Mdot, L/Ledd         208    -8.41004     1.15348
                       super eddington wind: lg_Mdot, L/Ledd         209    -8.65993     1.08621
                       super eddington wind: lg_Mdot, L/Ledd         210    -8.54744     1.11179
 grid1/grid1_000210.png/png
 burst_profile/burst_profile000210.png/png
                       super eddington wind: lg_Mdot, L/Ledd         211    -8.71770     1.07542
                       super eddington wind: lg_Mdot, L/Ledd         212    -8.63603     1.09098
                       super eddington wind: lg_Mdot, L/Ledd         213    -8.75586     1.06892
                       super eddington wind: lg_Mdot, L/Ledd         214    -8.85992     1.05422
                       super eddington wind: lg_Mdot, L/Ledd         215    -9.50557     1.01224
 grid1/grid1_000215.png/png
 burst_profile/burst_profile000215.png/png
                       super eddington wind: lg_Mdot, L/Ledd         216    -9.09511     1.03148
                       super eddington wind: lg_Mdot, L/Ledd         218    -9.86196     1.00538
 grid1/grid1_000220.png/png
 burst_profile/burst_profile000220.png/png
       retry log10(dt/yr), log10(dt), retry_factor     1   222       -9.277198       -1.778087        0.500000
 grid1/grid1_000225.png/png
 burst_profile/burst_profile000225.png/png
 grid1/grid1_000230.png/png
 burst_profile/burst_profile000230.png/png
 grid1/grid1_000235.png/png
 burst_profile/burst_profile000235.png/png
 grid1/grid1_000240.png/png
 burst_profile/burst_profile000240.png/png
       retry log10(dt/yr), log10(dt), retry_factor     1   241       -7.455895        0.043216        0.500000
       retry log10(dt/yr), log10(dt), retry_factor     2   241       -7.756925       -0.257814        0.500000
 have reached retry limit so now backup
 grid1/grid1_000240.png/png
 burst_profile/burst_profile000240.png/png
 grid1/grid1_000245.png/png
 burst_profile/burst_profile000245.png/png
       retry log10(dt/yr), log10(dt), retry_factor     1   248       -7.844857       -0.345745        0.500000
       retry log10(dt/yr), log10(dt), retry_factor     2   248       -8.145887       -0.646775        0.500000
 have reached retry limit so now backup
 grid1/grid1_000250.png/png
 burst_profile/burst_profile000250.png/png
       retry log10(dt/yr), log10(dt), retry_factor     1   251       -8.509868       -1.010757        0.500000
hydro_newton_step failed to accept
       retry log10(dt/yr), log10(dt), retry_factor     1   252       -8.810898       -1.311787        0.500000
       retry log10(dt/yr), log10(dt), retry_factor     2   252       -9.111928       -1.612817        0.500000
 grid1/grid1_000255.png/png
 burst_profile/burst_profile000255.png/png
hydro_newton_step failed to accept
       retry log10(dt/yr), log10(dt), retry_factor     1   260       -7.907808       -0.408697        0.500000
hydro_newton_step failed to accept
       retry log10(dt/yr), log10(dt), retry_factor     2   260       -8.208838       -0.709727        0.500000
 have reached retry limit so now backup
 grid1/grid1_000260.png/png
 burst_profile/burst_profile000260.png/png
 grid1/grid1_000265.png/png
 burst_profile/burst_profile000265.png/png
 grid1/grid1_000270.png/png
 burst_profile/burst_profile000270.png/png
 grid1/grid1_000275.png/png
 burst_profile/burst_profile000275.png/png
 grid1/grid1_000280.png/png
 burst_profile/burst_profile000280.png/png
 grid1/grid1_000285.png/png
 burst_profile/burst_profile000285.png/png
       retry log10(dt/yr), log10(dt), retry_factor     1   287       -7.824468       -0.325357        0.500000
hydro_newton_step failed to accept
       retry log10(dt/yr), log10(dt), retry_factor     2   287       -8.125498       -0.626387        0.500000
 grid1/grid1_000290.png/png
 burst_profile/burst_profile000290.png/png
 grid1/grid1_000295.png/png
 burst_profile/burst_profile000295.png/png
       retry log10(dt/yr), log10(dt), retry_factor     1   297       -7.695584       -0.196472        0.500000
        300   8.771930  9.970E+06   1.796982   3.221437   1.400000   1.400000   0.000000   0.000000   0.275200   0.020036   5.329557    709     55
  -7.410829   6.614128  -4.792672   1.722474   2.599885  -8.522879   0.000000   0.000000   0.000000   0.020000   0.020329  37.056836      6     13
 3.1821E-04  23.235968   3.362962   3.190233  14.437571  -0.730737   0.000000   0.000000   0.000000   0.000687  9.596E-01 -0.228E-09          hold

 grid1/grid1_000300.png/png
 burst_profile/burst_profile000300.png/png
 grid1/grid1_000305.png/png
 burst_profile/burst_profile000305.png/png
 grid1/grid1_000310.png/png
 burst_profile/burst_profile000310.png/png
 grid1/grid1_000315.png/png
 burst_profile/burst_profile000315.png/png
 grid1/grid1_000320.png/png
 burst_profile/burst_profile000320.png/png
 grid1/grid1_000325.png/png
 burst_profile/burst_profile000325.png/png
 grid1/grid1_000330.png/png
 burst_profile/burst_profile000330.png/png
       retry log10(dt/yr), log10(dt), retry_factor     1   331       -6.689135        0.809976        0.500000
 grid1/grid1_000335.png/png
 burst_profile/burst_profile000335.png/png
 grid1/grid1_000340.png/png
 burst_profile/burst_profile000340.png/png
 grid1/grid1_000345.png/png
 burst_profile/burst_profile000345.png/png
       retry log10(dt/yr), log10(dt), retry_factor     1   348       -5.609343        1.889768        0.500000
       retry log10(dt/yr), log10(dt), retry_factor     2   348       -5.910373        1.588738        0.500000
       retry log10(dt/yr), log10(dt), retry_factor     1   349       -6.211403        1.287708        0.500000
 grid1/grid1_000350.png/png
 burst_profile/burst_profile000350.png/png
 grid1/grid1_000355.png/png
 burst_profile/burst_profile000355.png/png
       retry log10(dt/yr), log10(dt), retry_factor     1   356       -5.450952        2.048160        0.500000
hydro_newton_step failed to accept
       retry log10(dt/yr), log10(dt), retry_factor     2   356       -5.751982        1.747130        0.500000
 have reached retry limit so now backup
 grid1/grid1_000355.png/png
 burst_profile/burst_profile000355.png/png
 grid1/grid1_000360.png/png
 burst_profile/burst_profile000360.png/png
       retry log10(dt/yr), log10(dt), retry_factor     1   361       -5.528322        1.970789        0.500000
hydro_newton_step failed to accept
       retry log10(dt/yr), log10(dt), retry_factor     2   361       -5.829352        1.669759        0.500000
 have reached retry limit so now backup
 grid1/grid1_000360.png/png
 burst_profile/burst_profile000360.png/png
 grid1/grid1_000365.png/png
 burst_profile/burst_profile000365.png/png
       retry log10(dt/yr), log10(dt), retry_factor     1   367       -5.458915        2.040197        0.500000
       retry log10(dt/yr), log10(dt), retry_factor     2   367       -5.759945        1.739167        0.500000
 have reached retry limit so now backup
 grid1/grid1_000370.png/png
 burst_profile/burst_profile000370.png/png
       retry log10(dt/yr), log10(dt), retry_factor     1   373       -5.437916        2.061195        0.500000
       retry log10(dt/yr), log10(dt), retry_factor     2   373       -5.738946        1.760165        0.500000
 grid1/grid1_000375.png/png
 burst_profile/burst_profile000375.png/png
       retry log10(dt/yr), log10(dt), retry_factor     1   379       -5.446739        2.052373        0.500000
       retry log10(dt/yr), log10(dt), retry_factor     2   379       -5.747769        1.751343        0.500000
 have reached retry limit so now backup
 grid1/grid1_000380.png/png
 burst_profile/burst_profile000380.png/png
       retry log10(dt/yr), log10(dt), retry_factor     1   384       -5.627218        1.871894        0.500000
 grid1/grid1_000385.png/png
 burst_profile/burst_profile000385.png/png
       retry log10(dt/yr), log10(dt), retry_factor     1   386       -5.928248        1.570864        0.500000
       retry log10(dt/yr), log10(dt), retry_factor     2   386       -6.229278        1.269834        0.500000
 have reached retry limit so now backup
 grid1/grid1_000385.png/png
 burst_profile/burst_profile000385.png/png
       retry log10(dt/yr), log10(dt), retry_factor     1   386       -6.530308        0.968804        0.500000
       retry log10(dt/yr), log10(dt), retry_factor     2   386       -6.831338        0.667774        0.500000
 have reached retry limit so now backup
 grid1/grid1_000385.png/png
 burst_profile/burst_profile000385.png/png
       retry log10(dt/yr), log10(dt), retry_factor     1   389       -7.132368        0.366744        0.500000
       retry log10(dt/yr), log10(dt), retry_factor     2   389       -7.433398        0.065714        0.500000
 have reached retry limit so now backup
       retry log10(dt/yr), log10(dt), retry_factor     1   390       -7.734428       -0.235316        0.500000
       retry log10(dt/yr), log10(dt), retry_factor     2   390       -8.035458       -0.536346        0.500000
 grid1/grid1_000390.png/png
 burst_profile/burst_profile000390.png/png
 grid1/grid1_000395.png/png
 burst_profile/burst_profile000395.png/png
        400   8.347851  3.639E+06   1.522470   1.549352   1.400000   1.400000   0.000000   0.000000   0.275200   0.062607  15.845583    751     78
  -5.627218   6.668231  -4.792871  -0.898232   0.695575  -8.522879   0.000000   0.000000   0.000000   0.020000   0.044337 102.560686      6     20
 5.0787E-04  23.268505   1.611876   0.301047  13.578056  -1.115119   0.000000   0.000000   0.000000   0.000687  8.931E-01  0.553E-12  max increase

 grid1/grid1_000400.png/png
 burst_profile/burst_profile000400.png/png
       retry log10(dt/yr), log10(dt), retry_factor     1   403       -5.479712        2.019399        0.500000
       retry log10(dt/yr), log10(dt), retry_factor     1   404       -5.877652        1.621459        0.500000
 grid1/grid1_000405.png/png
 burst_profile/burst_profile000405.png/png
       retry log10(dt/yr), log10(dt), retry_factor     1   410       -5.580213        1.918898        0.500000
 grid1/grid1_000410.png/png
 burst_profile/burst_profile000410.png/png
hydro_newton_step failed to accept
       retry log10(dt/yr), log10(dt), retry_factor     1   411       -5.881243        1.617868        0.500000
hydro_newton_step failed to accept
       retry log10(dt/yr), log10(dt), retry_factor     2   411       -6.182273        1.316838        0.500000
 grid1/grid1_000415.png/png
 burst_profile/burst_profile000415.png/png
       retry log10(dt/yr), log10(dt), retry_factor     1   416       -5.722528        1.776584        0.500000
hydro_newton_step failed to accept
       retry log10(dt/yr), log10(dt), retry_factor     1   417       -6.103104        1.396008        0.500000
 grid1/grid1_000420.png/png
 burst_profile/burst_profile000420.png/png
       retry log10(dt/yr), log10(dt), retry_factor     1   421       -5.874040        1.625072        0.500000
       retry log10(dt/yr), log10(dt), retry_factor     1   422       -6.175070        1.324042        0.500000
hydro_newton_step failed to accept
       retry log10(dt/yr), log10(dt), retry_factor     1   423       -6.572531        0.926580        0.500000
 grid1/grid1_000425.png/png
 burst_profile/burst_profile000425.png/png
        427   8.426795  4.476E+06   1.933682   2.055212   1.400000   1.400000   0.000000   0.000000   0.275200   0.076096  13.280017    750     88
  -5.748697   6.674474  -4.792808   1.217120   1.128313  -8.522879   0.000000   0.000000   0.000000   0.020000   0.053764  85.924818      6     20
 5.8638E-04  23.281269   1.971539   1.050454  13.813212  -0.971945   0.000000   0.000000   0.000000   0.000687  8.701E-01  0.774E-13  max increase

save LOGS/profile3.data for model 427
       retry log10(dt/yr), log10(dt), retry_factor     1   428       -6.215980        1.283132        0.500000
hydro_newton_step failed to accept
       retry log10(dt/yr), log10(dt), retry_factor     2   428       -6.517010        0.982102        0.500000
 grid1/grid1_000430.png/png
 burst_profile/burst_profile000430.png/png
       retry log10(dt/yr), log10(dt), retry_factor     1   431       -6.818040        0.681072        0.500000
       retry log10(dt/yr), log10(dt), retry_factor     1   432       -7.119070        0.380042        0.500000
       retry log10(dt/yr), log10(dt), retry_factor     1   433       -7.420972        0.078139        0.500000
       retry log10(dt/yr), log10(dt), retry_factor     1   434       -7.818912       -0.319801        0.500000
 grid1/grid1_000435.png/png
 burst_profile/burst_profile000435.png/png
       retry log10(dt/yr), log10(dt), retry_factor     1   436       -8.119942       -0.620831        0.500000
hydro_newton_step failed to accept
       retry log10(dt/yr), log10(dt), retry_factor     2   436       -8.420972       -0.921861        0.500000
 grid1/grid1_000440.png/png
 burst_profile/burst_profile000440.png/png
       retry log10(dt/yr), log10(dt), retry_factor     1   442       -7.996055       -0.496944        0.500000
       retry log10(dt/yr), log10(dt), retry_factor     1   444       -8.383058       -0.883947        0.500000
 grid1/grid1_000445.png/png
 burst_profile/burst_profile000445.png/png
 grid1/grid1_000450.png/png
 burst_profile/burst_profile000450.png/png
 grid1/grid1_000455.png/png
 burst_profile/burst_profile000455.png/png
 grid1/grid1_000460.png/png
 burst_profile/burst_profile000460.png/png
 grid1/grid1_000465.png/png
 burst_profile/burst_profile000465.png/png
 grid1/grid1_000470.png/png
 burst_profile/burst_profile000470.png/png
 grid1/grid1_000475.png/png
 burst_profile/burst_profile000475.png/png
       retry log10(dt/yr), log10(dt), retry_factor     1   476       -9.412286       -1.913174        0.500000
       retry log10(dt/yr), log10(dt), retry_factor     1   480       -9.412286       -1.913174        0.500000
 grid1/grid1_000480.png/png
 burst_profile/burst_profile000480.png/png
 grid1/grid1_000485.png/png
 burst_profile/burst_profile000485.png/png
 grid1/grid1_000490.png/png
 burst_profile/burst_profile000490.png/png
 grid1/grid1_000495.png/png
 burst_profile/burst_profile000495.png/png
        500   8.601879  2.171E+07   3.585653   6.736426   1.400000   1.400000   0.000000   0.000000   0.290452   0.064218   8.673394    796    100
  -8.104090   6.665464  -4.791640   2.973136   4.269427  -8.522879   0.000000   0.000000   0.000000   0.212098   0.040418  57.020541      7     20
 5.8915E-04  23.281558   4.717188   6.736044  14.950166  -0.859140   0.000000   0.000000   0.000000   0.000687  8.954E-01  0.374E-08      lgT_cntr

save LOGS/profile4.data for model 500
save photos/x500 for model 500
 grid1/grid1_000500.png/png
 burst_profile/burst_profile000500.png/png
 grid1/grid1_000505.png/png
 burst_profile/burst_profile000505.png/png
 grid1/grid1_000510.png/png
 burst_profile/burst_profile000510.png/png
 grid1/grid1_000515.png/png
 burst_profile/burst_profile000515.png/png
 grid1/grid1_000520.png/png
 burst_profile/burst_profile000520.png/png
 grid1/grid1_000525.png/png
 burst_profile/burst_profile000525.png/png
 grid1/grid1_000530.png/png
 burst_profile/burst_profile000530.png/png
 grid1/grid1_000535.png/png
 burst_profile/burst_profile000535.png/png
       retry log10(dt/yr), log10(dt), retry_factor     1   536       -7.575751       -0.076640        0.500000
 grid1/grid1_000540.png/png
 burst_profile/burst_profile000540.png/png
       retry log10(dt/yr), log10(dt), retry_factor     1   541       -8.245349       -0.746238        0.500000
hydro_newton_step failed to accept
       retry log10(dt/yr), log10(dt), retry_factor     2   541       -8.546379       -1.047268        0.500000
 grid1/grid1_000545.png/png
 burst_profile/burst_profile000545.png/png
       retry log10(dt/yr), log10(dt), retry_factor     1   547       -7.944319       -0.445208        0.500000
 grid1/grid1_000550.png/png
 burst_profile/burst_profile000550.png/png
 grid1/grid1_000555.png/png
 burst_profile/burst_profile000555.png/png
 grid1/grid1_000560.png/png
 burst_profile/burst_profile000560.png/png
 grid1/grid1_000565.png/png
 burst_profile/burst_profile000565.png/png
       retry log10(dt/yr), log10(dt), retry_factor     1   566       -8.023207       -0.524096        0.500000
 grid1/grid1_000570.png/png
 burst_profile/burst_profile000570.png/png
       retry log10(dt/yr), log10(dt), retry_factor     1   575       -7.667184       -0.168073        0.500000
 grid1/grid1_000575.png/png
 burst_profile/burst_profile000575.png/png
       retry log10(dt/yr), log10(dt), retry_factor     1   578       -7.968214       -0.469103        0.500000
       retry log10(dt/yr), log10(dt), retry_factor     2   578       -8.269244       -0.770133        0.500000
 have reached retry limit so now backup
 grid1/grid1_000580.png/png
 burst_profile/burst_profile000580.png/png
 grid1/grid1_000585.png/png
 burst_profile/burst_profile000585.png/png
       retry log10(dt/yr), log10(dt), retry_factor     1   586       -7.581856       -0.082745        0.500000
       retry log10(dt/yr), log10(dt), retry_factor     2   586       -7.882886       -0.383775        0.500000
 have reached retry limit so now backup
 grid1/grid1_000585.png/png
 burst_profile/burst_profile000585.png/png
 grid1/grid1_000590.png/png
 burst_profile/burst_profile000590.png/png
 grid1/grid1_000595.png/png
 burst_profile/burst_profile000595.png/png
        600   8.697844  7.287E+06   1.274595   2.343288   1.400000   1.400000   0.000000   0.000000   0.275200   0.018132   6.797575    790    110
  -6.812325   6.657153  -4.792784   1.095695   1.868252  -8.522879   0.000000   0.000000   0.000000   0.020000   0.019388  45.425083      6     22
 5.9335E-04  23.282385   2.818032   2.276817  14.271171  -0.736177   0.000000   0.000000   0.000000   0.000687  9.625E-01  0.292E-10    varcontrol

 grid1/grid1_000600.png/png
 burst_profile/burst_profile000600.png/png
 grid1/grid1_000605.png/png
 burst_profile/burst_profile000605.png/png
 grid1/grid1_000610.png/png
 burst_profile/burst_profile000610.png/png
 grid1/grid1_000615.png/png
 burst_profile/burst_profile000615.png/png
 grid1/grid1_000620.png/png
 burst_profile/burst_profile000620.png/png
 grid1/grid1_000625.png/png
 burst_profile/burst_profile000625.png/png
 grid1/grid1_000630.png/png
 burst_profile/burst_profile000630.png/png
       retry log10(dt/yr), log10(dt), retry_factor     1   634       -5.831713        1.667399        0.500000
       retry log10(dt/yr), log10(dt), retry_factor     1   635       -6.132743        1.366369        0.500000
 grid1/grid1_000635.png/png
 burst_profile/burst_profile000635.png/png
 grid1/grid1_000640.png/png
 burst_profile/burst_profile000640.png/png
       retry log10(dt/yr), log10(dt), retry_factor     1   642       -5.454393        2.044719        0.500000
hydro_newton_step failed to accept
       retry log10(dt/yr), log10(dt), retry_factor     2   642       -5.755423        1.743689        0.500000
 have reached retry limit so now backup
 grid1/grid1_000645.png/png
 burst_profile/burst_profile000645.png/png
       retry log10(dt/yr), log10(dt), retry_factor     1   648       -5.425926        2.073185        0.500000
hydro_newton_step failed to accept
       retry log10(dt/yr), log10(dt), retry_factor     2   648       -5.726956        1.772155        0.500000
 have reached retry limit so now backup
 grid1/grid1_000650.png/png
 burst_profile/burst_profile000650.png/png
       retry log10(dt/yr), log10(dt), retry_factor     1   655       -5.210395        2.288716        0.500000
       retry log10(dt/yr), log10(dt), retry_factor     2   655       -5.511425        1.987686        0.500000
 grid1/grid1_000655.png/png
 burst_profile/burst_profile000655.png/png
       retry log10(dt/yr), log10(dt), retry_factor     1   656       -5.813142        1.685970        0.500000
 grid1/grid1_000660.png/png
 burst_profile/burst_profile000660.png/png
       retry log10(dt/yr), log10(dt), retry_factor     1   662       -5.414983        2.084129        0.500000
hydro_newton_step failed to accept
       retry log10(dt/yr), log10(dt), retry_factor     1   663       -5.812923        1.686189        0.500000
 grid1/grid1_000665.png/png
 burst_profile/burst_profile000665.png/png
       retry log10(dt/yr), log10(dt), retry_factor     1   668       -5.210863        2.288249        0.500000
       retry log10(dt/yr), log10(dt), retry_factor     2   668       -5.511893        1.987219        0.500000
 have reached retry limit so now backup
hydro_newton_step failed to accept
       retry log10(dt/yr), log10(dt), retry_factor     1   669       -6.006743        1.492369        0.500000
       retry log10(dt/yr), log10(dt), retry_factor     1   670       -6.307773        1.191339        0.500000
 grid1/grid1_000670.png/png
 burst_profile/burst_profile000670.png/png
       retry log10(dt/yr), log10(dt), retry_factor     1   671       -6.608803        0.890309        0.500000
 grid1/grid1_000675.png/png
 burst_profile/burst_profile000675.png/png
       retry log10(dt/yr), log10(dt), retry_factor     1   679       -5.527119        1.971993        0.500000
 grid1/grid1_000680.png/png
 burst_profile/burst_profile000680.png/png
       retry log10(dt/yr), log10(dt), retry_factor     1   683       -5.570645        1.928467        0.500000
       retry log10(dt/yr), log10(dt), retry_factor     1   684       -5.871675        1.627437        0.500000
 grid1/grid1_000685.png/png
 burst_profile/burst_profile000685.png/png
       retry log10(dt/yr), log10(dt), retry_factor     1   688       -6.146026        1.353085        0.500000
       retry log10(dt/yr), log10(dt), retry_factor     1   689       -6.447056        1.052055        0.500000
hydro_newton_step failed to accept
       retry log10(dt/yr), log10(dt), retry_factor     2   689       -6.748086        0.751025        0.500000
 have reached retry limit so now backup
 grid1/grid1_000690.png/png
 burst_profile/burst_profile000690.png/png
       retry log10(dt/yr), log10(dt), retry_factor     1   692       -7.049116        0.449995        0.500000
 grid1/grid1_000695.png/png
 burst_profile/burst_profile000695.png/png
       retry log10(dt/yr), log10(dt), retry_factor     1   698       -6.447056        1.052055        0.500000
       retry log10(dt/yr), log10(dt), retry_factor     1   699       -6.748086        0.751025        0.500000
        700   8.443013  4.774E+06   2.072718   2.332958   1.400000   1.400000   0.000000   0.000000   0.275200   0.068770  13.236526    835    135
  -6.447056   6.702000  -4.792777   1.651679   1.416654  -8.522879   0.000000   0.000000   0.000000   0.020000   0.049401  84.542653      6     26
 8.5968E-04  23.323021   2.083414   1.717579  13.884864  -0.928976   0.000000   0.000000   0.000000   0.000687  8.818E-01  0.972E-11          hold

 grid1/grid1_000700.png/png
 burst_profile/burst_profile000700.png/png
       retry log10(dt/yr), log10(dt), retry_factor     1   701       -7.049116        0.449995        0.500000
       retry log10(dt/yr), log10(dt), retry_factor     1   703       -7.350146        0.148965        0.500000
       retry log10(dt/yr), log10(dt), retry_factor     1   705       -7.651176       -0.152065        0.500000
 grid1/grid1_000705.png/png
 burst_profile/burst_profile000705.png/png
       retry log10(dt/yr), log10(dt), retry_factor     1   707       -7.952206       -0.453095        0.500000
 grid1/grid1_000710.png/png
 burst_profile/burst_profile000710.png/png
 grid1/grid1_000715.png/png
 burst_profile/burst_profile000715.png/png
 grid1/grid1_000720.png/png
 burst_profile/burst_profile000720.png/png
 grid1/grid1_000725.png/png
 burst_profile/burst_profile000725.png/png
 grid1/grid1_000730.png/png
 burst_profile/burst_profile000730.png/png
 grid1/grid1_000735.png/png
 burst_profile/burst_profile000735.png/png
       retry log10(dt/yr), log10(dt), retry_factor     1   737       -9.275150       -1.776038        0.500000
       retry log10(dt/yr), log10(dt), retry_factor     2   737       -9.576180       -2.077068        0.500000
 have reached retry limit so now backup
 grid1/grid1_000740.png/png
 burst_profile/burst_profile000740.png/png
hydro_newton_step failed to accept
       retry log10(dt/yr), log10(dt), retry_factor     1   744       -9.338374       -1.839263        0.500000
 grid1/grid1_000745.png/png
 burst_profile/burst_profile000745.png/png
 grid1/grid1_000750.png/png
 burst_profile/burst_profile000750.png/png
 grid1/grid1_000755.png/png
 burst_profile/burst_profile000755.png/png
 grid1/grid1_000760.png/png
 burst_profile/burst_profile000760.png/png
 grid1/grid1_000765.png/png
 burst_profile/burst_profile000765.png/png
 grid1/grid1_000770.png/png
 burst_profile/burst_profile000770.png/png
 grid1/grid1_000775.png/png
 burst_profile/burst_profile000775.png/png
 grid1/grid1_000780.png/png
 burst_profile/burst_profile000780.png/png
 grid1/grid1_000785.png/png
 burst_profile/burst_profile000785.png/png
 grid1/grid1_000790.png/png
 burst_profile/burst_profile000790.png/png
 grid1/grid1_000795.png/png
 burst_profile/burst_profile000795.png/png
        800   8.954674  1.656E+07   2.914930   5.505341   1.400000   1.400000   0.000000   0.000000   0.275332   0.026833   3.354462    924    142
  -7.061073   6.635941  -4.792232   2.506704   3.576728  -8.522879   0.000000   0.000000   0.000000   0.188965   0.023416  24.739720      7     27
 8.6170E-04  23.323224   4.245129   5.503787  14.679788  -0.886812   0.000000   0.000000   0.000000   0.000687  9.498E-01 -0.103E-08          dH/H

 grid1/grid1_000800.png/png
 burst_profile/burst_profile000800.png/png
       retry log10(dt/yr), log10(dt), retry_factor     1   801       -7.760043       -0.260932        0.500000
hydro_newton_step failed to accept
       retry log10(dt/yr), log10(dt), retry_factor     1   802       -8.157983       -0.658872        0.500000
       retry log10(dt/yr), log10(dt), retry_factor     2   802       -8.459013       -0.959902        0.500000
 have reached retry limit so now backup
hydro_newton_step failed to accept
       retry log10(dt/yr), log10(dt), retry_factor     1   804       -8.760043       -1.260932        0.500000
       retry log10(dt/yr), log10(dt), retry_factor     1   805       -9.061073       -1.561962        0.500000
       retry log10(dt/yr), log10(dt), retry_factor     2   805       -9.362103       -1.862992        0.500000
 grid1/grid1_000805.png/png
 burst_profile/burst_profile000805.png/png
       retry log10(dt/yr), log10(dt), retry_factor     1   810       -9.061073       -1.561962        0.500000
       retry log10(dt/yr), log10(dt), retry_factor     2   810       -9.362103       -1.862992        0.500000
 grid1/grid1_000810.png/png
 burst_profile/burst_profile000810.png/png
 grid1/grid1_000815.png/png
 burst_profile/burst_profile000815.png/png
hydro_newton_step failed to accept
       retry log10(dt/yr), log10(dt), retry_factor     1   818       -8.157983       -0.658872        0.500000
 grid1/grid1_000820.png/png
 burst_profile/burst_profile000820.png/png
       retry log10(dt/yr), log10(dt), retry_factor     1   822       -8.160419       -0.661308        0.500000
       retry log10(dt/yr), log10(dt), retry_factor     2   822       -8.461449       -0.962338        0.500000
 have reached retry limit so now backup
 grid1/grid1_000825.png/png
 burst_profile/burst_profile000825.png/png
       retry log10(dt/yr), log10(dt), retry_factor     1   826       -8.461449       -0.962338        0.500000
 grid1/grid1_000830.png/png
 burst_profile/burst_profile000830.png/png
 grid1/grid1_000835.png/png
 burst_profile/burst_profile000835.png/png
 grid1/grid1_000840.png/png
 burst_profile/burst_profile000840.png/png
       retry log10(dt/yr), log10(dt), retry_factor     1   845       -7.985257       -0.486146        0.500000
 grid1/grid1_000845.png/png
 burst_profile/burst_profile000845.png/png
 grid1/grid1_000850.png/png
 burst_profile/burst_profile000850.png/png
 grid1/grid1_000855.png/png
 burst_profile/burst_profile000855.png/png
       retry log10(dt/yr), log10(dt), retry_factor     1   858       -7.967460       -0.468349        0.500000
       retry log10(dt/yr), log10(dt), retry_factor     2   858       -8.268490       -0.769379        0.500000
 grid1/grid1_000860.png/png
 burst_profile/burst_profile000860.png/png
       retry log10(dt/yr), log10(dt), retry_factor     1   864       -7.839639       -0.340527        0.500000
 grid1/grid1_000865.png/png
 burst_profile/burst_profile000865.png/png
       retry log10(dt/yr), log10(dt), retry_factor     1   869       -7.589468       -0.090357        0.500000
       retry log10(dt/yr), log10(dt), retry_factor     1   870       -7.890498       -0.391387        0.500000
 grid1/grid1_000870.png/png
 burst_profile/burst_profile000870.png/png
       retry log10(dt/yr), log10(dt), retry_factor     1   875       -7.665418       -0.166306        0.500000
hydro_newton_step failed to accept
       retry log10(dt/yr), log10(dt), retry_factor     2   875       -7.966448       -0.467336        0.500000
 grid1/grid1_000875.png/png
 burst_profile/burst_profile000875.png/png
 grid1/grid1_000880.png/png
 burst_profile/burst_profile000880.png/png
 grid1/grid1_000885.png/png
 burst_profile/burst_profile000885.png/png
 grid1/grid1_000890.png/png
 burst_profile/burst_profile000890.png/png
 grid1/grid1_000895.png/png
 burst_profile/burst_profile000895.png/png

stop because model_number >= max_model_number
      900      900

        900   8.620229  5.927E+06   1.197356   2.059311   1.400000   1.400000   0.000000   0.000000   0.275200   0.016725   8.602785    923    162
  -6.456755   6.693278  -4.792829   0.469908   1.651760  -8.522879   0.000000   0.000000   0.000000   0.020000   0.018135  55.840889      6     29
 8.6685E-04  23.324075   2.459217   1.981955  14.104357  -0.807011   0.000000   0.000000   0.000000   0.000687  9.651E-01  0.322E-11    varcontrol

save LOGS/profile5.data for model 900
save photos/x900 for model 900
save abund_profile_r_br68_ng_br69_01.data for model 900
 saved to final.mod
termination code: max_model_number
 grid1/grid1_000900.png/png
 burst_profile/burst_profile000900.png/png
        900   8.620229  5.927E+06   1.197356   2.059311   1.400000   1.400000   0.000000   0.000000   0.275200   0.016725   8.602785    923    162
  -6.456755   6.693278  -4.792829   0.469908   1.651760  -8.522879   0.000000   0.000000   0.000000   0.020000   0.018135  55.840889      6     29
 8.6685E-04  23.324075   2.459217   1.981955  14.104357  -0.807011   0.000000   0.000000   0.000000   0.000687  9.651E-01  0.322E-11      lgT_cntr

DATE: 2020-08-07
TIME: 09:11:50
