ls: cannot access './911/photos': No such file or directory
starting from scratch 
                                         version_number       10108
 read /hpc/group/physics/al363/low_overhead/sens/base/inlist_base
 read inlist_cluster
load saved model /hpc/group/physics/al363/sens/base/ns_relax.mod

 change to /hpc/group/physics/al363/sens/base/rp_305.net
             set special rate factor for r_cl32_pg_ar33         911    1.0000000000000000D+02
             set special rate factor for r_ar33_gp_cl32         912    1.0000000000000000D+02
             set special rate factor for r_cl32_pg_ar33         911    1.0000000000000000D+02
             set special rate factor for r_ar33_gp_cl32         912    1.0000000000000000D+02
 number of species         305
 read /hpc/group/physics/al363/low_overhead/sens/base/history_custom_low_overhead
 read /hpc/group/physics/al363/low_overhead/sens/base/profile_custom_low_overhead
 net name /hpc/group/physics/al363/sens/base/rp_305.net
 v_flag T
                                           xmstar/mstar    4.5461189430843640D-12
                                             xmstar (g)    1.2660395722219186D+22
                                           M_center (g)    2.7848799999878681D+33
                                            xmstar/Msun    6.3645665203193175D-12
                                          M_center/Msun    1.3999999999939012D+00
                                          R_center (cm)    1.1200000000000000D+06
                                          R_center/Rsun    1.6092416448748527D-05
                                           core density    4.7322078204273819D+14
                                          L_center/Lsun    4.1647144567650578D+00
 kappa_file_prefix gs98
 kappa_lowT_prefix lowT_fa05_gs98

   eos_file_prefix mesa
                                        OMP_NUM_THREADS           8


__________________________________________________________________________________________________________________________________________________

       step    lg_Tcntr    Teff       lg_LH     lg_Lnuc     Mass       H_rich     H_cntr     N_cntr     Y_surf     X_avg     eta_cntr  zones retry
   lg_dt_yr    lg_Dcntr    lg_R       lg_L3a    lg_Lneu     lg_Mdot    He_core    He_cntr    O_cntr     Z_surf     Y_avg     gam_cntr  iters bckup
     age_yr    lg_Pcntr    lg_L       lg_LZ     lg_Psurf    lg_Dsurf   C_core     C_cntr     Ne_cntr    Si_cntr    Z_avg     v_div_cs     dt_limit
__________________________________________________________________________________________________________________________________________________

save LOGS/profile1.data for model 2
         12   8.207068  1.596E+06   0.422373   0.422680   1.400000   1.400000   0.000000   0.000000   0.275200   0.032716  18.782540    782      0
  -5.834864   6.544453  -4.792968 -17.300136  -0.755568  -8.522879   0.000000   0.000000   0.000000   0.020000   0.012436 128.974929      6      0
 9.8181E-06  23.077272   0.179446  -2.727454  12.804639  -1.522785   0.000000   0.000000   0.000000   0.000687  9.548E-01 -0.112E-12      lgT_cntr

save LOGS/profile2.data for model 12
       retry log10(dt/yr), log10(dt), retry_factor     1    34       -5.396302        2.102809        0.500000
       retry log10(dt/yr), log10(dt), retry_factor     1    38       -5.396302        2.102809        0.500000
       retry log10(dt/yr), log10(dt), retry_factor     1    42       -5.396302        2.102809        0.500000
       retry log10(dt/yr), log10(dt), retry_factor     1    46       -5.396302        2.102809        0.500000
       retry log10(dt/yr), log10(dt), retry_factor     1    51       -5.095272        2.403839        0.500000
       retry log10(dt/yr), log10(dt), retry_factor     1    55       -5.095272        2.403839        0.500000
       retry log10(dt/yr), log10(dt), retry_factor     1    56       -5.396302        2.102809        0.500000
       retry log10(dt/yr), log10(dt), retry_factor     1    60       -5.396302        2.102809        0.500000
       retry log10(dt/yr), log10(dt), retry_factor     1    61       -5.697332        1.801779        0.500000
       retry log10(dt/yr), log10(dt), retry_factor     1    62       -5.998362        1.500749        0.500000
       retry log10(dt/yr), log10(dt), retry_factor     1    64       -6.299392        1.199719        0.500000
       retry log10(dt/yr), log10(dt), retry_factor     1    65       -6.600422        0.898689        0.500000
       retry log10(dt/yr), log10(dt), retry_factor     1    67       -6.901452        0.597659        0.500000
       retry log10(dt/yr), log10(dt), retry_factor     1    68       -7.202482        0.296629        0.500000
       retry log10(dt/yr), log10(dt), retry_factor     1    71       -7.503512       -0.004401        0.500000
       retry log10(dt/yr), log10(dt), retry_factor     1    72       -7.804542       -0.305431        0.500000
       retry log10(dt/yr), log10(dt), retry_factor     1    74       -8.105572       -0.606461        0.500000
       retry log10(dt/yr), log10(dt), retry_factor     1    78       -8.572056       -1.072945        0.500000
       retry log10(dt/yr), log10(dt), retry_factor     1   144       -8.648212       -1.149100        0.500000
       retry log10(dt/yr), log10(dt), retry_factor     2   144       -8.949242       -1.450130        0.500000
       retry log10(dt/yr), log10(dt), retry_factor     1   146       -9.444092       -1.944980        0.500000
       retry log10(dt/yr), log10(dt), retry_factor     1   152       -9.072720       -1.573609        0.500000
       retry log10(dt/yr), log10(dt), retry_factor     1   174       -8.947458       -1.448346        0.500000
       retry log10(dt/yr), log10(dt), retry_factor     1   175       -9.248488       -1.749376        0.500000
       retry log10(dt/yr), log10(dt), retry_factor     1   192       -7.347475        0.151637        0.500000
       retry log10(dt/yr), log10(dt), retry_factor     1   198       -7.689093       -0.189982        0.500000
       retry log10(dt/yr), log10(dt), retry_factor     2   198       -7.990123       -0.491012        0.500000
       retry log10(dt/yr), log10(dt), retry_factor     1   199       -8.365169       -0.866058        0.500000
hydro_newton_step failed to accept
       retry log10(dt/yr), log10(dt), retry_factor     2   199       -8.666199       -1.167088        0.500000
hydro_newton_step failed to accept
       retry log10(dt/yr), log10(dt), retry_factor     1   233       -7.914276       -0.415165        0.500000
       retry log10(dt/yr), log10(dt), retry_factor     1   235       -7.616863       -0.117752        0.500000
       retry log10(dt/yr), log10(dt), retry_factor     1   236       -7.917893       -0.418782        0.500000
hydro_newton_step failed to accept
       retry log10(dt/yr), log10(dt), retry_factor     1   286       -5.800203        1.698908        0.500000
       retry log10(dt/yr), log10(dt), retry_factor     1   290       -5.353775        2.145337        0.500000
hydro_newton_step failed to accept
       retry log10(dt/yr), log10(dt), retry_factor     2   290       -5.654805        1.844307        0.500000
 have reached retry limit so now backup
       retry log10(dt/yr), log10(dt), retry_factor     1   291       -6.052745        1.446367        0.500000
       retry log10(dt/yr), log10(dt), retry_factor     1   297       -5.624042        1.875069        0.500000
       retry log10(dt/yr), log10(dt), retry_factor     1   301       -5.702869        1.796243        0.500000
       retry log10(dt/yr), log10(dt), retry_factor     1   306       -5.536022        1.963090        0.500000
       retry log10(dt/yr), log10(dt), retry_factor     1   311       -5.325393        2.173718        0.500000
hydro_newton_step failed to accept
       retry log10(dt/yr), log10(dt), retry_factor     1   314       -5.820243        1.678868        0.500000
       retry log10(dt/yr), log10(dt), retry_factor     1   317       -5.426611        2.072500        0.500000
       retry log10(dt/yr), log10(dt), retry_factor     1   321       -5.491236        2.007875        0.500000
       retry log10(dt/yr), log10(dt), retry_factor     1   322       -5.792266        1.706845        0.500000
hydro_newton_step failed to accept
       retry log10(dt/yr), log10(dt), retry_factor     1   323       -6.190206        1.308905        0.500000
       retry log10(dt/yr), log10(dt), retry_factor     2   323       -6.491236        1.007875        0.500000
       retry log10(dt/yr), log10(dt), retry_factor     1   324       -6.792266        0.706845        0.500000
       retry log10(dt/yr), log10(dt), retry_factor     1   325       -7.093296        0.405815        0.500000
hydro_newton_step failed to accept
       retry log10(dt/yr), log10(dt), retry_factor     1   334       -5.848738        1.650374        0.500000
hydro_newton_step failed to accept
       retry log10(dt/yr), log10(dt), retry_factor     2   334       -6.149768        1.349344        0.500000
       retry log10(dt/yr), log10(dt), retry_factor     1   337       -6.012478        1.486633        0.500000
       retry log10(dt/yr), log10(dt), retry_factor     1   339       -6.313508        1.185603        0.500000
        339   8.434133  4.511E+06   1.949325   2.070183   1.400000   1.400000   0.000000   0.000000   0.275200   0.077390  11.969052    744     52
  -6.012478   6.606444  -4.792685   1.203920   1.151255  -8.522879   0.000000   0.000000   0.000000   0.020000   0.055851  80.187002      6      1
 5.8123E-04  23.180366   1.985289   1.098988  13.821761  -0.966866   0.000000   0.000000   0.000000   0.000687  8.668E-01  0.109E-13         retry

save LOGS/profile3.data for model 339
hydro_newton_step failed to accept
       retry log10(dt/yr), log10(dt), retry_factor     1   340       -6.711448        0.787663        0.500000
       retry log10(dt/yr), log10(dt), retry_factor     1   344       -6.567421        0.931691        0.500000
       retry log10(dt/yr), log10(dt), retry_factor     2   344       -6.868451        0.630661        0.500000
       retry log10(dt/yr), log10(dt), retry_factor     1   346       -7.169481        0.329631        0.500000
       retry log10(dt/yr), log10(dt), retry_factor     1   348       -7.470511        0.028601        0.500000
       retry log10(dt/yr), log10(dt), retry_factor     1   350       -7.800775       -0.301663        0.500000
       retry log10(dt/yr), log10(dt), retry_factor     2   350       -8.101805       -0.602693        0.500000
 have reached retry limit so now backup
       retry log10(dt/yr), log10(dt), retry_factor     1   355       -7.800775       -0.301663        0.500000
       retry log10(dt/yr), log10(dt), retry_factor     1   358       -8.101805       -0.602693        0.500000
       retry log10(dt/yr), log10(dt), retry_factor     1   359       -8.410307       -0.911196        0.500000
       retry log10(dt/yr), log10(dt), retry_factor     1   444       -7.463767        0.035344        0.500000
       retry log10(dt/yr), log10(dt), retry_factor     2   444       -7.764797       -0.265686        0.500000
 have reached retry limit so now backup
       retry log10(dt/yr), log10(dt), retry_factor     1   447       -8.065827       -0.566716        0.500000
       retry log10(dt/yr), log10(dt), retry_factor     2   447       -8.366857       -0.867746        0.500000
 have reached retry limit so now backup
       retry log10(dt/yr), log10(dt), retry_factor     1   449       -8.667887       -1.168776        0.500000
       retry log10(dt/yr), log10(dt), retry_factor     2   449       -8.968917       -1.469806        0.500000
 have reached retry limit so now backup
       retry log10(dt/yr), log10(dt), retry_factor     1   449       -9.269947       -1.770836        0.500000
hydro_newton_step failed to accept
       retry log10(dt/yr), log10(dt), retry_factor     1   460       -8.092047       -0.592935        0.500000
hydro_newton_step failed to accept
       retry log10(dt/yr), log10(dt), retry_factor     2   460       -8.393077       -0.893965        0.500000
 have reached retry limit so now backup
hydro_newton_step failed to accept
       retry log10(dt/yr), log10(dt), retry_factor     1   466       -8.051482       -0.552370        0.500000
hydro_newton_step failed to accept
       retry log10(dt/yr), log10(dt), retry_factor     1   468       -8.176278       -0.677166        0.500000
       retry log10(dt/yr), log10(dt), retry_factor     2   468       -8.477308       -0.978196        0.500000
 bad other yaxis for History panels plot num_zones

 ERROR: failed to find log_Teff in history data

 grid1/grid1_000500.png/png
       retry log10(dt/yr), log10(dt), retry_factor     1   505       -7.482867        0.016244        0.500000
       retry log10(dt/yr), log10(dt), retry_factor     1   511       -7.536307       -0.037195        0.500000
hydro_newton_step failed to accept
       retry log10(dt/yr), log10(dt), retry_factor     2   511       -7.837337       -0.338225        0.500000
       retry log10(dt/yr), log10(dt), retry_factor     1   553       -5.637852        1.861260        0.500000
       retry log10(dt/yr), log10(dt), retry_factor     2   553       -5.938882        1.560230        0.500000
       retry log10(dt/yr), log10(dt), retry_factor     1   558       -5.805209        1.693903        0.500000
       retry log10(dt/yr), log10(dt), retry_factor     1   559       -6.106239        1.392873        0.500000
       retry log10(dt/yr), log10(dt), retry_factor     2   559       -6.407269        1.091843        0.500000
       retry log10(dt/yr), log10(dt), retry_factor     1   567       -5.509354        1.989757        0.500000
       retry log10(dt/yr), log10(dt), retry_factor     2   567       -5.810384        1.688727        0.500000
       retry log10(dt/yr), log10(dt), retry_factor     1   573       -5.461119        2.037993        0.500000
       retry log10(dt/yr), log10(dt), retry_factor     1   576       -5.859059        1.640053        0.500000
       retry log10(dt/yr), log10(dt), retry_factor     1   577       -6.160089        1.339023        0.500000
       retry log10(dt/yr), log10(dt), retry_factor     1   578       -6.461119        1.037993        0.500000
       retry log10(dt/yr), log10(dt), retry_factor     1   586       -5.256999        2.242113        0.500000
       retry log10(dt/yr), log10(dt), retry_factor     2   586       -5.558029        1.941083        0.500000
 have reached retry limit so now backup
       retry log10(dt/yr), log10(dt), retry_factor     1   587       -6.052879        1.446233        0.500000
       retry log10(dt/yr), log10(dt), retry_factor     1   588       -6.353909        1.145203        0.500000
       retry log10(dt/yr), log10(dt), retry_factor     1   595       -5.636748        1.862364        0.500000
       retry log10(dt/yr), log10(dt), retry_factor     1   600       -5.539462        1.959649        0.500000
hydro_newton_step failed to accept
       retry log10(dt/yr), log10(dt), retry_factor     1   601       -5.937402        1.561709        0.500000
hydro_newton_step failed to accept
       retry log10(dt/yr), log10(dt), retry_factor     2   601       -6.238432        1.260679        0.500000
       retry log10(dt/yr), log10(dt), retry_factor     1   602       -6.539462        0.959649        0.500000
       retry log10(dt/yr), log10(dt), retry_factor     1   610       -5.555389        1.943722        0.500000
hydro_newton_step failed to accept
       retry log10(dt/yr), log10(dt), retry_factor     1   611       -5.953329        1.545782        0.500000
hydro_newton_step failed to accept
       retry log10(dt/yr), log10(dt), retry_factor     2   611       -6.254359        1.244752        0.500000
 have reached retry limit so now backup
hydro_newton_step failed to accept
       retry log10(dt/yr), log10(dt), retry_factor     1   615       -6.309687        1.189425        0.500000
       retry log10(dt/yr), log10(dt), retry_factor     1   618       -5.747788        1.751323        0.500000
       retry log10(dt/yr), log10(dt), retry_factor     1   620       -6.145728        1.353383        0.500000
       retry log10(dt/yr), log10(dt), retry_factor     2   620       -6.446758        1.052353        0.500000
       retry log10(dt/yr), log10(dt), retry_factor     1   625       -6.145728        1.353383        0.500000
       retry log10(dt/yr), log10(dt), retry_factor     1   626       -6.446758        1.052353        0.500000
hydro_newton_step failed to accept
       retry log10(dt/yr), log10(dt), retry_factor     1   628       -6.752986        0.746126        0.500000
       retry log10(dt/yr), log10(dt), retry_factor     2   628       -7.054016        0.445096        0.500000
 have reached retry limit so now backup
       retry log10(dt/yr), log10(dt), retry_factor     1   633       -6.752986        0.746126        0.500000
       retry log10(dt/yr), log10(dt), retry_factor     1   635       -7.054016        0.445096        0.500000
       retry log10(dt/yr), log10(dt), retry_factor     1   636       -7.451956        0.047156        0.500000
       retry log10(dt/yr), log10(dt), retry_factor     1   638       -7.752986       -0.253874        0.500000
       retry log10(dt/yr), log10(dt), retry_factor     1   642       -8.150926       -0.651814        0.500000
       retry log10(dt/yr), log10(dt), retry_factor     1   643       -8.471521       -0.972409        0.500000
       retry log10(dt/yr), log10(dt), retry_factor     1   650       -8.735052       -1.235940        0.500000
       retry log10(dt/yr), log10(dt), retry_factor     1   732       -7.418402        0.080709        0.500000
hydro_newton_step failed to accept
       retry log10(dt/yr), log10(dt), retry_factor     2   732       -7.719432       -0.220321        0.500000
       retry log10(dt/yr), log10(dt), retry_factor     1   736       -8.316426       -0.817314        0.500000
hydro_newton_step failed to accept
       retry log10(dt/yr), log10(dt), retry_factor     2   736       -8.617456       -1.118344        0.500000
       retry log10(dt/yr), log10(dt), retry_factor     1   742       -8.015396       -0.516284        0.500000
       retry log10(dt/yr), log10(dt), retry_factor     1   745       -8.316426       -0.817314        0.500000
hydro_newton_step failed to accept
       retry log10(dt/yr), log10(dt), retry_factor     2   745       -8.617456       -1.118344        0.500000
       retry log10(dt/yr), log10(dt), retry_factor     1   754       -7.827104       -0.327992        0.500000
       retry log10(dt/yr), log10(dt), retry_factor     1   778       -7.856497       -0.357385        0.500000
hydro_newton_step failed to accept
       retry log10(dt/yr), log10(dt), retry_factor     2   778       -8.157527       -0.658415        0.500000
 have reached retry limit so now backup
       retry log10(dt/yr), log10(dt), retry_factor     1   787       -7.575232       -0.076121        0.500000
       retry log10(dt/yr), log10(dt), retry_factor     2   787       -7.876262       -0.377151        0.500000
 have reached retry limit so now backup
       retry log10(dt/yr), log10(dt), retry_factor     1   794       -7.487618        0.011494        0.500000
       retry log10(dt/yr), log10(dt), retry_factor     2   794       -7.788648       -0.289536        0.500000
 have reached retry limit so now backup
       retry log10(dt/yr), log10(dt), retry_factor     1   842       -5.313912        2.185199        0.500000
       retry log10(dt/yr), log10(dt), retry_factor     1   844       -5.711852        1.787259        0.500000
       retry log10(dt/yr), log10(dt), retry_factor     2   844       -6.012882        1.486229        0.500000
       retry log10(dt/yr), log10(dt), retry_factor     1   845       -6.313912        1.185199        0.500000
       retry log10(dt/yr), log10(dt), retry_factor     1   852       -5.539438        1.959674        0.500000
       retry log10(dt/yr), log10(dt), retry_factor     1   857       -5.489064        2.010048        0.500000
       retry log10(dt/yr), log10(dt), retry_factor     1   858       -5.887004        1.612108        0.500000
       retry log10(dt/yr), log10(dt), retry_factor     1   859       -6.188034        1.311078        0.500000
       retry log10(dt/yr), log10(dt), retry_factor     1   866       -5.484575        2.014537        0.500000
       retry log10(dt/yr), log10(dt), retry_factor     1   870       -5.550503        1.948608        0.500000
       retry log10(dt/yr), log10(dt), retry_factor     1   875       -5.587844        1.911268        0.500000
       retry log10(dt/yr), log10(dt), retry_factor     1   879       -5.723056        1.776055        0.500000
       retry log10(dt/yr), log10(dt), retry_factor     1   884       -5.602320        1.896792        0.500000
       retry log10(dt/yr), log10(dt), retry_factor     2   884       -5.903350        1.595762        0.500000
 have reached retry limit so now backup
hydro_newton_step failed to accept
       retry log10(dt/yr), log10(dt), retry_factor     1   886       -6.301290        1.197822        0.500000
       retry log10(dt/yr), log10(dt), retry_factor     1   891       -5.886162        1.612950        0.500000
       retry log10(dt/yr), log10(dt), retry_factor     2   891       -6.187192        1.311920        0.500000
hydro_newton_step failed to accept
       retry log10(dt/yr), log10(dt), retry_factor     1   892       -6.585132        0.913980        0.500000
       retry log10(dt/yr), log10(dt), retry_factor     1   893       -6.983072        0.516040        0.500000
       retry log10(dt/yr), log10(dt), retry_factor     1   894       -7.284102        0.215010        0.500000
       retry log10(dt/yr), log10(dt), retry_factor     1   901       -6.381012        1.118100        0.500000
       retry log10(dt/yr), log10(dt), retry_factor     1   903       -6.682042        0.817070        0.500000
       retry log10(dt/yr), log10(dt), retry_factor     1   904       -6.983072        0.516040        0.500000
       retry log10(dt/yr), log10(dt), retry_factor     1   905       -7.284102        0.215010        0.500000
       retry log10(dt/yr), log10(dt), retry_factor     1   906       -7.585132       -0.086020        0.500000
       retry log10(dt/yr), log10(dt), retry_factor     1   909       -7.886162       -0.387050        0.500000
       retry log10(dt/yr), log10(dt), retry_factor     1   914       -8.247046       -0.747935        0.500000
       retry log10(dt/yr), log10(dt), retry_factor     1   915       -8.564965       -1.065854        0.500000
       retry log10(dt/yr), log10(dt), retry_factor     1   943       -9.104012       -1.604901        0.500000
hydro_newton_step failed to accept
       retry log10(dt/yr), log10(dt), retry_factor     1   947       -9.197616       -1.698504        0.500000
       retry log10(dt/yr), log10(dt), retry_factor     1   998       -7.280385        0.218726        0.500000
       retry log10(dt/yr), log10(dt), retry_factor     2   998       -7.581415       -0.082304        0.500000
 have reached retry limit so now backup
       retry log10(dt/yr), log10(dt), retry_factor     1   999       -7.882445       -0.383334        0.500000
       retry log10(dt/yr), log10(dt), retry_factor     2   999       -8.183475       -0.684364        0.500000
 have reached retry limit so now backup
       1000   8.952832  1.672E+07   2.941579   5.700612   1.400000   1.400000   0.000000   0.000000   0.275200   0.037245   3.122112   1022    163
  -7.882445   6.586688  -4.791482   2.568162   3.636348  -8.522879   0.000000   0.000000   0.000000   0.020000   0.027889  23.923201      6     15
 1.1160E-03  23.258623   4.262976   5.699534  14.686017  -0.891439   0.000000   0.000000   0.000000   0.000687  9.349E-01  0.780E-10          hold

save LOGS/profile4.data for model 1000
save photos/1000 for model 1000
 bad other yaxis for History panels plot num_zones

 ERROR: failed to find log_Teff in history data

 grid1/grid1_001000.png/png
       retry log10(dt/yr), log10(dt), retry_factor     1  1001       -8.484505       -0.985394        0.500000
       retry log10(dt/yr), log10(dt), retry_factor     2  1001       -8.785535       -1.286424        0.500000
 have reached retry limit so now backup
       1000   8.952848  1.674E+07   2.945579   5.707546   1.400000   1.400000   0.000000   0.000000   0.275200   0.037393   3.121935   1022    165
  -8.484505   6.586682  -4.791477   2.571157   3.639375  -8.522879   0.000000   0.000000   0.000000   0.020000   0.027961  23.922228      6     16
 1.1160E-03  23.258621   4.265108   5.706476  14.686943  -0.891863   0.000000   0.000000   0.000000   0.000687  9.346E-01 -0.130E-11        backup

save LOGS/profile4.data for model 1000
save photos/1000 for model 1000
 bad other yaxis for History panels plot num_zones

 ERROR: failed to find log_Teff in history data

 grid1/grid1_001000.png/png
       retry log10(dt/yr), log10(dt), retry_factor     1  1002       -9.086565       -1.587454        0.500000
       retry log10(dt/yr), log10(dt), retry_factor     2  1002       -9.387595       -1.888484        0.500000
 have reached retry limit so now backup
       retry log10(dt/yr), log10(dt), retry_factor     1  1003       -9.688625       -2.189514        0.500000
       retry log10(dt/yr), log10(dt), retry_factor     2  1003       -9.989655       -2.490544        0.500000
 have reached retry limit so now backup
       retry log10(dt/yr), log10(dt), retry_factor     1  1005      -10.290685       -2.791574        0.500000
       retry log10(dt/yr), log10(dt), retry_factor     2  1005      -10.591715       -3.092604        0.500000
 have reached retry limit so now backup
hydro_newton_step failed to accept
       retry log10(dt/yr), log10(dt), retry_factor     1  1023       -7.439655        0.059456        0.500000
       retry log10(dt/yr), log10(dt), retry_factor     2  1023       -7.740685       -0.241574        0.500000
       retry log10(dt/yr), log10(dt), retry_factor     1  1030       -7.994787       -0.495676        0.500000
       retry log10(dt/yr), log10(dt), retry_factor     1  1050       -7.928911       -0.429799        0.500000
       retry log10(dt/yr), log10(dt), retry_factor     1  1054       -7.928911       -0.429799        0.500000
       retry log10(dt/yr), log10(dt), retry_factor     1  1063       -7.649726       -0.150615        0.500000
       retry log10(dt/yr), log10(dt), retry_factor     2  1063       -7.950756       -0.451645        0.500000
 have reached retry limit so now backup
       retry log10(dt/yr), log10(dt), retry_factor     1  1069       -7.348696        0.150415        0.500000
       retry log10(dt/yr), log10(dt), retry_factor     2  1069       -7.649726       -0.150615        0.500000
       retry log10(dt/yr), log10(dt), retry_factor     1  1071       -7.950756       -0.451645        0.500000
       retry log10(dt/yr), log10(dt), retry_factor     2  1071       -8.251786       -0.752675        0.500000
 have reached retry limit so now backup
       retry log10(dt/yr), log10(dt), retry_factor     1  1080       -7.469059        0.030053        0.500000
       retry log10(dt/yr), log10(dt), retry_factor     2  1080       -7.770089       -0.270977        0.500000
       retry log10(dt/yr), log10(dt), retry_factor     1  1124       -5.843788        1.655323        0.500000
       retry log10(dt/yr), log10(dt), retry_factor     1  1129       -5.683062        1.816049        0.500000
       retry log10(dt/yr), log10(dt), retry_factor     1  1135       -5.398724        2.100388        0.500000
       retry log10(dt/yr), log10(dt), retry_factor     1  1138       -5.796664        1.702448        0.500000
       retry log10(dt/yr), log10(dt), retry_factor     1  1139       -6.097694        1.401418        0.500000
       retry log10(dt/yr), log10(dt), retry_factor     1  1147       -5.346669        2.152442        0.500000
hydro_newton_step failed to accept
       retry log10(dt/yr), log10(dt), retry_factor     1  1151       -5.841519        1.657592        0.500000
       retry log10(dt/yr), log10(dt), retry_factor     1  1152       -6.239459        1.259652        0.500000
       retry log10(dt/yr), log10(dt), retry_factor     1  1153       -6.540489        0.958622        0.500000
       retry log10(dt/yr), log10(dt), retry_factor     1  1160       -5.637399        1.861712        0.500000
       retry log10(dt/yr), log10(dt), retry_factor     1  1164       -5.637399        1.861712        0.500000
       retry log10(dt/yr), log10(dt), retry_factor     1  1165       -5.938429        1.560682        0.500000
hydro_newton_step failed to accept
       retry log10(dt/yr), log10(dt), retry_factor     1  1166       -6.336369        1.162742        0.500000
       retry log10(dt/yr), log10(dt), retry_factor     1  1167       -6.637399        0.861712        0.500000
       retry log10(dt/yr), log10(dt), retry_factor     2  1167       -6.938429        0.560682        0.500000
       retry log10(dt/yr), log10(dt), retry_factor     1  1176       -5.699785        1.799326        0.500000
hydro_newton_step failed to accept
       retry log10(dt/yr), log10(dt), retry_factor     2  1176       -6.000815        1.498296        0.500000
hydro_newton_step failed to accept
       retry log10(dt/yr), log10(dt), retry_factor     1  1177       -6.398755        1.100356        0.500000
hydro_newton_step failed to accept
       retry log10(dt/yr), log10(dt), retry_factor     1  1180       -6.458504        1.040607        0.500000
hydro_newton_step failed to accept
       retry log10(dt/yr), log10(dt), retry_factor     1  1181       -6.499949        0.999163        0.500000
       retry log10(dt/yr), log10(dt), retry_factor     2  1181       -6.800979        0.698133        0.500000
       retry log10(dt/yr), log10(dt), retry_factor     1  1188       -5.897889        1.601223        0.500000
       retry log10(dt/yr), log10(dt), retry_factor     1  1189       -6.198919        1.300193        0.500000
       retry log10(dt/yr), log10(dt), retry_factor     2  1189       -6.499949        0.999163        0.500000
hydro_newton_step failed to accept
       retry log10(dt/yr), log10(dt), retry_factor     1  1190       -6.897889        0.601223        0.500000
       retry log10(dt/yr), log10(dt), retry_factor     1  1194       -6.682531        0.816581        0.500000
       retry log10(dt/yr), log10(dt), retry_factor     1  1196       -6.983561        0.515551        0.500000
       retry log10(dt/yr), log10(dt), retry_factor     1  1198       -7.284591        0.214521        0.500000
       retry log10(dt/yr), log10(dt), retry_factor     1  1200       -7.585621       -0.086509        0.500000
       retry log10(dt/yr), log10(dt), retry_factor     1  1202       -7.983561       -0.484449        0.500000
       retry log10(dt/yr), log10(dt), retry_factor     1  1203       -8.284591       -0.785479        0.500000
       retry log10(dt/yr), log10(dt), retry_factor     2  1203       -8.585621       -1.086509        0.500000
       retry log10(dt/yr), log10(dt), retry_factor     1  1215       -8.687247       -1.188135        0.500000
       retry log10(dt/yr), log10(dt), retry_factor     1  1243       -9.157157       -1.658045        0.500000
hydro_newton_step failed to accept
       retry log10(dt/yr), log10(dt), retry_factor     2  1243       -9.458187       -1.959075        0.500000
 have reached retry limit so now backup
       retry log10(dt/yr), log10(dt), retry_factor     1  1249       -9.050327       -1.551216        0.500000
       retry log10(dt/yr), log10(dt), retry_factor     1  1293       -7.268982        0.230129        0.500000
       retry log10(dt/yr), log10(dt), retry_factor     2  1293       -7.570012       -0.070901        0.500000
 have reached retry limit so now backup
       retry log10(dt/yr), log10(dt), retry_factor     1  1294       -7.871042       -0.371931        0.500000
       retry log10(dt/yr), log10(dt), retry_factor     2  1294       -8.172072       -0.672961        0.500000
 have reached retry limit so now backup
       retry log10(dt/yr), log10(dt), retry_factor     1  1295       -8.473102       -0.973991        0.500000
       retry log10(dt/yr), log10(dt), retry_factor     2  1295       -8.774132       -1.275021        0.500000
 have reached retry limit so now backup
       retry log10(dt/yr), log10(dt), retry_factor     1  1298       -9.075162       -1.576051        0.500000
       retry log10(dt/yr), log10(dt), retry_factor     2  1298       -9.376192       -1.877081        0.500000
       retry log10(dt/yr), log10(dt), retry_factor     1  1299       -9.677222       -2.178111        0.500000
       retry log10(dt/yr), log10(dt), retry_factor     1  1312       -7.617070       -0.117959        0.500000
       retry log10(dt/yr), log10(dt), retry_factor     2  1312       -7.918100       -0.418989        0.500000
 have reached retry limit so now backup
       retry log10(dt/yr), log10(dt), retry_factor     1  1316       -8.445877       -0.946766        0.500000
hydro_newton_step failed to accept
       retry log10(dt/yr), log10(dt), retry_factor     1  1317       -8.746907       -1.247796        0.500000
hydro_newton_step failed to accept
       retry log10(dt/yr), log10(dt), retry_factor     1  1337       -7.811810       -0.312698        0.500000
       retry log10(dt/yr), log10(dt), retry_factor     2  1337       -8.112840       -0.613728        0.500000
 have reached retry limit so now backup
       retry log10(dt/yr), log10(dt), retry_factor     1  1355       -7.855440       -0.356329        0.500000
       retry log10(dt/yr), log10(dt), retry_factor     1  1364       -7.588607       -0.089496        0.500000
       retry log10(dt/yr), log10(dt), retry_factor     2  1364       -7.889637       -0.390526        0.500000
 have reached retry limit so now backup
       retry log10(dt/yr), log10(dt), retry_factor     1  1370       -7.679092       -0.179981        0.500000
       retry log10(dt/yr), log10(dt), retry_factor     2  1370       -7.980122       -0.481011        0.500000
       retry log10(dt/yr), log10(dt), retry_factor     1  1376       -7.378062        0.121049        0.500000
       retry log10(dt/yr), log10(dt), retry_factor     2  1376       -7.679092       -0.179981        0.500000
       retry log10(dt/yr), log10(dt), retry_factor     1  1381       -7.378062        0.121049        0.500000
       retry log10(dt/yr), log10(dt), retry_factor     2  1381       -7.679092       -0.179981        0.500000
       retry log10(dt/yr), log10(dt), retry_factor     1  1383       -7.980122       -0.481011        0.500000
       retry log10(dt/yr), log10(dt), retry_factor     2  1383       -8.281152       -0.782041        0.500000
       retry log10(dt/yr), log10(dt), retry_factor     1  1430       -5.631198        1.867914        0.500000
       retry log10(dt/yr), log10(dt), retry_factor     1  1431       -5.932228        1.566884        0.500000
       retry log10(dt/yr), log10(dt), retry_factor     2  1431       -6.233258        1.265854        0.500000
       retry log10(dt/yr), log10(dt), retry_factor     1  1438       -5.519479        1.979632        0.500000
       retry log10(dt/yr), log10(dt), retry_factor     2  1438       -5.820509        1.678602        0.500000
 have reached retry limit so now backup
       retry log10(dt/yr), log10(dt), retry_factor     1  1444       -5.561474        1.937638        0.500000
       retry log10(dt/yr), log10(dt), retry_factor     1  1449       -5.260444        2.238668        0.500000
hydro_newton_step failed to accept
       retry log10(dt/yr), log10(dt), retry_factor     2  1449       -5.561474        1.937638        0.500000
 have reached retry limit so now backup
       retry log10(dt/yr), log10(dt), retry_factor     1  1450       -5.959414        1.539698        0.500000
hydro_newton_step failed to accept
       retry log10(dt/yr), log10(dt), retry_factor     2  1450       -6.260444        1.238668        0.500000
       retry log10(dt/yr), log10(dt), retry_factor     1  1451       -6.561474        0.937638        0.500000
       retry log10(dt/yr), log10(dt), retry_factor     1  1459       -5.497854        2.001257        0.500000
       retry log10(dt/yr), log10(dt), retry_factor     1  1464       -5.436343        2.062769        0.500000
       retry log10(dt/yr), log10(dt), retry_factor     1  1465       -5.834283        1.664829        0.500000
       retry log10(dt/yr), log10(dt), retry_factor     1  1466       -6.232223        1.266889        0.500000
       retry log10(dt/yr), log10(dt), retry_factor     1  1467       -6.533253        0.965859        0.500000
       retry log10(dt/yr), log10(dt), retry_factor     1  1475       -5.488903        2.010209        0.500000
hydro_newton_step failed to accept
       retry log10(dt/yr), log10(dt), retry_factor     1  1476       -5.886843        1.612269        0.500000
       retry log10(dt/yr), log10(dt), retry_factor     1  1478       -6.317493        1.181619        0.500000
       retry log10(dt/yr), log10(dt), retry_factor     1  1479       -6.618523        0.880589        0.500000
       retry log10(dt/yr), log10(dt), retry_factor     1  1487       -5.616831        1.882281        0.500000
hydro_newton_step failed to accept
       retry log10(dt/yr), log10(dt), retry_factor     1  1488       -6.014771        1.484341        0.500000
hydro_newton_step failed to accept
       retry log10(dt/yr), log10(dt), retry_factor     2  1488       -6.315801        1.183311        0.500000
       retry log10(dt/yr), log10(dt), retry_factor     1  1489       -6.616831        0.882281        0.500000
       retry log10(dt/yr), log10(dt), retry_factor     2  1489       -6.917861        0.581251        0.500000
hydro_newton_step failed to accept
       retry log10(dt/yr), log10(dt), retry_factor     1  1497       -5.977935        1.521176        0.500000
hydro_newton_step failed to accept
       retry log10(dt/yr), log10(dt), retry_factor     2  1497       -6.278965        1.220146        0.500000
 bad other yaxis for History panels plot num_zones

 ERROR: failed to find log_Teff in history data

 grid1/grid1_001500.png/png
       retry log10(dt/yr), log10(dt), retry_factor     1  1501       -5.857201        1.641910        0.500000
       retry log10(dt/yr), log10(dt), retry_factor     1  1502       -6.158231        1.340880        0.500000
       retry log10(dt/yr), log10(dt), retry_factor     1  1504       -6.459261        1.039850        0.500000
hydro_newton_step failed to accept
       retry log10(dt/yr), log10(dt), retry_factor     1  1505       -6.857201        0.641910        0.500000
hydro_newton_step failed to accept
       retry log10(dt/yr), log10(dt), retry_factor     2  1505       -7.158231        0.340880        0.500000
       retry log10(dt/yr), log10(dt), retry_factor     1  1509       -6.857201        0.641910        0.500000
hydro_newton_step failed to accept
       retry log10(dt/yr), log10(dt), retry_factor     2  1509       -7.158231        0.340880        0.500000
       retry log10(dt/yr), log10(dt), retry_factor     1  1512       -7.459261        0.039850        0.500000
       retry log10(dt/yr), log10(dt), retry_factor     1  1513       -7.760291       -0.261180        0.500000
       retry log10(dt/yr), log10(dt), retry_factor     1  1517       -7.938674       -0.439562        0.500000
       retry log10(dt/yr), log10(dt), retry_factor     1  1518       -8.316647       -0.817536        0.500000
       retry log10(dt/yr), log10(dt), retry_factor     1  1519       -8.617677       -1.118566        0.500000
       retry log10(dt/yr), log10(dt), retry_factor     1  1599       -7.187159        0.311952        0.500000
       retry log10(dt/yr), log10(dt), retry_factor     2  1599       -7.488189        0.010922        0.500000
 have reached retry limit so now backup
       retry log10(dt/yr), log10(dt), retry_factor     1  1600       -7.789219       -0.290108        0.500000
       retry log10(dt/yr), log10(dt), retry_factor     2  1600       -8.090249       -0.591138        0.500000
 have reached retry limit so now backup
       retry log10(dt/yr), log10(dt), retry_factor     1  1602       -8.391279       -0.892168        0.500000
       retry log10(dt/yr), log10(dt), retry_factor     2  1602       -8.692309       -1.193198        0.500000
 have reached retry limit so now backup
       retry log10(dt/yr), log10(dt), retry_factor     1  1604       -8.993339       -1.494228        0.500000
       retry log10(dt/yr), log10(dt), retry_factor     2  1604       -9.294369       -1.795258        0.500000
 have reached retry limit so now backup
       retry log10(dt/yr), log10(dt), retry_factor     1  1606       -9.595399       -2.096288        0.500000
       retry log10(dt/yr), log10(dt), retry_factor     2  1606       -9.896429       -2.397318        0.500000
 have reached retry limit so now backup
       retry log10(dt/yr), log10(dt), retry_factor     1  1606      -10.197459       -2.698348        0.500000
       retry log10(dt/yr), log10(dt), retry_factor     2  1606      -10.498489       -2.999378        0.500000
 have reached retry limit so now backup
       retry log10(dt/yr), log10(dt), retry_factor     1  1609      -10.799519       -3.300408        0.500000
       retry log10(dt/yr), log10(dt), retry_factor     2  1609      -11.100549       -3.601438        0.500000
       retry log10(dt/yr), log10(dt), retry_factor     1  1629       -7.547969       -0.048857        0.500000
hydro_newton_step failed to accept
       retry log10(dt/yr), log10(dt), retry_factor     2  1629       -7.848999       -0.349887        0.500000
hydro_newton_step failed to accept
       retry log10(dt/yr), log10(dt), retry_factor     1  1631       -8.343849       -0.844737        0.500000
hydro_newton_step failed to accept
       retry log10(dt/yr), log10(dt), retry_factor     2  1631       -8.644879       -1.145767        0.500000
hydro_newton_step failed to accept
       retry log10(dt/yr), log10(dt), retry_factor     1  1638       -8.316963       -0.817851        0.500000
hydro_newton_step failed to accept
       retry log10(dt/yr), log10(dt), retry_factor     2  1638       -8.617993       -1.118881        0.500000
       retry log10(dt/yr), log10(dt), retry_factor     1  1673       -7.653916       -0.154804        0.500000
       retry log10(dt/yr), log10(dt), retry_factor     2  1673       -7.954946       -0.455834        0.500000
 have reached retry limit so now backup
       retry log10(dt/yr), log10(dt), retry_factor     1  1683       -7.400082        0.099029        0.500000
       retry log10(dt/yr), log10(dt), retry_factor     2  1683       -7.701112       -0.202001        0.500000
 have reached retry limit so now backup
       retry log10(dt/yr), log10(dt), retry_factor     1  1690       -7.472061        0.027051        0.500000
       retry log10(dt/yr), log10(dt), retry_factor     2  1690       -7.773091       -0.273979        0.500000
 have reached retry limit so now backup
       retry log10(dt/yr), log10(dt), retry_factor     1  1691       -8.074121       -0.575009        0.500000
       retry log10(dt/yr), log10(dt), retry_factor     2  1691       -8.375151       -0.876039        0.500000
       retry log10(dt/yr), log10(dt), retry_factor     1  1740       -5.409156        2.089955        0.500000
hydro_newton_step failed to accept
       retry log10(dt/yr), log10(dt), retry_factor     2  1740       -5.710186        1.788925        0.500000
 have reached retry limit so now backup
       retry log10(dt/yr), log10(dt), retry_factor     1  1746       -5.464550        2.034561        0.500000
       retry log10(dt/yr), log10(dt), retry_factor     2  1746       -5.765580        1.733531        0.500000
 have reached retry limit so now backup
       retry log10(dt/yr), log10(dt), retry_factor     1  1748       -6.066610        1.432501        0.500000
       retry log10(dt/yr), log10(dt), retry_factor     1  1754       -5.610276        1.888836        0.500000
       retry log10(dt/yr), log10(dt), retry_factor     1  1755       -6.008216        1.490896        0.500000
       retry log10(dt/yr), log10(dt), retry_factor     1  1756       -6.309246        1.189866        0.500000
       retry log10(dt/yr), log10(dt), retry_factor     1  1763       -5.623254        1.875857        0.500000
       retry log10(dt/yr), log10(dt), retry_factor     1  1768       -5.549560        1.949552        0.500000
       retry log10(dt/yr), log10(dt), retry_factor     1  1772       -5.589783        1.909328        0.500000
       retry log10(dt/yr), log10(dt), retry_factor     1  1776       -5.701866        1.797245        0.500000
       retry log10(dt/yr), log10(dt), retry_factor     1  1781       -5.603976        1.895136        0.500000
hydro_newton_step failed to accept
       retry log10(dt/yr), log10(dt), retry_factor     1  1786       -5.752516        1.746595        0.500000
hydro_newton_step failed to accept
       retry log10(dt/yr), log10(dt), retry_factor     2  1786       -6.053546        1.445565        0.500000
 have reached retry limit so now backup
       retry log10(dt/yr), log10(dt), retry_factor     1  1790       -6.053546        1.445565        0.500000
hydro_newton_step failed to accept
       retry log10(dt/yr), log10(dt), retry_factor     1  1791       -6.354576        1.144535        0.500000
       retry log10(dt/yr), log10(dt), retry_factor     1  1796       -5.838562        1.660550        0.500000
       retry log10(dt/yr), log10(dt), retry_factor     1  1798       -6.139592        1.359520        0.500000
       retry log10(dt/yr), log10(dt), retry_factor     1  1799       -6.537532        0.961580        0.500000
hydro_newton_step failed to accept
       retry log10(dt/yr), log10(dt), retry_factor     2  1799       -6.838562        0.660550        0.500000
       retry log10(dt/yr), log10(dt), retry_factor     1  1805       -6.313373        1.185739        0.500000
hydro_newton_step failed to accept
       retry log10(dt/yr), log10(dt), retry_factor     2  1805       -6.614403        0.884709        0.500000
hydro_newton_step failed to accept
       retry log10(dt/yr), log10(dt), retry_factor     1  1807       -6.915433        0.583679        0.500000
       retry log10(dt/yr), log10(dt), retry_factor     1  1809       -6.915433        0.583679        0.500000
       retry log10(dt/yr), log10(dt), retry_factor     1  1810       -7.216463        0.282649        0.500000
       retry log10(dt/yr), log10(dt), retry_factor     1  1811       -7.517493       -0.018381        0.500000
       retry log10(dt/yr), log10(dt), retry_factor     1  1814       -7.818523       -0.319411        0.500000
       retry log10(dt/yr), log10(dt), retry_factor     1  1815       -8.216463       -0.717351        0.500000
       retry log10(dt/yr), log10(dt), retry_factor     1  1816       -8.614403       -1.115291        0.500000
       retry log10(dt/yr), log10(dt), retry_factor     2  1816       -8.915433       -1.416321        0.500000
hydro_newton_step failed to accept
       retry log10(dt/yr), log10(dt), retry_factor     1  1851       -9.273488       -1.774377        0.500000
       retry log10(dt/yr), log10(dt), retry_factor     2  1851       -9.574518       -2.075407        0.500000
 have reached retry limit so now backup
       retry log10(dt/yr), log10(dt), retry_factor     1  1862       -9.173844       -1.674732        0.500000
       retry log10(dt/yr), log10(dt), retry_factor     1  1905       -7.212602        0.286509        0.500000
       retry log10(dt/yr), log10(dt), retry_factor     1  1907       -7.707452       -0.208341        0.500000
       retry log10(dt/yr), log10(dt), retry_factor     2  1907       -8.008482       -0.509371        0.500000
 have reached retry limit so now backup
hydro_newton_step failed to accept
       retry log10(dt/yr), log10(dt), retry_factor     1  1911       -8.227903       -0.728792        0.500000
hydro_newton_step failed to accept
       retry log10(dt/yr), log10(dt), retry_factor     2  1911       -8.528933       -1.029822        0.500000
       retry log10(dt/yr), log10(dt), retry_factor     1  1913       -8.227903       -0.728792        0.500000
       retry log10(dt/yr), log10(dt), retry_factor     1  1919       -7.625843       -0.126732        0.500000
       retry log10(dt/yr), log10(dt), retry_factor     2  1919       -7.926873       -0.427762        0.500000
       retry log10(dt/yr), log10(dt), retry_factor     1  1949       -7.924063       -0.424952        0.500000
       retry log10(dt/yr), log10(dt), retry_factor     2  1949       -8.225093       -0.725982        0.500000
 have reached retry limit so now backup
       retry log10(dt/yr), log10(dt), retry_factor     1  1961       -7.478719        0.020393        0.500000
       retry log10(dt/yr), log10(dt), retry_factor     1  1965       -7.478719        0.020393        0.500000
       retry log10(dt/yr), log10(dt), retry_factor     2  1965       -7.779749       -0.280637        0.500000
 have reached retry limit so now backup
       2000   8.479114  4.153E+06   1.288235   1.517022   1.400000   1.400000   0.000000   0.000000   0.275200   0.017141  12.492777   1187    360
  -5.898232   6.723394  -4.792728  -1.071913   0.959233  -8.522879   0.000000   0.000000   0.000000   0.020000   0.016770  79.087199      6     46
 1.9352E-03  23.356712   1.841299   1.126544  13.728419  -1.023082   0.000000   0.000000   0.000000   0.000687  9.661E-01 -0.408E-14      lgT_cntr

save LOGS/profile5.data for model 2000
save photos/2000 for model 2000
 bad other yaxis for History panels plot num_zones

 ERROR: failed to find log_Teff in history data

 grid1/grid1_002000.png/png
       retry log10(dt/yr), log10(dt), retry_factor     1  2007       -6.147933        1.351179        0.500000
       retry log10(dt/yr), log10(dt), retry_factor     1  2013       -5.545873        1.953239        0.500000
hydro_newton_step failed to accept
       retry log10(dt/yr), log10(dt), retry_factor     1  2015       -5.846903        1.652209        0.500000
       retry log10(dt/yr), log10(dt), retry_factor     2  2015       -6.147933        1.351179        0.500000
       retry log10(dt/yr), log10(dt), retry_factor     1  2022       -5.244843        2.254269        0.500000
       retry log10(dt/yr), log10(dt), retry_factor     2  2022       -5.545873        1.953239        0.500000
 have reached retry limit so now backup
       retry log10(dt/yr), log10(dt), retry_factor     1  2023       -6.040723        1.458389        0.500000
       retry log10(dt/yr), log10(dt), retry_factor     1  2024       -6.341753        1.157359        0.500000
       retry log10(dt/yr), log10(dt), retry_factor     1  2032       -5.369020        2.130092        0.500000
       retry log10(dt/yr), log10(dt), retry_factor     2  2032       -5.670050        1.829062        0.500000
 have reached retry limit so now backup
       retry log10(dt/yr), log10(dt), retry_factor     1  2038       -5.545455        1.953657        0.500000
       retry log10(dt/yr), log10(dt), retry_factor     2  2038       -5.846485        1.652627        0.500000
 have reached retry limit so now backup
       retry log10(dt/yr), log10(dt), retry_factor     1  2044       -5.421142        2.077970        0.500000
       retry log10(dt/yr), log10(dt), retry_factor     1  2049       -5.204244        2.294868        0.500000
       retry log10(dt/yr), log10(dt), retry_factor     2  2049       -5.505274        1.993838        0.500000
 have reached retry limit so now backup
hydro_newton_step failed to accept
       retry log10(dt/yr), log10(dt), retry_factor     1  2050       -6.000124        1.498988        0.500000
       retry log10(dt/yr), log10(dt), retry_factor     1  2051       -6.354145        1.144966        0.500000
       retry log10(dt/yr), log10(dt), retry_factor     2  2051       -6.655175        0.843936        0.500000
       retry log10(dt/yr), log10(dt), retry_factor     1  2059       -5.451055        2.048056        0.500000
       retry log10(dt/yr), log10(dt), retry_factor     1  2060       -5.752085        1.747026        0.500000
       retry log10(dt/yr), log10(dt), retry_factor     1  2062       -6.208724        1.290388        0.500000
       retry log10(dt/yr), log10(dt), retry_factor     2  2062       -6.509754        0.989358        0.500000
 have reached retry limit so now backup
       retry log10(dt/yr), log10(dt), retry_factor     1  2066       -6.521064        0.978047        0.500000
       retry log10(dt/yr), log10(dt), retry_factor     1  2067       -6.822094        0.677017        0.500000
       retry log10(dt/yr), log10(dt), retry_factor     1  2075       -5.617974        1.881137        0.500000
       retry log10(dt/yr), log10(dt), retry_factor     1  2076       -5.919004        1.580107        0.500000
       retry log10(dt/yr), log10(dt), retry_factor     1  2081       -5.865580        1.633532        0.500000
hydro_newton_step failed to accept
       retry log10(dt/yr), log10(dt), retry_factor     1  2082       -6.263520        1.235592        0.500000
hydro_newton_step failed to accept
       retry log10(dt/yr), log10(dt), retry_factor     2  2082       -6.564550        0.934562        0.500000
       retry log10(dt/yr), log10(dt), retry_factor     1  2083       -6.865580        0.633532        0.500000
       retry log10(dt/yr), log10(dt), retry_factor     2  2083       -7.166610        0.332502        0.500000
       retry log10(dt/yr), log10(dt), retry_factor     1  2091       -6.098272        1.400839        0.500000
       retry log10(dt/yr), log10(dt), retry_factor     1  2092       -6.414213        1.084899        0.500000
       retry log10(dt/yr), log10(dt), retry_factor     1  2093       -6.812153        0.686959        0.500000
       retry log10(dt/yr), log10(dt), retry_factor     1  2094       -7.113183        0.385929        0.500000
       retry log10(dt/yr), log10(dt), retry_factor     2  2094       -7.414213        0.084899        0.500000
hydro_newton_step failed to accept
       retry log10(dt/yr), log10(dt), retry_factor     1  2099       -7.264393        0.234719        0.500000
       retry log10(dt/yr), log10(dt), retry_factor     1  2100       -7.324204        0.174907        0.500000
       retry log10(dt/yr), log10(dt), retry_factor     2  2100       -7.625234       -0.126123        0.500000
       retry log10(dt/yr), log10(dt), retry_factor     1  2105       -7.324204        0.174907        0.500000
       retry log10(dt/yr), log10(dt), retry_factor     1  2107       -7.625234       -0.126123        0.500000
       retry log10(dt/yr), log10(dt), retry_factor     1  2109       -7.926264       -0.427153        0.500000
       retry log10(dt/yr), log10(dt), retry_factor     1  2112       -8.358521       -0.859409        0.500000
       retry log10(dt/yr), log10(dt), retry_factor     1  2144       -9.217619       -1.718507        0.500000
       retry log10(dt/yr), log10(dt), retry_factor     1  2202       -7.566367       -0.067256        0.500000
       retry log10(dt/yr), log10(dt), retry_factor     2  2202       -7.867397       -0.368286        0.500000
 have reached retry limit so now backup
hydro_newton_step failed to accept
       retry log10(dt/yr), log10(dt), retry_factor     1  2206       -8.369681       -0.870569        0.500000
       retry log10(dt/yr), log10(dt), retry_factor     2  2206       -8.670711       -1.171599        0.500000
       retry log10(dt/yr), log10(dt), retry_factor     1  2214       -8.051859       -0.552748        0.500000
hydro_newton_step failed to accept
       retry log10(dt/yr), log10(dt), retry_factor     1  2243       -7.937102       -0.437990        0.500000
       retry log10(dt/yr), log10(dt), retry_factor     1  2251       -7.707419       -0.208308        0.500000
hydro_newton_step failed to accept
       retry log10(dt/yr), log10(dt), retry_factor     2  2251       -8.008449       -0.509338        0.500000
 have reached retry limit so now backup
       retry log10(dt/yr), log10(dt), retry_factor     1  2258       -7.774730       -0.275619        0.500000
       retry log10(dt/yr), log10(dt), retry_factor     2  2258       -8.075760       -0.576649        0.500000
       retry log10(dt/yr), log10(dt), retry_factor     1  2265       -7.425490        0.073621        0.500000
       retry log10(dt/yr), log10(dt), retry_factor     1  2269       -7.521770       -0.022658        0.500000
       retry log10(dt/yr), log10(dt), retry_factor     2  2269       -7.822800       -0.323688        0.500000
 have reached retry limit so now backup
       retry log10(dt/yr), log10(dt), retry_factor     1  2270       -8.123830       -0.624718        0.500000
       retry log10(dt/yr), log10(dt), retry_factor     1  2320       -5.189020        2.310091        0.500000
       retry log10(dt/yr), log10(dt), retry_factor     2  2320       -5.490050        2.009061        0.500000
 have reached retry limit so now backup
       retry log10(dt/yr), log10(dt), retry_factor     1  2321       -5.984900        1.514211        0.500000
       retry log10(dt/yr), log10(dt), retry_factor     1  2322       -6.285930        1.213181        0.500000
       retry log10(dt/yr), log10(dt), retry_factor     1  2329       -5.524917        1.974195        0.500000
       retry log10(dt/yr), log10(dt), retry_factor     1  2330       -5.922857        1.576255        0.500000
       retry log10(dt/yr), log10(dt), retry_factor     1  2331       -6.223887        1.275225        0.500000
       retry log10(dt/yr), log10(dt), retry_factor     1  2338       -5.419531        2.079580        0.500000
       retry log10(dt/yr), log10(dt), retry_factor     1  2340       -5.842955        1.656157        0.500000
       retry log10(dt/yr), log10(dt), retry_factor     1  2341       -6.240895        1.258217        0.500000
       retry log10(dt/yr), log10(dt), retry_factor     1  2348       -5.583701        1.915410        0.500000
hydro_newton_step failed to accept
       retry log10(dt/yr), log10(dt), retry_factor     2  2348       -5.884731        1.614380        0.500000
       retry log10(dt/yr), log10(dt), retry_factor     1  2354       -5.581463        1.917649        0.500000
       retry log10(dt/yr), log10(dt), retry_factor     2  2354       -5.882493        1.616619        0.500000
 have reached retry limit so now backup
       retry log10(dt/yr), log10(dt), retry_factor     1  2361       -5.384524        2.114587        0.500000
       retry log10(dt/yr), log10(dt), retry_factor     1  2362       -5.776866        1.722245        0.500000
       retry log10(dt/yr), log10(dt), retry_factor     1  2367       -5.563124        1.935987        0.500000
       retry log10(dt/yr), log10(dt), retry_factor     1  2368       -5.864154        1.634957        0.500000
hydro_newton_step failed to accept
       retry log10(dt/yr), log10(dt), retry_factor     1  2369       -6.262094        1.237017        0.500000
       retry log10(dt/yr), log10(dt), retry_factor     1  2370       -6.660034        0.839077        0.500000
       retry log10(dt/yr), log10(dt), retry_factor     1  2371       -6.961064        0.538047        0.500000
       retry log10(dt/yr), log10(dt), retry_factor     1  2379       -5.756944        1.742167        0.500000
       retry log10(dt/yr), log10(dt), retry_factor     1  2380       -6.057974        1.441137        0.500000
       retry log10(dt/yr), log10(dt), retry_factor     1  2381       -6.426395        1.072717        0.500000
       retry log10(dt/yr), log10(dt), retry_factor     2  2381       -6.727425        0.771687        0.500000
 have reached retry limit so now backup
       retry log10(dt/yr), log10(dt), retry_factor     1  2385       -6.790992        0.708120        0.500000
       retry log10(dt/yr), log10(dt), retry_factor     2  2385       -7.092022        0.407090        0.500000
       retry log10(dt/yr), log10(dt), retry_factor     1  2391       -6.797204        0.701907        0.500000
       retry log10(dt/yr), log10(dt), retry_factor     2  2391       -7.098234        0.400877        0.500000
       retry log10(dt/yr), log10(dt), retry_factor     1  2397       -6.496174        1.002937        0.500000
hydro_newton_step failed to accept
       retry log10(dt/yr), log10(dt), retry_factor     1  2398       -6.797204        0.701907        0.500000
hydro_newton_step failed to accept
       retry log10(dt/yr), log10(dt), retry_factor     1  2400       -7.098234        0.400877        0.500000
       retry log10(dt/yr), log10(dt), retry_factor     1  2401       -7.098234        0.400877        0.500000
hydro_newton_step failed to accept
       retry log10(dt/yr), log10(dt), retry_factor     1  2402       -7.399264        0.099847        0.500000
       retry log10(dt/yr), log10(dt), retry_factor     1  2405       -7.399264        0.099847        0.500000
       retry log10(dt/yr), log10(dt), retry_factor     2  2405       -7.700294       -0.201183        0.500000
       retry log10(dt/yr), log10(dt), retry_factor     1  2408       -8.001324       -0.502213        0.500000
       retry log10(dt/yr), log10(dt), retry_factor     1  2409       -8.302354       -0.803243        0.500000
       retry log10(dt/yr), log10(dt), retry_factor     1  2422       -8.614597       -1.115485        0.500000
       retry log10(dt/yr), log10(dt), retry_factor     1  2447       -9.276659       -1.777548        0.500000
 bad other yaxis for History panels plot num_zones

 ERROR: failed to find log_Teff in history data

 grid1/grid1_002500.png/png
       retry log10(dt/yr), log10(dt), retry_factor     1  2502       -7.517926       -0.018814        0.500000
hydro_newton_step failed to accept
       retry log10(dt/yr), log10(dt), retry_factor     2  2502       -7.818956       -0.319844        0.500000
 have reached retry limit so now backup
hydro_newton_step failed to accept
       retry log10(dt/yr), log10(dt), retry_factor     1  2505       -8.410716       -0.911604        0.500000
       retry log10(dt/yr), log10(dt), retry_factor     1  2506       -8.440148       -0.941037        0.500000
       retry log10(dt/yr), log10(dt), retry_factor     1  2514       -7.852402       -0.353291        0.500000
       retry log10(dt/yr), log10(dt), retry_factor     2  2514       -8.153432       -0.654321        0.500000
 have reached retry limit so now backup
       retry log10(dt/yr), log10(dt), retry_factor     1  2519       -7.852402       -0.353291        0.500000
       retry log10(dt/yr), log10(dt), retry_factor     1  2520       -8.153432       -0.654321        0.500000
hydro_newton_step failed to accept
       retry log10(dt/yr), log10(dt), retry_factor     2  2520       -8.454462       -0.955351        0.500000
       retry log10(dt/yr), log10(dt), retry_factor     1  2527       -7.820390       -0.321278        0.500000
       retry log10(dt/yr), log10(dt), retry_factor     1  2557       -7.529473       -0.030361        0.500000
       retry log10(dt/yr), log10(dt), retry_factor     1  2564       -7.354917        0.144194        0.500000
       retry log10(dt/yr), log10(dt), retry_factor     2  2564       -7.655947       -0.156836        0.500000
 have reached retry limit so now backup
       retry log10(dt/yr), log10(dt), retry_factor     1  2566       -7.956977       -0.457866        0.500000
       retry log10(dt/yr), log10(dt), retry_factor     2  2566       -8.258007       -0.758896        0.500000
       retry log10(dt/yr), log10(dt), retry_factor     1  2612       -5.755531        1.743580        0.500000
       retry log10(dt/yr), log10(dt), retry_factor     1  2617       -5.604701        1.894410        0.500000
       retry log10(dt/yr), log10(dt), retry_factor     1  2618       -6.002641        1.496470        0.500000
       retry log10(dt/yr), log10(dt), retry_factor     1  2619       -6.334186        1.164926        0.500000
       retry log10(dt/yr), log10(dt), retry_factor     1  2626       -5.572957        1.926155        0.500000
       retry log10(dt/yr), log10(dt), retry_factor     1  2627       -5.970897        1.528215        0.500000
       retry log10(dt/yr), log10(dt), retry_factor     1  2628       -6.271927        1.227185        0.500000
       retry log10(dt/yr), log10(dt), retry_factor     1  2635       -5.539220        1.959892        0.500000
       retry log10(dt/yr), log10(dt), retry_factor     1  2636       -5.937160        1.561952        0.500000
       retry log10(dt/yr), log10(dt), retry_factor     1  2642       -5.549392        1.949720        0.500000
       retry log10(dt/yr), log10(dt), retry_factor     1  2648       -5.338099        2.161012        0.500000
       retry log10(dt/yr), log10(dt), retry_factor     1  2649       -5.736039        1.763072        0.500000
       retry log10(dt/yr), log10(dt), retry_factor     1  2654       -5.671260        1.827852        0.500000
       retry log10(dt/yr), log10(dt), retry_factor     1  2655       -6.065256        1.433856        0.500000
       retry log10(dt/yr), log10(dt), retry_factor     1  2661       -5.942437        1.556675        0.500000
       retry log10(dt/yr), log10(dt), retry_factor     2  2661       -6.243467        1.255645        0.500000
 have reached retry limit so now backup
hydro_newton_step failed to accept
       retry log10(dt/yr), log10(dt), retry_factor     1  2665       -6.320159        1.178953        0.500000
       retry log10(dt/yr), log10(dt), retry_factor     1  2666       -6.718099        0.781013        0.500000
       retry log10(dt/yr), log10(dt), retry_factor     1  2673       -6.043411        1.455701        0.500000
       retry log10(dt/yr), log10(dt), retry_factor     1  2674       -6.441351        1.057761        0.500000
       retry log10(dt/yr), log10(dt), retry_factor     2  2674       -6.742381        0.756731        0.500000
 have reached retry limit so now backup
hydro_newton_step failed to accept
       retry log10(dt/yr), log10(dt), retry_factor     1  2678       -6.802246        0.696866        0.500000
       retry log10(dt/yr), log10(dt), retry_factor     1  2679       -6.846947        0.652164        0.500000
       retry log10(dt/yr), log10(dt), retry_factor     2  2679       -7.147977        0.351134        0.500000
       retry log10(dt/yr), log10(dt), retry_factor     1  2686       -6.244887        1.254224        0.500000
       retry log10(dt/yr), log10(dt), retry_factor     2  2686       -6.545917        0.953194        0.500000
       retry log10(dt/yr), log10(dt), retry_factor     1  2688       -6.846947        0.652164        0.500000
hydro_newton_step failed to accept
       retry log10(dt/yr), log10(dt), retry_factor     2  2688       -7.147977        0.351134        0.500000
       retry log10(dt/yr), log10(dt), retry_factor     1  2691       -7.449007        0.050104        0.500000
hydro_newton_step failed to accept
       retry log10(dt/yr), log10(dt), retry_factor     1  2693       -7.750037       -0.250926        0.500000
       retry log10(dt/yr), log10(dt), retry_factor     1  2695       -8.244887       -0.745776        0.500000
       retry log10(dt/yr), log10(dt), retry_factor     1  2696       -8.545917       -1.046806        0.500000
       retry log10(dt/yr), log10(dt), retry_factor     1  2705       -8.854303       -1.355191        0.500000
       retry log10(dt/yr), log10(dt), retry_factor     1  2721       -9.268836       -1.769725        0.500000
       retry log10(dt/yr), log10(dt), retry_factor     1  2779       -7.600025       -0.100913        0.500000
       retry log10(dt/yr), log10(dt), retry_factor     2  2779       -7.901055       -0.401943        0.500000
 have reached retry limit so now backup
hydro_newton_step failed to accept
       retry log10(dt/yr), log10(dt), retry_factor     1  2783       -8.175519       -0.676408        0.500000
hydro_newton_step failed to accept
       retry log10(dt/yr), log10(dt), retry_factor     2  2783       -8.476549       -0.977438        0.500000
       retry log10(dt/yr), log10(dt), retry_factor     1  2788       -7.852058       -0.352946        0.500000
       retry log10(dt/yr), log10(dt), retry_factor     1  2822       -7.624086       -0.124974        0.500000
       retry log10(dt/yr), log10(dt), retry_factor     2  2822       -7.925116       -0.426004        0.500000
 have reached retry limit so now backup
       retry log10(dt/yr), log10(dt), retry_factor     1  2834       -7.387678        0.111434        0.500000
       retry log10(dt/yr), log10(dt), retry_factor     1  2838       -7.387678        0.111434        0.500000
       retry log10(dt/yr), log10(dt), retry_factor     2  2838       -7.688708       -0.189596        0.500000
 have reached retry limit so now backup
       retry log10(dt/yr), log10(dt), retry_factor     1  2883       -5.853708        1.645403        0.500000
       retry log10(dt/yr), log10(dt), retry_factor     1  2884       -6.154738        1.344373        0.500000
       retry log10(dt/yr), log10(dt), retry_factor     2  2884       -6.455768        1.043343        0.500000
       retry log10(dt/yr), log10(dt), retry_factor     1  2891       -5.552678        1.946433        0.500000
       retry log10(dt/yr), log10(dt), retry_factor     1  2895       -5.950618        1.548493        0.500000
       retry log10(dt/yr), log10(dt), retry_factor     1  2901       -5.671822        1.827289        0.500000
       retry log10(dt/yr), log10(dt), retry_factor     2  2901       -5.972852        1.526259        0.500000
       retry log10(dt/yr), log10(dt), retry_factor     1  2902       -6.273882        1.225229        0.500000
       retry log10(dt/yr), log10(dt), retry_factor     1  2909       -5.572283        1.926828        0.500000
       retry log10(dt/yr), log10(dt), retry_factor     1  2914       -5.498607        2.000505        0.500000
       retry log10(dt/yr), log10(dt), retry_factor     1  2918       -5.621542        1.877570        0.500000
hydro_newton_step failed to accept
       retry log10(dt/yr), log10(dt), retry_factor     1  2922       -6.019482        1.479630        0.500000
       retry log10(dt/yr), log10(dt), retry_factor     1  2926       -5.639431        1.859681        0.500000
hydro_newton_step failed to accept
       retry log10(dt/yr), log10(dt), retry_factor     1  2928       -6.061456        1.437655        0.500000
hydro_newton_step failed to accept
       retry log10(dt/yr), log10(dt), retry_factor     2  2928       -6.362486        1.136625        0.500000
 have reached retry limit so now backup
       retry log10(dt/yr), log10(dt), retry_factor     1  2932       -6.421753        1.077358        0.500000
       retry log10(dt/yr), log10(dt), retry_factor     1  2933       -6.722783        0.776328        0.500000
       retry log10(dt/yr), log10(dt), retry_factor     2  2933       -7.023813        0.475298        0.500000
       retry log10(dt/yr), log10(dt), retry_factor     1  2942       -5.518663        1.980448        0.500000
       retry log10(dt/yr), log10(dt), retry_factor     1  2943       -5.819693        1.679418        0.500000
       retry log10(dt/yr), log10(dt), retry_factor     2  2943       -6.120723        1.378388        0.500000
       retry log10(dt/yr), log10(dt), retry_factor     1  2944       -6.518663        0.980448        0.500000
       retry log10(dt/yr), log10(dt), retry_factor     2  2944       -6.819693        0.679418        0.500000
       retry log10(dt/yr), log10(dt), retry_factor     1  2945       -7.120723        0.378388        0.500000
       retry log10(dt/yr), log10(dt), retry_factor     1  2951       -6.518663        0.980448        0.500000
       retry log10(dt/yr), log10(dt), retry_factor     2  2951       -6.819693        0.679418        0.500000
       retry log10(dt/yr), log10(dt), retry_factor     1  2958       -5.916603        1.582508        0.500000
       retry log10(dt/yr), log10(dt), retry_factor     1  2959       -6.217633        1.281478        0.500000
       retry log10(dt/yr), log10(dt), retry_factor     2  2959       -6.518663        0.980448        0.500000
hydro_newton_step failed to accept
       retry log10(dt/yr), log10(dt), retry_factor     1  2961       -6.819693        0.679418        0.500000
       retry log10(dt/yr), log10(dt), retry_factor     1  2963       -6.819693        0.679418        0.500000
       retry log10(dt/yr), log10(dt), retry_factor     1  2964       -7.120723        0.378388        0.500000
       retry log10(dt/yr), log10(dt), retry_factor     1  2965       -7.518663       -0.019552        0.500000
       retry log10(dt/yr), log10(dt), retry_factor     1  2969       -7.518663       -0.019552        0.500000
       retry log10(dt/yr), log10(dt), retry_factor     1  2970       -7.819693       -0.320582        0.500000
       retry log10(dt/yr), log10(dt), retry_factor     1  2972       -8.120723       -0.621612        0.500000

stop because model_number >= max_model_number
     3000     3000

       3000   8.440062  1.043E+07   3.375715   6.038470   1.400000   1.400000   0.000000   0.000000   0.275200   0.039867  14.908388   1419    553
  -8.729734   6.791852  -4.791998   3.140273   3.994864  -8.522879   0.000000   0.000000   0.000000   0.020000   0.027866  91.196347      6     66
 2.9782E-03  23.455994   3.442324   6.036974  14.452656  -0.741920   0.000000   0.000000   0.000000   0.000687  9.323E-01 -0.725E-08        lgTeff

save LOGS/profile6.data for model 3000
save photos/3000 for model 3000
save final_profile_r_cl32_pg_ar33_01.data for model 3000
 saved to final.mod
termination code: max_model_number
 bad other yaxis for History panels plot num_zones

 ERROR: failed to find log_Teff in history data

 grid1/grid1_003000.png/png
       3000   8.440062  1.043E+07   3.375715   6.038470   1.400000   1.400000   0.000000   0.000000   0.275200   0.039867  14.908388   1419    553
  -8.729734   6.791852  -4.791998   3.140273   3.994864  -8.522879   0.000000   0.000000   0.000000   0.020000   0.027866  91.196347      6     66
 2.9782E-03  23.455994   3.442324   6.036974  14.452656  -0.741920   0.000000   0.000000   0.000000   0.000687  9.323E-01 -0.725E-08        lgTeff

