ls: cannot access './803/photos': No such file or directory
starting from scratch 
                                         version_number       10108
 read /hpc/group/physics/al363/low_overhead/sens/base/inlist_base
 read inlist_cluster
load saved model /hpc/group/physics/al363/sens/base/ns_relax.mod

 change to /hpc/group/physics/al363/sens/base/rp_305.net
             set special rate factor for r_se70_pn_br70         803    1.0000000000000000D+02
             set special rate factor for r_br70_np_se70         804    1.0000000000000000D+02
             set special rate factor for r_se70_pn_br70         803    1.0000000000000000D+02
             set special rate factor for r_br70_np_se70         804    1.0000000000000000D+02
 number of species         305
 read /hpc/group/physics/al363/low_overhead/sens/base/history_custom_low_overhead
 read /hpc/group/physics/al363/low_overhead/sens/base/profile_custom_low_overhead
 net name /hpc/group/physics/al363/sens/base/rp_305.net
 v_flag T
                                           xmstar/mstar    4.5461189430843640D-12
                                             xmstar (g)    1.2660395722219186D+22
                                           M_center (g)    2.7848799999878681D+33
                                            xmstar/Msun    6.3645665203193175D-12
                                          M_center/Msun    1.3999999999939012D+00
                                          R_center (cm)    1.1200000000000000D+06
                                          R_center/Rsun    1.6092416448748527D-05
                                           core density    4.7322078204273819D+14
                                          L_center/Lsun    4.1647144567650578D+00
 kappa_file_prefix gs98
 kappa_lowT_prefix lowT_fa05_gs98

   eos_file_prefix mesa
                                        OMP_NUM_THREADS           8


__________________________________________________________________________________________________________________________________________________

       step    lg_Tcntr    Teff       lg_LH     lg_Lnuc     Mass       H_rich     H_cntr     N_cntr     Y_surf     X_avg     eta_cntr  zones retry
   lg_dt_yr    lg_Dcntr    lg_R       lg_L3a    lg_Lneu     lg_Mdot    He_core    He_cntr    O_cntr     Z_surf     Y_avg     gam_cntr  iters bckup
     age_yr    lg_Pcntr    lg_L       lg_LZ     lg_Psurf    lg_Dsurf   C_core     C_cntr     Ne_cntr    Si_cntr    Z_avg     v_div_cs     dt_limit
__________________________________________________________________________________________________________________________________________________

save LOGS/profile1.data for model 2
         12   8.207068  1.596E+06   0.422373   0.422680   1.400000   1.400000   0.000000   0.000000   0.275200   0.032716  18.782540    782      0
  -5.834864   6.544453  -4.792968 -17.300136  -0.755568  -8.522879   0.000000   0.000000   0.000000   0.020000   0.012436 128.974929      6      0
 9.8181E-06  23.077272   0.179446  -2.727454  12.804639  -1.522785   0.000000   0.000000   0.000000   0.000687  9.548E-01 -0.112E-12      lgT_cntr

save LOGS/profile2.data for model 12
       retry log10(dt/yr), log10(dt), retry_factor     1    34       -5.396345        2.102767        0.500000
       retry log10(dt/yr), log10(dt), retry_factor     1    38       -5.396345        2.102767        0.500000
       retry log10(dt/yr), log10(dt), retry_factor     1    42       -5.396345        2.102767        0.500000
       retry log10(dt/yr), log10(dt), retry_factor     1    46       -5.396345        2.102767        0.500000
       retry log10(dt/yr), log10(dt), retry_factor     1    51       -5.095315        2.403797        0.500000
       retry log10(dt/yr), log10(dt), retry_factor     1    52       -5.095315        2.403797        0.500000
       retry log10(dt/yr), log10(dt), retry_factor     1    53       -5.095315        2.403797        0.500000
       retry log10(dt/yr), log10(dt), retry_factor     1    54       -5.095315        2.403797        0.500000
       retry log10(dt/yr), log10(dt), retry_factor     1    55       -5.095315        2.403797        0.500000
       retry log10(dt/yr), log10(dt), retry_factor     1    56       -5.095315        2.403797        0.500000
       retry log10(dt/yr), log10(dt), retry_factor     2    56       -5.396345        2.102767        0.500000
       retry log10(dt/yr), log10(dt), retry_factor     1    60       -5.396345        2.102767        0.500000
       retry log10(dt/yr), log10(dt), retry_factor     1    61       -5.697375        1.801737        0.500000
       retry log10(dt/yr), log10(dt), retry_factor     1    62       -5.998405        1.500707        0.500000
       retry log10(dt/yr), log10(dt), retry_factor     1    64       -6.299435        1.199677        0.500000
hydro_newton_step failed to accept
       retry log10(dt/yr), log10(dt), retry_factor     1    65       -6.600465        0.898647        0.500000
       retry log10(dt/yr), log10(dt), retry_factor     1    67       -6.901495        0.597617        0.500000
       retry log10(dt/yr), log10(dt), retry_factor     1    69       -7.202525        0.296587        0.500000
       retry log10(dt/yr), log10(dt), retry_factor     1    70       -7.503555       -0.004443        0.500000
       retry log10(dt/yr), log10(dt), retry_factor     1    72       -7.804585       -0.305473        0.500000
       retry log10(dt/yr), log10(dt), retry_factor     1    74       -8.105615       -0.606503        0.500000
       retry log10(dt/yr), log10(dt), retry_factor     1    75       -8.439704       -0.940592        0.500000
       retry log10(dt/yr), log10(dt), retry_factor     1   142       -8.644659       -1.145547        0.500000
       retry log10(dt/yr), log10(dt), retry_factor     1   143       -9.042599       -1.543487        0.500000
       retry log10(dt/yr), log10(dt), retry_factor     1   161       -8.768871       -1.269759        0.500000
       retry log10(dt/yr), log10(dt), retry_factor     2   161       -9.069901       -1.570789        0.500000
 have reached retry limit so now backup
       retry log10(dt/yr), log10(dt), retry_factor     1   171       -8.772624       -1.273513        0.500000
       retry log10(dt/yr), log10(dt), retry_factor     1   186       -7.399854        0.099257        0.500000
       retry log10(dt/yr), log10(dt), retry_factor     1   192       -7.559266       -0.060154        0.500000
       retry log10(dt/yr), log10(dt), retry_factor     2   192       -7.860296       -0.361184        0.500000
 have reached retry limit so now backup
hydro_newton_step failed to accept
       retry log10(dt/yr), log10(dt), retry_factor     1   196       -8.188779       -0.689667        0.500000
       retry log10(dt/yr), log10(dt), retry_factor     1   223       -7.780378       -0.281267        0.500000
hydro_newton_step failed to accept
       retry log10(dt/yr), log10(dt), retry_factor     2   223       -8.081408       -0.582297        0.500000
       retry log10(dt/yr), log10(dt), retry_factor     1   229       -7.627366       -0.128254        0.500000
       retry log10(dt/yr), log10(dt), retry_factor     2   229       -7.928396       -0.429284        0.500000
       retry log10(dt/yr), log10(dt), retry_factor     1   244       -7.597147       -0.098036        0.500000
       retry log10(dt/yr), log10(dt), retry_factor     1   274       -6.412476        1.086636        0.500000
       retry log10(dt/yr), log10(dt), retry_factor     2   274       -6.713506        0.785606        0.500000
       retry log10(dt/yr), log10(dt), retry_factor     1   285       -5.585777        1.913334        0.500000
hydro_newton_step failed to accept
       retry log10(dt/yr), log10(dt), retry_factor     2   285       -5.886807        1.612304        0.500000
 have reached retry limit so now backup
       retry log10(dt/yr), log10(dt), retry_factor     1   292       -5.315226        2.183885        0.500000
hydro_newton_step failed to accept
       retry log10(dt/yr), log10(dt), retry_factor     2   292       -5.616256        1.882855        0.500000
 have reached retry limit so now backup
       retry log10(dt/yr), log10(dt), retry_factor     1   293       -6.014196        1.484915        0.500000
       retry log10(dt/yr), log10(dt), retry_factor     1   299       -5.606113        1.892998        0.500000
       retry log10(dt/yr), log10(dt), retry_factor     1   306       -5.392026        2.107086        0.500000
hydro_newton_step failed to accept
       retry log10(dt/yr), log10(dt), retry_factor     2   306       -5.693056        1.806056        0.500000
       retry log10(dt/yr), log10(dt), retry_factor     1   307       -5.994086        1.505026        0.500000
       retry log10(dt/yr), log10(dt), retry_factor     1   314       -5.362442        2.136669        0.500000
       retry log10(dt/yr), log10(dt), retry_factor     2   314       -5.663472        1.835639        0.500000
       retry log10(dt/yr), log10(dt), retry_factor     1   320       -5.335533        2.163579        0.500000
hydro_newton_step failed to accept
       retry log10(dt/yr), log10(dt), retry_factor     2   320       -5.636563        1.862549        0.500000
 have reached retry limit so now backup
hydro_newton_step failed to accept
       retry log10(dt/yr), log10(dt), retry_factor     1   322       -6.034503        1.464609        0.500000
       retry log10(dt/yr), log10(dt), retry_factor     1   326       -5.716182        1.782930        0.500000
hydro_newton_step failed to accept
       retry log10(dt/yr), log10(dt), retry_factor     1   327       -6.114122        1.384990        0.500000
hydro_newton_step failed to accept
       retry log10(dt/yr), log10(dt), retry_factor     2   327       -6.415152        1.083960        0.500000
       retry log10(dt/yr), log10(dt), retry_factor     1   333       -5.772836        1.726276        0.500000
hydro_newton_step failed to accept
       retry log10(dt/yr), log10(dt), retry_factor     2   333       -6.073866        1.425246        0.500000
       retry log10(dt/yr), log10(dt), retry_factor     1   338       -5.833453        1.665659        0.500000
       retry log10(dt/yr), log10(dt), retry_factor     1   339       -6.134483        1.364629        0.500000
hydro_newton_step failed to accept
       retry log10(dt/yr), log10(dt), retry_factor     2   339       -6.435513        1.063599        0.500000
        340   8.430546  4.465E+06   1.934180   2.039087   1.400000   1.400000   0.000000   0.000000   0.275200   0.077640  12.072021    759     60
  -6.212660   6.606546  -4.792689   1.134765   1.120016  -8.522879   0.000000   0.000000   0.000000   0.020000   0.055849  80.858343      6      5
 5.8078E-04  23.180294   1.967390   0.993090  13.810209  -0.973826   0.000000   0.000000   0.000000   0.000687  8.665E-01  0.592E-14          dH/H

save LOGS/profile3.data for model 340
hydro_newton_step failed to accept
       retry log10(dt/yr), log10(dt), retry_factor     1   343       -6.513690        0.985421        0.500000
       retry log10(dt/yr), log10(dt), retry_factor     1   344       -6.513690        0.985421        0.500000
       retry log10(dt/yr), log10(dt), retry_factor     1   346       -6.814720        0.684391        0.500000
       retry log10(dt/yr), log10(dt), retry_factor     1   347       -7.115750        0.383361        0.500000
       retry log10(dt/yr), log10(dt), retry_factor     1   348       -7.416780        0.082331        0.500000
       retry log10(dt/yr), log10(dt), retry_factor     1   350       -7.717810       -0.218699        0.500000
       retry log10(dt/yr), log10(dt), retry_factor     2   350       -8.018840       -0.519729        0.500000
       retry log10(dt/yr), log10(dt), retry_factor     1   352       -8.319870       -0.820759        0.500000
hydro_newton_step failed to accept
       retry log10(dt/yr), log10(dt), retry_factor     1   357       -8.152086       -0.652975        0.500000
       retry log10(dt/yr), log10(dt), retry_factor     1   358       -8.214271       -0.715160        0.500000
hydro_newton_step failed to accept
       retry log10(dt/yr), log10(dt), retry_factor     1   395       -9.214420       -1.715308        0.500000
       retry log10(dt/yr), log10(dt), retry_factor     1   453       -7.724644       -0.225533        0.500000
       retry log10(dt/yr), log10(dt), retry_factor     2   453       -8.025674       -0.526563        0.500000
 have reached retry limit so now backup
hydro_newton_step failed to accept
       retry log10(dt/yr), log10(dt), retry_factor     1   456       -8.495227       -0.996116        0.500000
       retry log10(dt/yr), log10(dt), retry_factor     1   457       -8.495227       -0.996116        0.500000
       retry log10(dt/yr), log10(dt), retry_factor     1   468       -7.845878       -0.346767        0.500000
hydro_newton_step failed to accept
       retry log10(dt/yr), log10(dt), retry_factor     2   468       -8.146908       -0.647797        0.500000
       retry log10(dt/yr), log10(dt), retry_factor     1   494       -7.602133       -0.103022        0.500000
       retry log10(dt/yr), log10(dt), retry_factor     1   495       -7.903163       -0.404052        0.500000
hydro_newton_step failed to accept
       retry log10(dt/yr), log10(dt), retry_factor     2   495       -8.204193       -0.705082        0.500000
 bad other yaxis for History panels plot num_zones

 ERROR: failed to find log_Teff in history data

 grid1/grid1_000500.png/png
       retry log10(dt/yr), log10(dt), retry_factor     1   502       -7.486313        0.012799        0.500000
       retry log10(dt/yr), log10(dt), retry_factor     2   502       -7.787343       -0.288231        0.500000
       retry log10(dt/yr), log10(dt), retry_factor     1   549       -5.662555        1.836557        0.500000
       retry log10(dt/yr), log10(dt), retry_factor     2   549       -5.963585        1.535527        0.500000
       retry log10(dt/yr), log10(dt), retry_factor     1   555       -5.609570        1.889542        0.500000
       retry log10(dt/yr), log10(dt), retry_factor     2   555       -5.910600        1.588512        0.500000
       retry log10(dt/yr), log10(dt), retry_factor     1   556       -6.211630        1.287482        0.500000
       retry log10(dt/yr), log10(dt), retry_factor     1   563       -5.482608        2.016503        0.500000
       retry log10(dt/yr), log10(dt), retry_factor     1   564       -5.880548        1.618563        0.500000
       retry log10(dt/yr), log10(dt), retry_factor     1   565       -6.181578        1.317533        0.500000
       retry log10(dt/yr), log10(dt), retry_factor     2   565       -6.482608        1.016503        0.500000
       retry log10(dt/yr), log10(dt), retry_factor     1   573       -5.460360        2.038752        0.500000
       retry log10(dt/yr), log10(dt), retry_factor     1   574       -5.858300        1.640812        0.500000
       retry log10(dt/yr), log10(dt), retry_factor     1   580       -5.483198        2.015913        0.500000
       retry log10(dt/yr), log10(dt), retry_factor     2   580       -5.784228        1.714883        0.500000
 have reached retry limit so now backup
       retry log10(dt/yr), log10(dt), retry_factor     1   585       -5.483198        2.015913        0.500000
       retry log10(dt/yr), log10(dt), retry_factor     1   589       -5.483198        2.015913        0.500000
       retry log10(dt/yr), log10(dt), retry_factor     1   590       -5.784228        1.714883        0.500000
       retry log10(dt/yr), log10(dt), retry_factor     1   596       -5.397393        2.101719        0.500000
hydro_newton_step failed to accept
       retry log10(dt/yr), log10(dt), retry_factor     2   596       -5.698423        1.800689        0.500000
 have reached retry limit so now backup
       retry log10(dt/yr), log10(dt), retry_factor     1   601       -5.573694        1.925417        0.500000
       retry log10(dt/yr), log10(dt), retry_factor     2   601       -5.874724        1.624387        0.500000
 have reached retry limit so now backup
hydro_newton_step failed to accept
       retry log10(dt/yr), log10(dt), retry_factor     1   603       -6.272664        1.226447        0.500000
       retry log10(dt/yr), log10(dt), retry_factor     1   607       -5.881016        1.618096        0.500000
       retry log10(dt/yr), log10(dt), retry_factor     1   608       -6.278956        1.220156        0.500000
hydro_newton_step failed to accept
       retry log10(dt/yr), log10(dt), retry_factor     2   608       -6.579986        0.919126        0.500000
       retry log10(dt/yr), log10(dt), retry_factor     1   609       -6.881016        0.618096        0.500000
       retry log10(dt/yr), log10(dt), retry_factor     1   610       -7.182046        0.317066        0.500000
       retry log10(dt/yr), log10(dt), retry_factor     2   610       -7.483076        0.016036        0.500000
       retry log10(dt/yr), log10(dt), retry_factor     1   618       -6.278956        1.220156        0.500000
       retry log10(dt/yr), log10(dt), retry_factor     1   620       -6.579986        0.919126        0.500000
       retry log10(dt/yr), log10(dt), retry_factor     2   620       -6.881016        0.618096        0.500000
       retry log10(dt/yr), log10(dt), retry_factor     1   622       -7.234526        0.264585        0.500000
       retry log10(dt/yr), log10(dt), retry_factor     2   622       -7.535556       -0.036445        0.500000
 have reached retry limit so now backup
       retry log10(dt/yr), log10(dt), retry_factor     1   627       -7.234526        0.264585        0.500000
       retry log10(dt/yr), log10(dt), retry_factor     1   628       -7.535556       -0.036445        0.500000
       retry log10(dt/yr), log10(dt), retry_factor     1   631       -7.836586       -0.337475        0.500000
       retry log10(dt/yr), log10(dt), retry_factor     1   634       -8.137616       -0.638505        0.500000
hydro_newton_step failed to accept
       retry log10(dt/yr), log10(dt), retry_factor     2   634       -8.438646       -0.939535        0.500000
 have reached retry limit so now backup
       retry log10(dt/yr), log10(dt), retry_factor     1   641       -8.463236       -0.964124        0.500000
hydro_newton_step failed to accept
       retry log10(dt/yr), log10(dt), retry_factor     1   677       -9.165204       -1.666092        0.500000
       retry log10(dt/yr), log10(dt), retry_factor     1   731       -7.512197       -0.013086        0.500000
hydro_newton_step failed to accept
       retry log10(dt/yr), log10(dt), retry_factor     2   731       -7.813227       -0.314116        0.500000
hydro_newton_step failed to accept
       retry log10(dt/yr), log10(dt), retry_factor     1   734       -8.404987       -0.905876        0.500000
       retry log10(dt/yr), log10(dt), retry_factor     2   734       -8.706017       -1.206906        0.500000
       retry log10(dt/yr), log10(dt), retry_factor     1   740       -8.103957       -0.604846        0.500000
       retry log10(dt/yr), log10(dt), retry_factor     1   749       -7.674614       -0.175503        0.500000
       retry log10(dt/yr), log10(dt), retry_factor     2   749       -7.975644       -0.476533        0.500000
 have reached retry limit so now backup
hydro_newton_step failed to accept
       retry log10(dt/yr), log10(dt), retry_factor     1   780       -7.527556       -0.028445        0.500000
       retry log10(dt/yr), log10(dt), retry_factor     2   780       -7.828586       -0.329475        0.500000
 have reached retry limit so now backup
       retry log10(dt/yr), log10(dt), retry_factor     1   787       -7.470148        0.028963        0.500000
       retry log10(dt/yr), log10(dt), retry_factor     2   787       -7.771178       -0.272067        0.500000
 have reached retry limit so now backup
       retry log10(dt/yr), log10(dt), retry_factor     1   833       -5.415437        2.083674        0.500000
       retry log10(dt/yr), log10(dt), retry_factor     1   838       -5.436850        2.062261        0.500000
       retry log10(dt/yr), log10(dt), retry_factor     1   842       -5.834790        1.664321        0.500000
       retry log10(dt/yr), log10(dt), retry_factor     1   843       -6.135820        1.363291        0.500000
       retry log10(dt/yr), log10(dt), retry_factor     1   844       -6.436850        1.062261        0.500000
       retry log10(dt/yr), log10(dt), retry_factor     1   852       -5.430554        2.068558        0.500000
hydro_newton_step failed to accept
       retry log10(dt/yr), log10(dt), retry_factor     1   853       -5.828494        1.670618        0.500000
       retry log10(dt/yr), log10(dt), retry_factor     1   858       -5.463862        2.035249        0.500000
       retry log10(dt/yr), log10(dt), retry_factor     1   862       -5.614845        1.884266        0.500000
       retry log10(dt/yr), log10(dt), retry_factor     1   867       -5.629693        1.869419        0.500000
       retry log10(dt/yr), log10(dt), retry_factor     1   870       -5.930723        1.568389        0.500000
       retry log10(dt/yr), log10(dt), retry_factor     1   874       -6.046190        1.452922        0.500000
       retry log10(dt/yr), log10(dt), retry_factor     1   875       -6.347220        1.151892        0.500000
       retry log10(dt/yr), log10(dt), retry_factor     1   877       -6.648250        0.850862        0.500000
       retry log10(dt/yr), log10(dt), retry_factor     1   878       -7.046190        0.452922        0.500000
       retry log10(dt/yr), log10(dt), retry_factor     2   878       -7.347220        0.151892        0.500000
       retry log10(dt/yr), log10(dt), retry_factor     1   882       -7.347220        0.151892        0.500000
       retry log10(dt/yr), log10(dt), retry_factor     1   885       -7.648250       -0.149138        0.500000
       retry log10(dt/yr), log10(dt), retry_factor     2   885       -7.949280       -0.450168        0.500000
 have reached retry limit so now backup
       retry log10(dt/yr), log10(dt), retry_factor     1   890       -7.648250       -0.149138        0.500000
       retry log10(dt/yr), log10(dt), retry_factor     1   892       -7.949280       -0.450168        0.500000
       retry log10(dt/yr), log10(dt), retry_factor     1   893       -8.344143       -0.845031        0.500000
       retry log10(dt/yr), log10(dt), retry_factor     2   893       -8.645173       -1.146061        0.500000
       retry log10(dt/yr), log10(dt), retry_factor     1   905       -9.015567       -1.516455        0.500000
hydro_newton_step failed to accept
       retry log10(dt/yr), log10(dt), retry_factor     1   932       -9.129310       -1.630199        0.500000
       retry log10(dt/yr), log10(dt), retry_factor     1   935       -9.162817       -1.663706        0.500000
       retry log10(dt/yr), log10(dt), retry_factor     1   981       -7.168801        0.330311        0.500000
       retry log10(dt/yr), log10(dt), retry_factor     2   981       -7.469831        0.029281        0.500000
 have reached retry limit so now backup
       retry log10(dt/yr), log10(dt), retry_factor     1   983       -7.770861       -0.271749        0.500000
       retry log10(dt/yr), log10(dt), retry_factor     2   983       -8.071891       -0.572779        0.500000
 have reached retry limit so now backup
       retry log10(dt/yr), log10(dt), retry_factor     1   985       -8.372921       -0.873809        0.500000
       retry log10(dt/yr), log10(dt), retry_factor     2   985       -8.673951       -1.174839        0.500000
 have reached retry limit so now backup
       retry log10(dt/yr), log10(dt), retry_factor     1   986       -8.974981       -1.475869        0.500000
       retry log10(dt/yr), log10(dt), retry_factor     2   986       -9.276011       -1.776899        0.500000
 have reached retry limit so now backup
       retry log10(dt/yr), log10(dt), retry_factor     1   988       -9.577041       -2.077929        0.500000
       retry log10(dt/yr), log10(dt), retry_factor     2   988       -9.878071       -2.378959        0.500000
 have reached retry limit so now backup
       retry log10(dt/yr), log10(dt), retry_factor     1   988      -10.179101       -2.679989        0.500000
       retry log10(dt/yr), log10(dt), retry_factor     2   988      -10.480131       -2.981019        0.500000
 have reached retry limit so now backup
       retry log10(dt/yr), log10(dt), retry_factor     1   991      -10.781161       -3.282049        0.500000
       1000   8.955758  1.679E+07   2.961168   5.685361   1.400000   1.400000   0.000000   0.000000   0.275200   0.034786   3.088618    990    171
  -8.770861   6.585432  -4.791486   2.572352   3.637034  -8.522879   0.000000   0.000000   0.000000   0.020000   0.027618  23.739702      6     21
 1.1137E-03  23.258305   4.271217   5.684205  14.689651  -0.893046   0.000000   0.000000   0.000000   0.000687  9.376E-01  0.528E-09  max increase

save LOGS/profile4.data for model 1000
save photos/1000 for model 1000
 bad other yaxis for History panels plot num_zones

 ERROR: failed to find log_Teff in history data

 grid1/grid1_001000.png/png
       retry log10(dt/yr), log10(dt), retry_factor     1  1009       -7.611715       -0.112604        0.500000
       retry log10(dt/yr), log10(dt), retry_factor     1  1010       -8.009655       -0.510544        0.500000
hydro_newton_step failed to accept
       retry log10(dt/yr), log10(dt), retry_factor     1  1011       -8.310685       -0.811574        0.500000
       retry log10(dt/yr), log10(dt), retry_factor     2  1011       -8.611715       -1.112604        0.500000
       retry log10(dt/yr), log10(dt), retry_factor     1  1019       -7.725812       -0.226700        0.500000
       retry log10(dt/yr), log10(dt), retry_factor     1  1053       -7.652619       -0.153507        0.500000
       retry log10(dt/yr), log10(dt), retry_factor     2  1053       -7.953649       -0.454537        0.500000
 have reached retry limit so now backup
       retry log10(dt/yr), log10(dt), retry_factor     1  1058       -7.652619       -0.153507        0.500000
       retry log10(dt/yr), log10(dt), retry_factor     2  1058       -7.953649       -0.454537        0.500000
       retry log10(dt/yr), log10(dt), retry_factor     1  1098       -6.457374        1.041737        0.500000
       retry log10(dt/yr), log10(dt), retry_factor     1  1109       -5.591550        1.907561        0.500000
       retry log10(dt/yr), log10(dt), retry_factor     1  1114       -5.494220        2.004892        0.500000
       retry log10(dt/yr), log10(dt), retry_factor     1  1118       -5.536116        1.962995        0.500000
       retry log10(dt/yr), log10(dt), retry_factor     1  1123       -5.457633        2.041478        0.500000
       retry log10(dt/yr), log10(dt), retry_factor     1  1128       -5.364992        2.134119        0.500000
       retry log10(dt/yr), log10(dt), retry_factor     2  1128       -5.666022        1.833089        0.500000
 have reached retry limit so now backup
       retry log10(dt/yr), log10(dt), retry_factor     1  1134       -5.268575        2.230537        0.500000
hydro_newton_step failed to accept
       retry log10(dt/yr), log10(dt), retry_factor     2  1134       -5.569605        1.929507        0.500000
 have reached retry limit so now backup
hydro_newton_step failed to accept
       retry log10(dt/yr), log10(dt), retry_factor     1  1136       -5.967545        1.531567        0.500000
       retry log10(dt/yr), log10(dt), retry_factor     1  1140       -5.643209        1.855902        0.500000
hydro_newton_step failed to accept
       retry log10(dt/yr), log10(dt), retry_factor     1  1141       -6.041149        1.457962        0.500000
       retry log10(dt/yr), log10(dt), retry_factor     1  1142       -6.342179        1.156932        0.500000
       retry log10(dt/yr), log10(dt), retry_factor     1  1149       -5.677427        1.821685        0.500000
       retry log10(dt/yr), log10(dt), retry_factor     1  1153       -5.868065        1.631047        0.500000
hydro_newton_step failed to accept
       retry log10(dt/yr), log10(dt), retry_factor     1  1154       -6.266005        1.233107        0.500000
hydro_newton_step failed to accept
       retry log10(dt/yr), log10(dt), retry_factor     1  1155       -6.663945        0.835167        0.500000
       retry log10(dt/yr), log10(dt), retry_factor     1  1156       -6.964975        0.534137        0.500000
       retry log10(dt/yr), log10(dt), retry_factor     1  1157       -7.266005        0.233107        0.500000
       retry log10(dt/yr), log10(dt), retry_factor     1  1166       -6.003276        1.495835        0.500000
       retry log10(dt/yr), log10(dt), retry_factor     2  1166       -6.304306        1.194805        0.500000
       retry log10(dt/yr), log10(dt), retry_factor     1  1168       -6.702246        0.796865        0.500000
       retry log10(dt/yr), log10(dt), retry_factor     2  1168       -7.003276        0.495835        0.500000
hydro_newton_step failed to accept
       retry log10(dt/yr), log10(dt), retry_factor     1  1172       -7.003276        0.495835        0.500000
       retry log10(dt/yr), log10(dt), retry_factor     1  1173       -7.003276        0.495835        0.500000
       retry log10(dt/yr), log10(dt), retry_factor     1  1175       -7.304306        0.194805        0.500000
       retry log10(dt/yr), log10(dt), retry_factor     1  1176       -7.605336       -0.106225        0.500000
       retry log10(dt/yr), log10(dt), retry_factor     1  1179       -7.906366       -0.407255        0.500000
       retry log10(dt/yr), log10(dt), retry_factor     1  1180       -8.302630       -0.803518        0.500000
       retry log10(dt/yr), log10(dt), retry_factor     2  1180       -8.603660       -1.104548        0.500000
       retry log10(dt/yr), log10(dt), retry_factor     1  1212       -9.314563       -1.815451        0.500000
       retry log10(dt/yr), log10(dt), retry_factor     1  1269       -7.542407       -0.043295        0.500000
hydro_newton_step failed to accept
       retry log10(dt/yr), log10(dt), retry_factor     2  1269       -7.843437       -0.344325        0.500000
hydro_newton_step failed to accept
       retry log10(dt/yr), log10(dt), retry_factor     1  1272       -8.435197       -0.936085        0.500000
       retry log10(dt/yr), log10(dt), retry_factor     1  1305       -7.722027       -0.222916        0.500000
       retry log10(dt/yr), log10(dt), retry_factor     2  1305       -8.023057       -0.523946        0.500000
 have reached retry limit so now backup
       retry log10(dt/yr), log10(dt), retry_factor     1  1311       -7.420997        0.078114        0.500000
       retry log10(dt/yr), log10(dt), retry_factor     1  1312       -7.722027       -0.222916        0.500000
       retry log10(dt/yr), log10(dt), retry_factor     2  1312       -8.023057       -0.523946        0.500000
 have reached retry limit so now backup
       retry log10(dt/yr), log10(dt), retry_factor     1  1318       -7.420997        0.078114        0.500000
       retry log10(dt/yr), log10(dt), retry_factor     1  1319       -7.722027       -0.222916        0.500000
       retry log10(dt/yr), log10(dt), retry_factor     2  1319       -8.023057       -0.523946        0.500000
 have reached retry limit so now backup
       retry log10(dt/yr), log10(dt), retry_factor     1  1327       -7.485841        0.013271        0.500000
       retry log10(dt/yr), log10(dt), retry_factor     2  1327       -7.786871       -0.287759        0.500000
       retry log10(dt/yr), log10(dt), retry_factor     1  1372       -5.589163        1.909949        0.500000
       retry log10(dt/yr), log10(dt), retry_factor     2  1372       -5.890193        1.608919        0.500000
 have reached retry limit so now backup
       retry log10(dt/yr), log10(dt), retry_factor     1  1377       -5.772699        1.726413        0.500000
       retry log10(dt/yr), log10(dt), retry_factor     1  1378       -6.073729        1.425383        0.500000
       retry log10(dt/yr), log10(dt), retry_factor     2  1378       -6.374759        1.124353        0.500000
       retry log10(dt/yr), log10(dt), retry_factor     1  1386       -5.401679        2.097433        0.500000
hydro_newton_step failed to accept
       retry log10(dt/yr), log10(dt), retry_factor     2  1386       -5.702709        1.796403        0.500000
 have reached retry limit so now backup
       retry log10(dt/yr), log10(dt), retry_factor     1  1392       -5.418593        2.080518        0.500000
       retry log10(dt/yr), log10(dt), retry_factor     1  1393       -5.816533        1.682578        0.500000
       retry log10(dt/yr), log10(dt), retry_factor     1  1394       -6.117563        1.381548        0.500000
       retry log10(dt/yr), log10(dt), retry_factor     1  1401       -5.386673        2.112439        0.500000
       retry log10(dt/yr), log10(dt), retry_factor     1  1406       -5.562143        1.936969        0.500000
       retry log10(dt/yr), log10(dt), retry_factor     2  1406       -5.863173        1.635939        0.500000
 have reached retry limit so now backup
       retry log10(dt/yr), log10(dt), retry_factor     1  1414       -5.577920        1.921192        0.500000
       retry log10(dt/yr), log10(dt), retry_factor     2  1414       -5.878950        1.620162        0.500000
 have reached retry limit so now backup
       retry log10(dt/yr), log10(dt), retry_factor     1  1420       -5.602591        1.896521        0.500000
       retry log10(dt/yr), log10(dt), retry_factor     1  1424       -5.725259        1.773853        0.500000
hydro_newton_step failed to accept
       retry log10(dt/yr), log10(dt), retry_factor     1  1425       -6.123199        1.375913        0.500000
hydro_newton_step failed to accept
       retry log10(dt/yr), log10(dt), retry_factor     1  1426       -6.521139        0.977973        0.500000
       retry log10(dt/yr), log10(dt), retry_factor     1  1430       -6.090846        1.408265        0.500000
hydro_newton_step failed to accept
       retry log10(dt/yr), log10(dt), retry_factor     1  1431       -6.488786        1.010325        0.500000
hydro_newton_step failed to accept
       retry log10(dt/yr), log10(dt), retry_factor     1  1432       -6.886726        0.612385        0.500000
       retry log10(dt/yr), log10(dt), retry_factor     1  1433       -7.187756        0.311355        0.500000
       retry log10(dt/yr), log10(dt), retry_factor     1  1440       -6.284666        1.214445        0.500000
       retry log10(dt/yr), log10(dt), retry_factor     1  1441       -6.585696        0.913415        0.500000
       retry log10(dt/yr), log10(dt), retry_factor     1  1442       -6.886726        0.612385        0.500000
       retry log10(dt/yr), log10(dt), retry_factor     1  1443       -7.187756        0.311355        0.500000
       retry log10(dt/yr), log10(dt), retry_factor     1  1445       -7.488786        0.010325        0.500000
       retry log10(dt/yr), log10(dt), retry_factor     1  1447       -7.789816       -0.290705        0.500000
       retry log10(dt/yr), log10(dt), retry_factor     1  1451       -8.276770       -0.777659        0.500000
       retry log10(dt/yr), log10(dt), retry_factor     1  1474       -9.244023       -1.744912        0.500000
 bad other yaxis for History panels plot num_zones

 ERROR: failed to find log_Teff in history data

 grid1/grid1_001500.png/png
       retry log10(dt/yr), log10(dt), retry_factor     1  1536       -7.510204       -0.011092        0.500000
hydro_newton_step failed to accept
       retry log10(dt/yr), log10(dt), retry_factor     2  1536       -7.811234       -0.312122        0.500000
hydro_newton_step failed to accept
       retry log10(dt/yr), log10(dt), retry_factor     1  1538       -8.306084       -0.806973        0.500000
       retry log10(dt/yr), log10(dt), retry_factor     2  1538       -8.607114       -1.108003        0.500000
       retry log10(dt/yr), log10(dt), retry_factor     1  1566       -7.963399       -0.464287        0.500000
       retry log10(dt/yr), log10(dt), retry_factor     2  1566       -8.264429       -0.765317        0.500000
       retry log10(dt/yr), log10(dt), retry_factor     1  1584       -7.349969        0.149142        0.500000
       retry log10(dt/yr), log10(dt), retry_factor     2  1584       -7.650999       -0.151888        0.500000
 have reached retry limit so now backup
       retry log10(dt/yr), log10(dt), retry_factor     1  1591       -7.441456        0.057655        0.500000
       retry log10(dt/yr), log10(dt), retry_factor     2  1591       -7.742486       -0.243375        0.500000
 have reached retry limit so now backup
       retry log10(dt/yr), log10(dt), retry_factor     1  1634       -5.585894        1.913217        0.500000
       retry log10(dt/yr), log10(dt), retry_factor     1  1638       -5.697010        1.802102        0.500000
       retry log10(dt/yr), log10(dt), retry_factor     1  1643       -5.580851        1.918260        0.500000
       retry log10(dt/yr), log10(dt), retry_factor     1  1648       -5.452966        2.046145        0.500000
       retry log10(dt/yr), log10(dt), retry_factor     1  1649       -5.850906        1.648205        0.500000
       retry log10(dt/yr), log10(dt), retry_factor     1  1656       -5.503962        1.995149        0.500000
       retry log10(dt/yr), log10(dt), retry_factor     2  1656       -5.804992        1.694119        0.500000
 have reached retry limit so now backup
       retry log10(dt/yr), log10(dt), retry_factor     1  1659       -6.106022        1.393089        0.500000
       retry log10(dt/yr), log10(dt), retry_factor     1  1660       -6.407052        1.092059        0.500000
       retry log10(dt/yr), log10(dt), retry_factor     1  1661       -6.708082        0.791029        0.500000
       retry log10(dt/yr), log10(dt), retry_factor     1  1670       -5.343671        2.155440        0.500000
hydro_newton_step failed to accept
       retry log10(dt/yr), log10(dt), retry_factor     2  1670       -5.644701        1.854410        0.500000
 have reached retry limit so now backup
       retry log10(dt/yr), log10(dt), retry_factor     1  1675       -5.343671        2.155440        0.500000
hydro_newton_step failed to accept
       retry log10(dt/yr), log10(dt), retry_factor     2  1675       -5.644701        1.854410        0.500000
 have reached retry limit so now backup
       retry log10(dt/yr), log10(dt), retry_factor     1  1680       -5.612508        1.886604        0.500000
hydro_newton_step failed to accept
       retry log10(dt/yr), log10(dt), retry_factor     1  1681       -6.010448        1.488664        0.500000
       retry log10(dt/yr), log10(dt), retry_factor     1  1682       -6.368937        1.130175        0.500000
       retry log10(dt/yr), log10(dt), retry_factor     2  1682       -6.669967        0.829145        0.500000
       retry log10(dt/yr), log10(dt), retry_factor     1  1683       -6.970997        0.528115        0.500000
hydro_newton_step failed to accept
       retry log10(dt/yr), log10(dt), retry_factor     1  1692       -5.760252        1.738860        0.500000
hydro_newton_step failed to accept
       retry log10(dt/yr), log10(dt), retry_factor     2  1692       -6.061282        1.437830        0.500000
hydro_newton_step failed to accept
       retry log10(dt/yr), log10(dt), retry_factor     1  1693       -6.459222        1.039890        0.500000
       retry log10(dt/yr), log10(dt), retry_factor     1  1694       -6.857162        0.641950        0.500000
       retry log10(dt/yr), log10(dt), retry_factor     1  1695       -7.158192        0.340920        0.500000
       retry log10(dt/yr), log10(dt), retry_factor     1  1703       -5.954072        1.545040        0.500000
       retry log10(dt/yr), log10(dt), retry_factor     1  1704       -6.255102        1.244010        0.500000
hydro_newton_step failed to accept
       retry log10(dt/yr), log10(dt), retry_factor     2  1704       -6.556132        0.942980        0.500000
hydro_newton_step failed to accept
       retry log10(dt/yr), log10(dt), retry_factor     1  1706       -6.954072        0.545040        0.500000
       retry log10(dt/yr), log10(dt), retry_factor     1  1708       -6.954072        0.545040        0.500000
       retry log10(dt/yr), log10(dt), retry_factor     1  1710       -7.255102        0.244010        0.500000
       retry log10(dt/yr), log10(dt), retry_factor     1  1711       -7.556132       -0.057020        0.500000
       retry log10(dt/yr), log10(dt), retry_factor     1  1712       -7.857162       -0.358050        0.500000
       retry log10(dt/yr), log10(dt), retry_factor     1  1715       -8.255102       -0.755990        0.500000
       retry log10(dt/yr), log10(dt), retry_factor     1  1716       -8.556132       -1.057020        0.500000
       retry log10(dt/yr), log10(dt), retry_factor     1  1723       -8.665140       -1.166029        0.500000
       retry log10(dt/yr), log10(dt), retry_factor     1  1751       -9.261980       -1.762868        0.500000
       retry log10(dt/yr), log10(dt), retry_factor     1  1795       -7.579926       -0.080815        0.500000
       retry log10(dt/yr), log10(dt), retry_factor     2  1795       -7.880956       -0.381845        0.500000
 have reached retry limit so now backup
       retry log10(dt/yr), log10(dt), retry_factor     1  1796       -8.181986       -0.682875        0.500000
       retry log10(dt/yr), log10(dt), retry_factor     2  1796       -8.483016       -0.983905        0.500000
 have reached retry limit so now backup
       retry log10(dt/yr), log10(dt), retry_factor     1  1797       -8.784046       -1.284935        0.500000
       retry log10(dt/yr), log10(dt), retry_factor     2  1797       -9.085076       -1.585965        0.500000
 have reached retry limit so now backup
       retry log10(dt/yr), log10(dt), retry_factor     1  1800       -9.386106       -1.886995        0.500000
       retry log10(dt/yr), log10(dt), retry_factor     2  1800       -9.687136       -2.188025        0.500000
 have reached retry limit so now backup
       retry log10(dt/yr), log10(dt), retry_factor     1  1803       -9.988166       -2.489055        0.500000
       retry log10(dt/yr), log10(dt), retry_factor     2  1803      -10.289196       -2.790085        0.500000
 have reached retry limit so now backup
       retry log10(dt/yr), log10(dt), retry_factor     1  1805      -10.590226       -3.091115        0.500000
       retry log10(dt/yr), log10(dt), retry_factor     2  1805      -10.891256       -3.392145        0.500000
 have reached retry limit so now backup
       retry log10(dt/yr), log10(dt), retry_factor     1  1822       -7.246981        0.252131        0.500000
hydro_newton_step failed to accept
       retry log10(dt/yr), log10(dt), retry_factor     2  1822       -7.548011       -0.048899        0.500000
       retry log10(dt/yr), log10(dt), retry_factor     1  1827       -8.042861       -0.543749        0.500000
       retry log10(dt/yr), log10(dt), retry_factor     2  1827       -8.343891       -0.844779        0.500000
       retry log10(dt/yr), log10(dt), retry_factor     1  1829       -8.644921       -1.145809        0.500000
       retry log10(dt/yr), log10(dt), retry_factor     1  1835       -8.042861       -0.543749        0.500000
       retry log10(dt/yr), log10(dt), retry_factor     1  1840       -7.971937       -0.472826        0.500000
       retry log10(dt/yr), log10(dt), retry_factor     1  1841       -8.280831       -0.781720        0.500000
hydro_newton_step failed to accept
       retry log10(dt/yr), log10(dt), retry_factor     2  1841       -8.581861       -1.082750        0.500000
       retry log10(dt/yr), log10(dt), retry_factor     1  1847       -7.979801       -0.480690        0.500000
       retry log10(dt/yr), log10(dt), retry_factor     2  1847       -8.280831       -0.781720        0.500000
 have reached retry limit so now backup
       retry log10(dt/yr), log10(dt), retry_factor     1  1854       -7.963865       -0.464753        0.500000
       retry log10(dt/yr), log10(dt), retry_factor     1  1886       -7.702129       -0.203018        0.500000
       retry log10(dt/yr), log10(dt), retry_factor     1  1896       -7.299163        0.199949        0.500000
       retry log10(dt/yr), log10(dt), retry_factor     2  1896       -7.600193       -0.101081        0.500000
 have reached retry limit so now backup
       retry log10(dt/yr), log10(dt), retry_factor     1  1937       -5.629029        1.870082        0.500000
       retry log10(dt/yr), log10(dt), retry_factor     1  1942       -5.574966        1.924145        0.500000
       retry log10(dt/yr), log10(dt), retry_factor     2  1942       -5.875996        1.623115        0.500000
       retry log10(dt/yr), log10(dt), retry_factor     1  1943       -6.177026        1.322085        0.500000
       retry log10(dt/yr), log10(dt), retry_factor     1  1944       -6.478056        1.021055        0.500000
       retry log10(dt/yr), log10(dt), retry_factor     1  1952       -5.455316        2.043796        0.500000
hydro_newton_step failed to accept
       retry log10(dt/yr), log10(dt), retry_factor     2  1952       -5.756346        1.742766        0.500000
 have reached retry limit so now backup
       retry log10(dt/yr), log10(dt), retry_factor     1  1961       -5.773785        1.725326        0.500000
       retry log10(dt/yr), log10(dt), retry_factor     1  1967       -5.258899        2.240213        0.500000
hydro_newton_step failed to accept
       retry log10(dt/yr), log10(dt), retry_factor     2  1967       -5.559929        1.939183        0.500000
 have reached retry limit so now backup
       retry log10(dt/yr), log10(dt), retry_factor     1  1972       -5.355809        2.143303        0.500000
hydro_newton_step failed to accept
       retry log10(dt/yr), log10(dt), retry_factor     2  1972       -5.656839        1.842273        0.500000
 have reached retry limit so now backup
       retry log10(dt/yr), log10(dt), retry_factor     1  1973       -6.151689        1.347423        0.500000
       retry log10(dt/yr), log10(dt), retry_factor     1  1979       -5.549629        1.949483        0.500000
       retry log10(dt/yr), log10(dt), retry_factor     1  1980       -5.850659        1.648453        0.500000
hydro_newton_step failed to accept
       retry log10(dt/yr), log10(dt), retry_factor     1  1981       -6.248599        1.250513        0.500000
       retry log10(dt/yr), log10(dt), retry_factor     1  1982       -6.549629        0.949483        0.500000
       retry log10(dt/yr), log10(dt), retry_factor     1  1983       -6.850659        0.648453        0.500000
       retry log10(dt/yr), log10(dt), retry_factor     1  1992       -5.743449        1.755662        0.500000
       retry log10(dt/yr), log10(dt), retry_factor     2  1992       -6.044479        1.454632        0.500000
 have reached retry limit so now backup
hydro_newton_step failed to accept
       retry log10(dt/yr), log10(dt), retry_factor     1  1996       -6.151148        1.347964        0.500000
       retry log10(dt/yr), log10(dt), retry_factor     1  1997       -6.512765        0.986347        0.500000
       retry log10(dt/yr), log10(dt), retry_factor     2  1997       -6.813795        0.685317        0.500000
       2000   8.402963  4.107E+06   1.758586   1.806813   1.400000   1.400000   0.000000   0.000000   0.275200   0.047394  15.277430   1188    351
  -6.512765   6.741698  -4.792649   0.524790   0.931194  -8.522879   0.000000   0.000000   0.000000   0.020000   0.036464  95.578104      6     48
 2.1606E-03  23.380177   1.822156   0.529992  13.715703  -1.030812   0.000000   0.000000   0.000000   0.000687  9.161E-01 -0.561E-14          hold

save LOGS/profile5.data for model 2000
save photos/2000 for model 2000
 bad other yaxis for History panels plot num_zones

 ERROR: failed to find log_Teff in history data

 grid1/grid1_002000.png/png
hydro_newton_step failed to accept
       retry log10(dt/yr), log10(dt), retry_factor     1  2003       -6.385759        1.113353        0.500000
       retry log10(dt/yr), log10(dt), retry_factor     1  2005       -6.147979        1.351132        0.500000
hydro_newton_step failed to accept
       retry log10(dt/yr), log10(dt), retry_factor     2  2005       -6.449009        1.050102        0.500000
hydro_newton_step failed to accept
       retry log10(dt/yr), log10(dt), retry_factor     1  2011       -6.124906        1.374206        0.500000
hydro_newton_step failed to accept
       retry log10(dt/yr), log10(dt), retry_factor     2  2011       -6.425936        1.073176        0.500000
       retry log10(dt/yr), log10(dt), retry_factor     1  2015       -6.222415        1.276697        0.500000
hydro_newton_step failed to accept
       retry log10(dt/yr), log10(dt), retry_factor     2  2015       -6.523445        0.975667        0.500000
       retry log10(dt/yr), log10(dt), retry_factor     1  2017       -6.824475        0.674637        0.500000
hydro_newton_step failed to accept
       retry log10(dt/yr), log10(dt), retry_factor     2  2017       -7.125505        0.373607        0.500000
       retry log10(dt/yr), log10(dt), retry_factor     1  2020       -7.426535        0.072577        0.500000
       retry log10(dt/yr), log10(dt), retry_factor     2  2020       -7.727565       -0.228453        0.500000
       retry log10(dt/yr), log10(dt), retry_factor     1  2024       -7.727565       -0.228453        0.500000
       retry log10(dt/yr), log10(dt), retry_factor     2  2024       -8.028595       -0.529483        0.500000
 have reached retry limit so now backup
       retry log10(dt/yr), log10(dt), retry_factor     1  2029       -7.727565       -0.228453        0.500000
       retry log10(dt/yr), log10(dt), retry_factor     1  2030       -8.028595       -0.529483        0.500000
       retry log10(dt/yr), log10(dt), retry_factor     1  2031       -8.371166       -0.872055        0.500000
       retry log10(dt/yr), log10(dt), retry_factor     1  2042       -8.903902       -1.404791        0.500000
       retry log10(dt/yr), log10(dt), retry_factor     1  2122       -7.238033        0.261078        0.500000
       retry log10(dt/yr), log10(dt), retry_factor     2  2122       -7.539063       -0.039952        0.500000
 have reached retry limit so now backup
       retry log10(dt/yr), log10(dt), retry_factor     1  2123       -7.840093       -0.340982        0.500000
       retry log10(dt/yr), log10(dt), retry_factor     2  2123       -8.141123       -0.642012        0.500000
 have reached retry limit so now backup
       retry log10(dt/yr), log10(dt), retry_factor     1  2123       -8.442153       -0.943042        0.500000
       retry log10(dt/yr), log10(dt), retry_factor     2  2123       -8.743183       -1.244072        0.500000
 have reached retry limit so now backup
       retry log10(dt/yr), log10(dt), retry_factor     1  2125       -9.044213       -1.545102        0.500000
       retry log10(dt/yr), log10(dt), retry_factor     2  2125       -9.345243       -1.846132        0.500000
 have reached retry limit so now backup
       retry log10(dt/yr), log10(dt), retry_factor     1  2127       -9.646273       -2.147162        0.500000
       retry log10(dt/yr), log10(dt), retry_factor     2  2127       -9.947303       -2.448192        0.500000
 have reached retry limit so now backup
       retry log10(dt/yr), log10(dt), retry_factor     1  2129      -10.248333       -2.749222        0.500000
       retry log10(dt/yr), log10(dt), retry_factor     2  2129      -10.549363       -3.050252        0.500000
 have reached retry limit so now backup
       retry log10(dt/yr), log10(dt), retry_factor     1  2131      -10.850393       -3.351282        0.500000
       retry log10(dt/yr), log10(dt), retry_factor     1  2151       -7.560483       -0.061371        0.500000
hydro_newton_step failed to accept
       retry log10(dt/yr), log10(dt), retry_factor     2  2151       -7.861513       -0.362401        0.500000
 have reached retry limit so now backup
hydro_newton_step failed to accept
       retry log10(dt/yr), log10(dt), retry_factor     1  2155       -8.453273       -0.954161        0.500000
hydro_newton_step failed to accept
       retry log10(dt/yr), log10(dt), retry_factor     2  2155       -8.754303       -1.255191        0.500000
       retry log10(dt/yr), log10(dt), retry_factor     1  2190       -7.568808       -0.069697        0.500000
       retry log10(dt/yr), log10(dt), retry_factor     2  2190       -7.869838       -0.370727        0.500000
 have reached retry limit so now backup
       retry log10(dt/yr), log10(dt), retry_factor     1  2198       -7.597983       -0.098871        0.500000
hydro_newton_step failed to accept
       retry log10(dt/yr), log10(dt), retry_factor     2  2198       -7.899013       -0.399901        0.500000
       retry log10(dt/yr), log10(dt), retry_factor     1  2205       -7.264372        0.234739        0.500000
hydro_newton_step failed to accept
       retry log10(dt/yr), log10(dt), retry_factor     2  2205       -7.565402       -0.066291        0.500000
 have reached retry limit so now backup
       retry log10(dt/yr), log10(dt), retry_factor     1  2211       -7.224397        0.274714        0.500000
hydro_newton_step failed to accept
       retry log10(dt/yr), log10(dt), retry_factor     2  2211       -7.525427       -0.026316        0.500000
 have reached retry limit so now backup
       retry log10(dt/yr), log10(dt), retry_factor     1  2213       -7.826457       -0.327346        0.500000
       retry log10(dt/yr), log10(dt), retry_factor     1  2254       -5.610627        1.888484        0.500000
       retry log10(dt/yr), log10(dt), retry_factor     2  2254       -5.911657        1.587454        0.500000
 have reached retry limit so now backup
       retry log10(dt/yr), log10(dt), retry_factor     1  2259       -5.823963        1.675149        0.500000
       retry log10(dt/yr), log10(dt), retry_factor     1  2265       -5.518608        1.980503        0.500000
       retry log10(dt/yr), log10(dt), retry_factor     1  2274       -5.450974        2.048138        0.500000
       retry log10(dt/yr), log10(dt), retry_factor     1  2279       -5.444765        2.054346        0.500000
       retry log10(dt/yr), log10(dt), retry_factor     1  2280       -5.745795        1.753316        0.500000
       retry log10(dt/yr), log10(dt), retry_factor     2  2280       -6.046825        1.452286        0.500000
 have reached retry limit so now backup
       retry log10(dt/yr), log10(dt), retry_factor     1  2283       -6.347855        1.151256        0.500000
       retry log10(dt/yr), log10(dt), retry_factor     1  2290       -5.609929        1.889183        0.500000
hydro_newton_step failed to accept
       retry log10(dt/yr), log10(dt), retry_factor     1  2291       -6.007869        1.491243        0.500000
       retry log10(dt/yr), log10(dt), retry_factor     1  2296       -5.737039        1.762073        0.500000
hydro_newton_step failed to accept
       retry log10(dt/yr), log10(dt), retry_factor     2  2296       -6.038069        1.461043        0.500000
hydro_newton_step failed to accept
       retry log10(dt/yr), log10(dt), retry_factor     1  2297       -6.436009        1.063103        0.500000
       retry log10(dt/yr), log10(dt), retry_factor     1  2298       -6.737039        0.762073        0.500000
       retry log10(dt/yr), log10(dt), retry_factor     1  2299       -7.038069        0.461043        0.500000
       retry log10(dt/yr), log10(dt), retry_factor     1  2308       -5.756142        1.742970        0.500000
hydro_newton_step failed to accept
       retry log10(dt/yr), log10(dt), retry_factor     1  2309       -6.154082        1.345030        0.500000
       retry log10(dt/yr), log10(dt), retry_factor     2  2309       -6.455112        1.044000        0.500000
 have reached retry limit so now backup
hydro_newton_step failed to accept
       retry log10(dt/yr), log10(dt), retry_factor     1  2313       -6.534884        0.964227        0.500000
       retry log10(dt/yr), log10(dt), retry_factor     1  2315       -6.293105        1.206006        0.500000
hydro_newton_step failed to accept
       retry log10(dt/yr), log10(dt), retry_factor     2  2315       -6.594135        0.904976        0.500000
       retry log10(dt/yr), log10(dt), retry_factor     1  2321       -5.992075        1.507036        0.500000
       retry log10(dt/yr), log10(dt), retry_factor     1  2323       -6.293105        1.206006        0.500000
hydro_newton_step failed to accept
       retry log10(dt/yr), log10(dt), retry_factor     1  2324       -6.691045        0.808066        0.500000
hydro_newton_step failed to accept
       retry log10(dt/yr), log10(dt), retry_factor     2  2324       -6.992075        0.507036        0.500000
 have reached retry limit so now backup
hydro_newton_step failed to accept
       retry log10(dt/yr), log10(dt), retry_factor     1  2328       -7.048255        0.450857        0.500000
       retry log10(dt/yr), log10(dt), retry_factor     1  2332       -6.424711        1.074400        0.500000
       retry log10(dt/yr), log10(dt), retry_factor     1  2333       -6.725741        0.773370        0.500000
       retry log10(dt/yr), log10(dt), retry_factor     1  2334       -7.026771        0.472340        0.500000
       retry log10(dt/yr), log10(dt), retry_factor     1  2337       -7.327801        0.171310        0.500000
       retry log10(dt/yr), log10(dt), retry_factor     1  2338       -7.628831       -0.129720        0.500000
       retry log10(dt/yr), log10(dt), retry_factor     1  2340       -7.929861       -0.430750        0.500000
       retry log10(dt/yr), log10(dt), retry_factor     1  2341       -8.230891       -0.731780        0.500000
hydro_newton_step failed to accept
       retry log10(dt/yr), log10(dt), retry_factor     1  2383       -9.157844       -1.658732        0.500000
       retry log10(dt/yr), log10(dt), retry_factor     1  2429       -7.846217       -0.347105        0.500000
       retry log10(dt/yr), log10(dt), retry_factor     1  2430       -8.244157       -0.745045        0.500000
       retry log10(dt/yr), log10(dt), retry_factor     1  2435       -8.055208       -0.556096        0.500000
       retry log10(dt/yr), log10(dt), retry_factor     1  2440       -7.991017       -0.491905        0.500000
       retry log10(dt/yr), log10(dt), retry_factor     1  2476       -7.547262       -0.048151        0.500000
       retry log10(dt/yr), log10(dt), retry_factor     2  2476       -7.848292       -0.349181        0.500000
 have reached retry limit so now backup
       retry log10(dt/yr), log10(dt), retry_factor     1  2483       -7.592918       -0.093806        0.500000
       retry log10(dt/yr), log10(dt), retry_factor     2  2483       -7.893948       -0.394836        0.500000
 bad other yaxis for History panels plot num_zones

 ERROR: failed to find log_Teff in history data

 grid1/grid1_002500.png/png
       retry log10(dt/yr), log10(dt), retry_factor     1  2530       -5.575298        1.923814        0.500000
       retry log10(dt/yr), log10(dt), retry_factor     1  2538       -5.712625        1.786487        0.500000
       retry log10(dt/yr), log10(dt), retry_factor     2  2538       -6.013655        1.485457        0.500000
       retry log10(dt/yr), log10(dt), retry_factor     1  2539       -6.314685        1.184427        0.500000
       retry log10(dt/yr), log10(dt), retry_factor     1  2540       -6.615715        0.883397        0.500000
       retry log10(dt/yr), log10(dt), retry_factor     1  2549       -5.376038        2.123073        0.500000
       retry log10(dt/yr), log10(dt), retry_factor     2  2549       -5.677068        1.822043        0.500000
       retry log10(dt/yr), log10(dt), retry_factor     1  2551       -6.127121        1.371990        0.500000
       retry log10(dt/yr), log10(dt), retry_factor     1  2558       -5.382227        2.116885        0.500000
       retry log10(dt/yr), log10(dt), retry_factor     1  2559       -5.780167        1.718945        0.500000
       retry log10(dt/yr), log10(dt), retry_factor     1  2565       -5.583413        1.915699        0.500000
       retry log10(dt/yr), log10(dt), retry_factor     2  2565       -5.884443        1.614669        0.500000
       retry log10(dt/yr), log10(dt), retry_factor     1  2566       -6.246603        1.252509        0.500000
       retry log10(dt/yr), log10(dt), retry_factor     2  2566       -6.547633        0.951479        0.500000
       retry log10(dt/yr), log10(dt), retry_factor     1  2567       -6.848663        0.650449        0.500000
       retry log10(dt/yr), log10(dt), retry_factor     1  2576       -5.343513        2.155599        0.500000
hydro_newton_step failed to accept
       retry log10(dt/yr), log10(dt), retry_factor     2  2576       -5.644543        1.854569        0.500000
 have reached retry limit so now backup
hydro_newton_step failed to accept
       retry log10(dt/yr), log10(dt), retry_factor     1  2577       -6.139393        1.359719        0.500000
       retry log10(dt/yr), log10(dt), retry_factor     1  2578       -6.440423        1.058689        0.500000
       retry log10(dt/yr), log10(dt), retry_factor     2  2578       -6.741453        0.757659        0.500000
       retry log10(dt/yr), log10(dt), retry_factor     1  2579       -7.042483        0.456629        0.500000
hydro_newton_step failed to accept
       retry log10(dt/yr), log10(dt), retry_factor     1  2588       -5.770187        1.728924        0.500000
       retry log10(dt/yr), log10(dt), retry_factor     1  2589       -6.168127        1.330984        0.500000
       retry log10(dt/yr), log10(dt), retry_factor     2  2589       -6.469157        1.029954        0.500000
 have reached retry limit so now backup
       retry log10(dt/yr), log10(dt), retry_factor     1  2593       -6.867097        0.632014        0.500000
       retry log10(dt/yr), log10(dt), retry_factor     1  2594       -7.168127        0.330984        0.500000
       retry log10(dt/yr), log10(dt), retry_factor     1  2602       -5.964007        1.535104        0.500000
       retry log10(dt/yr), log10(dt), retry_factor     1  2604       -6.265037        1.234074        0.500000
       retry log10(dt/yr), log10(dt), retry_factor     2  2604       -6.566067        0.933044        0.500000
hydro_newton_step failed to accept
       retry log10(dt/yr), log10(dt), retry_factor     1  2605       -6.964007        0.535104        0.500000
       retry log10(dt/yr), log10(dt), retry_factor     1  2606       -7.265037        0.234074        0.500000
       retry log10(dt/yr), log10(dt), retry_factor     1  2612       -6.662977        0.836134        0.500000
hydro_newton_step failed to accept
       retry log10(dt/yr), log10(dt), retry_factor     1  2614       -6.964007        0.535104        0.500000
       retry log10(dt/yr), log10(dt), retry_factor     1  2616       -6.964007        0.535104        0.500000
       retry log10(dt/yr), log10(dt), retry_factor     2  2616       -7.265037        0.234074        0.500000
       retry log10(dt/yr), log10(dt), retry_factor     1  2619       -7.566067       -0.066956        0.500000
       retry log10(dt/yr), log10(dt), retry_factor     1  2621       -7.867097       -0.367986        0.500000
       retry log10(dt/yr), log10(dt), retry_factor     1  2622       -8.265037       -0.765926        0.500000
       retry log10(dt/yr), log10(dt), retry_factor     1  2631       -8.613412       -1.114300        0.500000
hydro_newton_step failed to accept
       retry log10(dt/yr), log10(dt), retry_factor     1  2653       -9.178974       -1.679862        0.500000
       retry log10(dt/yr), log10(dt), retry_factor     1  2698       -7.952834       -0.453722        0.500000
       retry log10(dt/yr), log10(dt), retry_factor     2  2698       -8.253864       -0.754752        0.500000
 have reached retry limit so now backup
       retry log10(dt/yr), log10(dt), retry_factor     1  2699       -8.554894       -1.055782        0.500000
       retry log10(dt/yr), log10(dt), retry_factor     2  2699       -8.855924       -1.356812        0.500000
 have reached retry limit so now backup
       retry log10(dt/yr), log10(dt), retry_factor     1  2699       -9.156954       -1.657842        0.500000
       retry log10(dt/yr), log10(dt), retry_factor     2  2699       -9.457984       -1.958872        0.500000
 have reached retry limit so now backup
       retry log10(dt/yr), log10(dt), retry_factor     1  2700       -9.759014       -2.259902        0.500000
       retry log10(dt/yr), log10(dt), retry_factor     2  2700      -10.060044       -2.560932        0.500000
 have reached retry limit so now backup
       retry log10(dt/yr), log10(dt), retry_factor     1  2702      -10.361074       -2.861962        0.500000
       retry log10(dt/yr), log10(dt), retry_factor     2  2702      -10.662104       -3.162992        0.500000
 have reached retry limit so now backup
       retry log10(dt/yr), log10(dt), retry_factor     1  2702      -10.963134       -3.464022        0.500000
       retry log10(dt/yr), log10(dt), retry_factor     2  2702      -11.264164       -3.765052        0.500000
       retry log10(dt/yr), log10(dt), retry_factor     1  2714       -9.021024       -1.521912        0.500000
       retry log10(dt/yr), log10(dt), retry_factor     1  2728       -7.588446       -0.089334        0.500000
hydro_newton_step failed to accept
       retry log10(dt/yr), log10(dt), retry_factor     1  2729       -7.986386       -0.487274        0.500000
       retry log10(dt/yr), log10(dt), retry_factor     2  2729       -8.287416       -0.788304        0.500000
 have reached retry limit so now backup
hydro_newton_step failed to accept
       retry log10(dt/yr), log10(dt), retry_factor     1  2731       -8.590150       -1.091038        0.500000
       retry log10(dt/yr), log10(dt), retry_factor     1  2767       -7.740578       -0.241466        0.500000
       retry log10(dt/yr), log10(dt), retry_factor     2  2767       -8.041608       -0.542496        0.500000
       retry log10(dt/yr), log10(dt), retry_factor     1  2774       -7.524749       -0.025637        0.500000
       retry log10(dt/yr), log10(dt), retry_factor     1  2778       -7.596673       -0.097562        0.500000
       retry log10(dt/yr), log10(dt), retry_factor     2  2778       -7.897703       -0.398592        0.500000
       retry log10(dt/yr), log10(dt), retry_factor     1  2825       -5.732133        1.766978        0.500000
       retry log10(dt/yr), log10(dt), retry_factor     1  2826       -6.106429        1.392682        0.500000
       retry log10(dt/yr), log10(dt), retry_factor     1  2827       -6.407459        1.091652        0.500000
       retry log10(dt/yr), log10(dt), retry_factor     1  2838       -5.493377        2.005735        0.500000
hydro_newton_step failed to accept
       retry log10(dt/yr), log10(dt), retry_factor     2  2838       -5.794407        1.704705        0.500000
 have reached retry limit so now backup
       retry log10(dt/yr), log10(dt), retry_factor     1  2844       -5.554003        1.945109        0.500000
       retry log10(dt/yr), log10(dt), retry_factor     2  2844       -5.855033        1.644079        0.500000
       retry log10(dt/yr), log10(dt), retry_factor     1  2845       -6.156063        1.343049        0.500000
       retry log10(dt/yr), log10(dt), retry_factor     2  2845       -6.457093        1.042019        0.500000
       retry log10(dt/yr), log10(dt), retry_factor     1  2853       -5.471065        2.028046        0.500000
       retry log10(dt/yr), log10(dt), retry_factor     1  2857       -5.546391        1.952721        0.500000
hydro_newton_step failed to accept
       retry log10(dt/yr), log10(dt), retry_factor     1  2858       -5.944331        1.554781        0.500000
       retry log10(dt/yr), log10(dt), retry_factor     1  2859       -6.245361        1.253751        0.500000
       retry log10(dt/yr), log10(dt), retry_factor     1  2866       -5.542161        1.956951        0.500000
hydro_newton_step failed to accept
       retry log10(dt/yr), log10(dt), retry_factor     1  2867       -5.940101        1.559011        0.500000
hydro_newton_step failed to accept
       retry log10(dt/yr), log10(dt), retry_factor     2  2867       -6.241131        1.257981        0.500000
       retry log10(dt/yr), log10(dt), retry_factor     1  2868       -6.542161        0.956951        0.500000
       retry log10(dt/yr), log10(dt), retry_factor     2  2868       -6.843191        0.655921        0.500000
       retry log10(dt/yr), log10(dt), retry_factor     1  2876       -5.639071        1.860041        0.500000
       retry log10(dt/yr), log10(dt), retry_factor     1  2877       -5.940101        1.559011        0.500000
       retry log10(dt/yr), log10(dt), retry_factor     1  2882       -5.816705        1.682407        0.500000
hydro_newton_step failed to accept
       retry log10(dt/yr), log10(dt), retry_factor     1  2886       -5.878291        1.620820        0.500000
       retry log10(dt/yr), log10(dt), retry_factor     1  2887       -5.878291        1.620820        0.500000
       retry log10(dt/yr), log10(dt), retry_factor     1  2889       -6.276231        1.222880        0.500000
       retry log10(dt/yr), log10(dt), retry_factor     2  2889       -6.577261        0.921850        0.500000
 have reached retry limit so now backup
       retry log10(dt/yr), log10(dt), retry_factor     1  2893       -6.975201        0.523910        0.500000
hydro_newton_step failed to accept
       retry log10(dt/yr), log10(dt), retry_factor     1  2898       -6.820393        0.678719        0.500000
       retry log10(dt/yr), log10(dt), retry_factor     1  2899       -7.218333        0.280779        0.500000
       retry log10(dt/yr), log10(dt), retry_factor     1  2906       -6.315243        1.183869        0.500000
       retry log10(dt/yr), log10(dt), retry_factor     2  2906       -6.616273        0.882839        0.500000
hydro_newton_step failed to accept
       retry log10(dt/yr), log10(dt), retry_factor     1  2907       -6.917303        0.581809        0.500000
       retry log10(dt/yr), log10(dt), retry_factor     1  2909       -7.218333        0.280779        0.500000
       retry log10(dt/yr), log10(dt), retry_factor     1  2912       -7.519363       -0.020251        0.500000
       retry log10(dt/yr), log10(dt), retry_factor     1  2913       -7.820393       -0.321281        0.500000
       retry log10(dt/yr), log10(dt), retry_factor     1  2918       -8.315243       -0.816131        0.500000
       retry log10(dt/yr), log10(dt), retry_factor     1  2923       -8.835164       -1.336053        0.500000
hydro_newton_step failed to accept
       retry log10(dt/yr), log10(dt), retry_factor     1  2946       -9.138146       -1.639035        0.500000
       retry log10(dt/yr), log10(dt), retry_factor     1  2950       -9.294927       -1.795815        0.500000

stop because model_number >= max_model_number
     3000     3000

       3000   8.850573  1.589E+07   2.834655   5.459716   1.400000   1.400000   0.000000   0.000000   0.275200   0.020409   5.309739   1390    537
  -7.230516   6.759251  -4.791581   2.500109   3.566793  -8.522879   0.000000   0.000000   0.000000   0.020000   0.016901  34.562047      6     74
 2.9783E-03  23.455954   4.174344   5.458207  14.649119  -0.874204   0.000000   0.000000   0.000000   0.000687  9.627E-01 -0.136E-09      lgT_cntr

save LOGS/profile6.data for model 3000
save photos/3000 for model 3000
save final_profile_r_se70_pn_br70_01.data for model 3000
 saved to final.mod
termination code: max_model_number
 bad other yaxis for History panels plot num_zones

 ERROR: failed to find log_Teff in history data

 grid1/grid1_003000.png/png
       3000   8.850573  1.589E+07   2.834655   5.459716   1.400000   1.400000   0.000000   0.000000   0.275200   0.020409   5.309739   1390    537
  -7.230516   6.759251  -4.791581   2.500109   3.566793  -8.522879   0.000000   0.000000   0.000000   0.020000   0.016901  34.562047      6     74
 2.9783E-03  23.455954   4.174344   5.458207  14.649119  -0.874204   0.000000   0.000000   0.000000   0.000687  9.627E-01 -0.136E-09    varcontrol

