starting from 0
DATE: 2020-09-03
TIME: 16:34:50
                                         version_number       10108
 read /hpc/group/physics/al363/sens/base/inlist_base
 read inlist_cluster
load saved model /hpc/group/physics/al363/sens/base/ns_relax.mod

 change to /hpc/group/physics/al363/sens/base/rp_305.net
             set special rate factor for r_ca44_pn_sc44         525    1.0000000000000000D-02
             set special rate factor for r_sc44_np_ca44         526    1.0000000000000000D-02
             set special rate factor for r_ca44_pn_sc44         525    1.0000000000000000D-02
             set special rate factor for r_sc44_np_ca44         526    1.0000000000000000D-02
 number of species         305
 read /hpc/group/physics/al363/sens/base/history_customACL.list_tau
 read /hpc/group/physics/al363/sens/base/profile_customACL.list_tau
 net name /hpc/group/physics/al363/sens/base/rp_305.net
 v_flag T
                         which_atm_option: grey_and_kap
                                           xmstar/mstar    4.5461189430843640D-12
                                             xmstar (g)    1.2660395722219186D+22
                                           M_center (g)    2.7848799999878681D+33
                                            xmstar/Msun    6.3645665203193175D-12
                                          M_center/Msun    1.3999999999939012D+00
                                          R_center (cm)    1.1200000000000000D+06
                                          R_center/Rsun    1.6092416448748527D-05
                                           core density    4.7322078204273819D+14
                                          L_center/Lsun    4.1647144567650578D+00
 kappa_file_prefix gs98
 kappa_lowT_prefix lowT_fa05_gs98

   eos_file_prefix mesa
                                        OMP_NUM_THREADS           8


__________________________________________________________________________________________________________________________________________________

       step    lg_Tcntr    Teff       lg_LH     lg_Lnuc     Mass       H_rich     H_cntr     N_cntr     Y_surf     X_avg     eta_cntr  zones retry
   lg_dt_yr    lg_Dcntr    lg_R       lg_L3a    lg_Lneu     lg_Mdot    He_core    He_cntr    O_cntr     Z_surf     Y_avg     gam_cntr  iters bckup
     age_yr    lg_Pcntr    lg_L       lg_LZ     lg_Psurf    lg_Dsurf   C_core     C_cntr     Ne_cntr    Si_cntr    Z_avg     v_div_cs     dt_limit
__________________________________________________________________________________________________________________________________________________

save LOGS/profile1.data for model 2
 grid1/grid1_000005.png/png
 burst_profile/burst_profile000005.png/png
          6   8.165156  1.497E+06   0.087590   0.087976   1.400000   1.400000   0.000000   0.000000   0.275200   0.030886  22.514775    791      0
  -5.817651   6.610341  -4.793035 -18.862378  -1.086578  -8.522879   0.000000   0.000000   0.000000   0.020000   0.011710 149.410225      6      0
 4.0040E-06  23.176196   0.068337  -2.962874  12.744977  -1.553972   0.000000   0.000000   0.000000   0.000687  9.574E-01  0.395E-11      lgT_cntr

save LOGS/profile2.data for model 6
 grid1/grid1_000010.png/png
 burst_profile/burst_profile000010.png/png
 grid1/grid1_000015.png/png
 burst_profile/burst_profile000015.png/png
 grid1/grid1_000020.png/png
 burst_profile/burst_profile000020.png/png
 grid1/grid1_000025.png/png
 burst_profile/burst_profile000025.png/png
       retry log10(dt/yr), log10(dt), retry_factor     1    30       -5.531697        1.967414        0.500000
 grid1/grid1_000030.png/png
 burst_profile/burst_profile000030.png/png
       retry log10(dt/yr), log10(dt), retry_factor     1    35       -5.230667        2.268444        0.500000
 grid1/grid1_000035.png/png
 burst_profile/burst_profile000035.png/png
       retry log10(dt/yr), log10(dt), retry_factor     1    36       -5.531697        1.967414        0.500000
       retry log10(dt/yr), log10(dt), retry_factor     1    40       -5.531697        1.967414        0.500000
 grid1/grid1_000040.png/png
 burst_profile/burst_profile000040.png/png
       retry log10(dt/yr), log10(dt), retry_factor     1    45       -5.230667        2.268444        0.500000
 grid1/grid1_000045.png/png
 burst_profile/burst_profile000045.png/png
       retry log10(dt/yr), log10(dt), retry_factor     1    49       -5.230667        2.268444        0.500000
 grid1/grid1_000050.png/png
 burst_profile/burst_profile000050.png/png
       retry log10(dt/yr), log10(dt), retry_factor     1    53       -5.230667        2.268444        0.500000
 grid1/grid1_000055.png/png
 burst_profile/burst_profile000055.png/png
       retry log10(dt/yr), log10(dt), retry_factor     1    56       -5.531697        1.967414        0.500000
       retry log10(dt/yr), log10(dt), retry_factor     2    56       -5.832727        1.666385        0.500000
 have reached retry limit so now backup
 grid1/grid1_000055.png/png
 burst_profile/burst_profile000055.png/png
       retry log10(dt/yr), log10(dt), retry_factor     1    58       -6.133757        1.365355        0.500000
       retry log10(dt/yr), log10(dt), retry_factor     2    58       -6.434787        1.064325        0.500000
 have reached retry limit so now backup
       retry log10(dt/yr), log10(dt), retry_factor     1    58       -6.735817        0.763295        0.500000
       retry log10(dt/yr), log10(dt), retry_factor     2    58       -7.036847        0.462265        0.500000
 have reached retry limit so now backup
       retry log10(dt/yr), log10(dt), retry_factor     1    59       -7.337877        0.161235        0.500000
       retry log10(dt/yr), log10(dt), retry_factor     2    59       -7.638907       -0.139795        0.500000
 have reached retry limit so now backup
       retry log10(dt/yr), log10(dt), retry_factor     1    60       -7.939937       -0.440825        0.500000
       retry log10(dt/yr), log10(dt), retry_factor     2    60       -8.240967       -0.741855        0.500000
 grid1/grid1_000060.png/png
 burst_profile/burst_profile000060.png/png
 grid1/grid1_000065.png/png
 burst_profile/burst_profile000065.png/png
 grid1/grid1_000070.png/png
 burst_profile/burst_profile000070.png/png
       retry log10(dt/yr), log10(dt), retry_factor     1    74       -5.230728        2.268383        0.500000
       retry log10(dt/yr), log10(dt), retry_factor     2    74       -5.531758        1.967353        0.500000
       retry log10(dt/yr), log10(dt), retry_factor     1    75       -5.832788        1.666323        0.500000
       retry log10(dt/yr), log10(dt), retry_factor     2    75       -6.133818        1.365293        0.500000
 have reached retry limit so now backup
 grid1/grid1_000075.png/png
 burst_profile/burst_profile000075.png/png
       retry log10(dt/yr), log10(dt), retry_factor     1    78       -6.434848        1.064263        0.500000
       retry log10(dt/yr), log10(dt), retry_factor     2    78       -6.735878        0.763233        0.500000
 have reached retry limit so now backup
       retry log10(dt/yr), log10(dt), retry_factor     1    79       -7.036908        0.462203        0.500000
       retry log10(dt/yr), log10(dt), retry_factor     2    79       -7.337938        0.161173        0.500000
 have reached retry limit so now backup
 grid1/grid1_000080.png/png
 burst_profile/burst_profile000080.png/png
       retry log10(dt/yr), log10(dt), retry_factor     1    81       -7.638968       -0.139857        0.500000
       retry log10(dt/yr), log10(dt), retry_factor     2    81       -7.939998       -0.440887        0.500000
 have reached retry limit so now backup
 grid1/grid1_000080.png/png
 burst_profile/burst_profile000080.png/png
       retry log10(dt/yr), log10(dt), retry_factor     1    84       -8.241028       -0.741917        0.500000
 grid1/grid1_000085.png/png
 burst_profile/burst_profile000085.png/png
 grid1/grid1_000090.png/png
 burst_profile/burst_profile000090.png/png
 grid1/grid1_000095.png/png
 burst_profile/burst_profile000095.png/png
       retry log10(dt/yr), log10(dt), retry_factor     1    97       -5.708522        1.790590        0.500000
       retry log10(dt/yr), log10(dt), retry_factor     1    98       -6.031506        1.467606        0.500000
       retry log10(dt/yr), log10(dt), retry_factor     1    99       -6.332536        1.166576        0.500000
        100   8.445359  4.677E+06   2.036293   2.172950   1.400000   1.400000   0.000000   0.000000   0.275200   0.100528  12.211270    747     31
  -6.031506   6.642724  -4.792800   1.217125   1.290771  -8.522879   0.000000   0.000000   0.000000   0.020000   0.058437  80.347280      6      8
 3.1301E-04  23.235091   2.047661   1.375055  13.862159  -0.942571   0.000000   0.000000   0.000000   0.000687  8.410E-01  0.853E-12          hold

 grid1/grid1_000100.png/png
 burst_profile/burst_profile000100.png/png
       retry log10(dt/yr), log10(dt), retry_factor     1   101       -6.633566        0.865546        0.500000
       retry log10(dt/yr), log10(dt), retry_factor     1   103       -6.934596        0.564516        0.500000
       retry log10(dt/yr), log10(dt), retry_factor     1   104       -7.235626        0.263486        0.500000
 grid1/grid1_000105.png/png
 burst_profile/burst_profile000105.png/png
       retry log10(dt/yr), log10(dt), retry_factor     1   106       -7.536656       -0.037544        0.500000
       retry log10(dt/yr), log10(dt), retry_factor     1   108       -7.837686       -0.338574        0.500000
       retry log10(dt/yr), log10(dt), retry_factor     1   109       -8.235626       -0.736514        0.500000
 grid1/grid1_000110.png/png
 burst_profile/burst_profile000110.png/png
 grid1/grid1_000115.png/png
 burst_profile/burst_profile000115.png/png
 grid1/grid1_000120.png/png
 burst_profile/burst_profile000120.png/png
 grid1/grid1_000125.png/png
 burst_profile/burst_profile000125.png/png
 grid1/grid1_000130.png/png
 burst_profile/burst_profile000130.png/png
 grid1/grid1_000135.png/png
 burst_profile/burst_profile000135.png/png
 grid1/grid1_000140.png/png
 burst_profile/burst_profile000140.png/png
 grid1/grid1_000145.png/png
 burst_profile/burst_profile000145.png/png
 grid1/grid1_000150.png/png
 burst_profile/burst_profile000150.png/png
 grid1/grid1_000155.png/png
 burst_profile/burst_profile000155.png/png
                       super eddington wind: lg_Mdot, L/Ledd         156    -9.49459     1.01303
                       super eddington wind: lg_Mdot, L/Ledd         157    -8.91219     1.04970
                       super eddington wind: lg_Mdot, L/Ledd         158    -8.69944     1.08106
                       super eddington wind: lg_Mdot, L/Ledd         159    -8.55692     1.11248
                       super eddington wind: lg_Mdot, L/Ledd         160    -8.46927     1.13743
 grid1/grid1_000160.png/png
 burst_profile/burst_profile000160.png/png
                       super eddington wind: lg_Mdot, L/Ledd         161    -8.39179     1.16422
                       super eddington wind: lg_Mdot, L/Ledd         162    -8.34198     1.18419
                       super eddington wind: lg_Mdot, L/Ledd         163    -8.28484     1.20998
                       super eddington wind: lg_Mdot, L/Ledd         164    -8.44503     1.14503
                       super eddington wind: lg_Mdot, L/Ledd         165    -8.33945     1.18486
 grid1/grid1_000165.png/png
 burst_profile/burst_profile000165.png/png
                       super eddington wind: lg_Mdot, L/Ledd         166    -8.28707     1.20804
                       super eddington wind: lg_Mdot, L/Ledd         167    -8.42001     1.15294
                       super eddington wind: lg_Mdot, L/Ledd         168    -8.31694     1.19378
                       super eddington wind: lg_Mdot, L/Ledd         169    -8.26046     1.22065
                       super eddington wind: lg_Mdot, L/Ledd         170    -8.39095     1.16311
 grid1/grid1_000170.png/png
 burst_profile/burst_profile000170.png/png
                       super eddington wind: lg_Mdot, L/Ledd         171    -8.29463     1.20334
                       super eddington wind: lg_Mdot, L/Ledd         172    -8.24205     1.22946
                       super eddington wind: lg_Mdot, L/Ledd         173    -8.37154     1.17001
                       super eddington wind: lg_Mdot, L/Ledd         174    -8.28994     1.20479
                       super eddington wind: lg_Mdot, L/Ledd         175    -8.24797     1.22543
 grid1/grid1_000175.png/png
 burst_profile/burst_profile000175.png/png
                       super eddington wind: lg_Mdot, L/Ledd         176    -8.37226     1.16902
                       super eddington wind: lg_Mdot, L/Ledd         177    -8.30943     1.19502
                       super eddington wind: lg_Mdot, L/Ledd         178    -8.27795     1.20960
                       super eddington wind: lg_Mdot, L/Ledd         179    -8.43374     1.14609
                       super eddington wind: lg_Mdot, L/Ledd         180    -8.37871     1.16553
 grid1/grid1_000180.png/png
 burst_profile/burst_profile000180.png/png
                       super eddington wind: lg_Mdot, L/Ledd         181    -8.53446     1.11547
                       super eddington wind: lg_Mdot, L/Ledd         182    -8.48968     1.12788
       retry log10(dt/yr), log10(dt), retry_factor     1   182       -9.156674       -1.657563        0.500000
                       super eddington wind: lg_Mdot, L/Ledd         182    -8.48968     1.12788
                       super eddington wind: lg_Mdot, L/Ledd         183    -8.61529     1.09566
                       super eddington wind: lg_Mdot, L/Ledd         184    -8.53399     1.11540
                       super eddington wind: lg_Mdot, L/Ledd         185    -8.41512     1.15168
 grid1/grid1_000185.png/png
 burst_profile/burst_profile000185.png/png
                       super eddington wind: lg_Mdot, L/Ledd         186    -8.58982     1.10137
                       super eddington wind: lg_Mdot, L/Ledd         187    -8.51863     1.11945
                       super eddington wind: lg_Mdot, L/Ledd         188    -8.43746     1.14404
                       super eddington wind: lg_Mdot, L/Ledd         189    -8.69458     1.07955
                       super eddington wind: lg_Mdot, L/Ledd         190    -8.58939     1.10135
 grid1/grid1_000190.png/png
 burst_profile/burst_profile000190.png/png
                       super eddington wind: lg_Mdot, L/Ledd         191    -8.74642     1.07052
                       super eddington wind: lg_Mdot, L/Ledd         192    -8.67987     1.08219
                       super eddington wind: lg_Mdot, L/Ledd         193    -8.96282     1.04276
                       super eddington wind: lg_Mdot, L/Ledd         194    -8.89045     1.05050
                       super eddington wind: lg_Mdot, L/Ledd         195    -9.66215     1.00853
 grid1/grid1_000195.png/png
 burst_profile/burst_profile000195.png/png
                       super eddington wind: lg_Mdot, L/Ledd         196    -9.27020     1.02102
       retry log10(dt/yr), log10(dt), retry_factor     1   197       -9.195879       -1.696768        0.500000
                       super eddington wind: lg_Mdot, L/Ledd         198   -10.01596     1.00378
        200   8.983525  2.313E+07   3.641534   6.614718   1.400000   1.400000   0.000000   0.000000   0.292479   0.072310   2.704070    670     39
  -8.894849   6.556893  -4.791602   3.011598   4.306299  -8.522879   0.000000   0.000000   0.000000   0.219806   0.043804  21.786872      7      8
 3.1487E-04  23.235178   4.827031   6.614147  15.025395  -0.872304   0.000000   0.000000   0.000000   0.000687  8.839E-01 -0.175E-05          hold

 grid1/grid1_000200.png/png
 burst_profile/burst_profile000200.png/png
       retry log10(dt/yr), log10(dt), retry_factor     1   203       -9.161460       -1.662349        0.500000
 grid1/grid1_000205.png/png
 burst_profile/burst_profile000205.png/png
 grid1/grid1_000210.png/png
 burst_profile/burst_profile000210.png/png
 grid1/grid1_000215.png/png
 burst_profile/burst_profile000215.png/png
 grid1/grid1_000220.png/png
 burst_profile/burst_profile000220.png/png
       retry log10(dt/yr), log10(dt), retry_factor     1   222       -7.650788       -0.151676        0.500000
       retry log10(dt/yr), log10(dt), retry_factor     2   222       -7.951818       -0.452706        0.500000
 have reached retry limit so now backup
 grid1/grid1_000225.png/png
 burst_profile/burst_profile000225.png/png
       retry log10(dt/yr), log10(dt), retry_factor     1   229       -7.975961       -0.476850        0.500000
       retry log10(dt/yr), log10(dt), retry_factor     2   229       -8.276991       -0.777880        0.500000
hydro_newton_step failed to accept
       retry log10(dt/yr), log10(dt), retry_factor     1   230       -8.578021       -1.078910        0.500000
       retry log10(dt/yr), log10(dt), retry_factor     2   230       -8.879051       -1.379940        0.500000
 grid1/grid1_000230.png/png
 burst_profile/burst_profile000230.png/png
       retry log10(dt/yr), log10(dt), retry_factor     1   235       -8.578021       -1.078910        0.500000
       retry log10(dt/yr), log10(dt), retry_factor     2   235       -8.879051       -1.379940        0.500000
 have reached retry limit so now backup
 grid1/grid1_000235.png/png
 burst_profile/burst_profile000235.png/png
 grid1/grid1_000240.png/png
 burst_profile/burst_profile000240.png/png
hydro_newton_step failed to accept
       retry log10(dt/yr), log10(dt), retry_factor     1   241       -8.276991       -0.777880        0.500000
 grid1/grid1_000245.png/png
 burst_profile/burst_profile000245.png/png
 grid1/grid1_000250.png/png
 burst_profile/burst_profile000250.png/png
 grid1/grid1_000255.png/png
 burst_profile/burst_profile000255.png/png
 grid1/grid1_000260.png/png
 burst_profile/burst_profile000260.png/png
 grid1/grid1_000265.png/png
 burst_profile/burst_profile000265.png/png
       retry log10(dt/yr), log10(dt), retry_factor     1   266       -7.760166       -0.261054        0.500000
hydro_newton_step failed to accept
       retry log10(dt/yr), log10(dt), retry_factor     2   266       -8.061196       -0.562084        0.500000
 have reached retry limit so now backup
 grid1/grid1_000265.png/png
 burst_profile/burst_profile000265.png/png
 grid1/grid1_000270.png/png
 burst_profile/burst_profile000270.png/png
       retry log10(dt/yr), log10(dt), retry_factor     1   274       -7.692795       -0.193683        0.500000
 grid1/grid1_000275.png/png
 burst_profile/burst_profile000275.png/png
       retry log10(dt/yr), log10(dt), retry_factor     1   276       -7.993825       -0.494713        0.500000
       retry log10(dt/yr), log10(dt), retry_factor     2   276       -8.294855       -0.795743        0.500000
 grid1/grid1_000280.png/png
 burst_profile/burst_profile000280.png/png
       retry log10(dt/yr), log10(dt), retry_factor     1   282       -7.692795       -0.193683        0.500000
       retry log10(dt/yr), log10(dt), retry_factor     2   282       -7.993825       -0.494713        0.500000
 grid1/grid1_000285.png/png
 burst_profile/burst_profile000285.png/png
       retry log10(dt/yr), log10(dt), retry_factor     1   288       -7.591097       -0.091986        0.500000
       retry log10(dt/yr), log10(dt), retry_factor     2   288       -7.892127       -0.393016        0.500000
 grid1/grid1_000290.png/png
 burst_profile/burst_profile000290.png/png
       retry log10(dt/yr), log10(dt), retry_factor     1   295       -7.628651       -0.129539        0.500000
       retry log10(dt/yr), log10(dt), retry_factor     2   295       -7.929681       -0.430569        0.500000
 grid1/grid1_000295.png/png
 burst_profile/burst_profile000295.png/png
        300   8.712409  7.910E+06   1.344367   2.531617   1.400000   1.400000   0.000000   0.000000   0.275200   0.019735   6.265309    706     60
  -7.026591   6.622952  -4.792773   1.253648   2.052964  -8.522879   0.000000   0.000000   0.000000   0.020000   0.020089  42.788839      6     11
 3.1879E-04  23.236084   2.960554   2.477232  14.324632  -0.722345   0.000000   0.000000   0.000000   0.000687  9.602E-01  0.714E-10  max increase

 grid1/grid1_000300.png/png
 burst_profile/burst_profile000300.png/png
 grid1/grid1_000305.png/png
 burst_profile/burst_profile000305.png/png
 grid1/grid1_000310.png/png
 burst_profile/burst_profile000310.png/png
 grid1/grid1_000315.png/png
 burst_profile/burst_profile000315.png/png
 grid1/grid1_000320.png/png
 burst_profile/burst_profile000320.png/png
 grid1/grid1_000325.png/png
 burst_profile/burst_profile000325.png/png
 grid1/grid1_000330.png/png
 burst_profile/burst_profile000330.png/png
 grid1/grid1_000335.png/png
 burst_profile/burst_profile000335.png/png
       retry log10(dt/yr), log10(dt), retry_factor     1   338       -5.583521        1.915591        0.500000
       retry log10(dt/yr), log10(dt), retry_factor     2   338       -5.884551        1.614561        0.500000
 have reached retry limit so now backup
 grid1/grid1_000340.png/png
 burst_profile/burst_profile000340.png/png
       retry log10(dt/yr), log10(dt), retry_factor     1   343       -5.583521        1.915591        0.500000
hydro_newton_step failed to accept
       retry log10(dt/yr), log10(dt), retry_factor     1   345       -5.884551        1.614561        0.500000
       retry log10(dt/yr), log10(dt), retry_factor     2   345       -6.185581        1.313531        0.500000
 grid1/grid1_000345.png/png
 burst_profile/burst_profile000345.png/png
 grid1/grid1_000350.png/png
 burst_profile/burst_profile000350.png/png
       retry log10(dt/yr), log10(dt), retry_factor     1   352       -5.513284        1.985827        0.500000
hydro_newton_step failed to accept
       retry log10(dt/yr), log10(dt), retry_factor     2   352       -5.814314        1.684797        0.500000
       retry log10(dt/yr), log10(dt), retry_factor     1   353       -6.115344        1.383767        0.500000
       retry log10(dt/yr), log10(dt), retry_factor     2   353       -6.416374        1.082737        0.500000
 grid1/grid1_000355.png/png
 burst_profile/burst_profile000355.png/png
 grid1/grid1_000360.png/png
 burst_profile/burst_profile000360.png/png
       retry log10(dt/yr), log10(dt), retry_factor     1   361       -5.466285        2.032827        0.500000
       retry log10(dt/yr), log10(dt), retry_factor     2   361       -5.767315        1.731797        0.500000
       retry log10(dt/yr), log10(dt), retry_factor     1   362       -6.068345        1.430767        0.500000
 grid1/grid1_000365.png/png
 burst_profile/burst_profile000365.png/png
       retry log10(dt/yr), log10(dt), retry_factor     1   369       -5.485508        2.013604        0.500000
       retry log10(dt/yr), log10(dt), retry_factor     2   369       -5.786538        1.712574        0.500000
 grid1/grid1_000370.png/png
 burst_profile/burst_profile000370.png/png
 grid1/grid1_000375.png/png
 burst_profile/burst_profile000375.png/png
       retry log10(dt/yr), log10(dt), retry_factor     1   376       -5.412184        2.086928        0.500000
       retry log10(dt/yr), log10(dt), retry_factor     2   376       -5.713214        1.785898        0.500000
 have reached retry limit so now backup
 grid1/grid1_000375.png/png
 burst_profile/burst_profile000375.png/png
       retry log10(dt/yr), log10(dt), retry_factor     1   376       -6.014244        1.484868        0.500000
       retry log10(dt/yr), log10(dt), retry_factor     2   376       -6.315274        1.183838        0.500000
 have reached retry limit so now backup
 grid1/grid1_000375.png/png
 burst_profile/burst_profile000375.png/png
       retry log10(dt/yr), log10(dt), retry_factor     1   376       -6.616304        0.882808        0.500000
       retry log10(dt/yr), log10(dt), retry_factor     2   376       -6.917334        0.581778        0.500000
 have reached retry limit so now backup
 grid1/grid1_000375.png/png
 burst_profile/burst_profile000375.png/png
       retry log10(dt/yr), log10(dt), retry_factor     1   379       -7.218364        0.280748        0.500000
       retry log10(dt/yr), log10(dt), retry_factor     2   379       -7.519394       -0.020282        0.500000
 have reached retry limit so now backup
 grid1/grid1_000380.png/png
 burst_profile/burst_profile000380.png/png
       retry log10(dt/yr), log10(dt), retry_factor     1   382       -7.820424       -0.321312        0.500000
       retry log10(dt/yr), log10(dt), retry_factor     2   382       -8.121454       -0.622342        0.500000
 grid1/grid1_000385.png/png
 burst_profile/burst_profile000385.png/png
 grid1/grid1_000390.png/png
 burst_profile/burst_profile000390.png/png
       retry log10(dt/yr), log10(dt), retry_factor     1   395       -5.600127        1.898985        0.500000
 grid1/grid1_000395.png/png
 burst_profile/burst_profile000395.png/png
       retry log10(dt/yr), log10(dt), retry_factor     1   399       -5.600127        1.898985        0.500000
       retry log10(dt/yr), log10(dt), retry_factor     1   400       -5.901157        1.597955        0.500000
        400   8.363647  3.808E+06   1.615339   1.648563   1.400000   1.400000   0.000000   0.000000   0.275200   0.069743  15.345795    741     87
  -5.600127   6.672032  -4.792853  -0.236855   0.787654  -8.522879   0.000000   0.000000   0.000000   0.020000   0.049524  99.186524      6     16
 5.4628E-04  23.274800   1.690635   0.431250  13.629731  -1.083548   0.000000   0.000000   0.000000   0.000687  8.807E-01  0.698E-12         retry

 grid1/grid1_000400.png/png
 burst_profile/burst_profile000400.png/png
       retry log10(dt/yr), log10(dt), retry_factor     1   401       -6.299097        1.200015        0.500000
       retry log10(dt/yr), log10(dt), retry_factor     1   402       -6.600127        0.898985        0.500000
 grid1/grid1_000405.png/png
 burst_profile/burst_profile000405.png/png
       retry log10(dt/yr), log10(dt), retry_factor     1   410       -5.396007        2.103105        0.500000
       retry log10(dt/yr), log10(dt), retry_factor     2   410       -5.697037        1.802075        0.500000
 have reached retry limit so now backup
 grid1/grid1_000410.png/png
 burst_profile/burst_profile000410.png/png
hydro_newton_step failed to accept
       retry log10(dt/yr), log10(dt), retry_factor     1   411       -6.191887        1.307225        0.500000
 grid1/grid1_000415.png/png
 burst_profile/burst_profile000415.png/png
       retry log10(dt/yr), log10(dt), retry_factor     1   416       -5.826016        1.673096        0.500000
       retry log10(dt/yr), log10(dt), retry_factor     1   417       -6.223956        1.275156        0.500000
hydro_newton_step failed to accept
       retry log10(dt/yr), log10(dt), retry_factor     1   418       -6.621896        0.877216        0.500000
       retry log10(dt/yr), log10(dt), retry_factor     1   419       -6.922926        0.576186        0.500000
 grid1/grid1_000420.png/png
 burst_profile/burst_profile000420.png/png
 grid1/grid1_000425.png/png
 burst_profile/burst_profile000425.png/png
       retry log10(dt/yr), log10(dt), retry_factor     1   426       -6.019836        1.479276        0.500000
       retry log10(dt/yr), log10(dt), retry_factor     1   427       -6.320866        1.178246        0.500000
        428   8.421868  4.425E+06   1.926922   2.033547   1.400000   1.400000   0.000000   0.000000   0.275200   0.076085  13.436654    753     98
  -6.063456   6.674616  -4.792811   1.161699   1.102226  -8.522879   0.000000   0.000000   0.000000   0.020000   0.053941  86.914665      6     17
 5.8612E-04  23.281228   1.951597   0.954577  13.800330  -0.979713   0.000000   0.000000   0.000000   0.000687  8.700E-01  0.319E-11          dH/H

save LOGS/profile3.data for model 428
 grid1/grid1_000430.png/png
 burst_profile/burst_profile000430.png/png
       retry log10(dt/yr), log10(dt), retry_factor     1   431       -6.364486        1.134626        0.500000
hydro_newton_step failed to accept
       retry log10(dt/yr), log10(dt), retry_factor     2   431       -6.665516        0.833596        0.500000
hydro_newton_step failed to accept
       retry log10(dt/yr), log10(dt), retry_factor     1   433       -6.966546        0.532566        0.500000
       retry log10(dt/yr), log10(dt), retry_factor     1   435       -6.966546        0.532566        0.500000
       retry log10(dt/yr), log10(dt), retry_factor     2   435       -7.267576        0.231536        0.500000
 grid1/grid1_000435.png/png
 burst_profile/burst_profile000435.png/png
       retry log10(dt/yr), log10(dt), retry_factor     1   437       -7.568606       -0.069494        0.500000
       retry log10(dt/yr), log10(dt), retry_factor     1   440       -7.869636       -0.370524        0.500000
 grid1/grid1_000440.png/png
 burst_profile/burst_profile000440.png/png
       retry log10(dt/yr), log10(dt), retry_factor     1   441       -8.170666       -0.671554        0.500000
 grid1/grid1_000445.png/png
 burst_profile/burst_profile000445.png/png
 grid1/grid1_000450.png/png
 burst_profile/burst_profile000450.png/png
 grid1/grid1_000455.png/png
 burst_profile/burst_profile000455.png/png
 grid1/grid1_000460.png/png
 burst_profile/burst_profile000460.png/png
 grid1/grid1_000465.png/png
 burst_profile/burst_profile000465.png/png
 grid1/grid1_000470.png/png
 burst_profile/burst_profile000470.png/png
       retry log10(dt/yr), log10(dt), retry_factor     1   475       -9.409957       -1.910846        0.500000
 grid1/grid1_000475.png/png
 burst_profile/burst_profile000475.png/png
 grid1/grid1_000480.png/png
 burst_profile/burst_profile000480.png/png
 grid1/grid1_000485.png/png
 burst_profile/burst_profile000485.png/png
 grid1/grid1_000490.png/png
 burst_profile/burst_profile000490.png/png
 grid1/grid1_000495.png/png
 burst_profile/burst_profile000495.png/png
        500   8.611025  2.213E+07   3.599358   6.748026   1.400000   1.400000   0.000000   0.000000   0.288643   0.063248   8.478147    794    107
  -8.487093   6.664840  -4.791636   2.977644   4.291668  -8.522879   0.000000   0.000000   0.000000   0.225421   0.040366  55.805489      7     17
 5.8982E-04  23.281665   4.749885   6.747644  14.972905  -0.856246   0.000000   0.000000   0.000000   0.000687  8.964E-01 -0.272E-07      lgT_cntr

save LOGS/profile4.data for model 500
save photos/x500 for model 500
 grid1/grid1_000500.png/png
 burst_profile/burst_profile000500.png/png
 grid1/grid1_000505.png/png
 burst_profile/burst_profile000505.png/png
 grid1/grid1_000510.png/png
 burst_profile/burst_profile000510.png/png
 grid1/grid1_000515.png/png
 burst_profile/burst_profile000515.png/png
 grid1/grid1_000520.png/png
 burst_profile/burst_profile000520.png/png
 grid1/grid1_000525.png/png
 burst_profile/burst_profile000525.png/png
 grid1/grid1_000530.png/png
 burst_profile/burst_profile000530.png/png
 grid1/grid1_000535.png/png
 burst_profile/burst_profile000535.png/png
       retry log10(dt/yr), log10(dt), retry_factor     1   539       -7.665272       -0.166160        0.500000
       retry log10(dt/yr), log10(dt), retry_factor     1   540       -8.063212       -0.564100        0.500000
       retry log10(dt/yr), log10(dt), retry_factor     2   540       -8.364242       -0.865130        0.500000
 grid1/grid1_000540.png/png
 burst_profile/burst_profile000540.png/png
hydro_newton_step failed to accept
       retry log10(dt/yr), log10(dt), retry_factor     1   541       -8.665272       -1.166160        0.500000
hydro_newton_step failed to accept
       retry log10(dt/yr), log10(dt), retry_factor     1   545       -8.364242       -0.865130        0.500000
 grid1/grid1_000545.png/png
 burst_profile/burst_profile000545.png/png
       retry log10(dt/yr), log10(dt), retry_factor     1   547       -8.063212       -0.564100        0.500000
       retry log10(dt/yr), log10(dt), retry_factor     2   547       -8.364242       -0.865130        0.500000
 grid1/grid1_000550.png/png
 burst_profile/burst_profile000550.png/png
 grid1/grid1_000555.png/png
 burst_profile/burst_profile000555.png/png
 grid1/grid1_000560.png/png
 burst_profile/burst_profile000560.png/png
 grid1/grid1_000565.png/png
 burst_profile/burst_profile000565.png/png
 grid1/grid1_000570.png/png
 burst_profile/burst_profile000570.png/png
 grid1/grid1_000575.png/png
 burst_profile/burst_profile000575.png/png
       retry log10(dt/yr), log10(dt), retry_factor     1   579       -7.739618       -0.240507        0.500000
       retry log10(dt/yr), log10(dt), retry_factor     2   579       -8.040648       -0.541537        0.500000
 have reached retry limit so now backup
 grid1/grid1_000580.png/png
 burst_profile/burst_profile000580.png/png
       retry log10(dt/yr), log10(dt), retry_factor     1   584       -7.739618       -0.240507        0.500000
       retry log10(dt/yr), log10(dt), retry_factor     2   584       -8.040648       -0.541537        0.500000
 grid1/grid1_000585.png/png
 burst_profile/burst_profile000585.png/png
       retry log10(dt/yr), log10(dt), retry_factor     1   590       -7.461539        0.037572        0.500000
hydro_newton_step failed to accept
       retry log10(dt/yr), log10(dt), retry_factor     2   590       -7.762569       -0.263458        0.500000
 have reached retry limit so now backup
 grid1/grid1_000590.png/png
 burst_profile/burst_profile000590.png/png
 grid1/grid1_000595.png/png
 burst_profile/burst_profile000595.png/png
        600   8.743905  8.464E+06   1.441394   2.694555   1.400000   1.400000   0.000000   0.000000   0.275200   0.017397   6.017548    787    120
  -7.087094   6.651379  -4.792734   1.458906   2.175003  -8.522879   0.000000   0.000000   0.000000   0.020000   0.019482  40.673337      6     19
 5.9328E-04  23.282367   3.078377   2.642014  14.363179  -0.717549   0.000000   0.000000   0.000000   0.000687  9.631E-01  0.817E-10        lgTeff

 grid1/grid1_000600.png/png
 burst_profile/burst_profile000600.png/png
 grid1/grid1_000605.png/png
 burst_profile/burst_profile000605.png/png
 grid1/grid1_000610.png/png
 burst_profile/burst_profile000610.png/png
 grid1/grid1_000615.png/png
 burst_profile/burst_profile000615.png/png
 grid1/grid1_000620.png/png
 burst_profile/burst_profile000620.png/png
 grid1/grid1_000625.png/png
 burst_profile/burst_profile000625.png/png
 grid1/grid1_000630.png/png
 burst_profile/burst_profile000630.png/png
       retry log10(dt/yr), log10(dt), retry_factor     1   632       -6.497937        1.001175        0.500000
 grid1/grid1_000635.png/png
 burst_profile/burst_profile000635.png/png
 grid1/grid1_000640.png/png
 burst_profile/burst_profile000640.png/png
       retry log10(dt/yr), log10(dt), retry_factor     1   642       -5.719575        1.779536        0.500000
 grid1/grid1_000645.png/png
 burst_profile/burst_profile000645.png/png
       retry log10(dt/yr), log10(dt), retry_factor     1   647       -5.585717        1.913394        0.500000
       retry log10(dt/yr), log10(dt), retry_factor     1   648       -5.886747        1.612364        0.500000
       retry log10(dt/yr), log10(dt), retry_factor     2   648       -6.187777        1.311334        0.500000
 grid1/grid1_000650.png/png
 burst_profile/burst_profile000650.png/png
       retry log10(dt/yr), log10(dt), retry_factor     1   655       -5.463858        2.035253        0.500000
 grid1/grid1_000655.png/png
 burst_profile/burst_profile000655.png/png
       retry log10(dt/yr), log10(dt), retry_factor     1   656       -5.764888        1.734223        0.500000
       retry log10(dt/yr), log10(dt), retry_factor     2   656       -6.065918        1.433193        0.500000
 grid1/grid1_000660.png/png
 burst_profile/burst_profile000660.png/png
       retry log10(dt/yr), log10(dt), retry_factor     1   662       -5.463858        2.035253        0.500000
 grid1/grid1_000665.png/png
 burst_profile/burst_profile000665.png/png
       retry log10(dt/yr), log10(dt), retry_factor     1   666       -5.571932        1.927180        0.500000
       retry log10(dt/yr), log10(dt), retry_factor     1   670       -5.615889        1.883222        0.500000
 grid1/grid1_000670.png/png
 burst_profile/burst_profile000670.png/png
 grid1/grid1_000675.png/png
 burst_profile/burst_profile000675.png/png
       retry log10(dt/yr), log10(dt), retry_factor     1   676       -5.097425        2.401687        0.500000
       retry log10(dt/yr), log10(dt), retry_factor     2   676       -5.398455        2.100657        0.500000
 have reached retry limit so now backup
 grid1/grid1_000675.png/png
 burst_profile/burst_profile000675.png/png
       retry log10(dt/yr), log10(dt), retry_factor     1   677       -5.893305        1.605807        0.500000
       retry log10(dt/yr), log10(dt), retry_factor     1   678       -6.194335        1.304777        0.500000
 grid1/grid1_000680.png/png
 burst_profile/burst_profile000680.png/png
       retry log10(dt/yr), log10(dt), retry_factor     1   685       -5.483400        2.015712        0.500000
 grid1/grid1_000685.png/png
 burst_profile/burst_profile000685.png/png
hydro_newton_step failed to accept
       retry log10(dt/yr), log10(dt), retry_factor     1   686       -5.881340        1.617772        0.500000
       retry log10(dt/yr), log10(dt), retry_factor     1   690       -5.677220        1.821892        0.500000
 grid1/grid1_000690.png/png
 burst_profile/burst_profile000690.png/png
hydro_newton_step failed to accept
       retry log10(dt/yr), log10(dt), retry_factor     1   692       -6.075160        1.423952        0.500000
hydro_newton_step failed to accept
       retry log10(dt/yr), log10(dt), retry_factor     2   692       -6.376190        1.122922        0.500000
 have reached retry limit so now backup
 grid1/grid1_000695.png/png
 burst_profile/burst_profile000695.png/png
hydro_newton_step failed to accept
       retry log10(dt/yr), log10(dt), retry_factor     1   696       -6.433980        1.065131        0.500000
       retry log10(dt/yr), log10(dt), retry_factor     1   699       -5.874686        1.624425        0.500000
       retry log10(dt/yr), log10(dt), retry_factor     1   700       -6.175716        1.323395        0.500000
        700   8.409278  4.274E+06   1.852153   1.929533   1.400000   1.400000   0.000000   0.000000   0.275200   0.068171  14.339563    826    143
  -5.874686   6.702840  -4.792808   0.931730   1.017152  -8.522879   0.000000   0.000000   0.000000   0.020000   0.050010  91.430409      6     21
 8.5712E-04  23.322655   1.891337   0.726775  13.761261  -1.003286   0.000000   0.000000   0.000000   0.000687  8.818E-01  0.104E-11         retry

 grid1/grid1_000700.png/png
 burst_profile/burst_profile000700.png/png
       retry log10(dt/yr), log10(dt), retry_factor     1   701       -6.476746        1.022365        0.500000
 grid1/grid1_000705.png/png
 burst_profile/burst_profile000705.png/png
       retry log10(dt/yr), log10(dt), retry_factor     1   706       -6.313258        1.185854        0.500000
       retry log10(dt/yr), log10(dt), retry_factor     1   707       -6.614288        0.884824        0.500000
       retry log10(dt/yr), log10(dt), retry_factor     1   708       -6.915318        0.583794        0.500000
hydro_newton_step failed to accept
       retry log10(dt/yr), log10(dt), retry_factor     1   709       -7.216348        0.282764        0.500000
 grid1/grid1_000710.png/png
 burst_profile/burst_profile000710.png/png
       retry log10(dt/yr), log10(dt), retry_factor     1   712       -7.350339        0.148773        0.500000
       retry log10(dt/yr), log10(dt), retry_factor     1   713       -7.651369       -0.152257        0.500000
hydro_newton_step failed to accept
       retry log10(dt/yr), log10(dt), retry_factor     2   713       -7.952399       -0.453287        0.500000
hydro_newton_step failed to accept
       retry log10(dt/yr), log10(dt), retry_factor     1   714       -8.253429       -0.754317        0.500000
 grid1/grid1_000715.png/png
 burst_profile/burst_profile000715.png/png
       retry log10(dt/yr), log10(dt), retry_factor     1   719       -7.854567       -0.355455        0.500000
       retry log10(dt/yr), log10(dt), retry_factor     1   720       -8.216355       -0.717243        0.500000
 grid1/grid1_000720.png/png
 burst_profile/burst_profile000720.png/png
 grid1/grid1_000725.png/png
 burst_profile/burst_profile000725.png/png
 grid1/grid1_000730.png/png
 burst_profile/burst_profile000730.png/png
 grid1/grid1_000735.png/png
 burst_profile/burst_profile000735.png/png
 grid1/grid1_000740.png/png
 burst_profile/burst_profile000740.png/png
 grid1/grid1_000745.png/png
 burst_profile/burst_profile000745.png/png
 grid1/grid1_000750.png/png
 burst_profile/burst_profile000750.png/png
       retry log10(dt/yr), log10(dt), retry_factor     1   755       -9.024633       -1.525521        0.500000
 grid1/grid1_000755.png/png
 burst_profile/burst_profile000755.png/png
 grid1/grid1_000760.png/png
 burst_profile/burst_profile000760.png/png
 grid1/grid1_000765.png/png
 burst_profile/burst_profile000765.png/png
 grid1/grid1_000770.png/png
 burst_profile/burst_profile000770.png/png
 grid1/grid1_000775.png/png
 burst_profile/burst_profile000775.png/png
 grid1/grid1_000780.png/png
 burst_profile/burst_profile000780.png/png
 grid1/grid1_000785.png/png
 burst_profile/burst_profile000785.png/png
 grid1/grid1_000790.png/png
 burst_profile/burst_profile000790.png/png
 grid1/grid1_000795.png/png
 burst_profile/burst_profile000795.png/png
        800   8.959311  1.955E+07   3.350190   6.288825   1.400000   1.400000   0.000000   0.000000   0.276888   0.043779   3.302751    912    155
  -7.584296   6.634670  -4.791956   2.835018   3.957654  -8.522879   0.000000   0.000000   0.000000   0.294726   0.031348  24.453133      7     21
 8.6396E-04  23.323499   4.534057   6.288172  14.845691  -0.774233   0.000000   0.000000   0.000000   0.000687  9.249E-01  0.270E-07      lgT_cntr

 grid1/grid1_000800.png/png
 burst_profile/burst_profile000800.png/png
 grid1/grid1_000805.png/png
 burst_profile/burst_profile000805.png/png
       retry log10(dt/yr), log10(dt), retry_factor     1   809       -7.802808       -0.303696        0.500000
 grid1/grid1_000810.png/png
 burst_profile/burst_profile000810.png/png
       retry log10(dt/yr), log10(dt), retry_factor     1   811       -8.297658       -0.798546        0.500000
hydro_newton_step failed to accept
       retry log10(dt/yr), log10(dt), retry_factor     2   811       -8.598688       -1.099576        0.500000
       retry log10(dt/yr), log10(dt), retry_factor     1   812       -8.902058       -1.402947        0.500000
 grid1/grid1_000815.png/png
 burst_profile/burst_profile000815.png/png
       retry log10(dt/yr), log10(dt), retry_factor     1   816       -8.902058       -1.402947        0.500000
       retry log10(dt/yr), log10(dt), retry_factor     2   816       -9.203088       -1.703977        0.500000
 grid1/grid1_000820.png/png
 burst_profile/burst_profile000820.png/png
hydro_newton_step failed to accept
       retry log10(dt/yr), log10(dt), retry_factor     1   823       -8.299998       -0.800887        0.500000
 grid1/grid1_000825.png/png
 burst_profile/burst_profile000825.png/png
       retry log10(dt/yr), log10(dt), retry_factor     1   828       -8.126761       -0.627650        0.500000
hydro_newton_step failed to accept
       retry log10(dt/yr), log10(dt), retry_factor     2   828       -8.427791       -0.928680        0.500000
 have reached retry limit so now backup
 grid1/grid1_000830.png/png
 burst_profile/burst_profile000830.png/png
       retry log10(dt/yr), log10(dt), retry_factor     1   831       -8.728821       -1.229710        0.500000
       retry log10(dt/yr), log10(dt), retry_factor     2   831       -9.029851       -1.530740        0.500000
 grid1/grid1_000835.png/png
 burst_profile/burst_profile000835.png/png
       retry log10(dt/yr), log10(dt), retry_factor     1   840       -8.140936       -0.641825        0.500000
hydro_newton_step failed to accept
       retry log10(dt/yr), log10(dt), retry_factor     2   840       -8.441966       -0.942855        0.500000
 grid1/grid1_000840.png/png
 burst_profile/burst_profile000840.png/png
 grid1/grid1_000845.png/png
 burst_profile/burst_profile000845.png/png
 grid1/grid1_000850.png/png
 burst_profile/burst_profile000850.png/png
 grid1/grid1_000855.png/png
 burst_profile/burst_profile000855.png/png
 grid1/grid1_000860.png/png
 burst_profile/burst_profile000860.png/png
       retry log10(dt/yr), log10(dt), retry_factor     1   865       -7.822573       -0.323461        0.500000
       retry log10(dt/yr), log10(dt), retry_factor     2   865       -8.123603       -0.624491        0.500000
 grid1/grid1_000865.png/png
 burst_profile/burst_profile000865.png/png
 grid1/grid1_000870.png/png
 burst_profile/burst_profile000870.png/png
       retry log10(dt/yr), log10(dt), retry_factor     1   871       -7.690125       -0.191013        0.500000
       retry log10(dt/yr), log10(dt), retry_factor     2   871       -7.991155       -0.492043        0.500000
 grid1/grid1_000875.png/png
 burst_profile/burst_profile000875.png/png
       retry log10(dt/yr), log10(dt), retry_factor     1   876       -7.690125       -0.191013        0.500000
       retry log10(dt/yr), log10(dt), retry_factor     2   876       -7.991155       -0.492043        0.500000
 grid1/grid1_000880.png/png
 burst_profile/burst_profile000880.png/png
       retry log10(dt/yr), log10(dt), retry_factor     1   882       -7.591999       -0.092888        0.500000
       retry log10(dt/yr), log10(dt), retry_factor     2   882       -7.893029       -0.393918        0.500000
 grid1/grid1_000885.png/png
 burst_profile/burst_profile000885.png/png
       retry log10(dt/yr), log10(dt), retry_factor     1   888       -7.510539       -0.011427        0.500000
       retry log10(dt/yr), log10(dt), retry_factor     2   888       -7.811569       -0.312457        0.500000
 have reached retry limit so now backup
 grid1/grid1_000890.png/png
 burst_profile/burst_profile000890.png/png
 grid1/grid1_000895.png/png
 burst_profile/burst_profile000895.png/png
        900   8.702466  7.143E+06   1.253442   2.285732   1.400000   1.400000   0.000000   0.000000   0.275200   0.016399   6.980142    913    178
  -6.854469   6.685896  -4.792777   1.048068   1.826601  -8.522879   0.000000   0.000000   0.000000   0.020000   0.018041  45.946753      6     23
 8.6809E-04  23.324247   2.783502   2.214799  14.257109  -0.740779   0.000000   0.000000   0.000000   0.000687  9.656E-01  0.207E-10        lgTeff

 grid1/grid1_000900.png/png
 burst_profile/burst_profile000900.png/png
 grid1/grid1_000905.png/png
 burst_profile/burst_profile000905.png/png

stop because model_number >= max_model_number
      906      906

        906   8.633065  6.085E+06   1.195975   2.084021   1.400000   1.400000   0.000000   0.000000   0.275200   0.016699   8.333510    920    178
  -6.445128   6.692552  -4.792822   0.558817   1.671773  -8.522879   0.000000   0.000000   0.000000   0.020000   0.018083  54.184467      6     23
 8.6960E-04  23.324475   2.504845   2.008690  14.128170  -0.795187   0.000000   0.000000   0.000000   0.000687  9.652E-01  0.104E-11      lgT_cntr

save LOGS/profile5.data for model 906
save photos/x906 for model 906
save abund_profile_r_ca44_pn_sc44_01.data for model 906
 saved to final.mod
termination code: max_model_number
        906   8.633065  6.085E+06   1.195975   2.084021   1.400000   1.400000   0.000000   0.000000   0.275200   0.016699   8.333510    920    178
  -6.445128   6.692552  -4.792822   0.558817   1.671773  -8.522879   0.000000   0.000000   0.000000   0.020000   0.018083  54.184467      6     23
 8.6960E-04  23.324475   2.504845   2.008690  14.128170  -0.795187   0.000000   0.000000   0.000000   0.000687  9.652E-01  0.104E-11      lgT_cntr

DATE: 2020-09-04
TIME: 04:13:25
