starting from photo
cp: ‘restart_photo’ and ‘restart_photo’ are the same file
                                         version_number       10108
 read /work/al363/new_sens/base/inlist_base
load saved model /work/al363/new_sens/base/ns_relax.mod

 change to /work/al363/new_sens/base/rp_305.net
             set special rate factor for r_co54_ap_ni57        1697    1.0000000000000000D-02
             set special rate factor for r_ni57_pa_co54        1698    1.0000000000000000D-02
             set special rate factor for r_co54_ap_ni57        1697    1.0000000000000000D-02
             set special rate factor for r_ni57_pa_co54        1698    1.0000000000000000D-02
 number of species         305
 read /work/al363/new_sens/base/history_customACL.list
 read /work/al363/new_sens/base/profile_customACL.list
 net name /work/al363/new_sens/base/rp_305.net
 v_flag T
                         which_atm_option: grey_and_kap
                                           xmstar/mstar    4.5461189430843640D-12
                                             xmstar (g)    1.2660395722219186D+22
                                           M_center (g)    2.7848799999878681D+33
                                            xmstar/Msun    6.3645665203193175D-12
                                          M_center/Msun    1.3999999999939012D+00
                                          R_center (cm)    1.1200000000000000D+06
                                          R_center/Rsun    1.6092416448748527D-05
                                           core density    4.7322078204273819D+14
                                          L_center/Lsun    4.1647144567650578D+00
 kappa_file_prefix gs98
 kappa_lowT_prefix lowT_fa05_gs98

   eos_file_prefix mesa
                                        OMP_NUM_THREADS           8


__________________________________________________________________________________________________________________________________________________

       step    lg_Tcntr    Teff       lg_LH     lg_Lnuc     Mass       H_rich     H_cntr     N_cntr     Y_surf     X_avg     eta_cntr  zones retry
   lg_dt_yr    lg_Dcntr    lg_R       lg_L3a    lg_Lneu     lg_Mdot    He_core    He_cntr    O_cntr     Z_surf     Y_avg     gam_cntr  iters bckup
     age_yr    lg_Pcntr    lg_L       lg_LZ     lg_Psurf    lg_Dsurf   C_core     C_cntr     Ne_cntr    Si_cntr    Z_avg     v_div_cs     dt_limit
__________________________________________________________________________________________________________________________________________________

save LOGS/profile1.data for model 2
 grid1/grid1_000005.png/png
 burst_profile/burst_profile000005.png/png
          6   8.165156  1.497E+06   0.087590   0.087976   1.400000   1.400000   0.000000   0.000000   0.275200   0.030886  22.514775    791      0
  -5.817651   6.610341  -4.793035 -18.862378  -1.086578  -8.522879   0.000000   0.000000   0.000000   0.020000   0.011710 149.410225      6      0
 4.0040E-06  23.176196   0.068337  -2.962874  12.744977  -1.553972   0.000000   0.000000   0.000000   0.000687  9.574E-01  0.395E-11      lgT_cntr

save LOGS/profile2.data for model 6
 grid1/grid1_000010.png/png
 burst_profile/burst_profile000010.png/png
 grid1/grid1_000015.png/png
 burst_profile/burst_profile000015.png/png
 grid1/grid1_000020.png/png
 burst_profile/burst_profile000020.png/png
 grid1/grid1_000025.png/png
 burst_profile/burst_profile000025.png/png
       retry log10(dt/yr), log10(dt), retry_factor     1    30       -5.532111        1.967001        0.500000
 grid1/grid1_000030.png/png
 burst_profile/burst_profile000030.png/png
       retry log10(dt/yr), log10(dt), retry_factor     1    35       -5.231081        2.268031        0.500000
 grid1/grid1_000035.png/png
 burst_profile/burst_profile000035.png/png
       retry log10(dt/yr), log10(dt), retry_factor     1    36       -5.532111        1.967001        0.500000
       retry log10(dt/yr), log10(dt), retry_factor     1    40       -5.532111        1.967001        0.500000
 grid1/grid1_000040.png/png
 burst_profile/burst_profile000040.png/png
       retry log10(dt/yr), log10(dt), retry_factor     1    45       -5.231081        2.268031        0.500000
 grid1/grid1_000045.png/png
 burst_profile/burst_profile000045.png/png
       retry log10(dt/yr), log10(dt), retry_factor     1    49       -5.231081        2.268031        0.500000
 grid1/grid1_000050.png/png
 burst_profile/burst_profile000050.png/png
       retry log10(dt/yr), log10(dt), retry_factor     1    53       -5.231081        2.268031        0.500000
 grid1/grid1_000055.png/png
 burst_profile/burst_profile000055.png/png
       retry log10(dt/yr), log10(dt), retry_factor     1    56       -5.532111        1.967001        0.500000
       retry log10(dt/yr), log10(dt), retry_factor     2    56       -5.833141        1.665971        0.500000
 have reached retry limit so now backup
 grid1/grid1_000055.png/png
 burst_profile/burst_profile000055.png/png
       retry log10(dt/yr), log10(dt), retry_factor     1    58       -6.134171        1.364941        0.500000
       retry log10(dt/yr), log10(dt), retry_factor     2    58       -6.435201        1.063911        0.500000
 have reached retry limit so now backup
       retry log10(dt/yr), log10(dt), retry_factor     1    58       -6.736231        0.762881        0.500000
       retry log10(dt/yr), log10(dt), retry_factor     2    58       -7.037261        0.461851        0.500000
 have reached retry limit so now backup
       retry log10(dt/yr), log10(dt), retry_factor     1    60       -7.338291        0.160821        0.500000
       retry log10(dt/yr), log10(dt), retry_factor     2    60       -7.639321       -0.140209        0.500000
 have reached retry limit so now backup
 grid1/grid1_000060.png/png
 burst_profile/burst_profile000060.png/png
       retry log10(dt/yr), log10(dt), retry_factor     1    62       -7.940351       -0.441239        0.500000
       retry log10(dt/yr), log10(dt), retry_factor     2    62       -8.241381       -0.742269        0.500000
 grid1/grid1_000065.png/png
 burst_profile/burst_profile000065.png/png
 grid1/grid1_000070.png/png
 burst_profile/burst_profile000070.png/png
 grid1/grid1_000075.png/png
 burst_profile/burst_profile000075.png/png
       retry log10(dt/yr), log10(dt), retry_factor     1    76       -5.231081        2.268031        0.500000
       retry log10(dt/yr), log10(dt), retry_factor     2    76       -5.532111        1.967001        0.500000
       retry log10(dt/yr), log10(dt), retry_factor     1    77       -5.833141        1.665971        0.500000
       retry log10(dt/yr), log10(dt), retry_factor     2    77       -6.134171        1.364941        0.500000
 have reached retry limit so now backup
       retry log10(dt/yr), log10(dt), retry_factor     1    80       -6.435201        1.063911        0.500000
       retry log10(dt/yr), log10(dt), retry_factor     2    80       -6.736231        0.762881        0.500000
 have reached retry limit so now backup
 grid1/grid1_000080.png/png
 burst_profile/burst_profile000080.png/png
       retry log10(dt/yr), log10(dt), retry_factor     1    81       -7.037261        0.461851        0.500000
       retry log10(dt/yr), log10(dt), retry_factor     2    81       -7.338291        0.160821        0.500000
 have reached retry limit so now backup
 grid1/grid1_000080.png/png
 burst_profile/burst_profile000080.png/png
       retry log10(dt/yr), log10(dt), retry_factor     1    84       -7.639321       -0.140209        0.500000
       retry log10(dt/yr), log10(dt), retry_factor     2    84       -7.940351       -0.441239        0.500000
 have reached retry limit so now backup
       retry log10(dt/yr), log10(dt), retry_factor     1    84       -8.241381       -0.742269        0.500000
 grid1/grid1_000085.png/png
 burst_profile/burst_profile000085.png/png
 grid1/grid1_000090.png/png
 burst_profile/burst_profile000090.png/png
 grid1/grid1_000095.png/png
 burst_profile/burst_profile000095.png/png
       retry log10(dt/yr), log10(dt), retry_factor     1    97       -5.708197        1.790914        0.500000
       retry log10(dt/yr), log10(dt), retry_factor     1    98       -6.029742        1.469369        0.500000
       retry log10(dt/yr), log10(dt), retry_factor     1    99       -6.330772        1.168339        0.500000
        100   8.444841  4.670E+06   2.033172   2.166622   1.400000   1.400000   0.000000   0.000000   0.275200   0.100536  12.226478    752     31
  -6.029742   6.642744  -4.792800   1.206170   1.283423  -8.522879   0.000000   0.000000   0.000000   0.020000   0.058448  80.444496      6      8
 3.1300E-04  23.235090   2.045017   1.357015  13.860470  -0.943582   0.000000   0.000000   0.000000   0.000687  8.410E-01  0.987E-12          hold

 grid1/grid1_000100.png/png
 burst_profile/burst_profile000100.png/png
       retry log10(dt/yr), log10(dt), retry_factor     1   101       -6.631802        0.867309        0.500000
       retry log10(dt/yr), log10(dt), retry_factor     1   103       -6.932832        0.566279        0.500000
hydro_newton_step failed to accept
       retry log10(dt/yr), log10(dt), retry_factor     1   104       -7.233862        0.265249        0.500000
 grid1/grid1_000105.png/png
 burst_profile/burst_profile000105.png/png
       retry log10(dt/yr), log10(dt), retry_factor     1   106       -7.534892       -0.035780        0.500000
       retry log10(dt/yr), log10(dt), retry_factor     1   110       -7.649240       -0.150129        0.500000
       retry log10(dt/yr), log10(dt), retry_factor     2   110       -7.950270       -0.451159        0.500000
 grid1/grid1_000110.png/png
 burst_profile/burst_profile000110.png/png
       retry log10(dt/yr), log10(dt), retry_factor     1   112       -8.333830       -0.834718        0.500000
 grid1/grid1_000115.png/png
 burst_profile/burst_profile000115.png/png
 grid1/grid1_000120.png/png
 burst_profile/burst_profile000120.png/png
 grid1/grid1_000125.png/png
 burst_profile/burst_profile000125.png/png
 grid1/grid1_000130.png/png
 burst_profile/burst_profile000130.png/png
 grid1/grid1_000135.png/png
 burst_profile/burst_profile000135.png/png
 grid1/grid1_000140.png/png
 burst_profile/burst_profile000140.png/png
 grid1/grid1_000145.png/png
 burst_profile/burst_profile000145.png/png
 grid1/grid1_000150.png/png
 burst_profile/burst_profile000150.png/png
 grid1/grid1_000155.png/png
 burst_profile/burst_profile000155.png/png
 grid1/grid1_000160.png/png
 burst_profile/burst_profile000160.png/png
 grid1/grid1_000165.png/png
 burst_profile/burst_profile000165.png/png
                       super eddington wind: lg_Mdot, L/Ledd         166    -9.72183     1.00774
                       super eddington wind: lg_Mdot, L/Ledd         167    -9.00562     1.04020
                       super eddington wind: lg_Mdot, L/Ledd         168    -8.75938     1.07085
                       super eddington wind: lg_Mdot, L/Ledd         169    -8.63024     1.09524
                       super eddington wind: lg_Mdot, L/Ledd         170    -8.52048     1.12262
 grid1/grid1_000170.png/png
 burst_profile/burst_profile000170.png/png
                       super eddington wind: lg_Mdot, L/Ledd         171    -8.42342     1.15317
                       super eddington wind: lg_Mdot, L/Ledd         172    -8.60180     1.10140
                       super eddington wind: lg_Mdot, L/Ledd         173    -8.46044     1.14029
                       super eddington wind: lg_Mdot, L/Ledd         174    -8.38513     1.16694
                       super eddington wind: lg_Mdot, L/Ledd         175    -8.53118     1.11892
 grid1/grid1_000175.png/png
 burst_profile/burst_profile000175.png/png
                       super eddington wind: lg_Mdot, L/Ledd         176    -8.40225     1.16013
                       super eddington wind: lg_Mdot, L/Ledd         177    -8.32982     1.18908
                       super eddington wind: lg_Mdot, L/Ledd         178    -8.44642     1.14418
                       super eddington wind: lg_Mdot, L/Ledd         179    -8.33807     1.18488
                       super eddington wind: lg_Mdot, L/Ledd         180    -8.27521     1.21336
 grid1/grid1_000180.png/png
 burst_profile/burst_profile000180.png/png
                       super eddington wind: lg_Mdot, L/Ledd         181    -8.39515     1.16167
                       super eddington wind: lg_Mdot, L/Ledd         182    -8.30145     1.20042
                       super eddington wind: lg_Mdot, L/Ledd         183    -8.24750     1.22677
                       super eddington wind: lg_Mdot, L/Ledd         184    -8.36515     1.17263
                       super eddington wind: lg_Mdot, L/Ledd         185    -8.27673     1.21145
 grid1/grid1_000185.png/png
 burst_profile/burst_profile000185.png/png
                       super eddington wind: lg_Mdot, L/Ledd         186    -8.23340     1.23359
                       super eddington wind: lg_Mdot, L/Ledd         187    -8.36261     1.17300
                       super eddington wind: lg_Mdot, L/Ledd         188    -8.28896     1.20477
                       super eddington wind: lg_Mdot, L/Ledd         189    -8.25212     1.22271
                       super eddington wind: lg_Mdot, L/Ledd         190    -8.39214     1.16097
 grid1/grid1_000190.png/png
 burst_profile/burst_profile000190.png/png
                       super eddington wind: lg_Mdot, L/Ledd         191    -8.33996     1.18124
                       super eddington wind: lg_Mdot, L/Ledd         192    -8.32265     1.18855
                       super eddington wind: lg_Mdot, L/Ledd         193    -8.51191     1.12163
       retry log10(dt/yr), log10(dt), retry_factor     1   193       -9.067322       -1.568210        0.500000
                       super eddington wind: lg_Mdot, L/Ledd         193    -8.51191     1.12163
       retry log10(dt/yr), log10(dt), retry_factor     2   193       -9.368352       -1.869240        0.500000
                       super eddington wind: lg_Mdot, L/Ledd         193    -8.51191     1.12163
 have reached retry limit so now backup
                       super eddington wind: lg_Mdot, L/Ledd         192    -8.32265     1.18855
                       super eddington wind: lg_Mdot, L/Ledd         193    -8.70243     1.07847
                       super eddington wind: lg_Mdot, L/Ledd         194    -8.39698     1.15869
                       super eddington wind: lg_Mdot, L/Ledd         195    -8.56844     1.10683
 grid1/grid1_000195.png/png
 burst_profile/burst_profile000195.png/png
                       super eddington wind: lg_Mdot, L/Ledd         196    -8.47578     1.13215
                       super eddington wind: lg_Mdot, L/Ledd         197    -8.38145     1.16433
       retry log10(dt/yr), log10(dt), retry_factor     1   197       -9.534457       -2.035346        0.500000
                       super eddington wind: lg_Mdot, L/Ledd         197    -8.38145     1.16433
                       super eddington wind: lg_Mdot, L/Ledd         198    -8.56822     1.10679
                       super eddington wind: lg_Mdot, L/Ledd         199    -8.44607     1.14152
                       super eddington wind: lg_Mdot, L/Ledd         200    -8.37416     1.16714
        200   8.941979  2.384E+07   3.736578   6.705114   1.400000   1.400000   0.000000   0.000000   0.296041   0.076287   3.151704    653     41
  -9.233427   6.572253  -4.791531   3.026058   4.394524  -8.374163   0.000000   0.000000   0.000000   0.198238   0.044964  24.258301      6      9
 3.1497E-04  23.235199   4.879638   6.704555  15.061116  -0.896986   0.000000   0.000000   0.000000   0.000687  8.787E-01  0.160E-03          hold

 grid1/grid1_000200.png/png
 burst_profile/burst_profile000200.png/png
                       super eddington wind: lg_Mdot, L/Ledd         201    -8.57979     1.10392
                       super eddington wind: lg_Mdot, L/Ledd         202    -8.44470     1.14186
                       super eddington wind: lg_Mdot, L/Ledd         203    -8.61864     1.09500
                       super eddington wind: lg_Mdot, L/Ledd         204    -8.49440     1.12642
                       super eddington wind: lg_Mdot, L/Ledd         205    -8.42961     1.14679
 grid1/grid1_000205.png/png
 burst_profile/burst_profile000205.png/png
                       super eddington wind: lg_Mdot, L/Ledd         206    -8.66242     1.08580
                       super eddington wind: lg_Mdot, L/Ledd         207    -8.56413     1.10746
                       super eddington wind: lg_Mdot, L/Ledd         208    -8.78492     1.06457
                       super eddington wind: lg_Mdot, L/Ledd         209    -8.62803     1.09266
                       super eddington wind: lg_Mdot, L/Ledd         210    -8.52324     1.11784
 grid1/grid1_000210.png/png
 burst_profile/burst_profile000210.png/png
                       super eddington wind: lg_Mdot, L/Ledd         211    -9.07626     1.03297
                       super eddington wind: lg_Mdot, L/Ledd         212   -10.82226     1.00059
                       super eddington wind: lg_Mdot, L/Ledd         213    -9.27512     1.02081
                       super eddington wind: lg_Mdot, L/Ledd         215    -9.51801     1.01189
 grid1/grid1_000215.png/png
 burst_profile/burst_profile000215.png/png
                       super eddington wind: lg_Mdot, L/Ledd         216    -9.06973     1.03336
 grid1/grid1_000220.png/png
 burst_profile/burst_profile000220.png/png
       retry log10(dt/yr), log10(dt), retry_factor     1   221       -9.008432       -1.509320        0.500000
       retry log10(dt/yr), log10(dt), retry_factor     2   221       -9.309462       -1.810350        0.500000
 grid1/grid1_000225.png/png
 burst_profile/burst_profile000225.png/png
 grid1/grid1_000230.png/png
 burst_profile/burst_profile000230.png/png
 grid1/grid1_000235.png/png
 burst_profile/burst_profile000235.png/png
       retry log10(dt/yr), log10(dt), retry_factor     1   240       -7.600897       -0.101786        0.500000
       retry log10(dt/yr), log10(dt), retry_factor     2   240       -7.901927       -0.402816        0.500000
 have reached retry limit so now backup
 grid1/grid1_000240.png/png
 burst_profile/burst_profile000240.png/png
 grid1/grid1_000245.png/png
 burst_profile/burst_profile000245.png/png
       retry log10(dt/yr), log10(dt), retry_factor     1   247       -7.926664       -0.427553        0.500000
hydro_newton_step failed to accept
       retry log10(dt/yr), log10(dt), retry_factor     1   248       -8.324604       -0.825493        0.500000
       retry log10(dt/yr), log10(dt), retry_factor     2   248       -8.625634       -1.126523        0.500000
 have reached retry limit so now backup
       retry log10(dt/yr), log10(dt), retry_factor     1   250       -8.926664       -1.427553        0.500000
       retry log10(dt/yr), log10(dt), retry_factor     2   250       -9.227694       -1.728583        0.500000
 grid1/grid1_000250.png/png
 burst_profile/burst_profile000250.png/png
       retry log10(dt/yr), log10(dt), retry_factor     1   254       -9.227694       -1.728583        0.500000
 grid1/grid1_000255.png/png
 burst_profile/burst_profile000255.png/png
 grid1/grid1_000260.png/png
 burst_profile/burst_profile000260.png/png
hydro_newton_step failed to accept
       retry log10(dt/yr), log10(dt), retry_factor     1   262       -8.023574       -0.524463        0.500000
       retry log10(dt/yr), log10(dt), retry_factor     2   262       -8.324604       -0.825493        0.500000
 grid1/grid1_000265.png/png
 burst_profile/burst_profile000265.png/png
 grid1/grid1_000270.png/png
 burst_profile/burst_profile000270.png/png
 grid1/grid1_000275.png/png
 burst_profile/burst_profile000275.png/png
 grid1/grid1_000280.png/png
 burst_profile/burst_profile000280.png/png
 grid1/grid1_000285.png/png
 burst_profile/burst_profile000285.png/png
 grid1/grid1_000290.png/png
 burst_profile/burst_profile000290.png/png
       retry log10(dt/yr), log10(dt), retry_factor     1   292       -7.645834       -0.146723        0.500000
       retry log10(dt/yr), log10(dt), retry_factor     2   292       -7.946864       -0.447753        0.500000
 have reached retry limit so now backup
 grid1/grid1_000295.png/png
 burst_profile/burst_profile000295.png/png
       retry log10(dt/yr), log10(dt), retry_factor     1   296       -7.946864       -0.447753        0.500000
       retry log10(dt/yr), log10(dt), retry_factor     1   300       -7.946864       -0.447753        0.500000
       retry log10(dt/yr), log10(dt), retry_factor     2   300       -8.247894       -0.748783        0.500000
 have reached retry limit so now backup
        300   8.806719  1.135E+07   2.117289   3.697312   1.400000   1.400000   0.000000   0.000000   0.275200   0.020807   4.829938    712     58
  -7.946864   6.607830  -4.792597   1.931569   2.870463  -8.522879   0.000000   0.000000   0.000000   0.020000   0.020737  34.039258      6     13
 3.1780E-04  23.235883   3.588461   3.678019  14.482689  -0.764986   0.000000   0.000000   0.000000   0.000687  9.585E-01  0.457E-09          hold

 grid1/grid1_000300.png/png
 burst_profile/burst_profile000300.png/png
 grid1/grid1_000305.png/png
 burst_profile/burst_profile000305.png/png
       retry log10(dt/yr), log10(dt), retry_factor     1   306       -7.785363       -0.286251        0.500000
       retry log10(dt/yr), log10(dt), retry_factor     2   306       -8.086393       -0.587281        0.500000
 grid1/grid1_000310.png/png
 burst_profile/burst_profile000310.png/png
       retry log10(dt/yr), log10(dt), retry_factor     1   311       -7.785363       -0.286251        0.500000
       retry log10(dt/yr), log10(dt), retry_factor     2   311       -8.086393       -0.587281        0.500000
 grid1/grid1_000315.png/png
 burst_profile/burst_profile000315.png/png
       retry log10(dt/yr), log10(dt), retry_factor     1   317       -7.493661        0.005451        0.500000
 grid1/grid1_000320.png/png
 burst_profile/burst_profile000320.png/png
       retry log10(dt/yr), log10(dt), retry_factor     1   321       -7.493661        0.005451        0.500000
 grid1/grid1_000325.png/png
 burst_profile/burst_profile000325.png/png
 grid1/grid1_000330.png/png
 burst_profile/burst_profile000330.png/png
 grid1/grid1_000335.png/png
 burst_profile/burst_profile000335.png/png
 grid1/grid1_000340.png/png
 burst_profile/burst_profile000340.png/png
 grid1/grid1_000345.png/png
 burst_profile/burst_profile000345.png/png
 grid1/grid1_000350.png/png
 burst_profile/burst_profile000350.png/png
 grid1/grid1_000355.png/png
 burst_profile/burst_profile000355.png/png
 grid1/grid1_000360.png/png
 burst_profile/burst_profile000360.png/png
       retry log10(dt/yr), log10(dt), retry_factor     1   363       -5.578927        1.920185        0.500000
hydro_newton_step failed to accept
       retry log10(dt/yr), log10(dt), retry_factor     2   363       -5.879957        1.619155        0.500000
 have reached retry limit so now backup
 grid1/grid1_000365.png/png
 burst_profile/burst_profile000365.png/png
       retry log10(dt/yr), log10(dt), retry_factor     1   367       -5.879957        1.619155        0.500000
 grid1/grid1_000370.png/png
 burst_profile/burst_profile000370.png/png
       retry log10(dt/yr), log10(dt), retry_factor     1   373       -5.468668        2.030443        0.500000
hydro_newton_step failed to accept
       retry log10(dt/yr), log10(dt), retry_factor     2   373       -5.769698        1.729413        0.500000
 have reached retry limit so now backup
       retry log10(dt/yr), log10(dt), retry_factor     1   374       -6.083876        1.415235        0.500000
 grid1/grid1_000375.png/png
 burst_profile/burst_profile000375.png/png
 grid1/grid1_000380.png/png
 burst_profile/burst_profile000380.png/png
       retry log10(dt/yr), log10(dt), retry_factor     1   381       -5.180786        2.318325        0.500000
hydro_newton_step failed to accept
       retry log10(dt/yr), log10(dt), retry_factor     2   381       -5.481816        2.017295        0.500000
 have reached retry limit so now backup
 grid1/grid1_000380.png/png
 burst_profile/burst_profile000380.png/png
       retry log10(dt/yr), log10(dt), retry_factor     1   381       -5.879756        1.619355        0.500000
       retry log10(dt/yr), log10(dt), retry_factor     2   381       -6.180786        1.318325        0.500000
 grid1/grid1_000385.png/png
 burst_profile/burst_profile000385.png/png
       retry log10(dt/yr), log10(dt), retry_factor     1   388       -5.434340        2.064772        0.500000
       retry log10(dt/yr), log10(dt), retry_factor     1   389       -5.832280        1.666832        0.500000
       retry log10(dt/yr), log10(dt), retry_factor     1   390       -6.133310        1.365802        0.500000
 grid1/grid1_000390.png/png
 burst_profile/burst_profile000390.png/png
 grid1/grid1_000395.png/png
 burst_profile/burst_profile000395.png/png
       retry log10(dt/yr), log10(dt), retry_factor     1   397       -5.459798        2.039314        0.500000
        400   8.344356  3.600E+06   1.503986   1.530675   1.400000   1.400000   0.000000   0.000000   0.275200   0.060151  15.949495    753     78
  -5.158768   6.666951  -4.792876  -1.076061   0.677300  -8.522879   0.000000   0.000000   0.000000   0.020000   0.042677 103.288063      6     16
 4.9550E-04  23.266460   1.592906   0.287537  13.565708  -1.122627   0.000000   0.000000   0.000000   0.000687  8.972E-01  0.107E-12          hold

 grid1/grid1_000400.png/png
 burst_profile/burst_profile000400.png/png
       retry log10(dt/yr), log10(dt), retry_factor     1   401       -5.555848        1.943264        0.500000
       retry log10(dt/yr), log10(dt), retry_factor     1   403       -5.953788        1.545324        0.500000
       retry log10(dt/yr), log10(dt), retry_factor     2   403       -6.254818        1.244294        0.500000
 have reached retry limit so now backup
       retry log10(dt/yr), log10(dt), retry_factor     1   404       -6.555848        0.943264        0.500000
       retry log10(dt/yr), log10(dt), retry_factor     2   404       -6.856878        0.642234        0.500000
 have reached retry limit so now backup
 grid1/grid1_000405.png/png
 burst_profile/burst_profile000405.png/png
       retry log10(dt/yr), log10(dt), retry_factor     1   407       -7.157908        0.341204        0.500000
       retry log10(dt/yr), log10(dt), retry_factor     2   407       -7.458938        0.040174        0.500000
 have reached retry limit so now backup
       retry log10(dt/yr), log10(dt), retry_factor     1   408       -7.759968       -0.260856        0.500000
       retry log10(dt/yr), log10(dt), retry_factor     2   408       -8.060998       -0.561886        0.500000
 grid1/grid1_000410.png/png
 burst_profile/burst_profile000410.png/png
 grid1/grid1_000415.png/png
 burst_profile/burst_profile000415.png/png
 grid1/grid1_000420.png/png
 burst_profile/burst_profile000420.png/png
       retry log10(dt/yr), log10(dt), retry_factor     1   421       -5.577569        1.921542        0.500000
       retry log10(dt/yr), log10(dt), retry_factor     1   425       -5.698913        1.800199        0.500000
 grid1/grid1_000425.png/png
 burst_profile/burst_profile000425.png/png
       retry log10(dt/yr), log10(dt), retry_factor     1   429       -5.780246        1.718866        0.500000
hydro_newton_step failed to accept
       retry log10(dt/yr), log10(dt), retry_factor     1   430       -6.178186        1.320926        0.500000
 grid1/grid1_000430.png/png
 burst_profile/burst_profile000430.png/png
       retry log10(dt/yr), log10(dt), retry_factor     1   431       -6.479216        1.019896        0.500000
 grid1/grid1_000435.png/png
 burst_profile/burst_profile000435.png/png
       retry log10(dt/yr), log10(dt), retry_factor     1   438       -5.753930        1.745182        0.500000
       retry log10(dt/yr), log10(dt), retry_factor     1   439       -6.123821        1.375291        0.500000
       retry log10(dt/yr), log10(dt), retry_factor     2   439       -6.424851        1.074261        0.500000
 have reached retry limit so now backup
 grid1/grid1_000440.png/png
 burst_profile/burst_profile000440.png/png
 grid1/grid1_000445.png/png
 burst_profile/burst_profile000445.png/png
       retry log10(dt/yr), log10(dt), retry_factor     1   446       -6.015136        1.483975        0.500000
        446   8.427210  4.487E+06   1.942087   2.066801   1.400000   1.400000   0.000000   0.000000   0.275200   0.076136  13.267169    766     96
  -5.714106   6.674478  -4.792807   1.233658   1.138196  -8.522879   0.000000   0.000000   0.000000   0.020000   0.053752  85.842968      6     20
 5.8655E-04  23.281298   1.975526   1.078657  13.815786  -0.970394   0.000000   0.000000   0.000000   0.000687  8.701E-01  0.688E-12         retry

save LOGS/profile3.data for model 446
       retry log10(dt/yr), log10(dt), retry_factor     1   447       -6.333622        1.165489        0.500000
       retry log10(dt/yr), log10(dt), retry_factor     1   448       -6.634652        0.864459        0.500000
hydro_newton_step failed to accept
       retry log10(dt/yr), log10(dt), retry_factor     1   449       -6.935682        0.563429        0.500000
 grid1/grid1_000450.png/png
 burst_profile/burst_profile000450.png/png
       retry log10(dt/yr), log10(dt), retry_factor     1   452       -7.103933        0.395178        0.500000
       retry log10(dt/yr), log10(dt), retry_factor     2   452       -7.404963        0.094148        0.500000
 have reached retry limit so now backup
 grid1/grid1_000455.png/png
 burst_profile/burst_profile000455.png/png
       retry log10(dt/yr), log10(dt), retry_factor     1   456       -7.404963        0.094148        0.500000
hydro_newton_step failed to accept
       retry log10(dt/yr), log10(dt), retry_factor     2   456       -7.705993       -0.206882        0.500000
 have reached retry limit so now backup
 grid1/grid1_000455.png/png
 burst_profile/burst_profile000455.png/png
hydro_newton_step failed to accept
       retry log10(dt/yr), log10(dt), retry_factor     1   456       -8.007023       -0.507912        0.500000
       retry log10(dt/yr), log10(dt), retry_factor     2   456       -8.308053       -0.808942        0.500000
 grid1/grid1_000460.png/png
 burst_profile/burst_profile000460.png/png
       retry log10(dt/yr), log10(dt), retry_factor     1   463       -7.404963        0.094148        0.500000
hydro_newton_step failed to accept
       retry log10(dt/yr), log10(dt), retry_factor     2   463       -7.705993       -0.206882        0.500000
 grid1/grid1_000465.png/png
 burst_profile/burst_profile000465.png/png
       retry log10(dt/yr), log10(dt), retry_factor     1   466       -8.007023       -0.507912        0.500000
       retry log10(dt/yr), log10(dt), retry_factor     1   467       -8.308053       -0.808942        0.500000
 grid1/grid1_000470.png/png
 burst_profile/burst_profile000470.png/png
 grid1/grid1_000475.png/png
 burst_profile/burst_profile000475.png/png
 grid1/grid1_000480.png/png
 burst_profile/burst_profile000480.png/png
 grid1/grid1_000485.png/png
 burst_profile/burst_profile000485.png/png
 grid1/grid1_000490.png/png
 burst_profile/burst_profile000490.png/png
 grid1/grid1_000495.png/png
 burst_profile/burst_profile000495.png/png
        500   8.463109  1.373E+07   3.558985   6.344850   1.400000   1.400000   0.000000   0.000000   0.275200   0.072273  12.177190    772    109
  -8.697752   6.673334  -4.792163   3.303322   4.197416  -8.522879   0.000000   0.000000   0.000000   0.020000   0.047579  78.963152      7     22
 5.8919E-04  23.281639   3.920196   6.343743  14.562337  -0.826197   0.000000   0.000000   0.000000   0.000687  8.801E-01 -0.266E-08    varcontrol

save LOGS/profile4.data for model 500
save photos/x500 for model 500
 grid1/grid1_000500.png/png
 burst_profile/burst_profile000500.png/png
 grid1/grid1_000505.png/png
 burst_profile/burst_profile000505.png/png
 grid1/grid1_000510.png/png
 burst_profile/burst_profile000510.png/png
 grid1/grid1_000515.png/png
 burst_profile/burst_profile000515.png/png
 grid1/grid1_000520.png/png
 burst_profile/burst_profile000520.png/png
 grid1/grid1_000525.png/png
 burst_profile/burst_profile000525.png/png
 grid1/grid1_000530.png/png
 burst_profile/burst_profile000530.png/png
 grid1/grid1_000535.png/png
 burst_profile/burst_profile000535.png/png
 grid1/grid1_000540.png/png
 burst_profile/burst_profile000540.png/png
 grid1/grid1_000545.png/png
 burst_profile/burst_profile000545.png/png
 grid1/grid1_000550.png/png
 burst_profile/burst_profile000550.png/png
 grid1/grid1_000555.png/png
 burst_profile/burst_profile000555.png/png
hydro_newton_step failed to accept
       retry log10(dt/yr), log10(dt), retry_factor     1   556       -7.594277       -0.095165        0.500000
       retry log10(dt/yr), log10(dt), retry_factor     1   560       -7.458909        0.040202        0.500000
 grid1/grid1_000560.png/png
 burst_profile/burst_profile000560.png/png
       retry log10(dt/yr), log10(dt), retry_factor     1   561       -7.856849       -0.357738        0.500000
       retry log10(dt/yr), log10(dt), retry_factor     2   561       -8.157879       -0.658768        0.500000
hydro_newton_step failed to accept
       retry log10(dt/yr), log10(dt), retry_factor     1   562       -8.529169       -1.030058        0.500000
hydro_newton_step failed to accept
       retry log10(dt/yr), log10(dt), retry_factor     2   562       -8.830199       -1.331088        0.500000
       retry log10(dt/yr), log10(dt), retry_factor     1   563       -9.131229       -1.632118        0.500000
 grid1/grid1_000565.png/png
 burst_profile/burst_profile000565.png/png
       retry log10(dt/yr), log10(dt), retry_factor     1   568       -8.830199       -1.331088        0.500000
       retry log10(dt/yr), log10(dt), retry_factor     2   568       -9.131229       -1.632118        0.500000
 have reached retry limit so now backup
       retry log10(dt/yr), log10(dt), retry_factor     1   569       -9.432259       -1.933148        0.500000
 grid1/grid1_000570.png/png
 burst_profile/burst_profile000570.png/png
 grid1/grid1_000575.png/png
 burst_profile/burst_profile000575.png/png
hydro_newton_step failed to accept
       retry log10(dt/yr), log10(dt), retry_factor     1   577       -8.321448       -0.822337        0.500000
 grid1/grid1_000580.png/png
 burst_profile/burst_profile000580.png/png
 grid1/grid1_000585.png/png
 burst_profile/burst_profile000585.png/png
       retry log10(dt/yr), log10(dt), retry_factor     1   589       -7.979736       -0.480625        0.500000
 grid1/grid1_000590.png/png
 burst_profile/burst_profile000590.png/png
 grid1/grid1_000595.png/png
 burst_profile/burst_profile000595.png/png
        600   8.871906  1.322E+07   2.393552   4.311508   1.400000   1.400000   0.000000   0.000000   0.275200   0.019828   4.178878    804    121
  -7.378633   6.627643  -4.792477   2.189048   3.127417  -8.522879   0.000000   0.000000   0.000000   0.020000   0.021029  29.743846      6     23
 5.9131E-04  23.282013   3.853121   4.302901  14.544125  -0.813160   0.000000   0.000000   0.000000   0.000687  9.591E-01 -0.197E-10    varcontrol

 grid1/grid1_000600.png/png
 burst_profile/burst_profile000600.png/png
 grid1/grid1_000605.png/png
 burst_profile/burst_profile000605.png/png
 grid1/grid1_000610.png/png
 burst_profile/burst_profile000610.png/png
       retry log10(dt/yr), log10(dt), retry_factor     1   611       -7.813876       -0.314765        0.500000
       retry log10(dt/yr), log10(dt), retry_factor     2   611       -8.114906       -0.615795        0.500000
 grid1/grid1_000615.png/png
 burst_profile/burst_profile000615.png/png
       retry log10(dt/yr), log10(dt), retry_factor     1   618       -7.712180       -0.213069        0.500000
       retry log10(dt/yr), log10(dt), retry_factor     2   618       -8.013210       -0.514099        0.500000
 have reached retry limit so now backup
 grid1/grid1_000620.png/png
 burst_profile/burst_profile000620.png/png
       retry log10(dt/yr), log10(dt), retry_factor     1   623       -7.712180       -0.213069        0.500000
       retry log10(dt/yr), log10(dt), retry_factor     2   623       -8.013210       -0.514099        0.500000
 grid1/grid1_000625.png/png
 burst_profile/burst_profile000625.png/png
 grid1/grid1_000630.png/png
 burst_profile/burst_profile000630.png/png
 grid1/grid1_000635.png/png
 burst_profile/burst_profile000635.png/png
 grid1/grid1_000640.png/png
 burst_profile/burst_profile000640.png/png
 grid1/grid1_000645.png/png
 burst_profile/burst_profile000645.png/png
 grid1/grid1_000650.png/png
 burst_profile/burst_profile000650.png/png
 grid1/grid1_000655.png/png
 burst_profile/burst_profile000655.png/png
 grid1/grid1_000660.png/png
 burst_profile/burst_profile000660.png/png
 grid1/grid1_000665.png/png
 burst_profile/burst_profile000665.png/png
 grid1/grid1_000670.png/png
 burst_profile/burst_profile000670.png/png
       retry log10(dt/yr), log10(dt), retry_factor     1   675       -5.602752        1.896359        0.500000
 grid1/grid1_000675.png/png
 burst_profile/burst_profile000675.png/png
       retry log10(dt/yr), log10(dt), retry_factor     1   676       -6.000692        1.498419        0.500000
       retry log10(dt/yr), log10(dt), retry_factor     1   677       -6.301722        1.197389        0.500000
 grid1/grid1_000680.png/png
 burst_profile/burst_profile000680.png/png
       retry log10(dt/yr), log10(dt), retry_factor     1   684       -5.576224        1.922887        0.500000
 grid1/grid1_000685.png/png
 burst_profile/burst_profile000685.png/png
       retry log10(dt/yr), log10(dt), retry_factor     1   689       -5.275194        2.223917        0.500000
       retry log10(dt/yr), log10(dt), retry_factor     2   689       -5.576224        1.922887        0.500000
 have reached retry limit so now backup
       retry log10(dt/yr), log10(dt), retry_factor     1   690       -5.974164        1.524947        0.500000
 grid1/grid1_000690.png/png
 burst_profile/burst_profile000690.png/png
 grid1/grid1_000695.png/png
 burst_profile/burst_profile000695.png/png
       retry log10(dt/yr), log10(dt), retry_factor     1   696       -5.550627        1.948484        0.500000
        700   8.342817  3.552E+06   1.477243   1.505802   1.400000   1.400000   0.000000   0.000000   0.275200   0.050355  16.560566    840    135
  -4.948567   6.694001  -4.792871  -1.280050   0.656438  -8.522879   0.000000   0.000000   0.000000   0.020000   0.037666 105.829118      6     25
 7.5068E-04  23.306865   1.569646   0.298240  13.550611  -1.131709   0.000000   0.000000   0.000000   0.000687  9.120E-01  0.617E-13  max increase

 grid1/grid1_000700.png/png
 burst_profile/burst_profile000700.png/png
       retry log10(dt/yr), log10(dt), retry_factor     1   701       -5.519787        1.979325        0.500000
       retry log10(dt/yr), log10(dt), retry_factor     2   701       -5.820817        1.678295        0.500000
       retry log10(dt/yr), log10(dt), retry_factor     1   702       -6.121847        1.377265        0.500000
 grid1/grid1_000705.png/png
 burst_profile/burst_profile000705.png/png
       retry log10(dt/yr), log10(dt), retry_factor     1   709       -5.433354        2.065758        0.500000
 grid1/grid1_000710.png/png
 burst_profile/burst_profile000710.png/png
       retry log10(dt/yr), log10(dt), retry_factor     1   713       -5.574971        1.924141        0.500000
       retry log10(dt/yr), log10(dt), retry_factor     1   714       -5.876001        1.623111        0.500000
hydro_newton_step failed to accept
       retry log10(dt/yr), log10(dt), retry_factor     2   714       -6.177031        1.322081        0.500000
 have reached retry limit so now backup
 grid1/grid1_000715.png/png
 burst_profile/burst_profile000715.png/png
 grid1/grid1_000720.png/png
 burst_profile/burst_profile000720.png/png
       retry log10(dt/yr), log10(dt), retry_factor     1   721       -5.439428        2.059683        0.500000
hydro_newton_step failed to accept
       retry log10(dt/yr), log10(dt), retry_factor     2   721       -5.740458        1.758653        0.500000
 have reached retry limit so now backup
 grid1/grid1_000720.png/png
 burst_profile/burst_profile000720.png/png
hydro_newton_step failed to accept
       retry log10(dt/yr), log10(dt), retry_factor     1   723       -6.138398        1.360713        0.500000
 grid1/grid1_000725.png/png
 burst_profile/burst_profile000725.png/png
       retry log10(dt/yr), log10(dt), retry_factor     1   727       -5.741868        1.757243        0.500000
hydro_newton_step failed to accept
       retry log10(dt/yr), log10(dt), retry_factor     1   728       -6.139808        1.359303        0.500000
hydro_newton_step failed to accept
       retry log10(dt/yr), log10(dt), retry_factor     2   728       -6.440838        1.058273        0.500000
 grid1/grid1_000730.png/png
 burst_profile/burst_profile000730.png/png
       retry log10(dt/yr), log10(dt), retry_factor     1   733       -6.012750        1.486361        0.500000
       retry log10(dt/yr), log10(dt), retry_factor     1   734       -6.410690        1.088421        0.500000
hydro_newton_step failed to accept
       retry log10(dt/yr), log10(dt), retry_factor     1   735       -6.798157        0.700955        0.500000
 grid1/grid1_000735.png/png
 burst_profile/burst_profile000735.png/png
hydro_newton_step failed to accept
       retry log10(dt/yr), log10(dt), retry_factor     1   737       -7.099187        0.399925        0.500000
       retry log10(dt/yr), log10(dt), retry_factor     1   738       -7.099187        0.399925        0.500000
       retry log10(dt/yr), log10(dt), retry_factor     1   739       -7.400217        0.098895        0.500000
 grid1/grid1_000740.png/png
 burst_profile/burst_profile000740.png/png
       retry log10(dt/yr), log10(dt), retry_factor     1   742       -7.701247       -0.202135        0.500000
       retry log10(dt/yr), log10(dt), retry_factor     1   745       -8.002277       -0.503165        0.500000
 grid1/grid1_000745.png/png
 burst_profile/burst_profile000745.png/png
       retry log10(dt/yr), log10(dt), retry_factor     1   748       -8.467737       -0.968625        0.500000
 grid1/grid1_000750.png/png
 burst_profile/burst_profile000750.png/png
 grid1/grid1_000755.png/png
 burst_profile/burst_profile000755.png/png
 grid1/grid1_000760.png/png
 burst_profile/burst_profile000760.png/png
 grid1/grid1_000765.png/png
 burst_profile/burst_profile000765.png/png
 grid1/grid1_000770.png/png
 burst_profile/burst_profile000770.png/png
 grid1/grid1_000775.png/png
 burst_profile/burst_profile000775.png/png
 grid1/grid1_000780.png/png
 burst_profile/burst_profile000780.png/png
 grid1/grid1_000785.png/png
 burst_profile/burst_profile000785.png/png
 grid1/grid1_000790.png/png
 burst_profile/burst_profile000790.png/png
 grid1/grid1_000795.png/png
 burst_profile/burst_profile000795.png/png
        800   8.472459  2.117E+07   3.611386   6.783940   1.400000   1.400000   0.000000   0.000000   0.291647   0.058683  12.337184    911    157
  -7.859860   6.701022  -4.791672   2.992272   4.244864  -8.522879   0.000000   0.000000   0.000000   0.204685   0.037898  78.941162      7     27
 8.6201E-04  23.323229   4.673358   6.783577  14.921342  -0.855956   0.000000   0.000000   0.000000   0.000687  9.034E-01  0.993E-08    varcontrol

 grid1/grid1_000800.png/png
 burst_profile/burst_profile000800.png/png
 grid1/grid1_000805.png/png
 burst_profile/burst_profile000805.png/png
 grid1/grid1_000810.png/png
 burst_profile/burst_profile000810.png/png
 grid1/grid1_000815.png/png
 burst_profile/burst_profile000815.png/png
 grid1/grid1_000820.png/png
 burst_profile/burst_profile000820.png/png
 grid1/grid1_000825.png/png
 burst_profile/burst_profile000825.png/png
 grid1/grid1_000830.png/png
 burst_profile/burst_profile000830.png/png
 grid1/grid1_000835.png/png
 burst_profile/burst_profile000835.png/png
 grid1/grid1_000840.png/png
 burst_profile/burst_profile000840.png/png
hydro_newton_step failed to accept
       retry log10(dt/yr), log10(dt), retry_factor     1   841       -7.851465       -0.352353        0.500000
hydro_newton_step failed to accept
       retry log10(dt/yr), log10(dt), retry_factor     2   841       -8.152495       -0.653383        0.500000
 have reached retry limit so now backup
 grid1/grid1_000840.png/png
 burst_profile/burst_profile000840.png/png
       retry log10(dt/yr), log10(dt), retry_factor     1   845       -8.305603       -0.806491        0.500000
hydro_newton_step failed to accept
       retry log10(dt/yr), log10(dt), retry_factor     2   845       -8.606633       -1.107521        0.500000
 have reached retry limit so now backup
hydro_newton_step failed to accept
       retry log10(dt/yr), log10(dt), retry_factor     1   845       -8.907663       -1.408551        0.500000
       retry log10(dt/yr), log10(dt), retry_factor     2   845       -9.208693       -1.709581        0.500000
 grid1/grid1_000845.png/png
 burst_profile/burst_profile000845.png/png
 grid1/grid1_000850.png/png
 burst_profile/burst_profile000850.png/png
 grid1/grid1_000855.png/png
 burst_profile/burst_profile000855.png/png
 grid1/grid1_000860.png/png
 burst_profile/burst_profile000860.png/png
       retry log10(dt/yr), log10(dt), retry_factor     1   863       -8.000111       -0.500999        0.500000
 grid1/grid1_000865.png/png
 burst_profile/burst_profile000865.png/png
 grid1/grid1_000870.png/png
 burst_profile/burst_profile000870.png/png
 grid1/grid1_000875.png/png
 burst_profile/burst_profile000875.png/png
 grid1/grid1_000880.png/png
 burst_profile/burst_profile000880.png/png
 grid1/grid1_000885.png/png
 burst_profile/burst_profile000885.png/png
       retry log10(dt/yr), log10(dt), retry_factor     1   890       -7.856272       -0.357160        0.500000
hydro_newton_step failed to accept
       retry log10(dt/yr), log10(dt), retry_factor     2   890       -8.157302       -0.658190        0.500000
 have reached retry limit so now backup
 grid1/grid1_000890.png/png
 burst_profile/burst_profile000890.png/png
 grid1/grid1_000895.png/png
 burst_profile/burst_profile000895.png/png
       retry log10(dt/yr), log10(dt), retry_factor     1   896       -7.555242       -0.056130        0.500000
hydro_newton_step failed to accept
       retry log10(dt/yr), log10(dt), retry_factor     1   897       -7.856272       -0.357160        0.500000
        900   8.809709  1.037E+07   1.859002   3.320726   1.400000   1.400000   0.000000   0.000000   0.275200   0.016271   5.229325    908    168
  -7.254212   6.670753  -4.792623   1.832602   2.636150  -8.522879   0.000000   0.000000   0.000000   0.020000   0.018448  35.478435      6     30
 8.6482E-04  23.323751   3.431960   3.290591  14.451854  -0.739548   0.000000   0.000000   0.000000   0.000687  9.653E-01 -0.882E-10  max increase

 grid1/grid1_000900.png/png
 burst_profile/burst_profile000900.png/png
       retry log10(dt/yr), log10(dt), retry_factor     1   901       -7.555242       -0.056130        0.500000
       retry log10(dt/yr), log10(dt), retry_factor     1   902       -7.856272       -0.357160        0.500000
       retry log10(dt/yr), log10(dt), retry_factor     2   902       -8.157302       -0.658190        0.500000
 grid1/grid1_000905.png/png
 burst_profile/burst_profile000905.png/png
 grid1/grid1_000910.png/png
 burst_profile/burst_profile000910.png/png
 grid1/grid1_000915.png/png
 burst_profile/burst_profile000915.png/png
 grid1/grid1_000920.png/png
 burst_profile/burst_profile000920.png/png
 grid1/grid1_000925.png/png
 burst_profile/burst_profile000925.png/png
 grid1/grid1_000930.png/png
 burst_profile/burst_profile000930.png/png
 grid1/grid1_000935.png/png
 burst_profile/burst_profile000935.png/png
 grid1/grid1_000940.png/png
 burst_profile/burst_profile000940.png/png
 grid1/grid1_000945.png/png
 burst_profile/burst_profile000945.png/png
       retry log10(dt/yr), log10(dt), retry_factor     1   950       -5.721318        1.777794        0.500000
       retry log10(dt/yr), log10(dt), retry_factor     2   950       -6.022348        1.476764        0.500000
 grid1/grid1_000950.png/png
 burst_profile/burst_profile000950.png/png
 grid1/grid1_000955.png/png
 burst_profile/burst_profile000955.png/png
       retry log10(dt/yr), log10(dt), retry_factor     1   957       -5.441457        2.057655        0.500000
 grid1/grid1_000960.png/png
 burst_profile/burst_profile000960.png/png
       retry log10(dt/yr), log10(dt), retry_factor     1   961       -5.505993        1.993118        0.500000
 grid1/grid1_000965.png/png
 burst_profile/burst_profile000965.png/png
       retry log10(dt/yr), log10(dt), retry_factor     1   967       -5.331356        2.167756        0.500000
       retry log10(dt/yr), log10(dt), retry_factor     1   968       -5.632386        1.866726        0.500000
 grid1/grid1_000970.png/png
 burst_profile/burst_profile000970.png/png
       retry log10(dt/yr), log10(dt), retry_factor     1   975       -5.215829        2.283283        0.500000
       retry log10(dt/yr), log10(dt), retry_factor     2   975       -5.516859        1.982253        0.500000
 have reached retry limit so now backup
 grid1/grid1_000975.png/png
 burst_profile/burst_profile000975.png/png
       retry log10(dt/yr), log10(dt), retry_factor     1   976       -6.011709        1.487403        0.500000
 grid1/grid1_000980.png/png
 burst_profile/burst_profile000980.png/png
       retry log10(dt/yr), log10(dt), retry_factor     1   982       -5.585081        1.914031        0.500000
hydro_newton_step failed to accept
       retry log10(dt/yr), log10(dt), retry_factor     1   983       -5.983021        1.516091        0.500000
 grid1/grid1_000985.png/png
 burst_profile/burst_profile000985.png/png
       retry log10(dt/yr), log10(dt), retry_factor     1   988       -5.444069        2.055043        0.500000
hydro_newton_step failed to accept
       retry log10(dt/yr), log10(dt), retry_factor     1   989       -5.745099        1.754013        0.500000
       retry log10(dt/yr), log10(dt), retry_factor     2   989       -6.046129        1.452983        0.500000
 grid1/grid1_000990.png/png
 burst_profile/burst_profile000990.png/png
       retry log10(dt/yr), log10(dt), retry_factor     1   994       -5.945001        1.554110        0.500000
hydro_newton_step failed to accept
       retry log10(dt/yr), log10(dt), retry_factor     1   995       -6.342941        1.156170        0.500000
 grid1/grid1_000995.png/png
 burst_profile/burst_profile000995.png/png
hydro_newton_step failed to accept
       retry log10(dt/yr), log10(dt), retry_factor     1  1000       -5.740881        1.758230        0.500000

__________________________________________________________________________________________________________________________________________________

       step    lg_Tcntr    Teff       lg_LH     lg_Lnuc     Mass       H_rich     H_cntr     N_cntr     Y_surf     X_avg     eta_cntr  zones retry
   lg_dt_yr    lg_Dcntr    lg_R       lg_L3a    lg_Lneu     lg_Mdot    He_core    He_cntr    O_cntr     Z_surf     Y_avg     gam_cntr  iters bckup
     age_yr    lg_Pcntr    lg_L       lg_LZ     lg_Psurf    lg_Dsurf   C_core     C_cntr     Ne_cntr    Si_cntr    Z_avg     v_div_cs     dt_limit
__________________________________________________________________________________________________________________________________________________

       1000   8.405462  4.231E+06   1.835259   1.905823   1.400000   1.400000   0.000000   0.000000   0.275200   0.062279  14.936631    941    188
  -5.439851   6.728288  -4.792799   0.855339   0.999792  -8.522879   0.000000   0.000000   0.000000   0.020000   0.046107  94.056754      6     31
 1.1273E-03  23.360350   1.873784   0.690735  13.749825  -1.010176   0.000000   0.000000   0.000000   0.000687  8.916E-01 -0.123E-12         retry

save LOGS/profile5.data for model 1000
save photos/1000 for model 1000
 grid1/grid1_001000.png/png
 burst_profile/burst_profile001000.png/png
       retry log10(dt/yr), log10(dt), retry_factor     1  1001       -6.019165        1.479946        0.500000
       retry log10(dt/yr), log10(dt), retry_factor     2  1001       -6.320195        1.178916        0.500000
hydro_newton_step failed to accept
       retry log10(dt/yr), log10(dt), retry_factor     1  1002       -6.718135        0.780976        0.500000
       retry log10(dt/yr), log10(dt), retry_factor     1  1003       -7.019165        0.479946        0.500000
 grid1/grid1_001005.png/png
 burst_profile/burst_profile001005.png/png
       retry log10(dt/yr), log10(dt), retry_factor     1  1010       -6.116075        1.383036        0.500000
       retry log10(dt/yr), log10(dt), retry_factor     2  1010       -6.417105        1.082006        0.500000
 grid1/grid1_001010.png/png
 burst_profile/burst_profile001010.png/png
       retry log10(dt/yr), log10(dt), retry_factor     1  1012       -6.718135        0.780976        0.500000
       retry log10(dt/yr), log10(dt), retry_factor     1  1015       -7.070845        0.428267        0.500000
hydro_newton_step failed to accept
       retry log10(dt/yr), log10(dt), retry_factor     2  1015       -7.371875        0.127237        0.500000
 have reached retry limit so now backup
 grid1/grid1_001015.png/png
 burst_profile/burst_profile001015.png/png
       retry log10(dt/yr), log10(dt), retry_factor     1  1020       -7.070845        0.428267        0.500000
 grid1/grid1_001020.png/png
 burst_profile/burst_profile001020.png/png
       retry log10(dt/yr), log10(dt), retry_factor     1  1021       -7.371875        0.127237        0.500000
       retry log10(dt/yr), log10(dt), retry_factor     1  1022       -7.683049       -0.183937        0.500000
hydro_newton_step failed to accept
       retry log10(dt/yr), log10(dt), retry_factor     1  1024       -8.080989       -0.581877        0.500000
 grid1/grid1_001025.png/png
 burst_profile/burst_profile001025.png/png
       retry log10(dt/yr), log10(dt), retry_factor     1  1028       -8.331080       -0.831969        0.500000
hydro_newton_step failed to accept
       retry log10(dt/yr), log10(dt), retry_factor     2  1028       -8.632110       -1.132999        0.500000
 have reached retry limit so now backup
 grid1/grid1_001030.png/png
 burst_profile/burst_profile001030.png/png
 grid1/grid1_001035.png/png
 burst_profile/burst_profile001035.png/png
 grid1/grid1_001040.png/png
 burst_profile/burst_profile001040.png/png
 grid1/grid1_001045.png/png
 burst_profile/burst_profile001045.png/png
 grid1/grid1_001050.png/png
 burst_profile/burst_profile001050.png/png
 grid1/grid1_001055.png/png
 burst_profile/burst_profile001055.png/png
 grid1/grid1_001060.png/png
 burst_profile/burst_profile001060.png/png
hydro_newton_step failed to accept
       retry log10(dt/yr), log10(dt), retry_factor     1  1061       -9.430768       -1.931657        0.500000
 grid1/grid1_001065.png/png
 burst_profile/burst_profile001065.png/png
 grid1/grid1_001070.png/png
 burst_profile/burst_profile001070.png/png
 grid1/grid1_001075.png/png
 burst_profile/burst_profile001075.png/png
 grid1/grid1_001080.png/png
 burst_profile/burst_profile001080.png/png
 grid1/grid1_001085.png/png
 burst_profile/burst_profile001085.png/png
       retry log10(dt/yr), log10(dt), retry_factor     1  1086       -8.870528       -1.371416        0.500000
 grid1/grid1_001090.png/png
 burst_profile/burst_profile001090.png/png
 grid1/grid1_001095.png/png
 burst_profile/burst_profile001095.png/png
       1100   8.761727  2.137E+07   3.491389   6.473947   1.400000   1.400000   0.000000   0.000000   0.281444   0.045549   6.181529   1010    205
  -8.326331   6.704867  -4.791756   2.905051   4.162468  -8.522879   0.000000   0.000000   0.000000   0.266133   0.031614  40.674013      7     33
 1.1357E-03  23.361337   4.689244   6.473378  14.936875  -0.818439   0.000000   0.000000   0.000000   0.000687  9.228E-01  0.452E-08      lgT_cntr

 grid1/grid1_001100.png/png
 burst_profile/burst_profile001100.png/png
 grid1/grid1_001105.png/png
 burst_profile/burst_profile001105.png/png
 grid1/grid1_001110.png/png
 burst_profile/burst_profile001110.png/png
 grid1/grid1_001115.png/png
 burst_profile/burst_profile001115.png/png
 grid1/grid1_001120.png/png
 burst_profile/burst_profile001120.png/png
       retry log10(dt/yr), log10(dt), retry_factor     1  1121       -7.503583       -0.004472        0.500000
       retry log10(dt/yr), log10(dt), retry_factor     2  1121       -7.804613       -0.305502        0.500000
 have reached retry limit so now backup
 grid1/grid1_001120.png/png
 burst_profile/burst_profile001120.png/png
       retry log10(dt/yr), log10(dt), retry_factor     1  1122       -8.105643       -0.606532        0.500000
 grid1/grid1_001125.png/png
 burst_profile/burst_profile001125.png/png
       retry log10(dt/yr), log10(dt), retry_factor     1  1128       -7.775613       -0.276502        0.500000
hydro_newton_step failed to accept
       retry log10(dt/yr), log10(dt), retry_factor     1  1130       -8.270463       -0.771352        0.500000
       retry log10(dt/yr), log10(dt), retry_factor     2  1130       -8.571493       -1.072382        0.500000
 have reached retry limit so now backup
 grid1/grid1_001130.png/png
 burst_profile/burst_profile001130.png/png
hydro_newton_step failed to accept
       retry log10(dt/yr), log10(dt), retry_factor     1  1132       -8.872523       -1.373412        0.500000
       retry log10(dt/yr), log10(dt), retry_factor     1  1133       -9.173553       -1.674442        0.500000
 grid1/grid1_001135.png/png
 burst_profile/burst_profile001135.png/png
 grid1/grid1_001140.png/png
 burst_profile/burst_profile001140.png/png
hydro_newton_step failed to accept
       retry log10(dt/yr), log10(dt), retry_factor     1  1141       -8.063571       -0.564459        0.500000
 grid1/grid1_001145.png/png
 burst_profile/burst_profile001145.png/png
 grid1/grid1_001150.png/png
 burst_profile/burst_profile001150.png/png
 grid1/grid1_001155.png/png
 burst_profile/burst_profile001155.png/png
 grid1/grid1_001160.png/png
 burst_profile/burst_profile001160.png/png
 grid1/grid1_001165.png/png
 burst_profile/burst_profile001165.png/png
 grid1/grid1_001170.png/png
 burst_profile/burst_profile001170.png/png
 grid1/grid1_001175.png/png
 burst_profile/burst_profile001175.png/png
       retry log10(dt/yr), log10(dt), retry_factor     1  1177       -7.902698       -0.403586        0.500000
hydro_newton_step failed to accept
       retry log10(dt/yr), log10(dt), retry_factor     2  1177       -8.203728       -0.704616        0.500000
 grid1/grid1_001180.png/png
 burst_profile/burst_profile001180.png/png
       retry log10(dt/yr), log10(dt), retry_factor     1  1183       -7.745123       -0.246012        0.500000
 grid1/grid1_001185.png/png
 burst_profile/burst_profile001185.png/png
hydro_newton_step failed to accept
       retry log10(dt/yr), log10(dt), retry_factor     1  1187       -7.745123       -0.246012        0.500000
       retry log10(dt/yr), log10(dt), retry_factor     2  1187       -8.046153       -0.547042        0.500000
 have reached retry limit so now backup
 grid1/grid1_001190.png/png
 burst_profile/burst_profile001190.png/png
       retry log10(dt/yr), log10(dt), retry_factor     1  1193       -7.444093        0.055018        0.500000
hydro_newton_step failed to accept
       retry log10(dt/yr), log10(dt), retry_factor     2  1193       -7.745123       -0.246012        0.500000
 grid1/grid1_001195.png/png
 burst_profile/burst_profile001195.png/png
       1200   8.764576  8.390E+06   1.398907   2.629108   1.400000   1.400000   0.000000   0.000000   0.275200   0.014908   6.138070    986    221
  -6.902509   6.704908  -4.792707   1.434819   2.120839  -8.522879   0.000000   0.000000   0.000000   0.020000   0.016826  40.409382      6     36
 1.1392E-03  23.361931   3.063068   2.572213  14.358386  -0.717850   0.000000   0.000000   0.000000   0.000687  9.683E-01  0.318E-10        lgTeff

 grid1/grid1_001200.png/png
 burst_profile/burst_profile001200.png/png
 grid1/grid1_001205.png/png
 burst_profile/burst_profile001205.png/png
 grid1/grid1_001210.png/png
 burst_profile/burst_profile001210.png/png
 grid1/grid1_001215.png/png
 burst_profile/burst_profile001215.png/png
 grid1/grid1_001220.png/png
 burst_profile/burst_profile001220.png/png
 grid1/grid1_001225.png/png
 burst_profile/burst_profile001225.png/png
 grid1/grid1_001230.png/png
 burst_profile/burst_profile001230.png/png
 grid1/grid1_001235.png/png
 burst_profile/burst_profile001235.png/png
 grid1/grid1_001240.png/png
 burst_profile/burst_profile001240.png/png
       retry log10(dt/yr), log10(dt), retry_factor     1  1242       -5.497067        2.002044        0.500000
       retry log10(dt/yr), log10(dt), retry_factor     1  1243       -5.895007        1.604104        0.500000
       retry log10(dt/yr), log10(dt), retry_factor     1  1244       -6.196037        1.303074        0.500000
 grid1/grid1_001245.png/png
 burst_profile/burst_profile001245.png/png
 grid1/grid1_001250.png/png
 burst_profile/burst_profile001250.png/png
       retry log10(dt/yr), log10(dt), retry_factor     1  1251       -5.560372        1.938740        0.500000
       retry log10(dt/yr), log10(dt), retry_factor     2  1251       -5.861402        1.637710        0.500000
 grid1/grid1_001255.png/png
 burst_profile/burst_profile001255.png/png
       retry log10(dt/yr), log10(dt), retry_factor     1  1257       -5.472383        2.026728        0.500000
       retry log10(dt/yr), log10(dt), retry_factor     2  1257       -5.773413        1.725698        0.500000
 have reached retry limit so now backup
 grid1/grid1_001260.png/png
 burst_profile/burst_profile001260.png/png
       retry log10(dt/yr), log10(dt), retry_factor     1  1262       -5.705675        1.793437        0.500000
 grid1/grid1_001265.png/png
 burst_profile/burst_profile001265.png/png
       retry log10(dt/yr), log10(dt), retry_factor     1  1266       -5.737127        1.761984        0.500000
 grid1/grid1_001270.png/png
 burst_profile/burst_profile001270.png/png
       retry log10(dt/yr), log10(dt), retry_factor     1  1272       -5.217676        2.281436        0.500000
       retry log10(dt/yr), log10(dt), retry_factor     2  1272       -5.518706        1.980406        0.500000
 have reached retry limit so now backup
       retry log10(dt/yr), log10(dt), retry_factor     1  1273       -6.013556        1.485556        0.500000
       retry log10(dt/yr), log10(dt), retry_factor     1  1274       -6.314586        1.184526        0.500000
 grid1/grid1_001275.png/png
 burst_profile/burst_profile001275.png/png
 grid1/grid1_001280.png/png
 burst_profile/burst_profile001280.png/png
       retry log10(dt/yr), log10(dt), retry_factor     1  1281       -5.411496        2.087616        0.500000
       retry log10(dt/yr), log10(dt), retry_factor     1  1285       -5.809436        1.689676        0.500000
       retry log10(dt/yr), log10(dt), retry_factor     2  1285       -6.110466        1.388646        0.500000
 grid1/grid1_001285.png/png
 burst_profile/burst_profile001285.png/png
       retry log10(dt/yr), log10(dt), retry_factor     1  1290       -5.809436        1.689676        0.500000
 grid1/grid1_001290.png/png
 burst_profile/burst_profile001290.png/png
hydro_newton_step failed to accept
       retry log10(dt/yr), log10(dt), retry_factor     1  1291       -6.110466        1.388646        0.500000
       retry log10(dt/yr), log10(dt), retry_factor     1  1292       -6.508406        0.990706        0.500000
       retry log10(dt/yr), log10(dt), retry_factor     1  1293       -6.809436        0.689676        0.500000
 grid1/grid1_001295.png/png
 burst_profile/burst_profile001295.png/png
       1300   8.384743  3.976E+06   1.705524   1.747128   1.400000   1.400000   0.000000   0.000000   0.275200   0.055865  16.131641   1014    241
  -5.304286   6.751266  -4.792806   0.301787   0.872925  -8.522879   0.000000   0.000000   0.000000   0.020000   0.041593 100.407971      6     38
 1.3866E-03  23.393698   1.765681   0.491322  13.679092  -1.053179   0.000000   0.000000   0.000000   0.000687  9.025E-01 -0.247E-13  max increase

 grid1/grid1_001300.png/png
 burst_profile/burst_profile001300.png/png
       retry log10(dt/yr), log10(dt), retry_factor     1  1301       -5.731501        1.767610        0.500000
       retry log10(dt/yr), log10(dt), retry_factor     1  1305       -5.891425        1.607687        0.500000
 grid1/grid1_001305.png/png
 burst_profile/burst_profile001305.png/png
       retry log10(dt/yr), log10(dt), retry_factor     1  1306       -6.262029        1.237083        0.500000
hydro_newton_step failed to accept
       retry log10(dt/yr), log10(dt), retry_factor     1  1307       -6.659969        0.839143        0.500000
       retry log10(dt/yr), log10(dt), retry_factor     1  1308       -7.057909        0.441203        0.500000
 grid1/grid1_001310.png/png
 burst_profile/burst_profile001310.png/png
       retry log10(dt/yr), log10(dt), retry_factor     1  1314       -6.455849        1.043263        0.500000
       retry log10(dt/yr), log10(dt), retry_factor     2  1314       -6.756879        0.742233        0.500000
       retry log10(dt/yr), log10(dt), retry_factor     1  1315       -7.057909        0.441203        0.500000
 grid1/grid1_001315.png/png
 burst_profile/burst_profile001315.png/png
       retry log10(dt/yr), log10(dt), retry_factor     1  1318       -7.358939        0.140173        0.500000
       retry log10(dt/yr), log10(dt), retry_factor     1  1320       -7.659969       -0.160857        0.500000
 grid1/grid1_001320.png/png
 burst_profile/burst_profile001320.png/png
       retry log10(dt/yr), log10(dt), retry_factor     1  1322       -8.000214       -0.501102        0.500000
 grid1/grid1_001325.png/png
 burst_profile/burst_profile001325.png/png
       retry log10(dt/yr), log10(dt), retry_factor     1  1328       -8.769791       -1.270680        0.500000
 grid1/grid1_001330.png/png
 burst_profile/burst_profile001330.png/png
 grid1/grid1_001335.png/png
 burst_profile/burst_profile001335.png/png
 grid1/grid1_001340.png/png
 burst_profile/burst_profile001340.png/png
 grid1/grid1_001345.png/png
 burst_profile/burst_profile001345.png/png
 grid1/grid1_001350.png/png
 burst_profile/burst_profile001350.png/png
 grid1/grid1_001355.png/png
 burst_profile/burst_profile001355.png/png
 grid1/grid1_001360.png/png
 burst_profile/burst_profile001360.png/png
 grid1/grid1_001365.png/png
 burst_profile/burst_profile001365.png/png
 grid1/grid1_001370.png/png
 burst_profile/burst_profile001370.png/png
 grid1/grid1_001375.png/png
 burst_profile/burst_profile001375.png/png
 grid1/grid1_001380.png/png
 burst_profile/burst_profile001380.png/png
 grid1/grid1_001385.png/png
 burst_profile/burst_profile001385.png/png
 grid1/grid1_001390.png/png
 burst_profile/burst_profile001390.png/png
 grid1/grid1_001395.png/png
 burst_profile/burst_profile001395.png/png
       1400   8.904722  1.919E+07   3.320036   6.242305   1.400000   1.400000   0.000000   0.000000   0.276674   0.035199   4.270542   1052    253
  -7.776939   6.704653  -4.791978   2.820734   3.928392  -8.522879   0.000000   0.000000   0.000000   0.302841   0.026318  29.258411      8     38
 1.4079E-03  23.396201   4.501596   6.241620  14.828006  -0.763753   0.000000   0.000000   0.000000   0.000687  9.385E-01 -0.875E-08      lgT_cntr

 grid1/grid1_001400.png/png
 burst_profile/burst_profile001400.png/png
 grid1/grid1_001405.png/png
 burst_profile/burst_profile001405.png/png
       retry log10(dt/yr), log10(dt), retry_factor     1  1408       -7.366282        0.132830        0.500000
       retry log10(dt/yr), log10(dt), retry_factor     2  1408       -7.667312       -0.168200        0.500000
 have reached retry limit so now backup
       retry log10(dt/yr), log10(dt), retry_factor     1  1409       -7.968342       -0.469230        0.500000
       retry log10(dt/yr), log10(dt), retry_factor     2  1409       -8.269372       -0.770260        0.500000
 have reached retry limit so now backup
       retry log10(dt/yr), log10(dt), retry_factor     1  1409       -8.570402       -1.071290        0.500000
       retry log10(dt/yr), log10(dt), retry_factor     2  1409       -8.871432       -1.372320        0.500000
 have reached retry limit so now backup
       retry log10(dt/yr), log10(dt), retry_factor     1  1409       -9.172462       -1.673350        0.500000
       retry log10(dt/yr), log10(dt), retry_factor     2  1409       -9.473492       -1.974380        0.500000
 have reached retry limit so now backup
       retry log10(dt/yr), log10(dt), retry_factor     1  1409       -9.774522       -2.275410        0.500000
 grid1/grid1_001410.png/png
 burst_profile/burst_profile001410.png/png
 grid1/grid1_001415.png/png
 burst_profile/burst_profile001415.png/png
 grid1/grid1_001420.png/png
 burst_profile/burst_profile001420.png/png
       retry log10(dt/yr), log10(dt), retry_factor     1  1422       -7.718753       -0.219642        0.500000
       retry log10(dt/yr), log10(dt), retry_factor     2  1422       -8.019783       -0.520671        0.500000
hydro_newton_step failed to accept
       retry log10(dt/yr), log10(dt), retry_factor     1  1423       -8.417723       -0.918612        0.500000
hydro_newton_step failed to accept
       retry log10(dt/yr), log10(dt), retry_factor     2  1423       -8.718753       -1.219642        0.500000
       retry log10(dt/yr), log10(dt), retry_factor     1  1424       -9.019783       -1.520671        0.500000
 grid1/grid1_001425.png/png
 burst_profile/burst_profile001425.png/png
hydro_newton_step failed to accept
       retry log10(dt/yr), log10(dt), retry_factor     1  1430       -8.417723       -0.918612        0.500000
 grid1/grid1_001430.png/png
 burst_profile/burst_profile001430.png/png
 grid1/grid1_001435.png/png
 burst_profile/burst_profile001435.png/png
 grid1/grid1_001440.png/png
 burst_profile/burst_profile001440.png/png
 grid1/grid1_001445.png/png
 burst_profile/burst_profile001445.png/png
 grid1/grid1_001450.png/png
 burst_profile/burst_profile001450.png/png
 grid1/grid1_001455.png/png
 burst_profile/burst_profile001455.png/png
       retry log10(dt/yr), log10(dt), retry_factor     1  1459       -7.760012       -0.260900        0.500000
 grid1/grid1_001460.png/png
 burst_profile/burst_profile001460.png/png
 grid1/grid1_001465.png/png
 burst_profile/burst_profile001465.png/png
 grid1/grid1_001470.png/png
 burst_profile/burst_profile001470.png/png
 grid1/grid1_001475.png/png
 burst_profile/burst_profile001475.png/png
 grid1/grid1_001480.png/png
 burst_profile/burst_profile001480.png/png
 grid1/grid1_001485.png/png
 burst_profile/burst_profile001485.png/png
 grid1/grid1_001490.png/png
 burst_profile/burst_profile001490.png/png
 grid1/grid1_001495.png/png
 burst_profile/burst_profile001495.png/png
       1500   8.517460  4.679E+06   1.218858   1.739372   1.400000   1.400000   0.000000   0.000000   0.275200   0.014999  11.797991   1050    269
  -6.066650   6.749701  -4.792853  -0.506786   1.300196  -8.522879   0.000000   0.000000   0.000000   0.020000   0.016055  73.880338      6     42
 1.4203E-03  23.397867   2.048560   1.579911  13.862869  -0.941973   0.000000   0.000000   0.000000   0.000687  9.689E-01  0.113E-11    varcontrol

save LOGS/profile6.data for model 1500
save photos/x500 for model 1500
 grid1/grid1_001500.png/png
 burst_profile/burst_profile001500.png/png
 grid1/grid1_001505.png/png
 burst_profile/burst_profile001505.png/png
       retry log10(dt/yr), log10(dt), retry_factor     1  1510       -6.333410        1.165702        0.500000
       retry log10(dt/yr), log10(dt), retry_factor     2  1510       -6.634440        0.864672        0.500000
 grid1/grid1_001510.png/png
 burst_profile/burst_profile001510.png/png
 grid1/grid1_001515.png/png
 burst_profile/burst_profile001515.png/png
       retry log10(dt/yr), log10(dt), retry_factor     1  1520       -5.543602        1.955510        0.500000
hydro_newton_step failed to accept
       retry log10(dt/yr), log10(dt), retry_factor     2  1520       -5.844632        1.654480        0.500000
 have reached retry limit so now backup
       retry log10(dt/yr), log10(dt), retry_factor     1  1519       -6.145662        1.353450        0.500000
       retry log10(dt/yr), log10(dt), retry_factor     1  1520       -6.446692        1.052420        0.500000
 grid1/grid1_001520.png/png
 burst_profile/burst_profile001520.png/png
 grid1/grid1_001525.png/png
 burst_profile/burst_profile001525.png/png
       retry log10(dt/yr), log10(dt), retry_factor     1  1527       -5.761649        1.737462        0.500000
 grid1/grid1_001530.png/png
 burst_profile/burst_profile001530.png/png
       retry log10(dt/yr), log10(dt), retry_factor     1  1532       -5.608401        1.890711        0.500000
       retry log10(dt/yr), log10(dt), retry_factor     1  1533       -6.006341        1.492771        0.500000
 grid1/grid1_001535.png/png
 burst_profile/burst_profile001535.png/png
       retry log10(dt/yr), log10(dt), retry_factor     1  1539       -5.553930        1.945182        0.500000
       retry log10(dt/yr), log10(dt), retry_factor     1  1540       -5.951870        1.547242        0.500000
 grid1/grid1_001540.png/png
 burst_profile/burst_profile001540.png/png
 grid1/grid1_001545.png/png
 burst_profile/burst_profile001545.png/png
       retry log10(dt/yr), log10(dt), retry_factor     1  1546       -5.349810        2.149302        0.500000
       retry log10(dt/yr), log10(dt), retry_factor     2  1546       -5.650840        1.848272        0.500000
 have reached retry limit so now backup
 grid1/grid1_001545.png/png
 burst_profile/burst_profile001545.png/png
 grid1/grid1_001550.png/png
 burst_profile/burst_profile001550.png/png
       retry log10(dt/yr), log10(dt), retry_factor     1  1553       -5.428125        2.070986        0.500000
 grid1/grid1_001555.png/png
 burst_profile/burst_profile001555.png/png
       retry log10(dt/yr), log10(dt), retry_factor     1  1558       -5.451608        2.047503        0.500000
       retry log10(dt/yr), log10(dt), retry_factor     2  1558       -5.752638        1.746473        0.500000
 grid1/grid1_001560.png/png
 burst_profile/burst_profile001560.png/png
       retry log10(dt/yr), log10(dt), retry_factor     1  1563       -5.684031        1.815080        0.500000
hydro_newton_step failed to accept
       retry log10(dt/yr), log10(dt), retry_factor     1  1564       -6.081971        1.417140        0.500000
 grid1/grid1_001565.png/png
 burst_profile/burst_profile001565.png/png
       retry log10(dt/yr), log10(dt), retry_factor     1  1569       -5.849253        1.649859        0.500000
       retry log10(dt/yr), log10(dt), retry_factor     2  1569       -6.150283        1.348829        0.500000
 have reached retry limit so now backup
 grid1/grid1_001570.png/png
 burst_profile/burst_profile001570.png/png
 grid1/grid1_001575.png/png
 burst_profile/burst_profile001575.png/png
       retry log10(dt/yr), log10(dt), retry_factor     1  1577       -5.754661        1.744450        0.500000
hydro_newton_step failed to accept
       retry log10(dt/yr), log10(dt), retry_factor     2  1577       -6.055691        1.443420        0.500000
hydro_newton_step failed to accept
       retry log10(dt/yr), log10(dt), retry_factor     1  1578       -6.453631        1.045480        0.500000
       retry log10(dt/yr), log10(dt), retry_factor     2  1578       -6.754661        0.744450        0.500000
       retry log10(dt/yr), log10(dt), retry_factor     1  1579       -7.055691        0.443420        0.500000
 grid1/grid1_001580.png/png
 burst_profile/burst_profile001580.png/png
 grid1/grid1_001585.png/png
 burst_profile/burst_profile001585.png/png
       retry log10(dt/yr), log10(dt), retry_factor     1  1587       -5.851571        1.647540        0.500000
       retry log10(dt/yr), log10(dt), retry_factor     1  1589       -6.152601        1.346510        0.500000
hydro_newton_step failed to accept
       retry log10(dt/yr), log10(dt), retry_factor     1  1590       -6.538289        0.960822        0.500000
 grid1/grid1_001590.png/png
 burst_profile/burst_profile001590.png/png
       retry log10(dt/yr), log10(dt), retry_factor     1  1594       -6.320651        1.178460        0.500000
       retry log10(dt/yr), log10(dt), retry_factor     2  1594       -6.621681        0.877430        0.500000
 grid1/grid1_001595.png/png
 burst_profile/burst_profile001595.png/png
       retry log10(dt/yr), log10(dt), retry_factor     1  1596       -6.922711        0.576400        0.500000
       retry log10(dt/yr), log10(dt), retry_factor     1  1599       -7.223741        0.275370        0.500000
hydro_newton_step failed to accept
       retry log10(dt/yr), log10(dt), retry_factor     2  1599       -7.524771       -0.025660        0.500000
