starting from 0
DATE: 2020-09-03
TIME: 16:36:57
                                         version_number       10108
 read /hpc/group/physics/al363/sens/base/inlist_base
 read inlist_cluster
load saved model /hpc/group/physics/al363/sens/base/ns_relax.mod

 change to /hpc/group/physics/al363/sens/base/rp_305.net
             set special rate factor for r_cu62_pn_zn62         583    1.0000000000000000D-02
             set special rate factor for r_zn62_np_cu62         584    1.0000000000000000D-02
             set special rate factor for r_cu62_pn_zn62         583    1.0000000000000000D-02
             set special rate factor for r_zn62_np_cu62         584    1.0000000000000000D-02
 number of species         305
 read /hpc/group/physics/al363/sens/base/history_customACL.list_tau
 read /hpc/group/physics/al363/sens/base/profile_customACL.list_tau
 net name /hpc/group/physics/al363/sens/base/rp_305.net
 v_flag T
                         which_atm_option: grey_and_kap
                                           xmstar/mstar    4.5461189430843640D-12
                                             xmstar (g)    1.2660395722219186D+22
                                           M_center (g)    2.7848799999878681D+33
                                            xmstar/Msun    6.3645665203193175D-12
                                          M_center/Msun    1.3999999999939012D+00
                                          R_center (cm)    1.1200000000000000D+06
                                          R_center/Rsun    1.6092416448748527D-05
                                           core density    4.7322078204273819D+14
                                          L_center/Lsun    4.1647144567650578D+00
 kappa_file_prefix gs98
 kappa_lowT_prefix lowT_fa05_gs98

   eos_file_prefix mesa
                                        OMP_NUM_THREADS           8


__________________________________________________________________________________________________________________________________________________

       step    lg_Tcntr    Teff       lg_LH     lg_Lnuc     Mass       H_rich     H_cntr     N_cntr     Y_surf     X_avg     eta_cntr  zones retry
   lg_dt_yr    lg_Dcntr    lg_R       lg_L3a    lg_Lneu     lg_Mdot    He_core    He_cntr    O_cntr     Z_surf     Y_avg     gam_cntr  iters bckup
     age_yr    lg_Pcntr    lg_L       lg_LZ     lg_Psurf    lg_Dsurf   C_core     C_cntr     Ne_cntr    Si_cntr    Z_avg     v_div_cs     dt_limit
__________________________________________________________________________________________________________________________________________________

save LOGS/profile1.data for model 2
 grid1/grid1_000005.png/png
 burst_profile/burst_profile000005.png/png
          6   8.165156  1.497E+06   0.087590   0.087976   1.400000   1.400000   0.000000   0.000000   0.275200   0.030886  22.514775    791      0
  -5.817651   6.610341  -4.793035 -18.862378  -1.086578  -8.522879   0.000000   0.000000   0.000000   0.020000   0.011710 149.410225      6      0
 4.0040E-06  23.176196   0.068337  -2.962874  12.744977  -1.553972   0.000000   0.000000   0.000000   0.000687  9.574E-01  0.395E-11      lgT_cntr

save LOGS/profile2.data for model 6
 grid1/grid1_000010.png/png
 burst_profile/burst_profile000010.png/png
 grid1/grid1_000015.png/png
 burst_profile/burst_profile000015.png/png
 grid1/grid1_000020.png/png
 burst_profile/burst_profile000020.png/png
 grid1/grid1_000025.png/png
 burst_profile/burst_profile000025.png/png
       retry log10(dt/yr), log10(dt), retry_factor     1    30       -5.532111        1.967001        0.500000
 grid1/grid1_000030.png/png
 burst_profile/burst_profile000030.png/png
       retry log10(dt/yr), log10(dt), retry_factor     1    35       -5.231081        2.268031        0.500000
 grid1/grid1_000035.png/png
 burst_profile/burst_profile000035.png/png
       retry log10(dt/yr), log10(dt), retry_factor     1    36       -5.532111        1.967001        0.500000
       retry log10(dt/yr), log10(dt), retry_factor     1    40       -5.532111        1.967001        0.500000
 grid1/grid1_000040.png/png
 burst_profile/burst_profile000040.png/png
       retry log10(dt/yr), log10(dt), retry_factor     1    45       -5.231081        2.268031        0.500000
 grid1/grid1_000045.png/png
 burst_profile/burst_profile000045.png/png
       retry log10(dt/yr), log10(dt), retry_factor     1    49       -5.231081        2.268031        0.500000
 grid1/grid1_000050.png/png
 burst_profile/burst_profile000050.png/png
       retry log10(dt/yr), log10(dt), retry_factor     1    53       -5.231081        2.268031        0.500000
 grid1/grid1_000055.png/png
 burst_profile/burst_profile000055.png/png
       retry log10(dt/yr), log10(dt), retry_factor     1    56       -5.532111        1.967001        0.500000
       retry log10(dt/yr), log10(dt), retry_factor     2    56       -5.833141        1.665971        0.500000
 have reached retry limit so now backup
 grid1/grid1_000055.png/png
 burst_profile/burst_profile000055.png/png
       retry log10(dt/yr), log10(dt), retry_factor     1    58       -6.134171        1.364941        0.500000
       retry log10(dt/yr), log10(dt), retry_factor     2    58       -6.435201        1.063911        0.500000
 have reached retry limit so now backup
       retry log10(dt/yr), log10(dt), retry_factor     1    58       -6.736231        0.762881        0.500000
       retry log10(dt/yr), log10(dt), retry_factor     2    58       -7.037261        0.461851        0.500000
 have reached retry limit so now backup
       retry log10(dt/yr), log10(dt), retry_factor     1    60       -7.338291        0.160821        0.500000
       retry log10(dt/yr), log10(dt), retry_factor     2    60       -7.639321       -0.140209        0.500000
 have reached retry limit so now backup
 grid1/grid1_000060.png/png
 burst_profile/burst_profile000060.png/png
       retry log10(dt/yr), log10(dt), retry_factor     1    62       -7.940351       -0.441239        0.500000
       retry log10(dt/yr), log10(dt), retry_factor     2    62       -8.241381       -0.742269        0.500000
 grid1/grid1_000065.png/png
 burst_profile/burst_profile000065.png/png
 grid1/grid1_000070.png/png
 burst_profile/burst_profile000070.png/png
 grid1/grid1_000075.png/png
 burst_profile/burst_profile000075.png/png
       retry log10(dt/yr), log10(dt), retry_factor     1    76       -5.231081        2.268031        0.500000
       retry log10(dt/yr), log10(dt), retry_factor     2    76       -5.532111        1.967001        0.500000
       retry log10(dt/yr), log10(dt), retry_factor     1    77       -5.833141        1.665971        0.500000
       retry log10(dt/yr), log10(dt), retry_factor     2    77       -6.134171        1.364941        0.500000
 have reached retry limit so now backup
       retry log10(dt/yr), log10(dt), retry_factor     1    80       -6.435201        1.063911        0.500000
       retry log10(dt/yr), log10(dt), retry_factor     2    80       -6.736231        0.762881        0.500000
 have reached retry limit so now backup
 grid1/grid1_000080.png/png
 burst_profile/burst_profile000080.png/png
       retry log10(dt/yr), log10(dt), retry_factor     1    81       -7.037261        0.461851        0.500000
       retry log10(dt/yr), log10(dt), retry_factor     2    81       -7.338291        0.160821        0.500000
 have reached retry limit so now backup
 grid1/grid1_000080.png/png
 burst_profile/burst_profile000080.png/png
       retry log10(dt/yr), log10(dt), retry_factor     1    84       -7.639321       -0.140209        0.500000
       retry log10(dt/yr), log10(dt), retry_factor     2    84       -7.940351       -0.441239        0.500000
 have reached retry limit so now backup
       retry log10(dt/yr), log10(dt), retry_factor     1    84       -8.241381       -0.742269        0.500000
 grid1/grid1_000085.png/png
 burst_profile/burst_profile000085.png/png
 grid1/grid1_000090.png/png
 burst_profile/burst_profile000090.png/png
 grid1/grid1_000095.png/png
 burst_profile/burst_profile000095.png/png
       retry log10(dt/yr), log10(dt), retry_factor     1    97       -5.708197        1.790914        0.500000
       retry log10(dt/yr), log10(dt), retry_factor     1    98       -6.029742        1.469369        0.500000
       retry log10(dt/yr), log10(dt), retry_factor     1    99       -6.330772        1.168339        0.500000
        100   8.444841  4.670E+06   2.033172   2.166622   1.400000   1.400000   0.000000   0.000000   0.275200   0.100536  12.226478    752     31
  -6.029742   6.642744  -4.792800   1.206170   1.283423  -8.522879   0.000000   0.000000   0.000000   0.020000   0.058448  80.444496      6      8
 3.1300E-04  23.235090   2.045017   1.357015  13.860470  -0.943582   0.000000   0.000000   0.000000   0.000687  8.410E-01  0.987E-12          hold

 grid1/grid1_000100.png/png
 burst_profile/burst_profile000100.png/png
       retry log10(dt/yr), log10(dt), retry_factor     1   101       -6.631802        0.867309        0.500000
       retry log10(dt/yr), log10(dt), retry_factor     1   103       -6.932832        0.566279        0.500000
hydro_newton_step failed to accept
       retry log10(dt/yr), log10(dt), retry_factor     1   104       -7.233862        0.265249        0.500000
 grid1/grid1_000105.png/png
 burst_profile/burst_profile000105.png/png
       retry log10(dt/yr), log10(dt), retry_factor     1   106       -7.534892       -0.035780        0.500000
       retry log10(dt/yr), log10(dt), retry_factor     1   110       -7.649216       -0.150105        0.500000
       retry log10(dt/yr), log10(dt), retry_factor     2   110       -7.950246       -0.451135        0.500000
 grid1/grid1_000110.png/png
 burst_profile/burst_profile000110.png/png
       retry log10(dt/yr), log10(dt), retry_factor     1   112       -8.333816       -0.834704        0.500000
 grid1/grid1_000115.png/png
 burst_profile/burst_profile000115.png/png
 grid1/grid1_000120.png/png
 burst_profile/burst_profile000120.png/png
 grid1/grid1_000125.png/png
 burst_profile/burst_profile000125.png/png
 grid1/grid1_000130.png/png
 burst_profile/burst_profile000130.png/png
 grid1/grid1_000135.png/png
 burst_profile/burst_profile000135.png/png
 grid1/grid1_000140.png/png
 burst_profile/burst_profile000140.png/png
 grid1/grid1_000145.png/png
 burst_profile/burst_profile000145.png/png
 grid1/grid1_000150.png/png
 burst_profile/burst_profile000150.png/png
 grid1/grid1_000155.png/png
 burst_profile/burst_profile000155.png/png
 grid1/grid1_000160.png/png
 burst_profile/burst_profile000160.png/png
 grid1/grid1_000165.png/png
 burst_profile/burst_profile000165.png/png
                       super eddington wind: lg_Mdot, L/Ledd         166    -9.70967     1.00796
                       super eddington wind: lg_Mdot, L/Ledd         167    -9.00243     1.04050
                       super eddington wind: lg_Mdot, L/Ledd         168    -8.75734     1.07120
                       super eddington wind: lg_Mdot, L/Ledd         169    -8.62882     1.09557
                       super eddington wind: lg_Mdot, L/Ledd         170    -8.51943     1.12294
 grid1/grid1_000170.png/png
 burst_profile/burst_profile000170.png/png
                       super eddington wind: lg_Mdot, L/Ledd         171    -8.42285     1.15342
                       super eddington wind: lg_Mdot, L/Ledd         172    -8.60071     1.10169
                       super eddington wind: lg_Mdot, L/Ledd         173    -8.45941     1.14065
                       super eddington wind: lg_Mdot, L/Ledd         174    -8.38657     1.16629
                       super eddington wind: lg_Mdot, L/Ledd         175    -8.53002     1.11926
 grid1/grid1_000175.png/png
 burst_profile/burst_profile000175.png/png
                       super eddington wind: lg_Mdot, L/Ledd         176    -8.40155     1.16041
                       super eddington wind: lg_Mdot, L/Ledd         177    -8.32952     1.18924
                       super eddington wind: lg_Mdot, L/Ledd         178    -8.44571     1.14444
                       super eddington wind: lg_Mdot, L/Ledd         179    -8.34253     1.18303
                       super eddington wind: lg_Mdot, L/Ledd         180    -8.27336     1.21428
 grid1/grid1_000180.png/png
 burst_profile/burst_profile000180.png/png
                       super eddington wind: lg_Mdot, L/Ledd         181    -8.39309     1.16246
                       super eddington wind: lg_Mdot, L/Ledd         182    -8.29639     1.20281
                       super eddington wind: lg_Mdot, L/Ledd         183    -8.24986     1.22564
                       super eddington wind: lg_Mdot, L/Ledd         184    -8.36030     1.17463
                       super eddington wind: lg_Mdot, L/Ledd         185    -8.27886     1.21051
 grid1/grid1_000185.png/png
 burst_profile/burst_profile000185.png/png
                       super eddington wind: lg_Mdot, L/Ledd         186    -8.23432     1.23308
                       super eddington wind: lg_Mdot, L/Ledd         187    -8.36186     1.17338
                       super eddington wind: lg_Mdot, L/Ledd         188    -8.28153     1.20838
                       super eddington wind: lg_Mdot, L/Ledd         189    -8.25749     1.21983
                       super eddington wind: lg_Mdot, L/Ledd         190    -8.39808     1.15869
 grid1/grid1_000190.png/png
 burst_profile/burst_profile000190.png/png
                       super eddington wind: lg_Mdot, L/Ledd         191    -8.33455     1.18356
                       super eddington wind: lg_Mdot, L/Ledd         192    -8.32412     1.18788
                       super eddington wind: lg_Mdot, L/Ledd         193    -8.51267     1.12147
       retry log10(dt/yr), log10(dt), retry_factor     1   193       -9.065229       -1.566118        0.500000
                       super eddington wind: lg_Mdot, L/Ledd         193    -8.51267     1.12147
       retry log10(dt/yr), log10(dt), retry_factor     2   193       -9.366259       -1.867148        0.500000
                       super eddington wind: lg_Mdot, L/Ledd         193    -8.51267     1.12147
                       super eddington wind: lg_Mdot, L/Ledd         194    -8.42342     1.14917
                       super eddington wind: lg_Mdot, L/Ledd         195    -8.58252     1.10333
 grid1/grid1_000195.png/png
 burst_profile/burst_profile000195.png/png
                       super eddington wind: lg_Mdot, L/Ledd         196    -8.48518     1.12920
                       super eddington wind: lg_Mdot, L/Ledd         197    -8.35582     1.17400
                       super eddington wind: lg_Mdot, L/Ledd         198    -8.60298     1.09847
                       super eddington wind: lg_Mdot, L/Ledd         199    -8.53933     1.11405
                       super eddington wind: lg_Mdot, L/Ledd         200    -8.42608     1.14788
        200   8.951984  2.381E+07   3.719825   6.685035   1.400000   1.400000   0.000000   0.000000   0.295228   0.075513   3.041568    663     40
  -8.873526   6.568797  -4.791544   3.023448   4.380214  -8.426076   0.000000   0.000000   0.000000   0.202605   0.044737  23.643088      6      8
 3.1498E-04  23.235203   4.877625   6.684470  15.059950  -0.893858   0.000000   0.000000   0.000000   0.000687  8.798E-01  0.843E-04    varcontrol

 grid1/grid1_000200.png/png
 burst_profile/burst_profile000200.png/png
                       super eddington wind: lg_Mdot, L/Ledd         201    -8.60953     1.09687
       retry log10(dt/yr), log10(dt), retry_factor     1   201       -9.296922       -1.797810        0.500000
                       super eddington wind: lg_Mdot, L/Ledd         201    -8.60953     1.09687
                       super eddington wind: lg_Mdot, L/Ledd         202    -8.51830     1.11958
                       super eddington wind: lg_Mdot, L/Ledd         203    -8.71133     1.07662
                       super eddington wind: lg_Mdot, L/Ledd         204    -8.53362     1.11530
                       super eddington wind: lg_Mdot, L/Ledd         205    -8.84627     1.05612
 grid1/grid1_000205.png/png
 burst_profile/burst_profile000205.png/png
                       super eddington wind: lg_Mdot, L/Ledd         206    -8.63264     1.09170
                       super eddington wind: lg_Mdot, L/Ledd         207    -8.58044     1.10348
                       super eddington wind: lg_Mdot, L/Ledd         208    -8.80649     1.06133
                       super eddington wind: lg_Mdot, L/Ledd         209    -8.79444     1.06311
                       super eddington wind: lg_Mdot, L/Ledd         210    -9.14675     1.02799
 grid1/grid1_000210.png/png
 burst_profile/burst_profile000210.png/png
                       super eddington wind: lg_Mdot, L/Ledd         211    -8.98752     1.04037
                       super eddington wind: lg_Mdot, L/Ledd         212    -9.95627     1.00434
       retry log10(dt/yr), log10(dt), retry_factor     1   212       -9.295241       -1.796130        0.500000
                       super eddington wind: lg_Mdot, L/Ledd         212    -9.95627     1.00434
       retry log10(dt/yr), log10(dt), retry_factor     2   212       -9.596271       -2.097160        0.500000
                       super eddington wind: lg_Mdot, L/Ledd         212    -9.95627     1.00434
                       super eddington wind: lg_Mdot, L/Ledd         213    -9.11662     1.02999
                       super eddington wind: lg_Mdot, L/Ledd         215    -9.29129     1.02004
 grid1/grid1_000215.png/png
 burst_profile/burst_profile000215.png/png
                       super eddington wind: lg_Mdot, L/Ledd         217    -9.48552     1.01281
                       super eddington wind: lg_Mdot, L/Ledd         219   -10.15643     1.00273
 grid1/grid1_000220.png/png
 burst_profile/burst_profile000220.png/png
       retry log10(dt/yr), log10(dt), retry_factor     1   221       -9.101535       -1.602423        0.500000
       retry log10(dt/yr), log10(dt), retry_factor     2   221       -9.402565       -1.903453        0.500000
 grid1/grid1_000225.png/png
 burst_profile/burst_profile000225.png/png
 grid1/grid1_000230.png/png
 burst_profile/burst_profile000230.png/png
 grid1/grid1_000235.png/png
 burst_profile/burst_profile000235.png/png
 grid1/grid1_000240.png/png
 burst_profile/burst_profile000240.png/png
       retry log10(dt/yr), log10(dt), retry_factor     1   241       -7.596956       -0.097844        0.500000
       retry log10(dt/yr), log10(dt), retry_factor     2   241       -7.897986       -0.398874        0.500000
 have reached retry limit so now backup
 grid1/grid1_000240.png/png
 burst_profile/burst_profile000240.png/png
 grid1/grid1_000245.png/png
 burst_profile/burst_profile000245.png/png
       retry log10(dt/yr), log10(dt), retry_factor     1   248       -7.922314       -0.423202        0.500000
hydro_newton_step failed to accept
       retry log10(dt/yr), log10(dt), retry_factor     1   250       -8.393049       -0.893937        0.500000
 grid1/grid1_000250.png/png
 burst_profile/burst_profile000250.png/png
 grid1/grid1_000255.png/png
 burst_profile/burst_profile000255.png/png
       retry log10(dt/yr), log10(dt), retry_factor     1   256       -7.817409       -0.318298        0.500000
 grid1/grid1_000260.png/png
 burst_profile/burst_profile000260.png/png
hydro_newton_step failed to accept
       retry log10(dt/yr), log10(dt), retry_factor     1   261       -7.668374       -0.169262        0.500000
hydro_newton_step failed to accept
       retry log10(dt/yr), log10(dt), retry_factor     2   261       -7.969404       -0.470292        0.500000
 grid1/grid1_000265.png/png
 burst_profile/burst_profile000265.png/png
 grid1/grid1_000270.png/png
 burst_profile/burst_profile000270.png/png
 grid1/grid1_000275.png/png
 burst_profile/burst_profile000275.png/png
 grid1/grid1_000280.png/png
 burst_profile/burst_profile000280.png/png
hydro_newton_step failed to accept
       retry log10(dt/yr), log10(dt), retry_factor     1   282       -8.017746       -0.518635        0.500000
hydro_newton_step failed to accept
       retry log10(dt/yr), log10(dt), retry_factor     2   282       -8.318776       -0.819665        0.500000
 grid1/grid1_000285.png/png
 burst_profile/burst_profile000285.png/png
       retry log10(dt/yr), log10(dt), retry_factor     1   286       -7.836543       -0.337431        0.500000
hydro_newton_step failed to accept
       retry log10(dt/yr), log10(dt), retry_factor     2   286       -8.137573       -0.638461        0.500000
 grid1/grid1_000290.png/png
 burst_profile/burst_profile000290.png/png
       retry log10(dt/yr), log10(dt), retry_factor     1   294       -7.891160       -0.392049        0.500000
 grid1/grid1_000295.png/png
 burst_profile/burst_profile000295.png/png
        300   8.753489  9.255E+06   1.614952   2.982085   1.400000   1.400000   0.000000   0.000000   0.275200   0.019851   5.608017    705     57
  -6.931762   6.617109  -4.792708   1.588745   2.432220  -8.522879   0.000000   0.000000   0.000000   0.020000   0.020211  38.752761      6      9
 3.1843E-04  23.236012   3.233565   2.944281  14.406785  -0.720421   0.000000   0.000000   0.000000   0.000687  9.599E-01 -0.257E-10        lgTeff

 grid1/grid1_000300.png/png
 burst_profile/burst_profile000300.png/png
       retry log10(dt/yr), log10(dt), retry_factor     1   301       -7.630732       -0.131621        0.500000
       retry log10(dt/yr), log10(dt), retry_factor     2   301       -7.931762       -0.432651        0.500000
 have reached retry limit so now backup
        300   8.761268  9.546E+06   1.685755   3.078746   1.400000   1.400000   0.000000   0.000000   0.275200   0.019899   5.489347    705     59
  -7.630732   6.615880  -4.792694   1.646414   2.503598  -8.522879   0.000000   0.000000   0.000000   0.020000   0.020253  38.028898      6     10
 3.1834E-04  23.235994   3.287451   3.043753  14.420235  -0.723774   0.000000   0.000000   0.000000   0.000687  9.598E-01 -0.356E-09        backup

 grid1/grid1_000300.png/png
 burst_profile/burst_profile000300.png/png
 grid1/grid1_000305.png/png
 burst_profile/burst_profile000305.png/png
 grid1/grid1_000310.png/png
 burst_profile/burst_profile000310.png/png
 grid1/grid1_000315.png/png
 burst_profile/burst_profile000315.png/png
 grid1/grid1_000320.png/png
 burst_profile/burst_profile000320.png/png
 grid1/grid1_000325.png/png
 burst_profile/burst_profile000325.png/png
 grid1/grid1_000330.png/png
 burst_profile/burst_profile000330.png/png
 grid1/grid1_000335.png/png
 burst_profile/burst_profile000335.png/png
 grid1/grid1_000340.png/png
 burst_profile/burst_profile000340.png/png
 grid1/grid1_000345.png/png
 burst_profile/burst_profile000345.png/png
hydro_newton_step failed to accept
       retry log10(dt/yr), log10(dt), retry_factor     1   348       -5.540605        1.958506        0.500000
hydro_newton_step failed to accept
       retry log10(dt/yr), log10(dt), retry_factor     2   348       -5.841635        1.657476        0.500000
 have reached retry limit so now backup
 grid1/grid1_000350.png/png
 burst_profile/burst_profile000350.png/png
       retry log10(dt/yr), log10(dt), retry_factor     1   354       -5.418797        2.080315        0.500000
hydro_newton_step failed to accept
       retry log10(dt/yr), log10(dt), retry_factor     2   354       -5.719827        1.779285        0.500000
 have reached retry limit so now backup
 grid1/grid1_000355.png/png
 burst_profile/burst_profile000355.png/png
       retry log10(dt/yr), log10(dt), retry_factor     1   360       -5.393582        2.105530        0.500000
hydro_newton_step failed to accept
       retry log10(dt/yr), log10(dt), retry_factor     2   360       -5.694612        1.804500        0.500000
 have reached retry limit so now backup
       retry log10(dt/yr), log10(dt), retry_factor     1   360       -6.056655        1.442456        0.500000
 grid1/grid1_000360.png/png
 burst_profile/burst_profile000360.png/png
 grid1/grid1_000365.png/png
 burst_profile/burst_profile000365.png/png
       retry log10(dt/yr), log10(dt), retry_factor     1   367       -5.462328        2.036784        0.500000
       retry log10(dt/yr), log10(dt), retry_factor     2   367       -5.763358        1.735754        0.500000
 grid1/grid1_000370.png/png
 burst_profile/burst_profile000370.png/png
       retry log10(dt/yr), log10(dt), retry_factor     1   373       -5.161298        2.337814        0.500000
       retry log10(dt/yr), log10(dt), retry_factor     2   373       -5.462328        2.036784        0.500000
 have reached retry limit so now backup
       retry log10(dt/yr), log10(dt), retry_factor     1   374       -5.957178        1.541934        0.500000
 grid1/grid1_000375.png/png
 burst_profile/burst_profile000375.png/png
 grid1/grid1_000380.png/png
 burst_profile/burst_profile000380.png/png
       retry log10(dt/yr), log10(dt), retry_factor     1   381       -5.398038        2.101073        0.500000
       retry log10(dt/yr), log10(dt), retry_factor     2   381       -5.699068        1.800043        0.500000
 have reached retry limit so now backup
 grid1/grid1_000380.png/png
 burst_profile/burst_profile000380.png/png
       retry log10(dt/yr), log10(dt), retry_factor     1   383       -6.165188        1.333924        0.500000
       retry log10(dt/yr), log10(dt), retry_factor     2   383       -6.466218        1.032894        0.500000
 have reached retry limit so now backup
       retry log10(dt/yr), log10(dt), retry_factor     1   385       -6.767248        0.731864        0.500000
       retry log10(dt/yr), log10(dt), retry_factor     2   385       -7.068278        0.430834        0.500000
 have reached retry limit so now backup
 grid1/grid1_000385.png/png
 burst_profile/burst_profile000385.png/png
       retry log10(dt/yr), log10(dt), retry_factor     1   387       -7.369308        0.129804        0.500000
       retry log10(dt/yr), log10(dt), retry_factor     2   387       -7.670338       -0.171226        0.500000
 have reached retry limit so now backup
       retry log10(dt/yr), log10(dt), retry_factor     1   390       -7.971368       -0.472256        0.500000
 grid1/grid1_000390.png/png
 burst_profile/burst_profile000390.png/png
 grid1/grid1_000395.png/png
 burst_profile/burst_profile000395.png/png
        400   8.348249  3.643E+06   1.524103   1.551044   1.400000   1.400000   0.000000   0.000000   0.275200   0.062737  15.832477    744     80
  -5.563128   6.668309  -4.792870  -0.881478   0.697557  -8.522879   0.000000   0.000000   0.000000   0.020000   0.044442 102.473086      6     18
 5.0867E-04  23.268637   1.613516   0.302756  13.579126  -1.114468   0.000000   0.000000   0.000000   0.000687  8.928E-01  0.458E-12  max increase

 grid1/grid1_000400.png/png
 burst_profile/burst_profile000400.png/png
       retry log10(dt/yr), log10(dt), retry_factor     1   403       -5.524141        1.974970        0.500000
       retry log10(dt/yr), log10(dt), retry_factor     2   403       -5.825171        1.673940        0.500000
 grid1/grid1_000405.png/png
 burst_profile/burst_profile000405.png/png
       retry log10(dt/yr), log10(dt), retry_factor     1   409       -5.658822        1.840290        0.500000
       retry log10(dt/yr), log10(dt), retry_factor     2   409       -5.959852        1.539260        0.500000
 grid1/grid1_000410.png/png
 burst_profile/burst_profile000410.png/png
       retry log10(dt/yr), log10(dt), retry_factor     1   415       -5.454702        2.044410        0.500000
hydro_newton_step failed to accept
       retry log10(dt/yr), log10(dt), retry_factor     2   415       -5.755732        1.743380        0.500000
 have reached retry limit so now backup
 grid1/grid1_000415.png/png
 burst_profile/burst_profile000415.png/png
hydro_newton_step failed to accept
       retry log10(dt/yr), log10(dt), retry_factor     1   416       -6.250582        1.248530        0.500000
 grid1/grid1_000420.png/png
 burst_profile/burst_profile000420.png/png
       retry log10(dt/yr), log10(dt), retry_factor     1   421       -5.864066        1.635046        0.500000
hydro_newton_step failed to accept
       retry log10(dt/yr), log10(dt), retry_factor     1   422       -6.262006        1.237106        0.500000
       retry log10(dt/yr), log10(dt), retry_factor     2   422       -6.563036        0.936076        0.500000
 grid1/grid1_000425.png/png
 burst_profile/burst_profile000425.png/png
        427   8.434417  4.616E+06   2.007477   2.179575   1.400000   1.400000   0.000000   0.000000   0.275200   0.075915  13.039484    740     90
  -5.659946   6.674151  -4.792800   1.423684   1.245265  -8.522879   0.000000   0.000000   0.000000   0.020000   0.053440  84.409077      8     19
 5.8592E-04  23.281195   2.024842   1.360682  13.847537  -0.951297   0.000000   0.000000   0.000000   0.000687  8.706E-01  0.342E-10  max increase

save LOGS/profile3.data for model 427
       retry log10(dt/yr), log10(dt), retry_factor     1   428       -6.236490        1.262621        0.500000
       retry log10(dt/yr), log10(dt), retry_factor     2   428       -6.537520        0.961591        0.500000
 have reached retry limit so now backup
        427   8.415972  4.347E+06   1.882583   1.971334   1.400000   1.400000   0.000000   0.000000   0.275200   0.075851  13.623555    740     92
  -6.236490   6.674620  -4.792815   1.027287   1.053830  -8.522879   0.000000   0.000000   0.000000   0.020000   0.053824  88.102830      6     20
 5.8431E-04  23.280939   1.920622   0.823065  13.780287  -0.991815   0.000000   0.000000   0.000000   0.000687  8.703E-01  0.366E-11        backup

save LOGS/profile3.data for model 427
 grid1/grid1_000430.png/png
 burst_profile/burst_profile000430.png/png
hydro_newton_step failed to accept
       retry log10(dt/yr), log10(dt), retry_factor     1   432       -6.656079        0.843032        0.500000
       retry log10(dt/yr), log10(dt), retry_factor     2   432       -6.957109        0.542002        0.500000
 grid1/grid1_000435.png/png
 burst_profile/burst_profile000435.png/png
       retry log10(dt/yr), log10(dt), retry_factor     1   437       -6.656079        0.843032        0.500000
       retry log10(dt/yr), log10(dt), retry_factor     1   438       -6.957109        0.542002        0.500000
hydro_newton_step failed to accept
       retry log10(dt/yr), log10(dt), retry_factor     1   439       -7.258139        0.240972        0.500000
 grid1/grid1_000440.png/png
 burst_profile/burst_profile000440.png/png
       retry log10(dt/yr), log10(dt), retry_factor     1   442       -7.258139        0.240972        0.500000
       retry log10(dt/yr), log10(dt), retry_factor     2   442       -7.559169       -0.060058        0.500000
       retry log10(dt/yr), log10(dt), retry_factor     1   444       -7.860199       -0.361088        0.500000
 grid1/grid1_000445.png/png
 burst_profile/burst_profile000445.png/png
       retry log10(dt/yr), log10(dt), retry_factor     1   447       -8.258139       -0.759028        0.500000
       retry log10(dt/yr), log10(dt), retry_factor     1   448       -8.656079       -1.156968        0.500000
 grid1/grid1_000450.png/png
 burst_profile/burst_profile000450.png/png
 grid1/grid1_000455.png/png
 burst_profile/burst_profile000455.png/png
 grid1/grid1_000460.png/png
 burst_profile/burst_profile000460.png/png
 grid1/grid1_000465.png/png
 burst_profile/burst_profile000465.png/png
 grid1/grid1_000470.png/png
 burst_profile/burst_profile000470.png/png
 grid1/grid1_000475.png/png
 burst_profile/burst_profile000475.png/png
 grid1/grid1_000480.png/png
 burst_profile/burst_profile000480.png/png
       retry log10(dt/yr), log10(dt), retry_factor     1   485       -9.525023       -2.025912        0.500000
 grid1/grid1_000485.png/png
 burst_profile/burst_profile000485.png/png
 grid1/grid1_000490.png/png
 burst_profile/burst_profile000490.png/png
 grid1/grid1_000495.png/png
 burst_profile/burst_profile000495.png/png
        500   8.465777  1.831E+07   3.596899   6.855912   1.400000   1.400000   0.000000   0.000000   0.281101   0.068944  12.099095    792    103
  -8.151165   6.673209  -4.791784   3.175603   4.085575  -8.522879   0.000000   0.000000   0.000000   0.039632   0.044750  78.471971      7     20
 5.8928E-04  23.281619   4.420798   6.855582  14.761771  -0.922414   0.000000   0.000000   0.000000   0.000687  8.863E-01  0.453E-08    varcontrol

save LOGS/profile4.data for model 500
save photos/x500 for model 500
 grid1/grid1_000500.png/png
 burst_profile/burst_profile000500.png/png
 grid1/grid1_000505.png/png
 burst_profile/burst_profile000505.png/png
 grid1/grid1_000510.png/png
 burst_profile/burst_profile000510.png/png
 grid1/grid1_000515.png/png
 burst_profile/burst_profile000515.png/png
 grid1/grid1_000520.png/png
 burst_profile/burst_profile000520.png/png
 grid1/grid1_000525.png/png
 burst_profile/burst_profile000525.png/png
 grid1/grid1_000530.png/png
 burst_profile/burst_profile000530.png/png
 grid1/grid1_000535.png/png
 burst_profile/burst_profile000535.png/png
 grid1/grid1_000540.png/png
 burst_profile/burst_profile000540.png/png
 grid1/grid1_000545.png/png
 burst_profile/burst_profile000545.png/png
       retry log10(dt/yr), log10(dt), retry_factor     1   547       -7.633349       -0.134237        0.500000
       retry log10(dt/yr), log10(dt), retry_factor     1   548       -8.031289       -0.532177        0.500000
       retry log10(dt/yr), log10(dt), retry_factor     2   548       -8.332319       -0.833207        0.500000
hydro_newton_step failed to accept
       retry log10(dt/yr), log10(dt), retry_factor     1   549       -8.633349       -1.134237        0.500000
       retry log10(dt/yr), log10(dt), retry_factor     2   549       -8.934379       -1.435267        0.500000
 grid1/grid1_000550.png/png
 burst_profile/burst_profile000550.png/png
 grid1/grid1_000555.png/png
 burst_profile/burst_profile000555.png/png
hydro_newton_step failed to accept
       retry log10(dt/yr), log10(dt), retry_factor     1   558       -8.262949       -0.763837        0.500000
 grid1/grid1_000560.png/png
 burst_profile/burst_profile000560.png/png
 grid1/grid1_000565.png/png
 burst_profile/burst_profile000565.png/png
       retry log10(dt/yr), log10(dt), retry_factor     1   568       -7.781189       -0.282077        0.500000
 grid1/grid1_000570.png/png
 burst_profile/burst_profile000570.png/png
 grid1/grid1_000575.png/png
 burst_profile/burst_profile000575.png/png
 grid1/grid1_000580.png/png
 burst_profile/burst_profile000580.png/png
 grid1/grid1_000585.png/png
 burst_profile/burst_profile000585.png/png
       retry log10(dt/yr), log10(dt), retry_factor     1   586       -7.882512       -0.383400        0.500000
 grid1/grid1_000590.png/png
 burst_profile/burst_profile000590.png/png
       retry log10(dt/yr), log10(dt), retry_factor     1   594       -7.485684        0.013427        0.500000
       retry log10(dt/yr), log10(dt), retry_factor     2   594       -7.786714       -0.287603        0.500000
 grid1/grid1_000595.png/png
 burst_profile/burst_profile000595.png/png
        600   8.772210  9.410E+06   1.638557   3.015357   1.400000   1.400000   0.000000   0.000000   0.275200   0.017126   5.571634    832    113
  -6.858114   6.647128  -4.792691   1.673939   2.442253  -8.522879   0.000000   0.000000   0.000000   0.020000   0.019590  37.982951      6     20
 5.9243E-04  23.282226   3.262523   2.975564  14.414101  -0.722070   0.000000   0.000000   0.000000   0.000687  9.633E-01  0.179E-10        lgTeff

 grid1/grid1_000600.png/png
 burst_profile/burst_profile000600.png/png
 grid1/grid1_000605.png/png
 burst_profile/burst_profile000605.png/png
 grid1/grid1_000610.png/png
 burst_profile/burst_profile000610.png/png
 grid1/grid1_000615.png/png
 burst_profile/burst_profile000615.png/png
 grid1/grid1_000620.png/png
 burst_profile/burst_profile000620.png/png
 grid1/grid1_000625.png/png
 burst_profile/burst_profile000625.png/png
 grid1/grid1_000630.png/png
 burst_profile/burst_profile000630.png/png
 grid1/grid1_000635.png/png
 burst_profile/burst_profile000635.png/png
 grid1/grid1_000640.png/png
 burst_profile/burst_profile000640.png/png
       retry log10(dt/yr), log10(dt), retry_factor     1   645       -5.643022        1.856090        0.500000
 grid1/grid1_000645.png/png
 burst_profile/burst_profile000645.png/png
       retry log10(dt/yr), log10(dt), retry_factor     1   650       -5.577133        1.921978        0.500000
       retry log10(dt/yr), log10(dt), retry_factor     2   650       -5.878163        1.620948        0.500000
 grid1/grid1_000650.png/png
 burst_profile/burst_profile000650.png/png
 grid1/grid1_000655.png/png
 burst_profile/burst_profile000655.png/png
       retry log10(dt/yr), log10(dt), retry_factor     1   656       -5.493958        2.005153        0.500000
       retry log10(dt/yr), log10(dt), retry_factor     1   657       -5.891898        1.607213        0.500000
 grid1/grid1_000660.png/png
 burst_profile/burst_profile000660.png/png
       retry log10(dt/yr), log10(dt), retry_factor     1   663       -5.593047        1.906065        0.500000
       retry log10(dt/yr), log10(dt), retry_factor     2   663       -5.894077        1.605035        0.500000
 grid1/grid1_000665.png/png
 burst_profile/burst_profile000665.png/png
       retry log10(dt/yr), log10(dt), retry_factor     1   669       -5.456253        2.042858        0.500000
       retry log10(dt/yr), log10(dt), retry_factor     1   670       -5.854193        1.644918        0.500000
 grid1/grid1_000670.png/png
 burst_profile/burst_profile000670.png/png
       retry log10(dt/yr), log10(dt), retry_factor     1   671       -6.155223        1.343888        0.500000
       retry log10(dt/yr), log10(dt), retry_factor     1   672       -6.456253        1.042858        0.500000
 grid1/grid1_000675.png/png
 burst_profile/burst_profile000675.png/png
       retry log10(dt/yr), log10(dt), retry_factor     1   680       -5.435098        2.064014        0.500000
 grid1/grid1_000680.png/png
 burst_profile/burst_profile000680.png/png
hydro_newton_step failed to accept
       retry log10(dt/yr), log10(dt), retry_factor     1   681       -5.833038        1.666074        0.500000
       retry log10(dt/yr), log10(dt), retry_factor     1   685       -5.532008        1.967104        0.500000
 grid1/grid1_000685.png/png
 burst_profile/burst_profile000685.png/png
       retry log10(dt/yr), log10(dt), retry_factor     1   688       -5.833038        1.666074        0.500000
 grid1/grid1_000690.png/png
 burst_profile/burst_profile000690.png/png
       retry log10(dt/yr), log10(dt), retry_factor     1   693       -5.757681        1.741430        0.500000
hydro_newton_step failed to accept
       retry log10(dt/yr), log10(dt), retry_factor     1   694       -6.155621        1.343490        0.500000
hydro_newton_step failed to accept
       retry log10(dt/yr), log10(dt), retry_factor     1   695       -6.553561        0.945550        0.500000
 grid1/grid1_000695.png/png
 burst_profile/burst_profile000695.png/png
       retry log10(dt/yr), log10(dt), retry_factor     1   696       -6.854591        0.644520        0.500000
        700   8.387695  4.037E+06   1.717935   1.764533   1.400000   1.400000   0.000000   0.000000   0.275200   0.066698  15.074462    887    132
  -6.252531   6.702480  -4.792823   0.434831   0.894841  -8.522879   0.000000   0.000000   0.000000   0.020000   0.049225  96.062476      6     20
 8.4723E-04  23.321212   1.791905   0.504378  13.696370  -1.042726   0.000000   0.000000   0.000000   0.000687  8.841E-01  0.798E-11  max increase

 grid1/grid1_000700.png/png
 burst_profile/burst_profile000700.png/png
       retry log10(dt/yr), log10(dt), retry_factor     1   704       -5.868738        1.630373        0.500000
       retry log10(dt/yr), log10(dt), retry_factor     1   705       -6.266678        1.232433        0.500000
       retry log10(dt/yr), log10(dt), retry_factor     2   705       -6.567708        0.931403        0.500000
 grid1/grid1_000705.png/png
 burst_profile/burst_profile000705.png/png
       retry log10(dt/yr), log10(dt), retry_factor     1   710       -6.266678        1.232433        0.500000
 grid1/grid1_000710.png/png
 burst_profile/burst_profile000710.png/png
       retry log10(dt/yr), log10(dt), retry_factor     1   711       -6.567708        0.931403        0.500000
       retry log10(dt/yr), log10(dt), retry_factor     1   712       -6.868738        0.630373        0.500000
hydro_newton_step failed to accept
       retry log10(dt/yr), log10(dt), retry_factor     1   713       -7.169768        0.329343        0.500000
       retry log10(dt/yr), log10(dt), retry_factor     1   715       -7.470798        0.028313        0.500000
 grid1/grid1_000715.png/png
 burst_profile/burst_profile000715.png/png
       retry log10(dt/yr), log10(dt), retry_factor     1   717       -7.771828       -0.272717        0.500000
       retry log10(dt/yr), log10(dt), retry_factor     1   719       -8.072858       -0.573747        0.500000
 grid1/grid1_000720.png/png
 burst_profile/burst_profile000720.png/png
       retry log10(dt/yr), log10(dt), retry_factor     1   725       -8.373186       -0.874074        0.500000
 grid1/grid1_000725.png/png
 burst_profile/burst_profile000725.png/png
 grid1/grid1_000730.png/png
 burst_profile/burst_profile000730.png/png
 grid1/grid1_000735.png/png
 burst_profile/burst_profile000735.png/png
 grid1/grid1_000740.png/png
 burst_profile/burst_profile000740.png/png
 grid1/grid1_000745.png/png
 burst_profile/burst_profile000745.png/png
 grid1/grid1_000750.png/png
 burst_profile/burst_profile000750.png/png
 grid1/grid1_000755.png/png
 burst_profile/burst_profile000755.png/png
 grid1/grid1_000760.png/png
 burst_profile/burst_profile000760.png/png
 grid1/grid1_000765.png/png
 burst_profile/burst_profile000765.png/png
 grid1/grid1_000770.png/png
 burst_profile/burst_profile000770.png/png
 grid1/grid1_000775.png/png
 burst_profile/burst_profile000775.png/png
 grid1/grid1_000780.png/png
 burst_profile/burst_profile000780.png/png
 grid1/grid1_000785.png/png
 burst_profile/burst_profile000785.png/png
 grid1/grid1_000790.png/png
 burst_profile/burst_profile000790.png/png
       retry log10(dt/yr), log10(dt), retry_factor     1   792       -9.062423       -1.563312        0.500000
hydro_newton_step failed to accept
       retry log10(dt/yr), log10(dt), retry_factor     1   793       -9.363453       -1.864342        0.500000
 grid1/grid1_000795.png/png
 burst_profile/burst_profile000795.png/png
        800   8.833428  2.139E+07   3.473906   6.478978   1.400000   1.400000   0.000000   0.000000   0.280551   0.053040   4.887914    935    145
  -8.113505   6.666257  -4.791714   2.893863   4.165146  -8.522879   0.000000   0.000000   0.000000   0.244310   0.034386  33.476970      7     20
 8.6383E-04  23.323475   4.691013   6.478436  14.935588  -0.836273   0.000000   0.000000   0.000000   0.000687  9.126E-01  0.943E-08      lgT_cntr

 grid1/grid1_000800.png/png
 burst_profile/burst_profile000800.png/png
 grid1/grid1_000805.png/png
 burst_profile/burst_profile000805.png/png
 grid1/grid1_000810.png/png
 burst_profile/burst_profile000810.png/png
 grid1/grid1_000815.png/png
 burst_profile/burst_profile000815.png/png
       retry log10(dt/yr), log10(dt), retry_factor     1   818       -7.560744       -0.061633        0.500000
       retry log10(dt/yr), log10(dt), retry_factor     2   818       -7.861774       -0.362663        0.500000
 have reached retry limit so now backup
 grid1/grid1_000820.png/png
 burst_profile/burst_profile000820.png/png
       retry log10(dt/yr), log10(dt), retry_factor     1   825       -7.881818       -0.382706        0.500000
 grid1/grid1_000825.png/png
 burst_profile/burst_profile000825.png/png
       retry log10(dt/yr), log10(dt), retry_factor     1   826       -8.279758       -0.780646        0.500000
hydro_newton_step failed to accept
       retry log10(dt/yr), log10(dt), retry_factor     2   826       -8.580788       -1.081676        0.500000
 have reached retry limit so now backup
 grid1/grid1_000825.png/png
 burst_profile/burst_profile000825.png/png
       retry log10(dt/yr), log10(dt), retry_factor     1   828       -8.881818       -1.382706        0.500000
 grid1/grid1_000830.png/png
 burst_profile/burst_profile000830.png/png
       retry log10(dt/yr), log10(dt), retry_factor     1   833       -8.580788       -1.081676        0.500000
 grid1/grid1_000835.png/png
 burst_profile/burst_profile000835.png/png
       retry log10(dt/yr), log10(dt), retry_factor     1   837       -8.580788       -1.081676        0.500000
 grid1/grid1_000840.png/png
 burst_profile/burst_profile000840.png/png
hydro_newton_step failed to accept
       retry log10(dt/yr), log10(dt), retry_factor     1   843       -7.978728       -0.479616        0.500000
 grid1/grid1_000845.png/png
 burst_profile/burst_profile000845.png/png
       retry log10(dt/yr), log10(dt), retry_factor     1   846       -7.998498       -0.499387        0.500000
 grid1/grid1_000850.png/png
 burst_profile/burst_profile000850.png/png
 grid1/grid1_000855.png/png
 burst_profile/burst_profile000855.png/png
 grid1/grid1_000860.png/png
 burst_profile/burst_profile000860.png/png
 grid1/grid1_000865.png/png
 burst_profile/burst_profile000865.png/png
 grid1/grid1_000870.png/png
 burst_profile/burst_profile000870.png/png
       retry log10(dt/yr), log10(dt), retry_factor     1   875       -8.007440       -0.508329        0.500000
       retry log10(dt/yr), log10(dt), retry_factor     2   875       -8.308470       -0.809359        0.500000
 grid1/grid1_000875.png/png
 burst_profile/burst_profile000875.png/png
 grid1/grid1_000880.png/png
 burst_profile/burst_profile000880.png/png
       retry log10(dt/yr), log10(dt), retry_factor     1   881       -7.706410       -0.207299        0.500000
       retry log10(dt/yr), log10(dt), retry_factor     2   881       -8.007440       -0.508329        0.500000
 grid1/grid1_000885.png/png
 burst_profile/burst_profile000885.png/png
       retry log10(dt/yr), log10(dt), retry_factor     1   886       -7.706410       -0.207299        0.500000
       retry log10(dt/yr), log10(dt), retry_factor     2   886       -8.007440       -0.508329        0.500000
 have reached retry limit so now backup
 grid1/grid1_000885.png/png
 burst_profile/burst_profile000885.png/png
 grid1/grid1_000890.png/png
 burst_profile/burst_profile000890.png/png
       retry log10(dt/yr), log10(dt), retry_factor     1   892       -7.416649        0.082463        0.500000
hydro_newton_step failed to accept
       retry log10(dt/yr), log10(dt), retry_factor     2   892       -7.717679       -0.218567        0.500000
 grid1/grid1_000895.png/png
 burst_profile/burst_profile000895.png/png
       retry log10(dt/yr), log10(dt), retry_factor     1   898       -7.404708        0.094403        0.500000
       retry log10(dt/yr), log10(dt), retry_factor     2   898       -7.705738       -0.206627        0.500000
 have reached retry limit so now backup
        900   8.769751  8.956E+06   1.516000   2.837402   1.400000   1.400000   0.000000   0.000000   0.275200   0.017548   5.839882    906    165
  -7.404708   6.677334  -4.792683   1.537964   2.296076  -8.522879   0.000000   0.000000   0.000000   0.020000   0.017974  39.094530      6     24
 8.6726E-04  23.324114   3.176525   2.792660  14.391530  -0.718253   0.000000   0.000000   0.000000   0.000687  9.645E-01  0.102E-10          hold

 grid1/grid1_000900.png/png
 burst_profile/burst_profile000900.png/png
       retry log10(dt/yr), log10(dt), retry_factor     1   901       -8.006768       -0.507657        0.500000
       retry log10(dt/yr), log10(dt), retry_factor     2   901       -8.307798       -0.808687        0.500000
 grid1/grid1_000905.png/png
 burst_profile/burst_profile000905.png/png
 grid1/grid1_000910.png/png
 burst_profile/burst_profile000910.png/png
 grid1/grid1_000915.png/png
 burst_profile/burst_profile000915.png/png

stop because model_number >= max_model_number
      920      920

        920   8.622331  5.951E+06   1.175130   2.058147   1.400000   1.400000   0.000000   0.000000   0.275200   0.017988   8.561315    924    167
  -6.460085   6.693447  -4.792822   0.457562   1.643882  -8.522879   0.000000   0.000000   0.000000   0.020000   0.017905  55.578446      7     24
 8.7015E-04  23.324553   2.466062   1.984491  14.107960  -0.805178   0.000000   0.000000   0.000000   0.000687  9.641E-01 -0.244E-08    varcontrol

save LOGS/profile5.data for model 920
save photos/x920 for model 920
save abund_profile_r_cu62_pn_zn62_01.data for model 920
 saved to final.mod
termination code: max_model_number
 grid1/grid1_000920.png/png
 burst_profile/burst_profile000920.png/png
        920   8.622331  5.951E+06   1.175130   2.058147   1.400000   1.400000   0.000000   0.000000   0.275200   0.017988   8.561315    924    167
  -6.460085   6.693447  -4.792822   0.457562   1.643882  -8.522879   0.000000   0.000000   0.000000   0.020000   0.017905  55.578446      7     24
 8.7015E-04  23.324553   2.466062   1.984491  14.107960  -0.805178   0.000000   0.000000   0.000000   0.000687  9.641E-01 -0.244E-08      lgT_cntr

DATE: 2020-09-04
TIME: 05:43:01
