starting from 0
DATE: 2021-01-12
TIME: 04:32:09
                                         version_number       10108
 read /hpc/group/physics/al363/sens/base/inlist_base
 read inlist_cluster
load saved model /hpc/group/physics/al363/sens/base/ns_relax.mod

 change to /hpc/group/physics/al363/sens/base/rp_305.net
             set special rate factor for r_cu58_ag_ga62        2531    1.0000000000000000D-02
             set special rate factor for r_ga62_ga_cu58        2532    1.0000000000000000D-02
             set special rate factor for r_cu58_ag_ga62        2531    1.0000000000000000D-02
             set special rate factor for r_ga62_ga_cu58        2532    1.0000000000000000D-02
 number of species         305
 read /hpc/group/physics/al363/sens/base/history_customACL.list_tau
 read /hpc/group/physics/al363/sens/base/profile_customACL.list_tau
 net name /hpc/group/physics/al363/sens/base/rp_305.net
 v_flag T
                         which_atm_option: grey_and_kap
                                           xmstar/mstar    4.5461189430843640D-12
                                             xmstar (g)    1.2660395722219186D+22
                                           M_center (g)    2.7848799999878681D+33
                                            xmstar/Msun    6.3645665203193175D-12
                                          M_center/Msun    1.3999999999939012D+00
                                          R_center (cm)    1.1200000000000000D+06
                                          R_center/Rsun    1.6092416448748527D-05
                                           core density    4.7322078204273819D+14
                                          L_center/Lsun    4.1647144567650578D+00
 kappa_file_prefix gs98
 kappa_lowT_prefix lowT_fa05_gs98

   eos_file_prefix mesa
                                        OMP_NUM_THREADS           8


__________________________________________________________________________________________________________________________________________________

       step    lg_Tcntr    Teff       lg_LH     lg_Lnuc     Mass       H_rich     H_cntr     N_cntr     Y_surf     X_avg     eta_cntr  zones retry
   lg_dt_yr    lg_Dcntr    lg_R       lg_L3a    lg_Lneu     lg_Mdot    He_core    He_cntr    O_cntr     Z_surf     Y_avg     gam_cntr  iters bckup
     age_yr    lg_Pcntr    lg_L       lg_LZ     lg_Psurf    lg_Dsurf   C_core     C_cntr     Ne_cntr    Si_cntr    Z_avg     v_div_cs     dt_limit
__________________________________________________________________________________________________________________________________________________

save LOGS/profile1.data for model 2
 grid1/grid1_000005.png/png
 burst_profile/burst_profile000005.png/png
          6   8.165156  1.497E+06   0.087590   0.087976   1.400000   1.400000   0.000000   0.000000   0.275200   0.030886  22.514775    791      0
  -5.817651   6.610341  -4.793035 -18.862378  -1.086578  -8.522879   0.000000   0.000000   0.000000   0.020000   0.011710 149.410225      6      0
 4.0040E-06  23.176196   0.068337  -2.962874  12.744977  -1.553972   0.000000   0.000000   0.000000   0.000687  9.574E-01  0.395E-11      lgT_cntr

save LOGS/profile2.data for model 6
 grid1/grid1_000010.png/png
 burst_profile/burst_profile000010.png/png
 grid1/grid1_000015.png/png
 burst_profile/burst_profile000015.png/png
 grid1/grid1_000020.png/png
 burst_profile/burst_profile000020.png/png
 grid1/grid1_000025.png/png
 burst_profile/burst_profile000025.png/png
       retry log10(dt/yr), log10(dt), retry_factor     1    30       -5.532111        1.967001        0.500000
 grid1/grid1_000030.png/png
 burst_profile/burst_profile000030.png/png
       retry log10(dt/yr), log10(dt), retry_factor     1    35       -5.231081        2.268031        0.500000
 grid1/grid1_000035.png/png
 burst_profile/burst_profile000035.png/png
       retry log10(dt/yr), log10(dt), retry_factor     1    36       -5.532111        1.967001        0.500000
       retry log10(dt/yr), log10(dt), retry_factor     1    40       -5.532111        1.967001        0.500000
 grid1/grid1_000040.png/png
 burst_profile/burst_profile000040.png/png
       retry log10(dt/yr), log10(dt), retry_factor     1    45       -5.231081        2.268031        0.500000
 grid1/grid1_000045.png/png
 burst_profile/burst_profile000045.png/png
       retry log10(dt/yr), log10(dt), retry_factor     1    49       -5.231081        2.268031        0.500000
 grid1/grid1_000050.png/png
 burst_profile/burst_profile000050.png/png
       retry log10(dt/yr), log10(dt), retry_factor     1    53       -5.231081        2.268031        0.500000
 grid1/grid1_000055.png/png
 burst_profile/burst_profile000055.png/png
       retry log10(dt/yr), log10(dt), retry_factor     1    56       -5.532111        1.967001        0.500000
       retry log10(dt/yr), log10(dt), retry_factor     2    56       -5.833141        1.665971        0.500000
 have reached retry limit so now backup
 grid1/grid1_000055.png/png
 burst_profile/burst_profile000055.png/png
       retry log10(dt/yr), log10(dt), retry_factor     1    58       -6.134171        1.364941        0.500000
       retry log10(dt/yr), log10(dt), retry_factor     2    58       -6.435201        1.063911        0.500000
 have reached retry limit so now backup
       retry log10(dt/yr), log10(dt), retry_factor     1    58       -6.736231        0.762881        0.500000
       retry log10(dt/yr), log10(dt), retry_factor     2    58       -7.037261        0.461851        0.500000
 have reached retry limit so now backup
       retry log10(dt/yr), log10(dt), retry_factor     1    60       -7.338291        0.160821        0.500000
       retry log10(dt/yr), log10(dt), retry_factor     2    60       -7.639321       -0.140209        0.500000
 have reached retry limit so now backup
 grid1/grid1_000060.png/png
 burst_profile/burst_profile000060.png/png
       retry log10(dt/yr), log10(dt), retry_factor     1    62       -7.940351       -0.441239        0.500000
       retry log10(dt/yr), log10(dt), retry_factor     2    62       -8.241381       -0.742269        0.500000
 grid1/grid1_000065.png/png
 burst_profile/burst_profile000065.png/png
 grid1/grid1_000070.png/png
 burst_profile/burst_profile000070.png/png
 grid1/grid1_000075.png/png
 burst_profile/burst_profile000075.png/png
       retry log10(dt/yr), log10(dt), retry_factor     1    76       -5.231081        2.268031        0.500000
       retry log10(dt/yr), log10(dt), retry_factor     2    76       -5.532111        1.967001        0.500000
       retry log10(dt/yr), log10(dt), retry_factor     1    77       -5.833141        1.665971        0.500000
       retry log10(dt/yr), log10(dt), retry_factor     2    77       -6.134171        1.364941        0.500000
 have reached retry limit so now backup
       retry log10(dt/yr), log10(dt), retry_factor     1    80       -6.435201        1.063911        0.500000
       retry log10(dt/yr), log10(dt), retry_factor     2    80       -6.736231        0.762881        0.500000
 have reached retry limit so now backup
 grid1/grid1_000080.png/png
 burst_profile/burst_profile000080.png/png
       retry log10(dt/yr), log10(dt), retry_factor     1    81       -7.037261        0.461851        0.500000
       retry log10(dt/yr), log10(dt), retry_factor     2    81       -7.338291        0.160821        0.500000
 have reached retry limit so now backup
 grid1/grid1_000080.png/png
 burst_profile/burst_profile000080.png/png
       retry log10(dt/yr), log10(dt), retry_factor     1    84       -7.639321       -0.140209        0.500000
       retry log10(dt/yr), log10(dt), retry_factor     2    84       -7.940351       -0.441239        0.500000
 have reached retry limit so now backup
       retry log10(dt/yr), log10(dt), retry_factor     1    84       -8.241381       -0.742269        0.500000
 grid1/grid1_000085.png/png
 burst_profile/burst_profile000085.png/png
 grid1/grid1_000090.png/png
 burst_profile/burst_profile000090.png/png
 grid1/grid1_000095.png/png
 burst_profile/burst_profile000095.png/png
       retry log10(dt/yr), log10(dt), retry_factor     1    97       -5.708197        1.790914        0.500000
       retry log10(dt/yr), log10(dt), retry_factor     1    98       -6.029742        1.469369        0.500000
       retry log10(dt/yr), log10(dt), retry_factor     1    99       -6.330772        1.168339        0.500000
        100   8.444841  4.670E+06   2.033172   2.166622   1.400000   1.400000   0.000000   0.000000   0.275200   0.100536  12.226478    752     31
  -6.029742   6.642744  -4.792800   1.206170   1.283423  -8.522879   0.000000   0.000000   0.000000   0.020000   0.058448  80.444496      6      8
 3.1300E-04  23.235090   2.045017   1.357015  13.860470  -0.943582   0.000000   0.000000   0.000000   0.000687  8.410E-01  0.987E-12          hold

 grid1/grid1_000100.png/png
 burst_profile/burst_profile000100.png/png
       retry log10(dt/yr), log10(dt), retry_factor     1   101       -6.631802        0.867309        0.500000
       retry log10(dt/yr), log10(dt), retry_factor     1   103       -6.932832        0.566279        0.500000
hydro_newton_step failed to accept
       retry log10(dt/yr), log10(dt), retry_factor     1   104       -7.233862        0.265249        0.500000
 grid1/grid1_000105.png/png
 burst_profile/burst_profile000105.png/png
       retry log10(dt/yr), log10(dt), retry_factor     1   106       -7.534892       -0.035780        0.500000
       retry log10(dt/yr), log10(dt), retry_factor     1   110       -7.649240       -0.150129        0.500000
       retry log10(dt/yr), log10(dt), retry_factor     2   110       -7.950270       -0.451159        0.500000
 grid1/grid1_000110.png/png
 burst_profile/burst_profile000110.png/png
       retry log10(dt/yr), log10(dt), retry_factor     1   112       -8.333830       -0.834718        0.500000
 grid1/grid1_000115.png/png
 burst_profile/burst_profile000115.png/png
 grid1/grid1_000120.png/png
 burst_profile/burst_profile000120.png/png
 grid1/grid1_000125.png/png
 burst_profile/burst_profile000125.png/png
 grid1/grid1_000130.png/png
 burst_profile/burst_profile000130.png/png
 grid1/grid1_000135.png/png
 burst_profile/burst_profile000135.png/png
 grid1/grid1_000140.png/png
 burst_profile/burst_profile000140.png/png
 grid1/grid1_000145.png/png
 burst_profile/burst_profile000145.png/png
 grid1/grid1_000150.png/png
 burst_profile/burst_profile000150.png/png
 grid1/grid1_000155.png/png
 burst_profile/burst_profile000155.png/png
 grid1/grid1_000160.png/png
 burst_profile/burst_profile000160.png/png
 grid1/grid1_000165.png/png
 burst_profile/burst_profile000165.png/png
                       super eddington wind: lg_Mdot, L/Ledd         166    -9.76614     1.00699
                       super eddington wind: lg_Mdot, L/Ledd         167    -9.00623     1.04017
                       super eddington wind: lg_Mdot, L/Ledd         168    -8.76036     1.07071
                       super eddington wind: lg_Mdot, L/Ledd         169    -8.62724     1.09600
                       super eddington wind: lg_Mdot, L/Ledd         170    -8.52249     1.12203
 grid1/grid1_000170.png/png
 burst_profile/burst_profile000170.png/png
                       super eddington wind: lg_Mdot, L/Ledd         171    -8.42461     1.15272
                       super eddington wind: lg_Mdot, L/Ledd         172    -8.60188     1.10137
                       super eddington wind: lg_Mdot, L/Ledd         173    -8.45758     1.14137
                       super eddington wind: lg_Mdot, L/Ledd         174    -8.38622     1.16652
                       super eddington wind: lg_Mdot, L/Ledd         175    -8.53085     1.11901
 grid1/grid1_000175.png/png
 burst_profile/burst_profile000175.png/png
                       super eddington wind: lg_Mdot, L/Ledd         176    -8.40188     1.16027
                       super eddington wind: lg_Mdot, L/Ledd         177    -8.32967     1.18917
                       super eddington wind: lg_Mdot, L/Ledd         178    -8.44597     1.14436
                       super eddington wind: lg_Mdot, L/Ledd         179    -8.33808     1.18492
                       super eddington wind: lg_Mdot, L/Ledd         180    -8.27476     1.21364
 grid1/grid1_000180.png/png
 burst_profile/burst_profile000180.png/png
                       super eddington wind: lg_Mdot, L/Ledd         181    -8.39346     1.16235
                       super eddington wind: lg_Mdot, L/Ledd         182    -8.29653     1.20277
                       super eddington wind: lg_Mdot, L/Ledd         183    -8.24884     1.22619
                       super eddington wind: lg_Mdot, L/Ledd         184    -8.36531     1.17262
                       super eddington wind: lg_Mdot, L/Ledd         185    -8.27654     1.21161
 grid1/grid1_000185.png/png
 burst_profile/burst_profile000185.png/png
                       super eddington wind: lg_Mdot, L/Ledd         186    -8.24021     1.22990
                       super eddington wind: lg_Mdot, L/Ledd         187    -8.35562     1.17583
                       super eddington wind: lg_Mdot, L/Ledd         188    -8.28322     1.20744
                       super eddington wind: lg_Mdot, L/Ledd         189    -8.25248     1.22245
                       super eddington wind: lg_Mdot, L/Ledd         190    -8.39378     1.16028
 grid1/grid1_000190.png/png
 burst_profile/burst_profile000190.png/png
                       super eddington wind: lg_Mdot, L/Ledd         191    -8.33930     1.18145
                       super eddington wind: lg_Mdot, L/Ledd         192    -8.32529     1.18738
                       super eddington wind: lg_Mdot, L/Ledd         193    -8.50786     1.12276
       retry log10(dt/yr), log10(dt), retry_factor     1   193       -9.065500       -1.566389        0.500000
                       super eddington wind: lg_Mdot, L/Ledd         193    -8.50786     1.12276
       retry log10(dt/yr), log10(dt), retry_factor     2   193       -9.366530       -1.867419        0.500000
                       super eddington wind: lg_Mdot, L/Ledd         193    -8.50786     1.12276
 have reached retry limit so now backup
                       super eddington wind: lg_Mdot, L/Ledd         192    -8.32529     1.18738
                       super eddington wind: lg_Mdot, L/Ledd         193    -8.68161     1.08239
                       super eddington wind: lg_Mdot, L/Ledd         194    -8.39036     1.16097
                       super eddington wind: lg_Mdot, L/Ledd         195    -8.57083     1.10622
 grid1/grid1_000195.png/png
 burst_profile/burst_profile000195.png/png
                       super eddington wind: lg_Mdot, L/Ledd         196    -8.46155     1.13667
                       super eddington wind: lg_Mdot, L/Ledd         197    -8.38049     1.16482
       retry log10(dt/yr), log10(dt), retry_factor     1   197       -9.576296       -2.077184        0.500000
                       super eddington wind: lg_Mdot, L/Ledd         197    -8.38049     1.16482
                       super eddington wind: lg_Mdot, L/Ledd         198    -8.56702     1.10714
                       super eddington wind: lg_Mdot, L/Ledd         199    -8.46374     1.13586
                       super eddington wind: lg_Mdot, L/Ledd         200    -8.35996     1.17268
        200   8.941018  2.388E+07   3.737772   6.707067   1.400000   1.400000   0.000000   0.000000   0.296117   0.076359   3.162401    650     41
  -9.275266   6.572584  -4.791529   3.026336   4.395733  -8.359958   0.000000   0.000000   0.000000   0.197832   0.044985  24.318223      6      9
 3.1497E-04  23.235207   4.882753   6.706510  15.063337  -0.897925   0.000000   0.000000   0.000000   0.000687  8.787E-01  0.173E-03          hold

 grid1/grid1_000200.png/png
 burst_profile/burst_profile000200.png/png
                       super eddington wind: lg_Mdot, L/Ledd         201    -8.54601     1.11237
                       super eddington wind: lg_Mdot, L/Ledd         202    -8.44721     1.14113
                       super eddington wind: lg_Mdot, L/Ledd         203    -8.61908     1.09489
                       super eddington wind: lg_Mdot, L/Ledd         204    -8.52223     1.11862
                       super eddington wind: lg_Mdot, L/Ledd         205    -8.43603     1.14467
 grid1/grid1_000205.png/png
 burst_profile/burst_profile000205.png/png
                       super eddington wind: lg_Mdot, L/Ledd         206    -8.61515     1.09565
                       super eddington wind: lg_Mdot, L/Ledd         207    -8.51014     1.12179
       retry log10(dt/yr), log10(dt), retry_factor     1   207       -9.191806       -1.692695        0.500000
                       super eddington wind: lg_Mdot, L/Ledd         207    -8.51014     1.12179
                       super eddington wind: lg_Mdot, L/Ledd         208    -8.66658     1.08493
                       super eddington wind: lg_Mdot, L/Ledd         209    -8.56641     1.10689
                       super eddington wind: lg_Mdot, L/Ledd         210    -8.44453     1.14159
 grid1/grid1_000210.png/png
 burst_profile/burst_profile000210.png/png
                       super eddington wind: lg_Mdot, L/Ledd         211    -8.79214     1.06353
                       super eddington wind: lg_Mdot, L/Ledd         212    -8.57217     1.10537
                       super eddington wind: lg_Mdot, L/Ledd         213    -8.83278     1.05779
                       super eddington wind: lg_Mdot, L/Ledd         214    -8.58950     1.10116
                       super eddington wind: lg_Mdot, L/Ledd         215    -8.64892     1.08825
 grid1/grid1_000215.png/png
 burst_profile/burst_profile000215.png/png
                       super eddington wind: lg_Mdot, L/Ledd         216    -8.98778     1.04042
                       super eddington wind: lg_Mdot, L/Ledd         217    -9.68915     1.00803
                       super eddington wind: lg_Mdot, L/Ledd         218    -9.25795     1.02163
                       super eddington wind: lg_Mdot, L/Ledd         219    -9.20418     1.02451
 grid1/grid1_000220.png/png
 burst_profile/burst_profile000220.png/png
       retry log10(dt/yr), log10(dt), retry_factor     1   225       -9.294989       -1.795877        0.500000
 grid1/grid1_000225.png/png
 burst_profile/burst_profile000225.png/png
 grid1/grid1_000230.png/png
 burst_profile/burst_profile000230.png/png
 grid1/grid1_000235.png/png
 burst_profile/burst_profile000235.png/png
 grid1/grid1_000240.png/png
 burst_profile/burst_profile000240.png/png
       retry log10(dt/yr), log10(dt), retry_factor     1   244       -7.598540       -0.099429        0.500000
       retry log10(dt/yr), log10(dt), retry_factor     2   244       -7.899570       -0.400459        0.500000
 have reached retry limit so now backup
 grid1/grid1_000245.png/png
 burst_profile/burst_profile000245.png/png
 grid1/grid1_000250.png/png
 burst_profile/burst_profile000250.png/png
       retry log10(dt/yr), log10(dt), retry_factor     1   251       -7.925426       -0.426315        0.500000
hydro_newton_step failed to accept
       retry log10(dt/yr), log10(dt), retry_factor     1   252       -8.323366       -0.824255        0.500000
hydro_newton_step failed to accept
       retry log10(dt/yr), log10(dt), retry_factor     2   252       -8.624396       -1.125285        0.500000
 have reached retry limit so now backup
       retry log10(dt/yr), log10(dt), retry_factor     1   254       -8.925426       -1.426315        0.500000
       retry log10(dt/yr), log10(dt), retry_factor     2   254       -9.226456       -1.727345        0.500000
 grid1/grid1_000255.png/png
 burst_profile/burst_profile000255.png/png
 grid1/grid1_000260.png/png
 burst_profile/burst_profile000260.png/png
hydro_newton_step failed to accept
       retry log10(dt/yr), log10(dt), retry_factor     1   261       -8.323366       -0.824255        0.500000
       retry log10(dt/yr), log10(dt), retry_factor     2   261       -8.624396       -1.125285        0.500000
 have reached retry limit so now backup
 grid1/grid1_000260.png/png
 burst_profile/burst_profile000260.png/png
 grid1/grid1_000265.png/png
 burst_profile/burst_profile000265.png/png
       retry log10(dt/yr), log10(dt), retry_factor     1   266       -8.323366       -0.824255        0.500000
       retry log10(dt/yr), log10(dt), retry_factor     2   266       -8.624396       -1.125285        0.500000
 grid1/grid1_000270.png/png
 burst_profile/burst_profile000270.png/png
       retry log10(dt/yr), log10(dt), retry_factor     1   275       -7.823189       -0.324077        0.500000
       retry log10(dt/yr), log10(dt), retry_factor     2   275       -8.124219       -0.625107        0.500000
 have reached retry limit so now backup
 grid1/grid1_000275.png/png
 burst_profile/burst_profile000275.png/png
       retry log10(dt/yr), log10(dt), retry_factor     1   278       -8.514609       -1.015498        0.500000
 grid1/grid1_000280.png/png
 burst_profile/burst_profile000280.png/png
 grid1/grid1_000285.png/png
 burst_profile/burst_profile000285.png/png
       retry log10(dt/yr), log10(dt), retry_factor     1   288       -7.952630       -0.453518        0.500000
hydro_newton_step failed to accept
       retry log10(dt/yr), log10(dt), retry_factor     2   288       -8.253660       -0.754548        0.500000
 grid1/grid1_000290.png/png
 burst_profile/burst_profile000290.png/png
 grid1/grid1_000295.png/png
 burst_profile/burst_profile000295.png/png
       retry log10(dt/yr), log10(dt), retry_factor     1   296       -7.776268       -0.277156        0.500000
hydro_newton_step failed to accept
       retry log10(dt/yr), log10(dt), retry_factor     2   296       -8.077298       -0.578186        0.500000
        300   8.861787  1.326E+07   2.392278   4.386546   1.400000   1.400000   0.000000   0.000000   0.275200   0.023575   4.100967    707     61
  -7.475238   6.595786  -4.792478   2.161325   3.157799  -8.522879   0.000000   0.000000   0.000000   0.020000   0.021997  29.709614      6     13
 3.1717E-04  23.235751   3.859214   4.379503  14.545776  -0.814304   0.000000   0.000000   0.000000   0.000687  9.544E-01 -0.242E-10  max increase

 grid1/grid1_000300.png/png
 burst_profile/burst_profile000300.png/png
 grid1/grid1_000305.png/png
 burst_profile/burst_profile000305.png/png
 grid1/grid1_000310.png/png
 burst_profile/burst_profile000310.png/png
       retry log10(dt/yr), log10(dt), retry_factor     1   312       -7.725672       -0.226560        0.500000
hydro_newton_step failed to accept
       retry log10(dt/yr), log10(dt), retry_factor     2   312       -8.026702       -0.527590        0.500000
 grid1/grid1_000315.png/png
 burst_profile/burst_profile000315.png/png
       retry log10(dt/yr), log10(dt), retry_factor     1   318       -7.607946       -0.108834        0.500000
       retry log10(dt/yr), log10(dt), retry_factor     2   318       -7.908976       -0.409864        0.500000
 grid1/grid1_000320.png/png
 burst_profile/burst_profile000320.png/png
       retry log10(dt/yr), log10(dt), retry_factor     1   323       -7.607946       -0.108834        0.500000
 grid1/grid1_000325.png/png
 burst_profile/burst_profile000325.png/png
       retry log10(dt/yr), log10(dt), retry_factor     1   328       -7.543575       -0.044463        0.500000
       retry log10(dt/yr), log10(dt), retry_factor     2   328       -7.844605       -0.345493        0.500000
 have reached retry limit so now backup
 grid1/grid1_000330.png/png
 burst_profile/burst_profile000330.png/png
 grid1/grid1_000335.png/png
 burst_profile/burst_profile000335.png/png
 grid1/grid1_000340.png/png
 burst_profile/burst_profile000340.png/png
 grid1/grid1_000345.png/png
 burst_profile/burst_profile000345.png/png
 grid1/grid1_000350.png/png
 burst_profile/burst_profile000350.png/png
 grid1/grid1_000355.png/png
 burst_profile/burst_profile000355.png/png
 grid1/grid1_000360.png/png
 burst_profile/burst_profile000360.png/png
 grid1/grid1_000365.png/png
 burst_profile/burst_profile000365.png/png
 grid1/grid1_000370.png/png
 burst_profile/burst_profile000370.png/png
       retry log10(dt/yr), log10(dt), retry_factor     1   375       -5.355948        2.143163        0.500000
hydro_newton_step failed to accept
       retry log10(dt/yr), log10(dt), retry_factor     2   375       -5.656978        1.842133        0.500000
 have reached retry limit so now backup
 grid1/grid1_000375.png/png
 burst_profile/burst_profile000375.png/png
       retry log10(dt/yr), log10(dt), retry_factor     1   380       -5.616979        1.882132        0.500000
 grid1/grid1_000380.png/png
 burst_profile/burst_profile000380.png/png
 grid1/grid1_000385.png/png
 burst_profile/burst_profile000385.png/png
       retry log10(dt/yr), log10(dt), retry_factor     1   387       -5.379160        2.119951        0.500000
 grid1/grid1_000390.png/png
 burst_profile/burst_profile000390.png/png
       retry log10(dt/yr), log10(dt), retry_factor     1   391       -5.493279        2.005833        0.500000
 grid1/grid1_000395.png/png
 burst_profile/burst_profile000395.png/png
       retry log10(dt/yr), log10(dt), retry_factor     1   396       -5.392091        2.107020        0.500000
       retry log10(dt/yr), log10(dt), retry_factor     2   396       -5.693121        1.805990        0.500000
 have reached retry limit so now backup
 grid1/grid1_000395.png/png
 burst_profile/burst_profile000395.png/png
       retry log10(dt/yr), log10(dt), retry_factor     1   398       -5.994151        1.504960        0.500000
       retry log10(dt/yr), log10(dt), retry_factor     2   398       -6.295181        1.203930        0.500000
 have reached retry limit so now backup
       retry log10(dt/yr), log10(dt), retry_factor     1   400       -6.596211        0.902900        0.500000
       retry log10(dt/yr), log10(dt), retry_factor     2   400       -6.897241        0.601870        0.500000
 have reached retry limit so now backup
        400   8.346602  3.632E+06   1.518510   1.545288   1.400000   1.400000   0.000000   0.000000   0.275200   0.061579  15.881343    753     79
  -6.596211   6.667708  -4.792872  -0.953553   0.690715  -8.522879   0.000000   0.000000   0.000000   0.020000   0.043687 102.814943      6     18
 5.0285E-04  23.267676   1.608378   0.298297  13.575777  -1.116506   0.000000   0.000000   0.000000   0.000687  8.947E-01  0.193E-10          hold

 grid1/grid1_000400.png/png
 burst_profile/burst_profile000400.png/png
       retry log10(dt/yr), log10(dt), retry_factor     1   403       -7.198271        0.300840        0.500000
       retry log10(dt/yr), log10(dt), retry_factor     2   403       -7.499301       -0.000190        0.500000
 have reached retry limit so now backup
       retry log10(dt/yr), log10(dt), retry_factor     1   403       -7.800331       -0.301220        0.500000
       retry log10(dt/yr), log10(dt), retry_factor     2   403       -8.101361       -0.602250        0.500000
 grid1/grid1_000405.png/png
 burst_profile/burst_profile000405.png/png
 grid1/grid1_000410.png/png
 burst_profile/burst_profile000410.png/png
 grid1/grid1_000415.png/png
 burst_profile/burst_profile000415.png/png
       retry log10(dt/yr), log10(dt), retry_factor     1   416       -5.567890        1.931221        0.500000
hydro_newton_step failed to accept
       retry log10(dt/yr), log10(dt), retry_factor     1   417       -5.965830        1.533281        0.500000
 grid1/grid1_000420.png/png
 burst_profile/burst_profile000420.png/png
       retry log10(dt/yr), log10(dt), retry_factor     1   422       -5.638770        1.860341        0.500000
hydro_newton_step failed to accept
       retry log10(dt/yr), log10(dt), retry_factor     1   423       -6.036710        1.462401        0.500000
hydro_newton_step failed to accept
       retry log10(dt/yr), log10(dt), retry_factor     2   423       -6.337740        1.161371        0.500000
 grid1/grid1_000425.png/png
 burst_profile/burst_profile000425.png/png
       retry log10(dt/yr), log10(dt), retry_factor     1   429       -5.612560        1.886552        0.500000
hydro_newton_step failed to accept
       retry log10(dt/yr), log10(dt), retry_factor     1   430       -6.010500        1.488612        0.500000
hydro_newton_step failed to accept
       retry log10(dt/yr), log10(dt), retry_factor     2   430       -6.311530        1.187582        0.500000
 grid1/grid1_000430.png/png
 burst_profile/burst_profile000430.png/png
       retry log10(dt/yr), log10(dt), retry_factor     1   431       -6.612560        0.886552        0.500000
 grid1/grid1_000435.png/png
 burst_profile/burst_profile000435.png/png
       retry log10(dt/yr), log10(dt), retry_factor     1   438       -5.709470        1.789642        0.500000
       retry log10(dt/yr), log10(dt), retry_factor     1   439       -6.010500        1.488612        0.500000
 grid1/grid1_000440.png/png
 burst_profile/burst_profile000440.png/png
       retry log10(dt/yr), log10(dt), retry_factor     1   441       -6.408440        1.090672        0.500000
       retry log10(dt/yr), log10(dt), retry_factor     2   441       -6.709470        0.789642        0.500000
        441   8.419042  4.394E+06   1.914000   2.011526   1.400000   1.400000   0.000000   0.000000   0.275200   0.075750  13.523605    758     96
  -6.408440   6.674481  -4.792813   1.105308   1.084762  -8.522879   0.000000   0.000000   0.000000   0.020000   0.053710  87.473077      6     19
 5.8398E-04  23.280885   1.939462   0.898191  13.792484  -0.984448   0.000000   0.000000   0.000000   0.000687  8.705E-01  0.964E-11         retry

save LOGS/profile3.data for model 441
       retry log10(dt/yr), log10(dt), retry_factor     1   442       -7.010500        0.488612        0.500000
 grid1/grid1_000445.png/png
 burst_profile/burst_profile000445.png/png
       retry log10(dt/yr), log10(dt), retry_factor     1   448       -6.408440        1.090672        0.500000
       retry log10(dt/yr), log10(dt), retry_factor     1   449       -6.709470        0.789642        0.500000
 grid1/grid1_000450.png/png
 burst_profile/burst_profile000450.png/png
       retry log10(dt/yr), log10(dt), retry_factor     1   451       -7.010500        0.488612        0.500000
       retry log10(dt/yr), log10(dt), retry_factor     1   453       -7.311530        0.187582        0.500000
 grid1/grid1_000455.png/png
 burst_profile/burst_profile000455.png/png
       retry log10(dt/yr), log10(dt), retry_factor     1   456       -7.612560       -0.113448        0.500000
       retry log10(dt/yr), log10(dt), retry_factor     1   457       -7.913590       -0.414478        0.500000
hydro_newton_step failed to accept
       retry log10(dt/yr), log10(dt), retry_factor     2   457       -8.214620       -0.715508        0.500000
 have reached retry limit so now backup
 grid1/grid1_000460.png/png
 burst_profile/burst_profile000460.png/png
       retry log10(dt/yr), log10(dt), retry_factor     1   461       -8.214620       -0.715508        0.500000
 grid1/grid1_000465.png/png
 burst_profile/burst_profile000465.png/png
       retry log10(dt/yr), log10(dt), retry_factor     1   467       -8.413689       -0.914577        0.500000
 grid1/grid1_000470.png/png
 burst_profile/burst_profile000470.png/png
 grid1/grid1_000475.png/png
 burst_profile/burst_profile000475.png/png
 grid1/grid1_000480.png/png
 burst_profile/burst_profile000480.png/png
 grid1/grid1_000485.png/png
 burst_profile/burst_profile000485.png/png
 grid1/grid1_000490.png/png
 burst_profile/burst_profile000490.png/png
 grid1/grid1_000495.png/png
 burst_profile/burst_profile000495.png/png
       retry log10(dt/yr), log10(dt), retry_factor     1   500       -9.347528       -1.848417        0.500000
        500   8.463488  1.366E+07   3.548696   6.321676   1.400000   1.400000   0.000000   0.000000   0.275200   0.072783  12.164806    770    107
  -9.046498   6.673234  -4.792164   3.287894   4.174067  -8.522879   0.000000   0.000000   0.000000   0.020000   0.047337  78.888259      6     20
 5.8841E-04  23.281514   3.910818   6.320540  14.559607  -0.824438   0.000000   0.000000   0.000000   0.000687  8.799E-01 -0.944E-08         retry

save LOGS/profile4.data for model 500
save photos/x500 for model 500
 grid1/grid1_000500.png/png
 burst_profile/burst_profile000500.png/png
 grid1/grid1_000505.png/png
 burst_profile/burst_profile000505.png/png
 grid1/grid1_000510.png/png
 burst_profile/burst_profile000510.png/png
 grid1/grid1_000515.png/png
 burst_profile/burst_profile000515.png/png
 grid1/grid1_000520.png/png
 burst_profile/burst_profile000520.png/png
 grid1/grid1_000525.png/png
 burst_profile/burst_profile000525.png/png
 grid1/grid1_000530.png/png
 burst_profile/burst_profile000530.png/png
 grid1/grid1_000535.png/png
 burst_profile/burst_profile000535.png/png
 grid1/grid1_000540.png/png
 burst_profile/burst_profile000540.png/png
 grid1/grid1_000545.png/png
 burst_profile/burst_profile000545.png/png
 grid1/grid1_000550.png/png
 burst_profile/burst_profile000550.png/png
 grid1/grid1_000555.png/png
 burst_profile/burst_profile000555.png/png
       retry log10(dt/yr), log10(dt), retry_factor     1   557       -7.639098       -0.139986        0.500000
       retry log10(dt/yr), log10(dt), retry_factor     1   558       -8.037038       -0.537926        0.500000
hydro_newton_step failed to accept
       retry log10(dt/yr), log10(dt), retry_factor     2   558       -8.338068       -0.838956        0.500000
 have reached retry limit so now backup
       retry log10(dt/yr), log10(dt), retry_factor     1   559       -8.639098       -1.139986        0.500000
 grid1/grid1_000560.png/png
 burst_profile/burst_profile000560.png/png
       retry log10(dt/yr), log10(dt), retry_factor     1   564       -8.338068       -0.838956        0.500000
hydro_newton_step failed to accept
       retry log10(dt/yr), log10(dt), retry_factor     2   564       -8.639098       -1.139986        0.500000
       retry log10(dt/yr), log10(dt), retry_factor     1   565       -8.940128       -1.441016        0.500000
       retry log10(dt/yr), log10(dt), retry_factor     2   565       -9.241158       -1.742046        0.500000
 grid1/grid1_000565.png/png
 burst_profile/burst_profile000565.png/png
 grid1/grid1_000570.png/png
 burst_profile/burst_profile000570.png/png
       retry log10(dt/yr), log10(dt), retry_factor     1   571       -8.639098       -1.139986        0.500000
 grid1/grid1_000575.png/png
 burst_profile/burst_profile000575.png/png
       retry log10(dt/yr), log10(dt), retry_factor     1   576       -8.338068       -0.838956        0.500000
       retry log10(dt/yr), log10(dt), retry_factor     2   576       -8.639098       -1.139986        0.500000
 grid1/grid1_000580.png/png
 burst_profile/burst_profile000580.png/png
 grid1/grid1_000585.png/png
 burst_profile/burst_profile000585.png/png
 grid1/grid1_000590.png/png
 burst_profile/burst_profile000590.png/png
 grid1/grid1_000595.png/png
 burst_profile/burst_profile000595.png/png
        600   8.862383  1.288E+07   2.366249   4.206291   1.400000   1.400000   0.000000   0.000000   0.275200   0.020390   4.300830    802    118
  -7.198497   6.629789  -4.792486   2.140711   3.080760  -8.522879   0.000000   0.000000   0.000000   0.020000   0.020845  30.453361     19     21
 5.9070E-04  23.281917   3.807785   4.196162  14.532233  -0.804738   0.000000   0.000000   0.000000   0.000687  9.588E-01  0.104E-09          dH/H

 grid1/grid1_000600.png/png
 burst_profile/burst_profile000600.png/png
 grid1/grid1_000605.png/png
 burst_profile/burst_profile000605.png/png
       retry log10(dt/yr), log10(dt), retry_factor     1   608       -7.841978       -0.342866        0.500000
hydro_newton_step failed to accept
       retry log10(dt/yr), log10(dt), retry_factor     2   608       -8.143008       -0.643896        0.500000
 grid1/grid1_000610.png/png
 burst_profile/burst_profile000610.png/png
       retry log10(dt/yr), log10(dt), retry_factor     1   614       -7.540948       -0.041836        0.500000
       retry log10(dt/yr), log10(dt), retry_factor     2   614       -7.841978       -0.342866        0.500000
 grid1/grid1_000615.png/png
 burst_profile/burst_profile000615.png/png
 grid1/grid1_000620.png/png
 burst_profile/burst_profile000620.png/png
       retry log10(dt/yr), log10(dt), retry_factor     1   622       -7.663628       -0.164517        0.500000
       retry log10(dt/yr), log10(dt), retry_factor     2   622       -7.964658       -0.465547        0.500000
 have reached retry limit so now backup
 grid1/grid1_000625.png/png
 burst_profile/burst_profile000625.png/png
 grid1/grid1_000630.png/png
 burst_profile/burst_profile000630.png/png
 grid1/grid1_000635.png/png
 burst_profile/burst_profile000635.png/png
 grid1/grid1_000640.png/png
 burst_profile/burst_profile000640.png/png
 grid1/grid1_000645.png/png
 burst_profile/burst_profile000645.png/png
 grid1/grid1_000650.png/png
 burst_profile/burst_profile000650.png/png
 grid1/grid1_000655.png/png
 burst_profile/burst_profile000655.png/png
 grid1/grid1_000660.png/png
 burst_profile/burst_profile000660.png/png
 grid1/grid1_000665.png/png
 burst_profile/burst_profile000665.png/png
 grid1/grid1_000670.png/png
 burst_profile/burst_profile000670.png/png
hydro_newton_step failed to accept
       retry log10(dt/yr), log10(dt), retry_factor     1   671       -5.888731        1.610381        0.500000
       retry log10(dt/yr), log10(dt), retry_factor     2   671       -6.189761        1.309351        0.500000
 have reached retry limit so now backup
 grid1/grid1_000670.png/png
 burst_profile/burst_profile000670.png/png
 grid1/grid1_000675.png/png
 burst_profile/burst_profile000675.png/png
       retry log10(dt/yr), log10(dt), retry_factor     1   678       -5.575687        1.923425        0.500000
       retry log10(dt/yr), log10(dt), retry_factor     1   679       -5.973627        1.525485        0.500000
       retry log10(dt/yr), log10(dt), retry_factor     1   680       -6.274657        1.224455        0.500000
 grid1/grid1_000680.png/png
 burst_profile/burst_profile000680.png/png
 grid1/grid1_000685.png/png
 burst_profile/burst_profile000685.png/png
       retry log10(dt/yr), log10(dt), retry_factor     1   687       -5.629915        1.869196        0.500000
       retry log10(dt/yr), log10(dt), retry_factor     2   687       -5.930945        1.568166        0.500000
       retry log10(dt/yr), log10(dt), retry_factor     1   688       -6.231975        1.267136        0.500000
 grid1/grid1_000690.png/png
 burst_profile/burst_profile000690.png/png
       retry log10(dt/yr), log10(dt), retry_factor     1   695       -5.475315        2.023797        0.500000
 grid1/grid1_000695.png/png
 burst_profile/burst_profile000695.png/png
       retry log10(dt/yr), log10(dt), retry_factor     1   700       -5.271195        2.227917        0.500000
       retry log10(dt/yr), log10(dt), retry_factor     2   700       -5.572225        1.926887        0.500000
        700   8.341491  3.532E+06   1.460943   1.489833   1.400000   1.400000   0.000000   0.000000   0.275200   0.049204  16.588897    852    135
  -5.271195   6.692900  -4.792874  -1.410041   0.643703  -8.522879   0.000000   0.000000   0.000000   0.020000   0.036470 106.063214      8     23
 7.3937E-04  23.305173   1.559758   0.289853  13.544234  -1.135563   0.000000   0.000000   0.000000   0.000687  9.143E-01  0.406E-12         retry

 grid1/grid1_000700.png/png
 burst_profile/burst_profile000700.png/png
       retry log10(dt/yr), log10(dt), retry_factor     1   705       -5.345291        2.153821        0.500000
hydro_newton_step failed to accept
       retry log10(dt/yr), log10(dt), retry_factor     2   705       -5.646321        1.852791        0.500000
 have reached retry limit so now backup
 grid1/grid1_000705.png/png
 burst_profile/burst_profile000705.png/png
       retry log10(dt/yr), log10(dt), retry_factor     1   709       -5.695904        1.803207        0.500000
 grid1/grid1_000710.png/png
 burst_profile/burst_profile000710.png/png
       retry log10(dt/yr), log10(dt), retry_factor     1   715       -5.180853        2.318259        0.500000
       retry log10(dt/yr), log10(dt), retry_factor     2   715       -5.481883        2.017229        0.500000
 have reached retry limit so now backup
 grid1/grid1_000715.png/png
 burst_profile/burst_profile000715.png/png
hydro_newton_step failed to accept
       retry log10(dt/yr), log10(dt), retry_factor     1   716       -5.976733        1.522379        0.500000
       retry log10(dt/yr), log10(dt), retry_factor     1   717       -6.277763        1.221349        0.500000
       retry log10(dt/yr), log10(dt), retry_factor     1   718       -6.578793        0.920319        0.500000
 grid1/grid1_000720.png/png
 burst_profile/burst_profile000720.png/png
 grid1/grid1_000725.png/png
 burst_profile/burst_profile000725.png/png
       retry log10(dt/yr), log10(dt), retry_factor     1   726       -5.608640        1.890472        0.500000
       retry log10(dt/yr), log10(dt), retry_factor     1   727       -5.909670        1.589442        0.500000
hydro_newton_step failed to accept
       retry log10(dt/yr), log10(dt), retry_factor     2   727       -6.210700        1.288412        0.500000
 have reached retry limit so now backup
       retry log10(dt/yr), log10(dt), retry_factor     1   730       -6.511730        0.987382        0.500000
 grid1/grid1_000730.png/png
 burst_profile/burst_profile000730.png/png
 grid1/grid1_000735.png/png
 burst_profile/burst_profile000735.png/png
       retry log10(dt/yr), log10(dt), retry_factor     1   737       -5.867939        1.631173        0.500000
hydro_newton_step failed to accept
       retry log10(dt/yr), log10(dt), retry_factor     2   737       -6.168969        1.330143        0.500000
 grid1/grid1_000740.png/png
 burst_profile/burst_profile000740.png/png
       retry log10(dt/yr), log10(dt), retry_factor     1   742       -6.101808        1.397303        0.500000
       retry log10(dt/yr), log10(dt), retry_factor     1   743       -6.499748        0.999363        0.500000
hydro_newton_step failed to accept
       retry log10(dt/yr), log10(dt), retry_factor     1   744       -6.897688        0.601423        0.500000
 grid1/grid1_000745.png/png
 burst_profile/burst_profile000745.png/png
       retry log10(dt/yr), log10(dt), retry_factor     1   748       -6.596658        0.902453        0.500000
       retry log10(dt/yr), log10(dt), retry_factor     1   749       -6.897688        0.601423        0.500000
 grid1/grid1_000750.png/png
 burst_profile/burst_profile000750.png/png
       retry log10(dt/yr), log10(dt), retry_factor     1   751       -7.198718        0.300393        0.500000
       retry log10(dt/yr), log10(dt), retry_factor     1   752       -7.499748       -0.000637        0.500000
       retry log10(dt/yr), log10(dt), retry_factor     1   754       -7.800778       -0.301667        0.500000
 grid1/grid1_000755.png/png
 burst_profile/burst_profile000755.png/png
       retry log10(dt/yr), log10(dt), retry_factor     1   756       -8.101808       -0.602697        0.500000
       retry log10(dt/yr), log10(dt), retry_factor     2   756       -8.402838       -0.903727        0.500000
 have reached retry limit so now backup
 grid1/grid1_000755.png/png
 burst_profile/burst_profile000755.png/png
 grid1/grid1_000760.png/png
 burst_profile/burst_profile000760.png/png
       retry log10(dt/yr), log10(dt), retry_factor     1   764       -8.447656       -0.948544        0.500000
hydro_newton_step failed to accept
       retry log10(dt/yr), log10(dt), retry_factor     2   764       -8.748686       -1.249574        0.500000
 grid1/grid1_000765.png/png
 burst_profile/burst_profile000765.png/png
 grid1/grid1_000770.png/png
 burst_profile/burst_profile000770.png/png
 grid1/grid1_000775.png/png
 burst_profile/burst_profile000775.png/png
 grid1/grid1_000780.png/png
 burst_profile/burst_profile000780.png/png
 grid1/grid1_000785.png/png
 burst_profile/burst_profile000785.png/png
 grid1/grid1_000790.png/png
 burst_profile/burst_profile000790.png/png
hydro_newton_step failed to accept
       retry log10(dt/yr), log10(dt), retry_factor     1   793       -9.278734       -1.779623        0.500000
       retry log10(dt/yr), log10(dt), retry_factor     1   794       -9.373850       -1.874738        0.500000
       retry log10(dt/yr), log10(dt), retry_factor     2   794       -9.674880       -2.175768        0.500000
 grid1/grid1_000795.png/png
 burst_profile/burst_profile000795.png/png
        800   8.456644  1.391E+07   3.560803   6.386678   1.400000   1.400000   0.000000   0.000000   0.275200   0.065678  12.811285    866    164
  -8.641223   6.701464  -4.792134   3.296304   4.181389  -8.522879   0.000000   0.000000   0.000000   0.020000   0.044142  81.896602      7     27
 8.5979E-04  23.322966   3.942935   6.385676  14.569051  -0.830481   0.000000   0.000000   0.000000   0.000687  8.902E-01 -0.220E-08        lgTeff

 grid1/grid1_000800.png/png
 burst_profile/burst_profile000800.png/png
 grid1/grid1_000805.png/png
 burst_profile/burst_profile000805.png/png
 grid1/grid1_000810.png/png
 burst_profile/burst_profile000810.png/png
 grid1/grid1_000815.png/png
 burst_profile/burst_profile000815.png/png
 grid1/grid1_000820.png/png
 burst_profile/burst_profile000820.png/png
 grid1/grid1_000825.png/png
 burst_profile/burst_profile000825.png/png
 grid1/grid1_000830.png/png
 burst_profile/burst_profile000830.png/png
 grid1/grid1_000835.png/png
 burst_profile/burst_profile000835.png/png
 grid1/grid1_000840.png/png
 burst_profile/burst_profile000840.png/png
 grid1/grid1_000845.png/png
 burst_profile/burst_profile000845.png/png
 grid1/grid1_000850.png/png
 burst_profile/burst_profile000850.png/png
       retry log10(dt/yr), log10(dt), retry_factor     1   854       -7.727176       -0.228064        0.500000
       retry log10(dt/yr), log10(dt), retry_factor     2   854       -8.028206       -0.529094        0.500000
 grid1/grid1_000855.png/png
 burst_profile/burst_profile000855.png/png
       retry log10(dt/yr), log10(dt), retry_factor     1   856       -8.502667       -1.003555        0.500000
hydro_newton_step failed to accept
       retry log10(dt/yr), log10(dt), retry_factor     2   856       -8.803697       -1.304585        0.500000
 have reached retry limit so now backup
 grid1/grid1_000855.png/png
 burst_profile/burst_profile000855.png/png
       retry log10(dt/yr), log10(dt), retry_factor     1   858       -9.104727       -1.605615        0.500000
 grid1/grid1_000860.png/png
 burst_profile/burst_profile000860.png/png
       retry log10(dt/yr), log10(dt), retry_factor     1   863       -8.803697       -1.304585        0.500000
       retry log10(dt/yr), log10(dt), retry_factor     2   863       -9.104727       -1.605615        0.500000
 grid1/grid1_000865.png/png
 burst_profile/burst_profile000865.png/png
       retry log10(dt/yr), log10(dt), retry_factor     1   868       -8.803697       -1.304585        0.500000
       retry log10(dt/yr), log10(dt), retry_factor     2   868       -9.104727       -1.605615        0.500000
 grid1/grid1_000870.png/png
 burst_profile/burst_profile000870.png/png
       retry log10(dt/yr), log10(dt), retry_factor     1   874       -8.502667       -1.003555        0.500000
       retry log10(dt/yr), log10(dt), retry_factor     2   874       -8.803697       -1.304585        0.500000
 have reached retry limit so now backup
       retry log10(dt/yr), log10(dt), retry_factor     1   875       -9.104727       -1.605615        0.500000
 grid1/grid1_000875.png/png
 burst_profile/burst_profile000875.png/png
 grid1/grid1_000880.png/png
 burst_profile/burst_profile000880.png/png
hydro_newton_step failed to accept
       retry log10(dt/yr), log10(dt), retry_factor     1   882       -8.201637       -0.702525        0.500000
       retry log10(dt/yr), log10(dt), retry_factor     2   882       -8.502667       -1.003555        0.500000
 grid1/grid1_000885.png/png
 burst_profile/burst_profile000885.png/png
 grid1/grid1_000890.png/png
 burst_profile/burst_profile000890.png/png
 grid1/grid1_000895.png/png
 burst_profile/burst_profile000895.png/png
        900   8.896041  1.392E+07   2.533812   4.567510   1.400000   1.400000   0.000000   0.000000   0.275200   0.019419   4.056523    896    178
  -7.243184   6.652453  -4.792406   2.251854   3.223357  -8.522879   0.000000   0.000000   0.000000   0.020000   0.020081  28.676916      6     29
 8.6175E-04  23.323269   3.942926   4.561348  14.569597  -0.830064   0.000000   0.000000   0.000000   0.000687  9.605E-01  0.183E-08          dH/H

 grid1/grid1_000900.png/png
 burst_profile/burst_profile000900.png/png
 grid1/grid1_000905.png/png
 burst_profile/burst_profile000905.png/png
 grid1/grid1_000910.png/png
 burst_profile/burst_profile000910.png/png
       retry log10(dt/yr), log10(dt), retry_factor     1   915       -7.848588       -0.349477        0.500000
 grid1/grid1_000915.png/png
 burst_profile/burst_profile000915.png/png
hydro_newton_step failed to accept
       retry log10(dt/yr), log10(dt), retry_factor     1   917       -8.149618       -0.650507        0.500000
 grid1/grid1_000920.png/png
 burst_profile/burst_profile000920.png/png
       retry log10(dt/yr), log10(dt), retry_factor     1   924       -7.722003       -0.222891        0.500000
       retry log10(dt/yr), log10(dt), retry_factor     2   924       -8.023033       -0.523921        0.500000
 grid1/grid1_000925.png/png
 burst_profile/burst_profile000925.png/png
 grid1/grid1_000930.png/png
 burst_profile/burst_profile000930.png/png
 grid1/grid1_000935.png/png
 burst_profile/burst_profile000935.png/png
 grid1/grid1_000940.png/png
 burst_profile/burst_profile000940.png/png
 grid1/grid1_000945.png/png
 burst_profile/burst_profile000945.png/png

stop because model_number >= max_model_number
      946      946

        946   8.620964  5.941E+06   1.204984   2.065638   1.400000   1.400000   0.000000   0.000000   0.275200   0.016542   8.586250    909    182
  -6.576086   6.693154  -4.792830   0.481180   1.657498  -8.522879   0.000000   0.000000   0.000000   0.020000   0.018090  55.741207      6     29
 8.6617E-04  23.323976   2.463312   1.987915  14.106524  -0.805918   0.000000   0.000000   0.000000   0.000687  9.654E-01  0.647E-11      lgT_cntr

save LOGS/profile5.data for model 946
save photos/x946 for model 946
save abund_profile_r_cu58_ag_ga62_01.data for model 946
 saved to final.mod
termination code: max_model_number
        946   8.620964  5.941E+06   1.204984   2.065638   1.400000   1.400000   0.000000   0.000000   0.275200   0.016542   8.586250    909    182
  -6.576086   6.693154  -4.792830   0.481180   1.657498  -8.522879   0.000000   0.000000   0.000000   0.020000   0.018090  55.741207      6     29
 8.6617E-04  23.323976   2.463312   1.987915  14.106524  -0.805918   0.000000   0.000000   0.000000   0.000687  9.654E-01  0.647E-11    varcontrol

DATE: 2021-01-12
TIME: 18:36:06
