ls: cannot access './855/photos': No such file or directory
starting from scratch 
                                         version_number       10108
 read /hpc/group/physics/al363/low_overhead/sens/base/inlist_base
 read inlist_cluster
load saved model /hpc/group/physics/al363/sens/base/ns_relax.mod

 change to /hpc/group/physics/al363/sens/base/rp_305.net
              set special rate factor for r_y78_pn_zr78         855    1.0000000000000000D+02
              set special rate factor for r_zr78_np_y78         856    1.0000000000000000D+02
              set special rate factor for r_y78_pn_zr78         855    1.0000000000000000D+02
              set special rate factor for r_zr78_np_y78         856    1.0000000000000000D+02
 number of species         305
 read /hpc/group/physics/al363/low_overhead/sens/base/history_custom_low_overhead
 read /hpc/group/physics/al363/low_overhead/sens/base/profile_custom_low_overhead
 net name /hpc/group/physics/al363/sens/base/rp_305.net
 v_flag T
                                           xmstar/mstar    4.5461189430843640D-12
                                             xmstar (g)    1.2660395722219186D+22
                                           M_center (g)    2.7848799999878681D+33
                                            xmstar/Msun    6.3645665203193175D-12
                                          M_center/Msun    1.3999999999939012D+00
                                          R_center (cm)    1.1200000000000000D+06
                                          R_center/Rsun    1.6092416448748527D-05
                                           core density    4.7322078204273819D+14
                                          L_center/Lsun    4.1647144567650578D+00
 kappa_file_prefix gs98
 kappa_lowT_prefix lowT_fa05_gs98

   eos_file_prefix mesa
                                        OMP_NUM_THREADS           8


__________________________________________________________________________________________________________________________________________________

       step    lg_Tcntr    Teff       lg_LH     lg_Lnuc     Mass       H_rich     H_cntr     N_cntr     Y_surf     X_avg     eta_cntr  zones retry
   lg_dt_yr    lg_Dcntr    lg_R       lg_L3a    lg_Lneu     lg_Mdot    He_core    He_cntr    O_cntr     Z_surf     Y_avg     gam_cntr  iters bckup
     age_yr    lg_Pcntr    lg_L       lg_LZ     lg_Psurf    lg_Dsurf   C_core     C_cntr     Ne_cntr    Si_cntr    Z_avg     v_div_cs     dt_limit
__________________________________________________________________________________________________________________________________________________

save LOGS/profile1.data for model 2
         12   8.207068  1.596E+06   0.422373   0.422680   1.400000   1.400000   0.000000   0.000000   0.275200   0.032716  18.782540    782      0
  -5.834864   6.544453  -4.792968 -17.300136  -0.755568  -8.522879   0.000000   0.000000   0.000000   0.020000   0.012436 128.974929      6      0
 9.8181E-06  23.077272   0.179446  -2.727454  12.804639  -1.522785   0.000000   0.000000   0.000000   0.000687  9.548E-01 -0.112E-12      lgT_cntr

save LOGS/profile2.data for model 12
       retry log10(dt/yr), log10(dt), retry_factor     1    34       -5.396345        2.102767        0.500000
       retry log10(dt/yr), log10(dt), retry_factor     1    38       -5.396345        2.102767        0.500000
       retry log10(dt/yr), log10(dt), retry_factor     1    42       -5.396345        2.102767        0.500000
       retry log10(dt/yr), log10(dt), retry_factor     1    46       -5.396345        2.102767        0.500000
       retry log10(dt/yr), log10(dt), retry_factor     1    51       -5.095315        2.403797        0.500000
       retry log10(dt/yr), log10(dt), retry_factor     1    52       -5.095315        2.403797        0.500000
       retry log10(dt/yr), log10(dt), retry_factor     1    53       -5.095315        2.403797        0.500000
       retry log10(dt/yr), log10(dt), retry_factor     1    54       -5.095315        2.403797        0.500000
       retry log10(dt/yr), log10(dt), retry_factor     1    55       -5.095315        2.403797        0.500000
       retry log10(dt/yr), log10(dt), retry_factor     1    56       -5.095315        2.403797        0.500000
       retry log10(dt/yr), log10(dt), retry_factor     2    56       -5.396345        2.102767        0.500000
       retry log10(dt/yr), log10(dt), retry_factor     1    60       -5.396345        2.102767        0.500000
       retry log10(dt/yr), log10(dt), retry_factor     1    61       -5.697375        1.801737        0.500000
       retry log10(dt/yr), log10(dt), retry_factor     1    62       -5.998405        1.500707        0.500000
       retry log10(dt/yr), log10(dt), retry_factor     1    64       -6.299435        1.199677        0.500000
hydro_newton_step failed to accept
       retry log10(dt/yr), log10(dt), retry_factor     1    65       -6.600465        0.898647        0.500000
       retry log10(dt/yr), log10(dt), retry_factor     1    67       -6.901495        0.597617        0.500000
       retry log10(dt/yr), log10(dt), retry_factor     1    69       -7.202525        0.296587        0.500000
       retry log10(dt/yr), log10(dt), retry_factor     1    70       -7.503555       -0.004443        0.500000
       retry log10(dt/yr), log10(dt), retry_factor     1    72       -7.804585       -0.305473        0.500000
       retry log10(dt/yr), log10(dt), retry_factor     1    74       -8.105615       -0.606503        0.500000
       retry log10(dt/yr), log10(dt), retry_factor     1    75       -8.439704       -0.940592        0.500000
       retry log10(dt/yr), log10(dt), retry_factor     1   142       -8.644660       -1.145548        0.500000
       retry log10(dt/yr), log10(dt), retry_factor     1   143       -9.042600       -1.543488        0.500000
       retry log10(dt/yr), log10(dt), retry_factor     1   152       -9.050768       -1.551656        0.500000
       retry log10(dt/yr), log10(dt), retry_factor     1   159       -8.810462       -1.311350        0.500000
       retry log10(dt/yr), log10(dt), retry_factor     1   171       -8.819185       -1.320074        0.500000
       retry log10(dt/yr), log10(dt), retry_factor     1   187       -7.427238        0.071874        0.500000
       retry log10(dt/yr), log10(dt), retry_factor     1   193       -7.772642       -0.273530        0.500000
       retry log10(dt/yr), log10(dt), retry_factor     1   200       -7.732490       -0.233378        0.500000
       retry log10(dt/yr), log10(dt), retry_factor     2   200       -8.033520       -0.534408        0.500000
 have reached retry limit so now backup
hydro_newton_step failed to accept
       retry log10(dt/yr), log10(dt), retry_factor     1   221       -7.758805       -0.259694        0.500000
       retry log10(dt/yr), log10(dt), retry_factor     2   221       -8.059835       -0.560724        0.500000
       retry log10(dt/yr), log10(dt), retry_factor     1   230       -7.824240       -0.325128        0.500000
hydro_newton_step failed to accept
       retry log10(dt/yr), log10(dt), retry_factor     2   230       -8.125270       -0.626158        0.500000
       retry log10(dt/yr), log10(dt), retry_factor     1   236       -7.523210       -0.024098        0.500000
       retry log10(dt/yr), log10(dt), retry_factor     2   236       -7.824240       -0.325128        0.500000
 have reached retry limit so now backup
       retry log10(dt/yr), log10(dt), retry_factor     1   241       -7.523210       -0.024098        0.500000
       retry log10(dt/yr), log10(dt), retry_factor     1   247       -7.559923       -0.060811        0.500000
       retry log10(dt/yr), log10(dt), retry_factor     2   247       -7.860953       -0.361841        0.500000
       retry log10(dt/yr), log10(dt), retry_factor     1   291       -5.645081        1.854030        0.500000
       retry log10(dt/yr), log10(dt), retry_factor     1   296       -5.559232        1.939880        0.500000
       retry log10(dt/yr), log10(dt), retry_factor     1   301       -5.566531        1.932580        0.500000
       retry log10(dt/yr), log10(dt), retry_factor     1   306       -5.333207        2.165904        0.500000
       retry log10(dt/yr), log10(dt), retry_factor     1   308       -5.731147        1.767964        0.500000
       retry log10(dt/yr), log10(dt), retry_factor     1   313       -5.430117        2.068994        0.500000
       retry log10(dt/yr), log10(dt), retry_factor     1   314       -5.731147        1.767964        0.500000
       retry log10(dt/yr), log10(dt), retry_factor     1   315       -6.032177        1.466934        0.500000
       retry log10(dt/yr), log10(dt), retry_factor     1   321       -5.633914        1.865198        0.500000
       retry log10(dt/yr), log10(dt), retry_factor     2   321       -5.934944        1.564168        0.500000
 have reached retry limit so now backup
       retry log10(dt/yr), log10(dt), retry_factor     1   327       -5.529271        1.969841        0.500000
hydro_newton_step failed to accept
       retry log10(dt/yr), log10(dt), retry_factor     1   328       -5.927211        1.571901        0.500000
hydro_newton_step failed to accept
       retry log10(dt/yr), log10(dt), retry_factor     2   328       -6.228241        1.270871        0.500000
       retry log10(dt/yr), log10(dt), retry_factor     1   334       -5.698594        1.800518        0.500000
       retry log10(dt/yr), log10(dt), retry_factor     2   334       -5.999624        1.499488        0.500000
 have reached retry limit so now backup
       retry log10(dt/yr), log10(dt), retry_factor     1   338       -6.049193        1.449919        0.500000
       retry log10(dt/yr), log10(dt), retry_factor     1   343       -5.816205        1.682906        0.500000
hydro_newton_step failed to accept
       retry log10(dt/yr), log10(dt), retry_factor     1   344       -6.117235        1.381876        0.500000
       retry log10(dt/yr), log10(dt), retry_factor     1   345       -6.515175        0.983936        0.500000
       retry log10(dt/yr), log10(dt), retry_factor     1   346       -6.816205        0.682906        0.500000
       retry log10(dt/yr), log10(dt), retry_factor     2   346       -7.117235        0.381876        0.500000
       retry log10(dt/yr), log10(dt), retry_factor     1   353       -6.214145        1.284966        0.500000
        353   8.434273  4.504E+06   1.941427   2.061821   1.400000   1.400000   0.000000   0.000000   0.275200   0.078026  11.968144    776     62
  -5.913115   6.606641  -4.792685   1.192659   1.145453  -8.522879   0.000000   0.000000   0.000000   0.020000   0.056029  80.173299      6      4
 5.8312E-04  23.180669   1.982549   1.091016  13.819991  -0.967932   0.000000   0.000000   0.000000   0.000687  8.659E-01  0.127E-13         retry

save LOGS/profile3.data for model 353
       retry log10(dt/yr), log10(dt), retry_factor     1   355       -6.522348        0.976764        0.500000
hydro_newton_step failed to accept
       retry log10(dt/yr), log10(dt), retry_factor     2   355       -6.823378        0.675734        0.500000
       retry log10(dt/yr), log10(dt), retry_factor     1   356       -7.124408        0.374704        0.500000
       retry log10(dt/yr), log10(dt), retry_factor     1   360       -7.124408        0.374704        0.500000
       retry log10(dt/yr), log10(dt), retry_factor     1   363       -7.425438        0.073674        0.500000
       retry log10(dt/yr), log10(dt), retry_factor     1   364       -7.726468       -0.227356        0.500000
       retry log10(dt/yr), log10(dt), retry_factor     1   366       -8.027498       -0.528386        0.500000
       retry log10(dt/yr), log10(dt), retry_factor     1   371       -8.559290       -1.060179        0.500000
       retry log10(dt/yr), log10(dt), retry_factor     1   404       -9.316640       -1.817528        0.500000
       retry log10(dt/yr), log10(dt), retry_factor     1   456       -8.227168       -0.728056        0.500000
       retry log10(dt/yr), log10(dt), retry_factor     2   456       -8.528198       -1.029086        0.500000
       retry log10(dt/yr), log10(dt), retry_factor     1   471       -7.696320       -0.197208        0.500000
       retry log10(dt/yr), log10(dt), retry_factor     2   471       -7.997350       -0.498238        0.500000
       retry log10(dt/yr), log10(dt), retry_factor     1   472       -8.395290       -0.896178        0.500000
       retry log10(dt/yr), log10(dt), retry_factor     2   472       -8.696320       -1.197208        0.500000
 have reached retry limit so now backup
hydro_newton_step failed to accept
       retry log10(dt/yr), log10(dt), retry_factor     1   477       -8.395290       -0.896178        0.500000
       retry log10(dt/yr), log10(dt), retry_factor     1   479       -8.094260       -0.595148        0.500000
 bad other yaxis for History panels plot num_zones

 ERROR: failed to find log_Teff in history data

 grid1/grid1_000500.png/png
hydro_newton_step failed to accept
       retry log10(dt/yr), log10(dt), retry_factor     1   501       -7.972508       -0.473396        0.500000
       retry log10(dt/yr), log10(dt), retry_factor     1   508       -7.720312       -0.221201        0.500000
hydro_newton_step failed to accept
       retry log10(dt/yr), log10(dt), retry_factor     2   508       -8.021342       -0.522231        0.500000
 have reached retry limit so now backup
       retry log10(dt/yr), log10(dt), retry_factor     1   516       -7.686305       -0.187193        0.500000
       retry log10(dt/yr), log10(dt), retry_factor     2   516       -7.987335       -0.488223        0.500000
hydro_newton_step failed to accept
       retry log10(dt/yr), log10(dt), retry_factor     1   567       -5.561092        1.938020        0.500000
       retry log10(dt/yr), log10(dt), retry_factor     2   567       -5.862122        1.636990        0.500000
       retry log10(dt/yr), log10(dt), retry_factor     1   568       -6.163152        1.335960        0.500000
       retry log10(dt/yr), log10(dt), retry_factor     1   572       -6.163152        1.335960        0.500000
       retry log10(dt/yr), log10(dt), retry_factor     1   579       -5.483539        2.015573        0.500000
       retry log10(dt/yr), log10(dt), retry_factor     1   584       -5.293279        2.205833        0.500000
       retry log10(dt/yr), log10(dt), retry_factor     1   586       -5.691219        1.807893        0.500000
       retry log10(dt/yr), log10(dt), retry_factor     2   586       -5.992249        1.506863        0.500000
       retry log10(dt/yr), log10(dt), retry_factor     1   587       -6.293279        1.205833        0.500000
       retry log10(dt/yr), log10(dt), retry_factor     1   595       -5.424330        2.074781        0.500000
       retry log10(dt/yr), log10(dt), retry_factor     2   595       -5.725360        1.773751        0.500000
       retry log10(dt/yr), log10(dt), retry_factor     1   600       -5.645925        1.853186        0.500000
       retry log10(dt/yr), log10(dt), retry_factor     1   604       -5.725649        1.773462        0.500000
hydro_newton_step failed to accept
       retry log10(dt/yr), log10(dt), retry_factor     1   605       -6.123589        1.375522        0.500000
       retry log10(dt/yr), log10(dt), retry_factor     1   606       -6.424619        1.074492        0.500000
       retry log10(dt/yr), log10(dt), retry_factor     1   613       -5.684078        1.815034        0.500000
       retry log10(dt/yr), log10(dt), retry_factor     1   614       -6.082018        1.417094        0.500000
hydro_newton_step failed to accept
       retry log10(dt/yr), log10(dt), retry_factor     1   615       -6.479958        1.019154        0.500000
       retry log10(dt/yr), log10(dt), retry_factor     1   616       -6.780988        0.718124        0.500000
       retry log10(dt/yr), log10(dt), retry_factor     2   616       -7.082018        0.417094        0.500000
       retry log10(dt/yr), log10(dt), retry_factor     1   624       -5.877898        1.621214        0.500000
       retry log10(dt/yr), log10(dt), retry_factor     1   626       -6.275838        1.223274        0.500000
hydro_newton_step failed to accept
       retry log10(dt/yr), log10(dt), retry_factor     2   626       -6.576868        0.922244        0.500000
       retry log10(dt/yr), log10(dt), retry_factor     1   627       -6.877898        0.621214        0.500000
hydro_newton_step failed to accept
       retry log10(dt/yr), log10(dt), retry_factor     1   633       -6.275838        1.223274        0.500000
       retry log10(dt/yr), log10(dt), retry_factor     1   634       -6.275838        1.223274        0.500000
       retry log10(dt/yr), log10(dt), retry_factor     1   635       -6.576868        0.922244        0.500000
       retry log10(dt/yr), log10(dt), retry_factor     1   637       -6.877898        0.621214        0.500000
       retry log10(dt/yr), log10(dt), retry_factor     1   638       -7.178928        0.320184        0.500000
       retry log10(dt/yr), log10(dt), retry_factor     2   638       -7.479958        0.019154        0.500000
       retry log10(dt/yr), log10(dt), retry_factor     1   643       -7.178928        0.320184        0.500000
hydro_newton_step failed to accept
       retry log10(dt/yr), log10(dt), retry_factor     1   644       -7.479958        0.019154        0.500000
       retry log10(dt/yr), log10(dt), retry_factor     1   647       -7.479958        0.019154        0.500000
       retry log10(dt/yr), log10(dt), retry_factor     2   647       -7.780988       -0.281876        0.500000
       retry log10(dt/yr), log10(dt), retry_factor     1   651       -7.972018       -0.472906        0.500000
       retry log10(dt/yr), log10(dt), retry_factor     1   652       -8.369958       -0.870846        0.500000
       retry log10(dt/yr), log10(dt), retry_factor     1   743       -7.627080       -0.127969        0.500000
       retry log10(dt/yr), log10(dt), retry_factor     1   744       -8.025020       -0.525909        0.500000
       retry log10(dt/yr), log10(dt), retry_factor     2   744       -8.326050       -0.826939        0.500000
 have reached retry limit so now backup
hydro_newton_step failed to accept
       retry log10(dt/yr), log10(dt), retry_factor     1   747       -8.627080       -1.127969        0.500000
hydro_newton_step failed to accept
       retry log10(dt/yr), log10(dt), retry_factor     1   748       -8.628173       -1.129061        0.500000
hydro_newton_step failed to accept
       retry log10(dt/yr), log10(dt), retry_factor     1   752       -8.044283       -0.545171        0.500000
       retry log10(dt/yr), log10(dt), retry_factor     2   752       -8.345313       -0.846201        0.500000
       retry log10(dt/yr), log10(dt), retry_factor     1   761       -7.889302       -0.390191        0.500000
       retry log10(dt/yr), log10(dt), retry_factor     2   761       -8.190332       -0.691221        0.500000
 have reached retry limit so now backup
       retry log10(dt/yr), log10(dt), retry_factor     1   791       -7.574601       -0.075490        0.500000
       retry log10(dt/yr), log10(dt), retry_factor     2   791       -7.875631       -0.376520        0.500000
 have reached retry limit so now backup
       retry log10(dt/yr), log10(dt), retry_factor     1   797       -7.475108        0.024004        0.500000
       retry log10(dt/yr), log10(dt), retry_factor     2   797       -7.776138       -0.277026        0.500000
 have reached retry limit so now backup
       retry log10(dt/yr), log10(dt), retry_factor     1   804       -7.517759       -0.018648        0.500000
       retry log10(dt/yr), log10(dt), retry_factor     2   804       -7.818789       -0.319678        0.500000
       retry log10(dt/yr), log10(dt), retry_factor     1   850       -5.392715        2.106397        0.500000
       retry log10(dt/yr), log10(dt), retry_factor     1   854       -5.458399        2.040713        0.500000
       retry log10(dt/yr), log10(dt), retry_factor     1   855       -5.856339        1.642773        0.500000
       retry log10(dt/yr), log10(dt), retry_factor     1   861       -5.583840        1.915272        0.500000
       retry log10(dt/yr), log10(dt), retry_factor     2   861       -5.884870        1.614242        0.500000
       retry log10(dt/yr), log10(dt), retry_factor     1   872       -5.495386        2.003725        0.500000
       retry log10(dt/yr), log10(dt), retry_factor     1   876       -5.557517        1.941595        0.500000
       retry log10(dt/yr), log10(dt), retry_factor     1   880       -5.675394        1.823717        0.500000
       retry log10(dt/yr), log10(dt), retry_factor     1   884       -5.737868        1.761244        0.500000
hydro_newton_step failed to accept
       retry log10(dt/yr), log10(dt), retry_factor     1   885       -6.038898        1.460214        0.500000
hydro_newton_step failed to accept
       retry log10(dt/yr), log10(dt), retry_factor     1   886       -6.421273        1.077838        0.500000
       retry log10(dt/yr), log10(dt), retry_factor     1   890       -5.975007        1.524104        0.500000
       retry log10(dt/yr), log10(dt), retry_factor     1   891       -6.276037        1.223074        0.500000
       retry log10(dt/yr), log10(dt), retry_factor     1   893       -6.577067        0.922044        0.500000
hydro_newton_step failed to accept
       retry log10(dt/yr), log10(dt), retry_factor     1   894       -6.878097        0.621014        0.500000
       retry log10(dt/yr), log10(dt), retry_factor     1   896       -7.179127        0.319984        0.500000
       retry log10(dt/yr), log10(dt), retry_factor     1   899       -7.480157        0.018954        0.500000
       retry log10(dt/yr), log10(dt), retry_factor     2   899       -7.781187       -0.282076        0.500000
 have reached retry limit so now backup
       retry log10(dt/yr), log10(dt), retry_factor     1   904       -7.480157        0.018954        0.500000
       retry log10(dt/yr), log10(dt), retry_factor     2   904       -7.781187       -0.282076        0.500000
 have reached retry limit so now backup
       retry log10(dt/yr), log10(dt), retry_factor     1   904       -8.082217       -0.583106        0.500000
       retry log10(dt/yr), log10(dt), retry_factor     1   909       -7.781187       -0.282076        0.500000
       retry log10(dt/yr), log10(dt), retry_factor     1   912       -8.179127       -0.680016        0.500000
       retry log10(dt/yr), log10(dt), retry_factor     1   913       -8.484807       -0.985696        0.500000
       retry log10(dt/yr), log10(dt), retry_factor     1   944       -9.119898       -1.620787        0.500000
       1000   8.951577  1.764E+07   3.117400   5.938004   1.400000   1.400000   0.000000   0.000000   0.275200   0.040096   3.136910   1006    160
  -7.090043   6.587299  -4.791288   2.683116   3.749582  -8.522879   0.000000   0.000000   0.000000   0.020000   0.030451  24.003711      7     12
 1.1179E-03  23.258856   4.356630   5.937105  14.728712  -0.910324   0.000000   0.000000   0.000000   0.000687  9.295E-01 -0.112E-09    varcontrol

save LOGS/profile4.data for model 1000
save photos/1000 for model 1000
 bad other yaxis for History panels plot num_zones

 ERROR: failed to find log_Teff in history data

 grid1/grid1_001000.png/png
       retry log10(dt/yr), log10(dt), retry_factor     1  1004       -7.257701        0.241410        0.500000
hydro_newton_step failed to accept
       retry log10(dt/yr), log10(dt), retry_factor     2  1004       -7.558731       -0.059620        0.500000
       retry log10(dt/yr), log10(dt), retry_factor     1  1009       -8.250858       -0.751746        0.500000
hydro_newton_step failed to accept
       retry log10(dt/yr), log10(dt), retry_factor     1  1010       -8.551888       -1.052776        0.500000
       retry log10(dt/yr), log10(dt), retry_factor     1  1028       -8.059178       -0.560066        0.500000
       retry log10(dt/yr), log10(dt), retry_factor     1  1047       -7.689619       -0.190508        0.500000
       retry log10(dt/yr), log10(dt), retry_factor     2  1047       -7.990649       -0.491538        0.500000
       retry log10(dt/yr), log10(dt), retry_factor     1  1054       -7.608368       -0.109256        0.500000
       retry log10(dt/yr), log10(dt), retry_factor     2  1054       -7.909398       -0.410286        0.500000
 have reached retry limit so now backup
       retry log10(dt/yr), log10(dt), retry_factor     1  1061       -7.692550       -0.193438        0.500000
       retry log10(dt/yr), log10(dt), retry_factor     2  1061       -7.993580       -0.494468        0.500000
       retry log10(dt/yr), log10(dt), retry_factor     1  1069       -7.515576       -0.016465        0.500000
       retry log10(dt/yr), log10(dt), retry_factor     2  1069       -7.816606       -0.317495        0.500000
 have reached retry limit so now backup
       retry log10(dt/yr), log10(dt), retry_factor     1  1070       -8.117636       -0.618525        0.500000
       retry log10(dt/yr), log10(dt), retry_factor     2  1070       -8.418666       -0.919555        0.500000
       retry log10(dt/yr), log10(dt), retry_factor     1  1106       -6.460590        1.038522        0.500000
       retry log10(dt/yr), log10(dt), retry_factor     1  1118       -5.758336        1.740776        0.500000
       retry log10(dt/yr), log10(dt), retry_factor     2  1118       -6.059366        1.439746        0.500000
 have reached retry limit so now backup
       retry log10(dt/yr), log10(dt), retry_factor     1  1124       -5.457306        2.041806        0.500000
       retry log10(dt/yr), log10(dt), retry_factor     1  1129       -5.412511        2.086600        0.500000
       retry log10(dt/yr), log10(dt), retry_factor     1  1130       -5.810451        1.688660        0.500000
       retry log10(dt/yr), log10(dt), retry_factor     1  1136       -5.498550        2.000561        0.500000
       retry log10(dt/yr), log10(dt), retry_factor     1  1141       -5.510210        1.988901        0.500000
       retry log10(dt/yr), log10(dt), retry_factor     2  1141       -5.811240        1.687871        0.500000
       retry log10(dt/yr), log10(dt), retry_factor     1  1147       -5.209180        2.289931        0.500000
       retry log10(dt/yr), log10(dt), retry_factor     1  1148       -5.510210        1.988901        0.500000
hydro_newton_step failed to accept
       retry log10(dt/yr), log10(dt), retry_factor     1  1149       -5.908150        1.590961        0.500000
       retry log10(dt/yr), log10(dt), retry_factor     1  1154       -5.587140        1.911971        0.500000
hydro_newton_step failed to accept
       retry log10(dt/yr), log10(dt), retry_factor     1  1155       -5.985080        1.514031        0.500000
hydro_newton_step failed to accept
       retry log10(dt/yr), log10(dt), retry_factor     2  1155       -6.286110        1.213001        0.500000
       retry log10(dt/yr), log10(dt), retry_factor     1  1160       -5.684050        1.815061        0.500000
       retry log10(dt/yr), log10(dt), retry_factor     1  1161       -5.985080        1.514031        0.500000
       retry log10(dt/yr), log10(dt), retry_factor     1  1166       -6.059900        1.439212        0.500000
       retry log10(dt/yr), log10(dt), retry_factor     2  1166       -6.360930        1.138182        0.500000
       retry log10(dt/yr), log10(dt), retry_factor     1  1167       -6.758870        0.740242        0.500000
       retry log10(dt/yr), log10(dt), retry_factor     1  1168       -7.156810        0.342302        0.500000
       retry log10(dt/yr), log10(dt), retry_factor     1  1174       -6.554750        0.944362        0.500000
       retry log10(dt/yr), log10(dt), retry_factor     1  1175       -6.855780        0.643332        0.500000
       retry log10(dt/yr), log10(dt), retry_factor     1  1176       -7.156810        0.342302        0.500000
       retry log10(dt/yr), log10(dt), retry_factor     1  1179       -7.457840        0.041272        0.500000
       retry log10(dt/yr), log10(dt), retry_factor     1  1180       -7.758870       -0.259758        0.500000
       retry log10(dt/yr), log10(dt), retry_factor     1  1183       -8.059900       -0.560788        0.500000
       retry log10(dt/yr), log10(dt), retry_factor     1  1184       -8.360930       -0.861818        0.500000
       retry log10(dt/yr), log10(dt), retry_factor     1  1188       -8.406629       -0.907518        0.500000
       retry log10(dt/yr), log10(dt), retry_factor     1  1233       -9.320892       -1.821780        0.500000
       retry log10(dt/yr), log10(dt), retry_factor     1  1280       -7.316532        0.182579        0.500000
hydro_newton_step failed to accept
       retry log10(dt/yr), log10(dt), retry_factor     2  1280       -7.617562       -0.118451        0.500000
hydro_newton_step failed to accept
       retry log10(dt/yr), log10(dt), retry_factor     1  1286       -8.278702       -0.779590        0.500000
       retry log10(dt/yr), log10(dt), retry_factor     2  1286       -8.579732       -1.080620        0.500000
hydro_newton_step failed to accept
       retry log10(dt/yr), log10(dt), retry_factor     1  1294       -8.301357       -0.802245        0.500000
hydro_newton_step failed to accept
       retry log10(dt/yr), log10(dt), retry_factor     1  1296       -8.104303       -0.605191        0.500000
hydro_newton_step failed to accept
       retry log10(dt/yr), log10(dt), retry_factor     2  1296       -8.405333       -0.906221        0.500000
       retry log10(dt/yr), log10(dt), retry_factor     1  1328       -7.612486       -0.113375        0.500000
       retry log10(dt/yr), log10(dt), retry_factor     1  1333       -7.629527       -0.130416        0.500000
       retry log10(dt/yr), log10(dt), retry_factor     2  1333       -7.930557       -0.431446        0.500000
       retry log10(dt/yr), log10(dt), retry_factor     1  1382       -5.827301        1.671810        0.500000
       retry log10(dt/yr), log10(dt), retry_factor     1  1383       -6.128331        1.370780        0.500000
       retry log10(dt/yr), log10(dt), retry_factor     2  1383       -6.429361        1.069750        0.500000
       retry log10(dt/yr), log10(dt), retry_factor     1  1391       -5.526774        1.972337        0.500000
       retry log10(dt/yr), log10(dt), retry_factor     2  1391       -5.827804        1.671307        0.500000
 have reached retry limit so now backup
       retry log10(dt/yr), log10(dt), retry_factor     1  1394       -6.128834        1.370277        0.500000
       retry log10(dt/yr), log10(dt), retry_factor     1  1395       -6.429864        1.069247        0.500000
       retry log10(dt/yr), log10(dt), retry_factor     1  1403       -5.476282        2.022830        0.500000
       retry log10(dt/yr), log10(dt), retry_factor     2  1403       -5.777312        1.721800        0.500000
       retry log10(dt/yr), log10(dt), retry_factor     1  1404       -6.078342        1.420770        0.500000
       retry log10(dt/yr), log10(dt), retry_factor     1  1412       -5.308979        2.190132        0.500000
       retry log10(dt/yr), log10(dt), retry_factor     1  1413       -5.706919        1.792192        0.500000
       retry log10(dt/yr), log10(dt), retry_factor     1  1414       -6.104859        1.394252        0.500000
       retry log10(dt/yr), log10(dt), retry_factor     1  1415       -6.405889        1.093222        0.500000
       retry log10(dt/yr), log10(dt), retry_factor     1  1423       -5.493107        2.006004        0.500000
       retry log10(dt/yr), log10(dt), retry_factor     2  1423       -5.794137        1.704974        0.500000
       retry log10(dt/yr), log10(dt), retry_factor     1  1424       -6.192077        1.307034        0.500000
       retry log10(dt/yr), log10(dt), retry_factor     1  1425       -6.493107        1.006004        0.500000
       retry log10(dt/yr), log10(dt), retry_factor     1  1432       -5.590017        1.909094        0.500000
       retry log10(dt/yr), log10(dt), retry_factor     1  1433       -5.891047        1.608064        0.500000
       retry log10(dt/yr), log10(dt), retry_factor     1  1438       -5.681522        1.817590        0.500000
       retry log10(dt/yr), log10(dt), retry_factor     1  1439       -5.982552        1.516560        0.500000
       retry log10(dt/yr), log10(dt), retry_factor     1  1440       -6.380492        1.118620        0.500000
       retry log10(dt/yr), log10(dt), retry_factor     1  1441       -6.681522        0.817590        0.500000
       retry log10(dt/yr), log10(dt), retry_factor     1  1449       -5.797167        1.701944        0.500000
hydro_newton_step failed to accept
       retry log10(dt/yr), log10(dt), retry_factor     2  1449       -6.098197        1.400914        0.500000
hydro_newton_step failed to accept
       retry log10(dt/yr), log10(dt), retry_factor     1  1450       -6.496137        1.002974        0.500000
       retry log10(dt/yr), log10(dt), retry_factor     1  1456       -5.837481        1.661631        0.500000
       retry log10(dt/yr), log10(dt), retry_factor     2  1456       -6.138511        1.360601        0.500000
       retry log10(dt/yr), log10(dt), retry_factor     1  1457       -6.487954        1.011158        0.500000
hydro_newton_step failed to accept
       retry log10(dt/yr), log10(dt), retry_factor     1  1458       -6.885894        0.613218        0.500000
       retry log10(dt/yr), log10(dt), retry_factor     1  1459       -7.186924        0.312188        0.500000
       retry log10(dt/yr), log10(dt), retry_factor     1  1465       -6.865354        0.633757        0.500000
       retry log10(dt/yr), log10(dt), retry_factor     2  1465       -7.166384        0.332727        0.500000
       retry log10(dt/yr), log10(dt), retry_factor     1  1471       -6.708069        0.791043        0.500000
       retry log10(dt/yr), log10(dt), retry_factor     2  1471       -7.009099        0.490013        0.500000
       retry log10(dt/yr), log10(dt), retry_factor     1  1473       -7.310129        0.188983        0.500000
       retry log10(dt/yr), log10(dt), retry_factor     2  1473       -7.611159       -0.112047        0.500000
       retry log10(dt/yr), log10(dt), retry_factor     1  1476       -7.912189       -0.413077        0.500000
       retry log10(dt/yr), log10(dt), retry_factor     1  1478       -8.213219       -0.714107        0.500000
       retry log10(dt/yr), log10(dt), retry_factor     1  1490       -9.029738       -1.530626        0.500000
 bad other yaxis for History panels plot num_zones

 ERROR: failed to find log_Teff in history data

 grid1/grid1_001500.png/png
       retry log10(dt/yr), log10(dt), retry_factor     1  1517       -9.140374       -1.641263        0.500000
hydro_newton_step failed to accept
       retry log10(dt/yr), log10(dt), retry_factor     1  1521       -9.230338       -1.731227        0.500000
       retry log10(dt/yr), log10(dt), retry_factor     1  1562       -7.230138        0.268974        0.500000
       retry log10(dt/yr), log10(dt), retry_factor     2  1562       -7.531168       -0.032056        0.500000
 have reached retry limit so now backup
       retry log10(dt/yr), log10(dt), retry_factor     1  1563       -7.832198       -0.333086        0.500000
       retry log10(dt/yr), log10(dt), retry_factor     2  1563       -8.133228       -0.634116        0.500000
 have reached retry limit so now backup
       retry log10(dt/yr), log10(dt), retry_factor     1  1563       -8.434258       -0.935146        0.500000
       retry log10(dt/yr), log10(dt), retry_factor     2  1563       -8.735288       -1.236176        0.500000
 have reached retry limit so now backup
       retry log10(dt/yr), log10(dt), retry_factor     1  1566       -9.036318       -1.537206        0.500000
       retry log10(dt/yr), log10(dt), retry_factor     2  1566       -9.337348       -1.838236        0.500000
 have reached retry limit so now backup
       retry log10(dt/yr), log10(dt), retry_factor     1  1569       -9.638378       -2.139266        0.500000
       retry log10(dt/yr), log10(dt), retry_factor     2  1569       -9.939408       -2.440296        0.500000
 have reached retry limit so now backup
       retry log10(dt/yr), log10(dt), retry_factor     1  1571      -10.240438       -2.741326        0.500000
       retry log10(dt/yr), log10(dt), retry_factor     2  1571      -10.541468       -3.042356        0.500000
 have reached retry limit so now backup
       retry log10(dt/yr), log10(dt), retry_factor     1  1573      -10.842497       -3.343386        0.500000
       retry log10(dt/yr), log10(dt), retry_factor     1  1592       -7.524258       -0.025147        0.500000
       retry log10(dt/yr), log10(dt), retry_factor     2  1592       -7.825288       -0.326177        0.500000
 have reached retry limit so now backup
hydro_newton_step failed to accept
       retry log10(dt/yr), log10(dt), retry_factor     1  1601       -8.317465       -0.818354        0.500000
       retry log10(dt/yr), log10(dt), retry_factor     2  1601       -8.618495       -1.119384        0.500000
       retry log10(dt/yr), log10(dt), retry_factor     1  1639       -7.858291       -0.359179        0.500000
hydro_newton_step failed to accept
       retry log10(dt/yr), log10(dt), retry_factor     2  1639       -8.159321       -0.660209        0.500000
 have reached retry limit so now backup
       retry log10(dt/yr), log10(dt), retry_factor     1  1645       -7.557261       -0.058149        0.500000
       retry log10(dt/yr), log10(dt), retry_factor     2  1645       -7.858291       -0.359179        0.500000
 have reached retry limit so now backup
       retry log10(dt/yr), log10(dt), retry_factor     1  1647       -8.159321       -0.660209        0.500000
       retry log10(dt/yr), log10(dt), retry_factor     2  1647       -8.460351       -0.961239        0.500000
       retry log10(dt/yr), log10(dt), retry_factor     1  1655       -7.671251       -0.172139        0.500000
       retry log10(dt/yr), log10(dt), retry_factor     2  1655       -7.972281       -0.473169        0.500000
 have reached retry limit so now backup
       retry log10(dt/yr), log10(dt), retry_factor     1  1663       -7.450560        0.048551        0.500000
       retry log10(dt/yr), log10(dt), retry_factor     2  1663       -7.751590       -0.252479        0.500000
       retry log10(dt/yr), log10(dt), retry_factor     1  1664       -8.052620       -0.553509        0.500000
       retry log10(dt/yr), log10(dt), retry_factor     2  1664       -8.353650       -0.854539        0.500000
       retry log10(dt/yr), log10(dt), retry_factor     1  1673       -7.451093        0.048019        0.500000
hydro_newton_step failed to accept
       retry log10(dt/yr), log10(dt), retry_factor     2  1673       -7.752123       -0.253011        0.500000
       retry log10(dt/yr), log10(dt), retry_factor     1  1717       -5.575407        1.923704        0.500000
       retry log10(dt/yr), log10(dt), retry_factor     1  1722       -5.274377        2.224734        0.500000
       retry log10(dt/yr), log10(dt), retry_factor     2  1722       -5.575407        1.923704        0.500000
 have reached retry limit so now backup
       retry log10(dt/yr), log10(dt), retry_factor     1  1727       -5.468197        2.030914        0.500000
       retry log10(dt/yr), log10(dt), retry_factor     1  1732       -5.529885        1.969226        0.500000
       retry log10(dt/yr), log10(dt), retry_factor     2  1732       -5.830915        1.668196        0.500000
       retry log10(dt/yr), log10(dt), retry_factor     1  1733       -6.131945        1.367166        0.500000
       retry log10(dt/yr), log10(dt), retry_factor     1  1739       -5.529885        1.969226        0.500000
       retry log10(dt/yr), log10(dt), retry_factor     1  1743       -5.654604        1.844508        0.500000
       retry log10(dt/yr), log10(dt), retry_factor     1  1748       -5.638713        1.860398        0.500000
hydro_newton_step failed to accept
       retry log10(dt/yr), log10(dt), retry_factor     2  1748       -5.939743        1.559368        0.500000
       retry log10(dt/yr), log10(dt), retry_factor     1  1749       -6.337683        1.161428        0.500000
       retry log10(dt/yr), log10(dt), retry_factor     1  1750       -6.638713        0.860398        0.500000
       retry log10(dt/yr), log10(dt), retry_factor     2  1750       -6.939743        0.559368        0.500000
       retry log10(dt/yr), log10(dt), retry_factor     1  1759       -5.620961        1.878150        0.500000
hydro_newton_step failed to accept
       retry log10(dt/yr), log10(dt), retry_factor     1  1760       -6.018901        1.480210        0.500000
hydro_newton_step failed to accept
       retry log10(dt/yr), log10(dt), retry_factor     2  1760       -6.319931        1.179180        0.500000
       retry log10(dt/yr), log10(dt), retry_factor     1  1766       -5.684450        1.814662        0.500000
       retry log10(dt/yr), log10(dt), retry_factor     2  1766       -5.985480        1.513632        0.500000
 have reached retry limit so now backup
hydro_newton_step failed to accept
       retry log10(dt/yr), log10(dt), retry_factor     1  1768       -6.286510        1.212602        0.500000
       retry log10(dt/yr), log10(dt), retry_factor     1  1772       -5.858310        1.640802        0.500000
       retry log10(dt/yr), log10(dt), retry_factor     1  1773       -6.159340        1.339772        0.500000
       retry log10(dt/yr), log10(dt), retry_factor     1  1774       -6.557280        0.941832        0.500000
hydro_newton_step failed to accept
       retry log10(dt/yr), log10(dt), retry_factor     1  1775       -6.955220        0.543892        0.500000
       retry log10(dt/yr), log10(dt), retry_factor     1  1779       -6.654190        0.844922        0.500000
       retry log10(dt/yr), log10(dt), retry_factor     1  1781       -6.955220        0.543892        0.500000
       retry log10(dt/yr), log10(dt), retry_factor     1  1782       -7.256250        0.242862        0.500000
       retry log10(dt/yr), log10(dt), retry_factor     1  1783       -7.557280       -0.058168        0.500000
       retry log10(dt/yr), log10(dt), retry_factor     1  1785       -7.858310       -0.359198        0.500000
       retry log10(dt/yr), log10(dt), retry_factor     1  1786       -8.250018       -0.750906        0.500000
       retry log10(dt/yr), log10(dt), retry_factor     1  1801       -8.760267       -1.261155        0.500000
       retry log10(dt/yr), log10(dt), retry_factor     1  1825       -9.161067       -1.661956        0.500000
       retry log10(dt/yr), log10(dt), retry_factor     1  1828       -9.489033       -1.989921        0.500000
       retry log10(dt/yr), log10(dt), retry_factor     1  1880       -7.336485        0.162627        0.500000
hydro_newton_step failed to accept
       retry log10(dt/yr), log10(dt), retry_factor     2  1880       -7.637515       -0.138403        0.500000
       retry log10(dt/yr), log10(dt), retry_factor     1  1884       -8.132365       -0.633253        0.500000
hydro_newton_step failed to accept
       retry log10(dt/yr), log10(dt), retry_factor     1  1885       -8.530305       -1.031193        0.500000
hydro_newton_step failed to accept
       retry log10(dt/yr), log10(dt), retry_factor     2  1885       -8.831335       -1.332223        0.500000
       retry log10(dt/yr), log10(dt), retry_factor     1  1889       -8.530305       -1.031193        0.500000
       retry log10(dt/yr), log10(dt), retry_factor     1  1924       -7.813569       -0.314458        0.500000
       retry log10(dt/yr), log10(dt), retry_factor     1  1929       -7.798248       -0.299137        0.500000
       retry log10(dt/yr), log10(dt), retry_factor     2  1929       -8.099278       -0.600167        0.500000
       retry log10(dt/yr), log10(dt), retry_factor     1  1934       -7.798248       -0.299137        0.500000
       retry log10(dt/yr), log10(dt), retry_factor     2  1934       -8.099278       -0.600167        0.500000
       retry log10(dt/yr), log10(dt), retry_factor     1  1943       -7.631335       -0.132223        0.500000
       retry log10(dt/yr), log10(dt), retry_factor     2  1943       -7.932365       -0.433253        0.500000
 have reached retry limit so now backup
       retry log10(dt/yr), log10(dt), retry_factor     1  1949       -7.330305        0.168807        0.500000
       retry log10(dt/yr), log10(dt), retry_factor     2  1949       -7.631335       -0.132223        0.500000
       retry log10(dt/yr), log10(dt), retry_factor     1  1951       -7.932365       -0.433253        0.500000
       retry log10(dt/yr), log10(dt), retry_factor     2  1951       -8.233395       -0.734283        0.500000
 have reached retry limit so now backup
       retry log10(dt/yr), log10(dt), retry_factor     1  1960       -7.423317        0.075794        0.500000
       retry log10(dt/yr), log10(dt), retry_factor     2  1960       -7.724347       -0.225236        0.500000
       2000   8.399713  3.605E+06   1.317920   1.401122   1.400000   1.400000   0.000000   0.000000   0.275200   0.019449  15.119173   1235    341
  -5.446934   6.727264  -4.792752  -2.002159   0.697164  -8.522879   0.000000   0.000000   0.000000   0.020000   0.018095  95.235180      5     30
 1.9528E-03  23.358594   1.595686   0.641550  13.567123  -1.121486   0.000000   0.000000   0.000000   0.000687  9.625E-01  0.699E-15    varcontrol

save LOGS/profile5.data for model 2000
save photos/2000 for model 2000
 bad other yaxis for History panels plot num_zones

 ERROR: failed to find log_Teff in history data

 grid1/grid1_002000.png/png
       retry log10(dt/yr), log10(dt), retry_factor     1  2004       -5.477020        2.022092        0.500000
       retry log10(dt/yr), log10(dt), retry_factor     2  2004       -5.778050        1.721062        0.500000
 have reached retry limit so now backup
       retry log10(dt/yr), log10(dt), retry_factor     1  2009       -5.814690        1.684422        0.500000
       retry log10(dt/yr), log10(dt), retry_factor     1  2010       -6.115720        1.383392        0.500000
       retry log10(dt/yr), log10(dt), retry_factor     1  2018       -5.296455        2.202657        0.500000
       retry log10(dt/yr), log10(dt), retry_factor     1  2019       -5.694395        1.804717        0.500000
       retry log10(dt/yr), log10(dt), retry_factor     2  2019       -5.995425        1.503687        0.500000
       retry log10(dt/yr), log10(dt), retry_factor     1  2020       -6.348262        1.150849        0.500000
       retry log10(dt/yr), log10(dt), retry_factor     1  2028       -5.389136        2.109975        0.500000
       retry log10(dt/yr), log10(dt), retry_factor     2  2028       -5.690166        1.808945        0.500000
 have reached retry limit so now backup
       retry log10(dt/yr), log10(dt), retry_factor     1  2033       -5.467118        2.031994        0.500000
       retry log10(dt/yr), log10(dt), retry_factor     1  2034       -5.768148        1.730964        0.500000
       retry log10(dt/yr), log10(dt), retry_factor     1  2040       -5.402188        2.096923        0.500000
hydro_newton_step failed to accept
       retry log10(dt/yr), log10(dt), retry_factor     1  2042       -5.897038        1.602073        0.500000
       retry log10(dt/yr), log10(dt), retry_factor     1  2043       -6.294978        1.204133        0.500000
       retry log10(dt/yr), log10(dt), retry_factor     1  2044       -6.596008        0.903103        0.500000
       retry log10(dt/yr), log10(dt), retry_factor     1  2052       -5.563772        1.935340        0.500000
hydro_newton_step failed to accept
       retry log10(dt/yr), log10(dt), retry_factor     1  2053       -5.961712        1.537400        0.500000
       retry log10(dt/yr), log10(dt), retry_factor     1  2057       -5.744445        1.754667        0.500000
       retry log10(dt/yr), log10(dt), retry_factor     1  2058       -6.045475        1.453637        0.500000
hydro_newton_step failed to accept
       retry log10(dt/yr), log10(dt), retry_factor     1  2059       -6.443415        1.055697        0.500000
       retry log10(dt/yr), log10(dt), retry_factor     2  2059       -6.744445        0.754667        0.500000
       retry log10(dt/yr), log10(dt), retry_factor     1  2060       -7.045475        0.453637        0.500000
       retry log10(dt/yr), log10(dt), retry_factor     1  2068       -5.841355        1.657757        0.500000
       retry log10(dt/yr), log10(dt), retry_factor     1  2069       -6.142385        1.356727        0.500000
hydro_newton_step failed to accept
       retry log10(dt/yr), log10(dt), retry_factor     1  2072       -6.655074        0.844038        0.500000
       retry log10(dt/yr), log10(dt), retry_factor     1  2074       -6.468403        1.030709        0.500000
       retry log10(dt/yr), log10(dt), retry_factor     1  2075       -6.769433        0.729679        0.500000
       retry log10(dt/yr), log10(dt), retry_factor     1  2077       -7.070463        0.428649        0.500000
       retry log10(dt/yr), log10(dt), retry_factor     1  2079       -7.371493        0.127619        0.500000
       retry log10(dt/yr), log10(dt), retry_factor     1  2081       -7.672523       -0.173411        0.500000
       retry log10(dt/yr), log10(dt), retry_factor     1  2083       -7.973553       -0.474441        0.500000
       retry log10(dt/yr), log10(dt), retry_factor     1  2084       -8.307184       -0.808072        0.500000
       retry log10(dt/yr), log10(dt), retry_factor     1  2171       -7.836549       -0.337437        0.500000
       retry log10(dt/yr), log10(dt), retry_factor     1  2172       -8.234489       -0.735377        0.500000
hydro_newton_step failed to accept
       retry log10(dt/yr), log10(dt), retry_factor     1  2173       -8.580695       -1.081584        0.500000
       retry log10(dt/yr), log10(dt), retry_factor     1  2177       -8.279665       -0.780554        0.500000
       retry log10(dt/yr), log10(dt), retry_factor     2  2177       -8.580695       -1.081584        0.500000
       retry log10(dt/yr), log10(dt), retry_factor     1  2217       -7.503222       -0.004110        0.500000
       retry log10(dt/yr), log10(dt), retry_factor     1  2249       -6.562827        0.936284        0.500000
       retry log10(dt/yr), log10(dt), retry_factor     1  2267       -5.799265        1.699847        0.500000
       retry log10(dt/yr), log10(dt), retry_factor     1  2268       -6.197205        1.301907        0.500000
       retry log10(dt/yr), log10(dt), retry_factor     1  2269       -6.498235        1.000877        0.500000
       retry log10(dt/yr), log10(dt), retry_factor     1  2277       -5.481987        2.017124        0.500000
       retry log10(dt/yr), log10(dt), retry_factor     1  2278       -5.879927        1.619184        0.500000
       retry log10(dt/yr), log10(dt), retry_factor     1  2285       -5.563101        1.936010        0.500000
       retry log10(dt/yr), log10(dt), retry_factor     2  2285       -5.864131        1.634980        0.500000
 have reached retry limit so now backup
       retry log10(dt/yr), log10(dt), retry_factor     1  2293       -5.477540        2.021572        0.500000
       retry log10(dt/yr), log10(dt), retry_factor     2  2293       -5.778570        1.720542        0.500000
 have reached retry limit so now backup
       retry log10(dt/yr), log10(dt), retry_factor     1  2299       -5.494484        2.004628        0.500000
hydro_newton_step failed to accept
       retry log10(dt/yr), log10(dt), retry_factor     2  2299       -5.795514        1.703598        0.500000
       retry log10(dt/yr), log10(dt), retry_factor     1  2300       -6.193454        1.305658        0.500000
       retry log10(dt/yr), log10(dt), retry_factor     1  2301       -6.494484        1.004628        0.500000
       retry log10(dt/yr), log10(dt), retry_factor     1  2309       -5.480080        2.019031        0.500000
hydro_newton_step failed to accept
       retry log10(dt/yr), log10(dt), retry_factor     1  2310       -5.878020        1.621091        0.500000
       retry log10(dt/yr), log10(dt), retry_factor     1  2315       -5.557013        1.942099        0.500000
hydro_newton_step failed to accept
       retry log10(dt/yr), log10(dt), retry_factor     1  2316       -5.954953        1.544159        0.500000
hydro_newton_step failed to accept
       retry log10(dt/yr), log10(dt), retry_factor     2  2316       -6.255983        1.243129        0.500000
       retry log10(dt/yr), log10(dt), retry_factor     1  2317       -6.557013        0.942099        0.500000
       retry log10(dt/yr), log10(dt), retry_factor     1  2324       -5.853423        1.645688        0.500000
hydro_newton_step failed to accept
       retry log10(dt/yr), log10(dt), retry_factor     1  2329       -5.934141        1.564970        0.500000
hydro_newton_step failed to accept
       retry log10(dt/yr), log10(dt), retry_factor     2  2329       -6.235171        1.263940        0.500000
hydro_newton_step failed to accept
       retry log10(dt/yr), log10(dt), retry_factor     1  2330       -6.633111        0.866000        0.500000
       retry log10(dt/yr), log10(dt), retry_factor     1  2331       -6.675491        0.823620        0.500000
       retry log10(dt/yr), log10(dt), retry_factor     2  2331       -6.976521        0.522590        0.500000
       retry log10(dt/yr), log10(dt), retry_factor     1  2338       -6.073431        1.425680        0.500000
       retry log10(dt/yr), log10(dt), retry_factor     1  2340       -6.374461        1.124650        0.500000
       retry log10(dt/yr), log10(dt), retry_factor     1  2342       -6.675491        0.823620        0.500000
       retry log10(dt/yr), log10(dt), retry_factor     1  2344       -6.976521        0.522590        0.500000
       retry log10(dt/yr), log10(dt), retry_factor     1  2345       -7.277551        0.221560        0.500000
hydro_newton_step failed to accept
       retry log10(dt/yr), log10(dt), retry_factor     2  2345       -7.578581       -0.079470        0.500000
 have reached retry limit so now backup
       retry log10(dt/yr), log10(dt), retry_factor     1  2350       -7.277551        0.221560        0.500000
       retry log10(dt/yr), log10(dt), retry_factor     1  2351       -7.578581       -0.079470        0.500000
       retry log10(dt/yr), log10(dt), retry_factor     1  2352       -7.879611       -0.380500        0.500000
       retry log10(dt/yr), log10(dt), retry_factor     1  2356       -8.277551       -0.778440        0.500000
       retry log10(dt/yr), log10(dt), retry_factor     1  2388       -9.278444       -1.779332        0.500000
       retry log10(dt/yr), log10(dt), retry_factor     1  2437       -7.737272       -0.238160        0.500000
       retry log10(dt/yr), log10(dt), retry_factor     2  2437       -8.038302       -0.539190        0.500000
 have reached retry limit so now backup
       retry log10(dt/yr), log10(dt), retry_factor     1  2440       -8.339332       -0.840220        0.500000
       retry log10(dt/yr), log10(dt), retry_factor     2  2440       -8.640362       -1.141250        0.500000
 have reached retry limit so now backup
       retry log10(dt/yr), log10(dt), retry_factor     1  2440       -8.941392       -1.442280        0.500000
       retry log10(dt/yr), log10(dt), retry_factor     2  2440       -9.242422       -1.743310        0.500000
 have reached retry limit so now backup
       retry log10(dt/yr), log10(dt), retry_factor     1  2441       -9.543452       -2.044340        0.500000
       retry log10(dt/yr), log10(dt), retry_factor     2  2441       -9.844482       -2.345370        0.500000
 have reached retry limit so now backup
       retry log10(dt/yr), log10(dt), retry_factor     1  2443      -10.145512       -2.646400        0.500000
       retry log10(dt/yr), log10(dt), retry_factor     2  2443      -10.446542       -2.947430        0.500000
 have reached retry limit so now backup
       retry log10(dt/yr), log10(dt), retry_factor     1  2444      -10.747572       -3.248460        0.500000
       retry log10(dt/yr), log10(dt), retry_factor     2  2444      -11.048602       -3.549490        0.500000
       retry log10(dt/yr), log10(dt), retry_factor     1  2463       -7.579822       -0.080711        0.500000
       retry log10(dt/yr), log10(dt), retry_factor     2  2463       -7.880852       -0.381741        0.500000
hydro_newton_step failed to accept
       retry log10(dt/yr), log10(dt), retry_factor     1  2472       -8.028152       -0.529040        0.500000
hydro_newton_step failed to accept
       retry log10(dt/yr), log10(dt), retry_factor     2  2472       -8.329182       -0.830070        0.500000
       retry log10(dt/yr), log10(dt), retry_factor     1  2474       -8.161627       -0.662516        0.500000
hydro_newton_step failed to accept
       retry log10(dt/yr), log10(dt), retry_factor     2  2474       -8.462657       -0.963546        0.500000
hydro_newton_step failed to accept
       retry log10(dt/yr), log10(dt), retry_factor     1  2483       -7.846970       -0.347858        0.500000
       retry log10(dt/yr), log10(dt), retry_factor     2  2483       -8.148000       -0.648888        0.500000
 have reached retry limit so now backup
 bad other yaxis for History panels plot num_zones

 ERROR: failed to find log_Teff in history data

 grid1/grid1_002500.png/png
hydro_newton_step failed to accept
       retry log10(dt/yr), log10(dt), retry_factor     1  2511       -7.762001       -0.262889        0.500000
       retry log10(dt/yr), log10(dt), retry_factor     2  2511       -8.063031       -0.563919        0.500000
 have reached retry limit so now backup
       retry log10(dt/yr), log10(dt), retry_factor     1  2518       -7.564751       -0.065639        0.500000
       retry log10(dt/yr), log10(dt), retry_factor     1  2526       -7.351689        0.147423        0.500000
       retry log10(dt/yr), log10(dt), retry_factor     2  2526       -7.652719       -0.153607        0.500000
 have reached retry limit so now backup
hydro_newton_step failed to accept
       retry log10(dt/yr), log10(dt), retry_factor     1  2546       -6.925790        0.573322        0.500000
       retry log10(dt/yr), log10(dt), retry_factor     2  2546       -7.226820        0.272292        0.500000
 have reached retry limit so now backup
       retry log10(dt/yr), log10(dt), retry_factor     1  2549       -7.527850       -0.028738        0.500000
       retry log10(dt/yr), log10(dt), retry_factor     1  2582       -5.688158        1.810953        0.500000
       retry log10(dt/yr), log10(dt), retry_factor     2  2582       -5.989188        1.509923        0.500000
       retry log10(dt/yr), log10(dt), retry_factor     1  2588       -5.606134        1.892977        0.500000
hydro_newton_step failed to accept
       retry log10(dt/yr), log10(dt), retry_factor     2  2588       -5.907164        1.591947        0.500000
       retry log10(dt/yr), log10(dt), retry_factor     1  2594       -5.496091        2.003021        0.500000
       retry log10(dt/yr), log10(dt), retry_factor     1  2599       -5.508724        1.990388        0.500000
hydro_newton_step failed to accept
       retry log10(dt/yr), log10(dt), retry_factor     1  2603       -5.906664        1.592448        0.500000
       retry log10(dt/yr), log10(dt), retry_factor     1  2608       -5.185280        2.313832        0.500000
       retry log10(dt/yr), log10(dt), retry_factor     1  2609       -5.486310        2.012802        0.500000
       retry log10(dt/yr), log10(dt), retry_factor     1  2610       -5.787340        1.711772        0.500000
       retry log10(dt/yr), log10(dt), retry_factor     2  2610       -6.088370        1.410742        0.500000
 have reached retry limit so now backup
       retry log10(dt/yr), log10(dt), retry_factor     1  2613       -6.486310        1.012802        0.500000
       retry log10(dt/yr), log10(dt), retry_factor     1  2614       -6.787340        0.711772        0.500000
       retry log10(dt/yr), log10(dt), retry_factor     1  2622       -5.583220        1.915892        0.500000
       retry log10(dt/yr), log10(dt), retry_factor     2  2622       -5.884250        1.614862        0.500000
 have reached retry limit so now backup
hydro_newton_step failed to accept
       retry log10(dt/yr), log10(dt), retry_factor     1  2623       -6.379100        1.120012        0.500000
       retry log10(dt/yr), log10(dt), retry_factor     1  2629       -5.714754        1.784358        0.500000
       retry log10(dt/yr), log10(dt), retry_factor     1  2630       -6.077611        1.421500        0.500000
       retry log10(dt/yr), log10(dt), retry_factor     2  2630       -6.378641        1.120470        0.500000
 have reached retry limit so now backup
       retry log10(dt/yr), log10(dt), retry_factor     1  2634       -6.776581        0.722530        0.500000
       retry log10(dt/yr), log10(dt), retry_factor     1  2635       -7.077611        0.421500        0.500000
       retry log10(dt/yr), log10(dt), retry_factor     2  2635       -7.378641        0.120470        0.500000
       retry log10(dt/yr), log10(dt), retry_factor     1  2644       -5.873491        1.625620        0.500000
hydro_newton_step failed to accept
       retry log10(dt/yr), log10(dt), retry_factor     2  2644       -6.174521        1.324590        0.500000
       retry log10(dt/yr), log10(dt), retry_factor     1  2646       -6.475551        1.023560        0.500000
       retry log10(dt/yr), log10(dt), retry_factor     1  2647       -6.776581        0.722530        0.500000
       retry log10(dt/yr), log10(dt), retry_factor     1  2649       -7.077611        0.421500        0.500000
       retry log10(dt/yr), log10(dt), retry_factor     1  2650       -7.475551        0.023560        0.500000
       retry log10(dt/yr), log10(dt), retry_factor     1  2655       -7.259706        0.239406        0.500000
       retry log10(dt/yr), log10(dt), retry_factor     2  2655       -7.560736       -0.061624        0.500000
       retry log10(dt/yr), log10(dt), retry_factor     1  2658       -7.861766       -0.362654        0.500000
       retry log10(dt/yr), log10(dt), retry_factor     1  2659       -8.162796       -0.663684        0.500000
       retry log10(dt/yr), log10(dt), retry_factor     1  2662       -8.532957       -1.033846        0.500000
/var/spool/slurmd/job6510164/slurm_script: line 65: 3084310 Killed                  $MESA_BASE/star >> /hpc/group/physics/al363/low_overhead/sens/errors/slurm._${SLURM_ARRAY_JOB_ID}_${SLURM_ARRAY_TASK_ID}.err
slurmstepd: error: Detected 1 oom-kill event(s) in StepId=6510164.batch cgroup. Some of your processes may have been killed by the cgroup out-of-memory handler.
