ls: cannot access ./1539/photos: No such file or directory
starting from scratch 
                                         version_number       10108
 read /work/al363/new_sens/base/inlist_base
load saved model /work/al363/new_sens/base/ns_relax.mod

 change to /work/al363/new_sens/base/rp_305.net
             set special rate factor for r_mn52_ap_fe55        1539    1.0000000000000000D-02
             set special rate factor for r_fe55_pa_mn52        1540    1.0000000000000000D-02
             set special rate factor for r_mn52_ap_fe55        1539    1.0000000000000000D-02
             set special rate factor for r_fe55_pa_mn52        1540    1.0000000000000000D-02
 number of species         305
 read /work/al363/new_sens/base/history_customACL.list
 read /work/al363/new_sens/base/profile_customACL.list
 net name /work/al363/new_sens/base/rp_305.net
 v_flag T
                         which_atm_option: grey_and_kap
                                           xmstar/mstar    4.5461189430843640D-12
                                             xmstar (g)    1.2660395722219186D+22
                                           M_center (g)    2.7848799999878681D+33
                                            xmstar/Msun    6.3645665203193175D-12
                                          M_center/Msun    1.3999999999939012D+00
                                          R_center (cm)    1.1200000000000000D+06
                                          R_center/Rsun    1.6092416448748527D-05
                                           core density    4.7322078204273819D+14
                                          L_center/Lsun    4.1647144567650578D+00
 kappa_file_prefix gs98
 kappa_lowT_prefix lowT_fa05_gs98

   eos_file_prefix mesa
                                        OMP_NUM_THREADS           8


__________________________________________________________________________________________________________________________________________________

       step    lg_Tcntr    Teff       lg_LH     lg_Lnuc     Mass       H_rich     H_cntr     N_cntr     Y_surf     X_avg     eta_cntr  zones retry
   lg_dt_yr    lg_Dcntr    lg_R       lg_L3a    lg_Lneu     lg_Mdot    He_core    He_cntr    O_cntr     Z_surf     Y_avg     gam_cntr  iters bckup
     age_yr    lg_Pcntr    lg_L       lg_LZ     lg_Psurf    lg_Dsurf   C_core     C_cntr     Ne_cntr    Si_cntr    Z_avg     v_div_cs     dt_limit
__________________________________________________________________________________________________________________________________________________

save LOGS/profile1.data for model 2
 grid1/grid1_000005.png/png
 burst_profile/burst_profile000005.png/png
          6   8.165156  1.497E+06   0.087590   0.087976   1.400000   1.400000   0.000000   0.000000   0.275200   0.030886  22.514775    791      0
  -5.817651   6.610341  -4.793035 -18.862378  -1.086578  -8.522879   0.000000   0.000000   0.000000   0.020000   0.011710 149.410225      6      0
 4.0040E-06  23.176196   0.068337  -2.962874  12.744977  -1.553972   0.000000   0.000000   0.000000   0.000687  9.574E-01  0.395E-11      lgT_cntr

save LOGS/profile2.data for model 6
 grid1/grid1_000010.png/png
 burst_profile/burst_profile000010.png/png
 grid1/grid1_000015.png/png
 burst_profile/burst_profile000015.png/png
 grid1/grid1_000020.png/png
 burst_profile/burst_profile000020.png/png
 grid1/grid1_000025.png/png
 burst_profile/burst_profile000025.png/png
       retry log10(dt/yr), log10(dt), retry_factor     1    30       -5.532111        1.967001        0.500000
 grid1/grid1_000030.png/png
 burst_profile/burst_profile000030.png/png
       retry log10(dt/yr), log10(dt), retry_factor     1    35       -5.231081        2.268031        0.500000
 grid1/grid1_000035.png/png
 burst_profile/burst_profile000035.png/png
       retry log10(dt/yr), log10(dt), retry_factor     1    36       -5.532111        1.967001        0.500000
       retry log10(dt/yr), log10(dt), retry_factor     1    40       -5.532111        1.967001        0.500000
 grid1/grid1_000040.png/png
 burst_profile/burst_profile000040.png/png
       retry log10(dt/yr), log10(dt), retry_factor     1    45       -5.231081        2.268031        0.500000
 grid1/grid1_000045.png/png
 burst_profile/burst_profile000045.png/png
       retry log10(dt/yr), log10(dt), retry_factor     1    49       -5.231081        2.268031        0.500000
 grid1/grid1_000050.png/png
 burst_profile/burst_profile000050.png/png
       retry log10(dt/yr), log10(dt), retry_factor     1    53       -5.231081        2.268031        0.500000
 grid1/grid1_000055.png/png
 burst_profile/burst_profile000055.png/png
       retry log10(dt/yr), log10(dt), retry_factor     1    56       -5.532111        1.967001        0.500000
       retry log10(dt/yr), log10(dt), retry_factor     2    56       -5.833141        1.665971        0.500000
 have reached retry limit so now backup
 grid1/grid1_000055.png/png
 burst_profile/burst_profile000055.png/png
       retry log10(dt/yr), log10(dt), retry_factor     1    58       -6.134171        1.364941        0.500000
       retry log10(dt/yr), log10(dt), retry_factor     2    58       -6.435201        1.063911        0.500000
 have reached retry limit so now backup
       retry log10(dt/yr), log10(dt), retry_factor     1    58       -6.736231        0.762881        0.500000
       retry log10(dt/yr), log10(dt), retry_factor     2    58       -7.037261        0.461851        0.500000
 have reached retry limit so now backup
       retry log10(dt/yr), log10(dt), retry_factor     1    60       -7.338291        0.160821        0.500000
       retry log10(dt/yr), log10(dt), retry_factor     2    60       -7.639321       -0.140209        0.500000
 have reached retry limit so now backup
 grid1/grid1_000060.png/png
 burst_profile/burst_profile000060.png/png
       retry log10(dt/yr), log10(dt), retry_factor     1    62       -7.940351       -0.441239        0.500000
       retry log10(dt/yr), log10(dt), retry_factor     2    62       -8.241381       -0.742269        0.500000
 grid1/grid1_000065.png/png
 burst_profile/burst_profile000065.png/png
 grid1/grid1_000070.png/png
 burst_profile/burst_profile000070.png/png
 grid1/grid1_000075.png/png
 burst_profile/burst_profile000075.png/png
       retry log10(dt/yr), log10(dt), retry_factor     1    76       -5.231081        2.268031        0.500000
       retry log10(dt/yr), log10(dt), retry_factor     2    76       -5.532111        1.967001        0.500000
       retry log10(dt/yr), log10(dt), retry_factor     1    77       -5.833141        1.665971        0.500000
       retry log10(dt/yr), log10(dt), retry_factor     2    77       -6.134171        1.364941        0.500000
 have reached retry limit so now backup
       retry log10(dt/yr), log10(dt), retry_factor     1    80       -6.435201        1.063911        0.500000
       retry log10(dt/yr), log10(dt), retry_factor     2    80       -6.736231        0.762881        0.500000
 have reached retry limit so now backup
 grid1/grid1_000080.png/png
 burst_profile/burst_profile000080.png/png
       retry log10(dt/yr), log10(dt), retry_factor     1    81       -7.037261        0.461851        0.500000
       retry log10(dt/yr), log10(dt), retry_factor     2    81       -7.338291        0.160821        0.500000
 have reached retry limit so now backup
 grid1/grid1_000080.png/png
 burst_profile/burst_profile000080.png/png
       retry log10(dt/yr), log10(dt), retry_factor     1    84       -7.639321       -0.140209        0.500000
       retry log10(dt/yr), log10(dt), retry_factor     2    84       -7.940351       -0.441239        0.500000
 have reached retry limit so now backup
       retry log10(dt/yr), log10(dt), retry_factor     1    84       -8.241381       -0.742269        0.500000
 grid1/grid1_000085.png/png
 burst_profile/burst_profile000085.png/png
 grid1/grid1_000090.png/png
 burst_profile/burst_profile000090.png/png
 grid1/grid1_000095.png/png
 burst_profile/burst_profile000095.png/png
       retry log10(dt/yr), log10(dt), retry_factor     1    97       -5.708197        1.790914        0.500000
       retry log10(dt/yr), log10(dt), retry_factor     1    98       -6.029742        1.469369        0.500000
       retry log10(dt/yr), log10(dt), retry_factor     1    99       -6.330772        1.168339        0.500000
        100   8.444841  4.670E+06   2.033172   2.166622   1.400000   1.400000   0.000000   0.000000   0.275200   0.100536  12.226478    752     31
  -6.029742   6.642744  -4.792800   1.206170   1.283423  -8.522879   0.000000   0.000000   0.000000   0.020000   0.058448  80.444496      6      8
 3.1300E-04  23.235090   2.045017   1.357015  13.860470  -0.943582   0.000000   0.000000   0.000000   0.000687  8.410E-01  0.987E-12          hold

 grid1/grid1_000100.png/png
 burst_profile/burst_profile000100.png/png
       retry log10(dt/yr), log10(dt), retry_factor     1   101       -6.631802        0.867309        0.500000
       retry log10(dt/yr), log10(dt), retry_factor     1   103       -6.932832        0.566279        0.500000
hydro_newton_step failed to accept
       retry log10(dt/yr), log10(dt), retry_factor     1   104       -7.233862        0.265249        0.500000
 grid1/grid1_000105.png/png
 burst_profile/burst_profile000105.png/png
       retry log10(dt/yr), log10(dt), retry_factor     1   106       -7.534892       -0.035780        0.500000
       retry log10(dt/yr), log10(dt), retry_factor     1   110       -7.649240       -0.150129        0.500000
       retry log10(dt/yr), log10(dt), retry_factor     2   110       -7.950270       -0.451159        0.500000
 grid1/grid1_000110.png/png
 burst_profile/burst_profile000110.png/png
       retry log10(dt/yr), log10(dt), retry_factor     1   112       -8.333830       -0.834718        0.500000
 grid1/grid1_000115.png/png
 burst_profile/burst_profile000115.png/png
 grid1/grid1_000120.png/png
 burst_profile/burst_profile000120.png/png
 grid1/grid1_000125.png/png
 burst_profile/burst_profile000125.png/png
 grid1/grid1_000130.png/png
 burst_profile/burst_profile000130.png/png
 grid1/grid1_000135.png/png
 burst_profile/burst_profile000135.png/png
 grid1/grid1_000140.png/png
 burst_profile/burst_profile000140.png/png
 grid1/grid1_000145.png/png
 burst_profile/burst_profile000145.png/png
 grid1/grid1_000150.png/png
 burst_profile/burst_profile000150.png/png
 grid1/grid1_000155.png/png
 burst_profile/burst_profile000155.png/png
 grid1/grid1_000160.png/png
 burst_profile/burst_profile000160.png/png
 grid1/grid1_000165.png/png
 burst_profile/burst_profile000165.png/png
                       super eddington wind: lg_Mdot, L/Ledd         166    -9.72853     1.00762
                       super eddington wind: lg_Mdot, L/Ledd         167    -9.00744     1.04003
                       super eddington wind: lg_Mdot, L/Ledd         168    -8.75663     1.07134
                       super eddington wind: lg_Mdot, L/Ledd         169    -8.63081     1.09512
                       super eddington wind: lg_Mdot, L/Ledd         170    -8.52085     1.12251
 grid1/grid1_000170.png/png
 burst_profile/burst_profile000170.png/png
                       super eddington wind: lg_Mdot, L/Ledd         171    -8.42363     1.15310
                       super eddington wind: lg_Mdot, L/Ledd         172    -8.60188     1.10139
                       super eddington wind: lg_Mdot, L/Ledd         173    -8.46072     1.14020
                       super eddington wind: lg_Mdot, L/Ledd         174    -8.38605     1.16654
                       super eddington wind: lg_Mdot, L/Ledd         175    -8.52882     1.11963
 grid1/grid1_000175.png/png
 burst_profile/burst_profile000175.png/png
                       super eddington wind: lg_Mdot, L/Ledd         176    -8.40366     1.15951
                       super eddington wind: lg_Mdot, L/Ledd         177    -8.32863     1.18968
                       super eddington wind: lg_Mdot, L/Ledd         178    -8.44897     1.14322
                       super eddington wind: lg_Mdot, L/Ledd         179    -8.33795     1.18490
                       super eddington wind: lg_Mdot, L/Ledd         180    -8.27184     1.21529
 grid1/grid1_000180.png/png
 burst_profile/burst_profile000180.png/png
                       super eddington wind: lg_Mdot, L/Ledd         181    -8.39477     1.16180
hydro_newton_step failed to accept
       retry log10(dt/yr), log10(dt), retry_factor     1   181       -9.101722       -1.602610        0.500000
                       super eddington wind: lg_Mdot, L/Ledd         181    -8.39477     1.16180
                       super eddington wind: lg_Mdot, L/Ledd         182    -8.30863     1.19724
                       super eddington wind: lg_Mdot, L/Ledd         183    -8.24723     1.22705
                       super eddington wind: lg_Mdot, L/Ledd         184    -8.36459     1.17304
                       super eddington wind: lg_Mdot, L/Ledd         185    -8.28273     1.20880
 grid1/grid1_000185.png/png
 burst_profile/burst_profile000185.png/png
                       super eddington wind: lg_Mdot, L/Ledd         186    -8.23718     1.23178
                       super eddington wind: lg_Mdot, L/Ledd         187    -8.35992     1.17432
                       super eddington wind: lg_Mdot, L/Ledd         188    -8.28331     1.20780
                       super eddington wind: lg_Mdot, L/Ledd         189    -8.25408     1.22197
                       super eddington wind: lg_Mdot, L/Ledd         190    -8.37538     1.16751
 grid1/grid1_000190.png/png
 burst_profile/burst_profile000190.png/png
                       super eddington wind: lg_Mdot, L/Ledd         191    -8.31731     1.19130
                       super eddington wind: lg_Mdot, L/Ledd         192    -8.29349     1.20178
                       super eddington wind: lg_Mdot, L/Ledd         193    -8.45600     1.13856
                       super eddington wind: lg_Mdot, L/Ledd         194    -8.39377     1.15965
                       super eddington wind: lg_Mdot, L/Ledd         195    -8.55771     1.10938
 grid1/grid1_000195.png/png
 burst_profile/burst_profile000195.png/png
                       super eddington wind: lg_Mdot, L/Ledd         196    -8.46456     1.13553
                       super eddington wind: lg_Mdot, L/Ledd         197    -8.38233     1.16374
                       super eddington wind: lg_Mdot, L/Ledd         198    -8.57419     1.10519
                       super eddington wind: lg_Mdot, L/Ledd         199    -8.50938     1.12215
                       super eddington wind: lg_Mdot, L/Ledd         200    -8.70215     1.07817
        200   8.956321  2.385E+07   3.711413   6.676209   1.400000   1.400000   0.000000   0.000000   0.294854   0.075163   2.994276    676     39
  -8.584774   6.567249  -4.791548   3.021946   4.373450  -8.702150   0.000000   0.000000   0.000000   0.204601   0.044633  23.380309      6      8
 3.1498E-04  23.235198   4.880060   6.675641  15.061831  -0.893115   0.000000   0.000000   0.000000   0.000687  8.802E-01  0.407E-04    varcontrol

 grid1/grid1_000200.png/png
 burst_profile/burst_profile000200.png/png
                       super eddington wind: lg_Mdot, L/Ledd         201    -8.58447     1.10258
                       super eddington wind: lg_Mdot, L/Ledd         202    -8.50795     1.12226
                       super eddington wind: lg_Mdot, L/Ledd         203    -8.74016     1.07158
                       super eddington wind: lg_Mdot, L/Ledd         204    -8.61817     1.09465
                       super eddington wind: lg_Mdot, L/Ledd         205    -9.16482     1.02687
 grid1/grid1_000205.png/png
 burst_profile/burst_profile000205.png/png
                       super eddington wind: lg_Mdot, L/Ledd         206    -8.97090     1.04199
                       super eddington wind: lg_Mdot, L/Ledd         210    -9.48406     1.01285
 grid1/grid1_000210.png/png
 burst_profile/burst_profile000210.png/png
       retry log10(dt/yr), log10(dt), retry_factor     1   214       -9.289655       -1.790544        0.500000
hydro_newton_step failed to accept
       retry log10(dt/yr), log10(dt), retry_factor     1   215       -9.590685       -2.091574        0.500000
 grid1/grid1_000215.png/png
 burst_profile/burst_profile000215.png/png
 grid1/grid1_000220.png/png
 burst_profile/burst_profile000220.png/png
 grid1/grid1_000225.png/png
 burst_profile/burst_profile000225.png/png
 grid1/grid1_000230.png/png
 burst_profile/burst_profile000230.png/png
 grid1/grid1_000235.png/png
 burst_profile/burst_profile000235.png/png
       retry log10(dt/yr), log10(dt), retry_factor     1   236       -7.652633       -0.153522        0.500000
       retry log10(dt/yr), log10(dt), retry_factor     2   236       -7.953663       -0.454552        0.500000
hydro_newton_step failed to accept
       retry log10(dt/yr), log10(dt), retry_factor     1   237       -8.351603       -0.852492        0.500000
hydro_newton_step failed to accept
       retry log10(dt/yr), log10(dt), retry_factor     2   237       -8.652633       -1.153522        0.500000
 have reached retry limit so now backup
hydro_newton_step failed to accept
       retry log10(dt/yr), log10(dt), retry_factor     1   239       -8.953663       -1.454552        0.500000
       retry log10(dt/yr), log10(dt), retry_factor     1   240       -9.254693       -1.755582        0.500000
 grid1/grid1_000240.png/png
 burst_profile/burst_profile000240.png/png
       retry log10(dt/yr), log10(dt), retry_factor     1   244       -9.254693       -1.755582        0.500000
 grid1/grid1_000245.png/png
 burst_profile/burst_profile000245.png/png
       retry log10(dt/yr), log10(dt), retry_factor     1   250       -8.652633       -1.153522        0.500000
       retry log10(dt/yr), log10(dt), retry_factor     2   250       -8.953663       -1.454552        0.500000
 grid1/grid1_000250.png/png
 burst_profile/burst_profile000250.png/png
 grid1/grid1_000255.png/png
 burst_profile/burst_profile000255.png/png
       retry log10(dt/yr), log10(dt), retry_factor     1   256       -8.351603       -0.852492        0.500000
 grid1/grid1_000260.png/png
 burst_profile/burst_profile000260.png/png
 grid1/grid1_000265.png/png
 burst_profile/burst_profile000265.png/png
 grid1/grid1_000270.png/png
 burst_profile/burst_profile000270.png/png
 grid1/grid1_000275.png/png
 burst_profile/burst_profile000275.png/png
       retry log10(dt/yr), log10(dt), retry_factor     1   279       -7.854336       -0.355224        0.500000
 grid1/grid1_000280.png/png
 burst_profile/burst_profile000280.png/png
 grid1/grid1_000285.png/png
 burst_profile/burst_profile000285.png/png
       retry log10(dt/yr), log10(dt), retry_factor     1   287       -7.726556       -0.227445        0.500000
hydro_newton_step failed to accept
       retry log10(dt/yr), log10(dt), retry_factor     2   287       -8.027586       -0.528475        0.500000
 have reached retry limit so now backup
 grid1/grid1_000290.png/png
 burst_profile/burst_profile000290.png/png
       retry log10(dt/yr), log10(dt), retry_factor     1   293       -7.608063       -0.108951        0.500000
       retry log10(dt/yr), log10(dt), retry_factor     1   295       -7.973233       -0.474122        0.500000
 grid1/grid1_000295.png/png
 burst_profile/burst_profile000295.png/png
       retry log10(dt/yr), log10(dt), retry_factor     1   296       -8.274263       -0.775152        0.500000
        300   8.788884  1.063E+07   1.961573   3.445834   1.400000   1.400000   0.000000   0.000000   0.275200   0.020281   5.082018    714     57
  -7.672203   6.611174  -4.792637   1.830636   2.735603  -8.522879   0.000000   0.000000   0.000000   0.020000   0.020495  35.557376      6     10
 3.1802E-04  23.235927   3.474483   3.420325  14.460295  -0.745881   0.000000   0.000000   0.000000   0.000687  9.592E-01  0.462E-09  max increase

 grid1/grid1_000300.png/png
 burst_profile/burst_profile000300.png/png
hydro_newton_step failed to accept
       retry log10(dt/yr), log10(dt), retry_factor     1   301       -7.973233       -0.474122        0.500000
       retry log10(dt/yr), log10(dt), retry_factor     2   301       -8.274263       -0.775152        0.500000
 grid1/grid1_000305.png/png
 burst_profile/burst_profile000305.png/png
hydro_newton_step failed to accept
       retry log10(dt/yr), log10(dt), retry_factor     1   310       -7.733817       -0.234706        0.500000
       retry log10(dt/yr), log10(dt), retry_factor     2   310       -8.034847       -0.535736        0.500000
 grid1/grid1_000310.png/png
 burst_profile/burst_profile000310.png/png
       retry log10(dt/yr), log10(dt), retry_factor     1   311       -8.335877       -0.836766        0.500000
 grid1/grid1_000315.png/png
 burst_profile/burst_profile000315.png/png
 grid1/grid1_000320.png/png
 burst_profile/burst_profile000320.png/png
 grid1/grid1_000325.png/png
 burst_profile/burst_profile000325.png/png
 grid1/grid1_000330.png/png
 burst_profile/burst_profile000330.png/png
 grid1/grid1_000335.png/png
 burst_profile/burst_profile000335.png/png
 grid1/grid1_000340.png/png
 burst_profile/burst_profile000340.png/png
 grid1/grid1_000345.png/png
 burst_profile/burst_profile000345.png/png
 grid1/grid1_000350.png/png
 burst_profile/burst_profile000350.png/png
 grid1/grid1_000355.png/png
 burst_profile/burst_profile000355.png/png
       retry log10(dt/yr), log10(dt), retry_factor     1   360       -5.606811        1.892301        0.500000
hydro_newton_step failed to accept
       retry log10(dt/yr), log10(dt), retry_factor     2   360       -5.907841        1.591271        0.500000
 have reached retry limit so now backup
 grid1/grid1_000360.png/png
 burst_profile/burst_profile000360.png/png
 grid1/grid1_000365.png/png
 burst_profile/burst_profile000365.png/png
       retry log10(dt/yr), log10(dt), retry_factor     1   366       -5.576046        1.923065        0.500000
 grid1/grid1_000370.png/png
 burst_profile/burst_profile000370.png/png
       retry log10(dt/yr), log10(dt), retry_factor     1   371       -5.275016        2.224095        0.500000
hydro_newton_step failed to accept
       retry log10(dt/yr), log10(dt), retry_factor     2   371       -5.576046        1.923065        0.500000
 have reached retry limit so now backup
 grid1/grid1_000370.png/png
 burst_profile/burst_profile000370.png/png
       retry log10(dt/yr), log10(dt), retry_factor     1   371       -5.973986        1.525125        0.500000
       retry log10(dt/yr), log10(dt), retry_factor     2   371       -6.275016        1.224095        0.500000
       retry log10(dt/yr), log10(dt), retry_factor     1   375       -6.275016        1.224095        0.500000
 grid1/grid1_000375.png/png
 burst_profile/burst_profile000375.png/png
 grid1/grid1_000380.png/png
 burst_profile/burst_profile000380.png/png
       retry log10(dt/yr), log10(dt), retry_factor     1   382       -5.501514        1.997597        0.500000
 grid1/grid1_000385.png/png
 burst_profile/burst_profile000385.png/png
       retry log10(dt/yr), log10(dt), retry_factor     1   387       -5.446961        2.052151        0.500000
       retry log10(dt/yr), log10(dt), retry_factor     1   388       -5.844901        1.654211        0.500000
       retry log10(dt/yr), log10(dt), retry_factor     1   389       -6.145931        1.353181        0.500000
       retry log10(dt/yr), log10(dt), retry_factor     1   390       -6.446961        1.052151        0.500000
 grid1/grid1_000390.png/png
 burst_profile/burst_profile000390.png/png
 grid1/grid1_000395.png/png
 burst_profile/burst_profile000395.png/png
       retry log10(dt/yr), log10(dt), retry_factor     1   398       -5.503037        1.996074        0.500000
hydro_newton_step failed to accept
       retry log10(dt/yr), log10(dt), retry_factor     2   398       -5.804067        1.695044        0.500000
       retry log10(dt/yr), log10(dt), retry_factor     1   399       -6.105097        1.394014        0.500000
        400   8.346862  3.630E+06   1.788663   1.803008   1.400000   1.400000   0.000000   0.000000   0.275200   0.061861  15.874542    755     78
  -5.804067   6.667850  -4.792872  -0.943412   0.690861  -8.522879   0.000000   0.000000   0.000000   0.020000   0.043838 102.764503      6     12
 5.0418E-04  23.267898   1.607390   0.290110  13.575132  -1.116899   0.000000   0.000000   0.000000   0.000687  8.943E-01 -0.263E-11          hold

 grid1/grid1_000400.png/png
 burst_profile/burst_profile000400.png/png
       retry log10(dt/yr), log10(dt), retry_factor     1   401       -6.406127        1.092984        0.500000
       retry log10(dt/yr), log10(dt), retry_factor     2   401       -6.707157        0.791954        0.500000
 have reached retry limit so now backup
        400   8.346501  3.629E+06   1.518197   1.544629   1.400000   1.400000   0.000000   0.000000   0.275200   0.061629  15.885458    755     80
  -6.406127   6.667728  -4.792873  -0.958223   0.690154  -8.522879   0.000000   0.000000   0.000000   0.020000   0.043681 102.840295      6     13
 5.0300E-04  23.267701   1.606730   0.292092  13.574703  -1.117160   0.000000   0.000000   0.000000   0.000687  8.947E-01  0.903E-11        backup

 grid1/grid1_000400.png/png
 burst_profile/burst_profile000400.png/png
       retry log10(dt/yr), log10(dt), retry_factor     1   402       -7.008187        0.490924        0.500000
       retry log10(dt/yr), log10(dt), retry_factor     2   402       -7.309217        0.189894        0.500000
 have reached retry limit so now backup
       retry log10(dt/yr), log10(dt), retry_factor     1   402       -7.610247       -0.111136        0.500000
       retry log10(dt/yr), log10(dt), retry_factor     2   402       -7.911277       -0.412166        0.500000
 grid1/grid1_000405.png/png
 burst_profile/burst_profile000405.png/png
 grid1/grid1_000410.png/png
 burst_profile/burst_profile000410.png/png
       retry log10(dt/yr), log10(dt), retry_factor     1   415       -5.458786        2.040325        0.500000
       retry log10(dt/yr), log10(dt), retry_factor     2   415       -5.759816        1.739295        0.500000
 have reached retry limit so now backup
 grid1/grid1_000415.png/png
 burst_profile/burst_profile000415.png/png
       retry log10(dt/yr), log10(dt), retry_factor     1   420       -5.628797        1.870314        0.500000
 grid1/grid1_000420.png/png
 burst_profile/burst_profile000420.png/png
hydro_newton_step failed to accept
       retry log10(dt/yr), log10(dt), retry_factor     1   421       -6.026737        1.472374        0.500000
 grid1/grid1_000425.png/png
 burst_profile/burst_profile000425.png/png
       retry log10(dt/yr), log10(dt), retry_factor     1   426       -5.631914        1.867197        0.500000
hydro_newton_step failed to accept
       retry log10(dt/yr), log10(dt), retry_factor     1   427       -5.977791        1.521321        0.500000
hydro_newton_step failed to accept
       retry log10(dt/yr), log10(dt), retry_factor     1   428       -6.375731        1.123381        0.500000
 grid1/grid1_000430.png/png
 burst_profile/burst_profile000430.png/png
       retry log10(dt/yr), log10(dt), retry_factor     1   431       -6.074701        1.424411        0.500000
hydro_newton_step failed to accept
       retry log10(dt/yr), log10(dt), retry_factor     2   431       -6.375731        1.123381        0.500000
 have reached retry limit so now backup
 grid1/grid1_000430.png/png
 burst_profile/burst_profile000430.png/png
       retry log10(dt/yr), log10(dt), retry_factor     1   432       -6.744069        0.755043        0.500000
       retry log10(dt/yr), log10(dt), retry_factor     1   433       -7.045099        0.454013        0.500000
 grid1/grid1_000435.png/png
 burst_profile/burst_profile000435.png/png
 grid1/grid1_000440.png/png
 burst_profile/burst_profile000440.png/png
       retry log10(dt/yr), log10(dt), retry_factor     1   442       -5.840646        1.658466        0.500000
       retry log10(dt/yr), log10(dt), retry_factor     2   442       -6.141676        1.357436        0.500000
hydro_newton_step failed to accept
       retry log10(dt/yr), log10(dt), retry_factor     1   443       -6.533376        0.965735        0.500000
        444   8.420107  4.408E+06   1.919250   2.017810   1.400000   1.400000   0.000000   0.000000   0.275200   0.075769  13.489154    760     98
  -6.320658   6.674438  -4.792812   1.117926   1.090113  -8.522879   0.000000   0.000000   0.000000   0.020000   0.053623  87.255815      6     16
 5.8391E-04  23.280874   1.944791   0.904914  13.795930  -0.982368   0.000000   0.000000   0.000000   0.000687  8.706E-01  0.776E-11          dH/H

save LOGS/profile3.data for model 444
 grid1/grid1_000445.png/png
 burst_profile/burst_profile000445.png/png
       retry log10(dt/yr), log10(dt), retry_factor     1   447       -6.320658        1.178454        0.500000
       retry log10(dt/yr), log10(dt), retry_factor     1   448       -6.621688        0.877424        0.500000
       retry log10(dt/yr), log10(dt), retry_factor     1   450       -6.922718        0.576394        0.500000
 grid1/grid1_000450.png/png
 burst_profile/burst_profile000450.png/png
       retry log10(dt/yr), log10(dt), retry_factor     1   451       -7.223748        0.275364        0.500000
       retry log10(dt/yr), log10(dt), retry_factor     1   452       -7.524778       -0.025666        0.500000
 grid1/grid1_000455.png/png
 burst_profile/burst_profile000455.png/png
       retry log10(dt/yr), log10(dt), retry_factor     1   456       -7.757546       -0.258435        0.500000
       retry log10(dt/yr), log10(dt), retry_factor     2   456       -8.058576       -0.559465        0.500000
 have reached retry limit so now backup
 grid1/grid1_000455.png/png
 burst_profile/burst_profile000455.png/png
       retry log10(dt/yr), log10(dt), retry_factor     1   459       -8.359606       -0.860495        0.500000
 grid1/grid1_000460.png/png
 burst_profile/burst_profile000460.png/png
 grid1/grid1_000465.png/png
 burst_profile/burst_profile000465.png/png
       retry log10(dt/yr), log10(dt), retry_factor     1   466       -8.365200       -0.866088        0.500000
 grid1/grid1_000470.png/png
 burst_profile/burst_profile000470.png/png
 grid1/grid1_000475.png/png
 burst_profile/burst_profile000475.png/png
 grid1/grid1_000480.png/png
 burst_profile/burst_profile000480.png/png
 grid1/grid1_000485.png/png
 burst_profile/burst_profile000485.png/png
 grid1/grid1_000490.png/png
 burst_profile/burst_profile000490.png/png
       retry log10(dt/yr), log10(dt), retry_factor     1   493       -9.378988       -1.879876        0.500000
 grid1/grid1_000495.png/png
 burst_profile/burst_profile000495.png/png
       retry log10(dt/yr), log10(dt), retry_factor     1   498       -9.077958       -1.578846        0.500000
       retry log10(dt/yr), log10(dt), retry_factor     2   498       -9.378988       -1.879876        0.500000
        500   8.464204  1.429E+07   3.549901   6.419956   1.400000   1.400000   0.000000   0.000000   0.275200   0.072500  12.143232    765    110
  -9.077958   6.673163  -4.792114   3.276768   4.174288  -8.522879   0.000000   0.000000   0.000000   0.020000   0.047029  78.753942      6     17
 5.8805E-04  23.281453   3.989642   6.419057  14.583598  -0.839175   0.000000   0.000000   0.000000   0.000687  8.805E-01 -0.443E-08          hold

save LOGS/profile4.data for model 500
save photos/x500 for model 500
 grid1/grid1_000500.png/png
 burst_profile/burst_profile000500.png/png
 grid1/grid1_000505.png/png
 burst_profile/burst_profile000505.png/png
 grid1/grid1_000510.png/png
 burst_profile/burst_profile000510.png/png
 grid1/grid1_000515.png/png
 burst_profile/burst_profile000515.png/png
 grid1/grid1_000520.png/png
 burst_profile/burst_profile000520.png/png
 grid1/grid1_000525.png/png
 burst_profile/burst_profile000525.png/png
 grid1/grid1_000530.png/png
 burst_profile/burst_profile000530.png/png
 grid1/grid1_000535.png/png
 burst_profile/burst_profile000535.png/png
 grid1/grid1_000540.png/png
 burst_profile/burst_profile000540.png/png
 grid1/grid1_000545.png/png
 burst_profile/burst_profile000545.png/png
 grid1/grid1_000550.png/png
 burst_profile/burst_profile000550.png/png
 grid1/grid1_000555.png/png
 burst_profile/burst_profile000555.png/png
       retry log10(dt/yr), log10(dt), retry_factor     1   559       -7.636591       -0.137479        0.500000
       retry log10(dt/yr), log10(dt), retry_factor     1   560       -8.034531       -0.535419        0.500000
 grid1/grid1_000560.png/png
 burst_profile/burst_profile000560.png/png
hydro_newton_step failed to accept
       retry log10(dt/yr), log10(dt), retry_factor     1   561       -8.432471       -0.933359        0.500000
       retry log10(dt/yr), log10(dt), retry_factor     2   561       -8.733501       -1.234389        0.500000
 have reached retry limit so now backup
 grid1/grid1_000560.png/png
 burst_profile/burst_profile000560.png/png
       retry log10(dt/yr), log10(dt), retry_factor     1   563       -9.034531       -1.535419        0.500000
       retry log10(dt/yr), log10(dt), retry_factor     1   564       -9.335561       -1.836449        0.500000
 grid1/grid1_000565.png/png
 burst_profile/burst_profile000565.png/png
 grid1/grid1_000570.png/png
 burst_profile/burst_profile000570.png/png
hydro_newton_step failed to accept
       retry log10(dt/yr), log10(dt), retry_factor     1   571       -8.432471       -0.933359        0.500000
hydro_newton_step failed to accept
       retry log10(dt/yr), log10(dt), retry_factor     1   572       -8.432471       -0.933359        0.500000
 grid1/grid1_000575.png/png
 burst_profile/burst_profile000575.png/png
 grid1/grid1_000580.png/png
 burst_profile/burst_profile000580.png/png
 grid1/grid1_000585.png/png
 burst_profile/burst_profile000585.png/png
 grid1/grid1_000590.png/png
 burst_profile/burst_profile000590.png/png
 grid1/grid1_000595.png/png
 burst_profile/burst_profile000595.png/png
       retry log10(dt/yr), log10(dt), retry_factor     1   596       -8.005057       -0.505945        0.500000
        600   8.842964  1.210E+07   2.212486   3.931205   1.400000   1.400000   0.000000   0.000000   0.275200   0.019592   4.556728    856    119
  -7.402997   6.634034  -4.792534   2.053942   2.956994  -8.522879   0.000000   0.000000   0.000000   0.020000   0.020399  31.949908      9     18
 5.9054E-04  23.281902   3.699921   3.916911  14.506348  -0.784979   0.000000   0.000000   0.000000   0.000687  9.600E-01  0.108E-07  max increase

 grid1/grid1_000600.png/png
 burst_profile/burst_profile000600.png/png
       retry log10(dt/yr), log10(dt), retry_factor     1   605       -7.806478       -0.307366        0.500000
       retry log10(dt/yr), log10(dt), retry_factor     2   605       -8.107508       -0.608396        0.500000
 have reached retry limit so now backup
 grid1/grid1_000605.png/png
 burst_profile/burst_profile000605.png/png
 grid1/grid1_000610.png/png
 burst_profile/burst_profile000610.png/png
 grid1/grid1_000615.png/png
 burst_profile/burst_profile000615.png/png
       retry log10(dt/yr), log10(dt), retry_factor     1   616       -7.708365       -0.209254        0.500000
       retry log10(dt/yr), log10(dt), retry_factor     2   616       -8.009395       -0.510284        0.500000
 have reached retry limit so now backup
 grid1/grid1_000615.png/png
 burst_profile/burst_profile000615.png/png
 grid1/grid1_000620.png/png
 burst_profile/burst_profile000620.png/png
 grid1/grid1_000625.png/png
 burst_profile/burst_profile000625.png/png
 grid1/grid1_000630.png/png
 burst_profile/burst_profile000630.png/png
 grid1/grid1_000635.png/png
 burst_profile/burst_profile000635.png/png
 grid1/grid1_000640.png/png
 burst_profile/burst_profile000640.png/png
 grid1/grid1_000645.png/png
 burst_profile/burst_profile000645.png/png
 grid1/grid1_000650.png/png
 burst_profile/burst_profile000650.png/png
 grid1/grid1_000655.png/png
 burst_profile/burst_profile000655.png/png
 grid1/grid1_000660.png/png
 burst_profile/burst_profile000660.png/png
 grid1/grid1_000665.png/png
 burst_profile/burst_profile000665.png/png
       retry log10(dt/yr), log10(dt), retry_factor     1   666       -5.486974        2.012138        0.500000
       retry log10(dt/yr), log10(dt), retry_factor     2   666       -5.788004        1.711108        0.500000
 have reached retry limit so now backup
 grid1/grid1_000665.png/png
 burst_profile/burst_profile000665.png/png
 grid1/grid1_000670.png/png
 burst_profile/burst_profile000670.png/png
       retry log10(dt/yr), log10(dt), retry_factor     1   671       -5.638722        1.860389        0.500000
       retry log10(dt/yr), log10(dt), retry_factor     1   672       -5.939752        1.559359        0.500000
 grid1/grid1_000675.png/png
 burst_profile/burst_profile000675.png/png
       retry log10(dt/yr), log10(dt), retry_factor     1   678       -5.546115        1.952996        0.500000
 grid1/grid1_000680.png/png
 burst_profile/burst_profile000680.png/png
       retry log10(dt/yr), log10(dt), retry_factor     1   683       -5.460260        2.038852        0.500000
       retry log10(dt/yr), log10(dt), retry_factor     2   683       -5.761290        1.737822        0.500000
       retry log10(dt/yr), log10(dt), retry_factor     1   684       -6.062320        1.436792        0.500000
 grid1/grid1_000685.png/png
 burst_profile/burst_profile000685.png/png
 grid1/grid1_000690.png/png
 burst_profile/burst_profile000690.png/png
       retry log10(dt/yr), log10(dt), retry_factor     1   691       -5.368862        2.130249        0.500000
 grid1/grid1_000695.png/png
 burst_profile/burst_profile000695.png/png
       retry log10(dt/yr), log10(dt), retry_factor     1   696       -5.564563        1.934549        0.500000
       retry log10(dt/yr), log10(dt), retry_factor     2   696       -5.865593        1.633519        0.500000
       retry log10(dt/yr), log10(dt), retry_factor     1   697       -6.263533        1.235579        0.500000
       retry log10(dt/yr), log10(dt), retry_factor     1   698       -6.564563        0.934549        0.500000
        700   8.362872  3.777E+06   1.592958   1.624075   1.400000   1.400000   0.000000   0.000000   0.275200   0.061839  15.911739    912    136
  -6.263533   6.699401  -4.792844  -0.340880   0.769372  -8.522879   0.000000   0.000000   0.000000   0.020000   0.045088 101.472864      6     21
 8.0943E-04  23.315653   1.676596   0.389768  13.620458  -1.089170   0.000000   0.000000   0.000000   0.000687  8.931E-01 -0.840E-11          hold

 grid1/grid1_000700.png/png
 burst_profile/burst_profile000700.png/png
 grid1/grid1_000705.png/png
 burst_profile/burst_profile000705.png/png
       retry log10(dt/yr), log10(dt), retry_factor     1   706       -5.747322        1.751789        0.500000
       retry log10(dt/yr), log10(dt), retry_factor     2   706       -6.048352        1.450759        0.500000
 have reached retry limit so now backup
 grid1/grid1_000705.png/png
 burst_profile/burst_profile000705.png/png
hydro_newton_step failed to accept
       retry log10(dt/yr), log10(dt), retry_factor     1   710       -6.123360        1.375752        0.500000
 grid1/grid1_000710.png/png
 burst_profile/burst_profile000710.png/png
       retry log10(dt/yr), log10(dt), retry_factor     1   713       -5.575807        1.923305        0.500000
       retry log10(dt/yr), log10(dt), retry_factor     1   714       -5.876837        1.622275        0.500000
hydro_newton_step failed to accept
       retry log10(dt/yr), log10(dt), retry_factor     1   715       -6.274777        1.224335        0.500000
       retry log10(dt/yr), log10(dt), retry_factor     2   715       -6.575807        0.923305        0.500000
 grid1/grid1_000715.png/png
 burst_profile/burst_profile000715.png/png
       retry log10(dt/yr), log10(dt), retry_factor     1   716       -6.876837        0.622275        0.500000
 grid1/grid1_000720.png/png
 burst_profile/burst_profile000720.png/png
       retry log10(dt/yr), log10(dt), retry_factor     1   724       -5.962342        1.536770        0.500000
       retry log10(dt/yr), log10(dt), retry_factor     2   724       -6.263372        1.235740        0.500000
 have reached retry limit so now backup
 grid1/grid1_000725.png/png
 burst_profile/burst_profile000725.png/png
       retry log10(dt/yr), log10(dt), retry_factor     1   728       -6.422661        1.076450        0.500000
 grid1/grid1_000730.png/png
 burst_profile/burst_profile000730.png/png
       retry log10(dt/yr), log10(dt), retry_factor     1   732       -6.422661        1.076450        0.500000
       retry log10(dt/yr), log10(dt), retry_factor     1   733       -6.723691        0.775420        0.500000
hydro_newton_step failed to accept
       retry log10(dt/yr), log10(dt), retry_factor     1   734       -7.024721        0.474390        0.500000
 grid1/grid1_000735.png/png
 burst_profile/burst_profile000735.png/png
       retry log10(dt/yr), log10(dt), retry_factor     1   737       -7.024721        0.474390        0.500000
       retry log10(dt/yr), log10(dt), retry_factor     2   737       -7.325751        0.173360        0.500000
       retry log10(dt/yr), log10(dt), retry_factor     1   738       -7.626781       -0.127670        0.500000
       retry log10(dt/yr), log10(dt), retry_factor     1   740       -7.927811       -0.428699        0.500000
 grid1/grid1_000740.png/png
 burst_profile/burst_profile000740.png/png
       retry log10(dt/yr), log10(dt), retry_factor     1   741       -8.228841       -0.729729        0.500000
       retry log10(dt/yr), log10(dt), retry_factor     1   742       -8.529871       -1.030759        0.500000
       retry log10(dt/yr), log10(dt), retry_factor     2   742       -8.830901       -1.331789        0.500000
 grid1/grid1_000745.png/png
 burst_profile/burst_profile000745.png/png
 grid1/grid1_000750.png/png
 burst_profile/burst_profile000750.png/png
 grid1/grid1_000755.png/png
 burst_profile/burst_profile000755.png/png
 grid1/grid1_000760.png/png
 burst_profile/burst_profile000760.png/png
 grid1/grid1_000765.png/png
 burst_profile/burst_profile000765.png/png
 grid1/grid1_000770.png/png
 burst_profile/burst_profile000770.png/png
 grid1/grid1_000775.png/png
 burst_profile/burst_profile000775.png/png
 grid1/grid1_000780.png/png
 burst_profile/burst_profile000780.png/png
       retry log10(dt/yr), log10(dt), retry_factor     1   783       -9.397718       -1.898607        0.500000
 grid1/grid1_000785.png/png
 burst_profile/burst_profile000785.png/png
 grid1/grid1_000790.png/png
 burst_profile/burst_profile000790.png/png
 grid1/grid1_000795.png/png
 burst_profile/burst_profile000795.png/png
        800   8.461921  2.028E+07   3.642314   6.818295   1.400000   1.400000   0.000000   0.000000   0.294026   0.061013  12.649946    987    158
  -7.954442   6.701239  -4.791720   3.032607   4.200266  -8.522879   0.000000   0.000000   0.000000   0.179887   0.039019  80.893554      7     23
 8.5993E-04  23.322933   4.598662   6.817934  14.872824  -0.859083   0.000000   0.000000   0.000000   0.000687  9.000E-01  0.113E-07        lgTeff

 grid1/grid1_000800.png/png
 burst_profile/burst_profile000800.png/png
 grid1/grid1_000805.png/png
 burst_profile/burst_profile000805.png/png
 grid1/grid1_000810.png/png
 burst_profile/burst_profile000810.png/png
 grid1/grid1_000815.png/png
 burst_profile/burst_profile000815.png/png
 grid1/grid1_000820.png/png
 burst_profile/burst_profile000820.png/png
 grid1/grid1_000825.png/png
 burst_profile/burst_profile000825.png/png
 grid1/grid1_000830.png/png
 burst_profile/burst_profile000830.png/png
 grid1/grid1_000835.png/png
 burst_profile/burst_profile000835.png/png
 grid1/grid1_000840.png/png
 burst_profile/burst_profile000840.png/png
       retry log10(dt/yr), log10(dt), retry_factor     1   842       -7.799651       -0.300539        0.500000
       retry log10(dt/yr), log10(dt), retry_factor     2   842       -8.100681       -0.601569        0.500000
hydro_newton_step failed to accept
       retry log10(dt/yr), log10(dt), retry_factor     1   843       -8.487179       -0.988068        0.500000
 grid1/grid1_000845.png/png
 burst_profile/burst_profile000845.png/png
 grid1/grid1_000850.png/png
 burst_profile/burst_profile000850.png/png
 grid1/grid1_000855.png/png
 burst_profile/burst_profile000855.png/png
 grid1/grid1_000860.png/png
 burst_profile/burst_profile000860.png/png
 grid1/grid1_000865.png/png
 burst_profile/burst_profile000865.png/png
 grid1/grid1_000870.png/png
 burst_profile/burst_profile000870.png/png
       retry log10(dt/yr), log10(dt), retry_factor     1   875       -8.046748       -0.547637        0.500000
 grid1/grid1_000875.png/png
 burst_profile/burst_profile000875.png/png
 grid1/grid1_000880.png/png
 burst_profile/burst_profile000880.png/png
       retry log10(dt/yr), log10(dt), retry_factor     1   884       -7.806353       -0.307242        0.500000
hydro_newton_step failed to accept
       retry log10(dt/yr), log10(dt), retry_factor     2   884       -8.107383       -0.608272        0.500000
 have reached retry limit so now backup
 grid1/grid1_000885.png/png
 burst_profile/burst_profile000885.png/png
       retry log10(dt/yr), log10(dt), retry_factor     1   890       -7.505323       -0.006212        0.500000
 grid1/grid1_000890.png/png
 burst_profile/burst_profile000890.png/png
       retry log10(dt/yr), log10(dt), retry_factor     1   891       -7.806353       -0.307242        0.500000
       retry log10(dt/yr), log10(dt), retry_factor     2   891       -8.107383       -0.608272        0.500000
 grid1/grid1_000895.png/png
 burst_profile/burst_profile000895.png/png
       retry log10(dt/yr), log10(dt), retry_factor     1   897       -7.505323       -0.006212        0.500000
        900   8.772899  8.981E+06   1.498315   2.834735   1.400000   1.400000   0.000000   0.000000   0.275200   0.016452   5.787002    902    168
  -7.204293   6.676464  -4.792690   1.573514   2.297307  -8.522879   0.000000   0.000000   0.000000   0.020000   0.018222  38.786211      6     24
 8.6330E-04  23.323537   3.181382   2.788550  14.392877  -0.718376   0.000000   0.000000   0.000000   0.000687  9.653E-01  0.877E-10          hold

 grid1/grid1_000900.png/png
 burst_profile/burst_profile000900.png/png
 grid1/grid1_000905.png/png
 burst_profile/burst_profile000905.png/png
 grid1/grid1_000910.png/png
 burst_profile/burst_profile000910.png/png
 grid1/grid1_000915.png/png
 burst_profile/burst_profile000915.png/png
 grid1/grid1_000920.png/png
 burst_profile/burst_profile000920.png/png
 grid1/grid1_000925.png/png
 burst_profile/burst_profile000925.png/png
 grid1/grid1_000930.png/png
 burst_profile/burst_profile000930.png/png
 grid1/grid1_000935.png/png
 burst_profile/burst_profile000935.png/png
 grid1/grid1_000940.png/png
 burst_profile/burst_profile000940.png/png
 grid1/grid1_000945.png/png
 burst_profile/burst_profile000945.png/png
       retry log10(dt/yr), log10(dt), retry_factor     1   948       -5.525724        1.973387        0.500000
hydro_newton_step failed to accept
       retry log10(dt/yr), log10(dt), retry_factor     2   948       -5.826754        1.672357        0.500000
 have reached retry limit so now backup
 grid1/grid1_000950.png/png
 burst_profile/burst_profile000950.png/png
       retry log10(dt/yr), log10(dt), retry_factor     1   954       -5.460424        2.038688        0.500000
hydro_newton_step failed to accept
       retry log10(dt/yr), log10(dt), retry_factor     2   954       -5.761454        1.737658        0.500000
 have reached retry limit so now backup
 grid1/grid1_000955.png/png
 burst_profile/burst_profile000955.png/png
       retry log10(dt/yr), log10(dt), retry_factor     1   960       -5.459513        2.039598        0.500000
 grid1/grid1_000960.png/png
 burst_profile/burst_profile000960.png/png
       retry log10(dt/yr), log10(dt), retry_factor     1   964       -5.857453        1.641658        0.500000
 grid1/grid1_000965.png/png
 burst_profile/burst_profile000965.png/png
       retry log10(dt/yr), log10(dt), retry_factor     1   969       -5.683852        1.815259        0.500000
 grid1/grid1_000970.png/png
 burst_profile/burst_profile000970.png/png
       retry log10(dt/yr), log10(dt), retry_factor     1   974       -5.474705        2.024406        0.500000
       retry log10(dt/yr), log10(dt), retry_factor     1   975       -5.775735        1.723377        0.500000
 grid1/grid1_000975.png/png
 burst_profile/burst_profile000975.png/png
 grid1/grid1_000980.png/png
 burst_profile/burst_profile000980.png/png
       retry log10(dt/yr), log10(dt), retry_factor     1   981       -5.618984        1.880128        0.500000
       retry log10(dt/yr), log10(dt), retry_factor     2   981       -5.920014        1.579098        0.500000
 grid1/grid1_000985.png/png
 burst_profile/burst_profile000985.png/png
       retry log10(dt/yr), log10(dt), retry_factor     1   987       -5.560249        1.938863        0.500000
       retry log10(dt/yr), log10(dt), retry_factor     2   987       -5.861279        1.637833        0.500000
 have reached retry limit so now backup
hydro_newton_step failed to accept
       retry log10(dt/yr), log10(dt), retry_factor     1   989       -6.162309        1.336803        0.500000
hydro_newton_step failed to accept
       retry log10(dt/yr), log10(dt), retry_factor     2   989       -6.463339        1.035773        0.500000
 grid1/grid1_000990.png/png
 burst_profile/burst_profile000990.png/png
       retry log10(dt/yr), log10(dt), retry_factor     1   994       -5.921591        1.577521        0.500000
       retry log10(dt/yr), log10(dt), retry_factor     2   994       -6.222621        1.276491        0.500000
 grid1/grid1_000995.png/png
 burst_profile/burst_profile000995.png/png
       retry log10(dt/yr), log10(dt), retry_factor     1   998       -6.222621        1.276491        0.500000
       retry log10(dt/yr), log10(dt), retry_factor     1   999       -6.523651        0.975461        0.500000

__________________________________________________________________________________________________________________________________________________

       step    lg_Tcntr    Teff       lg_LH     lg_Lnuc     Mass       H_rich     H_cntr     N_cntr     Y_surf     X_avg     eta_cntr  zones retry
   lg_dt_yr    lg_Dcntr    lg_R       lg_L3a    lg_Lneu     lg_Mdot    He_core    He_cntr    O_cntr     Z_surf     Y_avg     gam_cntr  iters bckup
     age_yr    lg_Pcntr    lg_L       lg_LZ     lg_Psurf    lg_Dsurf   C_core     C_cntr     Ne_cntr    Si_cntr    Z_avg     v_div_cs     dt_limit
__________________________________________________________________________________________________________________________________________________

       1000   8.433199  4.621E+06   2.005630   2.178548   1.400000   1.400000   0.000000   0.000000   0.275200   0.062909  13.987502    926    187
  -6.222621   6.727650  -4.792776   1.435457   1.244112  -8.522879   0.000000   0.000000   0.000000   0.020000   0.045820  88.194150      6     27
 1.1292E-03  23.360603   2.026977   1.348118  13.848848  -0.950449   0.000000   0.000000   0.000000   0.000687  8.913E-01  0.358E-11          hold

save LOGS/profile5.data for model 1000
save photos/1000 for model 1000
 grid1/grid1_001000.png/png
 burst_profile/burst_profile001000.png/png
       retry log10(dt/yr), log10(dt), retry_factor     1  1002       -6.824681        0.674431        0.500000
       retry log10(dt/yr), log10(dt), retry_factor     2  1002       -7.125711        0.373401        0.500000
 grid1/grid1_001005.png/png
 burst_profile/burst_profile001005.png/png
       retry log10(dt/yr), log10(dt), retry_factor     1  1006       -7.207429        0.291683        0.500000
       retry log10(dt/yr), log10(dt), retry_factor     2  1006       -7.508459       -0.009347        0.500000
       retry log10(dt/yr), log10(dt), retry_factor     1  1009       -7.809489       -0.310377        0.500000
       retry log10(dt/yr), log10(dt), retry_factor     1  1010       -8.180561       -0.681450        0.500000
       retry log10(dt/yr), log10(dt), retry_factor     2  1010       -8.481591       -0.982480        0.500000
 grid1/grid1_001010.png/png
 burst_profile/burst_profile001010.png/png
 grid1/grid1_001015.png/png
 burst_profile/burst_profile001015.png/png
 grid1/grid1_001020.png/png
 burst_profile/burst_profile001020.png/png
 grid1/grid1_001025.png/png
 burst_profile/burst_profile001025.png/png
 grid1/grid1_001030.png/png
 burst_profile/burst_profile001030.png/png
 grid1/grid1_001035.png/png
 burst_profile/burst_profile001035.png/png
 grid1/grid1_001040.png/png
 burst_profile/burst_profile001040.png/png
       retry log10(dt/yr), log10(dt), retry_factor     1  1041       -9.325590       -1.826478        0.500000
 grid1/grid1_001045.png/png
 burst_profile/burst_profile001045.png/png
 grid1/grid1_001050.png/png
 burst_profile/burst_profile001050.png/png
 grid1/grid1_001055.png/png
 burst_profile/burst_profile001055.png/png
 grid1/grid1_001060.png/png
 burst_profile/burst_profile001060.png/png
 grid1/grid1_001065.png/png
 burst_profile/burst_profile001065.png/png
 grid1/grid1_001070.png/png
 burst_profile/burst_profile001070.png/png
 grid1/grid1_001075.png/png
 burst_profile/burst_profile001075.png/png
 grid1/grid1_001080.png/png
 burst_profile/burst_profile001080.png/png
 grid1/grid1_001085.png/png
 burst_profile/burst_profile001085.png/png
 grid1/grid1_001090.png/png
 burst_profile/burst_profile001090.png/png
 grid1/grid1_001095.png/png
 burst_profile/burst_profile001095.png/png
       retry log10(dt/yr), log10(dt), retry_factor     1  1096       -7.527290       -0.028178        0.500000
       retry log10(dt/yr), log10(dt), retry_factor     2  1096       -7.828320       -0.329208        0.500000
 have reached retry limit so now backup
 grid1/grid1_001095.png/png
 burst_profile/burst_profile001095.png/png
       retry log10(dt/yr), log10(dt), retry_factor     1  1097       -8.129350       -0.630238        0.500000
       1100   8.960497  1.689E+07   2.933293   5.624708   1.400000   1.400000   0.000000   0.000000   0.276947   0.027012   3.437974    994    198
  -7.828320   6.663006  -4.792190   2.547399   3.625720  -8.522879   0.000000   0.000000   0.000000   0.227935   0.022596  24.922634      6     28
 1.1318E-03  23.360854   4.279150   5.623458  14.694597  -0.893517   0.000000   0.000000   0.000000   0.000687  9.504E-01 -0.439E-07          hold

 grid1/grid1_001100.png/png
 burst_profile/burst_profile001100.png/png
hydro_newton_step failed to accept
       retry log10(dt/yr), log10(dt), retry_factor     1  1104       -8.136974       -0.637862        0.500000
       retry log10(dt/yr), log10(dt), retry_factor     2  1104       -8.438004       -0.938892        0.500000
 grid1/grid1_001105.png/png
 burst_profile/burst_profile001105.png/png
 grid1/grid1_001110.png/png
 burst_profile/burst_profile001110.png/png
       retry log10(dt/yr), log10(dt), retry_factor     1  1112       -8.177121       -0.678009        0.500000
hydro_newton_step failed to accept
       retry log10(dt/yr), log10(dt), retry_factor     2  1112       -8.478151       -0.979039        0.500000
 have reached retry limit so now backup
 grid1/grid1_001115.png/png
 burst_profile/burst_profile001115.png/png
hydro_newton_step failed to accept
       retry log10(dt/yr), log10(dt), retry_factor     1  1116       -8.478151       -0.979039        0.500000
 grid1/grid1_001120.png/png
 burst_profile/burst_profile001120.png/png
 grid1/grid1_001125.png/png
 burst_profile/burst_profile001125.png/png
       retry log10(dt/yr), log10(dt), retry_factor     1  1127       -7.965146       -0.466035        0.500000
 grid1/grid1_001130.png/png
 burst_profile/burst_profile001130.png/png
 grid1/grid1_001135.png/png
 burst_profile/burst_profile001135.png/png
 grid1/grid1_001140.png/png
 burst_profile/burst_profile001140.png/png
       retry log10(dt/yr), log10(dt), retry_factor     1  1145       -7.960225       -0.461114        0.500000
 grid1/grid1_001145.png/png
 burst_profile/burst_profile001145.png/png
       retry log10(dt/yr), log10(dt), retry_factor     1  1149       -7.960225       -0.461114        0.500000
       retry log10(dt/yr), log10(dt), retry_factor     2  1149       -8.261255       -0.762144        0.500000
 grid1/grid1_001150.png/png
 burst_profile/burst_profile001150.png/png
       retry log10(dt/yr), log10(dt), retry_factor     1  1155       -7.659195       -0.160084        0.500000
       retry log10(dt/yr), log10(dt), retry_factor     2  1155       -7.960225       -0.461114        0.500000
 grid1/grid1_001155.png/png
 burst_profile/burst_profile001155.png/png
       retry log10(dt/yr), log10(dt), retry_factor     1  1160       -7.659195       -0.160084        0.500000
       retry log10(dt/yr), log10(dt), retry_factor     2  1160       -7.960225       -0.461114        0.500000
 grid1/grid1_001160.png/png
 burst_profile/burst_profile001160.png/png
       retry log10(dt/yr), log10(dt), retry_factor     1  1165       -7.659195       -0.160084        0.500000
       retry log10(dt/yr), log10(dt), retry_factor     2  1165       -7.960225       -0.461114        0.500000
 have reached retry limit so now backup
 grid1/grid1_001165.png/png
 burst_profile/burst_profile001165.png/png
 grid1/grid1_001170.png/png
 burst_profile/burst_profile001170.png/png
       retry log10(dt/yr), log10(dt), retry_factor     1  1172       -7.539360       -0.040248        0.500000
       retry log10(dt/yr), log10(dt), retry_factor     2  1172       -7.840390       -0.341278        0.500000
 have reached retry limit so now backup
 grid1/grid1_001175.png/png
 burst_profile/burst_profile001175.png/png
 grid1/grid1_001180.png/png
 burst_profile/burst_profile001180.png/png
 grid1/grid1_001185.png/png
 burst_profile/burst_profile001185.png/png
 grid1/grid1_001190.png/png
 burst_profile/burst_profile001190.png/png
 grid1/grid1_001195.png/png
 burst_profile/burst_profile001195.png/png
       1200   8.552292  5.084E+06   1.180969   1.867356   1.400000   1.400000   0.000000   0.000000   0.275200   0.016207  10.515577    983    215
  -6.278921   6.723675  -4.792848  -0.128299   1.457988  -8.522879   0.000000   0.000000   0.000000   0.020000   0.017056  66.837793      6     31
 1.1405E-03  23.362120   2.192529   1.761683  13.952786  -0.889180   0.000000   0.000000   0.000000   0.000687  9.667E-01  0.567E-12      lgT_cntr

 grid1/grid1_001200.png/png
 burst_profile/burst_profile001200.png/png
 grid1/grid1_001205.png/png
 burst_profile/burst_profile001205.png/png
 grid1/grid1_001210.png/png
 burst_profile/burst_profile001210.png/png
 grid1/grid1_001215.png/png
 burst_profile/burst_profile001215.png/png
 grid1/grid1_001220.png/png
 burst_profile/burst_profile001220.png/png
       retry log10(dt/yr), log10(dt), retry_factor     1  1221       -5.581781        1.917330        0.500000
       retry log10(dt/yr), log10(dt), retry_factor     1  1222       -5.979721        1.519390        0.500000
 grid1/grid1_001225.png/png
 burst_profile/burst_profile001225.png/png
       retry log10(dt/yr), log10(dt), retry_factor     1  1227       -5.805127        1.693984        0.500000
       retry log10(dt/yr), log10(dt), retry_factor     1  1228       -6.106157        1.392954        0.500000
 grid1/grid1_001230.png/png
 burst_profile/burst_profile001230.png/png
       retry log10(dt/yr), log10(dt), retry_factor     1  1235       -5.203067        2.296044        0.500000
       retry log10(dt/yr), log10(dt), retry_factor     2  1235       -5.504097        1.995014        0.500000
 have reached retry limit so now backup
 grid1/grid1_001235.png/png
 burst_profile/burst_profile001235.png/png
       retry log10(dt/yr), log10(dt), retry_factor     1  1236       -5.998947        1.500164        0.500000
 grid1/grid1_001240.png/png
 burst_profile/burst_profile001240.png/png
       retry log10(dt/yr), log10(dt), retry_factor     1  1242       -5.534538        1.964574        0.500000
 grid1/grid1_001245.png/png
 burst_profile/burst_profile001245.png/png
       retry log10(dt/yr), log10(dt), retry_factor     1  1247       -5.577541        1.921571        0.500000
       retry log10(dt/yr), log10(dt), retry_factor     2  1247       -5.878571        1.620541        0.500000
       retry log10(dt/yr), log10(dt), retry_factor     1  1248       -6.179601        1.319511        0.500000
       retry log10(dt/yr), log10(dt), retry_factor     1  1249       -6.480631        1.018481        0.500000
 grid1/grid1_001250.png/png
 burst_profile/burst_profile001250.png/png
 grid1/grid1_001255.png/png
 burst_profile/burst_profile001255.png/png
       retry log10(dt/yr), log10(dt), retry_factor     1  1257       -5.542875        1.956237        0.500000
hydro_newton_step failed to accept
       retry log10(dt/yr), log10(dt), retry_factor     2  1257       -5.843905        1.655207        0.500000
       retry log10(dt/yr), log10(dt), retry_factor     1  1258       -6.144935        1.354177        0.500000
 grid1/grid1_001260.png/png
 burst_profile/burst_profile001260.png/png
 grid1/grid1_001265.png/png
 burst_profile/burst_profile001265.png/png
       retry log10(dt/yr), log10(dt), retry_factor     1  1266       -5.386297        2.112814        0.500000
       retry log10(dt/yr), log10(dt), retry_factor     1  1267       -5.784237        1.714874        0.500000
hydro_newton_step failed to accept
       retry log10(dt/yr), log10(dt), retry_factor     1  1268       -6.085267        1.413844        0.500000
hydro_newton_step failed to accept
       retry log10(dt/yr), log10(dt), retry_factor     2  1268       -6.386297        1.112814        0.500000
       retry log10(dt/yr), log10(dt), retry_factor     1  1269       -6.687327        0.811784        0.500000
 grid1/grid1_001270.png/png
 burst_profile/burst_profile001270.png/png
 grid1/grid1_001275.png/png
 burst_profile/burst_profile001275.png/png
       retry log10(dt/yr), log10(dt), retry_factor     1  1277       -5.659413        1.839698        0.500000
hydro_newton_step failed to accept
       retry log10(dt/yr), log10(dt), retry_factor     1  1278       -6.057353        1.441758        0.500000
hydro_newton_step failed to accept
       retry log10(dt/yr), log10(dt), retry_factor     2  1278       -6.358383        1.140728        0.500000
 grid1/grid1_001280.png/png
 burst_profile/burst_profile001280.png/png
       retry log10(dt/yr), log10(dt), retry_factor     1  1283       -5.817987        1.681125        0.500000
       retry log10(dt/yr), log10(dt), retry_factor     1  1285       -6.167312        1.331799        0.500000
       retry log10(dt/yr), log10(dt), retry_factor     2  1285       -6.468342        1.030769        0.500000
 have reached retry limit so now backup
 grid1/grid1_001285.png/png
 burst_profile/burst_profile001285.png/png
 grid1/grid1_001290.png/png
 burst_profile/burst_profile001290.png/png
       retry log10(dt/yr), log10(dt), retry_factor     1  1291       -6.094031        1.405081        0.500000
       retry log10(dt/yr), log10(dt), retry_factor     1  1292       -6.399437        1.099674        0.500000
       retry log10(dt/yr), log10(dt), retry_factor     1  1293       -6.700467        0.798644        0.500000
       retry log10(dt/yr), log10(dt), retry_factor     1  1294       -7.001497        0.497614        0.500000
 grid1/grid1_001295.png/png
 burst_profile/burst_profile001295.png/png
       retry log10(dt/yr), log10(dt), retry_factor     1  1297       -7.302527        0.196584        0.500000
hydro_newton_step failed to accept
       retry log10(dt/yr), log10(dt), retry_factor     2  1297       -7.603557       -0.104446        0.500000
hydro_newton_step failed to accept
       retry log10(dt/yr), log10(dt), retry_factor     1  1300       -7.904587       -0.405476        0.500000
       1300   8.442785  5.055E+06   2.647048   3.109022   1.400000   1.400000   0.000000   0.000000   0.275200   0.057997  14.080530   1022    248
  -7.603557   6.750927  -4.792734   2.264748   2.258831  -8.522879   0.000000   0.000000   0.000000   0.020000   0.041815  87.823961      6     33
 1.4017E-03  23.395552   2.183001   2.818043  13.946716  -0.892705   0.000000   0.000000   0.000000   0.000687  9.002E-01  0.663E-10         retry

 grid1/grid1_001300.png/png
 burst_profile/burst_profile001300.png/png
       retry log10(dt/yr), log10(dt), retry_factor     1  1302       -7.603557       -0.104446        0.500000
       retry log10(dt/yr), log10(dt), retry_factor     2  1302       -7.904587       -0.405476        0.500000
       retry log10(dt/yr), log10(dt), retry_factor     1  1304       -8.290899       -0.791787        0.500000
 grid1/grid1_001305.png/png
 burst_profile/burst_profile001305.png/png
 grid1/grid1_001310.png/png
 burst_profile/burst_profile001310.png/png
 grid1/grid1_001315.png/png
 burst_profile/burst_profile001315.png/png
 grid1/grid1_001320.png/png
 burst_profile/burst_profile001320.png/png
 grid1/grid1_001325.png/png
 burst_profile/burst_profile001325.png/png
 grid1/grid1_001330.png/png
 burst_profile/burst_profile001330.png/png
 grid1/grid1_001335.png/png
 burst_profile/burst_profile001335.png/png
hydro_newton_step failed to accept
       retry log10(dt/yr), log10(dt), retry_factor     1  1336       -9.286212       -1.787100        0.500000
 grid1/grid1_001340.png/png
 burst_profile/burst_profile001340.png/png
 grid1/grid1_001345.png/png
 burst_profile/burst_profile001345.png/png
 grid1/grid1_001350.png/png
 burst_profile/burst_profile001350.png/png
 grid1/grid1_001355.png/png
 burst_profile/burst_profile001355.png/png
 grid1/grid1_001360.png/png
 burst_profile/burst_profile001360.png/png
 grid1/grid1_001365.png/png
 burst_profile/burst_profile001365.png/png
 grid1/grid1_001370.png/png
 burst_profile/burst_profile001370.png/png
 grid1/grid1_001375.png/png
 burst_profile/burst_profile001375.png/png
 grid1/grid1_001380.png/png
 burst_profile/burst_profile001380.png/png
 grid1/grid1_001385.png/png
 burst_profile/burst_profile001385.png/png
 grid1/grid1_001390.png/png
 burst_profile/burst_profile001390.png/png
       retry log10(dt/yr), log10(dt), retry_factor     1  1391       -7.611799       -0.112687        0.500000
       retry log10(dt/yr), log10(dt), retry_factor     2  1391       -7.912829       -0.413717        0.500000
       retry log10(dt/yr), log10(dt), retry_factor     1  1392       -8.310769       -0.811657        0.500000
hydro_newton_step failed to accept
       retry log10(dt/yr), log10(dt), retry_factor     1  1393       -8.611799       -1.112687        0.500000
 grid1/grid1_001395.png/png
 burst_profile/burst_profile001395.png/png
       retry log10(dt/yr), log10(dt), retry_factor     1  1397       -8.398382       -0.899271        0.500000
       1400   8.942058  1.594E+07   2.829851   5.309175   1.400000   1.400000   0.000000   0.000000   0.275541   0.021125   3.800058   1050    257
  -8.097352   6.694860  -4.792219   2.445012   3.501601  -8.522879   0.000000   0.000000   0.000000   0.042638   0.019461  26.647130      6     33
 1.4033E-03  23.395676   4.179446   5.307136  14.652454  -0.874222   0.000000   0.000000   0.000000   0.000687  9.594E-01  0.133E-07          hold

 grid1/grid1_001400.png/png
 burst_profile/burst_profile001400.png/png
 grid1/grid1_001405.png/png
 burst_profile/burst_profile001405.png/png
hydro_newton_step failed to accept
       retry log10(dt/yr), log10(dt), retry_factor     1  1408       -8.027201       -0.528089        0.500000
 grid1/grid1_001410.png/png
 burst_profile/burst_profile001410.png/png
 grid1/grid1_001415.png/png
 burst_profile/burst_profile001415.png/png
       retry log10(dt/yr), log10(dt), retry_factor     1  1418       -7.958047       -0.458936        0.500000
 grid1/grid1_001420.png/png
 burst_profile/burst_profile001420.png/png
 grid1/grid1_001425.png/png
 burst_profile/burst_profile001425.png/png
 grid1/grid1_001430.png/png
 burst_profile/burst_profile001430.png/png
       retry log10(dt/yr), log10(dt), retry_factor     1  1435       -7.621213       -0.122102        0.500000
       retry log10(dt/yr), log10(dt), retry_factor     2  1435       -7.922243       -0.423132        0.500000
 have reached retry limit so now backup
 grid1/grid1_001435.png/png
 burst_profile/burst_profile001435.png/png
 grid1/grid1_001440.png/png
 burst_profile/burst_profile001440.png/png
       retry log10(dt/yr), log10(dt), retry_factor     1  1441       -7.728697       -0.229585        0.500000
       retry log10(dt/yr), log10(dt), retry_factor     2  1441       -8.029727       -0.530615        0.500000
 grid1/grid1_001445.png/png
 burst_profile/burst_profile001445.png/png
 grid1/grid1_001450.png/png
 burst_profile/burst_profile001450.png/png
 grid1/grid1_001455.png/png
 burst_profile/burst_profile001455.png/png
 grid1/grid1_001460.png/png
 burst_profile/burst_profile001460.png/png
 grid1/grid1_001465.png/png
 burst_profile/burst_profile001465.png/png
 grid1/grid1_001470.png/png
 burst_profile/burst_profile001470.png/png
 grid1/grid1_001475.png/png
 burst_profile/burst_profile001475.png/png
 grid1/grid1_001480.png/png
 burst_profile/burst_profile001480.png/png
 grid1/grid1_001485.png/png
 burst_profile/burst_profile001485.png/png
 grid1/grid1_001490.png/png
 burst_profile/burst_profile001490.png/png
       retry log10(dt/yr), log10(dt), retry_factor     1  1492       -5.797877        1.701234        0.500000
       retry log10(dt/yr), log10(dt), retry_factor     2  1492       -6.098907        1.400204        0.500000
 have reached retry limit so now backup
       retry log10(dt/yr), log10(dt), retry_factor     1  1494       -6.399937        1.099174        0.500000
 grid1/grid1_001495.png/png
 burst_profile/burst_profile001495.png/png
       1500   8.342627  3.357E+06   1.320468   1.373482   1.400000   1.400000   0.000000   0.000000   0.275200   0.024525  17.962276   1063    266
  -5.195817   6.758868  -4.792878  -2.495001   0.587560  -8.522879   0.000000   0.000000   0.000000   0.020000   0.020932 111.280192      8     35
 1.4674E-03  23.403602   1.471609   0.433342  13.488263  -1.168780   0.000000   0.000000   0.000000   0.000687  9.545E-01  0.323E-13  max increase

save LOGS/profile6.data for model 1500
save photos/x500 for model 1500
 grid1/grid1_001500.png/png
 burst_profile/burst_profile001500.png/png
       retry log10(dt/yr), log10(dt), retry_factor     1  1501       -5.645367        1.853744        0.500000
       retry log10(dt/yr), log10(dt), retry_factor     1  1502       -6.043307        1.455804        0.500000
       retry log10(dt/yr), log10(dt), retry_factor     1  1503       -6.344337        1.154774        0.500000
 grid1/grid1_001505.png/png
 burst_profile/burst_profile001505.png/png
       retry log10(dt/yr), log10(dt), retry_factor     1  1510       -5.560650        1.938461        0.500000
 grid1/grid1_001510.png/png
 burst_profile/burst_profile001510.png/png
       retry log10(dt/yr), log10(dt), retry_factor     1  1515       -5.443749        2.055363        0.500000
 grid1/grid1_001515.png/png
 burst_profile/burst_profile001515.png/png
 grid1/grid1_001520.png/png
 burst_profile/burst_profile001520.png/png
       retry log10(dt/yr), log10(dt), retry_factor     1  1521       -5.634667        1.864445        0.500000
       retry log10(dt/yr), log10(dt), retry_factor     2  1521       -5.935697        1.563415        0.500000
 have reached retry limit so now backup
 grid1/grid1_001520.png/png
 burst_profile/burst_profile001520.png/png
 grid1/grid1_001525.png/png
 burst_profile/burst_profile001525.png/png
       retry log10(dt/yr), log10(dt), retry_factor     1  1527       -5.604507        1.894604        0.500000
 grid1/grid1_001530.png/png
 burst_profile/burst_profile001530.png/png
       retry log10(dt/yr), log10(dt), retry_factor     1  1532       -5.512733        1.986378        0.500000
 grid1/grid1_001535.png/png
 burst_profile/burst_profile001535.png/png
       retry log10(dt/yr), log10(dt), retry_factor     1  1536       -5.512733        1.986378        0.500000
hydro_newton_step failed to accept
       retry log10(dt/yr), log10(dt), retry_factor     1  1540       -5.910673        1.588438        0.500000
hydro_newton_step failed to accept
       retry log10(dt/yr), log10(dt), retry_factor     2  1540       -6.211703        1.287408        0.500000
 grid1/grid1_001540.png/png
 burst_profile/burst_profile001540.png/png
       retry log10(dt/yr), log10(dt), retry_factor     1  1541       -6.270473        1.228639        0.500000
       retry log10(dt/yr), log10(dt), retry_factor     2  1541       -6.571503        0.927609        0.500000
 have reached retry limit so now backup
 grid1/grid1_001540.png/png
 burst_profile/burst_profile001540.png/png
 grid1/grid1_001545.png/png
 burst_profile/burst_profile001545.png/png
       retry log10(dt/yr), log10(dt), retry_factor     1  1548       -5.900787        1.598325        0.500000
 grid1/grid1_001550.png/png
 burst_profile/burst_profile001550.png/png
       retry log10(dt/yr), log10(dt), retry_factor     1  1552       -5.997697        1.501415        0.500000
       retry log10(dt/yr), log10(dt), retry_factor     1  1553       -6.298727        1.200385        0.500000
