                                         version_number       10108
 read /hpc/group/physics/al363/sens/base/inlist_base
 read inlist_cluster
load saved model /hpc/group/physics/al363/sens/base/ns_relax.mod

 change to /hpc/group/physics/al363/sens/base/rp_305.net
             set special rate factor for r_cr49_ng_cr50         111    1.0000000000000000D+02
             set special rate factor for r_cr50_gn_cr49         112    1.0000000000000000D+02
             set special rate factor for r_cr49_ng_cr50         111    1.0000000000000000D+02
             set special rate factor for r_cr50_gn_cr49         112    1.0000000000000000D+02
 number of species         305
 read /hpc/group/physics/al363/sens/base/history_customACL.list_tau
 read /hpc/group/physics/al363/sens/base/profile_customACL.list_tau
 net name /hpc/group/physics/al363/sens/base/rp_305.net
 v_flag T
                         which_atm_option: grey_and_kap
                                           xmstar/mstar    4.5461189430843640D-12
                                             xmstar (g)    1.2660395722219186D+22
                                           M_center (g)    2.7848799999878681D+33
                                            xmstar/Msun    6.3645665203193175D-12
                                          M_center/Msun    1.3999999999939012D+00
                                          R_center (cm)    1.1200000000000000D+06
                                          R_center/Rsun    1.6092416448748527D-05
                                           core density    4.7322078204273819D+14
                                          L_center/Lsun    4.1647144567650578D+00
 kappa_file_prefix gs98
 kappa_lowT_prefix lowT_fa05_gs98

   eos_file_prefix mesa
                                        OMP_NUM_THREADS           8


__________________________________________________________________________________________________________________________________________________

       step    lg_Tcntr    Teff       lg_LH     lg_Lnuc     Mass       H_rich     H_cntr     N_cntr     Y_surf     X_avg     eta_cntr  zones retry
   lg_dt_yr    lg_Dcntr    lg_R       lg_L3a    lg_Lneu     lg_Mdot    He_core    He_cntr    O_cntr     Z_surf     Y_avg     gam_cntr  iters bckup
     age_yr    lg_Pcntr    lg_L       lg_LZ     lg_Psurf    lg_Dsurf   C_core     C_cntr     Ne_cntr    Si_cntr    Z_avg     v_div_cs     dt_limit
__________________________________________________________________________________________________________________________________________________

save LOGS/profile1.data for model 2
 grid1/grid1_000005.png/png
 burst_profile/burst_profile000005.png/png
          6   8.165156  1.497E+06   0.087590   0.087976   1.400000   1.400000   0.000000   0.000000   0.275200   0.030886  22.514775    791      0
  -5.817651   6.610341  -4.793035 -18.862378  -1.086578  -8.522879   0.000000   0.000000   0.000000   0.020000   0.011710 149.410225      6      0
 4.0040E-06  23.176196   0.068337  -2.962874  12.744977  -1.553972   0.000000   0.000000   0.000000   0.000687  9.574E-01  0.395E-11      lgT_cntr

save LOGS/profile2.data for model 6
 grid1/grid1_000010.png/png
 burst_profile/burst_profile000010.png/png
 grid1/grid1_000015.png/png
 burst_profile/burst_profile000015.png/png
 grid1/grid1_000020.png/png
 burst_profile/burst_profile000020.png/png
 grid1/grid1_000025.png/png
 burst_profile/burst_profile000025.png/png
       retry log10(dt/yr), log10(dt), retry_factor     1    30       -5.532111        1.967001        0.500000
 grid1/grid1_000030.png/png
 burst_profile/burst_profile000030.png/png
       retry log10(dt/yr), log10(dt), retry_factor     1    35       -5.231081        2.268031        0.500000
 grid1/grid1_000035.png/png
 burst_profile/burst_profile000035.png/png
       retry log10(dt/yr), log10(dt), retry_factor     1    36       -5.532111        1.967001        0.500000
       retry log10(dt/yr), log10(dt), retry_factor     1    40       -5.532111        1.967001        0.500000
 grid1/grid1_000040.png/png
 burst_profile/burst_profile000040.png/png
       retry log10(dt/yr), log10(dt), retry_factor     1    45       -5.231081        2.268031        0.500000
 grid1/grid1_000045.png/png
 burst_profile/burst_profile000045.png/png
       retry log10(dt/yr), log10(dt), retry_factor     1    49       -5.231081        2.268031        0.500000
 grid1/grid1_000050.png/png
 burst_profile/burst_profile000050.png/png
       retry log10(dt/yr), log10(dt), retry_factor     1    53       -5.231081        2.268031        0.500000
 grid1/grid1_000055.png/png
 burst_profile/burst_profile000055.png/png
       retry log10(dt/yr), log10(dt), retry_factor     1    56       -5.532111        1.967001        0.500000
       retry log10(dt/yr), log10(dt), retry_factor     2    56       -5.833141        1.665971        0.500000
 have reached retry limit so now backup
 grid1/grid1_000055.png/png
 burst_profile/burst_profile000055.png/png
       retry log10(dt/yr), log10(dt), retry_factor     1    58       -6.134171        1.364941        0.500000
       retry log10(dt/yr), log10(dt), retry_factor     2    58       -6.435201        1.063911        0.500000
 have reached retry limit so now backup
       retry log10(dt/yr), log10(dt), retry_factor     1    58       -6.736231        0.762881        0.500000
       retry log10(dt/yr), log10(dt), retry_factor     2    58       -7.037261        0.461851        0.500000
 have reached retry limit so now backup
       retry log10(dt/yr), log10(dt), retry_factor     1    60       -7.338291        0.160821        0.500000
       retry log10(dt/yr), log10(dt), retry_factor     2    60       -7.639321       -0.140209        0.500000
 have reached retry limit so now backup
 grid1/grid1_000060.png/png
 burst_profile/burst_profile000060.png/png
       retry log10(dt/yr), log10(dt), retry_factor     1    62       -7.940351       -0.441239        0.500000
       retry log10(dt/yr), log10(dt), retry_factor     2    62       -8.241381       -0.742269        0.500000
 grid1/grid1_000065.png/png
 burst_profile/burst_profile000065.png/png
 grid1/grid1_000070.png/png
 burst_profile/burst_profile000070.png/png
 grid1/grid1_000075.png/png
 burst_profile/burst_profile000075.png/png
       retry log10(dt/yr), log10(dt), retry_factor     1    76       -5.231081        2.268031        0.500000
       retry log10(dt/yr), log10(dt), retry_factor     2    76       -5.532111        1.967001        0.500000
       retry log10(dt/yr), log10(dt), retry_factor     1    77       -5.833141        1.665971        0.500000
       retry log10(dt/yr), log10(dt), retry_factor     2    77       -6.134171        1.364941        0.500000
 have reached retry limit so now backup
       retry log10(dt/yr), log10(dt), retry_factor     1    80       -6.435201        1.063911        0.500000
       retry log10(dt/yr), log10(dt), retry_factor     2    80       -6.736231        0.762881        0.500000
 have reached retry limit so now backup
 grid1/grid1_000080.png/png
 burst_profile/burst_profile000080.png/png
       retry log10(dt/yr), log10(dt), retry_factor     1    81       -7.037261        0.461851        0.500000
       retry log10(dt/yr), log10(dt), retry_factor     2    81       -7.338291        0.160821        0.500000
 have reached retry limit so now backup
 grid1/grid1_000080.png/png
 burst_profile/burst_profile000080.png/png
       retry log10(dt/yr), log10(dt), retry_factor     1    84       -7.639321       -0.140209        0.500000
       retry log10(dt/yr), log10(dt), retry_factor     2    84       -7.940351       -0.441239        0.500000
 have reached retry limit so now backup
       retry log10(dt/yr), log10(dt), retry_factor     1    84       -8.241381       -0.742269        0.500000
 grid1/grid1_000085.png/png
 burst_profile/burst_profile000085.png/png
 grid1/grid1_000090.png/png
 burst_profile/burst_profile000090.png/png
 grid1/grid1_000095.png/png
 burst_profile/burst_profile000095.png/png
       retry log10(dt/yr), log10(dt), retry_factor     1    97       -5.708162        1.790950        0.500000
       retry log10(dt/yr), log10(dt), retry_factor     1    98       -6.029734        1.469377        0.500000
       retry log10(dt/yr), log10(dt), retry_factor     1    99       -6.330764        1.168347        0.500000
        100   8.444848  4.670E+06   2.033216   2.166712   1.400000   1.400000   0.000000   0.000000   0.275200   0.100536  12.226262    751     31
  -6.029734   6.642744  -4.792800   1.206328   1.283527  -8.522879   0.000000   0.000000   0.000000   0.020000   0.058448  80.443115      6      8
 3.1300E-04  23.235090   2.045057   1.357273  13.860495  -0.943567   0.000000   0.000000   0.000000   0.000687  8.410E-01  0.986E-12          hold

 grid1/grid1_000100.png/png
 burst_profile/burst_profile000100.png/png
       retry log10(dt/yr), log10(dt), retry_factor     1   101       -6.631794        0.867317        0.500000
       retry log10(dt/yr), log10(dt), retry_factor     1   103       -6.932824        0.566287        0.500000
hydro_newton_step failed to accept
       retry log10(dt/yr), log10(dt), retry_factor     1   104       -7.233854        0.265257        0.500000
 grid1/grid1_000105.png/png
 burst_profile/burst_profile000105.png/png
       retry log10(dt/yr), log10(dt), retry_factor     1   106       -7.534884       -0.035773        0.500000
       retry log10(dt/yr), log10(dt), retry_factor     1   110       -7.655608       -0.156496        0.500000
       retry log10(dt/yr), log10(dt), retry_factor     2   110       -7.956638       -0.457526        0.500000
 grid1/grid1_000110.png/png
 burst_profile/burst_profile000110.png/png
       retry log10(dt/yr), log10(dt), retry_factor     1   112       -8.340350       -0.841238        0.500000
 grid1/grid1_000115.png/png
 burst_profile/burst_profile000115.png/png
 grid1/grid1_000120.png/png
 burst_profile/burst_profile000120.png/png
 grid1/grid1_000125.png/png
 burst_profile/burst_profile000125.png/png
 grid1/grid1_000130.png/png
 burst_profile/burst_profile000130.png/png
 grid1/grid1_000135.png/png
 burst_profile/burst_profile000135.png/png
 grid1/grid1_000140.png/png
 burst_profile/burst_profile000140.png/png
 grid1/grid1_000145.png/png
 burst_profile/burst_profile000145.png/png
 grid1/grid1_000150.png/png
 burst_profile/burst_profile000150.png/png
 grid1/grid1_000155.png/png
 burst_profile/burst_profile000155.png/png
 grid1/grid1_000160.png/png
 burst_profile/burst_profile000160.png/png
                       super eddington wind: lg_Mdot, L/Ledd         165    -9.53792     1.01180
 grid1/grid1_000165.png/png
 burst_profile/burst_profile000165.png/png
                       super eddington wind: lg_Mdot, L/Ledd         166    -8.92263     1.04858
                       super eddington wind: lg_Mdot, L/Ledd         167    -8.70982     1.07916
                       super eddington wind: lg_Mdot, L/Ledd         168    -8.57323     1.10843
                       super eddington wind: lg_Mdot, L/Ledd         169    -8.46775     1.13802
                       super eddington wind: lg_Mdot, L/Ledd         170    -8.39094     1.16475
 grid1/grid1_000170.png/png
 burst_profile/burst_profile000170.png/png
                       super eddington wind: lg_Mdot, L/Ledd         171    -8.33814     1.18589
                       super eddington wind: lg_Mdot, L/Ledd         172    -8.29830     1.20367
                       super eddington wind: lg_Mdot, L/Ledd         173    -8.44261     1.14593
                       super eddington wind: lg_Mdot, L/Ledd         174    -8.35922     1.17665
                       super eddington wind: lg_Mdot, L/Ledd         175    -8.28410     1.20969
 grid1/grid1_000175.png/png
 burst_profile/burst_profile000175.png/png
                       super eddington wind: lg_Mdot, L/Ledd         176    -8.42003     1.15311
                       super eddington wind: lg_Mdot, L/Ledd         177    -8.32281     1.19126
                       super eddington wind: lg_Mdot, L/Ledd         178    -8.26849     1.21674
                       super eddington wind: lg_Mdot, L/Ledd         179    -8.38810     1.16424
                       super eddington wind: lg_Mdot, L/Ledd         180    -8.29745     1.20231
 grid1/grid1_000180.png/png
 burst_profile/burst_profile000180.png/png
                       super eddington wind: lg_Mdot, L/Ledd         181    -8.25636     1.22224
                       super eddington wind: lg_Mdot, L/Ledd         182    -8.36932     1.17103
                       super eddington wind: lg_Mdot, L/Ledd         183    -8.29278     1.20371
                       super eddington wind: lg_Mdot, L/Ledd         184    -8.25259     1.22316
                       super eddington wind: lg_Mdot, L/Ledd         185    -8.38212     1.16534
 grid1/grid1_000185.png/png
 burst_profile/burst_profile000185.png/png
                       super eddington wind: lg_Mdot, L/Ledd         186    -8.31989     1.19050
                       super eddington wind: lg_Mdot, L/Ledd         187    -8.28939     1.20417
                       super eddington wind: lg_Mdot, L/Ledd         188    -8.44754     1.14153
                       super eddington wind: lg_Mdot, L/Ledd         189    -8.37519     1.16721
                       super eddington wind: lg_Mdot, L/Ledd         190    -8.53070     1.11665
 grid1/grid1_000190.png/png
 burst_profile/burst_profile000190.png/png
                       super eddington wind: lg_Mdot, L/Ledd         191    -8.45280     1.13953
                       super eddington wind: lg_Mdot, L/Ledd         192    -8.41521     1.15217
                       super eddington wind: lg_Mdot, L/Ledd         193    -8.56791     1.10686
                       super eddington wind: lg_Mdot, L/Ledd         194    -8.44542     1.14150
                       super eddington wind: lg_Mdot, L/Ledd         195    -8.70892     1.07718
 grid1/grid1_000195.png/png
 burst_profile/burst_profile000195.png/png
                       super eddington wind: lg_Mdot, L/Ledd         196    -8.60937     1.09701
                       super eddington wind: lg_Mdot, L/Ledd         197    -8.67758     1.08279
                       super eddington wind: lg_Mdot, L/Ledd         198    -8.73086     1.07318
                       super eddington wind: lg_Mdot, L/Ledd         199    -8.62520     1.09342
                       super eddington wind: lg_Mdot, L/Ledd         200    -9.23455     1.02292
        200   8.969852  2.341E+07   3.677053   6.644060   1.400000   1.400000   0.000000   0.000000   0.293378   0.074144   2.848644    666     38
  -8.508767   6.562252  -4.791557   3.014393   4.341910  -9.234549   0.000000   0.000000   0.000000   0.210308   0.044211  22.576362      6      8
 3.1499E-04  23.235200   4.848218   6.643489  15.039455  -0.883275   0.000000   0.000000   0.000000   0.000687  8.816E-01  0.269E-04          dH/H

 grid1/grid1_000200.png/png
 burst_profile/burst_profile000200.png/png
                       super eddington wind: lg_Mdot, L/Ledd         201    -9.26680     1.02125
       retry log10(dt/yr), log10(dt), retry_factor     1   201       -9.124008       -1.624897        0.500000
                       super eddington wind: lg_Mdot, L/Ledd         201    -9.26680     1.02125
       retry log10(dt/yr), log10(dt), retry_factor     2   201       -9.425038       -1.925927        0.500000
                       super eddington wind: lg_Mdot, L/Ledd         201    -9.26680     1.02125
 have reached retry limit so now backup
                       super eddington wind: lg_Mdot, L/Ledd         200    -9.23455     1.02292
        200   8.967600  2.329E+07   3.679574   6.649050   1.400000   1.400000   0.000000   0.000000   0.293608   0.074362   2.872707    666     40
  -9.124008   6.563106  -4.791549   3.015452   4.347082  -9.234548   0.000000   0.000000   0.000000   0.209061   0.044280  22.708603      6      9
 3.1499E-04  23.235203   4.839420   6.648483  15.033138  -0.882350   0.000000   0.000000   0.000000   0.000687  8.814E-01  0.729E-04        backup

 grid1/grid1_000200.png/png
 burst_profile/burst_profile000200.png/png
                       super eddington wind: lg_Mdot, L/Ledd         201   -10.39049     1.00160
                       super eddington wind: lg_Mdot, L/Ledd         202    -8.91175     1.04813
                       super eddington wind: lg_Mdot, L/Ledd         203    -8.70738     1.07706
                       super eddington wind: lg_Mdot, L/Ledd         204    -9.06254     1.03401
                       super eddington wind: lg_Mdot, L/Ledd         205    -8.82786     1.05839
 grid1/grid1_000205.png/png
 burst_profile/burst_profile000205.png/png
                       super eddington wind: lg_Mdot, L/Ledd         206    -8.72431     1.07416
                       super eddington wind: lg_Mdot, L/Ledd         207    -9.23765     1.02272
                       super eddington wind: lg_Mdot, L/Ledd         208    -9.15032     1.02778
 grid1/grid1_000210.png/png
 burst_profile/burst_profile000210.png/png
       retry log10(dt/yr), log10(dt), retry_factor     1   214       -9.242449       -1.743337        0.500000
 grid1/grid1_000215.png/png
 burst_profile/burst_profile000215.png/png
 grid1/grid1_000220.png/png
 burst_profile/burst_profile000220.png/png
 grid1/grid1_000225.png/png
 burst_profile/burst_profile000225.png/png
 grid1/grid1_000230.png/png
 burst_profile/burst_profile000230.png/png
       retry log10(dt/yr), log10(dt), retry_factor     1   233       -7.451390        0.047721        0.500000
       retry log10(dt/yr), log10(dt), retry_factor     2   233       -7.752420       -0.253309        0.500000
 have reached retry limit so now backup
 grid1/grid1_000235.png/png
 burst_profile/burst_profile000235.png/png
hydro_newton_step failed to accept
       retry log10(dt/yr), log10(dt), retry_factor     1   240       -7.845811       -0.346699        0.500000
hydro_newton_step failed to accept
       retry log10(dt/yr), log10(dt), retry_factor     2   240       -8.146841       -0.647729        0.500000
 have reached retry limit so now backup
 grid1/grid1_000240.png/png
 burst_profile/burst_profile000240.png/png
       retry log10(dt/yr), log10(dt), retry_factor     1   243       -8.544781       -1.045669        0.500000
 grid1/grid1_000245.png/png
 burst_profile/burst_profile000245.png/png
 grid1/grid1_000250.png/png
 burst_profile/burst_profile000250.png/png
       retry log10(dt/yr), log10(dt), retry_factor     1   252       -7.763173       -0.264062        0.500000
       retry log10(dt/yr), log10(dt), retry_factor     2   252       -8.064203       -0.565092        0.500000
 have reached retry limit so now backup
       retry log10(dt/yr), log10(dt), retry_factor     1   255       -8.457335       -0.958224        0.500000
 grid1/grid1_000255.png/png
 burst_profile/burst_profile000255.png/png
 grid1/grid1_000260.png/png
 burst_profile/burst_profile000260.png/png
 grid1/grid1_000265.png/png
 burst_profile/burst_profile000265.png/png
 grid1/grid1_000270.png/png
 burst_profile/burst_profile000270.png/png
 grid1/grid1_000275.png/png
 burst_profile/burst_profile000275.png/png
       retry log10(dt/yr), log10(dt), retry_factor     1   279       -7.848543       -0.349431        0.500000
       retry log10(dt/yr), log10(dt), retry_factor     2   279       -8.149573       -0.650461        0.500000
 grid1/grid1_000280.png/png
 burst_profile/burst_profile000280.png/png
       retry log10(dt/yr), log10(dt), retry_factor     1   285       -7.695959       -0.196848        0.500000
       retry log10(dt/yr), log10(dt), retry_factor     2   285       -7.996989       -0.497878        0.500000
 grid1/grid1_000285.png/png
 burst_profile/burst_profile000285.png/png
       retry log10(dt/yr), log10(dt), retry_factor     1   290       -7.695959       -0.196848        0.500000
 grid1/grid1_000290.png/png
 burst_profile/burst_profile000290.png/png
       retry log10(dt/yr), log10(dt), retry_factor     1   295       -7.609804       -0.110692        0.500000
       retry log10(dt/yr), log10(dt), retry_factor     2   295       -7.910834       -0.411722        0.500000
 have reached retry limit so now backup
 grid1/grid1_000295.png/png
 burst_profile/burst_profile000295.png/png
        300   8.752252  9.209E+06   1.601760   2.965460   1.400000   1.400000   0.000000   0.000000   0.275200   0.019983   5.627086    711     56
  -7.007744   6.617305  -4.792709   1.575324   2.418550  -8.522879   0.000000   0.000000   0.000000   0.020000   0.020183  38.869155      6     13
 3.1847E-04  23.236021   3.224936   2.927353  14.404549  -0.720002   0.000000   0.000000   0.000000   0.000687  9.598E-01 -0.162E-10  max increase

 grid1/grid1_000300.png/png
 burst_profile/burst_profile000300.png/png
       retry log10(dt/yr), log10(dt), retry_factor     1   301       -7.544269       -0.045158        0.500000
 grid1/grid1_000305.png/png
 burst_profile/burst_profile000305.png/png
 grid1/grid1_000310.png/png
 burst_profile/burst_profile000310.png/png
 grid1/grid1_000315.png/png
 burst_profile/burst_profile000315.png/png
 grid1/grid1_000320.png/png
 burst_profile/burst_profile000320.png/png
 grid1/grid1_000325.png/png
 burst_profile/burst_profile000325.png/png
 grid1/grid1_000330.png/png
 burst_profile/burst_profile000330.png/png
 grid1/grid1_000335.png/png
 burst_profile/burst_profile000335.png/png
 grid1/grid1_000340.png/png
 burst_profile/burst_profile000340.png/png
       retry log10(dt/yr), log10(dt), retry_factor     1   345       -5.543560        1.955551        0.500000
       retry log10(dt/yr), log10(dt), retry_factor     2   345       -5.844590        1.654521        0.500000
 grid1/grid1_000345.png/png
 burst_profile/burst_profile000345.png/png
       retry log10(dt/yr), log10(dt), retry_factor     1   350       -5.681898        1.817214        0.500000
 grid1/grid1_000350.png/png
 burst_profile/burst_profile000350.png/png
       retry log10(dt/yr), log10(dt), retry_factor     1   351       -5.982928        1.516184        0.500000
 grid1/grid1_000355.png/png
 burst_profile/burst_profile000355.png/png
       retry log10(dt/yr), log10(dt), retry_factor     1   359       -5.527550        1.971561        0.500000
       retry log10(dt/yr), log10(dt), retry_factor     1   360       -5.925490        1.573621        0.500000
 grid1/grid1_000360.png/png
 burst_profile/burst_profile000360.png/png
       retry log10(dt/yr), log10(dt), retry_factor     1   361       -6.226520        1.272591        0.500000
 grid1/grid1_000365.png/png
 burst_profile/burst_profile000365.png/png
       retry log10(dt/yr), log10(dt), retry_factor     1   368       -5.448761        2.050350        0.500000
 grid1/grid1_000370.png/png
 burst_profile/burst_profile000370.png/png
       retry log10(dt/yr), log10(dt), retry_factor     1   373       -5.419725        2.079386        0.500000
       retry log10(dt/yr), log10(dt), retry_factor     2   373       -5.720755        1.778356        0.500000
       retry log10(dt/yr), log10(dt), retry_factor     1   374       -6.021785        1.477326        0.500000
 grid1/grid1_000375.png/png
 burst_profile/burst_profile000375.png/png
       retry log10(dt/yr), log10(dt), retry_factor     1   379       -5.720755        1.778356        0.500000
       retry log10(dt/yr), log10(dt), retry_factor     2   379       -6.021785        1.477326        0.500000
 have reached retry limit so now backup
       retry log10(dt/yr), log10(dt), retry_factor     1   379       -6.322815        1.176296        0.500000
       retry log10(dt/yr), log10(dt), retry_factor     2   379       -6.623845        0.875266        0.500000
 have reached retry limit so now backup
       retry log10(dt/yr), log10(dt), retry_factor     1   379       -6.924875        0.574236        0.500000
       retry log10(dt/yr), log10(dt), retry_factor     2   379       -7.225905        0.273207        0.500000
 have reached retry limit so now backup
 grid1/grid1_000380.png/png
 burst_profile/burst_profile000380.png/png
       retry log10(dt/yr), log10(dt), retry_factor     1   381       -7.526935       -0.027823        0.500000
       retry log10(dt/yr), log10(dt), retry_factor     2   381       -7.827965       -0.328853        0.500000
 grid1/grid1_000385.png/png
 burst_profile/burst_profile000385.png/png
 grid1/grid1_000390.png/png
 burst_profile/burst_profile000390.png/png
       retry log10(dt/yr), log10(dt), retry_factor     1   393       -5.419725        2.079386        0.500000
       retry log10(dt/yr), log10(dt), retry_factor     1   394       -5.720755        1.778356        0.500000
 grid1/grid1_000395.png/png
 burst_profile/burst_profile000395.png/png
       retry log10(dt/yr), log10(dt), retry_factor     1   399       -5.621870        1.877242        0.500000
       retry log10(dt/yr), log10(dt), retry_factor     1   400       -6.017621        1.481490        0.500000
        400   8.367753  3.849E+06   1.636773   1.671273   1.400000   1.400000   0.000000   0.000000   0.275200   0.071048  15.211219    750     80
  -5.716591   6.672645  -4.792849  -0.106859   0.808099  -8.522879   0.000000   0.000000   0.000000   0.020000   0.050365  98.299518      6     16
 5.5294E-04  23.275880   1.709074   0.447246  13.641882  -1.076105   0.000000   0.000000   0.000000   0.000687  8.786E-01  0.706E-11         retry

 grid1/grid1_000400.png/png
 burst_profile/burst_profile000400.png/png
 grid1/grid1_000405.png/png
 burst_profile/burst_profile000405.png/png
hydro_newton_step failed to accept
       retry log10(dt/yr), log10(dt), retry_factor     1   406       -5.808777        1.690335        0.500000
hydro_newton_step failed to accept
       retry log10(dt/yr), log10(dt), retry_factor     2   406       -6.109807        1.389305        0.500000
       retry log10(dt/yr), log10(dt), retry_factor     1   410       -5.837245        1.661866        0.500000
 grid1/grid1_000410.png/png
 burst_profile/burst_profile000410.png/png
hydro_newton_step failed to accept
       retry log10(dt/yr), log10(dt), retry_factor     1   411       -6.235185        1.263926        0.500000
       retry log10(dt/yr), log10(dt), retry_factor     2   411       -6.536215        0.962896        0.500000
 grid1/grid1_000415.png/png
 burst_profile/burst_profile000415.png/png
       retry log10(dt/yr), log10(dt), retry_factor     1   416       -6.370673        1.128439        0.500000
        416   8.419631  4.388E+06   1.899693   1.996112   1.400000   1.400000   0.000000   0.000000   0.275200   0.076007  13.506225    753     86
  -6.069643   6.674556  -4.792813   1.084773   1.074769  -8.522879   0.000000   0.000000   0.000000   0.020000   0.053803  87.359461      6     16
 5.8485E-04  23.281026   1.936823   0.879465  13.790775  -0.985479   0.000000   0.000000   0.000000   0.000687  8.702E-01  0.427E-11         retry

save LOGS/profile3.data for model 416
       retry log10(dt/yr), log10(dt), retry_factor     1   420       -6.432359        1.066753        0.500000
 grid1/grid1_000420.png/png
 burst_profile/burst_profile000420.png/png
       retry log10(dt/yr), log10(dt), retry_factor     1   421       -6.733389        0.765723        0.500000
       retry log10(dt/yr), log10(dt), retry_factor     1   422       -7.034419        0.464693        0.500000
       retry log10(dt/yr), log10(dt), retry_factor     1   423       -7.335449        0.163663        0.500000
 grid1/grid1_000425.png/png
 burst_profile/burst_profile000425.png/png
       retry log10(dt/yr), log10(dt), retry_factor     1   426       -7.636479       -0.137367        0.500000
       retry log10(dt/yr), log10(dt), retry_factor     1   429       -7.937509       -0.438397        0.500000
       retry log10(dt/yr), log10(dt), retry_factor     1   430       -8.294269       -0.795157        0.500000
 grid1/grid1_000430.png/png
 burst_profile/burst_profile000430.png/png
 grid1/grid1_000435.png/png
 burst_profile/burst_profile000435.png/png
 grid1/grid1_000440.png/png
 burst_profile/burst_profile000440.png/png
 grid1/grid1_000445.png/png
 burst_profile/burst_profile000445.png/png
 grid1/grid1_000450.png/png
 burst_profile/burst_profile000450.png/png
 grid1/grid1_000455.png/png
 burst_profile/burst_profile000455.png/png
       retry log10(dt/yr), log10(dt), retry_factor     1   458       -9.310219       -1.811108        0.500000
 grid1/grid1_000460.png/png
 burst_profile/burst_profile000460.png/png
       retry log10(dt/yr), log10(dt), retry_factor     1   462       -9.310219       -1.811108        0.500000
 grid1/grid1_000465.png/png
 burst_profile/burst_profile000465.png/png
 grid1/grid1_000470.png/png
 burst_profile/burst_profile000470.png/png
 grid1/grid1_000475.png/png
 burst_profile/burst_profile000475.png/png
 grid1/grid1_000480.png/png
 burst_profile/burst_profile000480.png/png
 grid1/grid1_000485.png/png
 burst_profile/burst_profile000485.png/png
 grid1/grid1_000490.png/png
 burst_profile/burst_profile000490.png/png
 grid1/grid1_000495.png/png
 burst_profile/burst_profile000495.png/png
        500   8.798192  2.235E+07   3.554382   6.621680   1.400000   1.400000   0.000000   0.000000   0.284229   0.059860   5.180354    839     95
  -8.237474   6.642358  -4.791680   2.940865   4.274110  -8.522879   0.000000   0.000000   0.000000   0.246779   0.038830  35.646404      7     16
 5.8910E-04  23.281543   4.766998   6.621218  14.986075  -0.845766   0.000000   0.000000   0.000000   0.000687  9.013E-01  0.119E-07    varcontrol

save LOGS/profile4.data for model 500
save photos/x500 for model 500
 grid1/grid1_000500.png/png
 burst_profile/burst_profile000500.png/png
 grid1/grid1_000505.png/png
 burst_profile/burst_profile000505.png/png
 grid1/grid1_000510.png/png
 burst_profile/burst_profile000510.png/png
 grid1/grid1_000515.png/png
 burst_profile/burst_profile000515.png/png
       retry log10(dt/yr), log10(dt), retry_factor     1   520       -7.425455        0.073657        0.500000
       retry log10(dt/yr), log10(dt), retry_factor     2   520       -7.726485       -0.227373        0.500000
 have reached retry limit so now backup
 grid1/grid1_000520.png/png
 burst_profile/burst_profile000520.png/png
       retry log10(dt/yr), log10(dt), retry_factor     1   524       -7.726485       -0.227373        0.500000
       retry log10(dt/yr), log10(dt), retry_factor     2   524       -8.027515       -0.528403        0.500000
 have reached retry limit so now backup
       retry log10(dt/yr), log10(dt), retry_factor     1   524       -8.328545       -0.829433        0.500000
       retry log10(dt/yr), log10(dt), retry_factor     2   524       -8.629575       -1.130463        0.500000
 have reached retry limit so now backup
 grid1/grid1_000525.png/png
 burst_profile/burst_profile000525.png/png
       retry log10(dt/yr), log10(dt), retry_factor     1   526       -8.930605       -1.431493        0.500000
       retry log10(dt/yr), log10(dt), retry_factor     2   526       -9.231635       -1.732523        0.500000
 have reached retry limit so now backup
 grid1/grid1_000525.png/png
 burst_profile/burst_profile000525.png/png
       retry log10(dt/yr), log10(dt), retry_factor     1   529       -9.532665       -2.033553        0.500000
       retry log10(dt/yr), log10(dt), retry_factor     2   529       -9.833695       -2.334583        0.500000
 grid1/grid1_000530.png/png
 burst_profile/burst_profile000530.png/png
 grid1/grid1_000535.png/png
 burst_profile/burst_profile000535.png/png
 grid1/grid1_000540.png/png
 burst_profile/burst_profile000540.png/png
       retry log10(dt/yr), log10(dt), retry_factor     1   543       -7.789033       -0.289921        0.500000
hydro_newton_step failed to accept
       retry log10(dt/yr), log10(dt), retry_factor     2   543       -8.090063       -0.590951        0.500000
hydro_newton_step failed to accept
       retry log10(dt/yr), log10(dt), retry_factor     1   544       -8.434478       -0.935366        0.500000
 grid1/grid1_000545.png/png
 burst_profile/burst_profile000545.png/png
hydro_newton_step failed to accept
       retry log10(dt/yr), log10(dt), retry_factor     1   547       -8.434478       -0.935366        0.500000
hydro_newton_step failed to accept
       retry log10(dt/yr), log10(dt), retry_factor     1   549       -8.270730       -0.771618        0.500000
       retry log10(dt/yr), log10(dt), retry_factor     2   549       -8.571760       -1.072648        0.500000
 have reached retry limit so now backup
 grid1/grid1_000550.png/png
 burst_profile/burst_profile000550.png/png
hydro_newton_step failed to accept
       retry log10(dt/yr), log10(dt), retry_factor     1   551       -8.872790       -1.373678        0.500000
       retry log10(dt/yr), log10(dt), retry_factor     1   552       -9.173820       -1.674708        0.500000
 grid1/grid1_000555.png/png
 burst_profile/burst_profile000555.png/png
       retry log10(dt/yr), log10(dt), retry_factor     1   557       -8.872790       -1.373678        0.500000
       retry log10(dt/yr), log10(dt), retry_factor     2   557       -9.173820       -1.674708        0.500000
 grid1/grid1_000560.png/png
 burst_profile/burst_profile000560.png/png
       retry log10(dt/yr), log10(dt), retry_factor     1   563       -8.571760       -1.072648        0.500000
       retry log10(dt/yr), log10(dt), retry_factor     2   563       -8.872790       -1.373678        0.500000
 grid1/grid1_000565.png/png
 burst_profile/burst_profile000565.png/png
       retry log10(dt/yr), log10(dt), retry_factor     1   568       -8.571760       -1.072648        0.500000
       retry log10(dt/yr), log10(dt), retry_factor     2   568       -8.872790       -1.373678        0.500000
 have reached retry limit so now backup
 grid1/grid1_000570.png/png
 burst_profile/burst_profile000570.png/png
 grid1/grid1_000575.png/png
 burst_profile/burst_profile000575.png/png
 grid1/grid1_000580.png/png
 burst_profile/burst_profile000580.png/png
       retry log10(dt/yr), log10(dt), retry_factor     1   582       -8.104918       -0.605807        0.500000
 grid1/grid1_000585.png/png
 burst_profile/burst_profile000585.png/png
 grid1/grid1_000590.png/png
 burst_profile/burst_profile000590.png/png
 grid1/grid1_000595.png/png
 burst_profile/burst_profile000595.png/png
       retry log10(dt/yr), log10(dt), retry_factor     1   600       -7.855562       -0.356450        0.500000
       retry log10(dt/yr), log10(dt), retry_factor     2   600       -8.156592       -0.657480        0.500000
 have reached retry limit so now backup
        600   8.859002  1.274E+07   2.314626   4.150203   1.400000   1.400000   0.000000   0.000000   0.275200   0.019768   4.345155    848    122
  -7.855562   6.630616  -4.792500   2.131469   3.058491  -8.522879   0.000000   0.000000   0.000000   0.020000   0.020781  30.710904      6     23
 5.9118E-04  23.281999   3.789197   4.139573  14.527552  -0.801295   0.000000   0.000000   0.000000   0.000687  9.595E-01  0.447E-09          hold

 grid1/grid1_000600.png/png
 burst_profile/burst_profile000600.png/png
 grid1/grid1_000605.png/png
 burst_profile/burst_profile000605.png/png
 grid1/grid1_000610.png/png
 burst_profile/burst_profile000610.png/png
       retry log10(dt/yr), log10(dt), retry_factor     1   611       -7.673971       -0.174860        0.500000
       retry log10(dt/yr), log10(dt), retry_factor     2   611       -7.975001       -0.475890        0.500000
 grid1/grid1_000615.png/png
 burst_profile/burst_profile000615.png/png
       retry log10(dt/yr), log10(dt), retry_factor     1   616       -7.677451       -0.178340        0.500000
       retry log10(dt/yr), log10(dt), retry_factor     2   616       -7.978481       -0.479370        0.500000
 grid1/grid1_000620.png/png
 burst_profile/burst_profile000620.png/png
 grid1/grid1_000625.png/png
 burst_profile/burst_profile000625.png/png
 grid1/grid1_000630.png/png
 burst_profile/burst_profile000630.png/png
 grid1/grid1_000635.png/png
 burst_profile/burst_profile000635.png/png
 grid1/grid1_000640.png/png
 burst_profile/burst_profile000640.png/png
 grid1/grid1_000645.png/png
 burst_profile/burst_profile000645.png/png
 grid1/grid1_000650.png/png
 burst_profile/burst_profile000650.png/png
 grid1/grid1_000655.png/png
 burst_profile/burst_profile000655.png/png
 grid1/grid1_000660.png/png
 burst_profile/burst_profile000660.png/png
 grid1/grid1_000665.png/png
 burst_profile/burst_profile000665.png/png
       retry log10(dt/yr), log10(dt), retry_factor     1   669       -5.388804        2.110308        0.500000
 grid1/grid1_000670.png/png
 burst_profile/burst_profile000670.png/png
       retry log10(dt/yr), log10(dt), retry_factor     1   671       -5.786744        1.712368        0.500000
 grid1/grid1_000675.png/png
 burst_profile/burst_profile000675.png/png
       retry log10(dt/yr), log10(dt), retry_factor     1   676       -5.485714        2.013398        0.500000
 grid1/grid1_000680.png/png
 burst_profile/burst_profile000680.png/png
       retry log10(dt/yr), log10(dt), retry_factor     1   682       -5.535091        1.964020        0.500000
       retry log10(dt/yr), log10(dt), retry_factor     1   683       -5.933031        1.566080        0.500000
 grid1/grid1_000685.png/png
 burst_profile/burst_profile000685.png/png
       retry log10(dt/yr), log10(dt), retry_factor     1   689       -5.541682        1.957430        0.500000
 grid1/grid1_000690.png/png
 burst_profile/burst_profile000690.png/png
       retry log10(dt/yr), log10(dt), retry_factor     1   694       -5.240652        2.258460        0.500000
       retry log10(dt/yr), log10(dt), retry_factor     2   694       -5.541682        1.957430        0.500000
 have reached retry limit so now backup
       retry log10(dt/yr), log10(dt), retry_factor     1   695       -6.036532        1.462580        0.500000
 grid1/grid1_000695.png/png
 burst_profile/burst_profile000695.png/png
       retry log10(dt/yr), log10(dt), retry_factor     1   696       -6.337562        1.161550        0.500000
       retry log10(dt/yr), log10(dt), retry_factor     1   697       -6.638592        0.860520        0.500000
        700   8.351701  3.659E+06   1.529315   1.556697   1.400000   1.400000   0.000000   0.000000   0.275200   0.056734  16.283377    900    137
  -6.337562   6.697046  -4.792857  -0.803509   0.705227  -8.522879   0.000000   0.000000   0.000000   0.020000   0.041734 103.928909      6     24
 7.8305E-04  23.311729   1.621013   0.310594  13.583992  -1.111443   0.000000   0.000000   0.000000   0.000687  9.015E-01  0.619E-11          hold

 grid1/grid1_000700.png/png
 burst_profile/burst_profile000700.png/png
       retry log10(dt/yr), log10(dt), retry_factor     1   705       -5.644020        1.855092        0.500000
 grid1/grid1_000705.png/png
 burst_profile/burst_profile000705.png/png
       retry log10(dt/yr), log10(dt), retry_factor     1   710       -5.342990        2.156122        0.500000
       retry log10(dt/yr), log10(dt), retry_factor     2   710       -5.644020        1.855092        0.500000
 have reached retry limit so now backup
 grid1/grid1_000710.png/png
 burst_profile/burst_profile000710.png/png
hydro_newton_step failed to accept
       retry log10(dt/yr), log10(dt), retry_factor     1   711       -6.138870        1.360242        0.500000
       retry log10(dt/yr), log10(dt), retry_factor     1   712       -6.439900        1.059212        0.500000
       retry log10(dt/yr), log10(dt), retry_factor     1   713       -6.740930        0.758182        0.500000
 grid1/grid1_000715.png/png
 burst_profile/burst_profile000715.png/png
 grid1/grid1_000720.png/png
 burst_profile/burst_profile000720.png/png
       retry log10(dt/yr), log10(dt), retry_factor     1   721       -5.764560        1.734552        0.500000
       retry log10(dt/yr), log10(dt), retry_factor     1   724       -6.065590        1.433522        0.500000
 grid1/grid1_000725.png/png
 burst_profile/burst_profile000725.png/png
       retry log10(dt/yr), log10(dt), retry_factor     1   729       -6.192263        1.306849        0.500000
       retry log10(dt/yr), log10(dt), retry_factor     2   729       -6.493292        1.005819        0.500000
       retry log10(dt/yr), log10(dt), retry_factor     1   730       -6.794322        0.704789        0.500000
       retry log10(dt/yr), log10(dt), retry_factor     2   730       -7.095352        0.403759        0.500000
 have reached retry limit so now backup
 grid1/grid1_000730.png/png
 burst_profile/burst_profile000730.png/png
 grid1/grid1_000735.png/png
 burst_profile/burst_profile000735.png/png
       retry log10(dt/yr), log10(dt), retry_factor     1   736       -6.493292        1.005819        0.500000
       retry log10(dt/yr), log10(dt), retry_factor     1   738       -6.794322        0.704789        0.500000
hydro_newton_step failed to accept
       retry log10(dt/yr), log10(dt), retry_factor     1   739       -7.095352        0.403759        0.500000
 grid1/grid1_000740.png/png
 burst_profile/burst_profile000740.png/png
       retry log10(dt/yr), log10(dt), retry_factor     1   742       -7.306415        0.192696        0.500000
       retry log10(dt/yr), log10(dt), retry_factor     2   742       -7.607445       -0.108334        0.500000
hydro_newton_step failed to accept
       retry log10(dt/yr), log10(dt), retry_factor     1   744       -7.908475       -0.409364        0.500000
       retry log10(dt/yr), log10(dt), retry_factor     2   744       -8.209505       -0.710394        0.500000
 have reached retry limit so now backup
 grid1/grid1_000745.png/png
 burst_profile/burst_profile000745.png/png
       retry log10(dt/yr), log10(dt), retry_factor     1   748       -8.209505       -0.710394        0.500000
 grid1/grid1_000750.png/png
 burst_profile/burst_profile000750.png/png
       retry log10(dt/yr), log10(dt), retry_factor     1   754       -7.864793       -0.365682        0.500000
       retry log10(dt/yr), log10(dt), retry_factor     1   755       -8.262733       -0.763622        0.500000
hydro_newton_step failed to accept
       retry log10(dt/yr), log10(dt), retry_factor     2   755       -8.563763       -1.064652        0.500000
 grid1/grid1_000755.png/png
 burst_profile/burst_profile000755.png/png
 grid1/grid1_000760.png/png
 burst_profile/burst_profile000760.png/png
 grid1/grid1_000765.png/png
 burst_profile/burst_profile000765.png/png
 grid1/grid1_000770.png/png
 burst_profile/burst_profile000770.png/png
 grid1/grid1_000775.png/png
 burst_profile/burst_profile000775.png/png
 grid1/grid1_000780.png/png
 burst_profile/burst_profile000780.png/png
 grid1/grid1_000785.png/png
 burst_profile/burst_profile000785.png/png
 grid1/grid1_000790.png/png
 burst_profile/burst_profile000790.png/png
 grid1/grid1_000795.png/png
 burst_profile/burst_profile000795.png/png
        800   8.456313  1.790E+07   3.609465   6.829760   1.400000   1.400000   0.000000   0.000000   0.279055   0.063345  12.823622    920    160
  -8.254216   6.701611  -4.791796   3.177690   4.085714  -8.522879   0.000000   0.000000   0.000000   0.031146   0.041721  81.968324      7     27
 8.6134E-04  23.323165   4.381052   6.829401  14.741690  -0.914426   0.000000   0.000000   0.000000   0.000687  8.949E-01  0.594E-08        lgTeff

 grid1/grid1_000800.png/png
 burst_profile/burst_profile000800.png/png
 grid1/grid1_000805.png/png
 burst_profile/burst_profile000805.png/png
 grid1/grid1_000810.png/png
 burst_profile/burst_profile000810.png/png
 grid1/grid1_000815.png/png
 burst_profile/burst_profile000815.png/png
 grid1/grid1_000820.png/png
 burst_profile/burst_profile000820.png/png
 grid1/grid1_000825.png/png
 burst_profile/burst_profile000825.png/png
 grid1/grid1_000830.png/png
 burst_profile/burst_profile000830.png/png
 grid1/grid1_000835.png/png
 burst_profile/burst_profile000835.png/png
 grid1/grid1_000840.png/png
 burst_profile/burst_profile000840.png/png
       retry log10(dt/yr), log10(dt), retry_factor     1   841       -7.452238        0.046874        0.500000
       retry log10(dt/yr), log10(dt), retry_factor     2   841       -7.753268       -0.254156        0.500000
 have reached retry limit so now backup
 grid1/grid1_000840.png/png
 burst_profile/burst_profile000840.png/png
       retry log10(dt/yr), log10(dt), retry_factor     1   843       -8.054298       -0.555186        0.500000
       retry log10(dt/yr), log10(dt), retry_factor     2   843       -8.355328       -0.856216        0.500000
 have reached retry limit so now backup
 grid1/grid1_000845.png/png
 burst_profile/burst_profile000845.png/png
       retry log10(dt/yr), log10(dt), retry_factor     1   846       -8.656358       -1.157246        0.500000
       retry log10(dt/yr), log10(dt), retry_factor     2   846       -8.957388       -1.458276        0.500000
 have reached retry limit so now backup
 grid1/grid1_000845.png/png
 burst_profile/burst_profile000845.png/png
       retry log10(dt/yr), log10(dt), retry_factor     1   849       -9.258418       -1.759306        0.500000
       retry log10(dt/yr), log10(dt), retry_factor     2   849       -9.559448       -2.060336        0.500000
 have reached retry limit so now backup
       retry log10(dt/yr), log10(dt), retry_factor     1   850       -9.860478       -2.361366        0.500000
 grid1/grid1_000850.png/png
 burst_profile/burst_profile000850.png/png
 grid1/grid1_000855.png/png
 burst_profile/burst_profile000855.png/png
 grid1/grid1_000860.png/png
 burst_profile/burst_profile000860.png/png
       retry log10(dt/yr), log10(dt), retry_factor     1   864       -7.590349       -0.091238        0.500000
       retry log10(dt/yr), log10(dt), retry_factor     2   864       -7.891379       -0.392268        0.500000
 have reached retry limit so now backup
 grid1/grid1_000865.png/png
 burst_profile/burst_profile000865.png/png
       retry log10(dt/yr), log10(dt), retry_factor     1   867       -8.386229       -0.887118        0.500000
hydro_newton_step failed to accept
       retry log10(dt/yr), log10(dt), retry_factor     1   868       -8.687259       -1.188148        0.500000
 grid1/grid1_000870.png/png
 burst_profile/burst_profile000870.png/png
hydro_newton_step failed to accept
       retry log10(dt/yr), log10(dt), retry_factor     1   872       -8.386229       -0.887118        0.500000
 grid1/grid1_000875.png/png
 burst_profile/burst_profile000875.png/png
 grid1/grid1_000880.png/png
 burst_profile/burst_profile000880.png/png
 grid1/grid1_000885.png/png
 burst_profile/burst_profile000885.png/png
 grid1/grid1_000890.png/png
 burst_profile/burst_profile000890.png/png
 grid1/grid1_000895.png/png
 burst_profile/burst_profile000895.png/png
        900   8.860246  1.243E+07   2.262263   4.031154   1.400000   1.400000   0.000000   0.000000   0.275200   0.017600   4.521316    942    174
  -7.323138   6.660912  -4.792505   2.097164   3.002532  -8.522879   0.000000   0.000000   0.000000   0.020000   0.019137  31.343432     13     32
 8.6364E-04  23.323561   3.746677   4.018522  14.517153  -0.793513   0.000000   0.000000   0.000000   0.000687  9.633E-01  0.375E-08          dH/H

 grid1/grid1_000900.png/png
 burst_profile/burst_profile000900.png/png
 grid1/grid1_000905.png/png
 burst_profile/burst_profile000905.png/png
 grid1/grid1_000910.png/png
 burst_profile/burst_profile000910.png/png
       retry log10(dt/yr), log10(dt), retry_factor     1   913       -7.622952       -0.123840        0.500000
hydro_newton_step failed to accept
       retry log10(dt/yr), log10(dt), retry_factor     2   913       -7.923982       -0.424870        0.500000
 have reached retry limit so now backup
 grid1/grid1_000915.png/png
 burst_profile/burst_profile000915.png/png
       retry log10(dt/yr), log10(dt), retry_factor     1   920       -7.549530       -0.050419        0.500000
       retry log10(dt/yr), log10(dt), retry_factor     2   920       -7.850560       -0.351449        0.500000
 have reached retry limit so now backup
 grid1/grid1_000920.png/png
 burst_profile/burst_profile000920.png/png
 grid1/grid1_000925.png/png
 burst_profile/burst_profile000925.png/png
 grid1/grid1_000930.png/png
 burst_profile/burst_profile000930.png/png
 grid1/grid1_000935.png/png
 burst_profile/burst_profile000935.png/png
 grid1/grid1_000940.png/png
 burst_profile/burst_profile000940.png/png
 grid1/grid1_000945.png/png
 burst_profile/burst_profile000945.png/png
 grid1/grid1_000950.png/png
 burst_profile/burst_profile000950.png/png
 grid1/grid1_000955.png/png
 burst_profile/burst_profile000955.png/png
 grid1/grid1_000960.png/png
 burst_profile/burst_profile000960.png/png
 grid1/grid1_000965.png/png
 burst_profile/burst_profile000965.png/png
       retry log10(dt/yr), log10(dt), retry_factor     1   968       -5.865419        1.633692        0.500000
       retry log10(dt/yr), log10(dt), retry_factor     1   969       -6.166449        1.332662        0.500000
 grid1/grid1_000970.png/png
 burst_profile/burst_profile000970.png/png
 grid1/grid1_000975.png/png
 burst_profile/burst_profile000975.png/png
       retry log10(dt/yr), log10(dt), retry_factor     1   976       -5.444335        2.054776        0.500000
 grid1/grid1_000980.png/png
 burst_profile/burst_profile000980.png/png
       retry log10(dt/yr), log10(dt), retry_factor     1   981       -5.434022        2.065089        0.500000
 grid1/grid1_000985.png/png
 burst_profile/burst_profile000985.png/png
       retry log10(dt/yr), log10(dt), retry_factor     1   986       -5.254669        2.244443        0.500000
       retry log10(dt/yr), log10(dt), retry_factor     2   986       -5.555699        1.943413        0.500000
 have reached retry limit so now backup
 grid1/grid1_000985.png/png
 burst_profile/burst_profile000985.png/png
       retry log10(dt/yr), log10(dt), retry_factor     1   988       -5.985132        1.513979        0.500000
hydro_newton_step failed to accept
       retry log10(dt/yr), log10(dt), retry_factor     2   988       -6.286162        1.212949        0.500000
 have reached retry limit so now backup
 grid1/grid1_000990.png/png
 burst_profile/burst_profile000990.png/png
       retry log10(dt/yr), log10(dt), retry_factor     1   995       -5.516225        1.982886        0.500000
 grid1/grid1_000995.png/png
 burst_profile/burst_profile000995.png/png
       retry log10(dt/yr), log10(dt), retry_factor     1  1000       -5.548234        1.950877        0.500000

__________________________________________________________________________________________________________________________________________________

       step    lg_Tcntr    Teff       lg_LH     lg_Lnuc     Mass       H_rich     H_cntr     N_cntr     Y_surf     X_avg     eta_cntr  zones retry
   lg_dt_yr    lg_Dcntr    lg_R       lg_L3a    lg_Lneu     lg_Mdot    He_core    He_cntr    O_cntr     Z_surf     Y_avg     gam_cntr  iters bckup
     age_yr    lg_Pcntr    lg_L       lg_LZ     lg_Psurf    lg_Dsurf   C_core     C_cntr     Ne_cntr    Si_cntr    Z_avg     v_div_cs     dt_limit
__________________________________________________________________________________________________________________________________________________

       1000   8.359188  3.715E+06   1.569103   1.598503   1.400000   1.400000   0.000000   0.000000   0.275200   0.054096  16.556108    984    188
  -5.247204   6.724280  -4.792839  -0.549146   0.741635  -8.522879   0.000000   0.000000   0.000000   0.020000   0.040153 104.310437      6     36
 1.0699E-03  23.352627   1.647727   0.364459  13.601457  -1.100729   0.000000   0.000000   0.000000   0.000687  9.058E-01 -0.603E-12         retry

save LOGS/profile5.data for model 1000
save photos/1000 for model 1000
 grid1/grid1_001000.png/png
 burst_profile/burst_profile001000.png/png
       retry log10(dt/yr), log10(dt), retry_factor     1  1004       -5.548234        1.950877        0.500000
       retry log10(dt/yr), log10(dt), retry_factor     1  1005       -5.849264        1.649847        0.500000
 grid1/grid1_001005.png/png
 burst_profile/burst_profile001005.png/png
hydro_newton_step failed to accept
       retry log10(dt/yr), log10(dt), retry_factor     1  1006       -6.247204        1.251907        0.500000
 grid1/grid1_001010.png/png
 burst_profile/burst_profile001010.png/png
       retry log10(dt/yr), log10(dt), retry_factor     1  1011       -5.756756        1.742355        0.500000
       retry log10(dt/yr), log10(dt), retry_factor     1  1013       -6.104329        1.394783        0.500000
hydro_newton_step failed to accept
       retry log10(dt/yr), log10(dt), retry_factor     2  1013       -6.405359        1.093753        0.500000
 have reached retry limit so now backup
 grid1/grid1_001015.png/png
 burst_profile/burst_profile001015.png/png
       retry log10(dt/yr), log10(dt), retry_factor     1  1016       -6.706389        0.792723        0.500000
 grid1/grid1_001020.png/png
 burst_profile/burst_profile001020.png/png
       retry log10(dt/yr), log10(dt), retry_factor     1  1023       -5.972826        1.526286        0.500000
hydro_newton_step failed to accept
       retry log10(dt/yr), log10(dt), retry_factor     1  1024       -6.370766        1.128346        0.500000
 grid1/grid1_001025.png/png
 burst_profile/burst_profile001025.png/png
       retry log10(dt/yr), log10(dt), retry_factor     1  1029       -5.957880        1.541232        0.500000
       retry log10(dt/yr), log10(dt), retry_factor     1  1030       -6.355820        1.143292        0.500000
 grid1/grid1_001030.png/png
 burst_profile/burst_profile001030.png/png
       retry log10(dt/yr), log10(dt), retry_factor     1  1031       -6.753760        0.745352        0.500000
hydro_newton_step failed to accept
       retry log10(dt/yr), log10(dt), retry_factor     1  1032       -7.054790        0.444322        0.500000
       retry log10(dt/yr), log10(dt), retry_factor     1  1034       -7.355820        0.143292        0.500000
 grid1/grid1_001035.png/png
 burst_profile/burst_profile001035.png/png
       retry log10(dt/yr), log10(dt), retry_factor     1  1037       -7.674483       -0.175372        0.500000
       retry log10(dt/yr), log10(dt), retry_factor     2  1037       -7.975513       -0.476402        0.500000
 have reached retry limit so now backup
 grid1/grid1_001040.png/png
 burst_profile/burst_profile001040.png/png
       retry log10(dt/yr), log10(dt), retry_factor     1  1042       -7.674483       -0.175372        0.500000
       retry log10(dt/yr), log10(dt), retry_factor     1  1043       -7.975513       -0.476402        0.500000
       retry log10(dt/yr), log10(dt), retry_factor     2  1043       -8.276543       -0.777432        0.500000
 have reached retry limit so now backup
 grid1/grid1_001045.png/png
 burst_profile/burst_profile001045.png/png
       retry log10(dt/yr), log10(dt), retry_factor     1  1049       -8.223850       -0.724738        0.500000
 grid1/grid1_001050.png/png
 burst_profile/burst_profile001050.png/png
 grid1/grid1_001055.png/png
 burst_profile/burst_profile001055.png/png
 grid1/grid1_001060.png/png
 burst_profile/burst_profile001060.png/png
 grid1/grid1_001065.png/png
 burst_profile/burst_profile001065.png/png
 grid1/grid1_001070.png/png
 burst_profile/burst_profile001070.png/png
 grid1/grid1_001075.png/png
 burst_profile/burst_profile001075.png/png
 grid1/grid1_001080.png/png
 burst_profile/burst_profile001080.png/png
 grid1/grid1_001085.png/png
 burst_profile/burst_profile001085.png/png
 grid1/grid1_001090.png/png
 burst_profile/burst_profile001090.png/png
 grid1/grid1_001095.png/png
 burst_profile/burst_profile001095.png/png
       1100   8.547895  2.221E+07   3.544682   6.609432   1.400000   1.400000   0.000000   0.000000   0.284309   0.049045  10.619107   1059    208
  -7.678573   6.723186  -4.791651   2.929413   4.259691  -8.522879   0.000000   0.000000   0.000000   0.247108   0.033016  67.492542      7     39
 1.1336E-03  23.361060   4.756326   6.608967  14.978895  -0.843520   0.000000   0.000000   0.000000   0.000687  9.179E-01  0.175E-07      lgT_cntr

 grid1/grid1_001100.png/png
 burst_profile/burst_profile001100.png/png
 grid1/grid1_001105.png/png
 burst_profile/burst_profile001105.png/png
 grid1/grid1_001110.png/png
 burst_profile/burst_profile001110.png/png
 grid1/grid1_001115.png/png
 burst_profile/burst_profile001115.png/png
 grid1/grid1_001120.png/png
 burst_profile/burst_profile001120.png/png
 grid1/grid1_001125.png/png
 burst_profile/burst_profile001125.png/png
       retry log10(dt/yr), log10(dt), retry_factor     1  1129       -7.538860       -0.039748        0.500000
       retry log10(dt/yr), log10(dt), retry_factor     2  1129       -7.839890       -0.340778        0.500000
 have reached retry limit so now backup
       retry log10(dt/yr), log10(dt), retry_factor     1  1130       -8.140920       -0.641808        0.500000
       retry log10(dt/yr), log10(dt), retry_factor     2  1130       -8.441950       -0.942838        0.500000
 have reached retry limit so now backup
       retry log10(dt/yr), log10(dt), retry_factor     1  1130       -8.742980       -1.243868        0.500000
       retry log10(dt/yr), log10(dt), retry_factor     2  1130       -9.044010       -1.544898        0.500000
 have reached retry limit so now backup
 grid1/grid1_001130.png/png
 burst_profile/burst_profile001130.png/png
       retry log10(dt/yr), log10(dt), retry_factor     1  1132       -9.345040       -1.845928        0.500000
       retry log10(dt/yr), log10(dt), retry_factor     2  1132       -9.646070       -2.146958        0.500000
 grid1/grid1_001135.png/png
 burst_profile/burst_profile001135.png/png
 grid1/grid1_001140.png/png
 burst_profile/burst_profile001140.png/png
       retry log10(dt/yr), log10(dt), retry_factor     1  1144       -7.826129       -0.327017        0.500000
hydro_newton_step failed to accept
       retry log10(dt/yr), log10(dt), retry_factor     1  1145       -8.224069       -0.724957        0.500000
       retry log10(dt/yr), log10(dt), retry_factor     2  1145       -8.525099       -1.025987        0.500000
 grid1/grid1_001145.png/png
 burst_profile/burst_profile001145.png/png
       retry log10(dt/yr), log10(dt), retry_factor     1  1146       -8.826129       -1.327017        0.500000
       retry log10(dt/yr), log10(dt), retry_factor     2  1146       -9.127159       -1.628047        0.500000
 grid1/grid1_001150.png/png
 burst_profile/burst_profile001150.png/png
hydro_newton_step failed to accept
       retry log10(dt/yr), log10(dt), retry_factor     1  1153       -8.224069       -0.724957        0.500000
hydro_newton_step failed to accept
       retry log10(dt/yr), log10(dt), retry_factor     2  1153       -8.525099       -1.025987        0.500000
 have reached retry limit so now backup
       retry log10(dt/yr), log10(dt), retry_factor     1  1154       -8.826129       -1.327017        0.500000
       retry log10(dt/yr), log10(dt), retry_factor     2  1154       -9.127159       -1.628047        0.500000
 grid1/grid1_001155.png/png
 burst_profile/burst_profile001155.png/png
 grid1/grid1_001160.png/png
 burst_profile/burst_profile001160.png/png
 grid1/grid1_001165.png/png
 burst_profile/burst_profile001165.png/png
       retry log10(dt/yr), log10(dt), retry_factor     1  1167       -7.833449       -0.334337        0.500000
 grid1/grid1_001170.png/png
 burst_profile/burst_profile001170.png/png
 grid1/grid1_001175.png/png
 burst_profile/burst_profile001175.png/png
       retry log10(dt/yr), log10(dt), retry_factor     1  1176       -7.957515       -0.458404        0.500000
 grid1/grid1_001180.png/png
 burst_profile/burst_profile001180.png/png
 grid1/grid1_001185.png/png
 burst_profile/burst_profile001185.png/png
 grid1/grid1_001190.png/png
 burst_profile/burst_profile001190.png/png
 grid1/grid1_001195.png/png
 burst_profile/burst_profile001195.png/png
       1200   8.834264  1.101E+07   2.000372   3.530358   1.400000   1.400000   0.000000   0.000000   0.275200   0.015212   5.065541    987    227
  -7.200165   6.693700  -4.792573   1.921211   2.752278  -8.522879   0.000000   0.000000   0.000000   0.020000   0.017290  34.123906      6     43
 1.1362E-03  23.361511   3.535925   3.506199  14.472175  -0.755943   0.000000   0.000000   0.000000   0.000687  9.675E-01  0.194E-08    varcontrol

 grid1/grid1_001200.png/png
 burst_profile/burst_profile001200.png/png
       retry log10(dt/yr), log10(dt), retry_factor     1  1201       -7.693741       -0.194629        0.500000
       retry log10(dt/yr), log10(dt), retry_factor     2  1201       -7.994771       -0.495659        0.500000
 have reached retry limit so now backup
       1200   8.837594  1.115E+07   2.026450   3.576487   1.400000   1.400000   0.000000   0.000000   0.275200   0.015276   5.017834    987    229
  -7.693741   6.693089  -4.792565   1.939744   2.776786  -8.522879   0.000000   0.000000   0.000000   0.020000   0.017329  33.847338      6     44
 1.1361E-03  23.361505   3.557571   3.553633  14.476433  -0.759641   0.000000   0.000000   0.000000   0.000687  9.674E-01 -0.241E-08        backup

 grid1/grid1_001200.png/png
 burst_profile/burst_profile001200.png/png
 grid1/grid1_001205.png/png
 burst_profile/burst_profile001205.png/png
       retry log10(dt/yr), log10(dt), retry_factor     1  1206       -7.693741       -0.194629        0.500000
       retry log10(dt/yr), log10(dt), retry_factor     2  1206       -7.994771       -0.495659        0.500000
 grid1/grid1_001210.png/png
 burst_profile/burst_profile001210.png/png
       retry log10(dt/yr), log10(dt), retry_factor     1  1213       -7.631901       -0.132790        0.500000
       retry log10(dt/yr), log10(dt), retry_factor     2  1213       -7.932931       -0.433820        0.500000
 have reached retry limit so now backup
 grid1/grid1_001215.png/png
 burst_profile/burst_profile001215.png/png
 grid1/grid1_001220.png/png
 burst_profile/burst_profile001220.png/png
 grid1/grid1_001225.png/png
 burst_profile/burst_profile001225.png/png
 grid1/grid1_001230.png/png
 burst_profile/burst_profile001230.png/png
 grid1/grid1_001235.png/png
 burst_profile/burst_profile001235.png/png
 grid1/grid1_001240.png/png
 burst_profile/burst_profile001240.png/png
 grid1/grid1_001245.png/png
 burst_profile/burst_profile001245.png/png
 grid1/grid1_001250.png/png
 burst_profile/burst_profile001250.png/png
 grid1/grid1_001255.png/png
 burst_profile/burst_profile001255.png/png
 grid1/grid1_001260.png/png
 burst_profile/burst_profile001260.png/png
hydro_newton_step failed to accept
       retry log10(dt/yr), log10(dt), retry_factor     1  1262       -5.347668        2.151443        0.500000
       retry log10(dt/yr), log10(dt), retry_factor     2  1262       -5.648698        1.850413        0.500000
 have reached retry limit so now backup
       retry log10(dt/yr), log10(dt), retry_factor     1  1263       -6.046638        1.452473        0.500000
 grid1/grid1_001265.png/png
 burst_profile/burst_profile001265.png/png
       retry log10(dt/yr), log10(dt), retry_factor     1  1269       -5.606937        1.892175        0.500000
       retry log10(dt/yr), log10(dt), retry_factor     1  1270       -5.907967        1.591145        0.500000
 grid1/grid1_001270.png/png
 burst_profile/burst_profile001270.png/png
 grid1/grid1_001275.png/png
 burst_profile/burst_profile001275.png/png
       retry log10(dt/yr), log10(dt), retry_factor     1  1276       -5.305907        2.193205        0.500000
       retry log10(dt/yr), log10(dt), retry_factor     1  1280       -5.703847        1.795265        0.500000
 grid1/grid1_001280.png/png
 burst_profile/burst_profile001280.png/png
       retry log10(dt/yr), log10(dt), retry_factor     1  1285       -5.632066        1.867046        0.500000
 grid1/grid1_001285.png/png
 burst_profile/burst_profile001285.png/png
       retry log10(dt/yr), log10(dt), retry_factor     1  1289       -5.682933        1.816179        0.500000
 grid1/grid1_001290.png/png
 burst_profile/burst_profile001290.png/png
       retry log10(dt/yr), log10(dt), retry_factor     1  1294       -5.609481        1.889631        0.500000
 grid1/grid1_001295.png/png
 burst_profile/burst_profile001295.png/png
       retry log10(dt/yr), log10(dt), retry_factor     1  1299       -5.543052        1.956059        0.500000
       retry log10(dt/yr), log10(dt), retry_factor     1  1300       -5.940992        1.558119        0.500000
       1300   8.371315  3.831E+06   1.630265   1.664639   1.400000   1.400000   0.000000   0.000000   0.275200   0.053277  16.616070   1040    245
  -5.639962   6.749892  -4.792818  -0.125461   0.802477  -8.522879   0.000000   0.000000   0.000000   0.020000   0.039735 103.451751      6     46
 1.3662E-03  23.391178   1.701165   0.441943  13.636586  -1.079186   0.000000   0.000000   0.000000   0.000687  9.070E-01 -0.104E-10         retry

 grid1/grid1_001300.png/png
 burst_profile/burst_profile001300.png/png
 grid1/grid1_001305.png/png
 burst_profile/burst_profile001305.png/png
       retry log10(dt/yr), log10(dt), retry_factor     1  1306       -5.615932        1.883180        0.500000
hydro_newton_step failed to accept
       retry log10(dt/yr), log10(dt), retry_factor     1  1307       -6.013872        1.485240        0.500000
hydro_newton_step failed to accept
       retry log10(dt/yr), log10(dt), retry_factor     2  1307       -6.314902        1.184210        0.500000
 grid1/grid1_001310.png/png
 burst_profile/burst_profile001310.png/png
       retry log10(dt/yr), log10(dt), retry_factor     1  1312       -5.797469        1.701643        0.500000
       retry log10(dt/yr), log10(dt), retry_factor     1  1313       -6.098499        1.400613        0.500000
       retry log10(dt/yr), log10(dt), retry_factor     1  1314       -6.465317        1.033795        0.500000
 grid1/grid1_001315.png/png
 burst_profile/burst_profile001315.png/png
       retry log10(dt/yr), log10(dt), retry_factor     1  1319       -6.396581        1.102531        0.500000
       retry log10(dt/yr), log10(dt), retry_factor     2  1319       -6.697611        0.801501        0.500000
 grid1/grid1_001320.png/png
 burst_profile/burst_profile001320.png/png
hydro_newton_step failed to accept
       retry log10(dt/yr), log10(dt), retry_factor     1  1321       -6.998641        0.500471        0.500000
       retry log10(dt/yr), log10(dt), retry_factor     1  1323       -6.998641        0.500471        0.500000
       retry log10(dt/yr), log10(dt), retry_factor     2  1323       -7.299671        0.199441        0.500000
       retry log10(dt/yr), log10(dt), retry_factor     1  1325       -7.600701       -0.101589        0.500000
 grid1/grid1_001325.png/png
 burst_profile/burst_profile001325.png/png
       retry log10(dt/yr), log10(dt), retry_factor     1  1327       -7.901731       -0.402619        0.500000
       retry log10(dt/yr), log10(dt), retry_factor     1  1328       -8.202761       -0.703649        0.500000
hydro_newton_step failed to accept
       retry log10(dt/yr), log10(dt), retry_factor     2  1328       -8.503791       -1.004679        0.500000
 have reached retry limit so now backup
 grid1/grid1_001330.png/png
 burst_profile/burst_profile001330.png/png
       retry log10(dt/yr), log10(dt), retry_factor     1  1334       -7.901731       -0.402619        0.500000
 grid1/grid1_001335.png/png
 burst_profile/burst_profile001335.png/png
hydro_newton_step failed to accept
       retry log10(dt/yr), log10(dt), retry_factor     1  1336       -8.299671       -0.800559        0.500000
 grid1/grid1_001340.png/png
 burst_profile/burst_profile001340.png/png
 grid1/grid1_001345.png/png
 burst_profile/burst_profile001345.png/png
 grid1/grid1_001350.png/png
 burst_profile/burst_profile001350.png/png
 grid1/grid1_001355.png/png
 burst_profile/burst_profile001355.png/png
 grid1/grid1_001360.png/png
 burst_profile/burst_profile001360.png/png
 grid1/grid1_001365.png/png
 burst_profile/burst_profile001365.png/png
 grid1/grid1_001370.png/png
 burst_profile/burst_profile001370.png/png
 grid1/grid1_001375.png/png
 burst_profile/burst_profile001375.png/png
 grid1/grid1_001380.png/png
 burst_profile/burst_profile001380.png/png
 grid1/grid1_001385.png/png
 burst_profile/burst_profile001385.png/png
 grid1/grid1_001390.png/png
 burst_profile/burst_profile001390.png/png
       retry log10(dt/yr), log10(dt), retry_factor     1  1393       -8.357514       -0.858403        0.500000
       retry log10(dt/yr), log10(dt), retry_factor     1  1394       -8.658544       -1.159433        0.500000
 grid1/grid1_001395.png/png
 burst_profile/burst_profile001395.png/png
       1400   8.563474  2.182E+07   3.503721   6.501156   1.400000   1.400000   0.000000   0.000000   0.280534   0.042619  10.535265   1095    264
  -8.004373   6.746140  -4.791713   2.925446   4.202294  -8.522879   0.000000   0.000000   0.000000   0.267748   0.029844  66.271704      7     47
 1.4057E-03  23.395927   4.725168   6.500604  14.960057  -0.824311   0.000000   0.000000   0.000000   0.000687  9.275E-01  0.176E-07      lgT_cntr

 grid1/grid1_001400.png/png
 burst_profile/burst_profile001400.png/png
 grid1/grid1_001405.png/png
 burst_profile/burst_profile001405.png/png
 grid1/grid1_001410.png/png
 burst_profile/burst_profile001410.png/png
 grid1/grid1_001415.png/png
 burst_profile/burst_profile001415.png/png
 grid1/grid1_001420.png/png
 burst_profile/burst_profile001420.png/png
 grid1/grid1_001425.png/png
 burst_profile/burst_profile001425.png/png
 grid1/grid1_001430.png/png
 burst_profile/burst_profile001430.png/png
       retry log10(dt/yr), log10(dt), retry_factor     1  1433       -7.351185        0.147927        0.500000
       retry log10(dt/yr), log10(dt), retry_factor     1  1435       -7.846035       -0.346923        0.500000
 grid1/grid1_001435.png/png
 burst_profile/burst_profile001435.png/png
hydro_newton_step failed to accept
       retry log10(dt/yr), log10(dt), retry_factor     1  1436       -8.243975       -0.744863        0.500000
       retry log10(dt/yr), log10(dt), retry_factor     2  1436       -8.545005       -1.045893        0.500000
 have reached retry limit so now backup
 grid1/grid1_001435.png/png
 burst_profile/burst_profile001435.png/png
hydro_newton_step failed to accept
       retry log10(dt/yr), log10(dt), retry_factor     1  1440       -8.630239       -1.131127        0.500000
 grid1/grid1_001440.png/png
 burst_profile/burst_profile001440.png/png
       retry log10(dt/yr), log10(dt), retry_factor     1  1442       -8.391161       -0.892049        0.500000
 grid1/grid1_001445.png/png
 burst_profile/burst_profile001445.png/png
hydro_newton_step failed to accept
       retry log10(dt/yr), log10(dt), retry_factor     1  1447       -8.090131       -0.591019        0.500000
       retry log10(dt/yr), log10(dt), retry_factor     2  1447       -8.391161       -0.892049        0.500000
 grid1/grid1_001450.png/png
 burst_profile/burst_profile001450.png/png
       retry log10(dt/yr), log10(dt), retry_factor     1  1454       -8.100480       -0.601368        0.500000
 grid1/grid1_001455.png/png
 burst_profile/burst_profile001455.png/png
       retry log10(dt/yr), log10(dt), retry_factor     1  1459       -7.851129       -0.352017        0.500000
       retry log10(dt/yr), log10(dt), retry_factor     2  1459       -8.152159       -0.653047        0.500000
 grid1/grid1_001460.png/png
 burst_profile/burst_profile001460.png/png
       retry log10(dt/yr), log10(dt), retry_factor     1  1464       -8.038535       -0.539423        0.500000
 grid1/grid1_001465.png/png
 burst_profile/burst_profile001465.png/png
 grid1/grid1_001470.png/png
 burst_profile/burst_profile001470.png/png
 grid1/grid1_001475.png/png
 burst_profile/burst_profile001475.png/png
       retry log10(dt/yr), log10(dt), retry_factor     1  1479       -8.091357       -0.592245        0.500000
 grid1/grid1_001480.png/png
 burst_profile/burst_profile001480.png/png
 grid1/grid1_001485.png/png
 burst_profile/burst_profile001485.png/png
 grid1/grid1_001490.png/png
 burst_profile/burst_profile001490.png/png
 grid1/grid1_001495.png/png
 burst_profile/burst_profile001495.png/png
       retry log10(dt/yr), log10(dt), retry_factor     1  1496       -7.549864       -0.050753        0.500000
       retry log10(dt/yr), log10(dt), retry_factor     2  1496       -7.850894       -0.351783        0.500000
 have reached retry limit so now backup
 grid1/grid1_001495.png/png
 burst_profile/burst_profile001495.png/png
       1500   8.828388  1.040E+07   1.838745   3.310597   1.400000   1.400000   0.000000   0.000000   0.275200   0.013596   5.329897   1053    279
  -7.248834   6.719929  -4.792596   1.832630   2.625790  -8.522879   0.000000   0.000000   0.000000   0.020000   0.015921  35.292035      6     49
 1.4085E-03  23.396368   3.435751   3.280474  14.452558  -0.740110   0.000000   0.000000   0.000000   0.000687  9.705E-01  0.697E-10  max increase

save LOGS/profile6.data for model 1500
save photos/x500 for model 1500
 grid1/grid1_001500.png/png
 burst_profile/burst_profile001500.png/png
 grid1/grid1_001505.png/png
 burst_profile/burst_profile001505.png/png
 grid1/grid1_001510.png/png
 burst_profile/burst_profile001510.png/png
 grid1/grid1_001515.png/png
 burst_profile/burst_profile001515.png/png

stop because model_number >= max_model_number
     1520     1520

       1520   8.646419  6.025E+06   1.230731   2.048521   1.400000   1.400000   0.000000   0.000000   0.275200   0.013733   8.592704   1048    279
  -6.356713   6.741452  -4.792803   0.531775   1.632353  -8.522879   0.000000   0.000000   0.000000   0.020000   0.015572  54.553272      6     49
 1.4123E-03  23.396867   2.487718   1.960980  14.119261  -0.799540   0.000000   0.000000   0.000000   0.000687  9.707E-01  0.478E-11      lgT_cntr

save LOGS/profile7.data for model 1520
save photos/x520 for model 1520
save abund_profile_r_cr49_ng_cr50_100.data for model 1520
 saved to final.mod
termination code: max_model_number
 grid1/grid1_001520.png/png
 burst_profile/burst_profile001520.png/png
       1520   8.646419  6.025E+06   1.230731   2.048521   1.400000   1.400000   0.000000   0.000000   0.275200   0.013733   8.592704   1048    279
  -6.356713   6.741452  -4.792803   0.531775   1.632353  -8.522879   0.000000   0.000000   0.000000   0.020000   0.015572  54.553272      6     49
 1.4123E-03  23.396867   2.487718   1.960980  14.119261  -0.799540   0.000000   0.000000   0.000000   0.000687  9.707E-01  0.478E-11      lgT_cntr

DATE: 2020-07-21
TIME: 11:18:27
