starting from 0
DATE: 2020-09-02
TIME: 16:41:43
                                         version_number       10108
 read /hpc/group/physics/al363/sens/base/inlist_base
 read inlist_cluster
load saved model /hpc/group/physics/al363/sens/base/ns_relax.mod

 change to /hpc/group/physics/al363/sens/base/rp_305.net
             set special rate factor for r_pd92_ng_pd93         319    1.0000000000000000D-02
             set special rate factor for r_pd93_gn_pd92         320    1.0000000000000000D-02
             set special rate factor for r_pd92_ng_pd93         319    1.0000000000000000D-02
             set special rate factor for r_pd93_gn_pd92         320    1.0000000000000000D-02
 number of species         305
 read /hpc/group/physics/al363/sens/base/history_customACL.list_tau
 read /hpc/group/physics/al363/sens/base/profile_customACL.list_tau
 net name /hpc/group/physics/al363/sens/base/rp_305.net
 v_flag T
                         which_atm_option: grey_and_kap
                                           xmstar/mstar    4.5461189430843640D-12
                                             xmstar (g)    1.2660395722219186D+22
                                           M_center (g)    2.7848799999878681D+33
                                            xmstar/Msun    6.3645665203193175D-12
                                          M_center/Msun    1.3999999999939012D+00
                                          R_center (cm)    1.1200000000000000D+06
                                          R_center/Rsun    1.6092416448748527D-05
                                           core density    4.7322078204273819D+14
                                          L_center/Lsun    4.1647144567650578D+00
 kappa_file_prefix gs98
 kappa_lowT_prefix lowT_fa05_gs98

   eos_file_prefix mesa
                                        OMP_NUM_THREADS           8


__________________________________________________________________________________________________________________________________________________

       step    lg_Tcntr    Teff       lg_LH     lg_Lnuc     Mass       H_rich     H_cntr     N_cntr     Y_surf     X_avg     eta_cntr  zones retry
   lg_dt_yr    lg_Dcntr    lg_R       lg_L3a    lg_Lneu     lg_Mdot    He_core    He_cntr    O_cntr     Z_surf     Y_avg     gam_cntr  iters bckup
     age_yr    lg_Pcntr    lg_L       lg_LZ     lg_Psurf    lg_Dsurf   C_core     C_cntr     Ne_cntr    Si_cntr    Z_avg     v_div_cs     dt_limit
__________________________________________________________________________________________________________________________________________________

save LOGS/profile1.data for model 2
 grid1/grid1_000005.png/png
 burst_profile/burst_profile000005.png/png
          6   8.165156  1.497E+06   0.087590   0.087976   1.400000   1.400000   0.000000   0.000000   0.275200   0.030886  22.514775    791      0
  -5.817651   6.610341  -4.793035 -18.862378  -1.086578  -8.522879   0.000000   0.000000   0.000000   0.020000   0.011710 149.410225      6      0
 4.0040E-06  23.176196   0.068337  -2.962874  12.744977  -1.553972   0.000000   0.000000   0.000000   0.000687  9.574E-01  0.395E-11      lgT_cntr

save LOGS/profile2.data for model 6
 grid1/grid1_000010.png/png
 burst_profile/burst_profile000010.png/png
 grid1/grid1_000015.png/png
 burst_profile/burst_profile000015.png/png
 grid1/grid1_000020.png/png
 burst_profile/burst_profile000020.png/png
 grid1/grid1_000025.png/png
 burst_profile/burst_profile000025.png/png
       retry log10(dt/yr), log10(dt), retry_factor     1    30       -5.532111        1.967001        0.500000
 grid1/grid1_000030.png/png
 burst_profile/burst_profile000030.png/png
       retry log10(dt/yr), log10(dt), retry_factor     1    35       -5.231081        2.268031        0.500000
 grid1/grid1_000035.png/png
 burst_profile/burst_profile000035.png/png
       retry log10(dt/yr), log10(dt), retry_factor     1    36       -5.532111        1.967001        0.500000
       retry log10(dt/yr), log10(dt), retry_factor     1    40       -5.532111        1.967001        0.500000
 grid1/grid1_000040.png/png
 burst_profile/burst_profile000040.png/png
       retry log10(dt/yr), log10(dt), retry_factor     1    45       -5.231081        2.268031        0.500000
 grid1/grid1_000045.png/png
 burst_profile/burst_profile000045.png/png
       retry log10(dt/yr), log10(dt), retry_factor     1    49       -5.231081        2.268031        0.500000
 grid1/grid1_000050.png/png
 burst_profile/burst_profile000050.png/png
       retry log10(dt/yr), log10(dt), retry_factor     1    53       -5.231081        2.268031        0.500000
 grid1/grid1_000055.png/png
 burst_profile/burst_profile000055.png/png
       retry log10(dt/yr), log10(dt), retry_factor     1    56       -5.532111        1.967001        0.500000
       retry log10(dt/yr), log10(dt), retry_factor     2    56       -5.833141        1.665971        0.500000
 have reached retry limit so now backup
 grid1/grid1_000055.png/png
 burst_profile/burst_profile000055.png/png
       retry log10(dt/yr), log10(dt), retry_factor     1    58       -6.134171        1.364941        0.500000
       retry log10(dt/yr), log10(dt), retry_factor     2    58       -6.435201        1.063911        0.500000
 have reached retry limit so now backup
       retry log10(dt/yr), log10(dt), retry_factor     1    58       -6.736231        0.762881        0.500000
       retry log10(dt/yr), log10(dt), retry_factor     2    58       -7.037261        0.461851        0.500000
 have reached retry limit so now backup
       retry log10(dt/yr), log10(dt), retry_factor     1    60       -7.338291        0.160821        0.500000
       retry log10(dt/yr), log10(dt), retry_factor     2    60       -7.639321       -0.140209        0.500000
 have reached retry limit so now backup
 grid1/grid1_000060.png/png
 burst_profile/burst_profile000060.png/png
       retry log10(dt/yr), log10(dt), retry_factor     1    62       -7.940351       -0.441239        0.500000
       retry log10(dt/yr), log10(dt), retry_factor     2    62       -8.241381       -0.742269        0.500000
 grid1/grid1_000065.png/png
 burst_profile/burst_profile000065.png/png
 grid1/grid1_000070.png/png
 burst_profile/burst_profile000070.png/png
 grid1/grid1_000075.png/png
 burst_profile/burst_profile000075.png/png
       retry log10(dt/yr), log10(dt), retry_factor     1    76       -5.231081        2.268031        0.500000
       retry log10(dt/yr), log10(dt), retry_factor     2    76       -5.532111        1.967001        0.500000
       retry log10(dt/yr), log10(dt), retry_factor     1    77       -5.833141        1.665971        0.500000
       retry log10(dt/yr), log10(dt), retry_factor     2    77       -6.134171        1.364941        0.500000
 have reached retry limit so now backup
       retry log10(dt/yr), log10(dt), retry_factor     1    80       -6.435201        1.063911        0.500000
       retry log10(dt/yr), log10(dt), retry_factor     2    80       -6.736231        0.762881        0.500000
 have reached retry limit so now backup
 grid1/grid1_000080.png/png
 burst_profile/burst_profile000080.png/png
       retry log10(dt/yr), log10(dt), retry_factor     1    81       -7.037261        0.461851        0.500000
       retry log10(dt/yr), log10(dt), retry_factor     2    81       -7.338291        0.160821        0.500000
 have reached retry limit so now backup
 grid1/grid1_000080.png/png
 burst_profile/burst_profile000080.png/png
       retry log10(dt/yr), log10(dt), retry_factor     1    84       -7.639321       -0.140209        0.500000
       retry log10(dt/yr), log10(dt), retry_factor     2    84       -7.940351       -0.441239        0.500000
 have reached retry limit so now backup
       retry log10(dt/yr), log10(dt), retry_factor     1    84       -8.241381       -0.742269        0.500000
 grid1/grid1_000085.png/png
 burst_profile/burst_profile000085.png/png
 grid1/grid1_000090.png/png
 burst_profile/burst_profile000090.png/png
 grid1/grid1_000095.png/png
 burst_profile/burst_profile000095.png/png
       retry log10(dt/yr), log10(dt), retry_factor     1    97       -5.708197        1.790914        0.500000
       retry log10(dt/yr), log10(dt), retry_factor     1    98       -6.029742        1.469369        0.500000
       retry log10(dt/yr), log10(dt), retry_factor     1    99       -6.330772        1.168339        0.500000
        100   8.444841  4.670E+06   2.033172   2.166622   1.400000   1.400000   0.000000   0.000000   0.275200   0.100536  12.226478    752     31
  -6.029742   6.642744  -4.792800   1.206170   1.283423  -8.522879   0.000000   0.000000   0.000000   0.020000   0.058448  80.444496      6      8
 3.1300E-04  23.235090   2.045017   1.357015  13.860470  -0.943582   0.000000   0.000000   0.000000   0.000687  8.410E-01  0.987E-12          hold

 grid1/grid1_000100.png/png
 burst_profile/burst_profile000100.png/png
       retry log10(dt/yr), log10(dt), retry_factor     1   101       -6.631802        0.867309        0.500000
       retry log10(dt/yr), log10(dt), retry_factor     1   103       -6.932832        0.566279        0.500000
hydro_newton_step failed to accept
       retry log10(dt/yr), log10(dt), retry_factor     1   104       -7.233862        0.265249        0.500000
 grid1/grid1_000105.png/png
 burst_profile/burst_profile000105.png/png
       retry log10(dt/yr), log10(dt), retry_factor     1   106       -7.534892       -0.035780        0.500000
       retry log10(dt/yr), log10(dt), retry_factor     1   110       -7.649240       -0.150129        0.500000
       retry log10(dt/yr), log10(dt), retry_factor     2   110       -7.950270       -0.451159        0.500000
 grid1/grid1_000110.png/png
 burst_profile/burst_profile000110.png/png
       retry log10(dt/yr), log10(dt), retry_factor     1   112       -8.333830       -0.834718        0.500000
 grid1/grid1_000115.png/png
 burst_profile/burst_profile000115.png/png
 grid1/grid1_000120.png/png
 burst_profile/burst_profile000120.png/png
 grid1/grid1_000125.png/png
 burst_profile/burst_profile000125.png/png
 grid1/grid1_000130.png/png
 burst_profile/burst_profile000130.png/png
 grid1/grid1_000135.png/png
 burst_profile/burst_profile000135.png/png
 grid1/grid1_000140.png/png
 burst_profile/burst_profile000140.png/png
 grid1/grid1_000145.png/png
 burst_profile/burst_profile000145.png/png
 grid1/grid1_000150.png/png
 burst_profile/burst_profile000150.png/png
 grid1/grid1_000155.png/png
 burst_profile/burst_profile000155.png/png
 grid1/grid1_000160.png/png
 burst_profile/burst_profile000160.png/png
 grid1/grid1_000165.png/png
 burst_profile/burst_profile000165.png/png
                       super eddington wind: lg_Mdot, L/Ledd         166    -9.76056     1.00708
                       super eddington wind: lg_Mdot, L/Ledd         167    -9.00478     1.04031
                       super eddington wind: lg_Mdot, L/Ledd         168    -8.75953     1.07086
                       super eddington wind: lg_Mdot, L/Ledd         169    -8.62667     1.09614
                       super eddington wind: lg_Mdot, L/Ledd         170    -8.52208     1.12216
 grid1/grid1_000170.png/png
 burst_profile/burst_profile000170.png/png
                       super eddington wind: lg_Mdot, L/Ledd         171    -8.42430     1.15285
                       super eddington wind: lg_Mdot, L/Ledd         172    -8.60171     1.10142
                       super eddington wind: lg_Mdot, L/Ledd         173    -8.46097     1.14012
                       super eddington wind: lg_Mdot, L/Ledd         174    -8.38560     1.16676
                       super eddington wind: lg_Mdot, L/Ledd         175    -8.53059     1.11908
 grid1/grid1_000175.png/png
 burst_profile/burst_profile000175.png/png
                       super eddington wind: lg_Mdot, L/Ledd         176    -8.40179     1.16030
                       super eddington wind: lg_Mdot, L/Ledd         177    -8.32983     1.18909
                       super eddington wind: lg_Mdot, L/Ledd         178    -8.44984     1.14290
                       super eddington wind: lg_Mdot, L/Ledd         179    -8.33799     1.18495
                       super eddington wind: lg_Mdot, L/Ledd         180    -8.27474     1.21365
 grid1/grid1_000180.png/png
 burst_profile/burst_profile000180.png/png
                       super eddington wind: lg_Mdot, L/Ledd         181    -8.39338     1.16238
                       super eddington wind: lg_Mdot, L/Ledd         182    -8.29670     1.20270
                       super eddington wind: lg_Mdot, L/Ledd         183    -8.24897     1.22613
                       super eddington wind: lg_Mdot, L/Ledd         184    -8.36501     1.17275
                       super eddington wind: lg_Mdot, L/Ledd         185    -8.27675     1.21154
 grid1/grid1_000185.png/png
 burst_profile/burst_profile000185.png/png
                       super eddington wind: lg_Mdot, L/Ledd         186    -8.24061     1.22974
                       super eddington wind: lg_Mdot, L/Ledd         187    -8.35539     1.17596
                       super eddington wind: lg_Mdot, L/Ledd         188    -8.28315     1.20753
                       super eddington wind: lg_Mdot, L/Ledd         189    -8.25277     1.22236
                       super eddington wind: lg_Mdot, L/Ledd         190    -8.39318     1.16055
 grid1/grid1_000190.png/png
 burst_profile/burst_profile000190.png/png
                       super eddington wind: lg_Mdot, L/Ledd         191    -8.33561     1.18306
                       super eddington wind: lg_Mdot, L/Ledd         192    -8.32243     1.18850
                       super eddington wind: lg_Mdot, L/Ledd         193    -8.51428     1.12103
       retry log10(dt/yr), log10(dt), retry_factor     1   193       -9.066039       -1.566927        0.500000
                       super eddington wind: lg_Mdot, L/Ledd         193    -8.51428     1.12103
       retry log10(dt/yr), log10(dt), retry_factor     2   193       -9.367069       -1.867957        0.500000
                       super eddington wind: lg_Mdot, L/Ledd         193    -8.51428     1.12103
 have reached retry limit so now backup
                       super eddington wind: lg_Mdot, L/Ledd         192    -8.32243     1.18850
                       super eddington wind: lg_Mdot, L/Ledd         193    -8.69722     1.07946
                       super eddington wind: lg_Mdot, L/Ledd         194    -8.39719     1.15854
                       super eddington wind: lg_Mdot, L/Ledd         195    -8.58094     1.10382
 grid1/grid1_000195.png/png
 burst_profile/burst_profile000195.png/png
                       super eddington wind: lg_Mdot, L/Ledd         196    -8.46262     1.13635
                       super eddington wind: lg_Mdot, L/Ledd         197    -8.38175     1.16420
                       super eddington wind: lg_Mdot, L/Ledd         198    -8.55492     1.11019
                       super eddington wind: lg_Mdot, L/Ledd         199    -8.46183     1.13648
                       super eddington wind: lg_Mdot, L/Ledd         200    -8.38131     1.16423
        200   8.945276  2.382E+07   3.761153   6.698839   1.400000   1.400000   0.000000   0.000000   0.295791   0.076043   3.115245    668     40
  -8.827945   6.571131  -4.791535   3.025262   4.390238  -8.381307   0.000000   0.000000   0.000000   0.199598   0.044894  24.054156      6      9
 3.1497E-04  23.235202   4.878153   6.698246  15.060134  -0.895765   0.000000   0.000000   0.000000   0.000687  8.791E-01  0.814E-04    varcontrol

 grid1/grid1_000200.png/png
 burst_profile/burst_profile000200.png/png
                       super eddington wind: lg_Mdot, L/Ledd         201    -8.59466     1.10045
       retry log10(dt/yr), log10(dt), retry_factor     1   201       -9.277695       -1.778584        0.500000
                       super eddington wind: lg_Mdot, L/Ledd         201    -8.59466     1.10045
       retry log10(dt/yr), log10(dt), retry_factor     2   201       -9.578725       -2.079614        0.500000
                       super eddington wind: lg_Mdot, L/Ledd         201    -8.59466     1.10045
 have reached retry limit so now backup
                       super eddington wind: lg_Mdot, L/Ledd         200    -8.38131     1.16423
        200   8.943940  2.366E+07   3.733458   6.701333   1.400000   1.400000   0.000000   0.000000   0.295895   0.076144   3.130007    668     42
  -9.277695   6.571590  -4.791525   3.025640   4.392040  -8.381307   0.000000   0.000000   0.000000   0.199034   0.044923  24.136734      6     10
 3.1497E-04  23.235204   4.866808   6.700773  15.051933  -0.893897   0.000000   0.000000   0.000000   0.000687  8.789E-01  0.184E-03        backup

 grid1/grid1_000200.png/png
 burst_profile/burst_profile000200.png/png
                       super eddington wind: lg_Mdot, L/Ledd         201    -8.74122     1.07165
                       super eddington wind: lg_Mdot, L/Ledd         202    -8.44354     1.14215
                       super eddington wind: lg_Mdot, L/Ledd         203    -8.63400     1.09171
                       super eddington wind: lg_Mdot, L/Ledd         204    -8.52610     1.11738
                       super eddington wind: lg_Mdot, L/Ledd         205    -8.42297     1.14912
 grid1/grid1_000205.png/png
 burst_profile/burst_profile000205.png/png
                       super eddington wind: lg_Mdot, L/Ledd         206    -8.59280     1.10076
                       super eddington wind: lg_Mdot, L/Ledd         207    -8.48608     1.12882
                       super eddington wind: lg_Mdot, L/Ledd         208    -8.40948     1.15371
                       super eddington wind: lg_Mdot, L/Ledd         209    -8.65913     1.08638
                       super eddington wind: lg_Mdot, L/Ledd         210    -8.54855     1.11144
 grid1/grid1_000210.png/png
 burst_profile/burst_profile000210.png/png
                       super eddington wind: lg_Mdot, L/Ledd         211    -8.72536     1.07405
                       super eddington wind: lg_Mdot, L/Ledd         212    -8.63296     1.09164
                       super eddington wind: lg_Mdot, L/Ledd         213    -8.74646     1.07043
                       super eddington wind: lg_Mdot, L/Ledd         214    -8.85876     1.05438
                       super eddington wind: lg_Mdot, L/Ledd         215    -9.49717     1.01249
 grid1/grid1_000215.png/png
 burst_profile/burst_profile000215.png/png
                       super eddington wind: lg_Mdot, L/Ledd         216    -9.11335     1.03019
                       super eddington wind: lg_Mdot, L/Ledd         218    -9.81514     1.00599
 grid1/grid1_000220.png/png
 burst_profile/burst_profile000220.png/png
       retry log10(dt/yr), log10(dt), retry_factor     1   222       -9.268482       -1.769370        0.500000
 grid1/grid1_000225.png/png
 burst_profile/burst_profile000225.png/png
 grid1/grid1_000230.png/png
 burst_profile/burst_profile000230.png/png
 grid1/grid1_000235.png/png
 burst_profile/burst_profile000235.png/png
 grid1/grid1_000240.png/png
 burst_profile/burst_profile000240.png/png
       retry log10(dt/yr), log10(dt), retry_factor     1   241       -7.453830        0.045281        0.500000
       retry log10(dt/yr), log10(dt), retry_factor     2   241       -7.754860       -0.255749        0.500000
 have reached retry limit so now backup
 grid1/grid1_000240.png/png
 burst_profile/burst_profile000240.png/png
 grid1/grid1_000245.png/png
 burst_profile/burst_profile000245.png/png
       retry log10(dt/yr), log10(dt), retry_factor     1   248       -7.852359       -0.353248        0.500000
       retry log10(dt/yr), log10(dt), retry_factor     2   248       -8.153389       -0.654278        0.500000
 have reached retry limit so now backup
 grid1/grid1_000250.png/png
 burst_profile/burst_profile000250.png/png
hydro_newton_step failed to accept
       retry log10(dt/yr), log10(dt), retry_factor     1   251       -8.552886       -1.053775        0.500000
       retry log10(dt/yr), log10(dt), retry_factor     2   251       -8.853916       -1.354805        0.500000
       retry log10(dt/yr), log10(dt), retry_factor     1   252       -9.154946       -1.655835        0.500000
 grid1/grid1_000255.png/png
 burst_profile/burst_profile000255.png/png
       retry log10(dt/yr), log10(dt), retry_factor     1   256       -9.154946       -1.655835        0.500000
 grid1/grid1_000260.png/png
 burst_profile/burst_profile000260.png/png
       retry log10(dt/yr), log10(dt), retry_factor     1   262       -8.552886       -1.053775        0.500000
       retry log10(dt/yr), log10(dt), retry_factor     2   262       -8.853916       -1.354805        0.500000
 grid1/grid1_000265.png/png
 burst_profile/burst_profile000265.png/png
hydro_newton_step failed to accept
       retry log10(dt/yr), log10(dt), retry_factor     1   268       -8.251856       -0.752745        0.500000
       retry log10(dt/yr), log10(dt), retry_factor     2   268       -8.552886       -1.053775        0.500000
 have reached retry limit so now backup
 grid1/grid1_000270.png/png
 burst_profile/burst_profile000270.png/png
 grid1/grid1_000275.png/png
 burst_profile/burst_profile000275.png/png
hydro_newton_step failed to accept
       retry log10(dt/yr), log10(dt), retry_factor     1   280       -7.714026       -0.214914        0.500000
       retry log10(dt/yr), log10(dt), retry_factor     2   280       -8.015056       -0.515944        0.500000
 have reached retry limit so now backup
 grid1/grid1_000280.png/png
 burst_profile/burst_profile000280.png/png
 grid1/grid1_000285.png/png
 burst_profile/burst_profile000285.png/png
 grid1/grid1_000290.png/png
 burst_profile/burst_profile000290.png/png
 grid1/grid1_000295.png/png
 burst_profile/burst_profile000295.png/png
        300   8.812663  1.159E+07   2.187178   3.786081   1.400000   1.400000   0.000000   0.000000   0.275200   0.021042   4.747750    700     57
  -7.074604   6.606659  -4.792583   1.963240   2.917071  -8.522879   0.000000   0.000000   0.000000   0.020000   0.020849  33.546379      6     14
 3.1772E-04  23.235869   3.624019   3.768253  14.489974  -0.771279   0.000000   0.000000   0.000000   0.000687  9.581E-01 -0.837E-11          dH/H

 grid1/grid1_000300.png/png
 burst_profile/burst_profile000300.png/png
       retry log10(dt/yr), log10(dt), retry_factor     1   302       -7.870484       -0.371373        0.500000
 grid1/grid1_000305.png/png
 burst_profile/burst_profile000305.png/png
 grid1/grid1_000310.png/png
 burst_profile/burst_profile000310.png/png
       retry log10(dt/yr), log10(dt), retry_factor     1   311       -7.615723       -0.116612        0.500000
       retry log10(dt/yr), log10(dt), retry_factor     2   311       -7.916753       -0.417642        0.500000
 have reached retry limit so now backup
 grid1/grid1_000310.png/png
 burst_profile/burst_profile000310.png/png
 grid1/grid1_000315.png/png
 burst_profile/burst_profile000315.png/png
       retry log10(dt/yr), log10(dt), retry_factor     1   317       -7.548997       -0.049885        0.500000
       retry log10(dt/yr), log10(dt), retry_factor     2   317       -7.850027       -0.350915        0.500000
 have reached retry limit so now backup
       retry log10(dt/yr), log10(dt), retry_factor     1   320       -8.151057       -0.651945        0.500000
       retry log10(dt/yr), log10(dt), retry_factor     2   320       -8.452087       -0.952975        0.500000
 grid1/grid1_000320.png/png
 burst_profile/burst_profile000320.png/png
 grid1/grid1_000325.png/png
 burst_profile/burst_profile000325.png/png
 grid1/grid1_000330.png/png
 burst_profile/burst_profile000330.png/png
 grid1/grid1_000335.png/png
 burst_profile/burst_profile000335.png/png
 grid1/grid1_000340.png/png
 burst_profile/burst_profile000340.png/png
 grid1/grid1_000345.png/png
 burst_profile/burst_profile000345.png/png
 grid1/grid1_000350.png/png
 burst_profile/burst_profile000350.png/png
 grid1/grid1_000355.png/png
 burst_profile/burst_profile000355.png/png
 grid1/grid1_000360.png/png
 burst_profile/burst_profile000360.png/png
 grid1/grid1_000365.png/png
 burst_profile/burst_profile000365.png/png
       retry log10(dt/yr), log10(dt), retry_factor     1   369       -5.358417        2.140695        0.500000
hydro_newton_step failed to accept
       retry log10(dt/yr), log10(dt), retry_factor     2   369       -5.659447        1.839665        0.500000
 have reached retry limit so now backup
 grid1/grid1_000370.png/png
 burst_profile/burst_profile000370.png/png
       retry log10(dt/yr), log10(dt), retry_factor     1   374       -5.616574        1.882537        0.500000
       retry log10(dt/yr), log10(dt), retry_factor     1   375       -5.917604        1.581507        0.500000
       retry log10(dt/yr), log10(dt), retry_factor     2   375       -6.218634        1.280477        0.500000
 grid1/grid1_000375.png/png
 burst_profile/burst_profile000375.png/png
 grid1/grid1_000380.png/png
 burst_profile/burst_profile000380.png/png
       retry log10(dt/yr), log10(dt), retry_factor     1   382       -5.523331        1.975780        0.500000
 grid1/grid1_000385.png/png
 burst_profile/burst_profile000385.png/png
       retry log10(dt/yr), log10(dt), retry_factor     1   387       -5.399948        2.099163        0.500000
hydro_newton_step failed to accept
       retry log10(dt/yr), log10(dt), retry_factor     2   387       -5.700978        1.798133        0.500000
 have reached retry limit so now backup
 grid1/grid1_000390.png/png
 burst_profile/burst_profile000390.png/png
       retry log10(dt/yr), log10(dt), retry_factor     1   393       -5.449955        2.049156        0.500000
       retry log10(dt/yr), log10(dt), retry_factor     2   393       -5.750985        1.748126        0.500000
       retry log10(dt/yr), log10(dt), retry_factor     1   394       -6.052015        1.447096        0.500000
 grid1/grid1_000395.png/png
 burst_profile/burst_profile000395.png/png
        400   8.346267  3.623E+06   1.518255   1.545658   1.400000   1.400000   0.000000   0.000000   0.275200   0.061347  15.891287    740     75
  -4.949166   6.667585  -4.792873  -0.976403   0.691331  -8.522879   0.000000   0.000000   0.000000   0.020000   0.043514 102.884571      6     18
 5.0166E-04  23.267479   1.604131   0.310153  13.573010  -1.118190   0.000000   0.000000   0.000000   0.000687  8.951E-01  0.942E-13          dH/H

 grid1/grid1_000400.png/png
 burst_profile/burst_profile000400.png/png
       retry log10(dt/yr), log10(dt), retry_factor     1   401       -5.391866        2.107245        0.500000
       retry log10(dt/yr), log10(dt), retry_factor     2   401       -5.692896        1.806215        0.500000
 have reached retry limit so now backup
        400   8.344054  3.598E+06   1.501693   1.528618   1.400000   1.400000   0.000000   0.000000   0.275200   0.059933  15.958556    740     77
  -5.391866   6.666845  -4.792876  -1.090091   0.675327  -8.522879   0.000000   0.000000   0.000000   0.020000   0.042546 103.351298      6     19
 4.9447E-04  23.266289   1.591901   0.289842  13.565055  -1.123023   0.000000   0.000000   0.000000   0.000687  8.975E-01  0.386E-12        backup

 grid1/grid1_000400.png/png
 burst_profile/burst_profile000400.png/png
       retry log10(dt/yr), log10(dt), retry_factor     1   404       -5.993926        1.505185        0.500000
       retry log10(dt/yr), log10(dt), retry_factor     2   404       -6.294956        1.204155        0.500000
 have reached retry limit so now backup
       retry log10(dt/yr), log10(dt), retry_factor     1   404       -6.595986        0.903125        0.500000
       retry log10(dt/yr), log10(dt), retry_factor     2   404       -6.897016        0.602095        0.500000
 have reached retry limit so now backup
 grid1/grid1_000405.png/png
 burst_profile/burst_profile000405.png/png
       retry log10(dt/yr), log10(dt), retry_factor     1   406       -7.198046        0.301065        0.500000
       retry log10(dt/yr), log10(dt), retry_factor     2   406       -7.499076        0.000035        0.500000
 have reached retry limit so now backup
 grid1/grid1_000405.png/png
 burst_profile/burst_profile000405.png/png
       retry log10(dt/yr), log10(dt), retry_factor     1   407       -7.800106       -0.300995        0.500000
 grid1/grid1_000410.png/png
 burst_profile/burst_profile000410.png/png
 grid1/grid1_000415.png/png
 burst_profile/burst_profile000415.png/png
       retry log10(dt/yr), log10(dt), retry_factor     1   419       -5.570822        1.928290        0.500000
 grid1/grid1_000420.png/png
 burst_profile/burst_profile000420.png/png
       retry log10(dt/yr), log10(dt), retry_factor     1   424       -5.366702        2.132410        0.500000
hydro_newton_step failed to accept
       retry log10(dt/yr), log10(dt), retry_factor     2   424       -5.667732        1.831380        0.500000
 have reached retry limit so now backup
hydro_newton_step failed to accept
       retry log10(dt/yr), log10(dt), retry_factor     1   425       -6.162582        1.336530        0.500000
 grid1/grid1_000425.png/png
 burst_profile/burst_profile000425.png/png
       retry log10(dt/yr), log10(dt), retry_factor     1   430       -5.729770        1.769342        0.500000
 grid1/grid1_000430.png/png
 burst_profile/burst_profile000430.png/png
hydro_newton_step failed to accept
       retry log10(dt/yr), log10(dt), retry_factor     1   431       -6.127710        1.371402        0.500000
 grid1/grid1_000435.png/png
 burst_profile/burst_profile000435.png/png
       retry log10(dt/yr), log10(dt), retry_factor     1   436       -5.585976        1.913135        0.500000
       retry log10(dt/yr), log10(dt), retry_factor     1   437       -5.887006        1.612105        0.500000
hydro_newton_step failed to accept
       retry log10(dt/yr), log10(dt), retry_factor     2   437       -6.188036        1.311075        0.500000
 grid1/grid1_000440.png/png
 burst_profile/burst_profile000440.png/png
hydro_newton_step failed to accept
       retry log10(dt/yr), log10(dt), retry_factor     1   441       -6.258088        1.241023        0.500000
        441   8.421819  4.406E+06   1.895347   1.996441   1.400000   1.400000   0.000000   0.000000   0.275200   0.075824  13.435063    763     94
  -5.957058   6.674432  -4.792812   1.099810   1.079756  -8.522879   0.000000   0.000000   0.000000   0.020000   0.053657  86.912171      6     23
 5.8439E-04  23.280951   1.944045   0.903841  13.795448  -0.982659   0.000000   0.000000   0.000000   0.000687  8.705E-01  0.141E-11         retry

save LOGS/profile3.data for model 441
       retry log10(dt/yr), log10(dt), retry_factor     1   442       -6.258088        1.241023        0.500000
       retry log10(dt/yr), log10(dt), retry_factor     1   444       -6.559118        0.939993        0.500000
       retry log10(dt/yr), log10(dt), retry_factor     1   445       -6.876931        0.622181        0.500000
 grid1/grid1_000445.png/png
 burst_profile/burst_profile000445.png/png
       retry log10(dt/yr), log10(dt), retry_factor     1   446       -7.243102        0.256010        0.500000
       retry log10(dt/yr), log10(dt), retry_factor     1   447       -7.544132       -0.045020        0.500000
       retry log10(dt/yr), log10(dt), retry_factor     1   449       -7.845162       -0.346050        0.500000
hydro_newton_step failed to accept
       retry log10(dt/yr), log10(dt), retry_factor     2   449       -8.146192       -0.647080        0.500000
 grid1/grid1_000450.png/png
 burst_profile/burst_profile000450.png/png
       retry log10(dt/yr), log10(dt), retry_factor     1   455       -7.544132       -0.045020        0.500000
 grid1/grid1_000455.png/png
 burst_profile/burst_profile000455.png/png
       retry log10(dt/yr), log10(dt), retry_factor     1   457       -7.845162       -0.346050        0.500000
 grid1/grid1_000460.png/png
 burst_profile/burst_profile000460.png/png
       retry log10(dt/yr), log10(dt), retry_factor     1   462       -8.563901       -1.064789        0.500000
 grid1/grid1_000465.png/png
 burst_profile/burst_profile000465.png/png
 grid1/grid1_000470.png/png
 burst_profile/burst_profile000470.png/png
 grid1/grid1_000475.png/png
 burst_profile/burst_profile000475.png/png
 grid1/grid1_000480.png/png
 burst_profile/burst_profile000480.png/png
 grid1/grid1_000485.png/png
 burst_profile/burst_profile000485.png/png
 grid1/grid1_000490.png/png
 burst_profile/burst_profile000490.png/png
 grid1/grid1_000495.png/png
 burst_profile/burst_profile000495.png/png
        500   8.465941  1.795E+07   3.559442   6.823985   1.400000   1.400000   0.000000   0.000000   0.279073   0.071974  12.092367    787    104
  -8.168127   6.673074  -4.791789   3.155530   4.077614  -8.522879   0.000000   0.000000   0.000000   0.029499   0.044518  78.434292      7     23
 5.8810E-04  23.281429   4.385949   6.823656  14.744109  -0.915421   0.000000   0.000000   0.000000   0.000687  8.835E-01  0.377E-08    varcontrol

save LOGS/profile4.data for model 500
save photos/x500 for model 500
 grid1/grid1_000500.png/png
 burst_profile/burst_profile000500.png/png
 grid1/grid1_000505.png/png
 burst_profile/burst_profile000505.png/png
 grid1/grid1_000510.png/png
 burst_profile/burst_profile000510.png/png
 grid1/grid1_000515.png/png
 burst_profile/burst_profile000515.png/png
 grid1/grid1_000520.png/png
 burst_profile/burst_profile000520.png/png
 grid1/grid1_000525.png/png
 burst_profile/burst_profile000525.png/png
 grid1/grid1_000530.png/png
 burst_profile/burst_profile000530.png/png
 grid1/grid1_000535.png/png
 burst_profile/burst_profile000535.png/png
 grid1/grid1_000540.png/png
 burst_profile/burst_profile000540.png/png
 grid1/grid1_000545.png/png
 burst_profile/burst_profile000545.png/png
       retry log10(dt/yr), log10(dt), retry_factor     1   546       -7.456321        0.042790        0.500000
       retry log10(dt/yr), log10(dt), retry_factor     2   546       -7.757351       -0.258240        0.500000
 have reached retry limit so now backup
 grid1/grid1_000545.png/png
 burst_profile/burst_profile000545.png/png
       retry log10(dt/yr), log10(dt), retry_factor     1   547       -8.058381       -0.559270        0.500000
       retry log10(dt/yr), log10(dt), retry_factor     2   547       -8.359411       -0.860300        0.500000
 have reached retry limit so now backup
       retry log10(dt/yr), log10(dt), retry_factor     1   548       -8.660441       -1.161330        0.500000
       retry log10(dt/yr), log10(dt), retry_factor     2   548       -8.961471       -1.462360        0.500000
 have reached retry limit so now backup
       retry log10(dt/yr), log10(dt), retry_factor     1   549       -9.262501       -1.763390        0.500000
       retry log10(dt/yr), log10(dt), retry_factor     2   549       -9.563531       -2.064420        0.500000
 grid1/grid1_000550.png/png
 burst_profile/burst_profile000550.png/png
 grid1/grid1_000555.png/png
 burst_profile/burst_profile000555.png/png
 grid1/grid1_000560.png/png
 burst_profile/burst_profile000560.png/png
       retry log10(dt/yr), log10(dt), retry_factor     1   563       -7.608203       -0.109091        0.500000
hydro_newton_step failed to accept
       retry log10(dt/yr), log10(dt), retry_factor     2   563       -7.909233       -0.410121        0.500000
 have reached retry limit so now backup
 grid1/grid1_000565.png/png
 burst_profile/burst_profile000565.png/png
hydro_newton_step failed to accept
       retry log10(dt/yr), log10(dt), retry_factor     1   566       -8.458190       -0.959078        0.500000
hydro_newton_step failed to accept
       retry log10(dt/yr), log10(dt), retry_factor     1   567       -8.458190       -0.959078        0.500000
hydro_newton_step failed to accept
       retry log10(dt/yr), log10(dt), retry_factor     2   567       -8.759220       -1.260108        0.500000
 grid1/grid1_000570.png/png
 burst_profile/burst_profile000570.png/png
       retry log10(dt/yr), log10(dt), retry_factor     1   572       -7.880036       -0.380925        0.500000
 grid1/grid1_000575.png/png
 burst_profile/burst_profile000575.png/png
       retry log10(dt/yr), log10(dt), retry_factor     1   579       -7.906545       -0.407433        0.500000
hydro_newton_step failed to accept
       retry log10(dt/yr), log10(dt), retry_factor     2   579       -8.207575       -0.708463        0.500000
 have reached retry limit so now backup
 grid1/grid1_000580.png/png
 burst_profile/burst_profile000580.png/png
 grid1/grid1_000585.png/png
 burst_profile/burst_profile000585.png/png
 grid1/grid1_000590.png/png
 burst_profile/burst_profile000590.png/png
 grid1/grid1_000595.png/png
 burst_profile/burst_profile000595.png/png
hydro_newton_step failed to accept
       retry log10(dt/yr), log10(dt), retry_factor     1   596       -7.731966       -0.232855        0.500000
hydro_newton_step failed to accept
       retry log10(dt/yr), log10(dt), retry_factor     1   599       -7.760832       -0.261720        0.500000
       retry log10(dt/yr), log10(dt), retry_factor     2   599       -8.061862       -0.562750        0.500000
        600   8.829197  1.160E+07   2.125935   3.777456   1.400000   1.400000   0.000000   0.000000   0.275200   0.019828   4.743850    798    123
  -7.760832   6.636880  -4.792560   1.978394   2.877891  -8.522879   0.000000   0.000000   0.000000   0.020000   0.020013  33.051069      7     28
 5.9079E-04  23.281946   3.626488   3.760544  14.490443  -0.771744   0.000000   0.000000   0.000000   0.000687  9.602E-01  0.962E-10          hold

 grid1/grid1_000600.png/png
 burst_profile/burst_profile000600.png/png
       retry log10(dt/yr), log10(dt), retry_factor     1   604       -7.760832       -0.261720        0.500000
 grid1/grid1_000605.png/png
 burst_profile/burst_profile000605.png/png
       retry log10(dt/yr), log10(dt), retry_factor     1   608       -7.760832       -0.261720        0.500000
       retry log10(dt/yr), log10(dt), retry_factor     2   608       -8.061862       -0.562750        0.500000
 grid1/grid1_000610.png/png
 burst_profile/burst_profile000610.png/png
       retry log10(dt/yr), log10(dt), retry_factor     1   614       -7.645395       -0.146284        0.500000
       retry log10(dt/yr), log10(dt), retry_factor     2   614       -7.946425       -0.447314        0.500000
 grid1/grid1_000615.png/png
 burst_profile/burst_profile000615.png/png
       retry log10(dt/yr), log10(dt), retry_factor     1   619       -7.645395       -0.146284        0.500000
       retry log10(dt/yr), log10(dt), retry_factor     2   619       -7.946425       -0.447314        0.500000
 grid1/grid1_000620.png/png
 burst_profile/burst_profile000620.png/png
 grid1/grid1_000625.png/png
 burst_profile/burst_profile000625.png/png
 grid1/grid1_000630.png/png
 burst_profile/burst_profile000630.png/png
 grid1/grid1_000635.png/png
 burst_profile/burst_profile000635.png/png
 grid1/grid1_000640.png/png
 burst_profile/burst_profile000640.png/png
 grid1/grid1_000645.png/png
 burst_profile/burst_profile000645.png/png
 grid1/grid1_000650.png/png
 burst_profile/burst_profile000650.png/png
 grid1/grid1_000655.png/png
 burst_profile/burst_profile000655.png/png
 grid1/grid1_000660.png/png
 burst_profile/burst_profile000660.png/png
 grid1/grid1_000665.png/png
 burst_profile/burst_profile000665.png/png
       retry log10(dt/yr), log10(dt), retry_factor     1   670       -5.359713        2.139398        0.500000
       retry log10(dt/yr), log10(dt), retry_factor     2   670       -5.660743        1.838368        0.500000
 have reached retry limit so now backup
 grid1/grid1_000670.png/png
 burst_profile/burst_profile000670.png/png
 grid1/grid1_000675.png/png
 burst_profile/burst_profile000675.png/png
       retry log10(dt/yr), log10(dt), retry_factor     1   676       -5.463251        2.035861        0.500000
       retry log10(dt/yr), log10(dt), retry_factor     2   676       -5.764281        1.734831        0.500000
       retry log10(dt/yr), log10(dt), retry_factor     1   677       -6.065311        1.433801        0.500000
 grid1/grid1_000680.png/png
 burst_profile/burst_profile000680.png/png
       retry log10(dt/yr), log10(dt), retry_factor     1   684       -5.365786        2.133325        0.500000
hydro_newton_step failed to accept
       retry log10(dt/yr), log10(dt), retry_factor     2   684       -5.666816        1.832295        0.500000
 have reached retry limit so now backup
 grid1/grid1_000685.png/png
 burst_profile/burst_profile000685.png/png
 grid1/grid1_000690.png/png
 burst_profile/burst_profile000690.png/png
       retry log10(dt/yr), log10(dt), retry_factor     1   692       -5.435290        2.063822        0.500000
       retry log10(dt/yr), log10(dt), retry_factor     2   692       -5.736320        1.762792        0.500000
 grid1/grid1_000695.png/png
 burst_profile/burst_profile000695.png/png
       retry log10(dt/yr), log10(dt), retry_factor     1   697       -5.600117        1.898994        0.500000
       retry log10(dt/yr), log10(dt), retry_factor     1   698       -5.998057        1.501054        0.500000
        700   8.355897  3.697E+06   1.553831   1.581946   1.400000   1.400000   0.000000   0.000000   0.275200   0.059228  16.139726    846    141
  -5.697027   6.697778  -4.792852  -0.658188   0.727851  -8.522879   0.000000   0.000000   0.000000   0.020000   0.042724 102.987489      6     30
 7.9140E-04  23.312973   1.639399   0.337316  13.596022  -1.104108   0.000000   0.000000   0.000000   0.000687  8.980E-01  0.580E-12          hold

 grid1/grid1_000700.png/png
 burst_profile/burst_profile000700.png/png
 grid1/grid1_000705.png/png
 burst_profile/burst_profile000705.png/png
       retry log10(dt/yr), log10(dt), retry_factor     1   706       -5.566605        1.932507        0.500000
hydro_newton_step failed to accept
       retry log10(dt/yr), log10(dt), retry_factor     1   707       -5.964545        1.534567        0.500000
hydro_newton_step failed to accept
       retry log10(dt/yr), log10(dt), retry_factor     2   707       -6.265575        1.233537        0.500000
 grid1/grid1_000710.png/png
 burst_profile/burst_profile000710.png/png
       retry log10(dt/yr), log10(dt), retry_factor     1   712       -5.767318        1.731793        0.500000
       retry log10(dt/yr), log10(dt), retry_factor     1   714       -6.095662        1.403450        0.500000
hydro_newton_step failed to accept
       retry log10(dt/yr), log10(dt), retry_factor     2   714       -6.396692        1.102420        0.500000
 have reached retry limit so now backup
 grid1/grid1_000715.png/png
 burst_profile/burst_profile000715.png/png
       retry log10(dt/yr), log10(dt), retry_factor     1   717       -6.697722        0.801390        0.500000
       retry log10(dt/yr), log10(dt), retry_factor     1   718       -6.998752        0.500360        0.500000
 grid1/grid1_000720.png/png
 burst_profile/burst_profile000720.png/png
 grid1/grid1_000725.png/png
 burst_profile/burst_profile000725.png/png
       retry log10(dt/yr), log10(dt), retry_factor     1   726       -6.049109        1.450002        0.500000
hydro_newton_step failed to accept
       retry log10(dt/yr), log10(dt), retry_factor     2   726       -6.350139        1.148972        0.500000
 grid1/grid1_000730.png/png
 burst_profile/burst_profile000730.png/png
       retry log10(dt/yr), log10(dt), retry_factor     1   731       -6.095973        1.403139        0.500000
       retry log10(dt/yr), log10(dt), retry_factor     1   732       -6.397003        1.102109        0.500000
       retry log10(dt/yr), log10(dt), retry_factor     1   733       -6.698033        0.801079        0.500000
 grid1/grid1_000735.png/png
 burst_profile/burst_profile000735.png/png
       retry log10(dt/yr), log10(dt), retry_factor     1   736       -7.028203        0.470909        0.500000
       retry log10(dt/yr), log10(dt), retry_factor     2   736       -7.329233        0.169879        0.500000
       retry log10(dt/yr), log10(dt), retry_factor     1   740       -7.329233        0.169879        0.500000
       retry log10(dt/yr), log10(dt), retry_factor     2   740       -7.630263       -0.131151        0.500000
 grid1/grid1_000740.png/png
 burst_profile/burst_profile000740.png/png
       retry log10(dt/yr), log10(dt), retry_factor     1   741       -7.931292       -0.432181        0.500000
       retry log10(dt/yr), log10(dt), retry_factor     1   742       -8.288050       -0.788938        0.500000
 grid1/grid1_000745.png/png
 burst_profile/burst_profile000745.png/png
 grid1/grid1_000750.png/png
 burst_profile/burst_profile000750.png/png
 grid1/grid1_000755.png/png
 burst_profile/burst_profile000755.png/png
 grid1/grid1_000760.png/png
 burst_profile/burst_profile000760.png/png
 grid1/grid1_000765.png/png
 burst_profile/burst_profile000765.png/png
 grid1/grid1_000770.png/png
 burst_profile/burst_profile000770.png/png
       retry log10(dt/yr), log10(dt), retry_factor     1   773       -9.374297       -1.875186        0.500000
 grid1/grid1_000775.png/png
 burst_profile/burst_profile000775.png/png
hydro_newton_step failed to accept
       retry log10(dt/yr), log10(dt), retry_factor     1   778       -9.073267       -1.574156        0.500000
 grid1/grid1_000780.png/png
 burst_profile/burst_profile000780.png/png
 grid1/grid1_000785.png/png
 burst_profile/burst_profile000785.png/png
 grid1/grid1_000790.png/png
 burst_profile/burst_profile000790.png/png
 grid1/grid1_000795.png/png
 burst_profile/burst_profile000795.png/png
        800   8.636241  2.234E+07   3.561177   6.640563   1.400000   1.400000   0.000000   0.000000   0.283531   0.054766   8.254869    891    162
  -8.234564   6.691135  -4.791652   2.943278   4.272648  -8.522879   0.000000   0.000000   0.000000   0.245658   0.036261  53.731097      7     31
 8.5911E-04  23.322793   4.766561   6.640114  14.985552  -0.847070   0.000000   0.000000   0.000000   0.000687  9.090E-01  0.676E-08      lgT_cntr

 grid1/grid1_000800.png/png
 burst_profile/burst_profile000800.png/png
 grid1/grid1_000805.png/png
 burst_profile/burst_profile000805.png/png
 grid1/grid1_000810.png/png
 burst_profile/burst_profile000810.png/png
 grid1/grid1_000815.png/png
 burst_profile/burst_profile000815.png/png
 grid1/grid1_000820.png/png
 burst_profile/burst_profile000820.png/png
 grid1/grid1_000825.png/png
 burst_profile/burst_profile000825.png/png
 grid1/grid1_000830.png/png
 burst_profile/burst_profile000830.png/png
       retry log10(dt/yr), log10(dt), retry_factor     1   832       -7.666030       -0.166919        0.500000
       retry log10(dt/yr), log10(dt), retry_factor     2   832       -7.967060       -0.467949        0.500000
 have reached retry limit so now backup
 grid1/grid1_000835.png/png
 burst_profile/burst_profile000835.png/png
       retry log10(dt/yr), log10(dt), retry_factor     1   836       -7.967060       -0.467949        0.500000
       retry log10(dt/yr), log10(dt), retry_factor     2   836       -8.268090       -0.768979        0.500000
 have reached retry limit so now backup
 grid1/grid1_000835.png/png
 burst_profile/burst_profile000835.png/png
       retry log10(dt/yr), log10(dt), retry_factor     1   837       -8.569120       -1.070009        0.500000
       retry log10(dt/yr), log10(dt), retry_factor     2   837       -8.870150       -1.371039        0.500000
 have reached retry limit so now backup
       retry log10(dt/yr), log10(dt), retry_factor     1   838       -9.171180       -1.672069        0.500000
       retry log10(dt/yr), log10(dt), retry_factor     2   838       -9.472210       -1.973099        0.500000
 grid1/grid1_000840.png/png
 burst_profile/burst_profile000840.png/png
 grid1/grid1_000845.png/png
 burst_profile/burst_profile000845.png/png
       retry log10(dt/yr), log10(dt), retry_factor     1   849       -8.006946       -0.507834        0.500000
       retry log10(dt/yr), log10(dt), retry_factor     2   849       -8.307976       -0.808864        0.500000
 have reached retry limit so now backup
 grid1/grid1_000850.png/png
 burst_profile/burst_profile000850.png/png
hydro_newton_step failed to accept
       retry log10(dt/yr), log10(dt), retry_factor     1   852       -8.636520       -1.137409        0.500000
       retry log10(dt/yr), log10(dt), retry_factor     2   852       -8.937550       -1.438439        0.500000
 grid1/grid1_000855.png/png
 burst_profile/burst_profile000855.png/png
hydro_newton_step failed to accept
       retry log10(dt/yr), log10(dt), retry_factor     1   858       -8.335490       -0.836379        0.500000
       retry log10(dt/yr), log10(dt), retry_factor     2   858       -8.636520       -1.137409        0.500000
 grid1/grid1_000860.png/png
 burst_profile/burst_profile000860.png/png
       retry log10(dt/yr), log10(dt), retry_factor     1   863       -8.335490       -0.836379        0.500000
 grid1/grid1_000865.png/png
 burst_profile/burst_profile000865.png/png
       retry log10(dt/yr), log10(dt), retry_factor     1   868       -8.034460       -0.535349        0.500000
       retry log10(dt/yr), log10(dt), retry_factor     2   868       -8.335490       -0.836379        0.500000
 have reached retry limit so now backup
 grid1/grid1_000870.png/png
 burst_profile/burst_profile000870.png/png
 grid1/grid1_000875.png/png
 burst_profile/burst_profile000875.png/png
 grid1/grid1_000880.png/png
 burst_profile/burst_profile000880.png/png
 grid1/grid1_000885.png/png
 burst_profile/burst_profile000885.png/png
 grid1/grid1_000890.png/png
 burst_profile/burst_profile000890.png/png
hydro_newton_step failed to accept
       retry log10(dt/yr), log10(dt), retry_factor     1   894       -8.063794       -0.564683        0.500000
 grid1/grid1_000895.png/png
 burst_profile/burst_profile000895.png/png
        900   8.830455  1.123E+07   2.056110   3.619698   1.400000   1.400000   0.000000   0.000000   0.275200   0.016744   4.928739    862    180
  -7.341107   6.666677  -4.792576   1.952756   2.801134  -8.522879   0.000000   0.000000   0.000000   0.020000   0.018707  33.717798      9     36
 8.6164E-04  23.323279   3.569158   3.597949  14.478762  -0.761634   0.000000   0.000000   0.000000   0.000687  9.645E-01  0.432E-08          dH/H

 grid1/grid1_000900.png/png
 burst_profile/burst_profile000900.png/png
       retry log10(dt/yr), log10(dt), retry_factor     1   905       -7.563532       -0.064421        0.500000
       retry log10(dt/yr), log10(dt), retry_factor     2   905       -7.864562       -0.365451        0.500000
 have reached retry limit so now backup
 grid1/grid1_000905.png/png
 burst_profile/burst_profile000905.png/png
 grid1/grid1_000910.png/png
 burst_profile/burst_profile000910.png/png
 grid1/grid1_000915.png/png
 burst_profile/burst_profile000915.png/png
 grid1/grid1_000920.png/png
 burst_profile/burst_profile000920.png/png

stop because model_number >= max_model_number
      924      924

        924   8.671349  6.643E+06   1.241850   2.196233   1.400000   1.400000   0.000000   0.000000   0.275200   0.016254   7.558150    858    182
  -6.626007   6.688649  -4.792801   0.843147   1.758180  -8.522879   0.000000   0.000000   0.000000   0.020000   0.018056  49.464070      6     37
 8.6408E-04  23.323667   2.657319   2.122870  14.202269  -0.761552   0.000000   0.000000   0.000000   0.000687  9.657E-01  0.254E-10    varcontrol

save LOGS/profile5.data for model 924
save photos/x924 for model 924
save abund_profile_r_pd92_ng_pd93_01.data for model 924
 saved to final.mod
termination code: max_model_number
        924   8.671349  6.643E+06   1.241850   2.196233   1.400000   1.400000   0.000000   0.000000   0.275200   0.016254   7.558150    858    182
  -6.626007   6.688649  -4.792801   0.843147   1.758180  -8.522879   0.000000   0.000000   0.000000   0.020000   0.018056  49.464070      6     37
 8.6408E-04  23.323667   2.657319   2.122870  14.202269  -0.761552   0.000000   0.000000   0.000000   0.000687  9.657E-01  0.254E-10        lgTeff

DATE: 2020-09-03
TIME: 14:05:18
