starting from 0
DATE: 2020-09-03
TIME: 16:31:43
                                         version_number       10108
 read /hpc/group/physics/al363/sens/base/inlist_base
 read inlist_cluster
load saved model /hpc/group/physics/al363/sens/base/ns_relax.mod

 change to /hpc/group/physics/al363/sens/base/rp_305.net
             set special rate factor for r_ti43_ng_ti44         433    1.0000000000000000D-02
             set special rate factor for r_ti44_gn_ti43         434    1.0000000000000000D-02
             set special rate factor for r_ti43_ng_ti44         433    1.0000000000000000D-02
             set special rate factor for r_ti44_gn_ti43         434    1.0000000000000000D-02
 number of species         305
 read /hpc/group/physics/al363/sens/base/history_customACL.list_tau
 read /hpc/group/physics/al363/sens/base/profile_customACL.list_tau
 net name /hpc/group/physics/al363/sens/base/rp_305.net
 v_flag T
                         which_atm_option: grey_and_kap
                                           xmstar/mstar    4.5461189430843640D-12
                                             xmstar (g)    1.2660395722219186D+22
                                           M_center (g)    2.7848799999878681D+33
                                            xmstar/Msun    6.3645665203193175D-12
                                          M_center/Msun    1.3999999999939012D+00
                                          R_center (cm)    1.1200000000000000D+06
                                          R_center/Rsun    1.6092416448748527D-05
                                           core density    4.7322078204273819D+14
                                          L_center/Lsun    4.1647144567650578D+00
 kappa_file_prefix gs98
 kappa_lowT_prefix lowT_fa05_gs98

   eos_file_prefix mesa
                                        OMP_NUM_THREADS           8


__________________________________________________________________________________________________________________________________________________

       step    lg_Tcntr    Teff       lg_LH     lg_Lnuc     Mass       H_rich     H_cntr     N_cntr     Y_surf     X_avg     eta_cntr  zones retry
   lg_dt_yr    lg_Dcntr    lg_R       lg_L3a    lg_Lneu     lg_Mdot    He_core    He_cntr    O_cntr     Z_surf     Y_avg     gam_cntr  iters bckup
     age_yr    lg_Pcntr    lg_L       lg_LZ     lg_Psurf    lg_Dsurf   C_core     C_cntr     Ne_cntr    Si_cntr    Z_avg     v_div_cs     dt_limit
__________________________________________________________________________________________________________________________________________________

save LOGS/profile1.data for model 2
 grid1/grid1_000005.png/png
 burst_profile/burst_profile000005.png/png
          6   8.165156  1.497E+06   0.087590   0.087976   1.400000   1.400000   0.000000   0.000000   0.275200   0.030886  22.514775    791      0
  -5.817651   6.610341  -4.793035 -18.862378  -1.086578  -8.522879   0.000000   0.000000   0.000000   0.020000   0.011710 149.410225      6      0
 4.0040E-06  23.176196   0.068337  -2.962874  12.744977  -1.553972   0.000000   0.000000   0.000000   0.000687  9.574E-01  0.395E-11      lgT_cntr

save LOGS/profile2.data for model 6
 grid1/grid1_000010.png/png
 burst_profile/burst_profile000010.png/png
 grid1/grid1_000015.png/png
 burst_profile/burst_profile000015.png/png
 grid1/grid1_000020.png/png
 burst_profile/burst_profile000020.png/png
 grid1/grid1_000025.png/png
 burst_profile/burst_profile000025.png/png
       retry log10(dt/yr), log10(dt), retry_factor     1    30       -5.532111        1.967001        0.500000
 grid1/grid1_000030.png/png
 burst_profile/burst_profile000030.png/png
       retry log10(dt/yr), log10(dt), retry_factor     1    35       -5.231081        2.268031        0.500000
 grid1/grid1_000035.png/png
 burst_profile/burst_profile000035.png/png
       retry log10(dt/yr), log10(dt), retry_factor     1    36       -5.532111        1.967001        0.500000
       retry log10(dt/yr), log10(dt), retry_factor     1    40       -5.532111        1.967001        0.500000
 grid1/grid1_000040.png/png
 burst_profile/burst_profile000040.png/png
       retry log10(dt/yr), log10(dt), retry_factor     1    45       -5.231081        2.268031        0.500000
 grid1/grid1_000045.png/png
 burst_profile/burst_profile000045.png/png
       retry log10(dt/yr), log10(dt), retry_factor     1    49       -5.231081        2.268031        0.500000
 grid1/grid1_000050.png/png
 burst_profile/burst_profile000050.png/png
       retry log10(dt/yr), log10(dt), retry_factor     1    53       -5.231081        2.268031        0.500000
 grid1/grid1_000055.png/png
 burst_profile/burst_profile000055.png/png
       retry log10(dt/yr), log10(dt), retry_factor     1    56       -5.532111        1.967001        0.500000
       retry log10(dt/yr), log10(dt), retry_factor     2    56       -5.833141        1.665971        0.500000
 have reached retry limit so now backup
 grid1/grid1_000055.png/png
 burst_profile/burst_profile000055.png/png
       retry log10(dt/yr), log10(dt), retry_factor     1    58       -6.134171        1.364941        0.500000
       retry log10(dt/yr), log10(dt), retry_factor     2    58       -6.435201        1.063911        0.500000
 have reached retry limit so now backup
       retry log10(dt/yr), log10(dt), retry_factor     1    58       -6.736231        0.762881        0.500000
       retry log10(dt/yr), log10(dt), retry_factor     2    58       -7.037261        0.461851        0.500000
 have reached retry limit so now backup
       retry log10(dt/yr), log10(dt), retry_factor     1    60       -7.338291        0.160821        0.500000
       retry log10(dt/yr), log10(dt), retry_factor     2    60       -7.639321       -0.140209        0.500000
 have reached retry limit so now backup
 grid1/grid1_000060.png/png
 burst_profile/burst_profile000060.png/png
       retry log10(dt/yr), log10(dt), retry_factor     1    62       -7.940351       -0.441239        0.500000
       retry log10(dt/yr), log10(dt), retry_factor     2    62       -8.241381       -0.742269        0.500000
 grid1/grid1_000065.png/png
 burst_profile/burst_profile000065.png/png
 grid1/grid1_000070.png/png
 burst_profile/burst_profile000070.png/png
 grid1/grid1_000075.png/png
 burst_profile/burst_profile000075.png/png
       retry log10(dt/yr), log10(dt), retry_factor     1    76       -5.231081        2.268031        0.500000
       retry log10(dt/yr), log10(dt), retry_factor     2    76       -5.532111        1.967001        0.500000
       retry log10(dt/yr), log10(dt), retry_factor     1    77       -5.833141        1.665971        0.500000
       retry log10(dt/yr), log10(dt), retry_factor     2    77       -6.134171        1.364941        0.500000
 have reached retry limit so now backup
       retry log10(dt/yr), log10(dt), retry_factor     1    80       -6.435201        1.063911        0.500000
       retry log10(dt/yr), log10(dt), retry_factor     2    80       -6.736231        0.762881        0.500000
 have reached retry limit so now backup
 grid1/grid1_000080.png/png
 burst_profile/burst_profile000080.png/png
       retry log10(dt/yr), log10(dt), retry_factor     1    81       -7.037261        0.461851        0.500000
       retry log10(dt/yr), log10(dt), retry_factor     2    81       -7.338291        0.160821        0.500000
 have reached retry limit so now backup
 grid1/grid1_000080.png/png
 burst_profile/burst_profile000080.png/png
       retry log10(dt/yr), log10(dt), retry_factor     1    84       -7.639321       -0.140209        0.500000
       retry log10(dt/yr), log10(dt), retry_factor     2    84       -7.940351       -0.441239        0.500000
 have reached retry limit so now backup
       retry log10(dt/yr), log10(dt), retry_factor     1    84       -8.241381       -0.742269        0.500000
 grid1/grid1_000085.png/png
 burst_profile/burst_profile000085.png/png
 grid1/grid1_000090.png/png
 burst_profile/burst_profile000090.png/png
 grid1/grid1_000095.png/png
 burst_profile/burst_profile000095.png/png
       retry log10(dt/yr), log10(dt), retry_factor     1    97       -5.708197        1.790914        0.500000
       retry log10(dt/yr), log10(dt), retry_factor     1    98       -6.029742        1.469369        0.500000
       retry log10(dt/yr), log10(dt), retry_factor     1    99       -6.330772        1.168339        0.500000
        100   8.444841  4.670E+06   2.033172   2.166622   1.400000   1.400000   0.000000   0.000000   0.275200   0.100536  12.226478    752     31
  -6.029742   6.642744  -4.792800   1.206170   1.283423  -8.522879   0.000000   0.000000   0.000000   0.020000   0.058448  80.444496      6      8
 3.1300E-04  23.235090   2.045017   1.357015  13.860470  -0.943582   0.000000   0.000000   0.000000   0.000687  8.410E-01  0.987E-12          hold

 grid1/grid1_000100.png/png
 burst_profile/burst_profile000100.png/png
       retry log10(dt/yr), log10(dt), retry_factor     1   101       -6.631802        0.867309        0.500000
       retry log10(dt/yr), log10(dt), retry_factor     1   103       -6.932832        0.566279        0.500000
hydro_newton_step failed to accept
       retry log10(dt/yr), log10(dt), retry_factor     1   104       -7.233862        0.265249        0.500000
 grid1/grid1_000105.png/png
 burst_profile/burst_profile000105.png/png
       retry log10(dt/yr), log10(dt), retry_factor     1   106       -7.534892       -0.035780        0.500000
       retry log10(dt/yr), log10(dt), retry_factor     1   110       -7.649240       -0.150129        0.500000
       retry log10(dt/yr), log10(dt), retry_factor     2   110       -7.950270       -0.451159        0.500000
 grid1/grid1_000110.png/png
 burst_profile/burst_profile000110.png/png
       retry log10(dt/yr), log10(dt), retry_factor     1   112       -8.333830       -0.834718        0.500000
 grid1/grid1_000115.png/png
 burst_profile/burst_profile000115.png/png
 grid1/grid1_000120.png/png
 burst_profile/burst_profile000120.png/png
 grid1/grid1_000125.png/png
 burst_profile/burst_profile000125.png/png
 grid1/grid1_000130.png/png
 burst_profile/burst_profile000130.png/png
 grid1/grid1_000135.png/png
 burst_profile/burst_profile000135.png/png
 grid1/grid1_000140.png/png
 burst_profile/burst_profile000140.png/png
 grid1/grid1_000145.png/png
 burst_profile/burst_profile000145.png/png
 grid1/grid1_000150.png/png
 burst_profile/burst_profile000150.png/png
 grid1/grid1_000155.png/png
 burst_profile/burst_profile000155.png/png
 grid1/grid1_000160.png/png
 burst_profile/burst_profile000160.png/png
 grid1/grid1_000165.png/png
 burst_profile/burst_profile000165.png/png
                       super eddington wind: lg_Mdot, L/Ledd         166    -9.71245     1.00791
                       super eddington wind: lg_Mdot, L/Ledd         167    -9.00322     1.04043
                       super eddington wind: lg_Mdot, L/Ledd         168    -8.75780     1.07112
                       super eddington wind: lg_Mdot, L/Ledd         169    -8.62915     1.09550
                       super eddington wind: lg_Mdot, L/Ledd         170    -8.51972     1.12286
 grid1/grid1_000170.png/png
 burst_profile/burst_profile000170.png/png
                       super eddington wind: lg_Mdot, L/Ledd         171    -8.42300     1.15336
                       super eddington wind: lg_Mdot, L/Ledd         172    -8.60130     1.10154
                       super eddington wind: lg_Mdot, L/Ledd         173    -8.45972     1.14055
                       super eddington wind: lg_Mdot, L/Ledd         174    -8.38469     1.16714
                       super eddington wind: lg_Mdot, L/Ledd         175    -8.53047     1.11914
 grid1/grid1_000175.png/png
 burst_profile/burst_profile000175.png/png
                       super eddington wind: lg_Mdot, L/Ledd         176    -8.40191     1.16028
                       super eddington wind: lg_Mdot, L/Ledd         177    -8.32962     1.18921
                       super eddington wind: lg_Mdot, L/Ledd         178    -8.44967     1.14295
                       super eddington wind: lg_Mdot, L/Ledd         179    -8.33733     1.18522
                       super eddington wind: lg_Mdot, L/Ledd         180    -8.27485     1.21356
 grid1/grid1_000180.png/png
 burst_profile/burst_profile000180.png/png
                       super eddington wind: lg_Mdot, L/Ledd         181    -8.39475     1.16184
                       super eddington wind: lg_Mdot, L/Ledd         182    -8.30131     1.20050
                       super eddington wind: lg_Mdot, L/Ledd         183    -8.24742     1.22682
                       super eddington wind: lg_Mdot, L/Ledd         184    -8.36503     1.17268
                       super eddington wind: lg_Mdot, L/Ledd         185    -8.27655     1.21154
 grid1/grid1_000185.png/png
 burst_profile/burst_profile000185.png/png
                       super eddington wind: lg_Mdot, L/Ledd         186    -8.23321     1.23370
                       super eddington wind: lg_Mdot, L/Ledd         187    -8.36243     1.17307
                       super eddington wind: lg_Mdot, L/Ledd         188    -8.28876     1.20485
                       super eddington wind: lg_Mdot, L/Ledd         189    -8.25189     1.22282
                       super eddington wind: lg_Mdot, L/Ledd         190    -8.39211     1.16097
 grid1/grid1_000190.png/png
 burst_profile/burst_profile000190.png/png
                       super eddington wind: lg_Mdot, L/Ledd         191    -8.34021     1.18113
                       super eddington wind: lg_Mdot, L/Ledd         192    -8.32315     1.18833
                       super eddington wind: lg_Mdot, L/Ledd         193    -8.51203     1.12160
       retry log10(dt/yr), log10(dt), retry_factor     1   193       -9.066286       -1.567175        0.500000
                       super eddington wind: lg_Mdot, L/Ledd         193    -8.51203     1.12160
       retry log10(dt/yr), log10(dt), retry_factor     2   193       -9.367316       -1.868205        0.500000
                       super eddington wind: lg_Mdot, L/Ledd         193    -8.51203     1.12160
 have reached retry limit so now backup
                       super eddington wind: lg_Mdot, L/Ledd         192    -8.32315     1.18833
                       super eddington wind: lg_Mdot, L/Ledd         193    -8.70319     1.07833
                       super eddington wind: lg_Mdot, L/Ledd         194    -8.39759     1.15847
                       super eddington wind: lg_Mdot, L/Ledd         195    -8.56887     1.10673
 grid1/grid1_000195.png/png
 burst_profile/burst_profile000195.png/png
                       super eddington wind: lg_Mdot, L/Ledd         196    -8.47381     1.13286
                       super eddington wind: lg_Mdot, L/Ledd         197    -8.38226     1.16406
       retry log10(dt/yr), log10(dt), retry_factor     1   197       -9.537448       -2.038336        0.500000
                       super eddington wind: lg_Mdot, L/Ledd         197    -8.38226     1.16406
                       super eddington wind: lg_Mdot, L/Ledd         198    -8.56799     1.10686
                       super eddington wind: lg_Mdot, L/Ledd         199    -8.44615     1.14151
                       super eddington wind: lg_Mdot, L/Ledd         200    -8.37495     1.16674
        200   8.941971  2.384E+07   3.736588   6.705132   1.400000   1.400000   0.000000   0.000000   0.296041   0.076287   3.151795    655     41
  -9.236418   6.572256  -4.791531   3.026059   4.394529  -8.374954   0.000000   0.000000   0.000000   0.198235   0.044965  24.258814      6      9
 3.1497E-04  23.235199   4.879566   6.704574  15.061064  -0.896973   0.000000   0.000000   0.000000   0.000687  8.787E-01  0.160E-03          hold

 grid1/grid1_000200.png/png
 burst_profile/burst_profile000200.png/png
                       super eddington wind: lg_Mdot, L/Ledd         201    -8.57942     1.10403
                       super eddington wind: lg_Mdot, L/Ledd         202    -8.44482     1.14190
                       super eddington wind: lg_Mdot, L/Ledd         203    -8.61271     1.09629
                       super eddington wind: lg_Mdot, L/Ledd         204    -8.53278     1.11572
                       super eddington wind: lg_Mdot, L/Ledd         205    -8.45209     1.13938
 grid1/grid1_000205.png/png
 burst_profile/burst_profile000205.png/png
                       super eddington wind: lg_Mdot, L/Ledd         206    -8.63417     1.09154
                       super eddington wind: lg_Mdot, L/Ledd         207    -8.47996     1.13045
                       super eddington wind: lg_Mdot, L/Ledd         208    -8.79198     1.06354
                       super eddington wind: lg_Mdot, L/Ledd         209    -8.67095     1.08391
       retry log10(dt/yr), log10(dt), retry_factor     1   209       -8.993830       -1.494718        0.500000
                       super eddington wind: lg_Mdot, L/Ledd         209    -8.67095     1.08391
                       super eddington wind: lg_Mdot, L/Ledd         210    -8.93296     1.04587
 grid1/grid1_000210.png/png
 burst_profile/burst_profile000210.png/png
                       super eddington wind: lg_Mdot, L/Ledd         211    -8.77629     1.06580
                       super eddington wind: lg_Mdot, L/Ledd         212    -8.64788     1.08835
                       super eddington wind: lg_Mdot, L/Ledd         213    -8.97198     1.04189
                       super eddington wind: lg_Mdot, L/Ledd         214    -8.82895     1.05821
                       super eddington wind: lg_Mdot, L/Ledd         215    -9.22509     1.02336
 grid1/grid1_000215.png/png
 burst_profile/burst_profile000215.png/png
                       super eddington wind: lg_Mdot, L/Ledd         216    -9.09261     1.03170
                       super eddington wind: lg_Mdot, L/Ledd         218    -9.45614     1.01371
       retry log10(dt/yr), log10(dt), retry_factor     1   218       -9.237538       -1.738427        0.500000
                       super eddington wind: lg_Mdot, L/Ledd         218    -9.45614     1.01371
       retry log10(dt/yr), log10(dt), retry_factor     1   219       -9.592306       -2.093195        0.500000
                       super eddington wind: lg_Mdot, L/Ledd         220    -9.70290     1.00777
 grid1/grid1_000220.png/png
 burst_profile/burst_profile000220.png/png
                       super eddington wind: lg_Mdot, L/Ledd         222   -10.67785     1.00082
 grid1/grid1_000225.png/png
 burst_profile/burst_profile000225.png/png
       retry log10(dt/yr), log10(dt), retry_factor     1   226       -9.249334       -1.750222        0.500000
       retry log10(dt/yr), log10(dt), retry_factor     1   227       -9.550364       -2.051252        0.500000
 grid1/grid1_000230.png/png
 burst_profile/burst_profile000230.png/png
 grid1/grid1_000235.png/png
 burst_profile/burst_profile000235.png/png
 grid1/grid1_000240.png/png
 burst_profile/burst_profile000240.png/png
 grid1/grid1_000245.png/png
 burst_profile/burst_profile000245.png/png
       retry log10(dt/yr), log10(dt), retry_factor     1   249       -7.579441       -0.080329        0.500000
       retry log10(dt/yr), log10(dt), retry_factor     2   249       -7.880471       -0.381359        0.500000
 have reached retry limit so now backup
 grid1/grid1_000250.png/png
 burst_profile/burst_profile000250.png/png
hydro_newton_step failed to accept
       retry log10(dt/yr), log10(dt), retry_factor     1   253       -8.211410       -0.712299        0.500000
hydro_newton_step failed to accept
       retry log10(dt/yr), log10(dt), retry_factor     2   253       -8.512440       -1.013329        0.500000
 have reached retry limit so now backup
       retry log10(dt/yr), log10(dt), retry_factor     1   254       -8.813470       -1.314359        0.500000
       retry log10(dt/yr), log10(dt), retry_factor     2   254       -9.114500       -1.615389        0.500000
 grid1/grid1_000255.png/png
 burst_profile/burst_profile000255.png/png
 grid1/grid1_000260.png/png
 burst_profile/burst_profile000260.png/png
       retry log10(dt/yr), log10(dt), retry_factor     1   265       -7.742016       -0.242904        0.500000
       retry log10(dt/yr), log10(dt), retry_factor     2   265       -8.043046       -0.543934        0.500000
 have reached retry limit so now backup
 grid1/grid1_000265.png/png
 burst_profile/burst_profile000265.png/png
       retry log10(dt/yr), log10(dt), retry_factor     1   268       -8.437995       -0.938883        0.500000
 grid1/grid1_000270.png/png
 burst_profile/burst_profile000270.png/png
 grid1/grid1_000275.png/png
 burst_profile/burst_profile000275.png/png
 grid1/grid1_000280.png/png
 burst_profile/burst_profile000280.png/png
 grid1/grid1_000285.png/png
 burst_profile/burst_profile000285.png/png
       retry log10(dt/yr), log10(dt), retry_factor     1   289       -7.542266       -0.043155        0.500000
 grid1/grid1_000290.png/png
 burst_profile/burst_profile000290.png/png
       retry log10(dt/yr), log10(dt), retry_factor     1   291       -8.029749       -0.530637        0.500000
       retry log10(dt/yr), log10(dt), retry_factor     2   291       -8.330779       -0.831667        0.500000
 grid1/grid1_000295.png/png
 burst_profile/burst_profile000295.png/png
       retry log10(dt/yr), log10(dt), retry_factor     1   299       -7.964293       -0.465181        0.500000
       retry log10(dt/yr), log10(dt), retry_factor     2   299       -8.265323       -0.766211        0.500000
        300   8.795936  1.092E+07   2.024920   3.545407   1.400000   1.400000   0.000000   0.000000   0.275200   0.020461   4.981365    701     60
  -7.964293   6.609884  -4.792621   1.872731   2.791545  -8.522879   0.000000   0.000000   0.000000   0.020000   0.020580  34.950052      7     12
 3.1794E-04  23.235913   3.521447   3.522484  14.469433  -0.753476   0.000000   0.000000   0.000000   0.000687  9.590E-01 -0.970E-08          hold

 grid1/grid1_000300.png/png
 burst_profile/burst_profile000300.png/png
       retry log10(dt/yr), log10(dt), retry_factor     1   305       -7.663263       -0.164151        0.500000
       retry log10(dt/yr), log10(dt), retry_factor     2   305       -7.964293       -0.465181        0.500000
 grid1/grid1_000305.png/png
 burst_profile/burst_profile000305.png/png
       retry log10(dt/yr), log10(dt), retry_factor     1   310       -7.663263       -0.164151        0.500000
       retry log10(dt/yr), log10(dt), retry_factor     2   310       -7.964293       -0.465181        0.500000
 have reached retry limit so now backup
 grid1/grid1_000310.png/png
 burst_profile/burst_profile000310.png/png
 grid1/grid1_000315.png/png
 burst_profile/burst_profile000315.png/png
       retry log10(dt/yr), log10(dt), retry_factor     1   316       -7.575077       -0.075965        0.500000
       retry log10(dt/yr), log10(dt), retry_factor     1   317       -7.876107       -0.376995        0.500000
       retry log10(dt/yr), log10(dt), retry_factor     2   317       -8.177137       -0.678025        0.500000
 have reached retry limit so now backup
 grid1/grid1_000320.png/png
 burst_profile/burst_profile000320.png/png
       retry log10(dt/yr), log10(dt), retry_factor     1   325       -7.619810       -0.120698        0.500000
       retry log10(dt/yr), log10(dt), retry_factor     2   325       -7.920840       -0.421728        0.500000
 grid1/grid1_000325.png/png
 burst_profile/burst_profile000325.png/png
 grid1/grid1_000330.png/png
 burst_profile/burst_profile000330.png/png
 grid1/grid1_000335.png/png
 burst_profile/burst_profile000335.png/png
 grid1/grid1_000340.png/png
 burst_profile/burst_profile000340.png/png
 grid1/grid1_000345.png/png
 burst_profile/burst_profile000345.png/png
 grid1/grid1_000350.png/png
 burst_profile/burst_profile000350.png/png
 grid1/grid1_000355.png/png
 burst_profile/burst_profile000355.png/png
 grid1/grid1_000360.png/png
 burst_profile/burst_profile000360.png/png
 grid1/grid1_000365.png/png
 burst_profile/burst_profile000365.png/png
hydro_newton_step failed to accept
       retry log10(dt/yr), log10(dt), retry_factor     1   368       -5.533299        1.965812        0.500000
       retry log10(dt/yr), log10(dt), retry_factor     2   368       -5.834329        1.664782        0.500000
 have reached retry limit so now backup
 grid1/grid1_000370.png/png
 burst_profile/burst_profile000370.png/png
       retry log10(dt/yr), log10(dt), retry_factor     1   372       -5.876699        1.622412        0.500000
       retry log10(dt/yr), log10(dt), retry_factor     1   373       -6.177729        1.321382        0.500000
 grid1/grid1_000375.png/png
 burst_profile/burst_profile000375.png/png
       retry log10(dt/yr), log10(dt), retry_factor     1   380       -5.455563        2.043549        0.500000
 grid1/grid1_000380.png/png
 burst_profile/burst_profile000380.png/png
       retry log10(dt/yr), log10(dt), retry_factor     1   385       -5.397080        2.102031        0.500000
 grid1/grid1_000385.png/png
 burst_profile/burst_profile000385.png/png
       retry log10(dt/yr), log10(dt), retry_factor     1   390       -5.396468        2.102644        0.500000
 grid1/grid1_000390.png/png
 burst_profile/burst_profile000390.png/png
       retry log10(dt/yr), log10(dt), retry_factor     1   394       -5.482652        2.016460        0.500000
       retry log10(dt/yr), log10(dt), retry_factor     2   394       -5.783682        1.715430        0.500000
 have reached retry limit so now backup
 grid1/grid1_000395.png/png
 burst_profile/burst_profile000395.png/png
       retry log10(dt/yr), log10(dt), retry_factor     1   396       -6.084712        1.414400        0.500000
       retry log10(dt/yr), log10(dt), retry_factor     2   396       -6.385742        1.113370        0.500000
 have reached retry limit so now backup
 grid1/grid1_000395.png/png
 burst_profile/burst_profile000395.png/png
       retry log10(dt/yr), log10(dt), retry_factor     1   396       -6.686772        0.812340        0.500000
       retry log10(dt/yr), log10(dt), retry_factor     2   396       -6.987802        0.511310        0.500000
 have reached retry limit so now backup
 grid1/grid1_000395.png/png
 burst_profile/burst_profile000395.png/png
       retry log10(dt/yr), log10(dt), retry_factor     1   398       -7.288832        0.210280        0.500000
       retry log10(dt/yr), log10(dt), retry_factor     2   398       -7.589862       -0.090750        0.500000
 have reached retry limit so now backup
        400   8.346310  3.629E+06   1.515702   1.541933   1.400000   1.400000   0.000000   0.000000   0.275200   0.061612  15.892712    741     84
  -7.288832   6.667736  -4.792873  -0.969424   0.687793  -8.522879   0.000000   0.000000   0.000000   0.020000   0.043703 102.886241      6     19
 5.0304E-04  23.267708   1.607038   0.286451  13.574904  -1.117038   0.000000   0.000000   0.000000   0.000687  8.947E-01  0.110E-09          hold

 grid1/grid1_000400.png/png
 burst_profile/burst_profile000400.png/png
       retry log10(dt/yr), log10(dt), retry_factor     1   401       -7.890892       -0.391780        0.500000
 grid1/grid1_000405.png/png
 burst_profile/burst_profile000405.png/png
 grid1/grid1_000410.png/png
 burst_profile/burst_profile000410.png/png
       retry log10(dt/yr), log10(dt), retry_factor     1   415       -5.271448        2.227664        0.500000
 grid1/grid1_000415.png/png
 burst_profile/burst_profile000415.png/png
       retry log10(dt/yr), log10(dt), retry_factor     1   416       -5.659112        1.839999        0.500000
       retry log10(dt/yr), log10(dt), retry_factor     1   417       -6.054240        1.444871        0.500000
 grid1/grid1_000420.png/png
 burst_profile/burst_profile000420.png/png
       retry log10(dt/yr), log10(dt), retry_factor     1   423       -5.720913        1.778199        0.500000
hydro_newton_step failed to accept
       retry log10(dt/yr), log10(dt), retry_factor     1   424       -6.118853        1.380259        0.500000
hydro_newton_step failed to accept
       retry log10(dt/yr), log10(dt), retry_factor     2   424       -6.419883        1.079229        0.500000
       retry log10(dt/yr), log10(dt), retry_factor     1   425       -6.720913        0.778199        0.500000
 grid1/grid1_000425.png/png
 burst_profile/burst_profile000425.png/png
 grid1/grid1_000430.png/png
 burst_profile/burst_profile000430.png/png
       retry log10(dt/yr), log10(dt), retry_factor     1   432       -6.045143        1.453969        0.500000
       retry log10(dt/yr), log10(dt), retry_factor     1   433       -6.346173        1.152939        0.500000
       retry log10(dt/yr), log10(dt), retry_factor     2   433       -6.647203        0.851909        0.500000
 have reached retry limit so now backup
 grid1/grid1_000435.png/png
 burst_profile/burst_profile000435.png/png
       retry log10(dt/yr), log10(dt), retry_factor     1   436       -6.948233        0.550879        0.500000
       retry log10(dt/yr), log10(dt), retry_factor     1   437       -7.249263        0.249849        0.500000
 grid1/grid1_000440.png/png
 burst_profile/burst_profile000440.png/png
        443   8.422703  4.426E+06   1.911087   2.016777   1.400000   1.400000   0.000000   0.000000   0.275200   0.075743  13.407163    741     97
  -6.045143   6.674426  -4.792811   1.137056   1.094844  -8.522879   0.000000   0.000000   0.000000   0.020000   0.053717  86.735026      6     20
 5.8462E-04  23.280987   1.951837   0.941576  13.800486  -0.979619   0.000000   0.000000   0.000000   0.000687  8.705E-01  0.354E-11  max increase

save LOGS/profile3.data for model 443
       retry log10(dt/yr), log10(dt), retry_factor     1   444       -6.346173        1.152939        0.500000
 grid1/grid1_000445.png/png
 burst_profile/burst_profile000445.png/png
       retry log10(dt/yr), log10(dt), retry_factor     1   446       -6.647203        0.851909        0.500000
hydro_newton_step failed to accept
       retry log10(dt/yr), log10(dt), retry_factor     1   447       -6.948233        0.550879        0.500000
hydro_newton_step failed to accept
       retry log10(dt/yr), log10(dt), retry_factor     1   449       -7.249263        0.249849        0.500000
       retry log10(dt/yr), log10(dt), retry_factor     1   450       -7.249263        0.249849        0.500000
 grid1/grid1_000450.png/png
 burst_profile/burst_profile000450.png/png
       retry log10(dt/yr), log10(dt), retry_factor     1   452       -7.550293       -0.051181        0.500000
       retry log10(dt/yr), log10(dt), retry_factor     1   455       -7.851323       -0.352211        0.500000
 grid1/grid1_000455.png/png
 burst_profile/burst_profile000455.png/png
       retry log10(dt/yr), log10(dt), retry_factor     1   456       -8.221750       -0.722639        0.500000
 grid1/grid1_000460.png/png
 burst_profile/burst_profile000460.png/png
       retry log10(dt/yr), log10(dt), retry_factor     1   463       -8.920093       -1.420981        0.500000
 grid1/grid1_000465.png/png
 burst_profile/burst_profile000465.png/png
 grid1/grid1_000470.png/png
 burst_profile/burst_profile000470.png/png
 grid1/grid1_000475.png/png
 burst_profile/burst_profile000475.png/png
 grid1/grid1_000480.png/png
 burst_profile/burst_profile000480.png/png
 grid1/grid1_000485.png/png
 burst_profile/burst_profile000485.png/png
 grid1/grid1_000490.png/png
 burst_profile/burst_profile000490.png/png
 grid1/grid1_000495.png/png
 burst_profile/burst_profile000495.png/png
        500   8.463354  1.772E+07   3.592908   6.813600   1.400000   1.400000   0.000000   0.000000   0.276348   0.070340  12.167726    754    106
  -8.171873   6.673175  -4.791813   3.182868   4.079031  -8.522879   0.000000   0.000000   0.000000   0.022213   0.045099  78.908992      8     20
 5.8800E-04  23.281419   4.363857   6.813237  14.733279  -0.910966   0.000000   0.000000   0.000000   0.000687  8.846E-01  0.582E-09    varcontrol

save LOGS/profile4.data for model 500
save photos/x500 for model 500
 grid1/grid1_000500.png/png
 burst_profile/burst_profile000500.png/png
 grid1/grid1_000505.png/png
 burst_profile/burst_profile000505.png/png
 grid1/grid1_000510.png/png
 burst_profile/burst_profile000510.png/png
 grid1/grid1_000515.png/png
 burst_profile/burst_profile000515.png/png
 grid1/grid1_000520.png/png
 burst_profile/burst_profile000520.png/png
 grid1/grid1_000525.png/png
 burst_profile/burst_profile000525.png/png
 grid1/grid1_000530.png/png
 burst_profile/burst_profile000530.png/png
 grid1/grid1_000535.png/png
 burst_profile/burst_profile000535.png/png
 grid1/grid1_000540.png/png
 burst_profile/burst_profile000540.png/png
       retry log10(dt/yr), log10(dt), retry_factor     1   545       -8.077720       -0.578609        0.500000
 grid1/grid1_000545.png/png
 burst_profile/burst_profile000545.png/png
       retry log10(dt/yr), log10(dt), retry_factor     1   546       -8.378750       -0.879639        0.500000
hydro_newton_step failed to accept
       retry log10(dt/yr), log10(dt), retry_factor     2   546       -8.679780       -1.180669        0.500000
 have reached retry limit so now backup
 grid1/grid1_000545.png/png
 burst_profile/burst_profile000545.png/png
       retry log10(dt/yr), log10(dt), retry_factor     1   547       -8.980810       -1.481699        0.500000
hydro_newton_step failed to accept
       retry log10(dt/yr), log10(dt), retry_factor     2   547       -9.281840       -1.782729        0.500000
 have reached retry limit so now backup
       retry log10(dt/yr), log10(dt), retry_factor     1   550       -9.582870       -2.083759        0.500000
 grid1/grid1_000550.png/png
 burst_profile/burst_profile000550.png/png
 grid1/grid1_000555.png/png
 burst_profile/burst_profile000555.png/png
 grid1/grid1_000560.png/png
 burst_profile/burst_profile000560.png/png
 grid1/grid1_000565.png/png
 burst_profile/burst_profile000565.png/png
hydro_newton_step failed to accept
       retry log10(dt/yr), log10(dt), retry_factor     1   566       -7.765125       -0.266013        0.500000
hydro_newton_step failed to accept
       retry log10(dt/yr), log10(dt), retry_factor     2   566       -8.066155       -0.567043        0.500000
       retry log10(dt/yr), log10(dt), retry_factor     1   568       -8.526209       -1.027098        0.500000
 grid1/grid1_000570.png/png
 burst_profile/burst_profile000570.png/png
hydro_newton_step failed to accept
       retry log10(dt/yr), log10(dt), retry_factor     1   572       -8.526209       -1.027098        0.500000
 grid1/grid1_000575.png/png
 burst_profile/burst_profile000575.png/png
 grid1/grid1_000580.png/png
 burst_profile/burst_profile000580.png/png
       retry log10(dt/yr), log10(dt), retry_factor     1   583       -7.997802       -0.498691        0.500000
       retry log10(dt/yr), log10(dt), retry_factor     2   583       -8.298832       -0.799721        0.500000
 grid1/grid1_000585.png/png
 burst_profile/burst_profile000585.png/png
 grid1/grid1_000590.png/png
 burst_profile/burst_profile000590.png/png
 grid1/grid1_000595.png/png
 burst_profile/burst_profile000595.png/png
        600   8.847847  1.230E+07   2.271071   3.997754   1.400000   1.400000   0.000000   0.000000   0.275200   0.019418   4.491395    866    118
  -7.199093   6.632975  -4.792526   2.082175   2.992542  -8.522879   0.000000   0.000000   0.000000   0.020000   0.020536  31.566998      9     22
 5.9038E-04  23.281872   3.728069   3.984119  14.512800  -0.790103   0.000000   0.000000   0.000000   0.000687  9.600E-01  0.386E-08          dH/H

 grid1/grid1_000600.png/png
 burst_profile/burst_profile000600.png/png
 grid1/grid1_000605.png/png
 burst_profile/burst_profile000605.png/png
 grid1/grid1_000610.png/png
 burst_profile/burst_profile000610.png/png
       retry log10(dt/yr), log10(dt), retry_factor     1   612       -7.651699       -0.152588        0.500000
       retry log10(dt/yr), log10(dt), retry_factor     2   612       -7.952729       -0.453618        0.500000
 grid1/grid1_000615.png/png
 burst_profile/burst_profile000615.png/png
 grid1/grid1_000620.png/png
 burst_profile/burst_profile000620.png/png
 grid1/grid1_000625.png/png
 burst_profile/burst_profile000625.png/png
 grid1/grid1_000630.png/png
 burst_profile/burst_profile000630.png/png
 grid1/grid1_000635.png/png
 burst_profile/burst_profile000635.png/png
 grid1/grid1_000640.png/png
 burst_profile/burst_profile000640.png/png
 grid1/grid1_000645.png/png
 burst_profile/burst_profile000645.png/png
 grid1/grid1_000650.png/png
 burst_profile/burst_profile000650.png/png
 grid1/grid1_000655.png/png
 burst_profile/burst_profile000655.png/png
 grid1/grid1_000660.png/png
 burst_profile/burst_profile000660.png/png
       retry log10(dt/yr), log10(dt), retry_factor     1   662       -5.519890        1.979222        0.500000
       retry log10(dt/yr), log10(dt), retry_factor     2   662       -5.820920        1.678192        0.500000
 have reached retry limit so now backup
 grid1/grid1_000665.png/png
 burst_profile/burst_profile000665.png/png
       retry log10(dt/yr), log10(dt), retry_factor     1   667       -5.663086        1.836025        0.500000
       retry log10(dt/yr), log10(dt), retry_factor     1   668       -5.964116        1.534995        0.500000
 grid1/grid1_000670.png/png
 burst_profile/burst_profile000670.png/png
       retry log10(dt/yr), log10(dt), retry_factor     1   674       -5.362056        2.137055        0.500000
hydro_newton_step failed to accept
       retry log10(dt/yr), log10(dt), retry_factor     2   674       -5.663086        1.836025        0.500000
 have reached retry limit so now backup
       retry log10(dt/yr), log10(dt), retry_factor     1   675       -6.061026        1.438085        0.500000
 grid1/grid1_000675.png/png
 burst_profile/burst_profile000675.png/png
       retry log10(dt/yr), log10(dt), retry_factor     1   676       -6.362056        1.137055        0.500000
 grid1/grid1_000680.png/png
 burst_profile/burst_profile000680.png/png
       retry log10(dt/yr), log10(dt), retry_factor     1   683       -5.601301        1.897811        0.500000
       retry log10(dt/yr), log10(dt), retry_factor     1   684       -5.999241        1.499871        0.500000
       retry log10(dt/yr), log10(dt), retry_factor     1   685       -6.300271        1.198841        0.500000
 grid1/grid1_000685.png/png
 burst_profile/burst_profile000685.png/png
 grid1/grid1_000690.png/png
 burst_profile/burst_profile000690.png/png
       retry log10(dt/yr), log10(dt), retry_factor     1   692       -5.562576        1.936535        0.500000
       retry log10(dt/yr), log10(dt), retry_factor     1   693       -5.960516        1.538595        0.500000
 grid1/grid1_000695.png/png
 burst_profile/burst_profile000695.png/png
        700   8.347254  3.603E+06   1.506321   1.533094   1.400000   1.400000   0.000000   0.000000   0.275200   0.053974  16.419860    906    133
  -5.123663   6.695439  -4.792863  -1.037832   0.680693  -8.522879   0.000000   0.000000   0.000000   0.020000   0.039759 104.869166      6     24
 7.6597E-04  23.309169   1.594425   0.289734  13.566664  -1.121982   0.000000   0.000000   0.000000   0.000687  9.063E-01  0.495E-13          dH/H

 grid1/grid1_000700.png/png
 burst_profile/burst_profile000700.png/png
       retry log10(dt/yr), log10(dt), retry_factor     1   703       -5.330113        2.168999        0.500000
 grid1/grid1_000705.png/png
 burst_profile/burst_profile000705.png/png
       retry log10(dt/yr), log10(dt), retry_factor     1   707       -5.728053        1.771059        0.500000
       retry log10(dt/yr), log10(dt), retry_factor     1   708       -6.029083        1.470029        0.500000
hydro_newton_step failed to accept
       retry log10(dt/yr), log10(dt), retry_factor     2   708       -6.330113        1.168999        0.500000
 grid1/grid1_000710.png/png
 burst_profile/burst_profile000710.png/png
hydro_newton_step failed to accept
       retry log10(dt/yr), log10(dt), retry_factor     1   714       -5.924427        1.574684        0.500000
 grid1/grid1_000715.png/png
 burst_profile/burst_profile000715.png/png
       retry log10(dt/yr), log10(dt), retry_factor     1   717       -5.755277        1.743835        0.500000
       retry log10(dt/yr), log10(dt), retry_factor     1   718       -6.056307        1.442805        0.500000
hydro_newton_step failed to accept
       retry log10(dt/yr), log10(dt), retry_factor     1   719       -6.454247        1.044865        0.500000
 grid1/grid1_000720.png/png
 burst_profile/burst_profile000720.png/png
       retry log10(dt/yr), log10(dt), retry_factor     1   724       -5.852187        1.646924        0.500000
       retry log10(dt/yr), log10(dt), retry_factor     1   725       -6.153217        1.345894        0.500000
 grid1/grid1_000725.png/png
 burst_profile/burst_profile000725.png/png
       retry log10(dt/yr), log10(dt), retry_factor     1   727       -6.551157        0.947954        0.500000
       retry log10(dt/yr), log10(dt), retry_factor     2   727       -6.852187        0.646924        0.500000
 have reached retry limit so now backup
 grid1/grid1_000730.png/png
 burst_profile/burst_profile000730.png/png
       retry log10(dt/yr), log10(dt), retry_factor     1   732       -6.663689        0.835422        0.500000
       retry log10(dt/yr), log10(dt), retry_factor     2   732       -6.964719        0.534392        0.500000
 have reached retry limit so now backup
       retry log10(dt/yr), log10(dt), retry_factor     1   733       -7.276095        0.223016        0.500000
 grid1/grid1_000735.png/png
 burst_profile/burst_profile000735.png/png
       retry log10(dt/yr), log10(dt), retry_factor     1   739       -6.674035        0.825076        0.500000
       retry log10(dt/yr), log10(dt), retry_factor     2   739       -6.975065        0.524046        0.500000
 grid1/grid1_000740.png/png
 burst_profile/burst_profile000740.png/png
       retry log10(dt/yr), log10(dt), retry_factor     1   742       -7.276095        0.223016        0.500000
hydro_newton_step failed to accept
       retry log10(dt/yr), log10(dt), retry_factor     2   742       -7.577125       -0.078014        0.500000
 grid1/grid1_000745.png/png
 burst_profile/burst_profile000745.png/png
       retry log10(dt/yr), log10(dt), retry_factor     1   746       -7.577125       -0.078014        0.500000
       retry log10(dt/yr), log10(dt), retry_factor     2   746       -7.878155       -0.379044        0.500000
       retry log10(dt/yr), log10(dt), retry_factor     1   747       -8.179185       -0.680074        0.500000
 grid1/grid1_000750.png/png
 burst_profile/burst_profile000750.png/png
 grid1/grid1_000755.png/png
 burst_profile/burst_profile000755.png/png
 grid1/grid1_000760.png/png
 burst_profile/burst_profile000760.png/png
 grid1/grid1_000765.png/png
 burst_profile/burst_profile000765.png/png
 grid1/grid1_000770.png/png
 burst_profile/burst_profile000770.png/png
 grid1/grid1_000775.png/png
 burst_profile/burst_profile000775.png/png
 grid1/grid1_000780.png/png
 burst_profile/burst_profile000780.png/png
       retry log10(dt/yr), log10(dt), retry_factor     1   781       -9.294761       -1.795650        0.500000
 grid1/grid1_000785.png/png
 burst_profile/burst_profile000785.png/png
 grid1/grid1_000790.png/png
 burst_profile/burst_profile000790.png/png
 grid1/grid1_000795.png/png
 burst_profile/burst_profile000795.png/png
        800   8.463566  2.029E+07   3.657541   6.824117   1.400000   1.400000   0.000000   0.000000   0.293910   0.060387  12.599704    970    156
  -7.955548   6.701146  -4.791725   3.035433   4.199010  -8.522879   0.000000   0.000000   0.000000   0.181750   0.039000  80.582085      7     26
 8.5963E-04  23.322889   4.599282   6.823750  14.873384  -0.857951   0.000000   0.000000   0.000000   0.000687  9.006E-01  0.114E-07        lgTeff

 grid1/grid1_000800.png/png
 burst_profile/burst_profile000800.png/png
 grid1/grid1_000805.png/png
 burst_profile/burst_profile000805.png/png
 grid1/grid1_000810.png/png
 burst_profile/burst_profile000810.png/png
 grid1/grid1_000815.png/png
 burst_profile/burst_profile000815.png/png
 grid1/grid1_000820.png/png
 burst_profile/burst_profile000820.png/png
 grid1/grid1_000825.png/png
 burst_profile/burst_profile000825.png/png
 grid1/grid1_000830.png/png
 burst_profile/burst_profile000830.png/png
 grid1/grid1_000835.png/png
 burst_profile/burst_profile000835.png/png
 grid1/grid1_000840.png/png
 burst_profile/burst_profile000840.png/png
       retry log10(dt/yr), log10(dt), retry_factor     1   842       -7.806159       -0.307047        0.500000
       retry log10(dt/yr), log10(dt), retry_factor     1   843       -8.204099       -0.704988        0.500000
hydro_newton_step failed to accept
       retry log10(dt/yr), log10(dt), retry_factor     2   843       -8.505129       -1.006018        0.500000
 have reached retry limit so now backup
hydro_newton_step failed to accept
       retry log10(dt/yr), log10(dt), retry_factor     1   845       -8.806159       -1.307047        0.500000
       retry log10(dt/yr), log10(dt), retry_factor     2   845       -9.107189       -1.608077        0.500000
 grid1/grid1_000845.png/png
 burst_profile/burst_profile000845.png/png
       retry log10(dt/yr), log10(dt), retry_factor     1   850       -8.806159       -1.307047        0.500000
       retry log10(dt/yr), log10(dt), retry_factor     2   850       -9.107189       -1.608077        0.500000
 grid1/grid1_000850.png/png
 burst_profile/burst_profile000850.png/png
hydro_newton_step failed to accept
       retry log10(dt/yr), log10(dt), retry_factor     1   855       -8.806159       -1.307047        0.500000
 grid1/grid1_000855.png/png
 burst_profile/burst_profile000855.png/png
hydro_newton_step failed to accept
       retry log10(dt/yr), log10(dt), retry_factor     1   858       -8.204099       -0.704988        0.500000
hydro_newton_step failed to accept
       retry log10(dt/yr), log10(dt), retry_factor     2   858       -8.505129       -1.006018        0.500000
 grid1/grid1_000860.png/png
 burst_profile/burst_profile000860.png/png
hydro_newton_step failed to accept
       retry log10(dt/yr), log10(dt), retry_factor     1   861       -7.903069       -0.403958        0.500000
hydro_newton_step failed to accept
       retry log10(dt/yr), log10(dt), retry_factor     2   861       -8.204099       -0.704988        0.500000
 have reached retry limit so now backup
 grid1/grid1_000860.png/png
 burst_profile/burst_profile000860.png/png
       retry log10(dt/yr), log10(dt), retry_factor     1   862       -8.505129       -1.006018        0.500000
       retry log10(dt/yr), log10(dt), retry_factor     2   862       -8.806159       -1.307047        0.500000
 grid1/grid1_000865.png/png
 burst_profile/burst_profile000865.png/png
 grid1/grid1_000870.png/png
 burst_profile/burst_profile000870.png/png
 grid1/grid1_000875.png/png
 burst_profile/burst_profile000875.png/png
 grid1/grid1_000880.png/png
 burst_profile/burst_profile000880.png/png
 grid1/grid1_000885.png/png
 burst_profile/burst_profile000885.png/png
       retry log10(dt/yr), log10(dt), retry_factor     1   890       -7.907312       -0.408201        0.500000
 grid1/grid1_000890.png/png
 burst_profile/burst_profile000890.png/png
 grid1/grid1_000895.png/png
 burst_profile/burst_profile000895.png/png
        900   8.810591  1.042E+07   1.878174   3.341031   1.400000   1.400000   0.000000   0.000000   0.275200   0.016475   5.214647    937    171
  -7.194806   6.670354  -4.792619   1.840437   2.646543  -8.522879   0.000000   0.000000   0.000000   0.020000   0.018479  35.395626      6     28
 8.6246E-04  23.323408   3.439379   3.311366  14.453329  -0.740615   0.000000   0.000000   0.000000   0.000687  9.650E-01 -0.228E-09          dH/H

 grid1/grid1_000900.png/png
 burst_profile/burst_profile000900.png/png
       retry log10(dt/yr), log10(dt), retry_factor     1   901       -7.731254       -0.232142        0.500000
       retry log10(dt/yr), log10(dt), retry_factor     2   901       -8.032284       -0.533172        0.500000
 grid1/grid1_000905.png/png
 burst_profile/burst_profile000905.png/png
 grid1/grid1_000910.png/png
 burst_profile/burst_profile000910.png/png
 grid1/grid1_000915.png/png
 burst_profile/burst_profile000915.png/png
 grid1/grid1_000920.png/png
 burst_profile/burst_profile000920.png/png

stop because model_number >= max_model_number
      924      924

        924   8.622470  5.956E+06   1.204029   2.064267   1.400000   1.400000   0.000000   0.000000   0.275200   0.016621   8.553612    941    173
  -6.580966   6.693006  -4.792829   0.490353   1.656406  -8.522879   0.000000   0.000000   0.000000   0.020000   0.018122  55.541942      6     28
 8.6584E-04  23.323928   2.467547   1.986142  14.108758  -0.804796   0.000000   0.000000   0.000000   0.000687  9.653E-01  0.466E-11      lgT_cntr

save LOGS/profile5.data for model 924
save photos/x924 for model 924
save abund_profile_r_ti43_ng_ti44_01.data for model 924
 saved to final.mod
termination code: max_model_number
        924   8.622470  5.956E+06   1.204029   2.064267   1.400000   1.400000   0.000000   0.000000   0.275200   0.016621   8.553612    941    173
  -6.580966   6.693006  -4.792829   0.490353   1.656406  -8.522879   0.000000   0.000000   0.000000   0.020000   0.018122  55.541942      6     28
 8.6584E-04  23.323928   2.467547   1.986142  14.108758  -0.804796   0.000000   0.000000   0.000000   0.000687  9.653E-01  0.466E-11    varcontrol

DATE: 2020-09-04
TIME: 03:47:17
