starting from 0
DATE: 2020-09-02
TIME: 17:17:09
                                         version_number       10108
 read /hpc/group/physics/al363/sens/base/inlist_base
 read inlist_cluster
load saved model /hpc/group/physics/al363/sens/base/ns_relax.mod

 change to /hpc/group/physics/al363/sens/base/rp_305.net
             set special rate factor for r_se69_ng_se70         383    1.0000000000000000D-02
             set special rate factor for r_se70_gn_se69         384    1.0000000000000000D-02
             set special rate factor for r_se69_ng_se70         383    1.0000000000000000D-02
             set special rate factor for r_se70_gn_se69         384    1.0000000000000000D-02
 number of species         305
 read /hpc/group/physics/al363/sens/base/history_customACL.list_tau
 read /hpc/group/physics/al363/sens/base/profile_customACL.list_tau
 net name /hpc/group/physics/al363/sens/base/rp_305.net
 v_flag T
                         which_atm_option: grey_and_kap
                                           xmstar/mstar    4.5461189430843640D-12
                                             xmstar (g)    1.2660395722219186D+22
                                           M_center (g)    2.7848799999878681D+33
                                            xmstar/Msun    6.3645665203193175D-12
                                          M_center/Msun    1.3999999999939012D+00
                                          R_center (cm)    1.1200000000000000D+06
                                          R_center/Rsun    1.6092416448748527D-05
                                           core density    4.7322078204273819D+14
                                          L_center/Lsun    4.1647144567650578D+00
 kappa_file_prefix gs98
 kappa_lowT_prefix lowT_fa05_gs98

   eos_file_prefix mesa
                                        OMP_NUM_THREADS           8


__________________________________________________________________________________________________________________________________________________

       step    lg_Tcntr    Teff       lg_LH     lg_Lnuc     Mass       H_rich     H_cntr     N_cntr     Y_surf     X_avg     eta_cntr  zones retry
   lg_dt_yr    lg_Dcntr    lg_R       lg_L3a    lg_Lneu     lg_Mdot    He_core    He_cntr    O_cntr     Z_surf     Y_avg     gam_cntr  iters bckup
     age_yr    lg_Pcntr    lg_L       lg_LZ     lg_Psurf    lg_Dsurf   C_core     C_cntr     Ne_cntr    Si_cntr    Z_avg     v_div_cs     dt_limit
__________________________________________________________________________________________________________________________________________________

save LOGS/profile1.data for model 2
 grid1/grid1_000005.png/png
 burst_profile/burst_profile000005.png/png
          6   8.165156  1.497E+06   0.087590   0.087976   1.400000   1.400000   0.000000   0.000000   0.275200   0.030886  22.514775    791      0
  -5.817651   6.610341  -4.793035 -18.862378  -1.086578  -8.522879   0.000000   0.000000   0.000000   0.020000   0.011710 149.410225      6      0
 4.0040E-06  23.176196   0.068337  -2.962874  12.744977  -1.553972   0.000000   0.000000   0.000000   0.000687  9.574E-01  0.395E-11      lgT_cntr

save LOGS/profile2.data for model 6
 grid1/grid1_000010.png/png
 burst_profile/burst_profile000010.png/png
 grid1/grid1_000015.png/png
 burst_profile/burst_profile000015.png/png
 grid1/grid1_000020.png/png
 burst_profile/burst_profile000020.png/png
 grid1/grid1_000025.png/png
 burst_profile/burst_profile000025.png/png
       retry log10(dt/yr), log10(dt), retry_factor     1    30       -5.532111        1.967001        0.500000
 grid1/grid1_000030.png/png
 burst_profile/burst_profile000030.png/png
       retry log10(dt/yr), log10(dt), retry_factor     1    35       -5.231081        2.268031        0.500000
 grid1/grid1_000035.png/png
 burst_profile/burst_profile000035.png/png
       retry log10(dt/yr), log10(dt), retry_factor     1    36       -5.532111        1.967001        0.500000
       retry log10(dt/yr), log10(dt), retry_factor     1    40       -5.532111        1.967001        0.500000
 grid1/grid1_000040.png/png
 burst_profile/burst_profile000040.png/png
       retry log10(dt/yr), log10(dt), retry_factor     1    45       -5.231081        2.268031        0.500000
 grid1/grid1_000045.png/png
 burst_profile/burst_profile000045.png/png
       retry log10(dt/yr), log10(dt), retry_factor     1    49       -5.231081        2.268031        0.500000
 grid1/grid1_000050.png/png
 burst_profile/burst_profile000050.png/png
       retry log10(dt/yr), log10(dt), retry_factor     1    53       -5.231081        2.268031        0.500000
 grid1/grid1_000055.png/png
 burst_profile/burst_profile000055.png/png
       retry log10(dt/yr), log10(dt), retry_factor     1    56       -5.532111        1.967001        0.500000
       retry log10(dt/yr), log10(dt), retry_factor     2    56       -5.833141        1.665971        0.500000
 have reached retry limit so now backup
 grid1/grid1_000055.png/png
 burst_profile/burst_profile000055.png/png
       retry log10(dt/yr), log10(dt), retry_factor     1    58       -6.134171        1.364941        0.500000
       retry log10(dt/yr), log10(dt), retry_factor     2    58       -6.435201        1.063911        0.500000
 have reached retry limit so now backup
       retry log10(dt/yr), log10(dt), retry_factor     1    58       -6.736231        0.762881        0.500000
       retry log10(dt/yr), log10(dt), retry_factor     2    58       -7.037261        0.461851        0.500000
 have reached retry limit so now backup
       retry log10(dt/yr), log10(dt), retry_factor     1    60       -7.338291        0.160821        0.500000
       retry log10(dt/yr), log10(dt), retry_factor     2    60       -7.639321       -0.140209        0.500000
 have reached retry limit so now backup
 grid1/grid1_000060.png/png
 burst_profile/burst_profile000060.png/png
       retry log10(dt/yr), log10(dt), retry_factor     1    62       -7.940351       -0.441239        0.500000
       retry log10(dt/yr), log10(dt), retry_factor     2    62       -8.241381       -0.742269        0.500000
 grid1/grid1_000065.png/png
 burst_profile/burst_profile000065.png/png
 grid1/grid1_000070.png/png
 burst_profile/burst_profile000070.png/png
 grid1/grid1_000075.png/png
 burst_profile/burst_profile000075.png/png
       retry log10(dt/yr), log10(dt), retry_factor     1    76       -5.231081        2.268031        0.500000
       retry log10(dt/yr), log10(dt), retry_factor     2    76       -5.532111        1.967001        0.500000
       retry log10(dt/yr), log10(dt), retry_factor     1    77       -5.833141        1.665971        0.500000
       retry log10(dt/yr), log10(dt), retry_factor     2    77       -6.134171        1.364941        0.500000
 have reached retry limit so now backup
       retry log10(dt/yr), log10(dt), retry_factor     1    80       -6.435201        1.063911        0.500000
       retry log10(dt/yr), log10(dt), retry_factor     2    80       -6.736231        0.762881        0.500000
 have reached retry limit so now backup
 grid1/grid1_000080.png/png
 burst_profile/burst_profile000080.png/png
       retry log10(dt/yr), log10(dt), retry_factor     1    81       -7.037261        0.461851        0.500000
       retry log10(dt/yr), log10(dt), retry_factor     2    81       -7.338291        0.160821        0.500000
 have reached retry limit so now backup
 grid1/grid1_000080.png/png
 burst_profile/burst_profile000080.png/png
       retry log10(dt/yr), log10(dt), retry_factor     1    84       -7.639321       -0.140209        0.500000
       retry log10(dt/yr), log10(dt), retry_factor     2    84       -7.940351       -0.441239        0.500000
 have reached retry limit so now backup
       retry log10(dt/yr), log10(dt), retry_factor     1    84       -8.241381       -0.742269        0.500000
 grid1/grid1_000085.png/png
 burst_profile/burst_profile000085.png/png
 grid1/grid1_000090.png/png
 burst_profile/burst_profile000090.png/png
 grid1/grid1_000095.png/png
 burst_profile/burst_profile000095.png/png
       retry log10(dt/yr), log10(dt), retry_factor     1    97       -5.708197        1.790914        0.500000
       retry log10(dt/yr), log10(dt), retry_factor     1    98       -6.029742        1.469369        0.500000
       retry log10(dt/yr), log10(dt), retry_factor     1    99       -6.330772        1.168339        0.500000
        100   8.444841  4.670E+06   2.033172   2.166622   1.400000   1.400000   0.000000   0.000000   0.275200   0.100536  12.226478    752     31
  -6.029742   6.642744  -4.792800   1.206170   1.283423  -8.522879   0.000000   0.000000   0.000000   0.020000   0.058448  80.444496      6      8
 3.1300E-04  23.235090   2.045017   1.357015  13.860470  -0.943582   0.000000   0.000000   0.000000   0.000687  8.410E-01  0.987E-12          hold

 grid1/grid1_000100.png/png
 burst_profile/burst_profile000100.png/png
       retry log10(dt/yr), log10(dt), retry_factor     1   101       -6.631802        0.867309        0.500000
       retry log10(dt/yr), log10(dt), retry_factor     1   103       -6.932832        0.566279        0.500000
hydro_newton_step failed to accept
       retry log10(dt/yr), log10(dt), retry_factor     1   104       -7.233862        0.265249        0.500000
 grid1/grid1_000105.png/png
 burst_profile/burst_profile000105.png/png
       retry log10(dt/yr), log10(dt), retry_factor     1   106       -7.534892       -0.035780        0.500000
       retry log10(dt/yr), log10(dt), retry_factor     1   110       -7.649240       -0.150129        0.500000
       retry log10(dt/yr), log10(dt), retry_factor     2   110       -7.950270       -0.451159        0.500000
 grid1/grid1_000110.png/png
 burst_profile/burst_profile000110.png/png
       retry log10(dt/yr), log10(dt), retry_factor     1   112       -8.333830       -0.834718        0.500000
 grid1/grid1_000115.png/png
 burst_profile/burst_profile000115.png/png
 grid1/grid1_000120.png/png
 burst_profile/burst_profile000120.png/png
 grid1/grid1_000125.png/png
 burst_profile/burst_profile000125.png/png
 grid1/grid1_000130.png/png
 burst_profile/burst_profile000130.png/png
 grid1/grid1_000135.png/png
 burst_profile/burst_profile000135.png/png
 grid1/grid1_000140.png/png
 burst_profile/burst_profile000140.png/png
 grid1/grid1_000145.png/png
 burst_profile/burst_profile000145.png/png
 grid1/grid1_000150.png/png
 burst_profile/burst_profile000150.png/png
 grid1/grid1_000155.png/png
 burst_profile/burst_profile000155.png/png
 grid1/grid1_000160.png/png
 burst_profile/burst_profile000160.png/png
 grid1/grid1_000165.png/png
 burst_profile/burst_profile000165.png/png
                       super eddington wind: lg_Mdot, L/Ledd         166    -9.75243     1.00721
                       super eddington wind: lg_Mdot, L/Ledd         167    -9.00263     1.04051
                       super eddington wind: lg_Mdot, L/Ledd         168    -8.75828     1.07107
                       super eddington wind: lg_Mdot, L/Ledd         169    -8.63170     1.09492
                       super eddington wind: lg_Mdot, L/Ledd         170    -8.52134     1.12237
 grid1/grid1_000170.png/png
 burst_profile/burst_profile000170.png/png
                       super eddington wind: lg_Mdot, L/Ledd         171    -8.42383     1.15301
                       super eddington wind: lg_Mdot, L/Ledd         172    -8.60239     1.10126
                       super eddington wind: lg_Mdot, L/Ledd         173    -8.46066     1.14021
                       super eddington wind: lg_Mdot, L/Ledd         174    -8.38540     1.16683
                       super eddington wind: lg_Mdot, L/Ledd         175    -8.53037     1.11914
 grid1/grid1_000175.png/png
 burst_profile/burst_profile000175.png/png
                       super eddington wind: lg_Mdot, L/Ledd         176    -8.40165     1.16035
                       super eddington wind: lg_Mdot, L/Ledd         177    -8.32954     1.18921
                       super eddington wind: lg_Mdot, L/Ledd         178    -8.44600     1.14434
                       super eddington wind: lg_Mdot, L/Ledd         179    -8.33808     1.18491
                       super eddington wind: lg_Mdot, L/Ledd         180    -8.27472     1.21365
 grid1/grid1_000180.png/png
 burst_profile/burst_profile000180.png/png
                       super eddington wind: lg_Mdot, L/Ledd         181    -8.39342     1.16237
                       super eddington wind: lg_Mdot, L/Ledd         182    -8.29671     1.20269
                       super eddington wind: lg_Mdot, L/Ledd         183    -8.24896     1.22614
                       super eddington wind: lg_Mdot, L/Ledd         184    -8.36508     1.17272
                       super eddington wind: lg_Mdot, L/Ledd         185    -8.27683     1.21149
 grid1/grid1_000185.png/png
 burst_profile/burst_profile000185.png/png
                       super eddington wind: lg_Mdot, L/Ledd         186    -8.24067     1.22970
                       super eddington wind: lg_Mdot, L/Ledd         187    -8.35545     1.17593
                       super eddington wind: lg_Mdot, L/Ledd         188    -8.28337     1.20742
                       super eddington wind: lg_Mdot, L/Ledd         189    -8.25301     1.22224
                       super eddington wind: lg_Mdot, L/Ledd         190    -8.39355     1.16042
 grid1/grid1_000190.png/png
 burst_profile/burst_profile000190.png/png
                       super eddington wind: lg_Mdot, L/Ledd         191    -8.33608     1.18288
                       super eddington wind: lg_Mdot, L/Ledd         192    -8.32323     1.18817
                       super eddington wind: lg_Mdot, L/Ledd         193    -8.50888     1.12256
       retry log10(dt/yr), log10(dt), retry_factor     1   193       -9.065077       -1.565965        0.500000
                       super eddington wind: lg_Mdot, L/Ledd         193    -8.50888     1.12256
       retry log10(dt/yr), log10(dt), retry_factor     2   193       -9.366107       -1.866995        0.500000
                       super eddington wind: lg_Mdot, L/Ledd         193    -8.50888     1.12256
 have reached retry limit so now backup
                       super eddington wind: lg_Mdot, L/Ledd         192    -8.32323     1.18817
                       super eddington wind: lg_Mdot, L/Ledd         193    -8.69683     1.07954
                       super eddington wind: lg_Mdot, L/Ledd         194    -8.39728     1.15856
                       super eddington wind: lg_Mdot, L/Ledd         195    -8.56156     1.10859
 grid1/grid1_000195.png/png
 burst_profile/burst_profile000195.png/png
                       super eddington wind: lg_Mdot, L/Ledd         196    -8.46780     1.13470
                       super eddington wind: lg_Mdot, L/Ledd         197    -8.38079     1.16463
                       super eddington wind: lg_Mdot, L/Ledd         198    -8.55899     1.10917
                       super eddington wind: lg_Mdot, L/Ledd         199    -8.46527     1.13531
                       super eddington wind: lg_Mdot, L/Ledd         200    -8.37823     1.16552
        200   8.945226  2.381E+07   3.760251   6.698948   1.400000   1.400000   0.000000   0.000000   0.295795   0.076047   3.115792    672     40
  -8.835900   6.571148  -4.791535   3.025259   4.390295  -8.378233   0.000000   0.000000   0.000000   0.199578   0.044895  24.057209      6      9
 3.1497E-04  23.235202   4.877307   6.698355  15.059524  -0.895587   0.000000   0.000000   0.000000   0.000687  8.791E-01  0.826E-04    varcontrol

 grid1/grid1_000200.png/png
 burst_profile/burst_profile000200.png/png
                       super eddington wind: lg_Mdot, L/Ledd         201    -8.60467     1.09814
       retry log10(dt/yr), log10(dt), retry_factor     1   201       -9.284006       -1.784895        0.500000
                       super eddington wind: lg_Mdot, L/Ledd         201    -8.60467     1.09814
       retry log10(dt/yr), log10(dt), retry_factor     2   201       -9.585036       -2.085925        0.500000
                       super eddington wind: lg_Mdot, L/Ledd         201    -8.60467     1.09814
 have reached retry limit so now backup
                       super eddington wind: lg_Mdot, L/Ledd         200    -8.37823     1.16552
        200   8.943916  2.365E+07   3.733484   6.701379   1.400000   1.400000   0.000000   0.000000   0.295897   0.076145   3.130267    672     42
  -9.284006   6.571597  -4.791525   3.025629   4.392059  -8.378232   0.000000   0.000000   0.000000   0.199026   0.044924  24.138195      6     10
 3.1497E-04  23.235203   4.866025   6.700820  15.051372  -0.893742   0.000000   0.000000   0.000000   0.000687  8.789E-01  0.186E-03        backup

 grid1/grid1_000200.png/png
 burst_profile/burst_profile000200.png/png
                       super eddington wind: lg_Mdot, L/Ledd         201    -8.75307     1.06972
                       super eddington wind: lg_Mdot, L/Ledd         202    -8.44157     1.14279
                       super eddington wind: lg_Mdot, L/Ledd         203    -8.63035     1.09248
                       super eddington wind: lg_Mdot, L/Ledd         204    -8.51925     1.11949
                       super eddington wind: lg_Mdot, L/Ledd         205    -8.40534     1.15524
 grid1/grid1_000205.png/png
 burst_profile/burst_profile000205.png/png
                       super eddington wind: lg_Mdot, L/Ledd         206    -8.59601     1.09996
                       super eddington wind: lg_Mdot, L/Ledd         207    -8.48746     1.12834
                       super eddington wind: lg_Mdot, L/Ledd         208    -8.68186     1.08200
                       super eddington wind: lg_Mdot, L/Ledd         209    -8.57630     1.10460
                       super eddington wind: lg_Mdot, L/Ledd         210    -8.50478     1.12329
 grid1/grid1_000210.png/png
 burst_profile/burst_profile000210.png/png
                       super eddington wind: lg_Mdot, L/Ledd         211    -8.71944     1.07510
                       super eddington wind: lg_Mdot, L/Ledd         212    -8.61398     1.09566
                       super eddington wind: lg_Mdot, L/Ledd         213    -8.73604     1.07215
                       super eddington wind: lg_Mdot, L/Ledd         214    -8.84888     1.05561
                       super eddington wind: lg_Mdot, L/Ledd         215    -9.49091     1.01267
 grid1/grid1_000215.png/png
 burst_profile/burst_profile000215.png/png
                       super eddington wind: lg_Mdot, L/Ledd         216    -9.12726     1.02926
       retry log10(dt/yr), log10(dt), retry_factor     1   216       -9.102188       -1.603076        0.500000
                       super eddington wind: lg_Mdot, L/Ledd         216    -9.12726     1.02926
       retry log10(dt/yr), log10(dt), retry_factor     2   216       -9.403218       -1.904106        0.500000
                       super eddington wind: lg_Mdot, L/Ledd         216    -9.12726     1.02926
                       super eddington wind: lg_Mdot, L/Ledd         218    -9.36947     1.01674
                       super eddington wind: lg_Mdot, L/Ledd         220    -9.65318     1.00871
 grid1/grid1_000220.png/png
 burst_profile/burst_profile000220.png/png
       retry log10(dt/yr), log10(dt), retry_factor     1   221       -9.102188       -1.603076        0.500000
 grid1/grid1_000225.png/png
 burst_profile/burst_profile000225.png/png
 grid1/grid1_000230.png/png
 burst_profile/burst_profile000230.png/png
 grid1/grid1_000235.png/png
 burst_profile/burst_profile000235.png/png
 grid1/grid1_000240.png/png
 burst_profile/burst_profile000240.png/png
       retry log10(dt/yr), log10(dt), retry_factor     1   243       -7.568565       -0.069453        0.500000
       retry log10(dt/yr), log10(dt), retry_factor     2   243       -7.869595       -0.370483        0.500000
 have reached retry limit so now backup
 grid1/grid1_000245.png/png
 burst_profile/burst_profile000245.png/png
       retry log10(dt/yr), log10(dt), retry_factor     1   250       -7.932452       -0.433340        0.500000
       retry log10(dt/yr), log10(dt), retry_factor     2   250       -8.233482       -0.734370        0.500000
 have reached retry limit so now backup
 grid1/grid1_000250.png/png
 burst_profile/burst_profile000250.png/png
hydro_newton_step failed to accept
       retry log10(dt/yr), log10(dt), retry_factor     1   253       -8.620238       -1.121126        0.500000
       retry log10(dt/yr), log10(dt), retry_factor     2   253       -8.921268       -1.422156        0.500000
       retry log10(dt/yr), log10(dt), retry_factor     1   254       -9.222298       -1.723186        0.500000
 grid1/grid1_000255.png/png
 burst_profile/burst_profile000255.png/png
 grid1/grid1_000260.png/png
 burst_profile/burst_profile000260.png/png
hydro_newton_step failed to accept
       retry log10(dt/yr), log10(dt), retry_factor     1   261       -8.319208       -0.820096        0.500000
       retry log10(dt/yr), log10(dt), retry_factor     2   261       -8.620238       -1.121126        0.500000
 have reached retry limit so now backup
 grid1/grid1_000260.png/png
 burst_profile/burst_profile000260.png/png
 grid1/grid1_000265.png/png
 burst_profile/burst_profile000265.png/png
       retry log10(dt/yr), log10(dt), retry_factor     1   266       -8.319208       -0.820096        0.500000
hydro_newton_step failed to accept
       retry log10(dt/yr), log10(dt), retry_factor     2   266       -8.620238       -1.121126        0.500000
 grid1/grid1_000270.png/png
 burst_profile/burst_profile000270.png/png
       retry log10(dt/yr), log10(dt), retry_factor     1   275       -7.817788       -0.318677        0.500000
       retry log10(dt/yr), log10(dt), retry_factor     2   275       -8.118818       -0.619707        0.500000
 have reached retry limit so now backup
 grid1/grid1_000275.png/png
 burst_profile/burst_profile000275.png/png
       retry log10(dt/yr), log10(dt), retry_factor     1   278       -8.509474       -1.010363        0.500000
 grid1/grid1_000280.png/png
 burst_profile/burst_profile000280.png/png
 grid1/grid1_000285.png/png
 burst_profile/burst_profile000285.png/png
 grid1/grid1_000290.png/png
 burst_profile/burst_profile000290.png/png
 grid1/grid1_000295.png/png
 burst_profile/burst_profile000295.png/png
        300   8.835548  1.235E+07   2.263675   4.059726   1.400000   1.400000   0.000000   0.000000   0.275200   0.022089   4.439452    697     59
  -6.857206   6.601870  -4.792537   2.059783   3.034868  -8.522879   0.000000   0.000000   0.000000   0.020000   0.021325  31.707673      7     14
 3.1745E-04  23.235815   3.734966   4.048288  14.514440  -0.791350   0.000000   0.000000   0.000000   0.000687  9.566E-01  0.300E-11  max increase

 grid1/grid1_000300.png/png
 burst_profile/burst_profile000300.png/png
       retry log10(dt/yr), log10(dt), retry_factor     1   303       -7.647629       -0.148517        0.500000
       retry log10(dt/yr), log10(dt), retry_factor     2   303       -7.948659       -0.449547        0.500000
 grid1/grid1_000305.png/png
 burst_profile/burst_profile000305.png/png
       retry log10(dt/yr), log10(dt), retry_factor     1   310       -7.969618       -0.470506        0.500000
       retry log10(dt/yr), log10(dt), retry_factor     2   310       -8.270648       -0.771536        0.500000
 grid1/grid1_000310.png/png
 burst_profile/burst_profile000310.png/png
 grid1/grid1_000315.png/png
 burst_profile/burst_profile000315.png/png
       retry log10(dt/yr), log10(dt), retry_factor     1   316       -7.668588       -0.169476        0.500000
       retry log10(dt/yr), log10(dt), retry_factor     2   316       -7.969618       -0.470506        0.500000
 grid1/grid1_000320.png/png
 burst_profile/burst_profile000320.png/png
       retry log10(dt/yr), log10(dt), retry_factor     1   321       -7.668588       -0.169476        0.500000
       retry log10(dt/yr), log10(dt), retry_factor     2   321       -7.969618       -0.470506        0.500000
 grid1/grid1_000325.png/png
 burst_profile/burst_profile000325.png/png
       retry log10(dt/yr), log10(dt), retry_factor     1   327       -7.577887       -0.078776        0.500000
       retry log10(dt/yr), log10(dt), retry_factor     2   327       -7.878917       -0.379806        0.500000
       retry log10(dt/yr), log10(dt), retry_factor     1   328       -8.179947       -0.680836        0.500000
       retry log10(dt/yr), log10(dt), retry_factor     2   328       -8.480977       -0.981866        0.500000
 grid1/grid1_000330.png/png
 burst_profile/burst_profile000330.png/png
 grid1/grid1_000335.png/png
 burst_profile/burst_profile000335.png/png
 grid1/grid1_000340.png/png
 burst_profile/burst_profile000340.png/png
 grid1/grid1_000345.png/png
 burst_profile/burst_profile000345.png/png
 grid1/grid1_000350.png/png
 burst_profile/burst_profile000350.png/png
 grid1/grid1_000355.png/png
 burst_profile/burst_profile000355.png/png
 grid1/grid1_000360.png/png
 burst_profile/burst_profile000360.png/png
 grid1/grid1_000365.png/png
 burst_profile/burst_profile000365.png/png
 grid1/grid1_000370.png/png
 burst_profile/burst_profile000370.png/png
 grid1/grid1_000375.png/png
 burst_profile/burst_profile000375.png/png
       retry log10(dt/yr), log10(dt), retry_factor     1   378       -5.083538        2.415573        0.500000
       retry log10(dt/yr), log10(dt), retry_factor     2   378       -5.384568        2.114543        0.500000
 have reached retry limit so now backup
 grid1/grid1_000380.png/png
 burst_profile/burst_profile000380.png/png
       retry log10(dt/yr), log10(dt), retry_factor     1   382       -5.472870        2.026241        0.500000
 grid1/grid1_000385.png/png
 burst_profile/burst_profile000385.png/png
       retry log10(dt/yr), log10(dt), retry_factor     1   387       -5.542005        1.957106        0.500000
       retry log10(dt/yr), log10(dt), retry_factor     2   387       -5.843035        1.656076        0.500000
 grid1/grid1_000390.png/png
 burst_profile/burst_profile000390.png/png
       retry log10(dt/yr), log10(dt), retry_factor     1   393       -5.474155        2.024956        0.500000
 grid1/grid1_000395.png/png
 burst_profile/burst_profile000395.png/png
       retry log10(dt/yr), log10(dt), retry_factor     1   397       -5.552784        1.946327        0.500000
       retry log10(dt/yr), log10(dt), retry_factor     1   398       -5.945001        1.554111        0.500000
       retry log10(dt/yr), log10(dt), retry_factor     1   400       -6.319083        1.180029        0.500000
       retry log10(dt/yr), log10(dt), retry_factor     2   400       -6.620113        0.878999        0.500000
 have reached retry limit so now backup
        400   8.346514  3.629E+06   1.515465   1.542158   1.400000   1.400000   0.000000   0.000000   0.275200   0.061571  15.884468    745     81
  -6.319083   6.667701  -4.792873  -0.963455   0.689382  -8.522879   0.000000   0.000000   0.000000   0.020000   0.043682 102.835273      6     16
 5.0276E-04  23.267662   1.607057   0.294122  13.574916  -1.117031   0.000000   0.000000   0.000000   0.000687  8.947E-01  0.941E-11          hold

 grid1/grid1_000400.png/png
 burst_profile/burst_profile000400.png/png
       retry log10(dt/yr), log10(dt), retry_factor     1   402       -6.921143        0.577969        0.500000
       retry log10(dt/yr), log10(dt), retry_factor     2   402       -7.222173        0.276939        0.500000
 have reached retry limit so now backup
       retry log10(dt/yr), log10(dt), retry_factor     1   404       -7.523203       -0.024091        0.500000
       retry log10(dt/yr), log10(dt), retry_factor     2   404       -7.824233       -0.325121        0.500000
 grid1/grid1_000405.png/png
 burst_profile/burst_profile000405.png/png
 grid1/grid1_000410.png/png
 burst_profile/burst_profile000410.png/png
 grid1/grid1_000415.png/png
 burst_profile/burst_profile000415.png/png
       retry log10(dt/yr), log10(dt), retry_factor     1   416       -5.415993        2.083119        0.500000
       retry log10(dt/yr), log10(dt), retry_factor     1   418       -5.717023        1.782089        0.500000
       retry log10(dt/yr), log10(dt), retry_factor     2   418       -6.018053        1.481059        0.500000
 have reached retry limit so now backup
 grid1/grid1_000420.png/png
 burst_profile/burst_profile000420.png/png
       retry log10(dt/yr), log10(dt), retry_factor     1   424       -5.575550        1.923562        0.500000
hydro_newton_step failed to accept
       retry log10(dt/yr), log10(dt), retry_factor     1   425       -5.973490        1.525622        0.500000
 grid1/grid1_000425.png/png
 burst_profile/burst_profile000425.png/png
       retry log10(dt/yr), log10(dt), retry_factor     1   429       -5.672460        1.826652        0.500000
 grid1/grid1_000430.png/png
 burst_profile/burst_profile000430.png/png
       retry log10(dt/yr), log10(dt), retry_factor     1   431       -6.070400        1.428712        0.500000
hydro_newton_step failed to accept
       retry log10(dt/yr), log10(dt), retry_factor     2   431       -6.371430        1.127682        0.500000
       retry log10(dt/yr), log10(dt), retry_factor     1   433       -6.684967        0.814145        0.500000
hydro_newton_step failed to accept
       retry log10(dt/yr), log10(dt), retry_factor     2   433       -6.985997        0.513115        0.500000
 have reached retry limit so now backup
 grid1/grid1_000435.png/png
 burst_profile/burst_profile000435.png/png
       retry log10(dt/yr), log10(dt), retry_factor     1   437       -6.985997        0.513115        0.500000
 grid1/grid1_000440.png/png
 burst_profile/burst_profile000440.png/png
       retry log10(dt/yr), log10(dt), retry_factor     1   445       -5.919403        1.579708        0.500000
 grid1/grid1_000445.png/png
 burst_profile/burst_profile000445.png/png
       retry log10(dt/yr), log10(dt), retry_factor     1   446       -6.223146        1.275966        0.500000
        446   8.425921  4.477E+06   1.947958   2.068568   1.400000   1.400000   0.000000   0.000000   0.275200   0.075709  13.303934    760     98
  -5.922116   6.674277  -4.792808   1.224460   1.137260  -8.522879   0.000000   0.000000   0.000000   0.020000   0.053557  86.084874      6     19
 5.8427E-04  23.280932   1.971734   1.065532  13.813339  -0.971869   0.000000   0.000000   0.000000   0.000687  8.707E-01  0.565E-12         retry

save LOGS/profile3.data for model 446
       retry log10(dt/yr), log10(dt), retry_factor     1   447       -6.524176        0.974936        0.500000
hydro_newton_step failed to accept
       retry log10(dt/yr), log10(dt), retry_factor     1   449       -6.825206        0.673906        0.500000
       retry log10(dt/yr), log10(dt), retry_factor     2   449       -7.126236        0.372876        0.500000
 grid1/grid1_000450.png/png
 burst_profile/burst_profile000450.png/png
       retry log10(dt/yr), log10(dt), retry_factor     1   454       -6.825206        0.673906        0.500000
hydro_newton_step failed to accept
       retry log10(dt/yr), log10(dt), retry_factor     2   454       -7.126236        0.372876        0.500000
 grid1/grid1_000455.png/png
 burst_profile/burst_profile000455.png/png
       retry log10(dt/yr), log10(dt), retry_factor     1   457       -7.427266        0.071846        0.500000
       retry log10(dt/yr), log10(dt), retry_factor     1   458       -7.728296       -0.229184        0.500000
       retry log10(dt/yr), log10(dt), retry_factor     1   460       -8.029326       -0.530214        0.500000
 grid1/grid1_000460.png/png
 burst_profile/burst_profile000460.png/png
 grid1/grid1_000465.png/png
 burst_profile/burst_profile000465.png/png
       retry log10(dt/yr), log10(dt), retry_factor     1   468       -8.812069       -1.312958        0.500000
 grid1/grid1_000470.png/png
 burst_profile/burst_profile000470.png/png
 grid1/grid1_000475.png/png
 burst_profile/burst_profile000475.png/png
 grid1/grid1_000480.png/png
 burst_profile/burst_profile000480.png/png
 grid1/grid1_000485.png/png
 burst_profile/burst_profile000485.png/png
 grid1/grid1_000490.png/png
 burst_profile/burst_profile000490.png/png
 grid1/grid1_000495.png/png
 burst_profile/burst_profile000495.png/png
        500   8.463874  1.536E+07   3.559178   6.589320   1.400000   1.400000   0.000000   0.000000   0.275200   0.071446  12.151279    758    107
  -8.521139   6.673073  -4.792025   3.267712   4.171587  -8.522879   0.000000   0.000000   0.000000   0.020000   0.046679  78.808374      7     19
 5.8713E-04  23.281300   4.114894   6.588707  14.627035  -0.862417   0.000000   0.000000   0.000000   0.000687  8.819E-01 -0.242E-08    varcontrol

save LOGS/profile4.data for model 500
save photos/x500 for model 500
 grid1/grid1_000500.png/png
 burst_profile/burst_profile000500.png/png
 grid1/grid1_000505.png/png
 burst_profile/burst_profile000505.png/png
 grid1/grid1_000510.png/png
 burst_profile/burst_profile000510.png/png
 grid1/grid1_000515.png/png
 burst_profile/burst_profile000515.png/png
 grid1/grid1_000520.png/png
 burst_profile/burst_profile000520.png/png
 grid1/grid1_000525.png/png
 burst_profile/burst_profile000525.png/png
 grid1/grid1_000530.png/png
 burst_profile/burst_profile000530.png/png
 grid1/grid1_000535.png/png
 burst_profile/burst_profile000535.png/png
 grid1/grid1_000540.png/png
 burst_profile/burst_profile000540.png/png
 grid1/grid1_000545.png/png
 burst_profile/burst_profile000545.png/png
       retry log10(dt/yr), log10(dt), retry_factor     1   548       -8.075443       -0.576332        0.500000
       retry log10(dt/yr), log10(dt), retry_factor     2   548       -8.376473       -0.877362        0.500000
 grid1/grid1_000550.png/png
 burst_profile/burst_profile000550.png/png
 grid1/grid1_000555.png/png
 burst_profile/burst_profile000555.png/png
 grid1/grid1_000560.png/png
 burst_profile/burst_profile000560.png/png
       retry log10(dt/yr), log10(dt), retry_factor     1   561       -7.809811       -0.310700        0.500000
       retry log10(dt/yr), log10(dt), retry_factor     1   562       -8.207751       -0.708640        0.500000
hydro_newton_step failed to accept
       retry log10(dt/yr), log10(dt), retry_factor     2   562       -8.508781       -1.009670        0.500000
 have reached retry limit so now backup
       retry log10(dt/yr), log10(dt), retry_factor     1   565       -8.809811       -1.310700        0.500000
       retry log10(dt/yr), log10(dt), retry_factor     2   565       -9.110841       -1.611730        0.500000
 grid1/grid1_000565.png/png
 burst_profile/burst_profile000565.png/png
 grid1/grid1_000570.png/png
 burst_profile/burst_profile000570.png/png
       retry log10(dt/yr), log10(dt), retry_factor     1   571       -8.508781       -1.009670        0.500000
 grid1/grid1_000575.png/png
 burst_profile/burst_profile000575.png/png
       retry log10(dt/yr), log10(dt), retry_factor     1   578       -8.207762       -0.708650        0.500000
 grid1/grid1_000580.png/png
 burst_profile/burst_profile000580.png/png
 grid1/grid1_000585.png/png
 burst_profile/burst_profile000585.png/png
 grid1/grid1_000590.png/png
 burst_profile/burst_profile000590.png/png
 grid1/grid1_000595.png/png
 burst_profile/burst_profile000595.png/png
        600   8.867979  1.309E+07   2.366056   4.271584   1.400000   1.400000   0.000000   0.000000   0.275200   0.020009   4.227652    840    116
  -7.396447   6.628330  -4.792481   2.171266   3.109882  -8.522879   0.000000   0.000000   0.000000   0.020000   0.020974  30.029827      6     20
 5.8929E-04  23.281692   3.835662   4.262647  14.539475  -0.809901   0.000000   0.000000   0.000000   0.000687  9.590E-01 -0.121E-09    varcontrol

 grid1/grid1_000600.png/png
 burst_profile/burst_profile000600.png/png
 grid1/grid1_000605.png/png
 burst_profile/burst_profile000605.png/png
       retry log10(dt/yr), log10(dt), retry_factor     1   608       -7.893092       -0.393980        0.500000
       retry log10(dt/yr), log10(dt), retry_factor     2   608       -8.194122       -0.695010        0.500000
 grid1/grid1_000610.png/png
 burst_profile/burst_profile000610.png/png
       retry log10(dt/yr), log10(dt), retry_factor     1   614       -7.592062       -0.092950        0.500000
       retry log10(dt/yr), log10(dt), retry_factor     1   615       -7.893092       -0.393980        0.500000
       retry log10(dt/yr), log10(dt), retry_factor     2   615       -8.194122       -0.695010        0.500000
 grid1/grid1_000615.png/png
 burst_profile/burst_profile000615.png/png
 grid1/grid1_000620.png/png
 burst_profile/burst_profile000620.png/png
       retry log10(dt/yr), log10(dt), retry_factor     1   621       -7.592062       -0.092950        0.500000
       retry log10(dt/yr), log10(dt), retry_factor     2   621       -7.893092       -0.393980        0.500000
 have reached retry limit so now backup
 grid1/grid1_000620.png/png
 burst_profile/burst_profile000620.png/png
 grid1/grid1_000625.png/png
 burst_profile/burst_profile000625.png/png
 grid1/grid1_000630.png/png
 burst_profile/burst_profile000630.png/png
 grid1/grid1_000635.png/png
 burst_profile/burst_profile000635.png/png
 grid1/grid1_000640.png/png
 burst_profile/burst_profile000640.png/png
 grid1/grid1_000645.png/png
 burst_profile/burst_profile000645.png/png
 grid1/grid1_000650.png/png
 burst_profile/burst_profile000650.png/png
 grid1/grid1_000655.png/png
 burst_profile/burst_profile000655.png/png
 grid1/grid1_000660.png/png
 burst_profile/burst_profile000660.png/png
 grid1/grid1_000665.png/png
 burst_profile/burst_profile000665.png/png
 grid1/grid1_000670.png/png
 burst_profile/burst_profile000670.png/png
       retry log10(dt/yr), log10(dt), retry_factor     1   675       -5.373799        2.125312        0.500000
       retry log10(dt/yr), log10(dt), retry_factor     2   675       -5.674829        1.824282        0.500000
 have reached retry limit so now backup
 grid1/grid1_000675.png/png
 burst_profile/burst_profile000675.png/png
 grid1/grid1_000680.png/png
 burst_profile/burst_profile000680.png/png
       retry log10(dt/yr), log10(dt), retry_factor     1   681       -5.381325        2.117787        0.500000
       retry log10(dt/yr), log10(dt), retry_factor     2   681       -5.682355        1.816757        0.500000
 grid1/grid1_000685.png/png
 burst_profile/burst_profile000685.png/png
       retry log10(dt/yr), log10(dt), retry_factor     1   687       -5.323376        2.175736        0.500000
hydro_newton_step failed to accept
       retry log10(dt/yr), log10(dt), retry_factor     2   687       -5.624406        1.874706        0.500000
 have reached retry limit so now backup
 grid1/grid1_000690.png/png
 burst_profile/burst_profile000690.png/png
       retry log10(dt/yr), log10(dt), retry_factor     1   692       -5.498499        2.000613        0.500000
 grid1/grid1_000695.png/png
 burst_profile/burst_profile000695.png/png
       retry log10(dt/yr), log10(dt), retry_factor     1   696       -5.701464        1.797648        0.500000
        700   8.350981  3.647E+06   1.530318   1.558106   1.400000   1.400000   0.000000   0.000000   0.275200   0.056581  16.306744    854    131
  -5.099404   6.696851  -4.792858  -0.826775   0.703456  -8.522879   0.000000   0.000000   0.000000   0.020000   0.041672 104.085879      6     23
 7.8092E-04  23.311411   1.615442   0.320465  13.580352  -1.113660   0.000000   0.000000   0.000000   0.000687  9.017E-01  0.568E-13  max increase

 grid1/grid1_000700.png/png
 burst_profile/burst_profile000700.png/png
       retry log10(dt/yr), log10(dt), retry_factor     1   702       -5.383051        2.116061        0.500000
       retry log10(dt/yr), log10(dt), retry_factor     2   702       -5.684081        1.815031        0.500000
 have reached retry limit so now backup
 grid1/grid1_000705.png/png
 burst_profile/burst_profile000705.png/png
       retry log10(dt/yr), log10(dt), retry_factor     1   707       -5.535803        1.963308        0.500000
       retry log10(dt/yr), log10(dt), retry_factor     1   708       -5.933743        1.565368        0.500000
       retry log10(dt/yr), log10(dt), retry_factor     1   709       -6.331683        1.167428        0.500000
       retry log10(dt/yr), log10(dt), retry_factor     1   710       -6.632713        0.866398        0.500000
 grid1/grid1_000710.png/png
 burst_profile/burst_profile000710.png/png
 grid1/grid1_000715.png/png
 burst_profile/burst_profile000715.png/png
       retry log10(dt/yr), log10(dt), retry_factor     1   718       -5.634901        1.864211        0.500000
hydro_newton_step failed to accept
       retry log10(dt/yr), log10(dt), retry_factor     1   719       -6.032841        1.466271        0.500000
hydro_newton_step failed to accept
       retry log10(dt/yr), log10(dt), retry_factor     2   719       -6.333871        1.165241        0.500000
 grid1/grid1_000720.png/png
 burst_profile/burst_profile000720.png/png
       retry log10(dt/yr), log10(dt), retry_factor     1   724       -5.877548        1.621563        0.500000
hydro_newton_step failed to accept
       retry log10(dt/yr), log10(dt), retry_factor     1   725       -6.265710        1.233402        0.500000
 grid1/grid1_000725.png/png
 burst_profile/burst_profile000725.png/png
       retry log10(dt/yr), log10(dt), retry_factor     1   729       -6.052323        1.446789        0.500000
       retry log10(dt/yr), log10(dt), retry_factor     1   730       -6.353353        1.145759        0.500000
 grid1/grid1_000730.png/png
 burst_profile/burst_profile000730.png/png
       retry log10(dt/yr), log10(dt), retry_factor     1   732       -6.654383        0.844729        0.500000
hydro_newton_step failed to accept
       retry log10(dt/yr), log10(dt), retry_factor     2   732       -6.955413        0.543699        0.500000
       retry log10(dt/yr), log10(dt), retry_factor     1   735       -7.256443        0.242669        0.500000
       retry log10(dt/yr), log10(dt), retry_factor     2   735       -7.557473       -0.058361        0.500000
 grid1/grid1_000735.png/png
 burst_profile/burst_profile000735.png/png
       retry log10(dt/yr), log10(dt), retry_factor     1   739       -7.557473       -0.058361        0.500000
 grid1/grid1_000740.png/png
 burst_profile/burst_profile000740.png/png
       retry log10(dt/yr), log10(dt), retry_factor     1   742       -7.858503       -0.359391        0.500000
 grid1/grid1_000745.png/png
 burst_profile/burst_profile000745.png/png
       retry log10(dt/yr), log10(dt), retry_factor     1   746       -8.353353       -0.854241        0.500000
hydro_newton_step failed to accept
       retry log10(dt/yr), log10(dt), retry_factor     2   746       -8.654383       -1.155271        0.500000
 grid1/grid1_000750.png/png
 burst_profile/burst_profile000750.png/png
 grid1/grid1_000755.png/png
 burst_profile/burst_profile000755.png/png
 grid1/grid1_000760.png/png
 burst_profile/burst_profile000760.png/png
 grid1/grid1_000765.png/png
 burst_profile/burst_profile000765.png/png
 grid1/grid1_000770.png/png
 burst_profile/burst_profile000770.png/png
 grid1/grid1_000775.png/png
 burst_profile/burst_profile000775.png/png
       retry log10(dt/yr), log10(dt), retry_factor     1   779       -9.373805       -1.874694        0.500000
 grid1/grid1_000780.png/png
 burst_profile/burst_profile000780.png/png
 grid1/grid1_000785.png/png
 burst_profile/burst_profile000785.png/png
 grid1/grid1_000790.png/png
 burst_profile/burst_profile000790.png/png
 grid1/grid1_000795.png/png
 burst_profile/burst_profile000795.png/png
        800   8.498892  2.179E+07   3.589237   6.735051   1.400000   1.400000   0.000000   0.000000   0.289826   0.057861  11.573336    928    153
  -7.986079   6.699686  -4.791622   2.969787   4.270828  -8.522879   0.000000   0.000000   0.000000   0.213577   0.037343  74.203632      7     24
 8.6000E-04  23.322930   4.722929   6.734666  14.953980  -0.859510   0.000000   0.000000   0.000000   0.000687  9.048E-01  0.765E-08          dH/H

 grid1/grid1_000800.png/png
 burst_profile/burst_profile000800.png/png
       retry log10(dt/yr), log10(dt), retry_factor     1   802       -8.781959       -1.282847        0.500000
 grid1/grid1_000805.png/png
 burst_profile/burst_profile000805.png/png
 grid1/grid1_000810.png/png
 burst_profile/burst_profile000810.png/png
 grid1/grid1_000815.png/png
 burst_profile/burst_profile000815.png/png
 grid1/grid1_000820.png/png
 burst_profile/burst_profile000820.png/png
 grid1/grid1_000825.png/png
 burst_profile/burst_profile000825.png/png
 grid1/grid1_000830.png/png
 burst_profile/burst_profile000830.png/png
 grid1/grid1_000835.png/png
 burst_profile/burst_profile000835.png/png
 grid1/grid1_000840.png/png
 burst_profile/burst_profile000840.png/png
       retry log10(dt/yr), log10(dt), retry_factor     1   842       -7.876244       -0.377132        0.500000
       retry log10(dt/yr), log10(dt), retry_factor     2   842       -8.177274       -0.678162        0.500000
 have reached retry limit so now backup
       retry log10(dt/yr), log10(dt), retry_factor     1   844       -8.575214       -1.076102        0.500000
hydro_newton_step failed to accept
       retry log10(dt/yr), log10(dt), retry_factor     1   845       -8.876244       -1.377132        0.500000
       retry log10(dt/yr), log10(dt), retry_factor     2   845       -9.177274       -1.678162        0.500000
 grid1/grid1_000845.png/png
 burst_profile/burst_profile000845.png/png
 grid1/grid1_000850.png/png
 burst_profile/burst_profile000850.png/png
hydro_newton_step failed to accept
       retry log10(dt/yr), log10(dt), retry_factor     1   852       -8.274184       -0.775072        0.500000
       retry log10(dt/yr), log10(dt), retry_factor     2   852       -8.575214       -1.076102        0.500000
 have reached retry limit so now backup
 grid1/grid1_000855.png/png
 burst_profile/burst_profile000855.png/png
       retry log10(dt/yr), log10(dt), retry_factor     1   859       -7.861624       -0.362512        0.500000
hydro_newton_step failed to accept
       retry log10(dt/yr), log10(dt), retry_factor     2   859       -8.162654       -0.663542        0.500000
 have reached retry limit so now backup
hydro_newton_step failed to accept
       retry log10(dt/yr), log10(dt), retry_factor     1   859       -8.468423       -0.969311        0.500000
       retry log10(dt/yr), log10(dt), retry_factor     2   859       -8.769453       -1.270341        0.500000
 have reached retry limit so now backup
 grid1/grid1_000860.png/png
 burst_profile/burst_profile000860.png/png
       retry log10(dt/yr), log10(dt), retry_factor     1   861       -9.070483       -1.571371        0.500000
 grid1/grid1_000865.png/png
 burst_profile/burst_profile000865.png/png
 grid1/grid1_000870.png/png
 burst_profile/burst_profile000870.png/png
 grid1/grid1_000875.png/png
 burst_profile/burst_profile000875.png/png
 grid1/grid1_000880.png/png
 burst_profile/burst_profile000880.png/png
       retry log10(dt/yr), log10(dt), retry_factor     1   881       -8.013920       -0.514809        0.500000
 grid1/grid1_000885.png/png
 burst_profile/burst_profile000885.png/png
       retry log10(dt/yr), log10(dt), retry_factor     1   887       -8.015603       -0.516491        0.500000
 grid1/grid1_000890.png/png
 burst_profile/burst_profile000890.png/png
 grid1/grid1_000895.png/png
 burst_profile/burst_profile000895.png/png
       retry log10(dt/yr), log10(dt), retry_factor     1   898       -7.857476       -0.358364        0.500000
        900   8.851668  1.207E+07   2.212855   3.913952   1.400000   1.400000   0.000000   0.000000   0.275200   0.017584   4.635896    962    169
  -7.556446   6.662572  -4.792524   2.056039   2.943890  -8.522879   0.000000   0.000000   0.000000   0.020000   0.019027  32.009424      6     28
 8.6233E-04  23.323374   3.695509   3.899031  14.505332  -0.784188   0.000000   0.000000   0.000000   0.000687  9.634E-01 -0.296E-09          hold

 grid1/grid1_000900.png/png
 burst_profile/burst_profile000900.png/png
       retry log10(dt/yr), log10(dt), retry_factor     1   901       -8.158506       -0.659394        0.500000
       retry log10(dt/yr), log10(dt), retry_factor     2   901       -8.459536       -0.960424        0.500000
 grid1/grid1_000905.png/png
 burst_profile/burst_profile000905.png/png
 grid1/grid1_000910.png/png
 burst_profile/burst_profile000910.png/png
       retry log10(dt/yr), log10(dt), retry_factor     1   912       -7.686684       -0.187573        0.500000
       retry log10(dt/yr), log10(dt), retry_factor     2   912       -7.987714       -0.488603        0.500000
 have reached retry limit so now backup
 grid1/grid1_000915.png/png
 burst_profile/burst_profile000915.png/png
 grid1/grid1_000920.png/png
 burst_profile/burst_profile000920.png/png

stop because model_number >= max_model_number
      922      922

        922   8.774532  9.099E+06   1.548445   2.894442   1.400000   1.400000   0.000000   0.000000   0.275200   0.016355   5.761360    961    173
  -7.096242   6.676222  -4.792686   1.599844   2.345973  -8.522879   0.000000   0.000000   0.000000   0.020000   0.018228  38.633493      6     29
 8.6329E-04  23.323536   3.204087   2.850693  14.398999  -0.719139   0.000000   0.000000   0.000000   0.000687  9.654E-01  0.674E-10        lgTeff

save LOGS/profile5.data for model 922
save photos/x922 for model 922
save abund_profile_r_se69_ng_se70_01.data for model 922
 saved to final.mod
termination code: max_model_number
        922   8.774532  9.099E+06   1.548445   2.894442   1.400000   1.400000   0.000000   0.000000   0.275200   0.016355   5.761360    961    173
  -7.096242   6.676222  -4.792686   1.599844   2.345973  -8.522879   0.000000   0.000000   0.000000   0.020000   0.018228  38.633493      6     29
 8.6329E-04  23.323536   3.204087   2.850693  14.398999  -0.719139   0.000000   0.000000   0.000000   0.000687  9.654E-01  0.674E-10    varcontrol

DATE: 2020-09-03
TIME: 06:02:51
