ls: cannot access './837/photos': No such file or directory
starting from scratch 
                                         version_number       10108
 read /hpc/group/physics/al363/low_overhead/sens/base/inlist_base
 read inlist_cluster
load saved model /hpc/group/physics/al363/sens/base/ns_relax.mod

 change to /hpc/group/physics/al363/sens/base/rp_305.net
              set special rate factor for r_ti46_pn_v46         837    1.0000000000000000D+02
              set special rate factor for r_v46_np_ti46         838    1.0000000000000000D+02
              set special rate factor for r_ti46_pn_v46         837    1.0000000000000000D+02
              set special rate factor for r_v46_np_ti46         838    1.0000000000000000D+02
 number of species         305
 read /hpc/group/physics/al363/low_overhead/sens/base/history_custom_low_overhead
 read /hpc/group/physics/al363/low_overhead/sens/base/profile_custom_low_overhead
 net name /hpc/group/physics/al363/sens/base/rp_305.net
 v_flag T
                                           xmstar/mstar    4.5461189430843640D-12
                                             xmstar (g)    1.2660395722219186D+22
                                           M_center (g)    2.7848799999878681D+33
                                            xmstar/Msun    6.3645665203193175D-12
                                          M_center/Msun    1.3999999999939012D+00
                                          R_center (cm)    1.1200000000000000D+06
                                          R_center/Rsun    1.6092416448748527D-05
                                           core density    4.7322078204273819D+14
                                          L_center/Lsun    4.1647144567650578D+00
 kappa_file_prefix gs98
 kappa_lowT_prefix lowT_fa05_gs98

   eos_file_prefix mesa
                                        OMP_NUM_THREADS           8


__________________________________________________________________________________________________________________________________________________

       step    lg_Tcntr    Teff       lg_LH     lg_Lnuc     Mass       H_rich     H_cntr     N_cntr     Y_surf     X_avg     eta_cntr  zones retry
   lg_dt_yr    lg_Dcntr    lg_R       lg_L3a    lg_Lneu     lg_Mdot    He_core    He_cntr    O_cntr     Z_surf     Y_avg     gam_cntr  iters bckup
     age_yr    lg_Pcntr    lg_L       lg_LZ     lg_Psurf    lg_Dsurf   C_core     C_cntr     Ne_cntr    Si_cntr    Z_avg     v_div_cs     dt_limit
__________________________________________________________________________________________________________________________________________________

save LOGS/profile1.data for model 2
         12   8.207068  1.596E+06   0.422373   0.422680   1.400000   1.400000   0.000000   0.000000   0.275200   0.032716  18.782540    782      0
  -5.834864   6.544453  -4.792968 -17.300136  -0.755568  -8.522879   0.000000   0.000000   0.000000   0.020000   0.012436 128.974929      6      0
 9.8181E-06  23.077272   0.179446  -2.727454  12.804639  -1.522785   0.000000   0.000000   0.000000   0.000687  9.548E-01 -0.112E-12      lgT_cntr

save LOGS/profile2.data for model 12
       retry log10(dt/yr), log10(dt), retry_factor     1    34       -5.396345        2.102767        0.500000
       retry log10(dt/yr), log10(dt), retry_factor     1    38       -5.396345        2.102767        0.500000
       retry log10(dt/yr), log10(dt), retry_factor     1    42       -5.396345        2.102767        0.500000
       retry log10(dt/yr), log10(dt), retry_factor     1    46       -5.396345        2.102767        0.500000
       retry log10(dt/yr), log10(dt), retry_factor     1    51       -5.095315        2.403797        0.500000
       retry log10(dt/yr), log10(dt), retry_factor     1    52       -5.095315        2.403797        0.500000
       retry log10(dt/yr), log10(dt), retry_factor     1    53       -5.095315        2.403797        0.500000
       retry log10(dt/yr), log10(dt), retry_factor     1    54       -5.095315        2.403797        0.500000
       retry log10(dt/yr), log10(dt), retry_factor     1    55       -5.095315        2.403797        0.500000
       retry log10(dt/yr), log10(dt), retry_factor     1    56       -5.095315        2.403797        0.500000
       retry log10(dt/yr), log10(dt), retry_factor     2    56       -5.396345        2.102767        0.500000
       retry log10(dt/yr), log10(dt), retry_factor     1    60       -5.396345        2.102767        0.500000
       retry log10(dt/yr), log10(dt), retry_factor     1    61       -5.697375        1.801737        0.500000
       retry log10(dt/yr), log10(dt), retry_factor     1    62       -5.998405        1.500707        0.500000
       retry log10(dt/yr), log10(dt), retry_factor     1    64       -6.299435        1.199677        0.500000
hydro_newton_step failed to accept
       retry log10(dt/yr), log10(dt), retry_factor     1    65       -6.600465        0.898647        0.500000
       retry log10(dt/yr), log10(dt), retry_factor     1    67       -6.901495        0.597617        0.500000
       retry log10(dt/yr), log10(dt), retry_factor     1    69       -7.202525        0.296587        0.500000
       retry log10(dt/yr), log10(dt), retry_factor     1    70       -7.503555       -0.004443        0.500000
       retry log10(dt/yr), log10(dt), retry_factor     1    72       -7.804585       -0.305473        0.500000
       retry log10(dt/yr), log10(dt), retry_factor     1    74       -8.105615       -0.606503        0.500000
       retry log10(dt/yr), log10(dt), retry_factor     1    75       -8.439835       -0.940723        0.500000
       retry log10(dt/yr), log10(dt), retry_factor     1   142       -8.645221       -1.146109        0.500000
       retry log10(dt/yr), log10(dt), retry_factor     1   143       -9.043161       -1.544049        0.500000
       retry log10(dt/yr), log10(dt), retry_factor     1   151       -8.953596       -1.454485        0.500000
       retry log10(dt/yr), log10(dt), retry_factor     1   158       -8.753903       -1.254792        0.500000
       retry log10(dt/yr), log10(dt), retry_factor     2   158       -9.054933       -1.555822        0.500000
       retry log10(dt/yr), log10(dt), retry_factor     1   171       -9.094826       -1.595714        0.500000
       retry log10(dt/yr), log10(dt), retry_factor     2   171       -9.395856       -1.896744        0.500000
       retry log10(dt/yr), log10(dt), retry_factor     1   177       -8.793796       -1.294684        0.500000
       retry log10(dt/yr), log10(dt), retry_factor     1   192       -7.401594        0.097518        0.500000
       retry log10(dt/yr), log10(dt), retry_factor     1   198       -7.548793       -0.049681        0.500000
       retry log10(dt/yr), log10(dt), retry_factor     2   198       -7.849823       -0.350711        0.500000
 have reached retry limit so now backup
hydro_newton_step failed to accept
       retry log10(dt/yr), log10(dt), retry_factor     1   202       -8.142837       -0.643725        0.500000
hydro_newton_step failed to accept
       retry log10(dt/yr), log10(dt), retry_factor     2   202       -8.443867       -0.944755        0.500000
       retry log10(dt/yr), log10(dt), retry_factor     1   233       -7.734910       -0.235799        0.500000
       retry log10(dt/yr), log10(dt), retry_factor     2   233       -8.035940       -0.536829        0.500000
       retry log10(dt/yr), log10(dt), retry_factor     1   239       -7.433880        0.065231        0.500000
       retry log10(dt/yr), log10(dt), retry_factor     2   239       -7.734910       -0.235799        0.500000
 have reached retry limit so now backup
hydro_newton_step failed to accept
       retry log10(dt/yr), log10(dt), retry_factor     1   246       -7.554734       -0.055622        0.500000
       retry log10(dt/yr), log10(dt), retry_factor     2   246       -7.855764       -0.356652        0.500000
       retry log10(dt/yr), log10(dt), retry_factor     1   283       -6.345032        1.154080        0.500000
       retry log10(dt/yr), log10(dt), retry_factor     2   283       -6.646062        0.853050        0.500000
       retry log10(dt/yr), log10(dt), retry_factor     1   294       -5.770546        1.728566        0.500000
       retry log10(dt/yr), log10(dt), retry_factor     2   294       -6.071576        1.427536        0.500000
       retry log10(dt/yr), log10(dt), retry_factor     1   300       -5.469516        2.029596        0.500000
       retry log10(dt/yr), log10(dt), retry_factor     1   304       -5.515217        1.983894        0.500000
       retry log10(dt/yr), log10(dt), retry_factor     1   308       -5.647373        1.851738        0.500000
       retry log10(dt/yr), log10(dt), retry_factor     1   314       -5.132740        2.366371        0.500000
hydro_newton_step failed to accept
       retry log10(dt/yr), log10(dt), retry_factor     2   314       -5.433770        2.065341        0.500000
 have reached retry limit so now backup
       retry log10(dt/yr), log10(dt), retry_factor     1   319       -5.537792        1.961320        0.500000
       retry log10(dt/yr), log10(dt), retry_factor     2   319       -5.838822        1.660290        0.500000
       retry log10(dt/yr), log10(dt), retry_factor     1   326       -5.401903        2.097208        0.500000
       retry log10(dt/yr), log10(dt), retry_factor     1   327       -5.702933        1.796178        0.500000
       retry log10(dt/yr), log10(dt), retry_factor     1   332       -5.634308        1.864804        0.500000
       retry log10(dt/yr), log10(dt), retry_factor     1   333       -6.018593        1.480518        0.500000
       retry log10(dt/yr), log10(dt), retry_factor     1   338       -5.794980        1.704131        0.500000
hydro_newton_step failed to accept
       retry log10(dt/yr), log10(dt), retry_factor     1   339       -6.096010        1.403101        0.500000
       retry log10(dt/yr), log10(dt), retry_factor     1   340       -6.397040        1.102071        0.500000
       retry log10(dt/yr), log10(dt), retry_factor     2   340       -6.698070        0.801041        0.500000
 have reached retry limit so now backup
       retry log10(dt/yr), log10(dt), retry_factor     1   343       -6.999100        0.500011        0.500000
       retry log10(dt/yr), log10(dt), retry_factor     1   344       -7.300130        0.198981        0.500000
        351   8.430394  4.454E+06   1.917638   2.022516   1.400000   1.400000   0.000000   0.000000   0.275200   0.077754  12.077607    767     62
  -5.794980   6.606628  -4.792689   1.111786   1.110169  -8.522879   0.000000   0.000000   0.000000   0.020000   0.055931  80.891755      6      4
 5.8147E-04  23.180406   1.963158   0.985001  13.807476  -0.975474   0.000000   0.000000   0.000000   0.000687  8.663E-01  0.808E-14  max increase

save LOGS/profile3.data for model 351
       retry log10(dt/yr), log10(dt), retry_factor     1   352       -6.096010        1.403101        0.500000
       retry log10(dt/yr), log10(dt), retry_factor     1   353       -6.413543        1.085568        0.500000
hydro_newton_step failed to accept
       retry log10(dt/yr), log10(dt), retry_factor     2   353       -6.714573        0.784538        0.500000
 have reached retry limit so now backup
       retry log10(dt/yr), log10(dt), retry_factor     1   357       -6.776505        0.722606        0.500000
       retry log10(dt/yr), log10(dt), retry_factor     1   361       -6.828669        0.670442        0.500000
       retry log10(dt/yr), log10(dt), retry_factor     1   362       -7.129699        0.369412        0.500000
       retry log10(dt/yr), log10(dt), retry_factor     1   364       -7.430729        0.068382        0.500000
       retry log10(dt/yr), log10(dt), retry_factor     1   365       -7.731759       -0.232648        0.500000
       retry log10(dt/yr), log10(dt), retry_factor     1   369       -8.226610       -0.727498        0.500000
       retry log10(dt/yr), log10(dt), retry_factor     1   372       -8.663483       -1.164372        0.500000
hydro_newton_step failed to accept
       retry log10(dt/yr), log10(dt), retry_factor     1   403       -9.335134       -1.836022        0.500000
       retry log10(dt/yr), log10(dt), retry_factor     1   454       -7.554473       -0.055362        0.500000
hydro_newton_step failed to accept
       retry log10(dt/yr), log10(dt), retry_factor     2   454       -7.855503       -0.356392        0.500000
hydro_newton_step failed to accept
       retry log10(dt/yr), log10(dt), retry_factor     1   457       -8.447263       -0.948152        0.500000
       retry log10(dt/yr), log10(dt), retry_factor     2   457       -8.748293       -1.249182        0.500000
       retry log10(dt/yr), log10(dt), retry_factor     1   466       -8.050845       -0.551734        0.500000
hydro_newton_step failed to accept
       retry log10(dt/yr), log10(dt), retry_factor     2   466       -8.351875       -0.852764        0.500000
       retry log10(dt/yr), log10(dt), retry_factor     1   493       -7.901004       -0.401893        0.500000
 bad other yaxis for History panels plot num_zones

 ERROR: failed to find log_Teff in history data

 grid1/grid1_000500.png/png
       retry log10(dt/yr), log10(dt), retry_factor     1   502       -7.518238       -0.019127        0.500000
       retry log10(dt/yr), log10(dt), retry_factor     2   502       -7.819268       -0.320157        0.500000
 have reached retry limit so now backup
       retry log10(dt/yr), log10(dt), retry_factor     1   509       -7.549581       -0.050470        0.500000
       retry log10(dt/yr), log10(dt), retry_factor     2   509       -7.850611       -0.351500        0.500000
 have reached retry limit so now backup
       retry log10(dt/yr), log10(dt), retry_factor     1   556       -5.586024        1.913088        0.500000
       retry log10(dt/yr), log10(dt), retry_factor     1   558       -5.928545        1.570566        0.500000
       retry log10(dt/yr), log10(dt), retry_factor     2   558       -6.229575        1.269536        0.500000
       retry log10(dt/yr), log10(dt), retry_factor     1   565       -5.580396        1.918716        0.500000
       retry log10(dt/yr), log10(dt), retry_factor     2   565       -5.881426        1.617686        0.500000
       retry log10(dt/yr), log10(dt), retry_factor     1   566       -6.182456        1.316656        0.500000
       retry log10(dt/yr), log10(dt), retry_factor     1   573       -5.484016        2.015095        0.500000
       retry log10(dt/yr), log10(dt), retry_factor     1   574       -5.881956        1.617155        0.500000
       retry log10(dt/yr), log10(dt), retry_factor     2   574       -6.182986        1.316125        0.500000
       retry log10(dt/yr), log10(dt), retry_factor     1   576       -6.484016        1.015095        0.500000
       retry log10(dt/yr), log10(dt), retry_factor     1   584       -5.503060        1.996051        0.500000
       retry log10(dt/yr), log10(dt), retry_factor     1   588       -5.602647        1.896464        0.500000
       retry log10(dt/yr), log10(dt), retry_factor     1   589       -5.903677        1.595434        0.500000
hydro_newton_step failed to accept
       retry log10(dt/yr), log10(dt), retry_factor     2   589       -6.204707        1.294404        0.500000
       retry log10(dt/yr), log10(dt), retry_factor     1   590       -6.505737        0.993374        0.500000
       retry log10(dt/yr), log10(dt), retry_factor     1   598       -5.488299        2.010813        0.500000
       retry log10(dt/yr), log10(dt), retry_factor     1   599       -5.886239        1.612873        0.500000
hydro_newton_step failed to accept
       retry log10(dt/yr), log10(dt), retry_factor     2   599       -6.187269        1.311843        0.500000
       retry log10(dt/yr), log10(dt), retry_factor     1   600       -6.488299        1.010813        0.500000
       retry log10(dt/yr), log10(dt), retry_factor     1   608       -5.511762        1.987350        0.500000
       retry log10(dt/yr), log10(dt), retry_factor     1   609       -5.812792        1.686320        0.500000
hydro_newton_step failed to accept
       retry log10(dt/yr), log10(dt), retry_factor     2   609       -6.113822        1.385290        0.500000
 have reached retry limit so now backup
       retry log10(dt/yr), log10(dt), retry_factor     1   616       -5.612120        1.886992        0.500000
       retry log10(dt/yr), log10(dt), retry_factor     1   617       -5.913150        1.585962        0.500000
hydro_newton_step failed to accept
       retry log10(dt/yr), log10(dt), retry_factor     2   617       -6.214180        1.284932        0.500000
 have reached retry limit so now backup
       retry log10(dt/yr), log10(dt), retry_factor     1   620       -6.515210        0.983902        0.500000
       retry log10(dt/yr), log10(dt), retry_factor     1   627       -5.984366        1.514745        0.500000
       retry log10(dt/yr), log10(dt), retry_factor     2   627       -6.285396        1.213715        0.500000
       retry log10(dt/yr), log10(dt), retry_factor     1   631       -6.285396        1.213715        0.500000
       retry log10(dt/yr), log10(dt), retry_factor     2   631       -6.586426        0.912685        0.500000
hydro_newton_step failed to accept
       retry log10(dt/yr), log10(dt), retry_factor     1   633       -6.887456        0.611655        0.500000
       retry log10(dt/yr), log10(dt), retry_factor     1   635       -6.887456        0.611655        0.500000
       retry log10(dt/yr), log10(dt), retry_factor     1   636       -7.188486        0.310625        0.500000
       retry log10(dt/yr), log10(dt), retry_factor     1   637       -7.547576       -0.048464        0.500000
       retry log10(dt/yr), log10(dt), retry_factor     1   641       -7.547576       -0.048464        0.500000
       retry log10(dt/yr), log10(dt), retry_factor     2   641       -7.848606       -0.349494        0.500000
       retry log10(dt/yr), log10(dt), retry_factor     1   644       -8.149636       -0.650524        0.500000
       retry log10(dt/yr), log10(dt), retry_factor     1   647       -8.546077       -1.046966        0.500000
       retry log10(dt/yr), log10(dt), retry_factor     1   653       -8.686778       -1.187666        0.500000
hydro_newton_step failed to accept
       retry log10(dt/yr), log10(dt), retry_factor     1   687       -9.253111       -1.754000        0.500000
       retry log10(dt/yr), log10(dt), retry_factor     1   738       -7.655900       -0.156789        0.500000
       retry log10(dt/yr), log10(dt), retry_factor     2   738       -7.956930       -0.457819        0.500000
 have reached retry limit so now backup
hydro_newton_step failed to accept
       retry log10(dt/yr), log10(dt), retry_factor     1   742       -8.493097       -0.993986        0.500000
hydro_newton_step failed to accept
       retry log10(dt/yr), log10(dt), retry_factor     1   743       -8.493097       -0.993986        0.500000
       retry log10(dt/yr), log10(dt), retry_factor     1   746       -8.195723       -0.696611        0.500000
       retry log10(dt/yr), log10(dt), retry_factor     1   771       -7.791983       -0.292871        0.500000
       retry log10(dt/yr), log10(dt), retry_factor     2   771       -8.093013       -0.593901        0.500000
       retry log10(dt/yr), log10(dt), retry_factor     1   777       -7.490953        0.008159        0.500000
       retry log10(dt/yr), log10(dt), retry_factor     2   777       -7.791983       -0.292871        0.500000
       retry log10(dt/yr), log10(dt), retry_factor     1   785       -7.685445       -0.186333        0.500000
       retry log10(dt/yr), log10(dt), retry_factor     2   785       -7.986475       -0.487363        0.500000
       retry log10(dt/yr), log10(dt), retry_factor     1   833       -5.727427        1.771685        0.500000
       retry log10(dt/yr), log10(dt), retry_factor     2   833       -6.028457        1.470655        0.500000
       retry log10(dt/yr), log10(dt), retry_factor     1   839       -5.671900        1.827212        0.500000
       retry log10(dt/yr), log10(dt), retry_factor     2   839       -5.972930        1.526182        0.500000
       retry log10(dt/yr), log10(dt), retry_factor     1   840       -6.273960        1.225152        0.500000
       retry log10(dt/yr), log10(dt), retry_factor     1   847       -5.514119        1.984993        0.500000
       retry log10(dt/yr), log10(dt), retry_factor     1   848       -5.912059        1.587053        0.500000
       retry log10(dt/yr), log10(dt), retry_factor     1   855       -5.333232        2.165879        0.500000
       retry log10(dt/yr), log10(dt), retry_factor     2   855       -5.634262        1.864849        0.500000
 have reached retry limit so now backup
       retry log10(dt/yr), log10(dt), retry_factor     1   860       -5.460984        2.038128        0.500000
       retry log10(dt/yr), log10(dt), retry_factor     1   865       -5.509014        1.990097        0.500000
       retry log10(dt/yr), log10(dt), retry_factor     2   865       -5.810044        1.689067        0.500000
       retry log10(dt/yr), log10(dt), retry_factor     1   866       -6.111074        1.388037        0.500000
       retry log10(dt/yr), log10(dt), retry_factor     1   872       -5.659148        1.839963        0.500000
hydro_newton_step failed to accept
       retry log10(dt/yr), log10(dt), retry_factor     1   873       -6.057088        1.442023        0.500000
       retry log10(dt/yr), log10(dt), retry_factor     1   874       -6.358118        1.140993        0.500000
       retry log10(dt/yr), log10(dt), retry_factor     1   881       -5.455028        2.044083        0.500000
       retry log10(dt/yr), log10(dt), retry_factor     1   882       -5.756058        1.743053        0.500000
hydro_newton_step failed to accept
       retry log10(dt/yr), log10(dt), retry_factor     1   883       -6.153998        1.345113        0.500000
       retry log10(dt/yr), log10(dt), retry_factor     1   884       -6.455028        1.044083        0.500000
       retry log10(dt/yr), log10(dt), retry_factor     1   891       -5.683663        1.815448        0.500000
       retry log10(dt/yr), log10(dt), retry_factor     1   892       -6.052307        1.446804        0.500000
hydro_newton_step failed to accept
       retry log10(dt/yr), log10(dt), retry_factor     1   897       -5.998774        1.500338        0.500000
hydro_newton_step failed to accept
       retry log10(dt/yr), log10(dt), retry_factor     1   898       -6.396714        1.102398        0.500000
       retry log10(dt/yr), log10(dt), retry_factor     1   901       -6.083196        1.415915        0.500000
       retry log10(dt/yr), log10(dt), retry_factor     1   902       -6.481136        1.017975        0.500000
hydro_newton_step failed to accept
       retry log10(dt/yr), log10(dt), retry_factor     1   903       -6.879076        0.620035        0.500000
       retry log10(dt/yr), log10(dt), retry_factor     2   903       -7.180106        0.319005        0.500000
       retry log10(dt/yr), log10(dt), retry_factor     1   908       -6.879076        0.620035        0.500000
       retry log10(dt/yr), log10(dt), retry_factor     1   910       -7.180106        0.319005        0.500000
       retry log10(dt/yr), log10(dt), retry_factor     1   911       -7.481136        0.017975        0.500000
       retry log10(dt/yr), log10(dt), retry_factor     1   912       -7.813135       -0.314024        0.500000
       retry log10(dt/yr), log10(dt), retry_factor     2   912       -8.114165       -0.615054        0.500000
       retry log10(dt/yr), log10(dt), retry_factor     1   913       -8.415195       -0.916084        0.500000
hydro_newton_step failed to accept
       retry log10(dt/yr), log10(dt), retry_factor     2   913       -8.716225       -1.217114        0.500000
       1000   8.933664  1.556E+07   2.826845   5.251154   1.400000   1.400000   0.000000   0.000000   0.275200   0.026780   3.337567    992    170
  -6.682258   6.593109  -4.791739   2.420449   3.464927  -8.522879   0.000000   0.000000   0.000000   0.020000   0.024159  25.126277     13     11
 1.1167E-03  23.258748   4.137608   5.248872  14.635061  -0.867084   0.000000   0.000000   0.000000   0.000687  9.491E-01  0.669E-11          dH/H

save LOGS/profile4.data for model 1000
save photos/1000 for model 1000
 bad other yaxis for History panels plot num_zones

 ERROR: failed to find log_Teff in history data

 grid1/grid1_001000.png/png
       retry log10(dt/yr), log10(dt), retry_factor     1  1001       -7.381228        0.117884        0.500000
       retry log10(dt/yr), log10(dt), retry_factor     2  1001       -7.682258       -0.183146        0.500000
 have reached retry limit so now backup
       1000   8.941264  1.591E+07   2.853163   5.379695   1.400000   1.400000   0.000000   0.000000   0.275200   0.028498   3.251478    992    172
  -7.381228   6.590638  -4.791675   2.461517   3.514259  -8.522879   0.000000   0.000000   0.000000   0.020000   0.024939  24.643579      6     12
 1.1166E-03  23.258718   4.177230   5.377875  14.650464  -0.874648   0.000000   0.000000   0.000000   0.000687  9.466E-01 -0.109E-09        backup

save LOGS/profile4.data for model 1000
save photos/1000 for model 1000
 bad other yaxis for History panels plot num_zones

 ERROR: failed to find log_Teff in history data

 grid1/grid1_001000.png/png
hydro_newton_step failed to accept
       retry log10(dt/yr), log10(dt), retry_factor     1  1004       -8.370928       -0.871816        0.500000
hydro_newton_step failed to accept
       retry log10(dt/yr), log10(dt), retry_factor     2  1004       -8.671958       -1.172846        0.500000
       retry log10(dt/yr), log10(dt), retry_factor     1  1006       -8.613995       -1.114883        0.500000
hydro_newton_step failed to accept
       retry log10(dt/yr), log10(dt), retry_factor     1  1045       -7.902416       -0.403305        0.500000
       retry log10(dt/yr), log10(dt), retry_factor     2  1045       -8.203446       -0.704335        0.500000
       retry log10(dt/yr), log10(dt), retry_factor     1  1051       -7.738101       -0.238990        0.500000
       retry log10(dt/yr), log10(dt), retry_factor     2  1051       -8.039131       -0.540020        0.500000
 have reached retry limit so now backup
       retry log10(dt/yr), log10(dt), retry_factor     1  1053       -8.340161       -0.841050        0.500000
       retry log10(dt/yr), log10(dt), retry_factor     2  1053       -8.641191       -1.142080        0.500000
       retry log10(dt/yr), log10(dt), retry_factor     1  1061       -7.609996       -0.110884        0.500000
       retry log10(dt/yr), log10(dt), retry_factor     2  1061       -7.911026       -0.411914        0.500000
 have reached retry limit so now backup
       retry log10(dt/yr), log10(dt), retry_factor     1  1067       -7.483851        0.015261        0.500000
       retry log10(dt/yr), log10(dt), retry_factor     2  1067       -7.784881       -0.285769        0.500000
 have reached retry limit so now backup
hydro_newton_step failed to accept
       retry log10(dt/yr), log10(dt), retry_factor     1  1117       -5.616469        1.882643        0.500000
       retry log10(dt/yr), log10(dt), retry_factor     2  1117       -5.917499        1.581613        0.500000
       retry log10(dt/yr), log10(dt), retry_factor     1  1119       -6.278904        1.220208        0.500000
       retry log10(dt/yr), log10(dt), retry_factor     1  1126       -5.469223        2.029888        0.500000
       retry log10(dt/yr), log10(dt), retry_factor     1  1128       -5.892018        1.607094        0.500000
       retry log10(dt/yr), log10(dt), retry_factor     1  1134       -5.574223        1.924889        0.500000
       retry log10(dt/yr), log10(dt), retry_factor     1  1138       -5.972163        1.526949        0.500000
       retry log10(dt/yr), log10(dt), retry_factor     1  1139       -6.273193        1.225919        0.500000
       retry log10(dt/yr), log10(dt), retry_factor     1  1140       -6.574223        0.924889        0.500000
       retry log10(dt/yr), log10(dt), retry_factor     1  1148       -5.580202        1.918909        0.500000
       retry log10(dt/yr), log10(dt), retry_factor     1  1152       -5.580202        1.918909        0.500000
       retry log10(dt/yr), log10(dt), retry_factor     1  1157       -5.465297        2.033814        0.500000
       retry log10(dt/yr), log10(dt), retry_factor     1  1159       -5.853819        1.645292        0.500000
hydro_newton_step failed to accept
       retry log10(dt/yr), log10(dt), retry_factor     2  1159       -6.154849        1.344262        0.500000
 have reached retry limit so now backup
       retry log10(dt/yr), log10(dt), retry_factor     1  1162       -6.455879        1.043232        0.500000
       retry log10(dt/yr), log10(dt), retry_factor     1  1169       -5.552789        1.946322        0.500000
hydro_newton_step failed to accept
       retry log10(dt/yr), log10(dt), retry_factor     1  1171       -5.950729        1.548382        0.500000
       retry log10(dt/yr), log10(dt), retry_factor     2  1171       -6.251759        1.247352        0.500000
hydro_newton_step failed to accept
       retry log10(dt/yr), log10(dt), retry_factor     1  1176       -6.234264        1.264847        0.500000
hydro_newton_step failed to accept
       retry log10(dt/yr), log10(dt), retry_factor     2  1176       -6.535294        0.963817        0.500000
hydro_newton_step failed to accept
       retry log10(dt/yr), log10(dt), retry_factor     1  1177       -6.933234        0.565877        0.500000
       retry log10(dt/yr), log10(dt), retry_factor     1  1178       -6.950306        0.548806        0.500000
       retry log10(dt/yr), log10(dt), retry_factor     1  1184       -6.348246        1.150866        0.500000
       retry log10(dt/yr), log10(dt), retry_factor     1  1185       -6.649276        0.849836        0.500000
       retry log10(dt/yr), log10(dt), retry_factor     1  1188       -6.950306        0.548806        0.500000
       retry log10(dt/yr), log10(dt), retry_factor     1  1189       -7.251336        0.247776        0.500000
       retry log10(dt/yr), log10(dt), retry_factor     2  1189       -7.552366       -0.053254        0.500000
       retry log10(dt/yr), log10(dt), retry_factor     1  1193       -7.552366       -0.053254        0.500000
       retry log10(dt/yr), log10(dt), retry_factor     1  1195       -7.853396       -0.354284        0.500000
       retry log10(dt/yr), log10(dt), retry_factor     1  1198       -8.154426       -0.655314        0.500000
       retry log10(dt/yr), log10(dt), retry_factor     1  1201       -8.509547       -1.010436        0.500000
       retry log10(dt/yr), log10(dt), retry_factor     1  1295       -7.450953        0.048159        0.500000
       retry log10(dt/yr), log10(dt), retry_factor     2  1295       -7.751983       -0.252871        0.500000
 have reached retry limit so now backup
hydro_newton_step failed to accept
       retry log10(dt/yr), log10(dt), retry_factor     1  1298       -8.413731       -0.914620        0.500000
hydro_newton_step failed to accept
       retry log10(dt/yr), log10(dt), retry_factor     2  1298       -8.714761       -1.215650        0.500000
       retry log10(dt/yr), log10(dt), retry_factor     1  1299       -8.714761       -1.215650        0.500000
hydro_newton_step failed to accept
       retry log10(dt/yr), log10(dt), retry_factor     1  1304       -8.413731       -0.914620        0.500000
hydro_newton_step failed to accept
       retry log10(dt/yr), log10(dt), retry_factor     1  1306       -8.612515       -1.113403        0.500000
       retry log10(dt/yr), log10(dt), retry_factor     1  1308       -8.311485       -0.812373        0.500000
       retry log10(dt/yr), log10(dt), retry_factor     2  1308       -8.612515       -1.113403        0.500000
       retry log10(dt/yr), log10(dt), retry_factor     1  1341       -7.825545       -0.326434        0.500000
hydro_newton_step failed to accept
       retry log10(dt/yr), log10(dt), retry_factor     2  1341       -8.126575       -0.627464        0.500000
       retry log10(dt/yr), log10(dt), retry_factor     1  1347       -7.524515       -0.025404        0.500000
       retry log10(dt/yr), log10(dt), retry_factor     1  1348       -7.825545       -0.326434        0.500000
hydro_newton_step failed to accept
       retry log10(dt/yr), log10(dt), retry_factor     2  1348       -8.126575       -0.627464        0.500000
 have reached retry limit so now backup
       retry log10(dt/yr), log10(dt), retry_factor     1  1355       -7.585383       -0.086271        0.500000
       retry log10(dt/yr), log10(dt), retry_factor     1  1363       -7.455035        0.044077        0.500000
       retry log10(dt/yr), log10(dt), retry_factor     2  1363       -7.756065       -0.256953        0.500000
 have reached retry limit so now backup
       retry log10(dt/yr), log10(dt), retry_factor     1  1406       -5.577282        1.921830        0.500000
       retry log10(dt/yr), log10(dt), retry_factor     1  1409       -5.878312        1.620800        0.500000
hydro_newton_step failed to accept
       retry log10(dt/yr), log10(dt), retry_factor     2  1409       -6.179342        1.319770        0.500000
       retry log10(dt/yr), log10(dt), retry_factor     1  1416       -5.557300        1.941811        0.500000
       retry log10(dt/yr), log10(dt), retry_factor     2  1416       -5.858330        1.640781        0.500000
       retry log10(dt/yr), log10(dt), retry_factor     1  1423       -5.395410        2.103702        0.500000
       retry log10(dt/yr), log10(dt), retry_factor     1  1427       -5.601840        1.897272        0.500000
hydro_newton_step failed to accept
       retry log10(dt/yr), log10(dt), retry_factor     2  1427       -5.902870        1.596242        0.500000
 have reached retry limit so now backup
       retry log10(dt/yr), log10(dt), retry_factor     1  1434       -5.478749        2.020363        0.500000
       retry log10(dt/yr), log10(dt), retry_factor     2  1434       -5.779779        1.719333        0.500000
 have reached retry limit so now backup
       retry log10(dt/yr), log10(dt), retry_factor     1  1439       -5.478749        2.020363        0.500000
       retry log10(dt/yr), log10(dt), retry_factor     2  1439       -5.779779        1.719333        0.500000
 have reached retry limit so now backup
       retry log10(dt/yr), log10(dt), retry_factor     1  1445       -5.490651        2.008461        0.500000
       retry log10(dt/yr), log10(dt), retry_factor     1  1449       -5.552765        1.946347        0.500000
       retry log10(dt/yr), log10(dt), retry_factor     1  1450       -5.853795        1.645317        0.500000
hydro_newton_step failed to accept
       retry log10(dt/yr), log10(dt), retry_factor     1  1451       -6.251735        1.247377        0.500000
       retry log10(dt/yr), log10(dt), retry_factor     2  1451       -6.552765        0.946347        0.500000
       retry log10(dt/yr), log10(dt), retry_factor     1  1452       -6.853795        0.645317        0.500000
       retry log10(dt/yr), log10(dt), retry_factor     1  1460       -5.832920        1.666191        0.500000
       retry log10(dt/yr), log10(dt), retry_factor     1  1461       -6.230860        1.268251        0.500000
       retry log10(dt/yr), log10(dt), retry_factor     1  1466       -6.140006        1.359106        0.500000
       retry log10(dt/yr), log10(dt), retry_factor     1  1467       -6.537946        0.961166        0.500000
       retry log10(dt/yr), log10(dt), retry_factor     2  1467       -6.838976        0.660136        0.500000
       retry log10(dt/yr), log10(dt), retry_factor     1  1472       -6.634856        0.864256        0.500000
       retry log10(dt/yr), log10(dt), retry_factor     1  1473       -6.935886        0.563226        0.500000
hydro_newton_step failed to accept
       retry log10(dt/yr), log10(dt), retry_factor     1  1474       -7.236916        0.262196        0.500000
hydro_newton_step failed to accept
       retry log10(dt/yr), log10(dt), retry_factor     1  1476       -7.537946       -0.038834        0.500000
       retry log10(dt/yr), log10(dt), retry_factor     1  1477       -7.537946       -0.038834        0.500000
       retry log10(dt/yr), log10(dt), retry_factor     1  1480       -7.890307       -0.391195        0.500000
       retry log10(dt/yr), log10(dt), retry_factor     2  1480       -8.191337       -0.692225        0.500000
       retry log10(dt/yr), log10(dt), retry_factor     1  1481       -8.492367       -0.993255        0.500000
       retry log10(dt/yr), log10(dt), retry_factor     2  1481       -8.793397       -1.294285        0.500000
 bad other yaxis for History panels plot num_zones

 ERROR: failed to find log_Teff in history data

 grid1/grid1_001500.png/png
       retry log10(dt/yr), log10(dt), retry_factor     1  1515       -9.406249       -1.907137        0.500000
hydro_newton_step failed to accept
       retry log10(dt/yr), log10(dt), retry_factor     1  1520       -9.105219       -1.606107        0.500000
       retry log10(dt/yr), log10(dt), retry_factor     1  1565       -7.167609        0.331503        0.500000
       retry log10(dt/yr), log10(dt), retry_factor     1  1568       -7.759369       -0.260257        0.500000
       retry log10(dt/yr), log10(dt), retry_factor     2  1568       -8.060399       -0.561287        0.500000
 have reached retry limit so now backup
hydro_newton_step failed to accept
       retry log10(dt/yr), log10(dt), retry_factor     1  1573       -8.248444       -0.749332        0.500000
hydro_newton_step failed to accept
       retry log10(dt/yr), log10(dt), retry_factor     2  1573       -8.549474       -1.050362        0.500000
       retry log10(dt/yr), log10(dt), retry_factor     1  1574       -8.558065       -1.058954        0.500000
       retry log10(dt/yr), log10(dt), retry_factor     1  1608       -7.736464       -0.237353        0.500000
hydro_newton_step failed to accept
       retry log10(dt/yr), log10(dt), retry_factor     1  1620       -7.379950        0.119162        0.500000
       retry log10(dt/yr), log10(dt), retry_factor     2  1620       -7.680980       -0.181868        0.500000
 have reached retry limit so now backup
       retry log10(dt/yr), log10(dt), retry_factor     1  1626       -7.331664        0.167447        0.500000
       retry log10(dt/yr), log10(dt), retry_factor     1  1668       -5.288741        2.210371        0.500000
       retry log10(dt/yr), log10(dt), retry_factor     2  1668       -5.589771        1.909341        0.500000
 have reached retry limit so now backup
       retry log10(dt/yr), log10(dt), retry_factor     1  1673       -5.288741        2.210371        0.500000
       retry log10(dt/yr), log10(dt), retry_factor     2  1673       -5.589771        1.909341        0.500000
 have reached retry limit so now backup
       retry log10(dt/yr), log10(dt), retry_factor     1  1674       -5.987711        1.511401        0.500000
       retry log10(dt/yr), log10(dt), retry_factor     1  1680       -5.385651        2.113461        0.500000
       retry log10(dt/yr), log10(dt), retry_factor     2  1680       -5.686681        1.812431        0.500000
 have reached retry limit so now backup
       retry log10(dt/yr), log10(dt), retry_factor     1  1686       -5.609888        1.889224        0.500000
       retry log10(dt/yr), log10(dt), retry_factor     2  1686       -5.910918        1.588194        0.500000
       retry log10(dt/yr), log10(dt), retry_factor     1  1692       -5.551092        1.948020        0.500000
       retry log10(dt/yr), log10(dt), retry_factor     1  1693       -5.949032        1.550080        0.500000
       retry log10(dt/yr), log10(dt), retry_factor     1  1694       -6.250062        1.249050        0.500000
       retry log10(dt/yr), log10(dt), retry_factor     1  1695       -6.551092        0.948020        0.500000
       retry log10(dt/yr), log10(dt), retry_factor     1  1703       -5.550021        1.949090        0.500000
       retry log10(dt/yr), log10(dt), retry_factor     1  1710       -5.479834        2.019277        0.500000
       retry log10(dt/yr), log10(dt), retry_factor     2  1710       -5.780864        1.718247        0.500000
 have reached retry limit so now backup
hydro_newton_step failed to accept
       retry log10(dt/yr), log10(dt), retry_factor     1  1714       -5.969661        1.529450        0.500000
hydro_newton_step failed to accept
       retry log10(dt/yr), log10(dt), retry_factor     2  1714       -6.270691        1.228420        0.500000
       retry log10(dt/yr), log10(dt), retry_factor     1  1719       -5.697700        1.801412        0.500000
       retry log10(dt/yr), log10(dt), retry_factor     2  1719       -5.998730        1.500382        0.500000
 have reached retry limit so now backup
       retry log10(dt/yr), log10(dt), retry_factor     1  1723       -6.051363        1.447749        0.500000
       retry log10(dt/yr), log10(dt), retry_factor     1  1728       -5.840080        1.659032        0.500000
       retry log10(dt/yr), log10(dt), retry_factor     1  1730       -6.141110        1.358002        0.500000
       retry log10(dt/yr), log10(dt), retry_factor     1  1731       -6.539050        0.960062        0.500000
       retry log10(dt/yr), log10(dt), retry_factor     2  1731       -6.840080        0.659032        0.500000
       retry log10(dt/yr), log10(dt), retry_factor     1  1732       -7.141110        0.358002        0.500000
       retry log10(dt/yr), log10(dt), retry_factor     1  1739       -6.238020        1.261092        0.500000
       retry log10(dt/yr), log10(dt), retry_factor     1  1740       -6.539050        0.960062        0.500000
       retry log10(dt/yr), log10(dt), retry_factor     1  1742       -6.840080        0.659032        0.500000
hydro_newton_step failed to accept
       retry log10(dt/yr), log10(dt), retry_factor     1  1744       -7.141110        0.358002        0.500000
       retry log10(dt/yr), log10(dt), retry_factor     1  1746       -7.141110        0.358002        0.500000
       retry log10(dt/yr), log10(dt), retry_factor     2  1746       -7.442140        0.056972        0.500000
       retry log10(dt/yr), log10(dt), retry_factor     1  1748       -7.743170       -0.244058        0.500000
       retry log10(dt/yr), log10(dt), retry_factor     1  1751       -8.044200       -0.545088        0.500000
       retry log10(dt/yr), log10(dt), retry_factor     1  1752       -8.412639       -0.913527        0.500000
       retry log10(dt/yr), log10(dt), retry_factor     1  1786       -9.176319       -1.677208        0.500000
hydro_newton_step failed to accept
       retry log10(dt/yr), log10(dt), retry_factor     2  1786       -9.477349       -1.978238        0.500000
hydro_newton_step failed to accept
       retry log10(dt/yr), log10(dt), retry_factor     1  1791       -9.176319       -1.677208        0.500000
hydro_newton_step failed to accept
       retry log10(dt/yr), log10(dt), retry_factor     1  1792       -9.176319       -1.677208        0.500000
       retry log10(dt/yr), log10(dt), retry_factor     1  1840       -7.560060       -0.060948        0.500000
       retry log10(dt/yr), log10(dt), retry_factor     2  1840       -7.861090       -0.361978        0.500000
 have reached retry limit so now backup
       retry log10(dt/yr), log10(dt), retry_factor     1  1843       -8.437108       -0.937997        0.500000
       retry log10(dt/yr), log10(dt), retry_factor     1  1844       -8.738138       -1.239027        0.500000
       retry log10(dt/yr), log10(dt), retry_factor     1  1854       -8.089672       -0.590561        0.500000
       retry log10(dt/yr), log10(dt), retry_factor     2  1854       -8.390702       -0.891591        0.500000
 have reached retry limit so now backup
hydro_newton_step failed to accept
       retry log10(dt/yr), log10(dt), retry_factor     1  1859       -8.219908       -0.720796        0.500000
       retry log10(dt/yr), log10(dt), retry_factor     2  1859       -8.520938       -1.021826        0.500000
       retry log10(dt/yr), log10(dt), retry_factor     1  1867       -7.958025       -0.458914        0.500000
       retry log10(dt/yr), log10(dt), retry_factor     2  1867       -8.259055       -0.759944        0.500000
 have reached retry limit so now backup
hydro_newton_step failed to accept
       retry log10(dt/yr), log10(dt), retry_factor     1  1876       -8.091552       -0.592440        0.500000
       retry log10(dt/yr), log10(dt), retry_factor     1  1902       -7.633600       -0.134488        0.500000
       retry log10(dt/yr), log10(dt), retry_factor     2  1902       -7.934630       -0.435518        0.500000
       retry log10(dt/yr), log10(dt), retry_factor     1  1908       -7.483899        0.015212        0.500000
       retry log10(dt/yr), log10(dt), retry_factor     1  1912       -7.483899        0.015212        0.500000
       retry log10(dt/yr), log10(dt), retry_factor     2  1912       -7.784929       -0.285818        0.500000
 have reached retry limit so now backup
       retry log10(dt/yr), log10(dt), retry_factor     1  1914       -8.085959       -0.586848        0.500000
       retry log10(dt/yr), log10(dt), retry_factor     1  1960       -5.681344        1.817767        0.500000
       retry log10(dt/yr), log10(dt), retry_factor     1  1967       -5.410233        2.088878        0.500000
       retry log10(dt/yr), log10(dt), retry_factor     1  1968       -5.808173        1.690938        0.500000
       retry log10(dt/yr), log10(dt), retry_factor     1  1970       -6.217695        1.281416        0.500000
       retry log10(dt/yr), log10(dt), retry_factor     1  1971       -6.518725        0.980386        0.500000
       retry log10(dt/yr), log10(dt), retry_factor     1  1979       -5.481264        2.017848        0.500000
       retry log10(dt/yr), log10(dt), retry_factor     1  1980       -5.879204        1.619908        0.500000
       retry log10(dt/yr), log10(dt), retry_factor     1  1986       -5.497018        2.002094        0.500000
       retry log10(dt/yr), log10(dt), retry_factor     2  1986       -5.798048        1.701064        0.500000
 have reached retry limit so now backup
       retry log10(dt/yr), log10(dt), retry_factor     1  1992       -5.278450        2.220662        0.500000
       retry log10(dt/yr), log10(dt), retry_factor     2  1992       -5.579480        1.919632        0.500000
 have reached retry limit so now backup
       retry log10(dt/yr), log10(dt), retry_factor     1  1993       -6.074330        1.424782        0.500000
       retry log10(dt/yr), log10(dt), retry_factor     1  1994       -6.375360        1.123752        0.500000
       retry log10(dt/yr), log10(dt), retry_factor     2  1994       -6.676390        0.822722        0.500000
       2000   8.371789  3.717E+06   1.558412   1.585405   1.400000   1.400000   0.000000   0.000000   0.275200   0.039821  16.363916   1176    347
  -5.472270   6.738477  -4.792692  -0.721181   0.732235  -8.522879   0.000000   0.000000   0.000000   0.020000   0.030767 102.437428      6     35
 2.1021E-03  23.374214   1.648891   0.328335  13.601778  -1.100389   0.000000   0.000000   0.000000   0.000687  9.294E-01  0.423E-16  max increase

save LOGS/profile5.data for model 2000
save photos/2000 for model 2000
 bad other yaxis for History panels plot num_zones

 ERROR: failed to find log_Teff in history data

 grid1/grid1_002000.png/png
       retry log10(dt/yr), log10(dt), retry_factor     1  2003       -5.514365        1.984746        0.500000
       retry log10(dt/yr), log10(dt), retry_factor     2  2003       -5.815395        1.683716        0.500000
       retry log10(dt/yr), log10(dt), retry_factor     1  2009       -5.642876        1.856236        0.500000
       retry log10(dt/yr), log10(dt), retry_factor     2  2009       -5.943906        1.555206        0.500000
       retry log10(dt/yr), log10(dt), retry_factor     1  2014       -5.862158        1.636954        0.500000
hydro_newton_step failed to accept
       retry log10(dt/yr), log10(dt), retry_factor     1  2019       -6.016597        1.482514        0.500000
       retry log10(dt/yr), log10(dt), retry_factor     2  2019       -6.317627        1.181484        0.500000
 have reached retry limit so now backup
hydro_newton_step failed to accept
       retry log10(dt/yr), log10(dt), retry_factor     1  2023       -6.317627        1.181484        0.500000
hydro_newton_step failed to accept
       retry log10(dt/yr), log10(dt), retry_factor     1  2024       -6.427341        1.071771        0.500000
       retry log10(dt/yr), log10(dt), retry_factor     1  2025       -6.825281        0.673831        0.500000
       retry log10(dt/yr), log10(dt), retry_factor     1  2031       -6.223221        1.275891        0.500000
       retry log10(dt/yr), log10(dt), retry_factor     1  2033       -6.524251        0.974861        0.500000
       retry log10(dt/yr), log10(dt), retry_factor     2  2033       -6.825281        0.673831        0.500000
hydro_newton_step failed to accept
       retry log10(dt/yr), log10(dt), retry_factor     1  2035       -7.126311        0.372801        0.500000
       retry log10(dt/yr), log10(dt), retry_factor     1  2037       -7.226497        0.272614        0.500000
       retry log10(dt/yr), log10(dt), retry_factor     1  2038       -7.527527       -0.028416        0.500000
       retry log10(dt/yr), log10(dt), retry_factor     1  2042       -7.527527       -0.028416        0.500000
       retry log10(dt/yr), log10(dt), retry_factor     2  2042       -7.828557       -0.329446        0.500000
       retry log10(dt/yr), log10(dt), retry_factor     1  2044       -8.129587       -0.630476        0.500000
       retry log10(dt/yr), log10(dt), retry_factor     1  2046       -8.508823       -1.009712        0.500000
       retry log10(dt/yr), log10(dt), retry_factor     1  2057       -8.945348       -1.446237        0.500000
       retry log10(dt/yr), log10(dt), retry_factor     1  2062       -8.952163       -1.453052        0.500000
       retry log10(dt/yr), log10(dt), retry_factor     1  2063       -9.253193       -1.754082        0.500000
       retry log10(dt/yr), log10(dt), retry_factor     1  2086       -9.311486       -1.812375        0.500000
       retry log10(dt/yr), log10(dt), retry_factor     1  2139       -7.612813       -0.113701        0.500000
       retry log10(dt/yr), log10(dt), retry_factor     2  2139       -7.913843       -0.414731        0.500000
 have reached retry limit so now backup
hydro_newton_step failed to accept
       retry log10(dt/yr), log10(dt), retry_factor     1  2143       -8.172033       -0.672921        0.500000
hydro_newton_step failed to accept
       retry log10(dt/yr), log10(dt), retry_factor     2  2143       -8.473063       -0.973951        0.500000
       retry log10(dt/yr), log10(dt), retry_factor     1  2144       -8.473063       -0.973951        0.500000
hydro_newton_step failed to accept
       retry log10(dt/yr), log10(dt), retry_factor     1  2155       -8.119242       -0.620131        0.500000
hydro_newton_step failed to accept
       retry log10(dt/yr), log10(dt), retry_factor     2  2155       -8.420272       -0.921161        0.500000
       retry log10(dt/yr), log10(dt), retry_factor     1  2181       -7.804898       -0.305786        0.500000
       retry log10(dt/yr), log10(dt), retry_factor     2  2181       -8.105928       -0.606816        0.500000
 have reached retry limit so now backup
       retry log10(dt/yr), log10(dt), retry_factor     1  2189       -7.502128       -0.003017        0.500000
       retry log10(dt/yr), log10(dt), retry_factor     1  2194       -7.364858        0.134253        0.500000
       retry log10(dt/yr), log10(dt), retry_factor     2  2194       -7.665888       -0.166777        0.500000
       retry log10(dt/yr), log10(dt), retry_factor     1  2201       -7.411244        0.087867        0.500000
hydro_newton_step failed to accept
       retry log10(dt/yr), log10(dt), retry_factor     2  2201       -7.712274       -0.213163        0.500000
       retry log10(dt/yr), log10(dt), retry_factor     1  2246       -5.577526        1.921586        0.500000
       retry log10(dt/yr), log10(dt), retry_factor     1  2247       -5.975466        1.523646        0.500000
       retry log10(dt/yr), log10(dt), retry_factor     1  2248       -6.276496        1.222616        0.500000
       retry log10(dt/yr), log10(dt), retry_factor     1  2249       -6.577526        0.921586        0.500000
       retry log10(dt/yr), log10(dt), retry_factor     1  2257       -5.514182        1.984929        0.500000
       retry log10(dt/yr), log10(dt), retry_factor     1  2258       -5.912122        1.586989        0.500000
       retry log10(dt/yr), log10(dt), retry_factor     1  2260       -6.262914        1.236197        0.500000
       retry log10(dt/yr), log10(dt), retry_factor     1  2267       -5.532234        1.966878        0.500000
       retry log10(dt/yr), log10(dt), retry_factor     1  2268       -5.930174        1.568938        0.500000
       retry log10(dt/yr), log10(dt), retry_factor     1  2274       -5.425024        2.074088        0.500000
       retry log10(dt/yr), log10(dt), retry_factor     2  2274       -5.726054        1.773058        0.500000
 have reached retry limit so now backup
       retry log10(dt/yr), log10(dt), retry_factor     1  2275       -6.220904        1.278208        0.500000
       retry log10(dt/yr), log10(dt), retry_factor     1  2276       -6.521934        0.977178        0.500000
       retry log10(dt/yr), log10(dt), retry_factor     1  2284       -5.526151        1.972961        0.500000
       retry log10(dt/yr), log10(dt), retry_factor     1  2288       -5.574269        1.924843        0.500000
       retry log10(dt/yr), log10(dt), retry_factor     1  2293       -5.587421        1.911691        0.500000
       retry log10(dt/yr), log10(dt), retry_factor     1  2297       -5.744591        1.754521        0.500000
hydro_newton_step failed to accept
       retry log10(dt/yr), log10(dt), retry_factor     1  2301       -5.906861        1.592251        0.500000
hydro_newton_step failed to accept
       retry log10(dt/yr), log10(dt), retry_factor     1  2302       -6.304801        1.194311        0.500000
       retry log10(dt/yr), log10(dt), retry_factor     1  2303       -6.702741        0.796371        0.500000
       retry log10(dt/yr), log10(dt), retry_factor     1  2304       -7.003771        0.495341        0.500000
       retry log10(dt/yr), log10(dt), retry_factor     1  2312       -5.966040        1.533072        0.500000
       retry log10(dt/yr), log10(dt), retry_factor     1  2313       -6.363980        1.135132        0.500000
       retry log10(dt/yr), log10(dt), retry_factor     1  2314       -6.735449        0.763662        0.500000
       retry log10(dt/yr), log10(dt), retry_factor     2  2314       -7.036479        0.462632        0.500000
       retry log10(dt/yr), log10(dt), retry_factor     1  2318       -7.036479        0.462632        0.500000
       retry log10(dt/yr), log10(dt), retry_factor     1  2319       -7.337509        0.161602        0.500000
hydro_newton_step failed to accept
       retry log10(dt/yr), log10(dt), retry_factor     2  2319       -7.638539       -0.139428        0.500000
       retry log10(dt/yr), log10(dt), retry_factor     1  2323       -7.638539       -0.139428        0.500000
       retry log10(dt/yr), log10(dt), retry_factor     2  2323       -7.939569       -0.440458        0.500000
       retry log10(dt/yr), log10(dt), retry_factor     1  2324       -8.240599       -0.741488        0.500000
       retry log10(dt/yr), log10(dt), retry_factor     1  2327       -8.589585       -1.090473        0.500000
       retry log10(dt/yr), log10(dt), retry_factor     1  2339       -8.944406       -1.445294        0.500000
       retry log10(dt/yr), log10(dt), retry_factor     1  2421       -7.877787       -0.378675        0.500000
       retry log10(dt/yr), log10(dt), retry_factor     1  2423       -8.178817       -0.679705        0.500000
       retry log10(dt/yr), log10(dt), retry_factor     2  2423       -8.479847       -0.980735        0.500000
 have reached retry limit so now backup
hydro_newton_step failed to accept
       retry log10(dt/yr), log10(dt), retry_factor     1  2424       -8.780877       -1.281765        0.500000
       retry log10(dt/yr), log10(dt), retry_factor     1  2433       -7.891153       -0.392041        0.500000
       retry log10(dt/yr), log10(dt), retry_factor     2  2433       -8.192183       -0.693071        0.500000
       retry log10(dt/yr), log10(dt), retry_factor     1  2438       -7.891153       -0.392041        0.500000
       retry log10(dt/yr), log10(dt), retry_factor     1  2439       -8.192183       -0.693071        0.500000
       retry log10(dt/yr), log10(dt), retry_factor     2  2439       -8.493213       -0.994101        0.500000
       retry log10(dt/yr), log10(dt), retry_factor     1  2446       -7.863865       -0.364753        0.500000
       retry log10(dt/yr), log10(dt), retry_factor     1  2480       -7.626606       -0.127495        0.500000
hydro_newton_step failed to accept
       retry log10(dt/yr), log10(dt), retry_factor     2  2480       -7.927636       -0.428525        0.500000
 have reached retry limit so now backup
       retry log10(dt/yr), log10(dt), retry_factor     1  2487       -7.491248        0.007863        0.500000
       retry log10(dt/yr), log10(dt), retry_factor     1  2495       -7.399883        0.099229        0.500000
       retry log10(dt/yr), log10(dt), retry_factor     2  2495       -7.700913       -0.201801        0.500000
 have reached retry limit so now backup
 bad other yaxis for History panels plot num_zones

 ERROR: failed to find log_Teff in history data

 grid1/grid1_002500.png/png
       retry log10(dt/yr), log10(dt), retry_factor     1  2537       -5.626122        1.872989        0.500000
       retry log10(dt/yr), log10(dt), retry_factor     1  2541       -5.674996        1.824115        0.500000
       retry log10(dt/yr), log10(dt), retry_factor     1  2547       -5.367550        2.131562        0.500000
       retry log10(dt/yr), log10(dt), retry_factor     2  2547       -5.668580        1.830532        0.500000
 have reached retry limit so now backup
       retry log10(dt/yr), log10(dt), retry_factor     1  2552       -5.453720        2.045391        0.500000
       retry log10(dt/yr), log10(dt), retry_factor     1  2557       -5.350875        2.148237        0.500000
       retry log10(dt/yr), log10(dt), retry_factor     1  2558       -5.690428        1.808684        0.500000
       retry log10(dt/yr), log10(dt), retry_factor     1  2561       -6.234122        1.264989        0.500000
       retry log10(dt/yr), log10(dt), retry_factor     1  2562       -6.535152        0.963959        0.500000
       retry log10(dt/yr), log10(dt), retry_factor     1  2570       -5.539724        1.959388        0.500000
       retry log10(dt/yr), log10(dt), retry_factor     1  2575       -5.561890        1.937221        0.500000
       retry log10(dt/yr), log10(dt), retry_factor     2  2575       -5.862920        1.636191        0.500000
hydro_newton_step failed to accept
       retry log10(dt/yr), log10(dt), retry_factor     1  2576       -6.234969        1.264143        0.500000
       retry log10(dt/yr), log10(dt), retry_factor     1  2577       -6.632909        0.866203        0.500000
       retry log10(dt/yr), log10(dt), retry_factor     1  2578       -6.933939        0.565173        0.500000
       retry log10(dt/yr), log10(dt), retry_factor     1  2587       -5.792944        1.706168        0.500000
       retry log10(dt/yr), log10(dt), retry_factor     2  2587       -6.093974        1.405138        0.500000
       retry log10(dt/yr), log10(dt), retry_factor     1  2588       -6.395004        1.104108        0.500000
hydro_newton_step failed to accept
       retry log10(dt/yr), log10(dt), retry_factor     2  2588       -6.696034        0.803078        0.500000
 have reached retry limit so now backup
       retry log10(dt/yr), log10(dt), retry_factor     1  2591       -6.997064        0.502048        0.500000
       retry log10(dt/yr), log10(dt), retry_factor     2  2591       -7.298094        0.201018        0.500000
       retry log10(dt/yr), log10(dt), retry_factor     1  2599       -6.093974        1.405138        0.500000
       retry log10(dt/yr), log10(dt), retry_factor     2  2599       -6.395004        1.104108        0.500000
       retry log10(dt/yr), log10(dt), retry_factor     1  2601       -6.696034        0.803078        0.500000
       retry log10(dt/yr), log10(dt), retry_factor     1  2602       -6.997064        0.502048        0.500000
       retry log10(dt/yr), log10(dt), retry_factor     1  2603       -7.298094        0.201018        0.500000
       retry log10(dt/yr), log10(dt), retry_factor     1  2604       -7.599124       -0.100012        0.500000
       retry log10(dt/yr), log10(dt), retry_factor     1  2607       -7.900154       -0.401042        0.500000
       retry log10(dt/yr), log10(dt), retry_factor     1  2608       -8.262116       -0.763004        0.500000
       retry log10(dt/yr), log10(dt), retry_factor     1  2609       -8.563146       -1.064034        0.500000
       retry log10(dt/yr), log10(dt), retry_factor     1  2614       -8.411917       -0.912805        0.500000
       retry log10(dt/yr), log10(dt), retry_factor     1  2736       -7.588993       -0.089882        0.500000
       retry log10(dt/yr), log10(dt), retry_factor     2  2736       -7.890023       -0.390912        0.500000
       retry log10(dt/yr), log10(dt), retry_factor     1  2755       -6.963625        0.535487        0.500000
       retry log10(dt/yr), log10(dt), retry_factor     1  2788       -5.772364        1.726747        0.500000
       retry log10(dt/yr), log10(dt), retry_factor     2  2788       -6.073394        1.425717        0.500000
       retry log10(dt/yr), log10(dt), retry_factor     1  2789       -6.374424        1.124687        0.500000
       retry log10(dt/yr), log10(dt), retry_factor     1  2797       -5.427181        2.071930        0.500000
       retry log10(dt/yr), log10(dt), retry_factor     1  2801       -5.427181        2.071930        0.500000
       retry log10(dt/yr), log10(dt), retry_factor     1  2803       -5.825121        1.673990        0.500000
/var/spool/slurmd/job6510155/slurm_script: line 65: 1118252 Killed                  $MESA_BASE/star >> /hpc/group/physics/al363/low_overhead/sens/errors/slurm._${SLURM_ARRAY_JOB_ID}_${SLURM_ARRAY_TASK_ID}.err
slurmstepd: error: Detected 1 oom-kill event(s) in StepId=6510155.batch cgroup. Some of your processes may have been killed by the cgroup out-of-memory handler.
