starting from photo
cp: ‘restart_photo’ and ‘restart_photo’ are the same file
                                         version_number       10108
 read /work/al363/new_sens/base/inlist_base
load saved model /work/al363/new_sens/base/ns_relax.mod

 change to /work/al363/new_sens/base/rp_305.net
             set special rate factor for r_ni57_ap_cu60        1601    1.0000000000000000D-02
             set special rate factor for r_cu60_pa_ni57        1602    1.0000000000000000D-02
             set special rate factor for r_ni57_ap_cu60        1601    1.0000000000000000D-02
             set special rate factor for r_cu60_pa_ni57        1602    1.0000000000000000D-02
 number of species         305
 read /work/al363/new_sens/base/history_customACL.list
 read /work/al363/new_sens/base/profile_customACL.list
 net name /work/al363/new_sens/base/rp_305.net
 v_flag T
                         which_atm_option: grey_and_kap
                                           xmstar/mstar    4.5461189430843640D-12
                                             xmstar (g)    1.2660395722219186D+22
                                           M_center (g)    2.7848799999878681D+33
                                            xmstar/Msun    6.3645665203193175D-12
                                          M_center/Msun    1.3999999999939012D+00
                                          R_center (cm)    1.1200000000000000D+06
                                          R_center/Rsun    1.6092416448748527D-05
                                           core density    4.7322078204273819D+14
                                          L_center/Lsun    4.1647144567650578D+00
 kappa_file_prefix gs98
 kappa_lowT_prefix lowT_fa05_gs98

   eos_file_prefix mesa
                                        OMP_NUM_THREADS           8


__________________________________________________________________________________________________________________________________________________

       step    lg_Tcntr    Teff       lg_LH     lg_Lnuc     Mass       H_rich     H_cntr     N_cntr     Y_surf     X_avg     eta_cntr  zones retry
   lg_dt_yr    lg_Dcntr    lg_R       lg_L3a    lg_Lneu     lg_Mdot    He_core    He_cntr    O_cntr     Z_surf     Y_avg     gam_cntr  iters bckup
     age_yr    lg_Pcntr    lg_L       lg_LZ     lg_Psurf    lg_Dsurf   C_core     C_cntr     Ne_cntr    Si_cntr    Z_avg     v_div_cs     dt_limit
__________________________________________________________________________________________________________________________________________________

save LOGS/profile1.data for model 2
 grid1/grid1_000005.png/png
 burst_profile/burst_profile000005.png/png
          6   8.165156  1.497E+06   0.087590   0.087976   1.400000   1.400000   0.000000   0.000000   0.275200   0.030886  22.514775    791      0
  -5.817651   6.610341  -4.793035 -18.862378  -1.086578  -8.522879   0.000000   0.000000   0.000000   0.020000   0.011710 149.410225      6      0
 4.0040E-06  23.176196   0.068337  -2.962874  12.744977  -1.553972   0.000000   0.000000   0.000000   0.000687  9.574E-01  0.395E-11      lgT_cntr

save LOGS/profile2.data for model 6
 grid1/grid1_000010.png/png
 burst_profile/burst_profile000010.png/png
 grid1/grid1_000015.png/png
 burst_profile/burst_profile000015.png/png
 grid1/grid1_000020.png/png
 burst_profile/burst_profile000020.png/png
 grid1/grid1_000025.png/png
 burst_profile/burst_profile000025.png/png
       retry log10(dt/yr), log10(dt), retry_factor     1    30       -5.532111        1.967001        0.500000
 grid1/grid1_000030.png/png
 burst_profile/burst_profile000030.png/png
       retry log10(dt/yr), log10(dt), retry_factor     1    35       -5.231081        2.268031        0.500000
 grid1/grid1_000035.png/png
 burst_profile/burst_profile000035.png/png
       retry log10(dt/yr), log10(dt), retry_factor     1    36       -5.532111        1.967001        0.500000
       retry log10(dt/yr), log10(dt), retry_factor     1    40       -5.532111        1.967001        0.500000
 grid1/grid1_000040.png/png
 burst_profile/burst_profile000040.png/png
       retry log10(dt/yr), log10(dt), retry_factor     1    45       -5.231081        2.268031        0.500000
 grid1/grid1_000045.png/png
 burst_profile/burst_profile000045.png/png
       retry log10(dt/yr), log10(dt), retry_factor     1    49       -5.231081        2.268031        0.500000
 grid1/grid1_000050.png/png
 burst_profile/burst_profile000050.png/png
       retry log10(dt/yr), log10(dt), retry_factor     1    53       -5.231081        2.268031        0.500000
 grid1/grid1_000055.png/png
 burst_profile/burst_profile000055.png/png
       retry log10(dt/yr), log10(dt), retry_factor     1    56       -5.532111        1.967001        0.500000
       retry log10(dt/yr), log10(dt), retry_factor     2    56       -5.833141        1.665971        0.500000
 have reached retry limit so now backup
 grid1/grid1_000055.png/png
 burst_profile/burst_profile000055.png/png
       retry log10(dt/yr), log10(dt), retry_factor     1    58       -6.134171        1.364941        0.500000
       retry log10(dt/yr), log10(dt), retry_factor     2    58       -6.435201        1.063911        0.500000
 have reached retry limit so now backup
       retry log10(dt/yr), log10(dt), retry_factor     1    58       -6.736231        0.762881        0.500000
       retry log10(dt/yr), log10(dt), retry_factor     2    58       -7.037261        0.461851        0.500000
 have reached retry limit so now backup
       retry log10(dt/yr), log10(dt), retry_factor     1    60       -7.338291        0.160821        0.500000
       retry log10(dt/yr), log10(dt), retry_factor     2    60       -7.639321       -0.140209        0.500000
 have reached retry limit so now backup
 grid1/grid1_000060.png/png
 burst_profile/burst_profile000060.png/png
       retry log10(dt/yr), log10(dt), retry_factor     1    62       -7.940351       -0.441239        0.500000
       retry log10(dt/yr), log10(dt), retry_factor     2    62       -8.241381       -0.742269        0.500000
 grid1/grid1_000065.png/png
 burst_profile/burst_profile000065.png/png
 grid1/grid1_000070.png/png
 burst_profile/burst_profile000070.png/png
 grid1/grid1_000075.png/png
 burst_profile/burst_profile000075.png/png
       retry log10(dt/yr), log10(dt), retry_factor     1    76       -5.231081        2.268031        0.500000
       retry log10(dt/yr), log10(dt), retry_factor     2    76       -5.532111        1.967001        0.500000
       retry log10(dt/yr), log10(dt), retry_factor     1    77       -5.833141        1.665971        0.500000
       retry log10(dt/yr), log10(dt), retry_factor     2    77       -6.134171        1.364941        0.500000
 have reached retry limit so now backup
       retry log10(dt/yr), log10(dt), retry_factor     1    80       -6.435201        1.063911        0.500000
       retry log10(dt/yr), log10(dt), retry_factor     2    80       -6.736231        0.762881        0.500000
 have reached retry limit so now backup
 grid1/grid1_000080.png/png
 burst_profile/burst_profile000080.png/png
       retry log10(dt/yr), log10(dt), retry_factor     1    81       -7.037261        0.461851        0.500000
       retry log10(dt/yr), log10(dt), retry_factor     2    81       -7.338291        0.160821        0.500000
 have reached retry limit so now backup
 grid1/grid1_000080.png/png
 burst_profile/burst_profile000080.png/png
       retry log10(dt/yr), log10(dt), retry_factor     1    84       -7.639321       -0.140209        0.500000
       retry log10(dt/yr), log10(dt), retry_factor     2    84       -7.940351       -0.441239        0.500000
 have reached retry limit so now backup
       retry log10(dt/yr), log10(dt), retry_factor     1    84       -8.241381       -0.742269        0.500000
 grid1/grid1_000085.png/png
 burst_profile/burst_profile000085.png/png
 grid1/grid1_000090.png/png
 burst_profile/burst_profile000090.png/png
 grid1/grid1_000095.png/png
 burst_profile/burst_profile000095.png/png
       retry log10(dt/yr), log10(dt), retry_factor     1    97       -5.708197        1.790914        0.500000
       retry log10(dt/yr), log10(dt), retry_factor     1    98       -6.029742        1.469369        0.500000
       retry log10(dt/yr), log10(dt), retry_factor     1    99       -6.330772        1.168339        0.500000
        100   8.444841  4.670E+06   2.033172   2.166622   1.400000   1.400000   0.000000   0.000000   0.275200   0.100536  12.226478    752     31
  -6.029742   6.642744  -4.792800   1.206170   1.283423  -8.522879   0.000000   0.000000   0.000000   0.020000   0.058448  80.444496      6      8
 3.1300E-04  23.235090   2.045017   1.357015  13.860470  -0.943582   0.000000   0.000000   0.000000   0.000687  8.410E-01  0.987E-12          hold

 grid1/grid1_000100.png/png
 burst_profile/burst_profile000100.png/png
       retry log10(dt/yr), log10(dt), retry_factor     1   101       -6.631802        0.867309        0.500000
       retry log10(dt/yr), log10(dt), retry_factor     1   103       -6.932832        0.566279        0.500000
hydro_newton_step failed to accept
       retry log10(dt/yr), log10(dt), retry_factor     1   104       -7.233862        0.265249        0.500000
 grid1/grid1_000105.png/png
 burst_profile/burst_profile000105.png/png
       retry log10(dt/yr), log10(dt), retry_factor     1   106       -7.534892       -0.035780        0.500000
       retry log10(dt/yr), log10(dt), retry_factor     1   110       -7.649240       -0.150129        0.500000
       retry log10(dt/yr), log10(dt), retry_factor     2   110       -7.950270       -0.451159        0.500000
 grid1/grid1_000110.png/png
 burst_profile/burst_profile000110.png/png
       retry log10(dt/yr), log10(dt), retry_factor     1   112       -8.333830       -0.834718        0.500000
 grid1/grid1_000115.png/png
 burst_profile/burst_profile000115.png/png
 grid1/grid1_000120.png/png
 burst_profile/burst_profile000120.png/png
 grid1/grid1_000125.png/png
 burst_profile/burst_profile000125.png/png
 grid1/grid1_000130.png/png
 burst_profile/burst_profile000130.png/png
 grid1/grid1_000135.png/png
 burst_profile/burst_profile000135.png/png
 grid1/grid1_000140.png/png
 burst_profile/burst_profile000140.png/png
 grid1/grid1_000145.png/png
 burst_profile/burst_profile000145.png/png
 grid1/grid1_000150.png/png
 burst_profile/burst_profile000150.png/png
 grid1/grid1_000155.png/png
 burst_profile/burst_profile000155.png/png
 grid1/grid1_000160.png/png
 burst_profile/burst_profile000160.png/png
 grid1/grid1_000165.png/png
 burst_profile/burst_profile000165.png/png
                       super eddington wind: lg_Mdot, L/Ledd         166    -9.78442     1.00670
                       super eddington wind: lg_Mdot, L/Ledd         167    -9.00989     1.03983
                       super eddington wind: lg_Mdot, L/Ledd         168    -8.76303     1.07027
                       super eddington wind: lg_Mdot, L/Ledd         169    -8.62947     1.09548
                       super eddington wind: lg_Mdot, L/Ledd         170    -8.52408     1.12155
 grid1/grid1_000170.png/png
 burst_profile/burst_profile000170.png/png
                       super eddington wind: lg_Mdot, L/Ledd         171    -8.42506     1.15251
                       super eddington wind: lg_Mdot, L/Ledd         172    -8.59775     1.10242
                       super eddington wind: lg_Mdot, L/Ledd         173    -8.45931     1.14076
                       super eddington wind: lg_Mdot, L/Ledd         174    -8.38572     1.16674
                       super eddington wind: lg_Mdot, L/Ledd         175    -8.52429     1.12100
 grid1/grid1_000175.png/png
 burst_profile/burst_profile000175.png/png
                       super eddington wind: lg_Mdot, L/Ledd         176    -8.40494     1.15906
                       super eddington wind: lg_Mdot, L/Ledd         177    -8.33162     1.18822
                       super eddington wind: lg_Mdot, L/Ledd         178    -8.44840     1.14348
                       super eddington wind: lg_Mdot, L/Ledd         179    -8.33861     1.18469
                       super eddington wind: lg_Mdot, L/Ledd         180    -8.27526     1.21337
 grid1/grid1_000180.png/png
 burst_profile/burst_profile000180.png/png
                       super eddington wind: lg_Mdot, L/Ledd         181    -8.39434     1.16201
                       super eddington wind: lg_Mdot, L/Ledd         182    -8.29677     1.20264
                       super eddington wind: lg_Mdot, L/Ledd         183    -8.24898     1.22610
                       super eddington wind: lg_Mdot, L/Ledd         184    -8.36570     1.17244
                       super eddington wind: lg_Mdot, L/Ledd         185    -8.27641     1.21164
 grid1/grid1_000185.png/png
 burst_profile/burst_profile000185.png/png
                       super eddington wind: lg_Mdot, L/Ledd         186    -8.23908     1.23058
                       super eddington wind: lg_Mdot, L/Ledd         187    -8.35584     1.17572
                       super eddington wind: lg_Mdot, L/Ledd         188    -8.28351     1.20727
                       super eddington wind: lg_Mdot, L/Ledd         189    -8.25297     1.22217
                       super eddington wind: lg_Mdot, L/Ledd         190    -8.39145     1.16130
 grid1/grid1_000190.png/png
 burst_profile/burst_profile000190.png/png
                       super eddington wind: lg_Mdot, L/Ledd         191    -8.33642     1.18266
                       super eddington wind: lg_Mdot, L/Ledd         192    -8.32821     1.18615
                       super eddington wind: lg_Mdot, L/Ledd         193    -8.51014     1.12214
       retry log10(dt/yr), log10(dt), retry_factor     1   193       -9.064591       -1.565480        0.500000
                       super eddington wind: lg_Mdot, L/Ledd         193    -8.51014     1.12214
       retry log10(dt/yr), log10(dt), retry_factor     2   193       -9.365621       -1.866510        0.500000
                       super eddington wind: lg_Mdot, L/Ledd         193    -8.51014     1.12214
 have reached retry limit so now backup
                       super eddington wind: lg_Mdot, L/Ledd         192    -8.32821     1.18615
                       super eddington wind: lg_Mdot, L/Ledd         193    -8.69019     1.08072
                       super eddington wind: lg_Mdot, L/Ledd         194    -8.39312     1.15998
                       super eddington wind: lg_Mdot, L/Ledd         195    -8.57319     1.10567
 grid1/grid1_000195.png/png
 burst_profile/burst_profile000195.png/png
                       super eddington wind: lg_Mdot, L/Ledd         196    -8.46400     1.13593
                       super eddington wind: lg_Mdot, L/Ledd         197    -8.38593     1.16257
                       super eddington wind: lg_Mdot, L/Ledd         198    -8.53317     1.11579
                       super eddington wind: lg_Mdot, L/Ledd         199    -8.42385     1.14892
                       super eddington wind: lg_Mdot, L/Ledd         200    -8.63301     1.09196
        200   8.945760  2.393E+07   3.731505   6.698011   1.400000   1.400000   0.000000   0.000000   0.295752   0.076006   3.109903    666     40
  -8.817735   6.570965  -4.791532   3.024945   4.389565  -8.633011   0.000000   0.000000   0.000000   0.199807   0.044883  24.024274      6      9
 3.1497E-04  23.235203   4.886089   6.697449  15.065873  -0.897324   0.000000   0.000000   0.000000   0.000687  8.791E-01  0.637E-04    varcontrol

 grid1/grid1_000200.png/png
 burst_profile/burst_profile000200.png/png
                       super eddington wind: lg_Mdot, L/Ledd         201    -8.51893     1.11944
                       super eddington wind: lg_Mdot, L/Ledd         202    -8.44506     1.14166
                       super eddington wind: lg_Mdot, L/Ledd         203    -8.63648     1.09111
                       super eddington wind: lg_Mdot, L/Ledd         204    -8.51930     1.11929
                       super eddington wind: lg_Mdot, L/Ledd         205    -8.43613     1.14443
 grid1/grid1_000205.png/png
 burst_profile/burst_profile000205.png/png
                       super eddington wind: lg_Mdot, L/Ledd         206    -8.64865     1.08839
                       super eddington wind: lg_Mdot, L/Ledd         207    -8.61766     1.09494
                       super eddington wind: lg_Mdot, L/Ledd         208    -8.84373     1.05640
                       super eddington wind: lg_Mdot, L/Ledd         209    -8.71614     1.07557
                       super eddington wind: lg_Mdot, L/Ledd         210    -9.06643     1.03372
 grid1/grid1_000210.png/png
 burst_profile/burst_profile000210.png/png
                       super eddington wind: lg_Mdot, L/Ledd         211    -8.90088     1.04933
                       super eddington wind: lg_Mdot, L/Ledd         212    -9.57090     1.01052
                       super eddington wind: lg_Mdot, L/Ledd         213    -9.18967     1.02532
                       super eddington wind: lg_Mdot, L/Ledd         215    -9.78826     1.00638
 grid1/grid1_000215.png/png
 burst_profile/burst_profile000215.png/png
       retry log10(dt/yr), log10(dt), retry_factor     1   219       -9.013168       -1.514057        0.500000
 grid1/grid1_000220.png/png
 burst_profile/burst_profile000220.png/png
 grid1/grid1_000225.png/png
 burst_profile/burst_profile000225.png/png
 grid1/grid1_000230.png/png
 burst_profile/burst_profile000230.png/png
 grid1/grid1_000235.png/png
 burst_profile/burst_profile000235.png/png
       retry log10(dt/yr), log10(dt), retry_factor     1   237       -7.606578       -0.107466        0.500000
       retry log10(dt/yr), log10(dt), retry_factor     2   237       -7.907608       -0.408496        0.500000
 have reached retry limit so now backup
 grid1/grid1_000240.png/png
 burst_profile/burst_profile000240.png/png
       retry log10(dt/yr), log10(dt), retry_factor     1   244       -7.933665       -0.434554        0.500000
hydro_newton_step failed to accept
       retry log10(dt/yr), log10(dt), retry_factor     1   245       -8.331605       -0.832494        0.500000
hydro_newton_step failed to accept
       retry log10(dt/yr), log10(dt), retry_factor     2   245       -8.632635       -1.133524        0.500000
 grid1/grid1_000245.png/png
 burst_profile/burst_profile000245.png/png
hydro_newton_step failed to accept
       retry log10(dt/yr), log10(dt), retry_factor     1   250       -8.030575       -0.531464        0.500000
hydro_newton_step failed to accept
       retry log10(dt/yr), log10(dt), retry_factor     2   250       -8.331605       -0.832494        0.500000
 grid1/grid1_000250.png/png
 burst_profile/burst_profile000250.png/png
       retry log10(dt/yr), log10(dt), retry_factor     1   255       -7.803673       -0.304562        0.500000
hydro_newton_step failed to accept
       retry log10(dt/yr), log10(dt), retry_factor     2   255       -8.104703       -0.605592        0.500000
 have reached retry limit so now backup
 grid1/grid1_000255.png/png
 burst_profile/burst_profile000255.png/png
 grid1/grid1_000260.png/png
 burst_profile/burst_profile000260.png/png
 grid1/grid1_000265.png/png
 burst_profile/burst_profile000265.png/png
 grid1/grid1_000270.png/png
 burst_profile/burst_profile000270.png/png
 grid1/grid1_000275.png/png
 burst_profile/burst_profile000275.png/png
       retry log10(dt/yr), log10(dt), retry_factor     1   277       -7.788482       -0.289371        0.500000
hydro_newton_step failed to accept
       retry log10(dt/yr), log10(dt), retry_factor     2   277       -8.089512       -0.590401        0.500000
 grid1/grid1_000280.png/png
 burst_profile/burst_profile000280.png/png
       retry log10(dt/yr), log10(dt), retry_factor     1   284       -7.740216       -0.241104        0.500000
hydro_newton_step failed to accept
       retry log10(dt/yr), log10(dt), retry_factor     2   284       -8.041246       -0.542134        0.500000
 grid1/grid1_000285.png/png
 burst_profile/burst_profile000285.png/png
       retry log10(dt/yr), log10(dt), retry_factor     1   289       -7.740216       -0.241104        0.500000
hydro_newton_step failed to accept
       retry log10(dt/yr), log10(dt), retry_factor     2   289       -8.041246       -0.542134        0.500000
 have reached retry limit so now backup
 grid1/grid1_000290.png/png
 burst_profile/burst_profile000290.png/png
hydro_newton_step failed to accept
       retry log10(dt/yr), log10(dt), retry_factor     1   295       -7.633291       -0.134179        0.500000
       retry log10(dt/yr), log10(dt), retry_factor     2   295       -7.934321       -0.435209        0.500000
 have reached retry limit so now backup
 grid1/grid1_000295.png/png
 burst_profile/burst_profile000295.png/png
        300   8.757839  9.411E+06   1.651266   3.032608   1.400000   1.400000   0.000000   0.000000   0.275200   0.019876   5.541446    706     58
  -7.031231   6.616428  -4.792700   1.619522   2.469695  -8.522879   0.000000   0.000000   0.000000   0.020000   0.020224  38.346481      6     13
 3.1839E-04  23.236003   3.262609   2.996307  14.414142  -0.722071   0.000000   0.000000   0.000000   0.000687  9.599E-01 -0.177E-12  max increase

 grid1/grid1_000300.png/png
 burst_profile/burst_profile000300.png/png
hydro_newton_step failed to accept
       retry log10(dt/yr), log10(dt), retry_factor     1   301       -7.558023       -0.058912        0.500000
       retry log10(dt/yr), log10(dt), retry_factor     2   301       -7.859053       -0.359942        0.500000
 grid1/grid1_000305.png/png
 burst_profile/burst_profile000305.png/png
 grid1/grid1_000310.png/png
 burst_profile/burst_profile000310.png/png
 grid1/grid1_000315.png/png
 burst_profile/burst_profile000315.png/png
 grid1/grid1_000320.png/png
 burst_profile/burst_profile000320.png/png
 grid1/grid1_000325.png/png
 burst_profile/burst_profile000325.png/png
 grid1/grid1_000330.png/png
 burst_profile/burst_profile000330.png/png
 grid1/grid1_000335.png/png
 burst_profile/burst_profile000335.png/png
 grid1/grid1_000340.png/png
 burst_profile/burst_profile000340.png/png
 grid1/grid1_000345.png/png
 burst_profile/burst_profile000345.png/png
       retry log10(dt/yr), log10(dt), retry_factor     1   347       -5.329052        2.170060        0.500000
hydro_newton_step failed to accept
       retry log10(dt/yr), log10(dt), retry_factor     2   347       -5.630082        1.869030        0.500000
 have reached retry limit so now backup
       retry log10(dt/yr), log10(dt), retry_factor     1   348       -6.028022        1.471090        0.500000
 grid1/grid1_000350.png/png
 burst_profile/burst_profile000350.png/png
       retry log10(dt/yr), log10(dt), retry_factor     1   354       -5.603864        1.895248        0.500000
 grid1/grid1_000355.png/png
 burst_profile/burst_profile000355.png/png
       retry log10(dt/yr), log10(dt), retry_factor     1   359       -5.302834        2.196278        0.500000
       retry log10(dt/yr), log10(dt), retry_factor     2   359       -5.603864        1.895248        0.500000
 have reached retry limit so now backup
 grid1/grid1_000360.png/png
 burst_profile/burst_profile000360.png/png
       retry log10(dt/yr), log10(dt), retry_factor     1   365       -5.172887        2.326224        0.500000
       retry log10(dt/yr), log10(dt), retry_factor     2   365       -5.473917        2.025194        0.500000
 have reached retry limit so now backup
 grid1/grid1_000365.png/png
 burst_profile/burst_profile000365.png/png
 grid1/grid1_000370.png/png
 burst_profile/burst_profile000370.png/png
       retry log10(dt/yr), log10(dt), retry_factor     1   371       -5.321488        2.177624        0.500000
       retry log10(dt/yr), log10(dt), retry_factor     2   371       -5.622518        1.876594        0.500000
 have reached retry limit so now backup
 grid1/grid1_000370.png/png
 burst_profile/burst_profile000370.png/png
 grid1/grid1_000375.png/png
 burst_profile/burst_profile000375.png/png
       retry log10(dt/yr), log10(dt), retry_factor     1   376       -5.482077        2.017034        0.500000
hydro_newton_step failed to accept
       retry log10(dt/yr), log10(dt), retry_factor     1   377       -5.880017        1.619094        0.500000
       retry log10(dt/yr), log10(dt), retry_factor     1   379       -6.181047        1.318064        0.500000
       retry log10(dt/yr), log10(dt), retry_factor     2   379       -6.482077        1.017034        0.500000
 have reached retry limit so now backup
       retry log10(dt/yr), log10(dt), retry_factor     1   380       -6.783107        0.716004        0.500000
       retry log10(dt/yr), log10(dt), retry_factor     2   380       -7.084137        0.414974        0.500000
 have reached retry limit so now backup
       retry log10(dt/yr), log10(dt), retry_factor     1   380       -7.385167        0.113944        0.500000
       retry log10(dt/yr), log10(dt), retry_factor     2   380       -7.686197       -0.187086        0.500000
 have reached retry limit so now backup
       retry log10(dt/yr), log10(dt), retry_factor     1   380       -7.987227       -0.488116        0.500000
 grid1/grid1_000380.png/png
 burst_profile/burst_profile000380.png/png
 grid1/grid1_000385.png/png
 burst_profile/burst_profile000385.png/png
 grid1/grid1_000390.png/png
 burst_profile/burst_profile000390.png/png
       retry log10(dt/yr), log10(dt), retry_factor     1   393       -5.277957        2.221154        0.500000
       retry log10(dt/yr), log10(dt), retry_factor     2   393       -5.578987        1.920124        0.500000
 have reached retry limit so now backup
 grid1/grid1_000395.png/png
 burst_profile/burst_profile000395.png/png
       retry log10(dt/yr), log10(dt), retry_factor     1   398       -5.640498        1.858614        0.500000
hydro_newton_step failed to accept
       retry log10(dt/yr), log10(dt), retry_factor     1   399       -6.038438        1.460674        0.500000
        400   8.364352  3.814E+06   1.614686   1.648159   1.400000   1.400000   0.000000   0.000000   0.275200   0.070110  15.323900    746     83
  -5.815345   6.672205  -4.792852  -0.220390   0.788759  -8.522879   0.000000   0.000000   0.000000   0.020000   0.049690  99.038730      8     21
 5.4804E-04  23.275086   1.693517   0.430956  13.631630  -1.082385   0.000000   0.000000   0.000000   0.000687  8.802E-01 -0.476E-13  newton iters

 grid1/grid1_000400.png/png
 burst_profile/burst_profile000400.png/png
       retry log10(dt/yr), log10(dt), retry_factor     1   404       -5.714922        1.784190        0.500000
       retry log10(dt/yr), log10(dt), retry_factor     1   405       -6.015952        1.483160        0.500000
hydro_newton_step failed to accept
       retry log10(dt/yr), log10(dt), retry_factor     2   405       -6.316982        1.182130        0.500000
 have reached retry limit so now backup
 grid1/grid1_000405.png/png
 burst_profile/burst_profile000405.png/png
 grid1/grid1_000410.png/png
 burst_profile/burst_profile000410.png/png
       retry log10(dt/yr), log10(dt), retry_factor     1   411       -5.853329        1.645782        0.500000
       retry log10(dt/yr), log10(dt), retry_factor     1   415       -5.933104        1.566008        0.500000
 grid1/grid1_000415.png/png
 burst_profile/burst_profile000415.png/png
       retry log10(dt/yr), log10(dt), retry_factor     1   416       -6.234134        1.264978        0.500000
       retry log10(dt/yr), log10(dt), retry_factor     1   417       -6.632074        0.867038        0.500000
       retry log10(dt/yr), log10(dt), retry_factor     1   418       -6.933104        0.566008        0.500000
 grid1/grid1_000420.png/png
 burst_profile/burst_profile000420.png/png
        424   8.426173  4.471E+06   1.936591   2.058033   1.400000   1.400000   0.000000   0.000000   0.275200   0.076291  13.301473    752     91
  -5.728984   6.674598  -4.792808   1.219619   1.129029  -8.522879   0.000000   0.000000   0.000000   0.020000   0.053889  86.056126      6     22
 5.8732E-04  23.281422   1.969653   1.053071  13.811994  -0.972680   0.000000   0.000000   0.000000   0.000687  8.698E-01  0.110E-12  max increase

save LOGS/profile3.data for model 424
       retry log10(dt/yr), log10(dt), retry_factor     1   425       -6.207255        1.291856        0.500000
hydro_newton_step failed to accept
       retry log10(dt/yr), log10(dt), retry_factor     2   425       -6.508285        0.990826        0.500000
 grid1/grid1_000425.png/png
 burst_profile/burst_profile000425.png/png
hydro_newton_step failed to accept
       retry log10(dt/yr), log10(dt), retry_factor     1   427       -6.809315        0.689796        0.500000
       retry log10(dt/yr), log10(dt), retry_factor     1   429       -6.905342        0.593769        0.500000
       retry log10(dt/yr), log10(dt), retry_factor     1   430       -7.274666        0.224445        0.500000
 grid1/grid1_000430.png/png
 burst_profile/burst_profile000430.png/png
       retry log10(dt/yr), log10(dt), retry_factor     1   431       -7.575696       -0.076585        0.500000
 grid1/grid1_000435.png/png
 burst_profile/burst_profile000435.png/png
       retry log10(dt/yr), log10(dt), retry_factor     1   436       -7.274666        0.224445        0.500000
       retry log10(dt/yr), log10(dt), retry_factor     2   436       -7.575696       -0.076585        0.500000
       retry log10(dt/yr), log10(dt), retry_factor     1   438       -7.876726       -0.377614        0.500000
 grid1/grid1_000440.png/png
 burst_profile/burst_profile000440.png/png
       retry log10(dt/yr), log10(dt), retry_factor     1   442       -8.371576       -0.872465        0.500000
 grid1/grid1_000445.png/png
 burst_profile/burst_profile000445.png/png
 grid1/grid1_000450.png/png
 burst_profile/burst_profile000450.png/png
 grid1/grid1_000455.png/png
 burst_profile/burst_profile000455.png/png
 grid1/grid1_000460.png/png
 burst_profile/burst_profile000460.png/png
 grid1/grid1_000465.png/png
 burst_profile/burst_profile000465.png/png
 grid1/grid1_000470.png/png
 burst_profile/burst_profile000470.png/png
hydro_newton_step failed to accept
       retry log10(dt/yr), log10(dt), retry_factor     1   471       -9.345107       -1.845995        0.500000
       retry log10(dt/yr), log10(dt), retry_factor     1   474       -9.364643       -1.865531        0.500000
 grid1/grid1_000475.png/png
 burst_profile/burst_profile000475.png/png
 grid1/grid1_000480.png/png
 burst_profile/burst_profile000480.png/png
 grid1/grid1_000485.png/png
 burst_profile/burst_profile000485.png/png
 grid1/grid1_000490.png/png
 burst_profile/burst_profile000490.png/png
 grid1/grid1_000495.png/png
 burst_profile/burst_profile000495.png/png
        500   8.626818  2.218E+07   3.577412   6.728840   1.400000   1.400000   0.000000   0.000000   0.287962   0.063486   8.148979    821    103
  -8.596823   6.663620  -4.791640   2.968195   4.290310  -8.522879   0.000000   0.000000   0.000000   0.224484   0.040175  53.762339      7     22
 5.9029E-04  23.281739   4.753949   6.728458  14.975474  -0.858146   0.000000   0.000000   0.000000   0.000687  8.963E-01 -0.330E-07      lgT_cntr

save LOGS/profile4.data for model 500
save photos/x500 for model 500
 grid1/grid1_000500.png/png
 burst_profile/burst_profile000500.png/png
 grid1/grid1_000505.png/png
 burst_profile/burst_profile000505.png/png
 grid1/grid1_000510.png/png
 burst_profile/burst_profile000510.png/png
 grid1/grid1_000515.png/png
 burst_profile/burst_profile000515.png/png
 grid1/grid1_000520.png/png
 burst_profile/burst_profile000520.png/png
 grid1/grid1_000525.png/png
 burst_profile/burst_profile000525.png/png
 grid1/grid1_000530.png/png
 burst_profile/burst_profile000530.png/png
 grid1/grid1_000535.png/png
 burst_profile/burst_profile000535.png/png
       retry log10(dt/yr), log10(dt), retry_factor     1   536       -7.637952       -0.138840        0.500000
       retry log10(dt/yr), log10(dt), retry_factor     2   536       -7.938982       -0.439870        0.500000
hydro_newton_step failed to accept
       retry log10(dt/yr), log10(dt), retry_factor     1   537       -8.336922       -0.837810        0.500000
hydro_newton_step failed to accept
       retry log10(dt/yr), log10(dt), retry_factor     2   537       -8.637952       -1.138840        0.500000
 have reached retry limit so now backup
       retry log10(dt/yr), log10(dt), retry_factor     1   539       -8.938982       -1.439870        0.500000
       retry log10(dt/yr), log10(dt), retry_factor     1   540       -9.240012       -1.740900        0.500000
 grid1/grid1_000540.png/png
 burst_profile/burst_profile000540.png/png
       retry log10(dt/yr), log10(dt), retry_factor     1   545       -8.938982       -1.439870        0.500000
       retry log10(dt/yr), log10(dt), retry_factor     2   545       -9.240012       -1.740900        0.500000
 grid1/grid1_000545.png/png
 burst_profile/burst_profile000545.png/png
 grid1/grid1_000550.png/png
 burst_profile/burst_profile000550.png/png
       retry log10(dt/yr), log10(dt), retry_factor     1   551       -8.637952       -1.138840        0.500000
 grid1/grid1_000555.png/png
 burst_profile/burst_profile000555.png/png
 grid1/grid1_000560.png/png
 burst_profile/burst_profile000560.png/png
 grid1/grid1_000565.png/png
 burst_profile/burst_profile000565.png/png
       retry log10(dt/yr), log10(dt), retry_factor     1   567       -7.906768       -0.407657        0.500000
       retry log10(dt/yr), log10(dt), retry_factor     2   567       -8.207798       -0.708687        0.500000
 grid1/grid1_000570.png/png
 burst_profile/burst_profile000570.png/png
 grid1/grid1_000575.png/png
 burst_profile/burst_profile000575.png/png
 grid1/grid1_000580.png/png
 burst_profile/burst_profile000580.png/png
hydro_newton_step failed to accept
       retry log10(dt/yr), log10(dt), retry_factor     1   583       -7.742056       -0.242944        0.500000
 grid1/grid1_000585.png/png
 burst_profile/burst_profile000585.png/png
hydro_newton_step failed to accept
       retry log10(dt/yr), log10(dt), retry_factor     1   588       -7.678330       -0.179218        0.500000
       retry log10(dt/yr), log10(dt), retry_factor     1   590       -7.698770       -0.199658        0.500000
       retry log10(dt/yr), log10(dt), retry_factor     2   590       -7.999800       -0.500688        0.500000
 grid1/grid1_000590.png/png
 burst_profile/burst_profile000590.png/png
       retry log10(dt/yr), log10(dt), retry_factor     1   595       -7.698770       -0.199658        0.500000
       retry log10(dt/yr), log10(dt), retry_factor     2   595       -7.999800       -0.500688        0.500000
 have reached retry limit so now backup
 grid1/grid1_000595.png/png
 burst_profile/burst_profile000595.png/png
       retry log10(dt/yr), log10(dt), retry_factor     1   600       -7.698770       -0.199658        0.500000
       retry log10(dt/yr), log10(dt), retry_factor     2   600       -7.999800       -0.500688        0.500000
        600   8.795672  1.026E+07   1.827491   3.296408   1.400000   1.400000   0.000000   0.000000   0.275200   0.018010   5.221194    877    122
  -7.698770   6.643362  -4.792641   1.812536   2.624226  -8.522879   0.000000   0.000000   0.000000   0.020000   0.019784  35.881516      6     24
 5.9315E-04  23.282333   3.412527   3.266388  14.447956  -0.736851   0.000000   0.000000   0.000000   0.000687  9.622E-01  0.319E-09         retry

 grid1/grid1_000600.png/png
 burst_profile/burst_profile000600.png/png
 grid1/grid1_000605.png/png
 burst_profile/burst_profile000605.png/png
 grid1/grid1_000610.png/png
 burst_profile/burst_profile000610.png/png
 grid1/grid1_000615.png/png
 burst_profile/burst_profile000615.png/png
 grid1/grid1_000620.png/png
 burst_profile/burst_profile000620.png/png
 grid1/grid1_000625.png/png
 burst_profile/burst_profile000625.png/png
 grid1/grid1_000630.png/png
 burst_profile/burst_profile000630.png/png
 grid1/grid1_000635.png/png
 burst_profile/burst_profile000635.png/png
 grid1/grid1_000640.png/png
 burst_profile/burst_profile000640.png/png
 grid1/grid1_000645.png/png
 burst_profile/burst_profile000645.png/png
 grid1/grid1_000650.png/png
 burst_profile/burst_profile000650.png/png
       retry log10(dt/yr), log10(dt), retry_factor     1   654       -5.472402        2.026710        0.500000
       retry log10(dt/yr), log10(dt), retry_factor     2   654       -5.773432        1.725680        0.500000
 have reached retry limit so now backup
 grid1/grid1_000655.png/png
 burst_profile/burst_profile000655.png/png
       retry log10(dt/yr), log10(dt), retry_factor     1   660       -5.393726        2.105386        0.500000
       retry log10(dt/yr), log10(dt), retry_factor     2   660       -5.694756        1.804356        0.500000
 have reached retry limit so now backup
 grid1/grid1_000660.png/png
 burst_profile/burst_profile000660.png/png
 grid1/grid1_000665.png/png
 burst_profile/burst_profile000665.png/png
       retry log10(dt/yr), log10(dt), retry_factor     1   667       -5.338811        2.160301        0.500000
       retry log10(dt/yr), log10(dt), retry_factor     1   668       -5.639841        1.859271        0.500000
       retry log10(dt/yr), log10(dt), retry_factor     2   668       -5.940871        1.558241        0.500000
 have reached retry limit so now backup
 grid1/grid1_000670.png/png
 burst_profile/burst_profile000670.png/png
       retry log10(dt/yr), log10(dt), retry_factor     1   675       -5.201754        2.297358        0.500000
       retry log10(dt/yr), log10(dt), retry_factor     2   675       -5.502784        1.996328        0.500000
 have reached retry limit so now backup
 grid1/grid1_000675.png/png
 burst_profile/burst_profile000675.png/png
       retry log10(dt/yr), log10(dt), retry_factor     1   680       -5.376696        2.122415        0.500000
       retry log10(dt/yr), log10(dt), retry_factor     2   680       -5.677726        1.821385        0.500000
 have reached retry limit so now backup
 grid1/grid1_000680.png/png
 burst_profile/burst_profile000680.png/png
hydro_newton_step failed to accept
       retry log10(dt/yr), log10(dt), retry_factor     1   682       -6.075666        1.423445        0.500000
 grid1/grid1_000685.png/png
 burst_profile/burst_profile000685.png/png
       retry log10(dt/yr), log10(dt), retry_factor     1   686       -5.473606        2.025505        0.500000
       retry log10(dt/yr), log10(dt), retry_factor     2   686       -5.774636        1.724475        0.500000
 have reached retry limit so now backup
 grid1/grid1_000685.png/png
 burst_profile/burst_profile000685.png/png
 grid1/grid1_000690.png/png
 burst_profile/burst_profile000690.png/png
       retry log10(dt/yr), log10(dt), retry_factor     1   693       -5.654696        1.844416        0.500000
       retry log10(dt/yr), log10(dt), retry_factor     2   693       -5.955726        1.543386        0.500000
       retry log10(dt/yr), log10(dt), retry_factor     1   695       -6.323043        1.176069        0.500000
       retry log10(dt/yr), log10(dt), retry_factor     2   695       -6.624073        0.875039        0.500000
 grid1/grid1_000695.png/png
 burst_profile/burst_profile000695.png/png
       retry log10(dt/yr), log10(dt), retry_factor     1   700       -6.323043        1.176069        0.500000
        700   8.433543  4.576E+06   1.967900   2.117376   1.400000   1.400000   0.000000   0.000000   0.275200   0.068123  13.535808    891    141
  -6.022013   6.702130  -4.792790   1.340256   1.188377  -8.522879   0.000000   0.000000   0.000000   0.020000   0.049350  86.415075      6     30
 8.5765E-04  23.322728   2.009956   1.211274  13.837944  -0.957026   0.000000   0.000000   0.000000   0.000687  8.825E-01  0.122E-11         retry

 grid1/grid1_000700.png/png
 burst_profile/burst_profile000700.png/png
       retry log10(dt/yr), log10(dt), retry_factor     1   701       -6.624073        0.875039        0.500000
hydro_newton_step failed to accept
       retry log10(dt/yr), log10(dt), retry_factor     1   703       -6.925103        0.574009        0.500000
       retry log10(dt/yr), log10(dt), retry_factor     1   705       -6.925103        0.574009        0.500000
hydro_newton_step failed to accept
       retry log10(dt/yr), log10(dt), retry_factor     2   705       -7.226133        0.272979        0.500000
 grid1/grid1_000705.png/png
 burst_profile/burst_profile000705.png/png
       retry log10(dt/yr), log10(dt), retry_factor     1   708       -7.527163       -0.028051        0.500000
       retry log10(dt/yr), log10(dt), retry_factor     1   710       -7.839256       -0.340145        0.500000
 grid1/grid1_000710.png/png
 burst_profile/burst_profile000710.png/png
hydro_newton_step failed to accept
       retry log10(dt/yr), log10(dt), retry_factor     1   711       -8.140286       -0.641175        0.500000
hydro_newton_step failed to accept
       retry log10(dt/yr), log10(dt), retry_factor     2   711       -8.441316       -0.942205        0.500000
 grid1/grid1_000715.png/png
 burst_profile/burst_profile000715.png/png
       retry log10(dt/yr), log10(dt), retry_factor     1   716       -7.839256       -0.340145        0.500000
       retry log10(dt/yr), log10(dt), retry_factor     1   717       -8.140286       -0.641175        0.500000
 grid1/grid1_000720.png/png
 burst_profile/burst_profile000720.png/png
       retry log10(dt/yr), log10(dt), retry_factor     1   722       -8.745646       -1.246534        0.500000
 grid1/grid1_000725.png/png
 burst_profile/burst_profile000725.png/png
 grid1/grid1_000730.png/png
 burst_profile/burst_profile000730.png/png
 grid1/grid1_000735.png/png
 burst_profile/burst_profile000735.png/png
 grid1/grid1_000740.png/png
 burst_profile/burst_profile000740.png/png
 grid1/grid1_000745.png/png
 burst_profile/burst_profile000745.png/png
 grid1/grid1_000750.png/png
 burst_profile/burst_profile000750.png/png
hydro_newton_step failed to accept
       retry log10(dt/yr), log10(dt), retry_factor     1   752       -9.215692       -1.716580        0.500000
 grid1/grid1_000755.png/png
 burst_profile/burst_profile000755.png/png
 grid1/grid1_000760.png/png
 burst_profile/burst_profile000760.png/png
 grid1/grid1_000765.png/png
 burst_profile/burst_profile000765.png/png
 grid1/grid1_000770.png/png
 burst_profile/burst_profile000770.png/png
 grid1/grid1_000775.png/png
 burst_profile/burst_profile000775.png/png
 grid1/grid1_000780.png/png
 burst_profile/burst_profile000780.png/png
 grid1/grid1_000785.png/png
 burst_profile/burst_profile000785.png/png
 grid1/grid1_000790.png/png
 burst_profile/burst_profile000790.png/png
 grid1/grid1_000795.png/png
 burst_profile/burst_profile000795.png/png
        800   8.978585  1.822E+07   3.158044   5.991019   1.400000   1.400000   0.000000   0.000000   0.273160   0.034215   3.085212    937    153
  -6.912767   6.627814  -4.792121   2.703007   3.787759  -8.522879   0.000000   0.000000   0.000000   0.323950   0.027354  23.268864      9     30
 8.6048E-04  23.323014   4.411132   5.990156  14.780470  -0.738618   0.000000   0.000000   0.000000   0.000687  9.384E-01  0.248E-09        lgTeff

 grid1/grid1_000800.png/png
 burst_profile/burst_profile000800.png/png
 grid1/grid1_000805.png/png
 burst_profile/burst_profile000805.png/png
       retry log10(dt/yr), log10(dt), retry_factor     1   806       -7.901372       -0.402260        0.500000
       retry log10(dt/yr), log10(dt), retry_factor     2   806       -8.202402       -0.703290        0.500000
hydro_newton_step failed to accept
       retry log10(dt/yr), log10(dt), retry_factor     1   807       -8.503432       -1.004320        0.500000
       retry log10(dt/yr), log10(dt), retry_factor     2   807       -8.804462       -1.305350        0.500000
hydro_newton_step failed to accept
       retry log10(dt/yr), log10(dt), retry_factor     1   809       -9.105492       -1.606380        0.500000
 grid1/grid1_000810.png/png
 burst_profile/burst_profile000810.png/png
hydro_newton_step failed to accept
       retry log10(dt/yr), log10(dt), retry_factor     1   814       -8.322228       -0.823116        0.500000
 grid1/grid1_000815.png/png
 burst_profile/burst_profile000815.png/png
       retry log10(dt/yr), log10(dt), retry_factor     1   816       -8.044260       -0.545149        0.500000
       retry log10(dt/yr), log10(dt), retry_factor     2   816       -8.345290       -0.846179        0.500000
 have reached retry limit so now backup
 grid1/grid1_000815.png/png
 burst_profile/burst_profile000815.png/png
       retry log10(dt/yr), log10(dt), retry_factor     1   817       -8.646320       -1.147209        0.500000
       retry log10(dt/yr), log10(dt), retry_factor     2   817       -8.947350       -1.448239        0.500000
 have reached retry limit so now backup
 grid1/grid1_000820.png/png
 burst_profile/burst_profile000820.png/png
 grid1/grid1_000825.png/png
 burst_profile/burst_profile000825.png/png
 grid1/grid1_000830.png/png
 burst_profile/burst_profile000830.png/png
 grid1/grid1_000835.png/png
 burst_profile/burst_profile000835.png/png
 grid1/grid1_000840.png/png
 burst_profile/burst_profile000840.png/png
 grid1/grid1_000845.png/png
 burst_profile/burst_profile000845.png/png
       retry log10(dt/yr), log10(dt), retry_factor     1   850       -7.821243       -0.322131        0.500000
       retry log10(dt/yr), log10(dt), retry_factor     2   850       -8.122273       -0.623161        0.500000
 grid1/grid1_000850.png/png
 burst_profile/burst_profile000850.png/png
 grid1/grid1_000855.png/png
 burst_profile/burst_profile000855.png/png
 grid1/grid1_000860.png/png
 burst_profile/burst_profile000860.png/png
       retry log10(dt/yr), log10(dt), retry_factor     1   861       -7.715440       -0.216329        0.500000
       retry log10(dt/yr), log10(dt), retry_factor     1   865       -7.715440       -0.216329        0.500000
       retry log10(dt/yr), log10(dt), retry_factor     2   865       -8.016470       -0.517359        0.500000
 have reached retry limit so now backup
 grid1/grid1_000865.png/png
 burst_profile/burst_profile000865.png/png
 grid1/grid1_000870.png/png
 burst_profile/burst_profile000870.png/png
 grid1/grid1_000875.png/png
 burst_profile/burst_profile000875.png/png
 grid1/grid1_000880.png/png
 burst_profile/burst_profile000880.png/png
 grid1/grid1_000885.png/png
 burst_profile/burst_profile000885.png/png
 grid1/grid1_000890.png/png
 burst_profile/burst_profile000890.png/png
 grid1/grid1_000895.png/png
 burst_profile/burst_profile000895.png/png
        900   8.475961  4.484E+06   1.188612   1.722056   1.400000   1.400000   0.000000   0.000000   0.275200   0.017547  12.251736    958    168
  -5.992855   6.702038  -4.792884  -0.734917   1.286399  -8.522879   0.000000   0.000000   0.000000   0.020000   0.018823  78.368376      6     33
 8.7276E-04  23.324944   1.974306   1.569454  13.815193  -0.970670   0.000000   0.000000   0.000000   0.000687  9.636E-01 -0.271E-12      lgT_cntr

 grid1/grid1_000900.png/png
 burst_profile/burst_profile000900.png/png
 grid1/grid1_000905.png/png
 burst_profile/burst_profile000905.png/png
 grid1/grid1_000910.png/png
 burst_profile/burst_profile000910.png/png
       retry log10(dt/yr), log10(dt), retry_factor     1   914       -5.413512        2.085599        0.500000
       retry log10(dt/yr), log10(dt), retry_factor     2   914       -5.714542        1.784569        0.500000
 have reached retry limit so now backup
 grid1/grid1_000915.png/png
 burst_profile/burst_profile000915.png/png
       retry log10(dt/yr), log10(dt), retry_factor     1   919       -5.686077        1.813035        0.500000
 grid1/grid1_000920.png/png
 burst_profile/burst_profile000920.png/png
       retry log10(dt/yr), log10(dt), retry_factor     1   924       -5.385047        2.114065        0.500000
hydro_newton_step failed to accept
       retry log10(dt/yr), log10(dt), retry_factor     2   924       -5.686077        1.813035        0.500000
 have reached retry limit so now backup
 grid1/grid1_000925.png/png
 burst_profile/burst_profile000925.png/png
       retry log10(dt/yr), log10(dt), retry_factor     1   930       -5.505376        1.993736        0.500000
       retry log10(dt/yr), log10(dt), retry_factor     2   930       -5.806406        1.692706        0.500000
 grid1/grid1_000930.png/png
 burst_profile/burst_profile000930.png/png
       retry log10(dt/yr), log10(dt), retry_factor     1   931       -6.107436        1.391676        0.500000
 grid1/grid1_000935.png/png
 burst_profile/burst_profile000935.png/png
       retry log10(dt/yr), log10(dt), retry_factor     1   938       -5.433348        2.065764        0.500000
       retry log10(dt/yr), log10(dt), retry_factor     2   938       -5.734378        1.764734        0.500000
 have reached retry limit so now backup
 grid1/grid1_000940.png/png
 burst_profile/burst_profile000940.png/png
       retry log10(dt/yr), log10(dt), retry_factor     1   943       -5.557536        1.941575        0.500000
 grid1/grid1_000945.png/png
 burst_profile/burst_profile000945.png/png
       retry log10(dt/yr), log10(dt), retry_factor     1   949       -5.316711        2.182400        0.500000
       retry log10(dt/yr), log10(dt), retry_factor     2   949       -5.617741        1.881370        0.500000
 have reached retry limit so now backup
hydro_newton_step failed to accept
       retry log10(dt/yr), log10(dt), retry_factor     1   950       -5.918771        1.580340        0.500000
 grid1/grid1_000950.png/png
 burst_profile/burst_profile000950.png/png
hydro_newton_step failed to accept
       retry log10(dt/yr), log10(dt), retry_factor     1   953       -5.959686        1.539426        0.500000
 grid1/grid1_000955.png/png
 burst_profile/burst_profile000955.png/png
       retry log10(dt/yr), log10(dt), retry_factor     1   956       -5.385339        2.113773        0.500000
       retry log10(dt/yr), log10(dt), retry_factor     1   958       -5.783279        1.715833        0.500000
       retry log10(dt/yr), log10(dt), retry_factor     2   958       -6.084309        1.414803        0.500000
 have reached retry limit so now backup
 grid1/grid1_000960.png/png
 burst_profile/burst_profile000960.png/png
hydro_newton_step failed to accept
       retry log10(dt/yr), log10(dt), retry_factor     1   962       -6.142623        1.356489        0.500000
 grid1/grid1_000965.png/png
 burst_profile/burst_profile000965.png/png
       retry log10(dt/yr), log10(dt), retry_factor     1   966       -5.587278        1.911833        0.500000
       retry log10(dt/yr), log10(dt), retry_factor     2   966       -5.888308        1.610803        0.500000
       retry log10(dt/yr), log10(dt), retry_factor     1   967       -6.245664        1.253448        0.500000
       retry log10(dt/yr), log10(dt), retry_factor     2   967       -6.546694        0.952418        0.500000
 have reached retry limit so now backup
 grid1/grid1_000970.png/png
 burst_profile/burst_profile000970.png/png
hydro_newton_step failed to accept
       retry log10(dt/yr), log10(dt), retry_factor     1   972       -6.293244        1.205867        0.500000
hydro_newton_step failed to accept
       retry log10(dt/yr), log10(dt), retry_factor     2   972       -6.594274        0.904837        0.500000
 have reached retry limit so now backup
 grid1/grid1_000975.png/png
 burst_profile/burst_profile000975.png/png
       retry log10(dt/yr), log10(dt), retry_factor     1   979       -5.846025        1.653086        0.500000
       retry log10(dt/yr), log10(dt), retry_factor     1   980       -6.243965        1.255146        0.500000
 grid1/grid1_000980.png/png
 burst_profile/burst_profile000980.png/png
hydro_newton_step failed to accept
       retry log10(dt/yr), log10(dt), retry_factor     1   981       -6.641905        0.857206        0.500000
       retry log10(dt/yr), log10(dt), retry_factor     1   985       -6.478005        1.021106        0.500000
       retry log10(dt/yr), log10(dt), retry_factor     2   985       -6.779035        0.720076        0.500000
 grid1/grid1_000985.png/png
 burst_profile/burst_profile000985.png/png
       retry log10(dt/yr), log10(dt), retry_factor     1   988       -7.080065        0.419046        0.500000
       retry log10(dt/yr), log10(dt), retry_factor     1   989       -7.381095        0.118016        0.500000
 grid1/grid1_000990.png/png
 burst_profile/burst_profile000990.png/png
       retry log10(dt/yr), log10(dt), retry_factor     1   991       -7.702484       -0.203372        0.500000
       retry log10(dt/yr), log10(dt), retry_factor     2   991       -8.003514       -0.504402        0.500000
 have reached retry limit so now backup
 grid1/grid1_000990.png/png
 burst_profile/burst_profile000990.png/png
 grid1/grid1_000995.png/png
 burst_profile/burst_profile000995.png/png
       retry log10(dt/yr), log10(dt), retry_factor     1   996       -7.702484       -0.203372        0.500000
       retry log10(dt/yr), log10(dt), retry_factor     1   997       -8.003514       -0.504402        0.500000

__________________________________________________________________________________________________________________________________________________

       step    lg_Tcntr    Teff       lg_LH     lg_Lnuc     Mass       H_rich     H_cntr     N_cntr     Y_surf     X_avg     eta_cntr  zones retry
   lg_dt_yr    lg_Dcntr    lg_R       lg_L3a    lg_Lneu     lg_Mdot    He_core    He_cntr    O_cntr     Z_surf     Y_avg     gam_cntr  iters bckup
     age_yr    lg_Pcntr    lg_L       lg_LZ     lg_Psurf    lg_Dsurf   C_core     C_cntr     Ne_cntr    Si_cntr    Z_avg     v_div_cs     dt_limit
__________________________________________________________________________________________________________________________________________________

       1000   8.450505  5.523E+06   2.833016   3.858566   1.400000   1.400000   0.000000   0.000000   0.275200   0.062092  13.425487    972    204
  -7.906842   6.727270  -4.792705   2.809578   3.055311  -8.522879   0.000000   0.000000   0.000000   0.020000   0.044375  84.724104      6     41
 1.1313E-03  23.360878   2.336767   3.770458  14.036888  -0.842399   0.000000   0.000000   0.000000   0.000687  8.935E-01  0.117E-09       Lnuc_He

save LOGS/profile5.data for model 1000
save photos/1000 for model 1000
 grid1/grid1_001000.png/png
 burst_profile/burst_profile001000.png/png
 grid1/grid1_001005.png/png
 burst_profile/burst_profile001005.png/png
 grid1/grid1_001010.png/png
 burst_profile/burst_profile001010.png/png
 grid1/grid1_001015.png/png
 burst_profile/burst_profile001015.png/png
 grid1/grid1_001020.png/png
 burst_profile/burst_profile001020.png/png
 grid1/grid1_001025.png/png
 burst_profile/burst_profile001025.png/png
 grid1/grid1_001030.png/png
 burst_profile/burst_profile001030.png/png
 grid1/grid1_001035.png/png
 burst_profile/burst_profile001035.png/png
 grid1/grid1_001040.png/png
 burst_profile/burst_profile001040.png/png
 grid1/grid1_001045.png/png
 burst_profile/burst_profile001045.png/png
 grid1/grid1_001050.png/png
 burst_profile/burst_profile001050.png/png
 grid1/grid1_001055.png/png
 burst_profile/burst_profile001055.png/png
 grid1/grid1_001060.png/png
 burst_profile/burst_profile001060.png/png
 grid1/grid1_001065.png/png
 burst_profile/burst_profile001065.png/png
 grid1/grid1_001070.png/png
 burst_profile/burst_profile001070.png/png
       retry log10(dt/yr), log10(dt), retry_factor     1  1075       -7.638812       -0.139700        0.500000
       retry log10(dt/yr), log10(dt), retry_factor     2  1075       -7.939842       -0.440730        0.500000
 grid1/grid1_001075.png/png
 burst_profile/burst_profile001075.png/png
       retry log10(dt/yr), log10(dt), retry_factor     1  1077       -8.325225       -0.826114        0.500000
       retry log10(dt/yr), log10(dt), retry_factor     2  1077       -8.626255       -1.127144        0.500000
 have reached retry limit so now backup
       retry log10(dt/yr), log10(dt), retry_factor     1  1080       -8.927285       -1.428174        0.500000
       retry log10(dt/yr), log10(dt), retry_factor     2  1080       -9.228315       -1.729204        0.500000
 have reached retry limit so now backup
 grid1/grid1_001080.png/png
 burst_profile/burst_profile001080.png/png
       retry log10(dt/yr), log10(dt), retry_factor     1  1082       -9.529345       -2.030234        0.500000
 grid1/grid1_001085.png/png
 burst_profile/burst_profile001085.png/png
 grid1/grid1_001090.png/png
 burst_profile/burst_profile001090.png/png
hydro_newton_step failed to accept
       retry log10(dt/yr), log10(dt), retry_factor     1  1092       -8.575494       -1.076382        0.500000
       retry log10(dt/yr), log10(dt), retry_factor     2  1092       -8.876524       -1.377412        0.500000
 grid1/grid1_001095.png/png
 burst_profile/burst_profile001095.png/png
       retry log10(dt/yr), log10(dt), retry_factor     1  1099       -8.075466       -0.576354        0.500000
       retry log10(dt/yr), log10(dt), retry_factor     2  1099       -8.376496       -0.877384        0.500000
 have reached retry limit so now backup
hydro_newton_step failed to accept
       retry log10(dt/yr), log10(dt), retry_factor     1  1098       -8.677526       -1.178414        0.500000
       1100   8.947164  1.616E+07   2.868268   5.365054   1.400000   1.400000   0.000000   0.000000   0.275544   0.023106   3.594412   1040    216
  -8.473406   6.667114  -4.792230   2.465180   3.522737  -8.522879   0.000000   0.000000   0.000000   0.078368   0.021063  25.780779      6     44
 1.1328E-03  23.360997   4.202522   5.363119  14.661856  -0.878600   0.000000   0.000000   0.000000   0.000687  9.558E-01 -0.458E-07          hold

 grid1/grid1_001100.png/png
 burst_profile/burst_profile001100.png/png
 grid1/grid1_001105.png/png
 burst_profile/burst_profile001105.png/png
 grid1/grid1_001110.png/png
 burst_profile/burst_profile001110.png/png
 grid1/grid1_001115.png/png
 burst_profile/burst_profile001115.png/png
 grid1/grid1_001120.png/png
 burst_profile/burst_profile001120.png/png
 grid1/grid1_001125.png/png
 burst_profile/burst_profile001125.png/png
 grid1/grid1_001130.png/png
 burst_profile/burst_profile001130.png/png
       retry log10(dt/yr), log10(dt), retry_factor     1  1131       -7.789467       -0.290356        0.500000
       retry log10(dt/yr), log10(dt), retry_factor     2  1131       -8.090497       -0.591386        0.500000
 have reached retry limit so now backup
 grid1/grid1_001130.png/png
 burst_profile/burst_profile001130.png/png
 grid1/grid1_001135.png/png
 burst_profile/burst_profile001135.png/png
 grid1/grid1_001140.png/png
 burst_profile/burst_profile001140.png/png
       retry log10(dt/yr), log10(dt), retry_factor     1  1145       -7.960295       -0.461183        0.500000
 grid1/grid1_001145.png/png
 burst_profile/burst_profile001145.png/png
       retry log10(dt/yr), log10(dt), retry_factor     1  1149       -7.960295       -0.461183        0.500000
hydro_newton_step failed to accept
       retry log10(dt/yr), log10(dt), retry_factor     2  1149       -8.261325       -0.762213        0.500000
 grid1/grid1_001150.png/png
 burst_profile/burst_profile001150.png/png
 grid1/grid1_001155.png/png
 burst_profile/burst_profile001155.png/png
hydro_newton_step failed to accept
       retry log10(dt/yr), log10(dt), retry_factor     1  1156       -7.538441       -0.039330        0.500000
 grid1/grid1_001160.png/png
 burst_profile/burst_profile001160.png/png
 grid1/grid1_001165.png/png
 burst_profile/burst_profile001165.png/png
 grid1/grid1_001170.png/png
 burst_profile/burst_profile001170.png/png
 grid1/grid1_001175.png/png
 burst_profile/burst_profile001175.png/png
 grid1/grid1_001180.png/png
 burst_profile/burst_profile001180.png/png
 grid1/grid1_001185.png/png
 burst_profile/burst_profile001185.png/png
 grid1/grid1_001190.png/png
 burst_profile/burst_profile001190.png/png
 grid1/grid1_001195.png/png
 burst_profile/burst_profile001195.png/png
       1200   8.345189  3.347E+06   1.288574   1.353946   1.400000   1.400000   0.000000   0.000000   0.275200   0.023846  17.328380   1069    222
  -4.994276   6.734714  -4.792894  -2.583903   0.603836  -8.522879   0.000000   0.000000   0.000000   0.020000   0.021084 108.593644      6     45
 1.1826E-03  23.367708   1.466544   0.498919  13.485147  -1.170696   0.000000   0.000000   0.000000   0.000687  9.551E-01 -0.634E-12  max increase

 grid1/grid1_001200.png/png
 burst_profile/burst_profile001200.png/png
       retry log10(dt/yr), log10(dt), retry_factor     1  1203       -5.431165        2.067947        0.500000
       retry log10(dt/yr), log10(dt), retry_factor     2  1203       -5.732195        1.766917        0.500000
 have reached retry limit so now backup
 grid1/grid1_001205.png/png
 burst_profile/burst_profile001205.png/png
       retry log10(dt/yr), log10(dt), retry_factor     1  1208       -5.581639        1.917472        0.500000
 grid1/grid1_001210.png/png
 burst_profile/burst_profile001210.png/png
       retry log10(dt/yr), log10(dt), retry_factor     1  1213       -5.280609        2.218502        0.500000
       retry log10(dt/yr), log10(dt), retry_factor     2  1213       -5.581639        1.917472        0.500000
 have reached retry limit so now backup
       retry log10(dt/yr), log10(dt), retry_factor     1  1214       -5.979579        1.519532        0.500000
 grid1/grid1_001215.png/png
 burst_profile/burst_profile001215.png/png
       retry log10(dt/yr), log10(dt), retry_factor     1  1220       -5.580543        1.918568        0.500000
 grid1/grid1_001220.png/png
 burst_profile/burst_profile001220.png/png
       retry log10(dt/yr), log10(dt), retry_factor     1  1225       -5.489063        2.010049        0.500000
 grid1/grid1_001225.png/png
 burst_profile/burst_profile001225.png/png
       retry log10(dt/yr), log10(dt), retry_factor     1  1226       -5.790093        1.709019        0.500000
       retry log10(dt/yr), log10(dt), retry_factor     2  1226       -6.091123        1.407989        0.500000
 have reached retry limit so now backup
 grid1/grid1_001225.png/png
 burst_profile/burst_profile001225.png/png
       retry log10(dt/yr), log10(dt), retry_factor     1  1228       -6.392153        1.106959        0.500000
 grid1/grid1_001230.png/png
 burst_profile/burst_profile001230.png/png
 grid1/grid1_001235.png/png
 burst_profile/burst_profile001235.png/png
       retry log10(dt/yr), log10(dt), retry_factor     1  1236       -5.378160        2.120951        0.500000
hydro_newton_step failed to accept
       retry log10(dt/yr), log10(dt), retry_factor     1  1237       -5.776100        1.723011        0.500000
 grid1/grid1_001240.png/png
 burst_profile/burst_profile001240.png/png
       retry log10(dt/yr), log10(dt), retry_factor     1  1241       -5.609903        1.889209        0.500000
       retry log10(dt/yr), log10(dt), retry_factor     1  1245       -5.684379        1.814732        0.500000
 grid1/grid1_001245.png/png
 burst_profile/burst_profile001245.png/png
       retry log10(dt/yr), log10(dt), retry_factor     1  1248       -5.985409        1.513702        0.500000
hydro_newton_step failed to accept
       retry log10(dt/yr), log10(dt), retry_factor     1  1249       -6.383349        1.115762        0.500000
 grid1/grid1_001250.png/png
 burst_profile/burst_profile001250.png/png
       retry log10(dt/yr), log10(dt), retry_factor     1  1253       -6.082319        1.416792        0.500000
       retry log10(dt/yr), log10(dt), retry_factor     1  1255       -6.383349        1.115762        0.500000
 grid1/grid1_001255.png/png
 burst_profile/burst_profile001255.png/png
hydro_newton_step failed to accept
       retry log10(dt/yr), log10(dt), retry_factor     1  1256       -6.767557        0.731555        0.500000
       retry log10(dt/yr), log10(dt), retry_factor     1  1259       -6.810859        0.688252        0.500000
hydro_newton_step failed to accept
       retry log10(dt/yr), log10(dt), retry_factor     2  1259       -7.111889        0.387222        0.500000
 grid1/grid1_001260.png/png
 burst_profile/burst_profile001260.png/png
       retry log10(dt/yr), log10(dt), retry_factor     1  1263       -7.111889        0.387222        0.500000
       retry log10(dt/yr), log10(dt), retry_factor     1  1264       -7.412919        0.086192        0.500000
 grid1/grid1_001265.png/png
 burst_profile/burst_profile001265.png/png
       retry log10(dt/yr), log10(dt), retry_factor     1  1266       -7.713949       -0.214838        0.500000
       retry log10(dt/yr), log10(dt), retry_factor     1  1269       -8.014979       -0.515868        0.500000
 grid1/grid1_001270.png/png
 burst_profile/burst_profile001270.png/png
       retry log10(dt/yr), log10(dt), retry_factor     1  1272       -8.412576       -0.913464        0.500000
 grid1/grid1_001275.png/png
 burst_profile/burst_profile001275.png/png
 grid1/grid1_001280.png/png
 burst_profile/burst_profile001280.png/png
 grid1/grid1_001285.png/png
 burst_profile/burst_profile001285.png/png
 grid1/grid1_001290.png/png
 burst_profile/burst_profile001290.png/png
 grid1/grid1_001295.png/png
 burst_profile/burst_profile001295.png/png
       1300   8.448542  1.189E+07   3.538095   6.027756   1.400000   1.400000   0.000000   0.000000   0.275200   0.055567  13.889265   1088    249
  -8.813809   6.750767  -4.792259   3.297778   4.148206  -8.522879   0.000000   0.000000   0.000000   0.020000   0.038045  86.656751      6     48
 1.4023E-03  23.395580   3.669097   6.025535  14.498949  -0.779801   0.000000   0.000000   0.000000   0.000687  9.064E-01 -0.354E-09        lgTeff

 grid1/grid1_001300.png/png
 burst_profile/burst_profile001300.png/png
       retry log10(dt/yr), log10(dt), retry_factor     1  1304       -9.337609       -1.838498        0.500000
 grid1/grid1_001305.png/png
 burst_profile/burst_profile001305.png/png
 grid1/grid1_001310.png/png
 burst_profile/burst_profile001310.png/png
 grid1/grid1_001315.png/png
 burst_profile/burst_profile001315.png/png
 grid1/grid1_001320.png/png
 burst_profile/burst_profile001320.png/png
 grid1/grid1_001325.png/png
 burst_profile/burst_profile001325.png/png
 grid1/grid1_001330.png/png
 burst_profile/burst_profile001330.png/png
 grid1/grid1_001335.png/png
 burst_profile/burst_profile001335.png/png
 grid1/grid1_001340.png/png
 burst_profile/burst_profile001340.png/png
 grid1/grid1_001345.png/png
 burst_profile/burst_profile001345.png/png
 grid1/grid1_001350.png/png
 burst_profile/burst_profile001350.png/png
       retry log10(dt/yr), log10(dt), retry_factor     1  1355       -7.368141        0.130971        0.500000
 grid1/grid1_001355.png/png
 burst_profile/burst_profile001355.png/png
       retry log10(dt/yr), log10(dt), retry_factor     1  1356       -7.766081       -0.266969        0.500000
hydro_newton_step failed to accept
       retry log10(dt/yr), log10(dt), retry_factor     2  1356       -8.067111       -0.567999        0.500000
 have reached retry limit so now backup
 grid1/grid1_001355.png/png
 burst_profile/burst_profile001355.png/png
hydro_newton_step failed to accept
       retry log10(dt/yr), log10(dt), retry_factor     1  1360       -8.352925       -0.853814        0.500000
hydro_newton_step failed to accept
       retry log10(dt/yr), log10(dt), retry_factor     2  1360       -8.653955       -1.154844        0.500000
 have reached retry limit so now backup
hydro_newton_step failed to accept
       retry log10(dt/yr), log10(dt), retry_factor     1  1360       -8.954985       -1.455874        0.500000
 grid1/grid1_001360.png/png
 burst_profile/burst_profile001360.png/png
       retry log10(dt/yr), log10(dt), retry_factor     1  1361       -9.256015       -1.756904        0.500000
 grid1/grid1_001365.png/png
 burst_profile/burst_profile001365.png/png
       retry log10(dt/yr), log10(dt), retry_factor     1  1368       -8.352925       -0.853814        0.500000
 grid1/grid1_001370.png/png
 burst_profile/burst_profile001370.png/png
 grid1/grid1_001375.png/png
 burst_profile/burst_profile001375.png/png
 grid1/grid1_001380.png/png
 burst_profile/burst_profile001380.png/png
       retry log10(dt/yr), log10(dt), retry_factor     1  1384       -7.886706       -0.387594        0.500000
 grid1/grid1_001385.png/png
 burst_profile/burst_profile001385.png/png
 grid1/grid1_001390.png/png
 burst_profile/burst_profile001390.png/png
 grid1/grid1_001395.png/png
 burst_profile/burst_profile001395.png/png
       1400   8.879236  1.265E+07   2.310309   4.096580   1.400000   1.400000   0.000000   0.000000   0.275200   0.015283   4.606318   1090    259
  -7.437863   6.710029  -4.792461   2.114677   3.027357  -8.522879   0.000000   0.000000   0.000000   0.020000   0.016643  31.155097      6     50
 1.4046E-03  23.395877   3.777282   4.084789  14.524505  -0.799146   0.000000   0.000000   0.000000   0.000687  9.681E-01  0.911E-09          dH/H

 grid1/grid1_001400.png/png
 burst_profile/burst_profile001400.png/png
       retry log10(dt/yr), log10(dt), retry_factor     1  1404       -7.896565       -0.397453        0.500000
       retry log10(dt/yr), log10(dt), retry_factor     2  1404       -8.197595       -0.698483        0.500000
 have reached retry limit so now backup
 grid1/grid1_001405.png/png
 burst_profile/burst_profile001405.png/png
 grid1/grid1_001410.png/png
 burst_profile/burst_profile001410.png/png
       retry log10(dt/yr), log10(dt), retry_factor     1  1411       -7.743828       -0.244716        0.500000
       retry log10(dt/yr), log10(dt), retry_factor     2  1411       -8.044858       -0.545746        0.500000
       retry log10(dt/yr), log10(dt), retry_factor     1  1412       -8.345888       -0.846776        0.500000
       retry log10(dt/yr), log10(dt), retry_factor     2  1412       -8.646918       -1.147806        0.500000
 grid1/grid1_001415.png/png
 burst_profile/burst_profile001415.png/png
 grid1/grid1_001420.png/png
 burst_profile/burst_profile001420.png/png
       retry log10(dt/yr), log10(dt), retry_factor     1  1421       -7.649602       -0.150490        0.500000
 grid1/grid1_001425.png/png
 burst_profile/burst_profile001425.png/png
       retry log10(dt/yr), log10(dt), retry_factor     1  1427       -7.516446       -0.017334        0.500000
       retry log10(dt/yr), log10(dt), retry_factor     2  1427       -7.817476       -0.318364        0.500000
 have reached retry limit so now backup
       retry log10(dt/yr), log10(dt), retry_factor     1  1428       -8.118506       -0.619394        0.500000
       retry log10(dt/yr), log10(dt), retry_factor     2  1428       -8.419536       -0.920424        0.500000
 grid1/grid1_001430.png/png
 burst_profile/burst_profile001430.png/png
 grid1/grid1_001435.png/png
 burst_profile/burst_profile001435.png/png
hydro_newton_step failed to accept
       retry log10(dt/yr), log10(dt), retry_factor     1  1436       -7.442445        0.056666        0.500000
       retry log10(dt/yr), log10(dt), retry_factor     2  1436       -7.743475       -0.244364        0.500000
 have reached retry limit so now backup
 grid1/grid1_001435.png/png
 burst_profile/burst_profile001435.png/png
 grid1/grid1_001440.png/png
 burst_profile/burst_profile001440.png/png
 grid1/grid1_001445.png/png
 burst_profile/burst_profile001445.png/png
 grid1/grid1_001450.png/png
 burst_profile/burst_profile001450.png/png
 grid1/grid1_001455.png/png
 burst_profile/burst_profile001455.png/png
 grid1/grid1_001460.png/png
 burst_profile/burst_profile001460.png/png
 grid1/grid1_001465.png/png
 burst_profile/burst_profile001465.png/png
 grid1/grid1_001470.png/png
 burst_profile/burst_profile001470.png/png
 grid1/grid1_001475.png/png
 burst_profile/burst_profile001475.png/png
 grid1/grid1_001480.png/png
 burst_profile/burst_profile001480.png/png
       retry log10(dt/yr), log10(dt), retry_factor     1  1482       -5.794888        1.704224        0.500000
 grid1/grid1_001485.png/png
 burst_profile/burst_profile001485.png/png
       retry log10(dt/yr), log10(dt), retry_factor     1  1487       -5.493858        2.005254        0.500000
hydro_newton_step failed to accept
       retry log10(dt/yr), log10(dt), retry_factor     2  1487       -5.794888        1.704224        0.500000
 have reached retry limit so now backup
 grid1/grid1_001490.png/png
 burst_profile/burst_profile001490.png/png
       retry log10(dt/yr), log10(dt), retry_factor     1  1492       -5.714106        1.785005        0.500000
       retry log10(dt/yr), log10(dt), retry_factor     1  1493       -6.112046        1.387065        0.500000
       retry log10(dt/yr), log10(dt), retry_factor     1  1494       -6.413076        1.086035        0.500000
 grid1/grid1_001495.png/png
 burst_profile/burst_profile001495.png/png
       1500   8.340829  3.414E+06   1.380681   1.421929   1.400000   1.400000   0.000000   0.000000   0.275200   0.029848  18.099319   1133    278
  -5.208956   6.761631  -4.792863  -2.105957   0.598478  -8.522879   0.000000   0.000000   0.000000   0.020000   0.023974 111.979121      6     54
 1.5011E-03  23.407660   1.500866   0.377667  13.506598  -1.157915   0.000000   0.000000   0.000000   0.000687  9.462E-01 -0.612E-13  max increase

save LOGS/profile6.data for model 1500
save photos/x500 for model 1500
 grid1/grid1_001500.png/png
 burst_profile/burst_profile001500.png/png
       retry log10(dt/yr), log10(dt), retry_factor     1  1502       -5.429011        2.070100        0.500000
       retry log10(dt/yr), log10(dt), retry_factor     2  1502       -5.730041        1.769070        0.500000
 have reached retry limit so now backup
       retry log10(dt/yr), log10(dt), retry_factor     1  1504       -6.031071        1.468040        0.500000
hydro_newton_step failed to accept
       retry log10(dt/yr), log10(dt), retry_factor     2  1504       -6.332101        1.167010        0.500000
 have reached retry limit so now backup
 grid1/grid1_001505.png/png
 burst_profile/burst_profile001505.png/png
       retry log10(dt/yr), log10(dt), retry_factor     1  1508       -6.332101        1.167010        0.500000
 grid1/grid1_001510.png/png
 burst_profile/burst_profile001510.png/png
 grid1/grid1_001515.png/png
 burst_profile/burst_profile001515.png/png
       retry log10(dt/yr), log10(dt), retry_factor     1  1516       -5.127981        2.371130        0.500000
hydro_newton_step failed to accept
       retry log10(dt/yr), log10(dt), retry_factor     2  1516       -5.429011        2.070100        0.500000
 have reached retry limit so now backup
 grid1/grid1_001515.png/png
 burst_profile/burst_profile001515.png/png
 grid1/grid1_001520.png/png
 burst_profile/burst_profile001520.png/png
       retry log10(dt/yr), log10(dt), retry_factor     1  1521       -5.533469        1.965642        0.500000
       retry log10(dt/yr), log10(dt), retry_factor     2  1521       -5.834499        1.664612        0.500000
 grid1/grid1_001525.png/png
 burst_profile/burst_profile001525.png/png
       retry log10(dt/yr), log10(dt), retry_factor     1  1527       -5.471192        2.027919        0.500000
       retry log10(dt/yr), log10(dt), retry_factor     2  1527       -5.772222        1.726889        0.500000
 have reached retry limit so now backup
 grid1/grid1_001530.png/png
 burst_profile/burst_profile001530.png/png
       retry log10(dt/yr), log10(dt), retry_factor     1  1532       -5.649041        1.850071        0.500000
hydro_newton_step failed to accept
       retry log10(dt/yr), log10(dt), retry_factor     1  1533       -6.046981        1.452131        0.500000
hydro_newton_step failed to accept
       retry log10(dt/yr), log10(dt), retry_factor     2  1533       -6.348011        1.151101        0.500000
 grid1/grid1_001535.png/png
 burst_profile/burst_profile001535.png/png
       retry log10(dt/yr), log10(dt), retry_factor     1  1539       -5.553747        1.945364        0.500000
 grid1/grid1_001540.png/png
 burst_profile/burst_profile001540.png/png
       retry log10(dt/yr), log10(dt), retry_factor     1  1541       -5.877624        1.621488        0.500000
hydro_newton_step failed to accept
       retry log10(dt/yr), log10(dt), retry_factor     2  1541       -6.178654        1.320458        0.500000
 have reached retry limit so now backup
 grid1/grid1_001540.png/png
 burst_profile/burst_profile001540.png/png
 grid1/grid1_001545.png/png
 burst_profile/burst_profile001545.png/png
       retry log10(dt/yr), log10(dt), retry_factor     1  1548       -5.659616        1.839496        0.500000
hydro_newton_step failed to accept
       retry log10(dt/yr), log10(dt), retry_factor     1  1549       -6.057556        1.441556        0.500000
       retry log10(dt/yr), log10(dt), retry_factor     2  1549       -6.358586        1.140526        0.500000
 have reached retry limit so now backup
 grid1/grid1_001550.png/png
 burst_profile/burst_profile001550.png/png
hydro_newton_step failed to accept
       retry log10(dt/yr), log10(dt), retry_factor     1  1553       -6.408259        1.090852        0.500000
 grid1/grid1_001555.png/png
 burst_profile/burst_profile001555.png/png
       retry log10(dt/yr), log10(dt), retry_factor     1  1557       -6.001531        1.497580        0.500000
       retry log10(dt/yr), log10(dt), retry_factor     1  1559       -6.302561        1.196550        0.500000
 grid1/grid1_001560.png/png
 burst_profile/burst_profile001560.png/png
       retry log10(dt/yr), log10(dt), retry_factor     1  1561       -6.603591        0.895520        0.500000
       retry log10(dt/yr), log10(dt), retry_factor     1  1562       -6.967799        0.531313        0.500000
hydro_newton_step failed to accept
       retry log10(dt/yr), log10(dt), retry_factor     2  1562       -7.268829        0.230283        0.500000
 have reached retry limit so now backup
 grid1/grid1_001565.png/png
 burst_profile/burst_profile001565.png/png
       retry log10(dt/yr), log10(dt), retry_factor     1  1568       -6.819416        0.679695        0.500000
       retry log10(dt/yr), log10(dt), retry_factor     2  1568       -7.120446        0.378665        0.500000
 have reached retry limit so now backup
 grid1/grid1_001570.png/png
 burst_profile/burst_profile001570.png/png
hydro_newton_step failed to accept
       retry log10(dt/yr), log10(dt), retry_factor     1  1572       -7.211528        0.287584        0.500000
hydro_newton_step failed to accept
       retry log10(dt/yr), log10(dt), retry_factor     2  1572       -7.512558       -0.013446        0.500000
       retry log10(dt/yr), log10(dt), retry_factor     1  1574       -7.211528        0.287584        0.500000
hydro_newton_step failed to accept
       retry log10(dt/yr), log10(dt), retry_factor     2  1574       -7.512558       -0.013446        0.500000
 grid1/grid1_001575.png/png
 burst_profile/burst_profile001575.png/png
       retry log10(dt/yr), log10(dt), retry_factor     1  1578       -7.512558       -0.013446        0.500000
       retry log10(dt/yr), log10(dt), retry_factor     2  1578       -7.813588       -0.314476        0.500000
       retry log10(dt/yr), log10(dt), retry_factor     1  1579       -8.114618       -0.615506        0.500000
 grid1/grid1_001580.png/png
 burst_profile/burst_profile001580.png/png
 grid1/grid1_001585.png/png
 burst_profile/burst_profile001585.png/png
 grid1/grid1_001590.png/png
 burst_profile/burst_profile001590.png/png
 grid1/grid1_001595.png/png
 burst_profile/burst_profile001595.png/png
       1600   8.443625  9.882E+06   3.633087   5.639127   1.400000   1.400000   0.000000   0.000000   0.275200   0.052544  14.440427   1151    313
  -8.964727   6.772813  -4.792381   3.303827   4.037213  -8.522879   0.000000   0.000000   0.000000   0.020000   0.036258  89.139010      6     62
 1.6752E-03  23.427989   3.348149   5.632791  14.433705  -0.729564   0.000000   0.000000   0.000000   0.000687  9.112E-01  0.623E-08        lgTeff

 grid1/grid1_001600.png/png
 burst_profile/burst_profile001600.png/png
 grid1/grid1_001605.png/png
 burst_profile/burst_profile001605.png/png
 grid1/grid1_001610.png/png
 burst_profile/burst_profile001610.png/png
 grid1/grid1_001615.png/png
 burst_profile/burst_profile001615.png/png
 grid1/grid1_001620.png/png
 burst_profile/burst_profile001620.png/png
 grid1/grid1_001625.png/png
 burst_profile/burst_profile001625.png/png
 grid1/grid1_001630.png/png
 burst_profile/burst_profile001630.png/png
       retry log10(dt/yr), log10(dt), retry_factor     1  1632       -8.333845       -0.834734        0.500000
 grid1/grid1_001635.png/png
 burst_profile/burst_profile001635.png/png
 grid1/grid1_001640.png/png
 burst_profile/burst_profile001640.png/png
 grid1/grid1_001645.png/png
 burst_profile/burst_profile001645.png/png
 grid1/grid1_001650.png/png
 burst_profile/burst_profile001650.png/png
 grid1/grid1_001655.png/png
 burst_profile/burst_profile001655.png/png
 grid1/grid1_001660.png/png
 burst_profile/burst_profile001660.png/png
       retry log10(dt/yr), log10(dt), retry_factor     1  1665       -7.626235       -0.127124        0.500000
 grid1/grid1_001665.png/png
 burst_profile/burst_profile001665.png/png
hydro_newton_step failed to accept
       retry log10(dt/yr), log10(dt), retry_factor     1  1666       -8.024175       -0.525064        0.500000
hydro_newton_step failed to accept
       retry log10(dt/yr), log10(dt), retry_factor     2  1666       -8.325205       -0.826094        0.500000
 have reached retry limit so now backup
 grid1/grid1_001665.png/png
 burst_profile/burst_profile001665.png/png
       retry log10(dt/yr), log10(dt), retry_factor     1  1667       -8.663897       -1.164785        0.500000
       retry log10(dt/yr), log10(dt), retry_factor     1  1668       -8.964927       -1.465815        0.500000
 grid1/grid1_001670.png/png
 burst_profile/burst_profile001670.png/png
 grid1/grid1_001675.png/png
 burst_profile/burst_profile001675.png/png
hydro_newton_step failed to accept
       retry log10(dt/yr), log10(dt), retry_factor     1  1678       -7.977201       -0.478090        0.500000
 grid1/grid1_001680.png/png
 burst_profile/burst_profile001680.png/png
 grid1/grid1_001685.png/png
 burst_profile/burst_profile001685.png/png
 grid1/grid1_001690.png/png
 burst_profile/burst_profile001690.png/png
 grid1/grid1_001695.png/png
 burst_profile/burst_profile001695.png/png
       1700   8.875254  1.224E+07   2.233866   3.957526   1.400000   1.400000   0.000000   0.000000   0.275200   0.014102   4.816162   1126    320
  -7.303450   6.734597  -4.792471   2.062721   2.958952  -8.522879   0.000000   0.000000   0.000000   0.020000   0.015359  32.040580      6     63
 1.6777E-03  23.428274   3.719110   3.943565  14.510608  -0.788523   0.000000   0.000000   0.000000   0.000687  9.705E-01  0.211E-10    varcontrol

 grid1/grid1_001700.png/png
 burst_profile/burst_profile001700.png/png
 grid1/grid1_001705.png/png
 burst_profile/burst_profile001705.png/png
 grid1/grid1_001710.png/png
 burst_profile/burst_profile001710.png/png
       retry log10(dt/yr), log10(dt), retry_factor     1  1712       -7.525429       -0.026318        0.500000
       retry log10(dt/yr), log10(dt), retry_factor     2  1712       -7.826459       -0.327348        0.500000
 have reached retry limit so now backup
 grid1/grid1_001715.png/png
 burst_profile/burst_profile001715.png/png
 grid1/grid1_001720.png/png
 burst_profile/burst_profile001720.png/png
 grid1/grid1_001725.png/png
 burst_profile/burst_profile001725.png/png
 grid1/grid1_001730.png/png
 burst_profile/burst_profile001730.png/png
 grid1/grid1_001735.png/png
 burst_profile/burst_profile001735.png/png
 grid1/grid1_001740.png/png
 burst_profile/burst_profile001740.png/png
 grid1/grid1_001745.png/png
 burst_profile/burst_profile001745.png/png
 grid1/grid1_001750.png/png
 burst_profile/burst_profile001750.png/png
 grid1/grid1_001755.png/png
 burst_profile/burst_profile001755.png/png
 grid1/grid1_001760.png/png
 burst_profile/burst_profile001760.png/png
       retry log10(dt/yr), log10(dt), retry_factor     1  1762       -5.640231        1.858881        0.500000
       retry log10(dt/yr), log10(dt), retry_factor     2  1762       -5.941261        1.557851        0.500000
 grid1/grid1_001765.png/png
 burst_profile/burst_profile001765.png/png
       retry log10(dt/yr), log10(dt), retry_factor     1  1767       -5.773188        1.725924        0.500000
 grid1/grid1_001770.png/png
 burst_profile/burst_profile001770.png/png
       retry log10(dt/yr), log10(dt), retry_factor     1  1773       -5.268038        2.231074        0.500000
hydro_newton_step failed to accept
       retry log10(dt/yr), log10(dt), retry_factor     2  1773       -5.569068        1.930044        0.500000
 have reached retry limit so now backup
 grid1/grid1_001775.png/png
 burst_profile/burst_profile001775.png/png
       retry log10(dt/yr), log10(dt), retry_factor     1  1778       -5.364948        2.134164        0.500000
       retry log10(dt/yr), log10(dt), retry_factor     2  1778       -5.665978        1.833134        0.500000
 have reached retry limit so now backup
       retry log10(dt/yr), log10(dt), retry_factor     1  1779       -6.063918        1.435194        0.500000
 grid1/grid1_001780.png/png
 burst_profile/burst_profile001780.png/png
       retry log10(dt/yr), log10(dt), retry_factor     1  1785       -5.643160        1.855951        0.500000
 grid1/grid1_001785.png/png
 burst_profile/burst_profile001785.png/png
       retry log10(dt/yr), log10(dt), retry_factor     1  1790       -5.342130        2.156981        0.500000
hydro_newton_step failed to accept
       retry log10(dt/yr), log10(dt), retry_factor     2  1790       -5.643160        1.855951        0.500000
 have reached retry limit so now backup
 grid1/grid1_001790.png/png
 burst_profile/burst_profile001790.png/png
 grid1/grid1_001795.png/png
 burst_profile/burst_profile001795.png/png
       retry log10(dt/yr), log10(dt), retry_factor     1  1797       -5.315053        2.184059        0.500000
       retry log10(dt/yr), log10(dt), retry_factor     1  1798       -5.616083        1.883029        0.500000
       retry log10(dt/yr), log10(dt), retry_factor     2  1798       -5.917113        1.581999        0.500000
 have reached retry limit so now backup
       1800   8.365845  3.730E+06   1.578056   1.606257   1.400000   1.400000   0.000000   0.000000   0.275200   0.043418  17.697746   1142    336
  -5.616083   6.790611  -4.792809  -0.489242   0.749018  -8.522879   0.000000   0.000000   0.000000   0.020000   0.032506 108.088904      6     68
 1.8858E-03  23.451481   1.654715   0.345411  13.605972  -1.097793   0.000000   0.000000   0.000000   0.000687  9.241E-01  0.615E-12          hold

 grid1/grid1_001800.png/png
 burst_profile/burst_profile001800.png/png
       retry log10(dt/yr), log10(dt), retry_factor     1  1804       -5.560745        1.938367        0.500000
 grid1/grid1_001805.png/png
 burst_profile/burst_profile001805.png/png
       retry log10(dt/yr), log10(dt), retry_factor     1  1808       -5.719124        1.779987        0.500000
hydro_newton_step failed to accept
       retry log10(dt/yr), log10(dt), retry_factor     1  1809       -6.117064        1.382047        0.500000
hydro_newton_step failed to accept
       retry log10(dt/yr), log10(dt), retry_factor     2  1809       -6.418094        1.081017        0.500000
 grid1/grid1_001810.png/png
 burst_profile/burst_profile001810.png/png
       retry log10(dt/yr), log10(dt), retry_factor     1  1814       -5.816034        1.683077        0.500000
       retry log10(dt/yr), log10(dt), retry_factor     1  1815       -6.117064        1.382047        0.500000
 grid1/grid1_001815.png/png
 burst_profile/burst_profile001815.png/png
       retry log10(dt/yr), log10(dt), retry_factor     1  1819       -6.273243        1.225869        0.500000
hydro_newton_step failed to accept
       retry log10(dt/yr), log10(dt), retry_factor     2  1819       -6.574273        0.924839        0.500000
 grid1/grid1_001820.png/png
 burst_profile/burst_profile001820.png/png
       retry log10(dt/yr), log10(dt), retry_factor     1  1821       -6.875303        0.623809        0.500000
       retry log10(dt/yr), log10(dt), retry_factor     1  1824       -7.176333        0.322779        0.500000
       retry log10(dt/yr), log10(dt), retry_factor     1  1825       -7.477363        0.021749        0.500000
 grid1/grid1_001825.png/png
 burst_profile/burst_profile001825.png/png
       retry log10(dt/yr), log10(dt), retry_factor     1  1828       -7.788855       -0.289743        0.500000
       retry log10(dt/yr), log10(dt), retry_factor     2  1828       -8.089885       -0.590773        0.500000
 have reached retry limit so now backup
 grid1/grid1_001830.png/png
 burst_profile/burst_profile001830.png/png
       retry log10(dt/yr), log10(dt), retry_factor     1  1833       -7.951263       -0.452151        0.500000
 grid1/grid1_001835.png/png
 burst_profile/burst_profile001835.png/png
       retry log10(dt/yr), log10(dt), retry_factor     1  1836       -8.487733       -0.988621        0.500000
 grid1/grid1_001840.png/png
 burst_profile/burst_profile001840.png/png
 grid1/grid1_001845.png/png
 burst_profile/burst_profile001845.png/png
       retry log10(dt/yr), log10(dt), retry_factor     1  1847       -9.365522       -1.866411        0.500000
 grid1/grid1_001850.png/png
 burst_profile/burst_profile001850.png/png
 grid1/grid1_001855.png/png
 burst_profile/burst_profile001855.png/png
 grid1/grid1_001860.png/png
 burst_profile/burst_profile001860.png/png
 grid1/grid1_001865.png/png
 burst_profile/burst_profile001865.png/png
       retry log10(dt/yr), log10(dt), retry_factor     1  1868       -9.367980       -1.868869        0.500000
