starting from 0
DATE: 2020-09-03
TIME: 16:30:59
                                         version_number       10108
 read /hpc/group/physics/al363/sens/base/inlist_base
 read inlist_cluster
load saved model /hpc/group/physics/al363/sens/base/ns_relax.mod

 change to /hpc/group/physics/al363/sens/base/rp_305.net
           set special rate factor for r_sn100_ng_sn101         401    1.0000000000000000D-02
           set special rate factor for r_sn101_gn_sn100         402    1.0000000000000000D-02
           set special rate factor for r_sn100_ng_sn101         401    1.0000000000000000D-02
           set special rate factor for r_sn101_gn_sn100         402    1.0000000000000000D-02
 number of species         305
 read /hpc/group/physics/al363/sens/base/history_customACL.list_tau
 read /hpc/group/physics/al363/sens/base/profile_customACL.list_tau
 net name /hpc/group/physics/al363/sens/base/rp_305.net
 v_flag T
                         which_atm_option: grey_and_kap
                                           xmstar/mstar    4.5461189430843640D-12
                                             xmstar (g)    1.2660395722219186D+22
                                           M_center (g)    2.7848799999878681D+33
                                            xmstar/Msun    6.3645665203193175D-12
                                          M_center/Msun    1.3999999999939012D+00
                                          R_center (cm)    1.1200000000000000D+06
                                          R_center/Rsun    1.6092416448748527D-05
                                           core density    4.7322078204273819D+14
                                          L_center/Lsun    4.1647144567650578D+00
 kappa_file_prefix gs98
 kappa_lowT_prefix lowT_fa05_gs98

   eos_file_prefix mesa
                                        OMP_NUM_THREADS           8


__________________________________________________________________________________________________________________________________________________

       step    lg_Tcntr    Teff       lg_LH     lg_Lnuc     Mass       H_rich     H_cntr     N_cntr     Y_surf     X_avg     eta_cntr  zones retry
   lg_dt_yr    lg_Dcntr    lg_R       lg_L3a    lg_Lneu     lg_Mdot    He_core    He_cntr    O_cntr     Z_surf     Y_avg     gam_cntr  iters bckup
     age_yr    lg_Pcntr    lg_L       lg_LZ     lg_Psurf    lg_Dsurf   C_core     C_cntr     Ne_cntr    Si_cntr    Z_avg     v_div_cs     dt_limit
__________________________________________________________________________________________________________________________________________________

save LOGS/profile1.data for model 2
 grid1/grid1_000005.png/png
 burst_profile/burst_profile000005.png/png
          6   8.165156  1.497E+06   0.087590   0.087976   1.400000   1.400000   0.000000   0.000000   0.275200   0.030886  22.514775    791      0
  -5.817651   6.610341  -4.793035 -18.862378  -1.086578  -8.522879   0.000000   0.000000   0.000000   0.020000   0.011710 149.410225      6      0
 4.0040E-06  23.176196   0.068337  -2.962874  12.744977  -1.553972   0.000000   0.000000   0.000000   0.000687  9.574E-01  0.395E-11      lgT_cntr

save LOGS/profile2.data for model 6
 grid1/grid1_000010.png/png
 burst_profile/burst_profile000010.png/png
 grid1/grid1_000015.png/png
 burst_profile/burst_profile000015.png/png
 grid1/grid1_000020.png/png
 burst_profile/burst_profile000020.png/png
 grid1/grid1_000025.png/png
 burst_profile/burst_profile000025.png/png
       retry log10(dt/yr), log10(dt), retry_factor     1    30       -5.532111        1.967001        0.500000
 grid1/grid1_000030.png/png
 burst_profile/burst_profile000030.png/png
       retry log10(dt/yr), log10(dt), retry_factor     1    35       -5.231081        2.268031        0.500000
 grid1/grid1_000035.png/png
 burst_profile/burst_profile000035.png/png
       retry log10(dt/yr), log10(dt), retry_factor     1    36       -5.532111        1.967001        0.500000
       retry log10(dt/yr), log10(dt), retry_factor     1    40       -5.532111        1.967001        0.500000
 grid1/grid1_000040.png/png
 burst_profile/burst_profile000040.png/png
       retry log10(dt/yr), log10(dt), retry_factor     1    45       -5.231081        2.268031        0.500000
 grid1/grid1_000045.png/png
 burst_profile/burst_profile000045.png/png
       retry log10(dt/yr), log10(dt), retry_factor     1    49       -5.231081        2.268031        0.500000
 grid1/grid1_000050.png/png
 burst_profile/burst_profile000050.png/png
       retry log10(dt/yr), log10(dt), retry_factor     1    53       -5.231081        2.268031        0.500000
 grid1/grid1_000055.png/png
 burst_profile/burst_profile000055.png/png
       retry log10(dt/yr), log10(dt), retry_factor     1    56       -5.532111        1.967001        0.500000
       retry log10(dt/yr), log10(dt), retry_factor     2    56       -5.833141        1.665971        0.500000
 have reached retry limit so now backup
 grid1/grid1_000055.png/png
 burst_profile/burst_profile000055.png/png
       retry log10(dt/yr), log10(dt), retry_factor     1    58       -6.134171        1.364941        0.500000
       retry log10(dt/yr), log10(dt), retry_factor     2    58       -6.435201        1.063911        0.500000
 have reached retry limit so now backup
       retry log10(dt/yr), log10(dt), retry_factor     1    58       -6.736231        0.762881        0.500000
       retry log10(dt/yr), log10(dt), retry_factor     2    58       -7.037261        0.461851        0.500000
 have reached retry limit so now backup
       retry log10(dt/yr), log10(dt), retry_factor     1    60       -7.338291        0.160821        0.500000
       retry log10(dt/yr), log10(dt), retry_factor     2    60       -7.639321       -0.140209        0.500000
 have reached retry limit so now backup
 grid1/grid1_000060.png/png
 burst_profile/burst_profile000060.png/png
       retry log10(dt/yr), log10(dt), retry_factor     1    62       -7.940351       -0.441239        0.500000
       retry log10(dt/yr), log10(dt), retry_factor     2    62       -8.241381       -0.742269        0.500000
 grid1/grid1_000065.png/png
 burst_profile/burst_profile000065.png/png
 grid1/grid1_000070.png/png
 burst_profile/burst_profile000070.png/png
 grid1/grid1_000075.png/png
 burst_profile/burst_profile000075.png/png
       retry log10(dt/yr), log10(dt), retry_factor     1    76       -5.231081        2.268031        0.500000
       retry log10(dt/yr), log10(dt), retry_factor     2    76       -5.532111        1.967001        0.500000
       retry log10(dt/yr), log10(dt), retry_factor     1    77       -5.833141        1.665971        0.500000
       retry log10(dt/yr), log10(dt), retry_factor     2    77       -6.134171        1.364941        0.500000
 have reached retry limit so now backup
       retry log10(dt/yr), log10(dt), retry_factor     1    80       -6.435201        1.063911        0.500000
       retry log10(dt/yr), log10(dt), retry_factor     2    80       -6.736231        0.762881        0.500000
 have reached retry limit so now backup
 grid1/grid1_000080.png/png
 burst_profile/burst_profile000080.png/png
       retry log10(dt/yr), log10(dt), retry_factor     1    81       -7.037261        0.461851        0.500000
       retry log10(dt/yr), log10(dt), retry_factor     2    81       -7.338291        0.160821        0.500000
 have reached retry limit so now backup
 grid1/grid1_000080.png/png
 burst_profile/burst_profile000080.png/png
       retry log10(dt/yr), log10(dt), retry_factor     1    84       -7.639321       -0.140209        0.500000
       retry log10(dt/yr), log10(dt), retry_factor     2    84       -7.940351       -0.441239        0.500000
 have reached retry limit so now backup
       retry log10(dt/yr), log10(dt), retry_factor     1    84       -8.241381       -0.742269        0.500000
 grid1/grid1_000085.png/png
 burst_profile/burst_profile000085.png/png
 grid1/grid1_000090.png/png
 burst_profile/burst_profile000090.png/png
 grid1/grid1_000095.png/png
 burst_profile/burst_profile000095.png/png
       retry log10(dt/yr), log10(dt), retry_factor     1    97       -5.708197        1.790914        0.500000
       retry log10(dt/yr), log10(dt), retry_factor     1    98       -6.029742        1.469369        0.500000
       retry log10(dt/yr), log10(dt), retry_factor     1    99       -6.330772        1.168339        0.500000
        100   8.444841  4.670E+06   2.033172   2.166622   1.400000   1.400000   0.000000   0.000000   0.275200   0.100536  12.226478    752     31
  -6.029742   6.642744  -4.792800   1.206170   1.283423  -8.522879   0.000000   0.000000   0.000000   0.020000   0.058448  80.444496      6      8
 3.1300E-04  23.235090   2.045017   1.357015  13.860470  -0.943582   0.000000   0.000000   0.000000   0.000687  8.410E-01  0.987E-12          hold

 grid1/grid1_000100.png/png
 burst_profile/burst_profile000100.png/png
       retry log10(dt/yr), log10(dt), retry_factor     1   101       -6.631802        0.867309        0.500000
       retry log10(dt/yr), log10(dt), retry_factor     1   103       -6.932832        0.566279        0.500000
hydro_newton_step failed to accept
       retry log10(dt/yr), log10(dt), retry_factor     1   104       -7.233862        0.265249        0.500000
 grid1/grid1_000105.png/png
 burst_profile/burst_profile000105.png/png
       retry log10(dt/yr), log10(dt), retry_factor     1   106       -7.534892       -0.035780        0.500000
       retry log10(dt/yr), log10(dt), retry_factor     1   110       -7.649240       -0.150129        0.500000
       retry log10(dt/yr), log10(dt), retry_factor     2   110       -7.950270       -0.451159        0.500000
 grid1/grid1_000110.png/png
 burst_profile/burst_profile000110.png/png
       retry log10(dt/yr), log10(dt), retry_factor     1   112       -8.333830       -0.834718        0.500000
 grid1/grid1_000115.png/png
 burst_profile/burst_profile000115.png/png
 grid1/grid1_000120.png/png
 burst_profile/burst_profile000120.png/png
 grid1/grid1_000125.png/png
 burst_profile/burst_profile000125.png/png
 grid1/grid1_000130.png/png
 burst_profile/burst_profile000130.png/png
 grid1/grid1_000135.png/png
 burst_profile/burst_profile000135.png/png
 grid1/grid1_000140.png/png
 burst_profile/burst_profile000140.png/png
 grid1/grid1_000145.png/png
 burst_profile/burst_profile000145.png/png
 grid1/grid1_000150.png/png
 burst_profile/burst_profile000150.png/png
 grid1/grid1_000155.png/png
 burst_profile/burst_profile000155.png/png
 grid1/grid1_000160.png/png
 burst_profile/burst_profile000160.png/png
 grid1/grid1_000165.png/png
 burst_profile/burst_profile000165.png/png
                       super eddington wind: lg_Mdot, L/Ledd         166    -9.76056     1.00708
                       super eddington wind: lg_Mdot, L/Ledd         167    -9.00478     1.04031
                       super eddington wind: lg_Mdot, L/Ledd         168    -8.75953     1.07086
                       super eddington wind: lg_Mdot, L/Ledd         169    -8.62667     1.09614
                       super eddington wind: lg_Mdot, L/Ledd         170    -8.52208     1.12216
 grid1/grid1_000170.png/png
 burst_profile/burst_profile000170.png/png
                       super eddington wind: lg_Mdot, L/Ledd         171    -8.42429     1.15286
                       super eddington wind: lg_Mdot, L/Ledd         172    -8.60169     1.10143
                       super eddington wind: lg_Mdot, L/Ledd         173    -8.46097     1.14012
                       super eddington wind: lg_Mdot, L/Ledd         174    -8.38559     1.16676
                       super eddington wind: lg_Mdot, L/Ledd         175    -8.53062     1.11907
 grid1/grid1_000175.png/png
 burst_profile/burst_profile000175.png/png
                       super eddington wind: lg_Mdot, L/Ledd         176    -8.40181     1.16029
                       super eddington wind: lg_Mdot, L/Ledd         177    -8.32991     1.18906
                       super eddington wind: lg_Mdot, L/Ledd         178    -8.44989     1.14288
                       super eddington wind: lg_Mdot, L/Ledd         179    -8.33810     1.18491
                       super eddington wind: lg_Mdot, L/Ledd         180    -8.27480     1.21362
 grid1/grid1_000180.png/png
 burst_profile/burst_profile000180.png/png
                       super eddington wind: lg_Mdot, L/Ledd         181    -8.39330     1.16242
                       super eddington wind: lg_Mdot, L/Ledd         182    -8.29657     1.20277
                       super eddington wind: lg_Mdot, L/Ledd         183    -8.24885     1.22621
                       super eddington wind: lg_Mdot, L/Ledd         184    -8.36488     1.17281
                       super eddington wind: lg_Mdot, L/Ledd         185    -8.27664     1.21160
 grid1/grid1_000185.png/png
 burst_profile/burst_profile000185.png/png
                       super eddington wind: lg_Mdot, L/Ledd         186    -8.24051     1.22979
                       super eddington wind: lg_Mdot, L/Ledd         187    -8.35532     1.17599
                       super eddington wind: lg_Mdot, L/Ledd         188    -8.28331     1.20745
                       super eddington wind: lg_Mdot, L/Ledd         189    -8.25298     1.22226
                       super eddington wind: lg_Mdot, L/Ledd         190    -8.39349     1.16044
 grid1/grid1_000190.png/png
 burst_profile/burst_profile000190.png/png
                       super eddington wind: lg_Mdot, L/Ledd         191    -8.33599     1.18291
                       super eddington wind: lg_Mdot, L/Ledd         192    -8.32318     1.18820
                       super eddington wind: lg_Mdot, L/Ledd         193    -8.50882     1.12258
       retry log10(dt/yr), log10(dt), retry_factor     1   193       -9.065000       -1.565888        0.500000
                       super eddington wind: lg_Mdot, L/Ledd         193    -8.50882     1.12258
       retry log10(dt/yr), log10(dt), retry_factor     2   193       -9.366030       -1.866918        0.500000
                       super eddington wind: lg_Mdot, L/Ledd         193    -8.50882     1.12258
 have reached retry limit so now backup
                       super eddington wind: lg_Mdot, L/Ledd         192    -8.32318     1.18820
                       super eddington wind: lg_Mdot, L/Ledd         193    -8.69665     1.07958
                       super eddington wind: lg_Mdot, L/Ledd         194    -8.39717     1.15860
                       super eddington wind: lg_Mdot, L/Ledd         195    -8.56130     1.10866
 grid1/grid1_000195.png/png
 burst_profile/burst_profile000195.png/png
                       super eddington wind: lg_Mdot, L/Ledd         196    -8.46751     1.13480
                       super eddington wind: lg_Mdot, L/Ledd         197    -8.38091     1.16460
                       super eddington wind: lg_Mdot, L/Ledd         198    -8.56019     1.10883
                       super eddington wind: lg_Mdot, L/Ledd         199    -8.46656     1.13488
                       super eddington wind: lg_Mdot, L/Ledd         200    -8.37959     1.16499
        200   8.945275  2.382E+07   3.759970   6.698841   1.400000   1.400000   0.000000   0.000000   0.295791   0.076043   3.115259    674     40
  -8.832024   6.571131  -4.791534   3.025257   4.390233  -8.379589   0.000000   0.000000   0.000000   0.199598   0.044894  24.054229      6      9
 3.1497E-04  23.235202   4.878369   6.698249  15.060290  -0.895818   0.000000   0.000000   0.000000   0.000687  8.791E-01  0.820E-04    varcontrol

 grid1/grid1_000200.png/png
 burst_profile/burst_profile000200.png/png
                       super eddington wind: lg_Mdot, L/Ledd         201    -8.59160     1.10117
                       super eddington wind: lg_Mdot, L/Ledd         202    -8.49520     1.12618
                       super eddington wind: lg_Mdot, L/Ledd         203    -8.65690     1.08689
                       super eddington wind: lg_Mdot, L/Ledd         204    -8.54072     1.11354
                       super eddington wind: lg_Mdot, L/Ledd         205    -8.48436     1.12920
 grid1/grid1_000205.png/png
 burst_profile/burst_profile000205.png/png
                       super eddington wind: lg_Mdot, L/Ledd         206    -8.72524     1.07414
                       super eddington wind: lg_Mdot, L/Ledd         207    -8.61809     1.09487
       retry log10(dt/yr), log10(dt), retry_factor     1   207       -8.996389       -1.497278        0.500000
                       super eddington wind: lg_Mdot, L/Ledd         207    -8.61809     1.09487
                       super eddington wind: lg_Mdot, L/Ledd         208    -8.81965     1.05955
                       super eddington wind: lg_Mdot, L/Ledd         209    -8.72846     1.07346
                       super eddington wind: lg_Mdot, L/Ledd         210    -9.08657     1.03215
 grid1/grid1_000210.png/png
 burst_profile/burst_profile000210.png/png
                       super eddington wind: lg_Mdot, L/Ledd         211    -8.83016     1.05806
                       super eddington wind: lg_Mdot, L/Ledd         212    -9.36510     1.01692
                       super eddington wind: lg_Mdot, L/Ledd         213    -8.99581     1.03959
       retry log10(dt/yr), log10(dt), retry_factor     1   213       -9.105638       -1.606526        0.500000
                       super eddington wind: lg_Mdot, L/Ledd         213    -8.99581     1.03959
       retry log10(dt/yr), log10(dt), retry_factor     2   213       -9.406668       -1.907556        0.500000
                       super eddington wind: lg_Mdot, L/Ledd         213    -8.99581     1.03959
                       super eddington wind: lg_Mdot, L/Ledd         215    -9.16231     1.02697
 grid1/grid1_000215.png/png
 burst_profile/burst_profile000215.png/png
                       super eddington wind: lg_Mdot, L/Ledd         216    -8.90029     1.04935
                       super eddington wind: lg_Mdot, L/Ledd         217    -9.58847     1.01011
                       super eddington wind: lg_Mdot, L/Ledd         218    -9.18076     1.02584
                       super eddington wind: lg_Mdot, L/Ledd         220    -9.64478     1.00888
 grid1/grid1_000220.png/png
 burst_profile/burst_profile000220.png/png
       retry log10(dt/yr), log10(dt), retry_factor     1   224       -9.271048       -1.771936        0.500000
 grid1/grid1_000225.png/png
 burst_profile/burst_profile000225.png/png
 grid1/grid1_000230.png/png
 burst_profile/burst_profile000230.png/png
 grid1/grid1_000235.png/png
 burst_profile/burst_profile000235.png/png
 grid1/grid1_000240.png/png
 burst_profile/burst_profile000240.png/png
       retry log10(dt/yr), log10(dt), retry_factor     1   243       -7.455630        0.043482        0.500000
       retry log10(dt/yr), log10(dt), retry_factor     2   243       -7.756660       -0.257548        0.500000
 have reached retry limit so now backup
 grid1/grid1_000245.png/png
 burst_profile/burst_profile000245.png/png
       retry log10(dt/yr), log10(dt), retry_factor     1   250       -7.845136       -0.346024        0.500000
hydro_newton_step failed to accept
       retry log10(dt/yr), log10(dt), retry_factor     2   250       -8.146166       -0.647054        0.500000
 have reached retry limit so now backup
 grid1/grid1_000250.png/png
 burst_profile/burst_profile000250.png/png
       retry log10(dt/yr), log10(dt), retry_factor     1   253       -8.502169       -1.003058        0.500000
 grid1/grid1_000255.png/png
 burst_profile/burst_profile000255.png/png
       retry log10(dt/yr), log10(dt), retry_factor     1   257       -8.502169       -1.003058        0.500000
       retry log10(dt/yr), log10(dt), retry_factor     2   257       -8.803199       -1.304088        0.500000
 have reached retry limit so now backup
 grid1/grid1_000260.png/png
 burst_profile/burst_profile000260.png/png
       retry log10(dt/yr), log10(dt), retry_factor     1   263       -8.201139       -0.702028        0.500000
       retry log10(dt/yr), log10(dt), retry_factor     2   263       -8.502169       -1.003058        0.500000
 have reached retry limit so now backup
 grid1/grid1_000265.png/png
 burst_profile/burst_profile000265.png/png
       retry log10(dt/yr), log10(dt), retry_factor     1   267       -8.502169       -1.003058        0.500000
       retry log10(dt/yr), log10(dt), retry_factor     2   267       -8.803199       -1.304088        0.500000
 grid1/grid1_000270.png/png
 burst_profile/burst_profile000270.png/png
 grid1/grid1_000275.png/png
 burst_profile/burst_profile000275.png/png
 grid1/grid1_000280.png/png
 burst_profile/burst_profile000280.png/png
 grid1/grid1_000285.png/png
 burst_profile/burst_profile000285.png/png
 grid1/grid1_000290.png/png
 burst_profile/burst_profile000290.png/png
 grid1/grid1_000295.png/png
 burst_profile/burst_profile000295.png/png
       retry log10(dt/yr), log10(dt), retry_factor     1   296       -7.551691       -0.052580        0.500000
       retry log10(dt/yr), log10(dt), retry_factor     1   298       -8.046541       -0.547430        0.500000
        300   8.810420  1.150E+07   2.153240   3.751428   1.400000   1.400000   0.000000   0.000000   0.275200   0.020942   4.778647    700     57
  -7.745511   6.607103  -4.792588   1.951128   2.898171  -8.522879   0.000000   0.000000   0.000000   0.020000   0.020800  33.731550      8     13
 3.1775E-04  23.235873   3.611289   3.733218  14.487341  -0.769016   0.000000   0.000000   0.000000   0.000687  9.583E-01 -0.649E-09          hold

 grid1/grid1_000300.png/png
 burst_profile/burst_profile000300.png/png
       retry log10(dt/yr), log10(dt), retry_factor     1   305       -7.677491       -0.178380        0.500000
 grid1/grid1_000305.png/png
 burst_profile/burst_profile000305.png/png
 grid1/grid1_000310.png/png
 burst_profile/burst_profile000310.png/png
 grid1/grid1_000315.png/png
 burst_profile/burst_profile000315.png/png
 grid1/grid1_000320.png/png
 burst_profile/burst_profile000320.png/png
 grid1/grid1_000325.png/png
 burst_profile/burst_profile000325.png/png
 grid1/grid1_000330.png/png
 burst_profile/burst_profile000330.png/png
 grid1/grid1_000335.png/png
 burst_profile/burst_profile000335.png/png
 grid1/grid1_000340.png/png
 burst_profile/burst_profile000340.png/png
 grid1/grid1_000345.png/png
 burst_profile/burst_profile000345.png/png
 grid1/grid1_000350.png/png
 burst_profile/burst_profile000350.png/png
 grid1/grid1_000355.png/png
 burst_profile/burst_profile000355.png/png
       retry log10(dt/yr), log10(dt), retry_factor     1   356       -5.692187        1.806924        0.500000
 grid1/grid1_000360.png/png
 burst_profile/burst_profile000360.png/png
       retry log10(dt/yr), log10(dt), retry_factor     1   361       -5.639534        1.859577        0.500000
       retry log10(dt/yr), log10(dt), retry_factor     2   361       -5.940564        1.558547        0.500000
 grid1/grid1_000365.png/png
 burst_profile/burst_profile000365.png/png
       retry log10(dt/yr), log10(dt), retry_factor     1   367       -5.543944        1.955168        0.500000
 grid1/grid1_000370.png/png
 burst_profile/burst_profile000370.png/png
       retry log10(dt/yr), log10(dt), retry_factor     1   372       -5.242914        2.256198        0.500000
       retry log10(dt/yr), log10(dt), retry_factor     2   372       -5.543944        1.955168        0.500000
 have reached retry limit so now backup
       retry log10(dt/yr), log10(dt), retry_factor     1   373       -5.941884        1.557228        0.500000
 grid1/grid1_000375.png/png
 burst_profile/burst_profile000375.png/png
       retry log10(dt/yr), log10(dt), retry_factor     1   379       -5.487128        2.011983        0.500000
 grid1/grid1_000380.png/png
 burst_profile/burst_profile000380.png/png
       retry log10(dt/yr), log10(dt), retry_factor     1   384       -5.487222        2.011890        0.500000
 grid1/grid1_000385.png/png
 burst_profile/burst_profile000385.png/png
       retry log10(dt/yr), log10(dt), retry_factor     1   386       -5.788252        1.710860        0.500000
       retry log10(dt/yr), log10(dt), retry_factor     2   386       -6.089282        1.409830        0.500000
 have reached retry limit so now backup
       retry log10(dt/yr), log10(dt), retry_factor     1   385       -6.390312        1.108800        0.500000
 grid1/grid1_000385.png/png
 burst_profile/burst_profile000385.png/png
       retry log10(dt/yr), log10(dt), retry_factor     1   386       -6.691342        0.807770        0.500000
       retry log10(dt/yr), log10(dt), retry_factor     2   386       -6.992372        0.506740        0.500000
 have reached retry limit so now backup
 grid1/grid1_000385.png/png
 burst_profile/burst_profile000385.png/png
       retry log10(dt/yr), log10(dt), retry_factor     1   388       -7.293402        0.205710        0.500000
       retry log10(dt/yr), log10(dt), retry_factor     2   388       -7.594432       -0.095320        0.500000
 have reached retry limit so now backup
       retry log10(dt/yr), log10(dt), retry_factor     1   388       -7.895462       -0.396350        0.500000
 grid1/grid1_000390.png/png
 burst_profile/burst_profile000390.png/png
 grid1/grid1_000395.png/png
 burst_profile/burst_profile000395.png/png
        400   8.354599  3.714E+06   1.567134   1.596938   1.400000   1.400000   0.000000   0.000000   0.275200   0.066116  15.634954    750     75
  -4.994188   6.670097  -4.792863  -0.588338   0.739810  -8.522879   0.000000   0.000000   0.000000   0.020000   0.046830 101.124264      6     17
 5.2640E-04  23.271554   1.647192   0.373614  13.601163  -1.101026   0.000000   0.000000   0.000000   0.000687  8.871E-01  0.947E-13          dH/H

 grid1/grid1_000400.png/png
 burst_profile/burst_profile000400.png/png
       retry log10(dt/yr), log10(dt), retry_factor     1   402       -5.461863        2.037248        0.500000
       retry log10(dt/yr), log10(dt), retry_factor     2   402       -5.762893        1.736218        0.500000
hydro_newton_step failed to accept
       retry log10(dt/yr), log10(dt), retry_factor     1   403       -6.160833        1.338278        0.500000
 grid1/grid1_000405.png/png
 burst_profile/burst_profile000405.png/png
       retry log10(dt/yr), log10(dt), retry_factor     1   408       -5.734324        1.764787        0.500000
hydro_newton_step failed to accept
       retry log10(dt/yr), log10(dt), retry_factor     1   409       -6.132264        1.366847        0.500000
 grid1/grid1_000410.png/png
 burst_profile/burst_profile000410.png/png
       retry log10(dt/yr), log10(dt), retry_factor     1   414       -5.732566        1.766546        0.500000
hydro_newton_step failed to accept
       retry log10(dt/yr), log10(dt), retry_factor     2   414       -6.033596        1.465516        0.500000
 grid1/grid1_000415.png/png
 burst_profile/burst_profile000415.png/png
       retry log10(dt/yr), log10(dt), retry_factor     1   419       -6.000976        1.498136        0.500000
hydro_newton_step failed to accept
       retry log10(dt/yr), log10(dt), retry_factor     2   419       -6.302006        1.197106        0.500000
 grid1/grid1_000420.png/png
 burst_profile/burst_profile000420.png/png
        421   8.420781  4.397E+06   1.901764   2.001089   1.400000   1.400000   0.000000   0.000000   0.275200   0.075842  13.469179    766     84
  -6.000976   6.674514  -4.792813   1.099290   1.078874  -8.522879   0.000000   0.000000   0.000000   0.020000   0.053760  87.125687      6     17
 5.8482E-04  23.281020   1.940674   0.899068  13.793267  -0.983975   0.000000   0.000000   0.000000   0.000687  8.704E-01  0.204E-11          hold

save LOGS/profile3.data for model 421
       retry log10(dt/yr), log10(dt), retry_factor     1   423       -6.302006        1.197106        0.500000
       retry log10(dt/yr), log10(dt), retry_factor     1   424       -6.603036        0.896076        0.500000
       retry log10(dt/yr), log10(dt), retry_factor     1   425       -6.904066        0.595046        0.500000
 grid1/grid1_000425.png/png
 burst_profile/burst_profile000425.png/png
       retry log10(dt/yr), log10(dt), retry_factor     1   427       -7.205096        0.294016        0.500000
       retry log10(dt/yr), log10(dt), retry_factor     1   428       -7.589014       -0.089903        0.500000
 grid1/grid1_000430.png/png
 burst_profile/burst_profile000430.png/png
       retry log10(dt/yr), log10(dt), retry_factor     1   432       -7.589014       -0.089903        0.500000
 grid1/grid1_000435.png/png
 burst_profile/burst_profile000435.png/png
       retry log10(dt/yr), log10(dt), retry_factor     1   436       -7.807742       -0.308631        0.500000
       retry log10(dt/yr), log10(dt), retry_factor     2   436       -8.108772       -0.609661        0.500000
 have reached retry limit so now backup
 grid1/grid1_000435.png/png
 burst_profile/burst_profile000435.png/png
 grid1/grid1_000440.png/png
 burst_profile/burst_profile000440.png/png
       retry log10(dt/yr), log10(dt), retry_factor     1   441       -8.032241       -0.533130        0.500000
       retry log10(dt/yr), log10(dt), retry_factor     1   442       -8.381520       -0.882408        0.500000
 grid1/grid1_000445.png/png
 burst_profile/burst_profile000445.png/png
 grid1/grid1_000450.png/png
 burst_profile/burst_profile000450.png/png
 grid1/grid1_000455.png/png
 burst_profile/burst_profile000455.png/png
 grid1/grid1_000460.png/png
 burst_profile/burst_profile000460.png/png
 grid1/grid1_000465.png/png
 burst_profile/burst_profile000465.png/png
 grid1/grid1_000470.png/png
 burst_profile/burst_profile000470.png/png
hydro_newton_step failed to accept
       retry log10(dt/yr), log10(dt), retry_factor     1   474       -9.330881       -1.831769        0.500000
hydro_newton_step failed to accept
       retry log10(dt/yr), log10(dt), retry_factor     1   475       -9.417836       -1.918724        0.500000
 grid1/grid1_000475.png/png
 burst_profile/burst_profile000475.png/png
 grid1/grid1_000480.png/png
 burst_profile/burst_profile000480.png/png
 grid1/grid1_000485.png/png
 burst_profile/burst_profile000485.png/png
 grid1/grid1_000490.png/png
 burst_profile/burst_profile000490.png/png
 grid1/grid1_000495.png/png
 burst_profile/burst_profile000495.png/png
        500   8.650531  2.226E+07   3.575861   6.713441   1.400000   1.400000   0.000000   0.000000   0.287398   0.063036   7.672205    840     96
  -8.610560   6.661362  -4.791643   2.960512   4.287821  -8.522879   0.000000   0.000000   0.000000   0.226924   0.039898  50.817306      7     18
 5.8866E-04  23.281477   4.760222   6.713048  14.979866  -0.857810   0.000000   0.000000   0.000000   0.000687  8.971E-01 -0.349E-07      lgT_cntr

save LOGS/profile4.data for model 500
save photos/x500 for model 500
 grid1/grid1_000500.png/png
 burst_profile/burst_profile000500.png/png
 grid1/grid1_000505.png/png
 burst_profile/burst_profile000505.png/png
 grid1/grid1_000510.png/png
 burst_profile/burst_profile000510.png/png
 grid1/grid1_000515.png/png
 burst_profile/burst_profile000515.png/png
 grid1/grid1_000520.png/png
 burst_profile/burst_profile000520.png/png
 grid1/grid1_000525.png/png
 burst_profile/burst_profile000525.png/png
 grid1/grid1_000530.png/png
 burst_profile/burst_profile000530.png/png
       retry log10(dt/yr), log10(dt), retry_factor     1   534       -7.638840       -0.139729        0.500000
       retry log10(dt/yr), log10(dt), retry_factor     2   534       -7.939870       -0.440759        0.500000
 have reached retry limit so now backup
 grid1/grid1_000535.png/png
 burst_profile/burst_profile000535.png/png
hydro_newton_step failed to accept
       retry log10(dt/yr), log10(dt), retry_factor     1   538       -8.273948       -0.774836        0.500000
hydro_newton_step failed to accept
       retry log10(dt/yr), log10(dt), retry_factor     2   538       -8.574978       -1.075866        0.500000
       retry log10(dt/yr), log10(dt), retry_factor     1   540       -8.473680       -0.974568        0.500000
 grid1/grid1_000540.png/png
 burst_profile/burst_profile000540.png/png
hydro_newton_step failed to accept
       retry log10(dt/yr), log10(dt), retry_factor     1   544       -8.473680       -0.974568        0.500000
 grid1/grid1_000545.png/png
 burst_profile/burst_profile000545.png/png
 grid1/grid1_000550.png/png
 burst_profile/burst_profile000550.png/png
       retry log10(dt/yr), log10(dt), retry_factor     1   555       -8.068844       -0.569733        0.500000
 grid1/grid1_000555.png/png
 burst_profile/burst_profile000555.png/png
 grid1/grid1_000560.png/png
 burst_profile/burst_profile000560.png/png
 grid1/grid1_000565.png/png
 burst_profile/burst_profile000565.png/png
 grid1/grid1_000570.png/png
 burst_profile/burst_profile000570.png/png
 grid1/grid1_000575.png/png
 burst_profile/burst_profile000575.png/png
       retry log10(dt/yr), log10(dt), retry_factor     1   577       -7.959225       -0.460113        0.500000
 grid1/grid1_000580.png/png
 burst_profile/burst_profile000580.png/png
       retry log10(dt/yr), log10(dt), retry_factor     1   584       -7.710482       -0.211371        0.500000
       retry log10(dt/yr), log10(dt), retry_factor     2   584       -8.011512       -0.512401        0.500000
 grid1/grid1_000585.png/png
 burst_profile/burst_profile000585.png/png
hydro_newton_step failed to accept
       retry log10(dt/yr), log10(dt), retry_factor     1   590       -7.590799       -0.091687        0.500000
hydro_newton_step failed to accept
       retry log10(dt/yr), log10(dt), retry_factor     2   590       -7.891829       -0.392717        0.500000
 grid1/grid1_000590.png/png
 burst_profile/burst_profile000590.png/png
 grid1/grid1_000595.png/png
 burst_profile/burst_profile000595.png/png
        600   8.704188  7.399E+06   1.273172   2.363558   1.400000   1.400000   0.000000   0.000000   0.275200   0.017930   6.685190    870    108
  -6.900795   6.656354  -4.792781   1.138593   1.885972  -8.522879   0.000000   0.000000   0.000000   0.020000   0.019415  44.738954      6     19
 5.9271E-04  23.282283   2.844713   2.297661  14.281729  -0.732949   0.000000   0.000000   0.000000   0.000687  9.627E-01  0.344E-10        lgTeff

 grid1/grid1_000600.png/png
 burst_profile/burst_profile000600.png/png
 grid1/grid1_000605.png/png
 burst_profile/burst_profile000605.png/png
 grid1/grid1_000610.png/png
 burst_profile/burst_profile000610.png/png
 grid1/grid1_000615.png/png
 burst_profile/burst_profile000615.png/png
 grid1/grid1_000620.png/png
 burst_profile/burst_profile000620.png/png
 grid1/grid1_000625.png/png
 burst_profile/burst_profile000625.png/png
 grid1/grid1_000630.png/png
 burst_profile/burst_profile000630.png/png
 grid1/grid1_000635.png/png
 burst_profile/burst_profile000635.png/png
       retry log10(dt/yr), log10(dt), retry_factor     1   639       -5.466391        2.032721        0.500000
 grid1/grid1_000640.png/png
 burst_profile/burst_profile000640.png/png
       retry log10(dt/yr), log10(dt), retry_factor     1   642       -5.864331        1.634781        0.500000
 grid1/grid1_000645.png/png
 burst_profile/burst_profile000645.png/png
       retry log10(dt/yr), log10(dt), retry_factor     1   648       -5.262271        2.236841        0.500000
hydro_newton_step failed to accept
       retry log10(dt/yr), log10(dt), retry_factor     2   648       -5.563301        1.935811        0.500000
 have reached retry limit so now backup
       retry log10(dt/yr), log10(dt), retry_factor     1   649       -6.058151        1.440961        0.500000
       retry log10(dt/yr), log10(dt), retry_factor     1   650       -6.359181        1.139931        0.500000
 grid1/grid1_000650.png/png
 burst_profile/burst_profile000650.png/png
 grid1/grid1_000655.png/png
 burst_profile/burst_profile000655.png/png
       retry log10(dt/yr), log10(dt), retry_factor     1   658       -5.155061        2.344051        0.500000
       retry log10(dt/yr), log10(dt), retry_factor     2   658       -5.456091        2.043021        0.500000
 have reached retry limit so now backup
       retry log10(dt/yr), log10(dt), retry_factor     1   659       -5.950941        1.548170        0.500000
       retry log10(dt/yr), log10(dt), retry_factor     1   660       -6.251971        1.247140        0.500000
 grid1/grid1_000660.png/png
 burst_profile/burst_profile000660.png/png
 grid1/grid1_000665.png/png
 burst_profile/burst_profile000665.png/png
       retry log10(dt/yr), log10(dt), retry_factor     1   667       -5.523824        1.975288        0.500000
 grid1/grid1_000670.png/png
 burst_profile/burst_profile000670.png/png
       retry log10(dt/yr), log10(dt), retry_factor     1   671       -5.668651        1.830460        0.500000
 grid1/grid1_000675.png/png
 burst_profile/burst_profile000675.png/png
       retry log10(dt/yr), log10(dt), retry_factor     1   677       -5.555309        1.943802        0.500000
       retry log10(dt/yr), log10(dt), retry_factor     2   677       -5.856339        1.642772        0.500000
 have reached retry limit so now backup
 grid1/grid1_000680.png/png
 burst_profile/burst_profile000680.png/png
hydro_newton_step failed to accept
       retry log10(dt/yr), log10(dt), retry_factor     1   681       -5.932500        1.566611        0.500000
       retry log10(dt/yr), log10(dt), retry_factor     1   684       -5.509829        1.989283        0.500000
 grid1/grid1_000685.png/png
 burst_profile/burst_profile000685.png/png
       retry log10(dt/yr), log10(dt), retry_factor     1   687       -5.854942        1.644170        0.500000
hydro_newton_step failed to accept
       retry log10(dt/yr), log10(dt), retry_factor     1   688       -6.252882        1.246230        0.500000
       retry log10(dt/yr), log10(dt), retry_factor     2   688       -6.553912        0.945200        0.500000
 grid1/grid1_000690.png/png
 burst_profile/burst_profile000690.png/png
hydro_newton_step failed to accept
       retry log10(dt/yr), log10(dt), retry_factor     1   694       -6.207803        1.291308        0.500000
hydro_newton_step failed to accept
       retry log10(dt/yr), log10(dt), retry_factor     2   694       -6.508833        0.990278        0.500000
hydro_newton_step failed to accept
       retry log10(dt/yr), log10(dt), retry_factor     1   695       -6.543012        0.956100        0.500000
       retry log10(dt/yr), log10(dt), retry_factor     2   695       -6.844042        0.655070        0.500000
 grid1/grid1_000695.png/png
 burst_profile/burst_profile000695.png/png
       retry log10(dt/yr), log10(dt), retry_factor     1   696       -7.145072        0.354040        0.500000
        700   8.401722  4.185E+06   1.798977   1.860503   1.400000   1.400000   0.000000   0.000000   0.275200   0.068031  14.589308    907    132
  -6.543012   6.702524  -4.792813   0.746376   0.968068  -8.522879   0.000000   0.000000   0.000000   0.020000   0.049743  93.012458      6     22
 8.5167E-04  23.321859   1.854712   0.602451  13.737434  -1.017735   0.000000   0.000000   0.000000   0.000687  8.822E-01  0.189E-10  max increase

 grid1/grid1_000700.png/png
 burst_profile/burst_profile000700.png/png
       retry log10(dt/yr), log10(dt), retry_factor     1   704       -6.128504        1.370607        0.500000
hydro_newton_step failed to accept
       retry log10(dt/yr), log10(dt), retry_factor     1   705       -6.526444        0.972667        0.500000
 grid1/grid1_000705.png/png
 burst_profile/burst_profile000705.png/png
hydro_newton_step failed to accept
       retry log10(dt/yr), log10(dt), retry_factor     1   706       -6.827474        0.671637        0.500000
       retry log10(dt/yr), log10(dt), retry_factor     2   706       -7.128504        0.370607        0.500000
       retry log10(dt/yr), log10(dt), retry_factor     1   707       -7.429534        0.069577        0.500000
 grid1/grid1_000710.png/png
 burst_profile/burst_profile000710.png/png
       retry log10(dt/yr), log10(dt), retry_factor     1   714       -6.526444        0.972667        0.500000
       retry log10(dt/yr), log10(dt), retry_factor     1   715       -6.827474        0.671637        0.500000
 grid1/grid1_000715.png/png
 burst_profile/burst_profile000715.png/png
       retry log10(dt/yr), log10(dt), retry_factor     1   716       -7.128504        0.370607        0.500000
       retry log10(dt/yr), log10(dt), retry_factor     1   717       -7.429534        0.069577        0.500000
       retry log10(dt/yr), log10(dt), retry_factor     1   720       -7.730564       -0.231453        0.500000
 grid1/grid1_000720.png/png
 burst_profile/burst_profile000720.png/png
       retry log10(dt/yr), log10(dt), retry_factor     1   723       -8.031594       -0.532483        0.500000
 grid1/grid1_000725.png/png
 burst_profile/burst_profile000725.png/png
 grid1/grid1_000730.png/png
 burst_profile/burst_profile000730.png/png
       retry log10(dt/yr), log10(dt), retry_factor     1   731       -8.807278       -1.308167        0.500000
 grid1/grid1_000735.png/png
 burst_profile/burst_profile000735.png/png
 grid1/grid1_000740.png/png
 burst_profile/burst_profile000740.png/png
 grid1/grid1_000745.png/png
 burst_profile/burst_profile000745.png/png
 grid1/grid1_000750.png/png
 burst_profile/burst_profile000750.png/png
       retry log10(dt/yr), log10(dt), retry_factor     1   755       -9.269016       -1.769905        0.500000
 grid1/grid1_000755.png/png
 burst_profile/burst_profile000755.png/png
       retry log10(dt/yr), log10(dt), retry_factor     1   759       -9.269016       -1.769905        0.500000
 grid1/grid1_000760.png/png
 burst_profile/burst_profile000760.png/png
hydro_newton_step failed to accept
       retry log10(dt/yr), log10(dt), retry_factor     1   763       -9.273101       -1.773990        0.500000
 grid1/grid1_000765.png/png
 burst_profile/burst_profile000765.png/png
 grid1/grid1_000770.png/png
 burst_profile/burst_profile000770.png/png
 grid1/grid1_000775.png/png
 burst_profile/burst_profile000775.png/png
 grid1/grid1_000780.png/png
 burst_profile/burst_profile000780.png/png
 grid1/grid1_000785.png/png
 burst_profile/burst_profile000785.png/png
 grid1/grid1_000790.png/png
 burst_profile/burst_profile000790.png/png
 grid1/grid1_000795.png/png
 burst_profile/burst_profile000795.png/png
        800   8.867083  2.126E+07   3.485244   6.461824   1.400000   1.400000   0.000000   0.000000   0.280619   0.049266   4.428282    924    147
  -8.143046   6.659073  -4.791780   2.900891   4.148151  -8.522879   0.000000   0.000000   0.000000   0.271021   0.034001  30.810373      7     22
 8.6106E-04  23.323074   4.680481   6.461246  14.931773  -0.813617   0.000000   0.000000   0.000000   0.000687  9.167E-01  0.123E-07      lgT_cntr

 grid1/grid1_000800.png/png
 burst_profile/burst_profile000800.png/png
 grid1/grid1_000805.png/png
 burst_profile/burst_profile000805.png/png
 grid1/grid1_000810.png/png
 burst_profile/burst_profile000810.png/png
 grid1/grid1_000815.png/png
 burst_profile/burst_profile000815.png/png
       retry log10(dt/yr), log10(dt), retry_factor     1   817       -7.790917       -0.291806        0.500000
       retry log10(dt/yr), log10(dt), retry_factor     1   818       -8.188857       -0.689746        0.500000
       retry log10(dt/yr), log10(dt), retry_factor     2   818       -8.489887       -0.990776        0.500000
 have reached retry limit so now backup
       retry log10(dt/yr), log10(dt), retry_factor     1   820       -8.790917       -1.291806        0.500000
       retry log10(dt/yr), log10(dt), retry_factor     2   820       -9.091947       -1.592836        0.500000
 have reached retry limit so now backup
 grid1/grid1_000820.png/png
 burst_profile/burst_profile000820.png/png
       retry log10(dt/yr), log10(dt), retry_factor     1   822       -9.392977       -1.893866        0.500000
 grid1/grid1_000825.png/png
 burst_profile/burst_profile000825.png/png
       retry log10(dt/yr), log10(dt), retry_factor     1   827       -9.091947       -1.592836        0.500000
 grid1/grid1_000830.png/png
 burst_profile/burst_profile000830.png/png
hydro_newton_step failed to accept
       retry log10(dt/yr), log10(dt), retry_factor     1   833       -8.489887       -0.990776        0.500000
 grid1/grid1_000835.png/png
 burst_profile/burst_profile000835.png/png
 grid1/grid1_000840.png/png
 burst_profile/burst_profile000840.png/png
 grid1/grid1_000845.png/png
 burst_profile/burst_profile000845.png/png
 grid1/grid1_000850.png/png
 burst_profile/burst_profile000850.png/png
 grid1/grid1_000855.png/png
 burst_profile/burst_profile000855.png/png
 grid1/grid1_000860.png/png
 burst_profile/burst_profile000860.png/png
       retry log10(dt/yr), log10(dt), retry_factor     1   862       -7.700006       -0.200895        0.500000
 grid1/grid1_000865.png/png
 burst_profile/burst_profile000865.png/png
       retry log10(dt/yr), log10(dt), retry_factor     1   867       -7.444353        0.054758        0.500000
       retry log10(dt/yr), log10(dt), retry_factor     1   868       -7.745383       -0.246272        0.500000
       retry log10(dt/yr), log10(dt), retry_factor     2   868       -8.046413       -0.547302        0.500000
 grid1/grid1_000870.png/png
 burst_profile/burst_profile000870.png/png
       retry log10(dt/yr), log10(dt), retry_factor     1   874       -7.449335        0.049777        0.500000
 grid1/grid1_000875.png/png
 burst_profile/burst_profile000875.png/png
 grid1/grid1_000880.png/png
 burst_profile/burst_profile000880.png/png
 grid1/grid1_000885.png/png
 burst_profile/burst_profile000885.png/png
 grid1/grid1_000890.png/png
 burst_profile/burst_profile000890.png/png

stop because model_number >= max_model_number
      892      892

        892   8.624068  5.971E+06   1.190795   2.064447   1.400000   1.400000   0.000000   0.000000   0.275200   0.016685   8.520834    867    160
  -6.418989   6.693006  -4.792827   0.498006   1.656168  -8.522879   0.000000   0.000000   0.000000   0.020000   0.018131  55.337975      6     24
 8.6707E-04  23.324107   2.472158   1.988258  14.111182  -0.803582   0.000000   0.000000   0.000000   0.000687  9.652E-01  0.402E-11      lgT_cntr

save LOGS/profile5.data for model 892
save photos/x892 for model 892
save abund_profile_r_sn100_ng_sn101_01.data for model 892
 saved to final.mod
termination code: max_model_number
        892   8.624068  5.971E+06   1.190795   2.064447   1.400000   1.400000   0.000000   0.000000   0.275200   0.016685   8.520834    867    160
  -6.418989   6.693006  -4.792827   0.498006   1.656168  -8.522879   0.000000   0.000000   0.000000   0.020000   0.018131  55.337975      6     24
 8.6707E-04  23.324107   2.472158   1.988258  14.111182  -0.803582   0.000000   0.000000   0.000000   0.000687  9.652E-01  0.402E-11      lgT_cntr

DATE: 2020-09-04
TIME: 04:09:16
