ls: cannot access './197/photos': No such file or directory
starting from scratch 
                                         version_number       10108
 read /hpc/group/physics/al363/low_overhead/sens/base/inlist_base
 read inlist_cluster
load saved model /hpc/group/physics/al363/sens/base/ns_relax.mod

 change to /hpc/group/physics/al363/sens/base/rp_305.net
           set special rate factor for r_in103_ng_in104         197    1.0000000000000000D-02
           set special rate factor for r_in104_gn_in103         198    1.0000000000000000D-02
           set special rate factor for r_in103_ng_in104         197    1.0000000000000000D-02
           set special rate factor for r_in104_gn_in103         198    1.0000000000000000D-02
 number of species         305
 read /hpc/group/physics/al363/low_overhead/sens/base/history_custom_low_overhead
 read /hpc/group/physics/al363/low_overhead/sens/base/profile_custom_low_overhead
 net name /hpc/group/physics/al363/sens/base/rp_305.net
 v_flag T
                                           xmstar/mstar    4.5461189430843640D-12
                                             xmstar (g)    1.2660395722219186D+22
                                           M_center (g)    2.7848799999878681D+33
                                            xmstar/Msun    6.3645665203193175D-12
                                          M_center/Msun    1.3999999999939012D+00
                                          R_center (cm)    1.1200000000000000D+06
                                          R_center/Rsun    1.6092416448748527D-05
                                           core density    4.7322078204273819D+14
                                          L_center/Lsun    4.1647144567650578D+00
 kappa_file_prefix gs98
 kappa_lowT_prefix lowT_fa05_gs98

   eos_file_prefix mesa
                                        OMP_NUM_THREADS           8


__________________________________________________________________________________________________________________________________________________

       step    lg_Tcntr    Teff       lg_LH     lg_Lnuc     Mass       H_rich     H_cntr     N_cntr     Y_surf     X_avg     eta_cntr  zones retry
   lg_dt_yr    lg_Dcntr    lg_R       lg_L3a    lg_Lneu     lg_Mdot    He_core    He_cntr    O_cntr     Z_surf     Y_avg     gam_cntr  iters bckup
     age_yr    lg_Pcntr    lg_L       lg_LZ     lg_Psurf    lg_Dsurf   C_core     C_cntr     Ne_cntr    Si_cntr    Z_avg     v_div_cs     dt_limit
__________________________________________________________________________________________________________________________________________________

save LOGS/profile1.data for model 2
         12   8.207068  1.596E+06   0.422373   0.422680   1.400000   1.400000   0.000000   0.000000   0.275200   0.032716  18.782540    782      0
  -5.834864   6.544453  -4.792968 -17.300136  -0.755568  -8.522879   0.000000   0.000000   0.000000   0.020000   0.012436 128.974929      6      0
 9.8181E-06  23.077272   0.179446  -2.727454  12.804639  -1.522785   0.000000   0.000000   0.000000   0.000687  9.548E-01 -0.112E-12      lgT_cntr

save LOGS/profile2.data for model 12
       retry log10(dt/yr), log10(dt), retry_factor     1    34       -5.396345        2.102767        0.500000
       retry log10(dt/yr), log10(dt), retry_factor     1    38       -5.396345        2.102767        0.500000
       retry log10(dt/yr), log10(dt), retry_factor     1    42       -5.396345        2.102767        0.500000
       retry log10(dt/yr), log10(dt), retry_factor     1    46       -5.396345        2.102767        0.500000
       retry log10(dt/yr), log10(dt), retry_factor     1    51       -5.095315        2.403797        0.500000
       retry log10(dt/yr), log10(dt), retry_factor     1    52       -5.095315        2.403797        0.500000
       retry log10(dt/yr), log10(dt), retry_factor     1    53       -5.095315        2.403797        0.500000
       retry log10(dt/yr), log10(dt), retry_factor     1    54       -5.095315        2.403797        0.500000
       retry log10(dt/yr), log10(dt), retry_factor     1    55       -5.095315        2.403797        0.500000
       retry log10(dt/yr), log10(dt), retry_factor     1    56       -5.095315        2.403797        0.500000
       retry log10(dt/yr), log10(dt), retry_factor     2    56       -5.396345        2.102767        0.500000
       retry log10(dt/yr), log10(dt), retry_factor     1    60       -5.396345        2.102767        0.500000
       retry log10(dt/yr), log10(dt), retry_factor     1    61       -5.697375        1.801737        0.500000
       retry log10(dt/yr), log10(dt), retry_factor     1    62       -5.998405        1.500707        0.500000
       retry log10(dt/yr), log10(dt), retry_factor     1    64       -6.299435        1.199677        0.500000
hydro_newton_step failed to accept
       retry log10(dt/yr), log10(dt), retry_factor     1    65       -6.600465        0.898647        0.500000
       retry log10(dt/yr), log10(dt), retry_factor     1    67       -6.901495        0.597617        0.500000
       retry log10(dt/yr), log10(dt), retry_factor     1    69       -7.202525        0.296587        0.500000
       retry log10(dt/yr), log10(dt), retry_factor     1    70       -7.503555       -0.004443        0.500000
       retry log10(dt/yr), log10(dt), retry_factor     1    72       -7.804585       -0.305473        0.500000
       retry log10(dt/yr), log10(dt), retry_factor     1    74       -8.105615       -0.606503        0.500000
       retry log10(dt/yr), log10(dt), retry_factor     1    75       -8.439704       -0.940592        0.500000
       retry log10(dt/yr), log10(dt), retry_factor     1   142       -8.644644       -1.145533        0.500000
       retry log10(dt/yr), log10(dt), retry_factor     1   143       -9.042584       -1.543473        0.500000
       retry log10(dt/yr), log10(dt), retry_factor     1   152       -9.051214       -1.552102        0.500000
       retry log10(dt/yr), log10(dt), retry_factor     1   159       -8.805822       -1.306711        0.500000
       retry log10(dt/yr), log10(dt), retry_factor     1   171       -8.819964       -1.320853        0.500000
       retry log10(dt/yr), log10(dt), retry_factor     1   187       -7.427116        0.071995        0.500000
       retry log10(dt/yr), log10(dt), retry_factor     1   193       -7.772864       -0.273753        0.500000
       retry log10(dt/yr), log10(dt), retry_factor     2   193       -8.073894       -0.574783        0.500000
 have reached retry limit so now backup
hydro_newton_step failed to accept
       retry log10(dt/yr), log10(dt), retry_factor     1   196       -8.496129       -0.997018        0.500000
hydro_newton_step failed to accept
       retry log10(dt/yr), log10(dt), retry_factor     1   197       -8.496129       -0.997018        0.500000
       retry log10(dt/yr), log10(dt), retry_factor     1   199       -8.195099       -0.695988        0.500000
hydro_newton_step failed to accept
       retry log10(dt/yr), log10(dt), retry_factor     2   199       -8.496129       -0.997018        0.500000
       retry log10(dt/yr), log10(dt), retry_factor     1   209       -7.717063       -0.217952        0.500000
       retry log10(dt/yr), log10(dt), retry_factor     1   224       -8.076999       -0.577888        0.500000
hydro_newton_step failed to accept
       retry log10(dt/yr), log10(dt), retry_factor     1   234       -7.642525       -0.143414        0.500000
       retry log10(dt/yr), log10(dt), retry_factor     1   279       -6.401549        1.097562        0.500000
       retry log10(dt/yr), log10(dt), retry_factor     1   288       -5.576816        1.922295        0.500000
       retry log10(dt/yr), log10(dt), retry_factor     2   288       -5.877846        1.621265        0.500000
 have reached retry limit so now backup
       retry log10(dt/yr), log10(dt), retry_factor     1   291       -6.178876        1.320235        0.500000
       retry log10(dt/yr), log10(dt), retry_factor     1   296       -5.877846        1.621265        0.500000
       retry log10(dt/yr), log10(dt), retry_factor     1   301       -5.702155        1.796957        0.500000
       retry log10(dt/yr), log10(dt), retry_factor     1   302       -6.003185        1.495927        0.500000
       retry log10(dt/yr), log10(dt), retry_factor     1   303       -6.304215        1.194897        0.500000
       retry log10(dt/yr), log10(dt), retry_factor     1   310       -5.595955        1.903156        0.500000
       retry log10(dt/yr), log10(dt), retry_factor     1   317       -5.401200        2.097912        0.500000
hydro_newton_step failed to accept
       retry log10(dt/yr), log10(dt), retry_factor     2   317       -5.702230        1.796882        0.500000
       retry log10(dt/yr), log10(dt), retry_factor     1   318       -6.003260        1.495852        0.500000
       retry log10(dt/yr), log10(dt), retry_factor     1   325       -5.355923        2.143189        0.500000
       retry log10(dt/yr), log10(dt), retry_factor     1   326       -5.753863        1.745249        0.500000
hydro_newton_step failed to accept
       retry log10(dt/yr), log10(dt), retry_factor     2   326       -6.054893        1.444219        0.500000
       retry log10(dt/yr), log10(dt), retry_factor     1   327       -6.355923        1.143189        0.500000
       retry log10(dt/yr), log10(dt), retry_factor     1   328       -6.656953        0.842159        0.500000
       retry log10(dt/yr), log10(dt), retry_factor     1   336       -5.452833        2.046279        0.500000
       retry log10(dt/yr), log10(dt), retry_factor     1   337       -5.753863        1.745249        0.500000
       retry log10(dt/yr), log10(dt), retry_factor     1   342       -5.536136        1.962975        0.500000
       retry log10(dt/yr), log10(dt), retry_factor     2   342       -5.837166        1.661945        0.500000
 have reached retry limit so now backup
hydro_newton_step failed to accept
       retry log10(dt/yr), log10(dt), retry_factor     1   348       -5.810990        1.688121        0.500000
hydro_newton_step failed to accept
       retry log10(dt/yr), log10(dt), retry_factor     2   348       -6.112020        1.387091        0.500000
 have reached retry limit so now backup
       retry log10(dt/yr), log10(dt), retry_factor     1   352       -6.160530        1.338581        0.500000
       retry log10(dt/yr), log10(dt), retry_factor     1   358       -5.987554        1.511557        0.500000
       retry log10(dt/yr), log10(dt), retry_factor     2   358       -6.288584        1.210527        0.500000
        359   8.432480  4.491E+06   2.555542   2.585438   1.400000   1.400000   0.000000   0.000000   0.275200   0.077713  12.016474    765     63
  -5.987554   6.606497  -4.792687   1.162345   1.131979  -8.522879   0.000000   0.000000   0.000000   0.020000   0.055819  80.495954      7      4
 5.8107E-04  23.180341   1.977561   1.044424  13.816775  -0.969869   0.000000   0.000000   0.000000   0.000687  8.665E-01 -0.571E-10          hold

save LOGS/profile3.data for model 359
       retry log10(dt/yr), log10(dt), retry_factor     1   362       -6.462998        1.036113        0.500000
       retry log10(dt/yr), log10(dt), retry_factor     2   362       -6.764028        0.735083        0.500000
hydro_newton_step failed to accept
       retry log10(dt/yr), log10(dt), retry_factor     1   363       -7.065058        0.434053        0.500000
       retry log10(dt/yr), log10(dt), retry_factor     1   365       -7.366088        0.133023        0.500000
       retry log10(dt/yr), log10(dt), retry_factor     1   368       -7.667118       -0.168007        0.500000
       retry log10(dt/yr), log10(dt), retry_factor     2   368       -7.968148       -0.469037        0.500000
       retry log10(dt/yr), log10(dt), retry_factor     1   370       -8.269178       -0.770067        0.500000
       retry log10(dt/yr), log10(dt), retry_factor     2   370       -8.570208       -1.071097        0.500000
       retry log10(dt/yr), log10(dt), retry_factor     1   377       -7.929579       -0.430467        0.500000
       retry log10(dt/yr), log10(dt), retry_factor     2   377       -8.230609       -0.731497        0.500000
       retry log10(dt/yr), log10(dt), retry_factor     1   378       -8.531639       -1.032527        0.500000
hydro_newton_step failed to accept
       retry log10(dt/yr), log10(dt), retry_factor     1   417       -9.269967       -1.770855        0.500000
       retry log10(dt/yr), log10(dt), retry_factor     1   467       -7.554299       -0.055187        0.500000
hydro_newton_step failed to accept
       retry log10(dt/yr), log10(dt), retry_factor     2   467       -7.855329       -0.356217        0.500000
 have reached retry limit so now backup
       retry log10(dt/yr), log10(dt), retry_factor     1   469       -8.439976       -0.940864        0.500000
hydro_newton_step failed to accept
       retry log10(dt/yr), log10(dt), retry_factor     1   470       -8.741006       -1.241894        0.500000
hydro_newton_step failed to accept
       retry log10(dt/yr), log10(dt), retry_factor     1   473       -8.741006       -1.241894        0.500000
hydro_newton_step failed to accept
       retry log10(dt/yr), log10(dt), retry_factor     2   473       -9.042036       -1.542924        0.500000
 have reached retry limit so now backup
 bad other yaxis for History panels plot num_zones

 ERROR: failed to find log_Teff in history data

 grid1/grid1_000500.png/png
       retry log10(dt/yr), log10(dt), retry_factor     1   509       -7.639699       -0.140588        0.500000
       retry log10(dt/yr), log10(dt), retry_factor     2   509       -7.940729       -0.441618        0.500000
       retry log10(dt/yr), log10(dt), retry_factor     1   514       -7.771752       -0.272641        0.500000
hydro_newton_step failed to accept
       retry log10(dt/yr), log10(dt), retry_factor     2   514       -8.072782       -0.573671        0.500000
 have reached retry limit so now backup
       retry log10(dt/yr), log10(dt), retry_factor     1   520       -7.634299       -0.135188        0.500000
       retry log10(dt/yr), log10(dt), retry_factor     2   520       -7.935329       -0.436218        0.500000
 have reached retry limit so now backup
       retry log10(dt/yr), log10(dt), retry_factor     1   526       -7.731556       -0.232444        0.500000
       retry log10(dt/yr), log10(dt), retry_factor     2   526       -8.032586       -0.533474        0.500000
       retry log10(dt/yr), log10(dt), retry_factor     1   573       -5.467834        2.031278        0.500000
       retry log10(dt/yr), log10(dt), retry_factor     1   577       -5.546311        1.952801        0.500000
hydro_newton_step failed to accept
       retry log10(dt/yr), log10(dt), retry_factor     2   577       -5.847341        1.651771        0.500000
       retry log10(dt/yr), log10(dt), retry_factor     1   583       -5.245281        2.253831        0.500000
hydro_newton_step failed to accept
       retry log10(dt/yr), log10(dt), retry_factor     2   583       -5.546311        1.952801        0.500000
 have reached retry limit so now backup
       retry log10(dt/yr), log10(dt), retry_factor     1   589       -5.379168        2.119943        0.500000
       retry log10(dt/yr), log10(dt), retry_factor     2   589       -5.680198        1.818913        0.500000
       retry log10(dt/yr), log10(dt), retry_factor     1   596       -5.418014        2.081097        0.500000
hydro_newton_step failed to accept
       retry log10(dt/yr), log10(dt), retry_factor     1   597       -5.815954        1.683157        0.500000
       retry log10(dt/yr), log10(dt), retry_factor     1   598       -6.116984        1.382127        0.500000
       retry log10(dt/yr), log10(dt), retry_factor     1   605       -5.213894        2.285217        0.500000
       retry log10(dt/yr), log10(dt), retry_factor     1   606       -5.514924        1.984187        0.500000
       retry log10(dt/yr), log10(dt), retry_factor     1   607       -5.912864        1.586247        0.500000
       retry log10(dt/yr), log10(dt), retry_factor     1   608       -6.274757        1.224355        0.500000
       retry log10(dt/yr), log10(dt), retry_factor     2   608       -6.575787        0.923325        0.500000
       retry log10(dt/yr), log10(dt), retry_factor     1   609       -6.876817        0.622295        0.500000
hydro_newton_step failed to accept
       retry log10(dt/yr), log10(dt), retry_factor     1   618       -5.765823        1.733288        0.500000
hydro_newton_step failed to accept
       retry log10(dt/yr), log10(dt), retry_factor     2   618       -6.066853        1.432258        0.500000
 have reached retry limit so now backup
       retry log10(dt/yr), log10(dt), retry_factor     1   623       -5.765823        1.733288        0.500000
       retry log10(dt/yr), log10(dt), retry_factor     2   623       -6.066853        1.432258        0.500000
 have reached retry limit so now backup
hydro_newton_step failed to accept
       retry log10(dt/yr), log10(dt), retry_factor     1   624       -6.561703        0.937408        0.500000
       retry log10(dt/yr), log10(dt), retry_factor     1   625       -6.862733        0.636378        0.500000
       retry log10(dt/yr), log10(dt), retry_factor     2   625       -7.163763        0.335348        0.500000
hydro_newton_step failed to accept
       retry log10(dt/yr), log10(dt), retry_factor     1   633       -5.959643        1.539468        0.500000
       retry log10(dt/yr), log10(dt), retry_factor     1   634       -5.959643        1.539468        0.500000
       retry log10(dt/yr), log10(dt), retry_factor     1   635       -6.260673        1.238438        0.500000
       retry log10(dt/yr), log10(dt), retry_factor     1   638       -6.618936        0.880176        0.500000
hydro_newton_step failed to accept
       retry log10(dt/yr), log10(dt), retry_factor     1   640       -6.919966        0.579146        0.500000
       retry log10(dt/yr), log10(dt), retry_factor     1   642       -6.919966        0.579146        0.500000
       retry log10(dt/yr), log10(dt), retry_factor     2   642       -7.220996        0.278116        0.500000
       retry log10(dt/yr), log10(dt), retry_factor     1   644       -7.522026       -0.022914        0.500000
       retry log10(dt/yr), log10(dt), retry_factor     1   645       -7.823056       -0.323944        0.500000
       retry log10(dt/yr), log10(dt), retry_factor     1   647       -8.124086       -0.624974        0.500000
       retry log10(dt/yr), log10(dt), retry_factor     2   647       -8.425116       -0.926004        0.500000
 have reached retry limit so now backup
       retry log10(dt/yr), log10(dt), retry_factor     1   653       -7.823056       -0.323944        0.500000
       retry log10(dt/yr), log10(dt), retry_factor     1   655       -8.220996       -0.721884        0.500000
       retry log10(dt/yr), log10(dt), retry_factor     1   659       -8.730947       -1.231835        0.500000
       retry log10(dt/yr), log10(dt), retry_factor     1   741       -7.544097       -0.044986        0.500000
       retry log10(dt/yr), log10(dt), retry_factor     2   741       -7.845127       -0.346016        0.500000
 have reached retry limit so now backup
       retry log10(dt/yr), log10(dt), retry_factor     1   745       -7.845127       -0.346016        0.500000
       retry log10(dt/yr), log10(dt), retry_factor     2   745       -8.146157       -0.647046        0.500000
 have reached retry limit so now backup
       retry log10(dt/yr), log10(dt), retry_factor     1   746       -8.447187       -0.948076        0.500000
       retry log10(dt/yr), log10(dt), retry_factor     2   746       -8.748217       -1.249106        0.500000
 have reached retry limit so now backup
       retry log10(dt/yr), log10(dt), retry_factor     1   746       -9.049247       -1.550136        0.500000
       retry log10(dt/yr), log10(dt), retry_factor     2   746       -9.350277       -1.851166        0.500000
       retry log10(dt/yr), log10(dt), retry_factor     1   757       -7.819608       -0.320496        0.500000
       retry log10(dt/yr), log10(dt), retry_factor     1   758       -8.217548       -0.718436        0.500000
hydro_newton_step failed to accept
       retry log10(dt/yr), log10(dt), retry_factor     1   759       -8.606365       -1.107254        0.500000
       retry log10(dt/yr), log10(dt), retry_factor     1   766       -7.968622       -0.469511        0.500000
       retry log10(dt/yr), log10(dt), retry_factor     1   805       -7.384224        0.114888        0.500000
       retry log10(dt/yr), log10(dt), retry_factor     1   849       -5.627909        1.871203        0.500000
       retry log10(dt/yr), log10(dt), retry_factor     2   849       -5.928939        1.570173        0.500000
 have reached retry limit so now backup
       retry log10(dt/yr), log10(dt), retry_factor     1   850       -6.326879        1.172233        0.500000
       retry log10(dt/yr), log10(dt), retry_factor     1   858       -5.361945        2.137166        0.500000
hydro_newton_step failed to accept
       retry log10(dt/yr), log10(dt), retry_factor     2   858       -5.662975        1.836136        0.500000
 have reached retry limit so now backup
       retry log10(dt/yr), log10(dt), retry_factor     1   863       -5.495129        2.003982        0.500000
       retry log10(dt/yr), log10(dt), retry_factor     1   868       -5.194099        2.305012        0.500000
       retry log10(dt/yr), log10(dt), retry_factor     2   868       -5.495129        2.003982        0.500000
 have reached retry limit so now backup
       retry log10(dt/yr), log10(dt), retry_factor     1   869       -5.989979        1.509132        0.500000
       retry log10(dt/yr), log10(dt), retry_factor     1   870       -6.291009        1.208102        0.500000
       retry log10(dt/yr), log10(dt), retry_factor     2   870       -6.592039        0.907072        0.500000
       retry log10(dt/yr), log10(dt), retry_factor     1   878       -5.387919        2.111192        0.500000
       retry log10(dt/yr), log10(dt), retry_factor     1   879       -5.688949        1.810162        0.500000
       retry log10(dt/yr), log10(dt), retry_factor     2   879       -5.989979        1.509132        0.500000
 have reached retry limit so now backup
       retry log10(dt/yr), log10(dt), retry_factor     1   882       -6.291009        1.208102        0.500000
       retry log10(dt/yr), log10(dt), retry_factor     2   882       -6.592039        0.907072        0.500000
       retry log10(dt/yr), log10(dt), retry_factor     1   890       -5.600202        1.898910        0.500000
       retry log10(dt/yr), log10(dt), retry_factor     2   890       -5.901232        1.597880        0.500000
 have reached retry limit so now backup
       retry log10(dt/yr), log10(dt), retry_factor     1   896       -5.547195        1.951916        0.500000
hydro_newton_step failed to accept
       retry log10(dt/yr), log10(dt), retry_factor     1   897       -5.945135        1.553976        0.500000
       retry log10(dt/yr), log10(dt), retry_factor     1   898       -6.246165        1.252946        0.500000
       retry log10(dt/yr), log10(dt), retry_factor     1   905       -5.594088        1.905023        0.500000
       retry log10(dt/yr), log10(dt), retry_factor     1   909       -5.691653        1.807458        0.500000
hydro_newton_step failed to accept
       retry log10(dt/yr), log10(dt), retry_factor     1   910       -6.089593        1.409518        0.500000
       retry log10(dt/yr), log10(dt), retry_factor     1   912       -6.452716        1.046396        0.500000
       retry log10(dt/yr), log10(dt), retry_factor     2   912       -6.753746        0.745366        0.500000
hydro_newton_step failed to accept
       retry log10(dt/yr), log10(dt), retry_factor     1   920       -5.799028        1.700084        0.500000
       retry log10(dt/yr), log10(dt), retry_factor     1   923       -5.984103        1.515008        0.500000
       retry log10(dt/yr), log10(dt), retry_factor     2   923       -6.285133        1.213978        0.500000
       retry log10(dt/yr), log10(dt), retry_factor     1   925       -6.586163        0.912948        0.500000
       retry log10(dt/yr), log10(dt), retry_factor     1   926       -6.937847        0.561265        0.500000
       retry log10(dt/yr), log10(dt), retry_factor     2   926       -7.238877        0.260235        0.500000
       retry log10(dt/yr), log10(dt), retry_factor     1   930       -7.238877        0.260235        0.500000
       retry log10(dt/yr), log10(dt), retry_factor     1   932       -7.539907       -0.040795        0.500000
       retry log10(dt/yr), log10(dt), retry_factor     1   934       -7.884960       -0.385849        0.500000
       retry log10(dt/yr), log10(dt), retry_factor     2   934       -8.185990       -0.686879        0.500000
       retry log10(dt/yr), log10(dt), retry_factor     1   935       -8.487020       -0.987909        0.500000
       retry log10(dt/yr), log10(dt), retry_factor     2   935       -8.788050       -1.288939        0.500000
       1000   8.681603  2.001E+07   3.422051   6.316865   1.400000   1.400000   0.000000   0.000000   0.275200   0.050002   6.935845   1024    177
  -8.416033   6.642222  -4.790433   2.789807   4.045273  -8.522879   0.000000   0.000000   0.000000   0.020000   0.035427  46.618666      6     20
 1.1147E-03  23.258400   4.577490   6.316182  14.845629  -0.957414   0.000000   0.000000   0.000000   0.000687  9.146E-01  0.242E-08      lgT_cntr

save LOGS/profile4.data for model 1000
save photos/1000 for model 1000
 bad other yaxis for History panels plot num_zones

 ERROR: failed to find log_Teff in history data

 grid1/grid1_001000.png/png
       retry log10(dt/yr), log10(dt), retry_factor     1  1026       -7.547423       -0.048312        0.500000
       retry log10(dt/yr), log10(dt), retry_factor     2  1026       -7.848453       -0.349342        0.500000
 have reached retry limit so now backup
hydro_newton_step failed to accept
       retry log10(dt/yr), log10(dt), retry_factor     1  1030       -8.524655       -1.025544        0.500000
       retry log10(dt/yr), log10(dt), retry_factor     2  1030       -8.825685       -1.326574        0.500000
       retry log10(dt/yr), log10(dt), retry_factor     1  1039       -7.865691       -0.366580        0.500000
       retry log10(dt/yr), log10(dt), retry_factor     1  1065       -7.983447       -0.484335        0.500000
       retry log10(dt/yr), log10(dt), retry_factor     1  1074       -7.817120       -0.318008        0.500000
       retry log10(dt/yr), log10(dt), retry_factor     2  1074       -8.118150       -0.619038        0.500000
 have reached retry limit so now backup
       retry log10(dt/yr), log10(dt), retry_factor     1  1082       -7.568232       -0.069120        0.500000
       retry log10(dt/yr), log10(dt), retry_factor     2  1082       -7.869262       -0.370150        0.500000
hydro_newton_step failed to accept
       retry log10(dt/yr), log10(dt), retry_factor     1  1089       -7.461859        0.037252        0.500000
       retry log10(dt/yr), log10(dt), retry_factor     2  1089       -7.762889       -0.263778        0.500000
       retry log10(dt/yr), log10(dt), retry_factor     1  1135       -5.883633        1.615479        0.500000
       retry log10(dt/yr), log10(dt), retry_factor     1  1136       -6.184663        1.314449        0.500000
       retry log10(dt/yr), log10(dt), retry_factor     2  1136       -6.485693        1.013419        0.500000
       retry log10(dt/yr), log10(dt), retry_factor     1  1144       -5.432476        2.066635        0.500000
       retry log10(dt/yr), log10(dt), retry_factor     1  1145       -5.830416        1.668695        0.500000
       retry log10(dt/yr), log10(dt), retry_factor     1  1146       -6.131446        1.367665        0.500000
       retry log10(dt/yr), log10(dt), retry_factor     1  1147       -6.432476        1.066635        0.500000
       retry log10(dt/yr), log10(dt), retry_factor     1  1155       -5.551827        1.947285        0.500000
       retry log10(dt/yr), log10(dt), retry_factor     2  1155       -5.852857        1.646255        0.500000
       retry log10(dt/yr), log10(dt), retry_factor     1  1161       -5.470078        2.029034        0.500000
       retry log10(dt/yr), log10(dt), retry_factor     2  1161       -5.771108        1.728004        0.500000
 have reached retry limit so now backup
       retry log10(dt/yr), log10(dt), retry_factor     1  1166       -5.470078        2.029034        0.500000
       retry log10(dt/yr), log10(dt), retry_factor     1  1170       -5.568648        1.930463        0.500000
       retry log10(dt/yr), log10(dt), retry_factor     1  1171       -5.966588        1.532523        0.500000
       retry log10(dt/yr), log10(dt), retry_factor     1  1177       -5.627372        1.871740        0.500000
hydro_newton_step failed to accept
       retry log10(dt/yr), log10(dt), retry_factor     1  1178       -6.025312        1.473800        0.500000
       retry log10(dt/yr), log10(dt), retry_factor     1  1179       -6.401142        1.097969        0.500000
       retry log10(dt/yr), log10(dt), retry_factor     2  1179       -6.702172        0.796939        0.500000
       retry log10(dt/yr), log10(dt), retry_factor     1  1188       -5.594962        1.904149        0.500000
       retry log10(dt/yr), log10(dt), retry_factor     2  1188       -5.895992        1.603119        0.500000
 have reached retry limit so now backup
hydro_newton_step failed to accept
       retry log10(dt/yr), log10(dt), retry_factor     1  1192       -6.008604        1.490507        0.500000
       retry log10(dt/yr), log10(dt), retry_factor     1  1195       -6.511212        0.987899        0.500000
       retry log10(dt/yr), log10(dt), retry_factor     1  1196       -6.812242        0.686869        0.500000
       retry log10(dt/yr), log10(dt), retry_factor     1  1204       -5.763197        1.735914        0.500000
       retry log10(dt/yr), log10(dt), retry_factor     1  1205       -6.161137        1.337974        0.500000
hydro_newton_step failed to accept
       retry log10(dt/yr), log10(dt), retry_factor     1  1206       -6.559077        0.940034        0.500000
       retry log10(dt/yr), log10(dt), retry_factor     1  1207       -6.860107        0.639004        0.500000
       retry log10(dt/yr), log10(dt), retry_factor     1  1214       -5.957017        1.542094        0.500000
       retry log10(dt/yr), log10(dt), retry_factor     1  1215       -6.258047        1.241064        0.500000
hydro_newton_step failed to accept
       retry log10(dt/yr), log10(dt), retry_factor     1  1216       -6.655987        0.843124        0.500000
       retry log10(dt/yr), log10(dt), retry_factor     1  1217       -7.053927        0.445184        0.500000
       retry log10(dt/yr), log10(dt), retry_factor     1  1218       -7.354957        0.144154        0.500000
       retry log10(dt/yr), log10(dt), retry_factor     1  1225       -6.451867        1.047244        0.500000
hydro_newton_step failed to accept
       retry log10(dt/yr), log10(dt), retry_factor     2  1225       -6.752897        0.746214        0.500000
       retry log10(dt/yr), log10(dt), retry_factor     1  1228       -7.053927        0.445184        0.500000
       retry log10(dt/yr), log10(dt), retry_factor     1  1229       -7.354957        0.144154        0.500000
       retry log10(dt/yr), log10(dt), retry_factor     1  1231       -7.655987       -0.156876        0.500000
       retry log10(dt/yr), log10(dt), retry_factor     1  1234       -8.053927       -0.554816        0.500000
       retry log10(dt/yr), log10(dt), retry_factor     1  1235       -8.376813       -0.877702        0.500000
       retry log10(dt/yr), log10(dt), retry_factor     2  1235       -8.677843       -1.178732        0.500000
       retry log10(dt/yr), log10(dt), retry_factor     1  1244       -8.563387       -1.064276        0.500000
       retry log10(dt/yr), log10(dt), retry_factor     1  1272       -9.292922       -1.793811        0.500000
       retry log10(dt/yr), log10(dt), retry_factor     1  1322       -7.260997        0.238114        0.500000
hydro_newton_step failed to accept
       retry log10(dt/yr), log10(dt), retry_factor     2  1322       -7.562027       -0.062916        0.500000
hydro_newton_step failed to accept
       retry log10(dt/yr), log10(dt), retry_factor     1  1328       -8.298290       -0.799178        0.500000
       retry log10(dt/yr), log10(dt), retry_factor     2  1328       -8.599320       -1.100208        0.500000
hydro_newton_step failed to accept
       retry log10(dt/yr), log10(dt), retry_factor     1  1340       -8.057791       -0.558680        0.500000
       retry log10(dt/yr), log10(dt), retry_factor     1  1375       -7.438644        0.060468        0.500000
       retry log10(dt/yr), log10(dt), retry_factor     2  1375       -7.739674       -0.240562        0.500000
 have reached retry limit so now backup
       retry log10(dt/yr), log10(dt), retry_factor     1  1382       -7.483756        0.015356        0.500000
       retry log10(dt/yr), log10(dt), retry_factor     2  1382       -7.784786       -0.285674        0.500000
       retry log10(dt/yr), log10(dt), retry_factor     1  1425       -6.077269        1.421843        0.500000
       retry log10(dt/yr), log10(dt), retry_factor     1  1428       -6.378299        1.120813        0.500000
       retry log10(dt/yr), log10(dt), retry_factor     1  1436       -5.395641        2.103471        0.500000
       retry log10(dt/yr), log10(dt), retry_factor     2  1436       -5.696671        1.802441        0.500000
 have reached retry limit so now backup
       retry log10(dt/yr), log10(dt), retry_factor     1  1443       -5.401459        2.097653        0.500000
hydro_newton_step failed to accept
       retry log10(dt/yr), log10(dt), retry_factor     2  1443       -5.702489        1.796623        0.500000
       retry log10(dt/yr), log10(dt), retry_factor     1  1444       -6.089458        1.409654        0.500000
       retry log10(dt/yr), log10(dt), retry_factor     1  1445       -6.390488        1.108624        0.500000
       retry log10(dt/yr), log10(dt), retry_factor     1  1450       -6.089458        1.409654        0.500000
       retry log10(dt/yr), log10(dt), retry_factor     1  1457       -5.464970        2.034142        0.500000
       retry log10(dt/yr), log10(dt), retry_factor     2  1457       -5.766000        1.733112        0.500000
       retry log10(dt/yr), log10(dt), retry_factor     1  1458       -6.163940        1.335172        0.500000
       retry log10(dt/yr), log10(dt), retry_factor     1  1459       -6.464970        1.034142        0.500000
       retry log10(dt/yr), log10(dt), retry_factor     1  1467       -5.418966        2.080146        0.500000
       retry log10(dt/yr), log10(dt), retry_factor     1  1472       -5.367816        2.131296        0.500000
hydro_newton_step failed to accept
       retry log10(dt/yr), log10(dt), retry_factor     2  1472       -5.668846        1.830266        0.500000
 have reached retry limit so now backup
       retry log10(dt/yr), log10(dt), retry_factor     1  1476       -5.668846        1.830266        0.500000
       retry log10(dt/yr), log10(dt), retry_factor     1  1477       -5.969876        1.529236        0.500000
hydro_newton_step failed to accept
       retry log10(dt/yr), log10(dt), retry_factor     1  1478       -6.367816        1.131296        0.500000
       retry log10(dt/yr), log10(dt), retry_factor     1  1479       -6.668846        0.830266        0.500000
       retry log10(dt/yr), log10(dt), retry_factor     1  1487       -5.693407        1.805705        0.500000
hydro_newton_step failed to accept
       retry log10(dt/yr), log10(dt), retry_factor     1  1488       -6.091347        1.407765        0.500000
hydro_newton_step failed to accept
       retry log10(dt/yr), log10(dt), retry_factor     2  1488       -6.392377        1.106735        0.500000
 have reached retry limit so now backup
hydro_newton_step failed to accept
       retry log10(dt/yr), log10(dt), retry_factor     1  1492       -6.464598        1.034514        0.500000
       retry log10(dt/yr), log10(dt), retry_factor     1  1493       -6.520503        0.978609        0.500000
       retry log10(dt/yr), log10(dt), retry_factor     2  1493       -6.821533        0.677579        0.500000
 bad other yaxis for History panels plot num_zones

 ERROR: failed to find log_Teff in history data

 grid1/grid1_001500.png/png
       retry log10(dt/yr), log10(dt), retry_factor     1  1501       -5.885939        1.613172        0.500000
       retry log10(dt/yr), log10(dt), retry_factor     2  1501       -6.186969        1.312142        0.500000
hydro_newton_step failed to accept
       retry log10(dt/yr), log10(dt), retry_factor     1  1502       -6.575824        0.923287        0.500000
       retry log10(dt/yr), log10(dt), retry_factor     1  1503       -6.973764        0.525347        0.500000
       retry log10(dt/yr), log10(dt), retry_factor     1  1504       -7.274794        0.224317        0.500000
       retry log10(dt/yr), log10(dt), retry_factor     1  1511       -6.371704        1.127407        0.500000
hydro_newton_step failed to accept
       retry log10(dt/yr), log10(dt), retry_factor     1  1512       -6.672734        0.826377        0.500000
hydro_newton_step failed to accept
       retry log10(dt/yr), log10(dt), retry_factor     1  1514       -6.973764        0.525347        0.500000
       retry log10(dt/yr), log10(dt), retry_factor     1  1515       -6.973764        0.525347        0.500000
hydro_newton_step failed to accept
       retry log10(dt/yr), log10(dt), retry_factor     1  1516       -7.274794        0.224317        0.500000
       retry log10(dt/yr), log10(dt), retry_factor     1  1518       -7.575824       -0.076713        0.500000
       retry log10(dt/yr), log10(dt), retry_factor     1  1522       -7.742605       -0.243494        0.500000
       retry log10(dt/yr), log10(dt), retry_factor     1  1523       -8.140545       -0.641434        0.500000
       retry log10(dt/yr), log10(dt), retry_factor     1  1527       -8.567891       -1.068779        0.500000
       retry log10(dt/yr), log10(dt), retry_factor     1  1611       -7.236436        0.262675        0.500000
hydro_newton_step failed to accept
       retry log10(dt/yr), log10(dt), retry_factor     2  1611       -7.537466       -0.038355        0.500000
 have reached retry limit so now backup
       retry log10(dt/yr), log10(dt), retry_factor     1  1617       -7.817112       -0.318000        0.500000
       retry log10(dt/yr), log10(dt), retry_factor     2  1617       -8.118142       -0.619030        0.500000
 have reached retry limit so now backup
hydro_newton_step failed to accept
       retry log10(dt/yr), log10(dt), retry_factor     1  1620       -8.547375       -1.048263        0.500000
       retry log10(dt/yr), log10(dt), retry_factor     1  1622       -8.568533       -1.069421        0.500000
       retry log10(dt/yr), log10(dt), retry_factor     1  1661       -7.635841       -0.136729        0.500000
       retry log10(dt/yr), log10(dt), retry_factor     2  1661       -7.936871       -0.437759        0.500000
 have reached retry limit so now backup
       retry log10(dt/yr), log10(dt), retry_factor     1  1667       -7.334811        0.164301        0.500000
       retry log10(dt/yr), log10(dt), retry_factor     1  1668       -7.635841       -0.136729        0.500000
       retry log10(dt/yr), log10(dt), retry_factor     2  1668       -7.936871       -0.437759        0.500000
       retry log10(dt/yr), log10(dt), retry_factor     1  1720       -5.340039        2.159073        0.500000
       retry log10(dt/yr), log10(dt), retry_factor     1  1724       -5.340039        2.159073        0.500000
       retry log10(dt/yr), log10(dt), retry_factor     1  1726       -5.737979        1.761133        0.500000
       retry log10(dt/yr), log10(dt), retry_factor     2  1726       -6.039009        1.460103        0.500000
       retry log10(dt/yr), log10(dt), retry_factor     1  1727       -6.340039        1.159073        0.500000
       retry log10(dt/yr), log10(dt), retry_factor     1  1734       -5.436949        2.062163        0.500000
       retry log10(dt/yr), log10(dt), retry_factor     1  1739       -5.368599        2.130513        0.500000
       retry log10(dt/yr), log10(dt), retry_factor     1  1740       -5.747061        1.752051        0.500000
hydro_newton_step failed to accept
       retry log10(dt/yr), log10(dt), retry_factor     1  1741       -6.141143        1.357968        0.500000
       retry log10(dt/yr), log10(dt), retry_factor     1  1742       -6.442173        1.056938        0.500000
       retry log10(dt/yr), log10(dt), retry_factor     1  1746       -6.442173        1.056938        0.500000
       retry log10(dt/yr), log10(dt), retry_factor     1  1753       -5.539083        1.960028        0.500000
       retry log10(dt/yr), log10(dt), retry_factor     1  1755       -5.840113        1.658998        0.500000
       retry log10(dt/yr), log10(dt), retry_factor     2  1755       -6.141143        1.357968        0.500000
 have reached retry limit so now backup
       retry log10(dt/yr), log10(dt), retry_factor     1  1758       -6.442173        1.056938        0.500000
hydro_newton_step failed to accept
       retry log10(dt/yr), log10(dt), retry_factor     1  1765       -5.926623        1.572488        0.500000
hydro_newton_step failed to accept
       retry log10(dt/yr), log10(dt), retry_factor     2  1765       -6.227653        1.271458        0.500000
 have reached retry limit so now backup
hydro_newton_step failed to accept
       retry log10(dt/yr), log10(dt), retry_factor     1  1769       -6.307950        1.191162        0.500000
       retry log10(dt/yr), log10(dt), retry_factor     1  1772       -5.887805        1.611307        0.500000
       retry log10(dt/yr), log10(dt), retry_factor     1  1776       -5.934161        1.564950        0.500000
       retry log10(dt/yr), log10(dt), retry_factor     1  1779       -6.235191        1.263920        0.500000
       retry log10(dt/yr), log10(dt), retry_factor     1  1780       -6.536221        0.962890        0.500000
hydro_newton_step failed to accept
       retry log10(dt/yr), log10(dt), retry_factor     1  1781       -6.837251        0.661860        0.500000
       retry log10(dt/yr), log10(dt), retry_factor     1  1784       -6.959188        0.539923        0.500000
       retry log10(dt/yr), log10(dt), retry_factor     2  1784       -7.260218        0.238893        0.500000
       retry log10(dt/yr), log10(dt), retry_factor     1  1786       -7.561248       -0.062137        0.500000
       retry log10(dt/yr), log10(dt), retry_factor     1  1788       -7.862278       -0.363167        0.500000
       retry log10(dt/yr), log10(dt), retry_factor     2  1788       -8.163308       -0.664197        0.500000
 have reached retry limit so now backup
       retry log10(dt/yr), log10(dt), retry_factor     1  1793       -7.862278       -0.363167        0.500000
       retry log10(dt/yr), log10(dt), retry_factor     1  1795       -8.163308       -0.664197        0.500000
       retry log10(dt/yr), log10(dt), retry_factor     1  1801       -8.653231       -1.154119        0.500000
hydro_newton_step failed to accept
       retry log10(dt/yr), log10(dt), retry_factor     2  1801       -8.954261       -1.455149        0.500000
 have reached retry limit so now backup
hydro_newton_step failed to accept
       retry log10(dt/yr), log10(dt), retry_factor     1  1836       -9.093741       -1.594629        0.500000
hydro_newton_step failed to accept
       retry log10(dt/yr), log10(dt), retry_factor     2  1836       -9.394771       -1.895659        0.500000
 have reached retry limit so now backup
hydro_newton_step failed to accept
       retry log10(dt/yr), log10(dt), retry_factor     1  1843       -9.210213       -1.711102        0.500000
       retry log10(dt/yr), log10(dt), retry_factor     1  1891       -7.131508        0.367604        0.500000
       retry log10(dt/yr), log10(dt), retry_factor     1  1894       -7.723268       -0.224156        0.500000
       retry log10(dt/yr), log10(dt), retry_factor     2  1894       -8.024298       -0.525186        0.500000
 have reached retry limit so now backup
hydro_newton_step failed to accept
       retry log10(dt/yr), log10(dt), retry_factor     1  1897       -8.549488       -1.050376        0.500000
       retry log10(dt/yr), log10(dt), retry_factor     1  1899       -8.344303       -0.845192        0.500000
       retry log10(dt/yr), log10(dt), retry_factor     1  1907       -7.832349       -0.333237        0.500000
       retry log10(dt/yr), log10(dt), retry_factor     2  1907       -8.133379       -0.634267        0.500000
       retry log10(dt/yr), log10(dt), retry_factor     1  1931       -7.792248       -0.293137        0.500000
       retry log10(dt/yr), log10(dt), retry_factor     1  1938       -7.729689       -0.230578        0.500000
       retry log10(dt/yr), log10(dt), retry_factor     1  1942       -7.730698       -0.231586        0.500000
       retry log10(dt/yr), log10(dt), retry_factor     2  1942       -8.031728       -0.532616        0.500000
 have reached retry limit so now backup
       retry log10(dt/yr), log10(dt), retry_factor     1  1949       -7.584807       -0.085695        0.500000
       retry log10(dt/yr), log10(dt), retry_factor     2  1949       -7.885837       -0.386725        0.500000
 have reached retry limit so now backup
       retry log10(dt/yr), log10(dt), retry_factor     1  1952       -8.186867       -0.687755        0.500000
       retry log10(dt/yr), log10(dt), retry_factor     2  1952       -8.487897       -0.988785        0.500000
       retry log10(dt/yr), log10(dt), retry_factor     1  1962       -7.423924        0.075187        0.500000
       retry log10(dt/yr), log10(dt), retry_factor     2  1962       -7.724954       -0.225843        0.500000
 have reached retry limit so now backup
       retry log10(dt/yr), log10(dt), retry_factor     1  1998       -6.463772        1.035339        0.500000
       2000   8.448202  3.921E+06   1.297119   1.455337   1.400000   1.400000   0.000000   0.000000   0.275200   0.018030  13.458309   1247    344
  -6.162742   6.724911  -4.792738  -1.427763   0.842950  -8.522879   0.000000   0.000000   0.000000   0.020000   0.017097  85.020542      6     40
 1.9404E-03  23.357265   1.741749   0.938232  13.663095  -1.062903   0.000000   0.000000   0.000000   0.000687  9.649E-01 -0.351E-14          hold

save LOGS/profile5.data for model 2000
save photos/2000 for model 2000
 bad other yaxis for History panels plot num_zones

 ERROR: failed to find log_Teff in history data

 grid1/grid1_002000.png/png
       retry log10(dt/yr), log10(dt), retry_factor     1  2011       -5.486797        2.012315        0.500000
       retry log10(dt/yr), log10(dt), retry_factor     2  2011       -5.787827        1.711285        0.500000
 have reached retry limit so now backup
       retry log10(dt/yr), log10(dt), retry_factor     1  2019       -5.873781        1.625330        0.500000
       retry log10(dt/yr), log10(dt), retry_factor     1  2025       -5.549378        1.949733        0.500000
       retry log10(dt/yr), log10(dt), retry_factor     1  2026       -5.850408        1.648703        0.500000
hydro_newton_step failed to accept
       retry log10(dt/yr), log10(dt), retry_factor     2  2026       -6.151438        1.347673        0.500000
       retry log10(dt/yr), log10(dt), retry_factor     1  2027       -6.452468        1.046643        0.500000
       retry log10(dt/yr), log10(dt), retry_factor     1  2035       -5.430521        2.068590        0.500000
hydro_newton_step failed to accept
       retry log10(dt/yr), log10(dt), retry_factor     1  2036       -5.828461        1.670650        0.500000
       retry log10(dt/yr), log10(dt), retry_factor     1  2041       -5.438560        2.060551        0.500000
       retry log10(dt/yr), log10(dt), retry_factor     1  2045       -5.625971        1.873140        0.500000
hydro_newton_step failed to accept
       retry log10(dt/yr), log10(dt), retry_factor     1  2046       -6.023911        1.475200        0.500000
       retry log10(dt/yr), log10(dt), retry_factor     1  2047       -6.388790        1.110321        0.500000
       retry log10(dt/yr), log10(dt), retry_factor     2  2047       -6.689820        0.809291        0.500000
       retry log10(dt/yr), log10(dt), retry_factor     1  2054       -5.786730        1.712381        0.500000
       retry log10(dt/yr), log10(dt), retry_factor     1  2059       -5.883640        1.615471        0.500000
hydro_newton_step failed to accept
       retry log10(dt/yr), log10(dt), retry_factor     2  2059       -6.184670        1.314441        0.500000
 have reached retry limit so now backup
hydro_newton_step failed to accept
       retry log10(dt/yr), log10(dt), retry_factor     1  2063       -6.266048        1.233064        0.500000
       retry log10(dt/yr), log10(dt), retry_factor     1  2066       -5.722846        1.776266        0.500000
hydro_newton_step failed to accept
       retry log10(dt/yr), log10(dt), retry_factor     1  2068       -6.099692        1.399419        0.500000
       retry log10(dt/yr), log10(dt), retry_factor     2  2068       -6.400722        1.098389        0.500000
 have reached retry limit so now backup
hydro_newton_step failed to accept
       retry log10(dt/yr), log10(dt), retry_factor     1  2072       -6.456735        1.042377        0.500000
hydro_newton_step failed to accept
       retry log10(dt/yr), log10(dt), retry_factor     1  2076       -6.414804        1.084307        0.500000
       retry log10(dt/yr), log10(dt), retry_factor     2  2076       -6.715834        0.783277        0.500000
       retry log10(dt/yr), log10(dt), retry_factor     1  2081       -6.414804        1.084307        0.500000
       retry log10(dt/yr), log10(dt), retry_factor     2  2081       -6.715834        0.783277        0.500000
       retry log10(dt/yr), log10(dt), retry_factor     1  2082       -7.016864        0.482247        0.500000
       retry log10(dt/yr), log10(dt), retry_factor     1  2084       -7.317894        0.181217        0.500000
       retry log10(dt/yr), log10(dt), retry_factor     1  2086       -7.618924       -0.119813        0.500000
       retry log10(dt/yr), log10(dt), retry_factor     1  2090       -8.013278       -0.514167        0.500000
       retry log10(dt/yr), log10(dt), retry_factor     2  2090       -8.314308       -0.815197        0.500000
       retry log10(dt/yr), log10(dt), retry_factor     1  2091       -8.712248       -1.213137        0.500000
       retry log10(dt/yr), log10(dt), retry_factor     1  2104       -9.073901       -1.574790        0.500000
       retry log10(dt/yr), log10(dt), retry_factor     1  2152       -8.133244       -0.634132        0.500000
       retry log10(dt/yr), log10(dt), retry_factor     1  2153       -8.531184       -1.032072        0.500000
       retry log10(dt/yr), log10(dt), retry_factor     2  2153       -8.832214       -1.333102        0.500000
       retry log10(dt/yr), log10(dt), retry_factor     1  2188       -7.199820        0.299291        0.500000
hydro_newton_step failed to accept
       retry log10(dt/yr), log10(dt), retry_factor     2  2188       -7.500850       -0.001739        0.500000
       retry log10(dt/yr), log10(dt), retry_factor     1  2193       -8.092038       -0.592927        0.500000
       retry log10(dt/yr), log10(dt), retry_factor     2  2193       -8.393068       -0.893957        0.500000
hydro_newton_step failed to accept
       retry log10(dt/yr), log10(dt), retry_factor     1  2194       -8.694098       -1.194987        0.500000
       retry log10(dt/yr), log10(dt), retry_factor     1  2208       -7.859853       -0.360741        0.500000
       retry log10(dt/yr), log10(dt), retry_factor     2  2208       -8.160883       -0.661771        0.500000
 have reached retry limit so now backup
       retry log10(dt/yr), log10(dt), retry_factor     1  2233       -7.539841       -0.040729        0.500000
       retry log10(dt/yr), log10(dt), retry_factor     2  2233       -7.840871       -0.341759        0.500000
 have reached retry limit so now backup
       retry log10(dt/yr), log10(dt), retry_factor     1  2238       -7.539841       -0.040729        0.500000
       retry log10(dt/yr), log10(dt), retry_factor     2  2238       -7.840871       -0.341759        0.500000
       retry log10(dt/yr), log10(dt), retry_factor     1  2244       -7.631671       -0.132560        0.500000
       retry log10(dt/yr), log10(dt), retry_factor     2  2244       -7.932701       -0.433590        0.500000
 have reached retry limit so now backup
       retry log10(dt/yr), log10(dt), retry_factor     1  2252       -7.403002        0.096109        0.500000
       retry log10(dt/yr), log10(dt), retry_factor     2  2252       -7.704032       -0.204921        0.500000
 have reached retry limit so now backup
       retry log10(dt/yr), log10(dt), retry_factor     1  2260       -7.461420        0.037692        0.500000
hydro_newton_step failed to accept
       retry log10(dt/yr), log10(dt), retry_factor     2  2260       -7.762450       -0.263338        0.500000
       retry log10(dt/yr), log10(dt), retry_factor     1  2294       -6.281272        1.217840        0.500000
       retry log10(dt/yr), log10(dt), retry_factor     1  2305       -5.285798        2.213313        0.500000
       retry log10(dt/yr), log10(dt), retry_factor     1  2306       -5.586828        1.912283        0.500000
       retry log10(dt/yr), log10(dt), retry_factor     2  2306       -5.887858        1.611253        0.500000
       retry log10(dt/yr), log10(dt), retry_factor     1  2312       -5.545698        1.953413        0.500000
       retry log10(dt/yr), log10(dt), retry_factor     2  2312       -5.846728        1.652383        0.500000
       retry log10(dt/yr), log10(dt), retry_factor     1  2318       -5.429034        2.070078        0.500000
       retry log10(dt/yr), log10(dt), retry_factor     1  2319       -5.826974        1.672138        0.500000
       retry log10(dt/yr), log10(dt), retry_factor     2  2319       -6.128004        1.371108        0.500000
       retry log10(dt/yr), log10(dt), retry_factor     1  2321       -6.436758        1.062354        0.500000
       retry log10(dt/yr), log10(dt), retry_factor     1  2329       -5.456074        2.043038        0.500000
       retry log10(dt/yr), log10(dt), retry_factor     2  2329       -5.757104        1.742008        0.500000
 have reached retry limit so now backup
       retry log10(dt/yr), log10(dt), retry_factor     1  2334       -5.604388        1.894723        0.500000
hydro_newton_step failed to accept
       retry log10(dt/yr), log10(dt), retry_factor     1  2335       -6.002328        1.496783        0.500000
       retry log10(dt/yr), log10(dt), retry_factor     1  2336       -6.303358        1.195753        0.500000
       retry log10(dt/yr), log10(dt), retry_factor     1  2344       -5.405051        2.094060        0.500000
       retry log10(dt/yr), log10(dt), retry_factor     1  2346       -5.706081        1.793030        0.500000
       retry log10(dt/yr), log10(dt), retry_factor     1  2348       -6.045828        1.453283        0.500000
hydro_newton_step failed to accept
       retry log10(dt/yr), log10(dt), retry_factor     2  2348       -6.346858        1.152253        0.500000
 have reached retry limit so now backup
       retry log10(dt/yr), log10(dt), retry_factor     1  2351       -6.647888        0.851223        0.500000
       retry log10(dt/yr), log10(dt), retry_factor     1  2357       -6.045828        1.453283        0.500000
hydro_newton_step failed to accept
       retry log10(dt/yr), log10(dt), retry_factor     1  2358       -6.346858        1.152253        0.500000
       retry log10(dt/yr), log10(dt), retry_factor     1  2359       -6.744798        0.754313        0.500000
       retry log10(dt/yr), log10(dt), retry_factor     1  2360       -7.045828        0.453283        0.500000
       retry log10(dt/yr), log10(dt), retry_factor     1  2368       -5.841708        1.657403        0.500000
       retry log10(dt/yr), log10(dt), retry_factor     1  2370       -6.142738        1.356373        0.500000
hydro_newton_step failed to accept
       retry log10(dt/yr), log10(dt), retry_factor     1  2371       -6.540678        0.958433        0.500000
       retry log10(dt/yr), log10(dt), retry_factor     1  2375       -6.336558        1.162553        0.500000
       retry log10(dt/yr), log10(dt), retry_factor     1  2377       -6.637588        0.861523        0.500000
       retry log10(dt/yr), log10(dt), retry_factor     1  2378       -6.938618        0.560493        0.500000
       retry log10(dt/yr), log10(dt), retry_factor     1  2380       -7.239648        0.259463        0.500000
       retry log10(dt/yr), log10(dt), retry_factor     1  2383       -7.540678       -0.041567        0.500000
       retry log10(dt/yr), log10(dt), retry_factor     1  2385       -7.841708       -0.342597        0.500000
       retry log10(dt/yr), log10(dt), retry_factor     1  2386       -8.221740       -0.722628        0.500000
       retry log10(dt/yr), log10(dt), retry_factor     1  2387       -8.522770       -1.023658        0.500000
       retry log10(dt/yr), log10(dt), retry_factor     1  2397       -8.419111       -0.920000        0.500000
       retry log10(dt/yr), log10(dt), retry_factor     1  2470       -7.339727        0.159385        0.500000
       retry log10(dt/yr), log10(dt), retry_factor     1  2473       -7.931487       -0.432376        0.500000
 bad other yaxis for History panels plot num_zones

 ERROR: failed to find log_Teff in history data

 grid1/grid1_002500.png/png
       retry log10(dt/yr), log10(dt), retry_factor     1  2514       -7.565592       -0.066481        0.500000
       retry log10(dt/yr), log10(dt), retry_factor     1  2518       -7.680112       -0.181001        0.500000
       retry log10(dt/yr), log10(dt), retry_factor     2  2518       -7.981142       -0.482031        0.500000
 have reached retry limit so now backup
       retry log10(dt/yr), log10(dt), retry_factor     1  2524       -7.379082        0.120029        0.500000
       retry log10(dt/yr), log10(dt), retry_factor     1  2525       -7.680112       -0.181001        0.500000
       retry log10(dt/yr), log10(dt), retry_factor     2  2525       -7.981142       -0.482031        0.500000
 have reached retry limit so now backup
       retry log10(dt/yr), log10(dt), retry_factor     1  2577       -5.577877        1.921235        0.500000
       retry log10(dt/yr), log10(dt), retry_factor     1  2578       -5.975817        1.523295        0.500000
       retry log10(dt/yr), log10(dt), retry_factor     1  2584       -5.586335        1.912776        0.500000
       retry log10(dt/yr), log10(dt), retry_factor     2  2584       -5.887365        1.611746        0.500000
       retry log10(dt/yr), log10(dt), retry_factor     1  2585       -6.198022        1.301089        0.500000
       retry log10(dt/yr), log10(dt), retry_factor     2  2585       -6.499052        1.000059        0.500000
       retry log10(dt/yr), log10(dt), retry_factor     1  2594       -5.267212        2.231900        0.500000
hydro_newton_step failed to accept
       retry log10(dt/yr), log10(dt), retry_factor     2  2594       -5.568242        1.930870        0.500000
 have reached retry limit so now backup
       retry log10(dt/yr), log10(dt), retry_factor     1  2599       -5.446118        2.052993        0.500000
hydro_newton_step failed to accept
       retry log10(dt/yr), log10(dt), retry_factor     1  2600       -5.844058        1.655053        0.500000
       retry log10(dt/yr), log10(dt), retry_factor     1  2605       -5.589013        1.910098        0.500000
hydro_newton_step failed to accept
       retry log10(dt/yr), log10(dt), retry_factor     1  2609       -5.986953        1.512158        0.500000
       retry log10(dt/yr), log10(dt), retry_factor     1  2613       -5.590597        1.908515        0.500000
       retry log10(dt/yr), log10(dt), retry_factor     1  2617       -5.634593        1.864518        0.500000
hydro_newton_step failed to accept
       retry log10(dt/yr), log10(dt), retry_factor     1  2619       -6.032533        1.466578        0.500000
hydro_newton_step failed to accept
       retry log10(dt/yr), log10(dt), retry_factor     2  2619       -6.333563        1.165548        0.500000
       retry log10(dt/yr), log10(dt), retry_factor     1  2620       -6.731503        0.767608        0.500000
       retry log10(dt/yr), log10(dt), retry_factor     1  2621       -7.032533        0.466578        0.500000
       retry log10(dt/yr), log10(dt), retry_factor     1  2629       -5.828413        1.670698        0.500000
       retry log10(dt/yr), log10(dt), retry_factor     1  2630       -6.129443        1.369668        0.500000
hydro_newton_step failed to accept
       retry log10(dt/yr), log10(dt), retry_factor     1  2631       -6.526581        0.972531        0.500000
hydro_newton_step failed to accept
       retry log10(dt/yr), log10(dt), retry_factor     1  2632       -6.922524        0.576587        0.500000
       retry log10(dt/yr), log10(dt), retry_factor     1  2633       -7.244529        0.254583        0.500000
       retry log10(dt/yr), log10(dt), retry_factor     1  2640       -6.341439        1.157673        0.500000
       retry log10(dt/yr), log10(dt), retry_factor     1  2641       -6.642469        0.856643        0.500000
hydro_newton_step failed to accept
       retry log10(dt/yr), log10(dt), retry_factor     1  2642       -6.943499        0.555613        0.500000
       retry log10(dt/yr), log10(dt), retry_factor     1  2645       -7.023462        0.475650        0.500000
       retry log10(dt/yr), log10(dt), retry_factor     2  2645       -7.324492        0.174620        0.500000
       retry log10(dt/yr), log10(dt), retry_factor     1  2647       -7.625522       -0.126410        0.500000
       retry log10(dt/yr), log10(dt), retry_factor     1  2648       -7.926552       -0.427440        0.500000
       retry log10(dt/yr), log10(dt), retry_factor     2  2648       -8.227582       -0.728470        0.500000
       retry log10(dt/yr), log10(dt), retry_factor     1  2653       -7.955648       -0.456537        0.500000
       retry log10(dt/yr), log10(dt), retry_factor     1  2657       -8.468076       -0.968965        0.500000
       retry log10(dt/yr), log10(dt), retry_factor     1  2680       -9.198727       -1.699616        0.500000
       retry log10(dt/yr), log10(dt), retry_factor     1  2738       -7.551086       -0.051975        0.500000
       retry log10(dt/yr), log10(dt), retry_factor     2  2738       -7.852116       -0.353004        0.500000
       retry log10(dt/yr), log10(dt), retry_factor     1  2739       -8.250056       -0.750945        0.500000
       retry log10(dt/yr), log10(dt), retry_factor     1  2751       -7.834507       -0.335396        0.500000
       retry log10(dt/yr), log10(dt), retry_factor     1  2759       -7.758755       -0.259644        0.500000
       retry log10(dt/yr), log10(dt), retry_factor     2  2759       -8.059785       -0.560674        0.500000
       retry log10(dt/yr), log10(dt), retry_factor     1  2772       -7.741656       -0.242545        0.500000
       retry log10(dt/yr), log10(dt), retry_factor     1  2778       -7.867021       -0.367910        0.500000
       retry log10(dt/yr), log10(dt), retry_factor     1  2784       -7.572868       -0.073756        0.500000
       retry log10(dt/yr), log10(dt), retry_factor     1  2799       -7.347723        0.151388        0.500000
       retry log10(dt/yr), log10(dt), retry_factor     2  2799       -7.648753       -0.149642        0.500000
       retry log10(dt/yr), log10(dt), retry_factor     1  2810       -7.136881        0.362230        0.500000
       retry log10(dt/yr), log10(dt), retry_factor     2  2810       -7.437911        0.061200        0.500000
       retry log10(dt/yr), log10(dt), retry_factor     1  2847       -5.462766        2.036345        0.500000
hydro_newton_step failed to accept
       retry log10(dt/yr), log10(dt), retry_factor     2  2847       -5.763796        1.735315        0.500000
 have reached retry limit so now backup
       retry log10(dt/yr), log10(dt), retry_factor     1  2853       -5.260128        2.238984        0.500000
       retry log10(dt/yr), log10(dt), retry_factor     2  2853       -5.561158        1.937954        0.500000
 have reached retry limit so now backup
       retry log10(dt/yr), log10(dt), retry_factor     1  2854       -6.056008        1.443104        0.500000
       retry log10(dt/yr), log10(dt), retry_factor     1  2860       -5.589830        1.909281        0.500000
       retry log10(dt/yr), log10(dt), retry_factor     1  2861       -5.987770        1.511341        0.500000
       retry log10(dt/yr), log10(dt), retry_factor     1  2862       -6.288800        1.210311        0.500000
       retry log10(dt/yr), log10(dt), retry_factor     1  2869       -5.547057        1.952055        0.500000
       retry log10(dt/yr), log10(dt), retry_factor     1  2870       -5.944997        1.554115        0.500000
       retry log10(dt/yr), log10(dt), retry_factor     1  2876       -5.575382        1.923730        0.500000
hydro_newton_step failed to accept
       retry log10(dt/yr), log10(dt), retry_factor     1  2877       -5.973322        1.525790        0.500000
       retry log10(dt/yr), log10(dt), retry_factor     1  2878       -6.274352        1.224760        0.500000
       retry log10(dt/yr), log10(dt), retry_factor     1  2885       -5.593736        1.905375        0.500000
       retry log10(dt/yr), log10(dt), retry_factor     1  2889       -5.693633        1.805478        0.500000
hydro_newton_step failed to accept
       retry log10(dt/yr), log10(dt), retry_factor     1  2890       -6.091573        1.407538        0.500000
hydro_newton_step failed to accept
       retry log10(dt/yr), log10(dt), retry_factor     2  2890       -6.392603        1.106508        0.500000
       retry log10(dt/yr), log10(dt), retry_factor     1  2896       -5.672574        1.826537        0.500000
hydro_newton_step failed to accept
       retry log10(dt/yr), log10(dt), retry_factor     1  2897       -6.070514        1.428597        0.500000
hydro_newton_step failed to accept
       retry log10(dt/yr), log10(dt), retry_factor     2  2897       -6.371544        1.127567        0.500000
       retry log10(dt/yr), log10(dt), retry_factor     1  2898       -6.672574        0.826537        0.500000
       retry log10(dt/yr), log10(dt), retry_factor     1  2906       -5.739764        1.759348        0.500000
hydro_newton_step failed to accept
       retry log10(dt/yr), log10(dt), retry_factor     2  2906       -6.040794        1.458318        0.500000
/var/spool/slurmd/job6382304/slurm_script: line 65: 1913326 Killed                  $MESA_BASE/star >> /hpc/group/physics/al363/low_overhead/sens/errors/slurm._${SLURM_ARRAY_JOB_ID}_${SLURM_ARRAY_TASK_ID}.err
slurmstepd: error: Detected 1 oom-kill event(s) in StepId=6382304.batch cgroup. Some of your processes may have been killed by the cgroup out-of-memory handler.
