starting from 0
DATE: 2020-09-02
TIME: 16:22:05
                                         version_number       10108
 read /hpc/group/physics/al363/sens/base/inlist_base
 read inlist_cluster
load saved model /hpc/group/physics/al363/sens/base/ns_relax.mod

 change to /hpc/group/physics/al363/sens/base/rp_305.net
             set special rate factor for r_ni60_ng_ni61         291    1.0000000000000000D-02
             set special rate factor for r_ni61_gn_ni60         292    1.0000000000000000D-02
             set special rate factor for r_ni60_ng_ni61         291    1.0000000000000000D-02
             set special rate factor for r_ni61_gn_ni60         292    1.0000000000000000D-02
 number of species         305
 read /hpc/group/physics/al363/sens/base/history_customACL.list_tau
 read /hpc/group/physics/al363/sens/base/profile_customACL.list_tau
 net name /hpc/group/physics/al363/sens/base/rp_305.net
 v_flag T
                         which_atm_option: grey_and_kap
                                           xmstar/mstar    4.5461189430843640D-12
                                             xmstar (g)    1.2660395722219186D+22
                                           M_center (g)    2.7848799999878681D+33
                                            xmstar/Msun    6.3645665203193175D-12
                                          M_center/Msun    1.3999999999939012D+00
                                          R_center (cm)    1.1200000000000000D+06
                                          R_center/Rsun    1.6092416448748527D-05
                                           core density    4.7322078204273819D+14
                                          L_center/Lsun    4.1647144567650578D+00
 kappa_file_prefix gs98
 kappa_lowT_prefix lowT_fa05_gs98

   eos_file_prefix mesa
                                        OMP_NUM_THREADS           8


__________________________________________________________________________________________________________________________________________________

       step    lg_Tcntr    Teff       lg_LH     lg_Lnuc     Mass       H_rich     H_cntr     N_cntr     Y_surf     X_avg     eta_cntr  zones retry
   lg_dt_yr    lg_Dcntr    lg_R       lg_L3a    lg_Lneu     lg_Mdot    He_core    He_cntr    O_cntr     Z_surf     Y_avg     gam_cntr  iters bckup
     age_yr    lg_Pcntr    lg_L       lg_LZ     lg_Psurf    lg_Dsurf   C_core     C_cntr     Ne_cntr    Si_cntr    Z_avg     v_div_cs     dt_limit
__________________________________________________________________________________________________________________________________________________

save LOGS/profile1.data for model 2
 grid1/grid1_000005.png/png
 burst_profile/burst_profile000005.png/png
          6   8.165156  1.497E+06   0.087590   0.087976   1.400000   1.400000   0.000000   0.000000   0.275200   0.030886  22.514775    791      0
  -5.817651   6.610341  -4.793035 -18.862378  -1.086578  -8.522879   0.000000   0.000000   0.000000   0.020000   0.011710 149.410225      6      0
 4.0040E-06  23.176196   0.068337  -2.962874  12.744977  -1.553972   0.000000   0.000000   0.000000   0.000687  9.574E-01  0.395E-11      lgT_cntr

save LOGS/profile2.data for model 6
 grid1/grid1_000010.png/png
 burst_profile/burst_profile000010.png/png
 grid1/grid1_000015.png/png
 burst_profile/burst_profile000015.png/png
 grid1/grid1_000020.png/png
 burst_profile/burst_profile000020.png/png
 grid1/grid1_000025.png/png
 burst_profile/burst_profile000025.png/png
       retry log10(dt/yr), log10(dt), retry_factor     1    30       -5.532111        1.967001        0.500000
 grid1/grid1_000030.png/png
 burst_profile/burst_profile000030.png/png
       retry log10(dt/yr), log10(dt), retry_factor     1    35       -5.231081        2.268031        0.500000
 grid1/grid1_000035.png/png
 burst_profile/burst_profile000035.png/png
       retry log10(dt/yr), log10(dt), retry_factor     1    36       -5.532111        1.967001        0.500000
       retry log10(dt/yr), log10(dt), retry_factor     1    40       -5.532111        1.967001        0.500000
 grid1/grid1_000040.png/png
 burst_profile/burst_profile000040.png/png
       retry log10(dt/yr), log10(dt), retry_factor     1    45       -5.231081        2.268031        0.500000
 grid1/grid1_000045.png/png
 burst_profile/burst_profile000045.png/png
       retry log10(dt/yr), log10(dt), retry_factor     1    49       -5.231081        2.268031        0.500000
 grid1/grid1_000050.png/png
 burst_profile/burst_profile000050.png/png
       retry log10(dt/yr), log10(dt), retry_factor     1    53       -5.231081        2.268031        0.500000
 grid1/grid1_000055.png/png
 burst_profile/burst_profile000055.png/png
       retry log10(dt/yr), log10(dt), retry_factor     1    56       -5.532111        1.967001        0.500000
       retry log10(dt/yr), log10(dt), retry_factor     2    56       -5.833141        1.665971        0.500000
 have reached retry limit so now backup
 grid1/grid1_000055.png/png
 burst_profile/burst_profile000055.png/png
       retry log10(dt/yr), log10(dt), retry_factor     1    58       -6.134171        1.364941        0.500000
       retry log10(dt/yr), log10(dt), retry_factor     2    58       -6.435201        1.063911        0.500000
 have reached retry limit so now backup
       retry log10(dt/yr), log10(dt), retry_factor     1    58       -6.736231        0.762881        0.500000
       retry log10(dt/yr), log10(dt), retry_factor     2    58       -7.037261        0.461851        0.500000
 have reached retry limit so now backup
       retry log10(dt/yr), log10(dt), retry_factor     1    60       -7.338291        0.160821        0.500000
       retry log10(dt/yr), log10(dt), retry_factor     2    60       -7.639321       -0.140209        0.500000
 have reached retry limit so now backup
 grid1/grid1_000060.png/png
 burst_profile/burst_profile000060.png/png
       retry log10(dt/yr), log10(dt), retry_factor     1    62       -7.940351       -0.441239        0.500000
       retry log10(dt/yr), log10(dt), retry_factor     2    62       -8.241381       -0.742269        0.500000
 grid1/grid1_000065.png/png
 burst_profile/burst_profile000065.png/png
 grid1/grid1_000070.png/png
 burst_profile/burst_profile000070.png/png
 grid1/grid1_000075.png/png
 burst_profile/burst_profile000075.png/png
       retry log10(dt/yr), log10(dt), retry_factor     1    76       -5.231081        2.268031        0.500000
       retry log10(dt/yr), log10(dt), retry_factor     2    76       -5.532111        1.967001        0.500000
       retry log10(dt/yr), log10(dt), retry_factor     1    77       -5.833141        1.665971        0.500000
       retry log10(dt/yr), log10(dt), retry_factor     2    77       -6.134171        1.364941        0.500000
 have reached retry limit so now backup
       retry log10(dt/yr), log10(dt), retry_factor     1    80       -6.435201        1.063911        0.500000
       retry log10(dt/yr), log10(dt), retry_factor     2    80       -6.736231        0.762881        0.500000
 have reached retry limit so now backup
 grid1/grid1_000080.png/png
 burst_profile/burst_profile000080.png/png
       retry log10(dt/yr), log10(dt), retry_factor     1    81       -7.037261        0.461851        0.500000
       retry log10(dt/yr), log10(dt), retry_factor     2    81       -7.338291        0.160821        0.500000
 have reached retry limit so now backup
 grid1/grid1_000080.png/png
 burst_profile/burst_profile000080.png/png
       retry log10(dt/yr), log10(dt), retry_factor     1    84       -7.639321       -0.140209        0.500000
       retry log10(dt/yr), log10(dt), retry_factor     2    84       -7.940351       -0.441239        0.500000
 have reached retry limit so now backup
       retry log10(dt/yr), log10(dt), retry_factor     1    84       -8.241381       -0.742269        0.500000
 grid1/grid1_000085.png/png
 burst_profile/burst_profile000085.png/png
 grid1/grid1_000090.png/png
 burst_profile/burst_profile000090.png/png
 grid1/grid1_000095.png/png
 burst_profile/burst_profile000095.png/png
       retry log10(dt/yr), log10(dt), retry_factor     1    97       -5.708131        1.790981        0.500000
       retry log10(dt/yr), log10(dt), retry_factor     1    98       -6.029728        1.469384        0.500000
       retry log10(dt/yr), log10(dt), retry_factor     1    99       -6.330758        1.168354        0.500000
        100   8.444854  4.670E+06   2.033255   2.166791   1.400000   1.400000   0.000000   0.000000   0.275200   0.100536  12.226072    748     31
  -6.029728   6.642744  -4.792800   1.206466   1.283619  -8.522879   0.000000   0.000000   0.000000   0.020000   0.058448  80.441899      6      8
 3.1300E-04  23.235090   2.045091   1.357500  13.860517  -0.943554   0.000000   0.000000   0.000000   0.000687  8.410E-01  0.985E-12          hold

 grid1/grid1_000100.png/png
 burst_profile/burst_profile000100.png/png
       retry log10(dt/yr), log10(dt), retry_factor     1   101       -6.631788        0.867324        0.500000
       retry log10(dt/yr), log10(dt), retry_factor     1   103       -6.932818        0.566294        0.500000
       retry log10(dt/yr), log10(dt), retry_factor     1   104       -7.233848        0.265264        0.500000
 grid1/grid1_000105.png/png
 burst_profile/burst_profile000105.png/png
       retry log10(dt/yr), log10(dt), retry_factor     1   106       -7.534878       -0.035766        0.500000
       retry log10(dt/yr), log10(dt), retry_factor     1   110       -7.661813       -0.162702        0.500000
       retry log10(dt/yr), log10(dt), retry_factor     2   110       -7.962843       -0.463732        0.500000
 grid1/grid1_000110.png/png
 burst_profile/burst_profile000110.png/png
       retry log10(dt/yr), log10(dt), retry_factor     1   112       -8.346926       -0.847814        0.500000
 grid1/grid1_000115.png/png
 burst_profile/burst_profile000115.png/png
 grid1/grid1_000120.png/png
 burst_profile/burst_profile000120.png/png
 grid1/grid1_000125.png/png
 burst_profile/burst_profile000125.png/png
 grid1/grid1_000130.png/png
 burst_profile/burst_profile000130.png/png
 grid1/grid1_000135.png/png
 burst_profile/burst_profile000135.png/png
 grid1/grid1_000140.png/png
 burst_profile/burst_profile000140.png/png
 grid1/grid1_000145.png/png
 burst_profile/burst_profile000145.png/png
 grid1/grid1_000150.png/png
 burst_profile/burst_profile000150.png/png
 grid1/grid1_000155.png/png
 burst_profile/burst_profile000155.png/png
 grid1/grid1_000160.png/png
 burst_profile/burst_profile000160.png/png
 grid1/grid1_000165.png/png
 burst_profile/burst_profile000165.png/png
                       super eddington wind: lg_Mdot, L/Ledd         166    -9.13731     1.02968
                       super eddington wind: lg_Mdot, L/Ledd         167    -8.81454     1.06240
                       super eddington wind: lg_Mdot, L/Ledd         168    -8.64683     1.09166
                       super eddington wind: lg_Mdot, L/Ledd         169    -8.53415     1.11877
                       super eddington wind: lg_Mdot, L/Ledd         170    -8.45486     1.14227
 grid1/grid1_000170.png/png
 burst_profile/burst_profile000170.png/png
                       super eddington wind: lg_Mdot, L/Ledd         171    -8.37676     1.17043
                       super eddington wind: lg_Mdot, L/Ledd         172    -8.53345     1.11854
                       super eddington wind: lg_Mdot, L/Ledd         173    -8.41584     1.15540
                       super eddington wind: lg_Mdot, L/Ledd         174    -8.34390     1.18320
                       super eddington wind: lg_Mdot, L/Ledd         175    -8.48755     1.13155
 grid1/grid1_000175.png/png
 burst_profile/burst_profile000175.png/png
                       super eddington wind: lg_Mdot, L/Ledd         176    -8.37221     1.17146
                       super eddington wind: lg_Mdot, L/Ledd         177    -8.30441     1.19990
                       super eddington wind: lg_Mdot, L/Ledd         178    -8.43121     1.14911
                       super eddington wind: lg_Mdot, L/Ledd         179    -8.32153     1.19186
                       super eddington wind: lg_Mdot, L/Ledd         180    -8.26178     1.21980
 grid1/grid1_000180.png/png
 burst_profile/burst_profile000180.png/png
                       super eddington wind: lg_Mdot, L/Ledd         181    -8.37751     1.16818
                       super eddington wind: lg_Mdot, L/Ledd         182    -8.28754     1.20666
                       super eddington wind: lg_Mdot, L/Ledd         183    -8.23777     1.23175
                       super eddington wind: lg_Mdot, L/Ledd         184    -8.34980     1.17868
                       super eddington wind: lg_Mdot, L/Ledd         185    -8.27389     1.21261
 grid1/grid1_000185.png/png
 burst_profile/burst_profile000185.png/png
                       super eddington wind: lg_Mdot, L/Ledd         186    -8.23420     1.23287
                       super eddington wind: lg_Mdot, L/Ledd         187    -8.35060     1.17761
                       super eddington wind: lg_Mdot, L/Ledd         188    -8.28233     1.20761
                       super eddington wind: lg_Mdot, L/Ledd         189    -8.25746     1.21977
                       super eddington wind: lg_Mdot, L/Ledd         190    -8.40700     1.15522
 grid1/grid1_000190.png/png
 burst_profile/burst_profile000190.png/png
                       super eddington wind: lg_Mdot, L/Ledd         191    -8.34877     1.17727
                       super eddington wind: lg_Mdot, L/Ledd         192    -8.51279     1.12123
       retry log10(dt/yr), log10(dt), retry_factor     1   192       -9.029594       -1.530483        0.500000
                       super eddington wind: lg_Mdot, L/Ledd         192    -8.51279     1.12123
       retry log10(dt/yr), log10(dt), retry_factor     2   192       -9.330624       -1.831513        0.500000
                       super eddington wind: lg_Mdot, L/Ledd         192    -8.51279     1.12123
 have reached retry limit so now backup
                       super eddington wind: lg_Mdot, L/Ledd         191    -8.34877     1.17727
                       super eddington wind: lg_Mdot, L/Ledd         192    -8.41640     1.15160
                       super eddington wind: lg_Mdot, L/Ledd         193    -8.42730     1.14793
                       super eddington wind: lg_Mdot, L/Ledd         194    -8.34396     1.17918
                       super eddington wind: lg_Mdot, L/Ledd         195    -8.50548     1.12343
 grid1/grid1_000195.png/png
 burst_profile/burst_profile000195.png/png
                       super eddington wind: lg_Mdot, L/Ledd         196    -8.41926     1.15056
                       super eddington wind: lg_Mdot, L/Ledd         197    -8.34516     1.17864
                       super eddington wind: lg_Mdot, L/Ledd         198    -8.51074     1.12188
                       super eddington wind: lg_Mdot, L/Ledd         199    -8.44128     1.14304
                       super eddington wind: lg_Mdot, L/Ledd         200    -8.59457     1.10029
        200   8.946631  2.399E+07   3.733767   6.698854   1.400000   1.400000   0.000000   0.000000   0.296150   0.075790   3.100299    669     40
  -8.917256   6.570664  -4.791533   3.026551   4.390709  -8.594566   0.000000   0.000000   0.000000   0.200217   0.044916  23.970609      6      9
 3.1497E-04  23.235202   4.890392   6.698291  15.069050  -0.897648   0.000000   0.000000   0.000000   0.000687  8.793E-01  0.765E-04    varcontrol

 grid1/grid1_000200.png/png
 burst_profile/burst_profile000200.png/png
                       super eddington wind: lg_Mdot, L/Ledd         201    -8.47921     1.13092
                       super eddington wind: lg_Mdot, L/Ledd         202    -8.38438     1.16278
                       super eddington wind: lg_Mdot, L/Ledd         203    -8.65146     1.08798
                       super eddington wind: lg_Mdot, L/Ledd         204    -8.50062     1.12447
                       super eddington wind: lg_Mdot, L/Ledd         205    -8.40575     1.15473
 grid1/grid1_000205.png/png
 burst_profile/burst_profile000205.png/png
                       super eddington wind: lg_Mdot, L/Ledd         206    -8.68914     1.08049
                       super eddington wind: lg_Mdot, L/Ledd         207    -8.59523     1.09995
                       super eddington wind: lg_Mdot, L/Ledd         208    -8.84806     1.05578
                       super eddington wind: lg_Mdot, L/Ledd         209    -8.82206     1.05924
                       super eddington wind: lg_Mdot, L/Ledd         210    -9.00882     1.03847
 grid1/grid1_000210.png/png
 burst_profile/burst_profile000210.png/png
                       super eddington wind: lg_Mdot, L/Ledd         211    -8.86125     1.05400
                       super eddington wind: lg_Mdot, L/Ledd         212    -9.25897     1.02158
                       super eddington wind: lg_Mdot, L/Ledd         213    -9.17375     1.02626
                       super eddington wind: lg_Mdot, L/Ledd         215    -9.59960     1.00984
 grid1/grid1_000215.png/png
 burst_profile/burst_profile000215.png/png
       retry log10(dt/yr), log10(dt), retry_factor     1   220       -9.281110       -1.781999        0.500000
 grid1/grid1_000220.png/png
 burst_profile/burst_profile000220.png/png
 grid1/grid1_000225.png/png
 burst_profile/burst_profile000225.png/png
 grid1/grid1_000230.png/png
 burst_profile/burst_profile000230.png/png
 grid1/grid1_000235.png/png
 burst_profile/burst_profile000235.png/png
       retry log10(dt/yr), log10(dt), retry_factor     1   239       -7.627608       -0.128496        0.500000
       retry log10(dt/yr), log10(dt), retry_factor     2   239       -7.928638       -0.429526        0.500000
 have reached retry limit so now backup
 grid1/grid1_000240.png/png
 burst_profile/burst_profile000240.png/png
 grid1/grid1_000245.png/png
 burst_profile/burst_profile000245.png/png
hydro_newton_step failed to accept
       retry log10(dt/yr), log10(dt), retry_factor     1   246       -7.968331       -0.469219        0.500000
       retry log10(dt/yr), log10(dt), retry_factor     2   246       -8.269361       -0.770249        0.500000
       retry log10(dt/yr), log10(dt), retry_factor     1   247       -8.570391       -1.071279        0.500000
       retry log10(dt/yr), log10(dt), retry_factor     2   247       -8.871421       -1.372309        0.500000
 have reached retry limit so now backup
 grid1/grid1_000250.png/png
 burst_profile/burst_profile000250.png/png
       retry log10(dt/yr), log10(dt), retry_factor     1   252       -8.570391       -1.071279        0.500000
       retry log10(dt/yr), log10(dt), retry_factor     2   252       -8.871421       -1.372309        0.500000
 have reached retry limit so now backup
       retry log10(dt/yr), log10(dt), retry_factor     1   253       -9.172451       -1.673339        0.500000
 grid1/grid1_000255.png/png
 burst_profile/burst_profile000255.png/png
hydro_newton_step failed to accept
       retry log10(dt/yr), log10(dt), retry_factor     1   260       -8.269361       -0.770249        0.500000
       retry log10(dt/yr), log10(dt), retry_factor     2   260       -8.570391       -1.071279        0.500000
 grid1/grid1_000260.png/png
 burst_profile/burst_profile000260.png/png
       retry log10(dt/yr), log10(dt), retry_factor     1   264       -8.570391       -1.071279        0.500000
       retry log10(dt/yr), log10(dt), retry_factor     2   264       -8.871421       -1.372309        0.500000
 have reached retry limit so now backup
 grid1/grid1_000265.png/png
 burst_profile/burst_profile000265.png/png
 grid1/grid1_000270.png/png
 burst_profile/burst_profile000270.png/png
 grid1/grid1_000275.png/png
 burst_profile/burst_profile000275.png/png
hydro_newton_step failed to accept
       retry log10(dt/yr), log10(dt), retry_factor     1   277       -7.739532       -0.240421        0.500000
 grid1/grid1_000280.png/png
 burst_profile/burst_profile000280.png/png
 grid1/grid1_000285.png/png
 burst_profile/burst_profile000285.png/png
 grid1/grid1_000290.png/png
 burst_profile/burst_profile000290.png/png
       retry log10(dt/yr), log10(dt), retry_factor     1   295       -7.766331       -0.267220        0.500000
 grid1/grid1_000295.png/png
 burst_profile/burst_profile000295.png/png
hydro_newton_step failed to accept
       retry log10(dt/yr), log10(dt), retry_factor     1   298       -8.125194       -0.626083        0.500000
       retry log10(dt/yr), log10(dt), retry_factor     2   298       -8.426224       -0.927113        0.500000
 have reached retry limit so now backup
        300   8.808134  1.142E+07   2.129309   3.717195   1.400000   1.400000   0.000000   0.000000   0.275200   0.020742   4.810271    698     58
  -8.125194   6.607550  -4.792594   1.942862   2.881669  -8.522879   0.000000   0.000000   0.000000   0.020000   0.020784  33.921260      6     14
 3.1776E-04  23.235875   3.598375   3.698269  14.484701  -0.766730   0.000000   0.000000   0.000000   0.000687  9.585E-01  0.105E-08          hold

 grid1/grid1_000300.png/png
 burst_profile/burst_profile000300.png/png
       retry log10(dt/yr), log10(dt), retry_factor     1   305       -7.731282       -0.232170        0.500000
hydro_newton_step failed to accept
       retry log10(dt/yr), log10(dt), retry_factor     2   305       -8.032312       -0.533200        0.500000
 have reached retry limit so now backup
 grid1/grid1_000305.png/png
 burst_profile/burst_profile000305.png/png
       retry log10(dt/yr), log10(dt), retry_factor     1   310       -7.731282       -0.232170        0.500000
       retry log10(dt/yr), log10(dt), retry_factor     2   310       -8.032312       -0.533200        0.500000
 grid1/grid1_000310.png/png
 burst_profile/burst_profile000310.png/png
 grid1/grid1_000315.png/png
 burst_profile/burst_profile000315.png/png
       retry log10(dt/yr), log10(dt), retry_factor     1   316       -7.628506       -0.129394        0.500000
       retry log10(dt/yr), log10(dt), retry_factor     2   316       -7.929536       -0.430424        0.500000
 grid1/grid1_000320.png/png
 burst_profile/burst_profile000320.png/png
       retry log10(dt/yr), log10(dt), retry_factor     1   321       -7.628506       -0.129394        0.500000
       retry log10(dt/yr), log10(dt), retry_factor     2   321       -7.929536       -0.430424        0.500000
       retry log10(dt/yr), log10(dt), retry_factor     1   323       -8.230566       -0.731454        0.500000
       retry log10(dt/yr), log10(dt), retry_factor     2   323       -8.531596       -1.032484        0.500000
 grid1/grid1_000325.png/png
 burst_profile/burst_profile000325.png/png
 grid1/grid1_000330.png/png
 burst_profile/burst_profile000330.png/png
 grid1/grid1_000335.png/png
 burst_profile/burst_profile000335.png/png
 grid1/grid1_000340.png/png
 burst_profile/burst_profile000340.png/png
 grid1/grid1_000345.png/png
 burst_profile/burst_profile000345.png/png
 grid1/grid1_000350.png/png
 burst_profile/burst_profile000350.png/png
 grid1/grid1_000355.png/png
 burst_profile/burst_profile000355.png/png
 grid1/grid1_000360.png/png
 burst_profile/burst_profile000360.png/png
 grid1/grid1_000365.png/png
 burst_profile/burst_profile000365.png/png
 grid1/grid1_000370.png/png
 burst_profile/burst_profile000370.png/png
       retry log10(dt/yr), log10(dt), retry_factor     1   374       -5.264275        2.234837        0.500000
       retry log10(dt/yr), log10(dt), retry_factor     2   374       -5.565305        1.933807        0.500000
 have reached retry limit so now backup
 grid1/grid1_000375.png/png
 burst_profile/burst_profile000375.png/png
       retry log10(dt/yr), log10(dt), retry_factor     1   379       -5.429632        2.069480        0.500000
       retry log10(dt/yr), log10(dt), retry_factor     1   380       -5.730662        1.768450        0.500000
       retry log10(dt/yr), log10(dt), retry_factor     2   380       -6.031692        1.467420        0.500000
 grid1/grid1_000380.png/png
 burst_profile/burst_profile000380.png/png
       retry log10(dt/yr), log10(dt), retry_factor     1   381       -6.332722        1.166390        0.500000
 grid1/grid1_000385.png/png
 burst_profile/burst_profile000385.png/png
       retry log10(dt/yr), log10(dt), retry_factor     1   389       -5.369581        2.129530        0.500000
hydro_newton_step failed to accept
       retry log10(dt/yr), log10(dt), retry_factor     2   389       -5.670611        1.828500        0.500000
 have reached retry limit so now backup
 grid1/grid1_000390.png/png
 burst_profile/burst_profile000390.png/png
       retry log10(dt/yr), log10(dt), retry_factor     1   395       -5.310290        2.188822        0.500000
       retry log10(dt/yr), log10(dt), retry_factor     2   395       -5.611320        1.887792        0.500000
 have reached retry limit so now backup
 grid1/grid1_000395.png/png
 burst_profile/burst_profile000395.png/png
       retry log10(dt/yr), log10(dt), retry_factor     1   400       -5.466869        2.032242        0.500000
        400   8.344583  3.604E+06   1.506356   1.533297   1.400000   1.400000   0.000000   0.000000   0.275200   0.060174  15.942320    737     79
  -5.165839   6.667014  -4.792876  -1.058925   0.679784  -8.522879   0.000000   0.000000   0.000000   0.020000   0.042784 103.239078      6     18
 4.9612E-04  23.266562   1.594783   0.293651  13.566928  -1.121886   0.000000   0.000000   0.000000   0.000687  8.970E-01  0.106E-12         retry

 grid1/grid1_000400.png/png
 burst_profile/burst_profile000400.png/png
hydro_newton_step failed to accept
       retry log10(dt/yr), log10(dt), retry_factor     1   401       -5.864809        1.634302        0.500000
       retry log10(dt/yr), log10(dt), retry_factor     1   402       -6.165839        1.333272        0.500000
 grid1/grid1_000405.png/png
 burst_profile/burst_profile000405.png/png
       retry log10(dt/yr), log10(dt), retry_factor     1   406       -6.165839        1.333272        0.500000
       retry log10(dt/yr), log10(dt), retry_factor     2   406       -6.466869        1.032242        0.500000
 have reached retry limit so now backup
 grid1/grid1_000405.png/png
 burst_profile/burst_profile000405.png/png
       retry log10(dt/yr), log10(dt), retry_factor     1   406       -6.767899        0.731212        0.500000
       retry log10(dt/yr), log10(dt), retry_factor     2   406       -7.068929        0.430182        0.500000
 have reached retry limit so now backup
 grid1/grid1_000405.png/png
 burst_profile/burst_profile000405.png/png
       retry log10(dt/yr), log10(dt), retry_factor     1   407       -7.369959        0.129152        0.500000
       retry log10(dt/yr), log10(dt), retry_factor     2   407       -7.670989       -0.171878        0.500000
 have reached retry limit so now backup
       retry log10(dt/yr), log10(dt), retry_factor     1   407       -7.972019       -0.472908        0.500000
 grid1/grid1_000410.png/png
 burst_profile/burst_profile000410.png/png
 grid1/grid1_000415.png/png
 burst_profile/burst_profile000415.png/png
       retry log10(dt/yr), log10(dt), retry_factor     1   420       -5.501043        1.998068        0.500000
       retry log10(dt/yr), log10(dt), retry_factor     2   420       -5.802073        1.697038        0.500000
 have reached retry limit so now backup
 grid1/grid1_000420.png/png
 burst_profile/burst_profile000420.png/png
       retry log10(dt/yr), log10(dt), retry_factor     1   425       -5.631368        1.867744        0.500000
 grid1/grid1_000425.png/png
 burst_profile/burst_profile000425.png/png
       retry log10(dt/yr), log10(dt), retry_factor     1   430       -5.587564        1.911547        0.500000
 grid1/grid1_000430.png/png
 burst_profile/burst_profile000430.png/png
       retry log10(dt/yr), log10(dt), retry_factor     1   432       -5.969588        1.529524        0.500000
hydro_newton_step failed to accept
       retry log10(dt/yr), log10(dt), retry_factor     2   432       -6.270618        1.228494        0.500000
 have reached retry limit so now backup
 grid1/grid1_000435.png/png
 burst_profile/burst_profile000435.png/png
       retry log10(dt/yr), log10(dt), retry_factor     1   438       -5.803918        1.695193        0.500000
       retry log10(dt/yr), log10(dt), retry_factor     1   439       -6.148285        1.350826        0.500000
 grid1/grid1_000440.png/png
 burst_profile/burst_profile000440.png/png
        442   8.424037  4.442E+06   1.915406   2.026828   1.400000   1.400000   0.000000   0.000000   0.275200   0.075914  13.366359    741     96
  -5.900798   6.674488  -4.792810   1.164004   1.104753  -8.522879   0.000000   0.000000   0.000000   0.020000   0.053756  86.473070      6     23
 5.8563E-04  23.281148   1.958075   0.976934  13.804517  -0.977187   0.000000   0.000000   0.000000   0.000687  8.703E-01  0.590E-12          hold

save LOGS/profile3.data for model 442
       retry log10(dt/yr), log10(dt), retry_factor     1   443       -6.201828        1.297283        0.500000
       retry log10(dt/yr), log10(dt), retry_factor     1   444       -6.502858        0.996253        0.500000
       retry log10(dt/yr), log10(dt), retry_factor     1   445       -6.818835        0.680277        0.500000
 grid1/grid1_000445.png/png
 burst_profile/burst_profile000445.png/png
       retry log10(dt/yr), log10(dt), retry_factor     1   446       -7.157953        0.341158        0.500000
       retry log10(dt/yr), log10(dt), retry_factor     1   450       -7.184529        0.314582        0.500000
       retry log10(dt/yr), log10(dt), retry_factor     2   450       -7.485559        0.013552        0.500000
 grid1/grid1_000450.png/png
 burst_profile/burst_profile000450.png/png
       retry log10(dt/yr), log10(dt), retry_factor     1   453       -7.786589       -0.287478        0.500000
       retry log10(dt/yr), log10(dt), retry_factor     1   454       -8.087619       -0.588508        0.500000
 grid1/grid1_000455.png/png
 burst_profile/burst_profile000455.png/png
       retry log10(dt/yr), log10(dt), retry_factor     1   458       -8.486694       -0.987583        0.500000
 grid1/grid1_000460.png/png
 burst_profile/burst_profile000460.png/png
 grid1/grid1_000465.png/png
 burst_profile/burst_profile000465.png/png
 grid1/grid1_000470.png/png
 burst_profile/burst_profile000470.png/png
 grid1/grid1_000475.png/png
 burst_profile/burst_profile000475.png/png
 grid1/grid1_000480.png/png
 burst_profile/burst_profile000480.png/png
 grid1/grid1_000485.png/png
 burst_profile/burst_profile000485.png/png
 grid1/grid1_000490.png/png
 burst_profile/burst_profile000490.png/png
 grid1/grid1_000495.png/png
 burst_profile/burst_profile000495.png/png
       retry log10(dt/yr), log10(dt), retry_factor     1   496       -9.317322       -1.818210        0.500000
        500   8.463270  1.488E+07   3.552280   6.501164   1.400000   1.400000   0.000000   0.000000   0.275200   0.071659  12.171632    751    106
  -8.715262   6.673273  -4.792067   3.281471   4.177415  -8.522879   0.000000   0.000000   0.000000   0.020000   0.046996  78.930125      6     23
 5.8874E-04  23.281559   4.059244   6.500412  14.606942  -0.852055   0.000000   0.000000   0.000000   0.000687  8.813E-01  0.481E-07  max increase

save LOGS/profile4.data for model 500
save photos/x500 for model 500
 grid1/grid1_000500.png/png
 burst_profile/burst_profile000500.png/png
 grid1/grid1_000505.png/png
 burst_profile/burst_profile000505.png/png
       retry log10(dt/yr), log10(dt), retry_factor     1   506       -8.891571       -1.392459        0.500000
 grid1/grid1_000510.png/png
 burst_profile/burst_profile000510.png/png
 grid1/grid1_000515.png/png
 burst_profile/burst_profile000515.png/png
 grid1/grid1_000520.png/png
 burst_profile/burst_profile000520.png/png
 grid1/grid1_000525.png/png
 burst_profile/burst_profile000525.png/png
 grid1/grid1_000530.png/png
 burst_profile/burst_profile000530.png/png
 grid1/grid1_000535.png/png
 burst_profile/burst_profile000535.png/png
 grid1/grid1_000540.png/png
 burst_profile/burst_profile000540.png/png
 grid1/grid1_000545.png/png
 burst_profile/burst_profile000545.png/png
 grid1/grid1_000550.png/png
 burst_profile/burst_profile000550.png/png
       retry log10(dt/yr), log10(dt), retry_factor     1   554       -7.644398       -0.145287        0.500000
       retry log10(dt/yr), log10(dt), retry_factor     2   554       -7.945428       -0.446317        0.500000
 have reached retry limit so now backup
 grid1/grid1_000555.png/png
 burst_profile/burst_profile000555.png/png
       retry log10(dt/yr), log10(dt), retry_factor     1   557       -8.343368       -0.844257        0.500000
       retry log10(dt/yr), log10(dt), retry_factor     1   558       -8.644398       -1.145287        0.500000
       retry log10(dt/yr), log10(dt), retry_factor     2   558       -8.945428       -1.446317        0.500000
 grid1/grid1_000560.png/png
 burst_profile/burst_profile000560.png/png
hydro_newton_step failed to accept
       retry log10(dt/yr), log10(dt), retry_factor     1   561       -9.246458       -1.747347        0.500000
       retry log10(dt/yr), log10(dt), retry_factor     1   563       -8.945428       -1.446317        0.500000
 grid1/grid1_000565.png/png
 burst_profile/burst_profile000565.png/png
hydro_newton_step failed to accept
       retry log10(dt/yr), log10(dt), retry_factor     1   570       -8.144493       -0.645381        0.500000
 grid1/grid1_000570.png/png
 burst_profile/burst_profile000570.png/png
hydro_newton_step failed to accept
       retry log10(dt/yr), log10(dt), retry_factor     1   571       -8.453940       -0.954829        0.500000
hydro_newton_step failed to accept
       retry log10(dt/yr), log10(dt), retry_factor     2   571       -8.754970       -1.255859        0.500000
 have reached retry limit so now backup
 grid1/grid1_000570.png/png
 burst_profile/burst_profile000570.png/png
 grid1/grid1_000575.png/png
 burst_profile/burst_profile000575.png/png
 grid1/grid1_000580.png/png
 burst_profile/burst_profile000580.png/png
 grid1/grid1_000585.png/png
 burst_profile/burst_profile000585.png/png
 grid1/grid1_000590.png/png
 burst_profile/burst_profile000590.png/png
 grid1/grid1_000595.png/png
 burst_profile/burst_profile000595.png/png
        600   8.842385  1.205E+07   2.204623   3.907080   1.400000   1.400000   0.000000   0.000000   0.275200   0.019070   4.564989    777    117
  -7.428694   6.634232  -4.792544   2.058768   2.948306  -8.522879   0.000000   0.000000   0.000000   0.020000   0.020433  31.997410      7     25
 5.9118E-04  23.282005   3.692887   3.892048  14.504782  -0.783693   0.000000   0.000000   0.000000   0.000687  9.605E-01 -0.169E-09          dH/H

 grid1/grid1_000600.png/png
 burst_profile/burst_profile000600.png/png
 grid1/grid1_000605.png/png
 burst_profile/burst_profile000605.png/png
       retry log10(dt/yr), log10(dt), retry_factor     1   607       -7.717679       -0.218567        0.500000
       retry log10(dt/yr), log10(dt), retry_factor     2   607       -8.018709       -0.519597        0.500000
 grid1/grid1_000610.png/png
 burst_profile/burst_profile000610.png/png
       retry log10(dt/yr), log10(dt), retry_factor     1   612       -7.717679       -0.218567        0.500000
       retry log10(dt/yr), log10(dt), retry_factor     2   612       -8.018709       -0.519597        0.500000
 have reached retry limit so now backup
 grid1/grid1_000615.png/png
 burst_profile/burst_profile000615.png/png
       retry log10(dt/yr), log10(dt), retry_factor     1   618       -7.595472       -0.096361        0.500000
       retry log10(dt/yr), log10(dt), retry_factor     2   618       -7.896502       -0.397391        0.500000
 have reached retry limit so now backup
 grid1/grid1_000620.png/png
 burst_profile/burst_profile000620.png/png
 grid1/grid1_000625.png/png
 burst_profile/burst_profile000625.png/png
 grid1/grid1_000630.png/png
 burst_profile/burst_profile000630.png/png
 grid1/grid1_000635.png/png
 burst_profile/burst_profile000635.png/png
 grid1/grid1_000640.png/png
 burst_profile/burst_profile000640.png/png
 grid1/grid1_000645.png/png
 burst_profile/burst_profile000645.png/png
 grid1/grid1_000650.png/png
 burst_profile/burst_profile000650.png/png
 grid1/grid1_000655.png/png
 burst_profile/burst_profile000655.png/png
 grid1/grid1_000660.png/png
 burst_profile/burst_profile000660.png/png
 grid1/grid1_000665.png/png
 burst_profile/burst_profile000665.png/png
       retry log10(dt/yr), log10(dt), retry_factor     1   667       -5.618009        1.881102        0.500000
       retry log10(dt/yr), log10(dt), retry_factor     1   668       -6.015949        1.483162        0.500000
 grid1/grid1_000670.png/png
 burst_profile/burst_profile000670.png/png
       retry log10(dt/yr), log10(dt), retry_factor     1   674       -5.612413        1.886698        0.500000
 grid1/grid1_000675.png/png
 burst_profile/burst_profile000675.png/png
       retry log10(dt/yr), log10(dt), retry_factor     1   679       -5.311383        2.187728        0.500000
       retry log10(dt/yr), log10(dt), retry_factor     2   679       -5.612413        1.886698        0.500000
 have reached retry limit so now backup
       retry log10(dt/yr), log10(dt), retry_factor     1   680       -6.010353        1.488758        0.500000
 grid1/grid1_000680.png/png
 burst_profile/burst_profile000680.png/png
 grid1/grid1_000685.png/png
 burst_profile/burst_profile000685.png/png
       retry log10(dt/yr), log10(dt), retry_factor     1   686       -5.592506        1.906605        0.500000
       retry log10(dt/yr), log10(dt), retry_factor     1   690       -5.655451        1.843660        0.500000
 grid1/grid1_000690.png/png
 burst_profile/burst_profile000690.png/png
       retry log10(dt/yr), log10(dt), retry_factor     1   691       -6.053391        1.445720        0.500000
       retry log10(dt/yr), log10(dt), retry_factor     1   692       -6.354421        1.144690        0.500000
 grid1/grid1_000695.png/png
 burst_profile/burst_profile000695.png/png
       retry log10(dt/yr), log10(dt), retry_factor     1   699       -5.592954        1.906158        0.500000
       retry log10(dt/yr), log10(dt), retry_factor     1   700       -5.990894        1.508218        0.500000
        700   8.345721  3.587E+06   1.495582   1.522882   1.400000   1.400000   0.000000   0.000000   0.275200   0.052686  16.467512    829    135
  -5.689864   6.694901  -4.792866  -1.118684   0.671005  -8.522879   0.000000   0.000000   0.000000   0.020000   0.038973 105.196622      6     28
 7.6028E-04  23.308312   1.586619   0.291088  13.561597  -1.125056   0.000000   0.000000   0.000000   0.000687  9.083E-01  0.440E-12         retry

 grid1/grid1_000700.png/png
 burst_profile/burst_profile000700.png/png
       retry log10(dt/yr), log10(dt), retry_factor     1   701       -6.291924        1.207188        0.500000
 grid1/grid1_000705.png/png
 burst_profile/burst_profile000705.png/png
       retry log10(dt/yr), log10(dt), retry_factor     1   710       -5.362461        2.136651        0.500000
       retry log10(dt/yr), log10(dt), retry_factor     2   710       -5.663491        1.835621        0.500000
 grid1/grid1_000710.png/png
 burst_profile/burst_profile000710.png/png
       retry log10(dt/yr), log10(dt), retry_factor     1   715       -5.540238        1.958874        0.500000
       retry log10(dt/yr), log10(dt), retry_factor     2   715       -5.841268        1.657844        0.500000
 have reached retry limit so now backup
 grid1/grid1_000715.png/png
 burst_profile/burst_profile000715.png/png
       retry log10(dt/yr), log10(dt), retry_factor     1   717       -6.142298        1.356814        0.500000
       retry log10(dt/yr), log10(dt), retry_factor     2   717       -6.443328        1.055784        0.500000
 have reached retry limit so now backup
       retry log10(dt/yr), log10(dt), retry_factor     1   720       -6.744358        0.754754        0.500000
 grid1/grid1_000720.png/png
 burst_profile/burst_profile000720.png/png
       retry log10(dt/yr), log10(dt), retry_factor     1   721       -7.045388        0.453724        0.500000
 grid1/grid1_000725.png/png
 burst_profile/burst_profile000725.png/png
       retry log10(dt/yr), log10(dt), retry_factor     1   729       -5.841268        1.657844        0.500000
hydro_newton_step failed to accept
       retry log10(dt/yr), log10(dt), retry_factor     1   730       -6.142298        1.356814        0.500000
 grid1/grid1_000730.png/png
 burst_profile/burst_profile000730.png/png
hydro_newton_step failed to accept
       retry log10(dt/yr), log10(dt), retry_factor     1   731       -6.540238        0.958874        0.500000
       retry log10(dt/yr), log10(dt), retry_factor     1   732       -6.841268        0.657844        0.500000
 grid1/grid1_000735.png/png
 burst_profile/burst_profile000735.png/png
       retry log10(dt/yr), log10(dt), retry_factor     1   740       -5.984712        1.514399        0.500000
       retry log10(dt/yr), log10(dt), retry_factor     2   740       -6.285742        1.213369        0.500000
 grid1/grid1_000740.png/png
 burst_profile/burst_profile000740.png/png
hydro_newton_step failed to accept
       retry log10(dt/yr), log10(dt), retry_factor     1   741       -6.683682        0.815429        0.500000
       retry log10(dt/yr), log10(dt), retry_factor     2   741       -6.984712        0.514399        0.500000
       retry log10(dt/yr), log10(dt), retry_factor     1   742       -7.285742        0.213369        0.500000
 grid1/grid1_000745.png/png
 burst_profile/burst_profile000745.png/png
hydro_newton_step failed to accept
       retry log10(dt/yr), log10(dt), retry_factor     1   749       -6.382652        1.116459        0.500000
       retry log10(dt/yr), log10(dt), retry_factor     1   750       -6.382652        1.116459        0.500000
 grid1/grid1_000750.png/png
 burst_profile/burst_profile000750.png/png
hydro_newton_step failed to accept
       retry log10(dt/yr), log10(dt), retry_factor     1   751       -6.683682        0.815429        0.500000
       retry log10(dt/yr), log10(dt), retry_factor     1   753       -6.984712        0.514399        0.500000
       retry log10(dt/yr), log10(dt), retry_factor     1   755       -7.285742        0.213369        0.500000
 grid1/grid1_000755.png/png
 burst_profile/burst_profile000755.png/png
       retry log10(dt/yr), log10(dt), retry_factor     1   757       -7.586772       -0.087661        0.500000
       retry log10(dt/yr), log10(dt), retry_factor     1   760       -7.894927       -0.395816        0.500000
 grid1/grid1_000760.png/png
 burst_profile/burst_profile000760.png/png
       retry log10(dt/yr), log10(dt), retry_factor     1   764       -8.292867       -0.793756        0.500000
       retry log10(dt/yr), log10(dt), retry_factor     1   765       -8.662949       -1.163838        0.500000
 grid1/grid1_000765.png/png
 burst_profile/burst_profile000765.png/png
 grid1/grid1_000770.png/png
 burst_profile/burst_profile000770.png/png
 grid1/grid1_000775.png/png
 burst_profile/burst_profile000775.png/png
 grid1/grid1_000780.png/png
 burst_profile/burst_profile000780.png/png
 grid1/grid1_000785.png/png
 burst_profile/burst_profile000785.png/png
 grid1/grid1_000790.png/png
 burst_profile/burst_profile000790.png/png
 grid1/grid1_000795.png/png
 burst_profile/burst_profile000795.png/png
       retry log10(dt/yr), log10(dt), retry_factor     1   796       -9.288419       -1.789308        0.500000
       retry log10(dt/yr), log10(dt), retry_factor     1   800       -9.288419       -1.789308        0.500000
        800   8.456676  1.367E+07   3.548356   6.304598   1.400000   1.400000   0.000000   0.000000   0.275200   0.064431  12.810627    851    164
  -8.987389   6.701481  -4.792157   3.302861   4.184328  -8.522879   0.000000   0.000000   0.000000   0.020000   0.044018  81.891807      8     30
 8.5997E-04  23.322994   3.912503   6.303402  14.560081  -0.824757   0.000000   0.000000   0.000000   0.000687  8.916E-01 -0.312E-07         retry

 grid1/grid1_000800.png/png
 burst_profile/burst_profile000800.png/png
 grid1/grid1_000805.png/png
 burst_profile/burst_profile000805.png/png
 grid1/grid1_000810.png/png
 burst_profile/burst_profile000810.png/png
 grid1/grid1_000815.png/png
 burst_profile/burst_profile000815.png/png
 grid1/grid1_000820.png/png
 burst_profile/burst_profile000820.png/png
 grid1/grid1_000825.png/png
 burst_profile/burst_profile000825.png/png
 grid1/grid1_000830.png/png
 burst_profile/burst_profile000830.png/png
 grid1/grid1_000835.png/png
 burst_profile/burst_profile000835.png/png
 grid1/grid1_000840.png/png
 burst_profile/burst_profile000840.png/png
 grid1/grid1_000845.png/png
 burst_profile/burst_profile000845.png/png
 grid1/grid1_000850.png/png
 burst_profile/burst_profile000850.png/png
 grid1/grid1_000855.png/png
 burst_profile/burst_profile000855.png/png
       retry log10(dt/yr), log10(dt), retry_factor     1   857       -7.827550       -0.328438        0.500000
       retry log10(dt/yr), log10(dt), retry_factor     2   857       -8.128580       -0.629468        0.500000
 have reached retry limit so now backup
       retry log10(dt/yr), log10(dt), retry_factor     1   860       -8.591263       -1.092151        0.500000
 grid1/grid1_000860.png/png
 burst_profile/burst_profile000860.png/png
hydro_newton_step failed to accept
       retry log10(dt/yr), log10(dt), retry_factor     1   861       -8.892293       -1.393181        0.500000
       retry log10(dt/yr), log10(dt), retry_factor     2   861       -9.193323       -1.694211        0.500000
       retry log10(dt/yr), log10(dt), retry_factor     1   865       -9.193323       -1.694211        0.500000
 grid1/grid1_000865.png/png
 burst_profile/burst_profile000865.png/png
 grid1/grid1_000870.png/png
 burst_profile/burst_profile000870.png/png
       retry log10(dt/yr), log10(dt), retry_factor     1   873       -8.257549       -0.758438        0.500000
       retry log10(dt/yr), log10(dt), retry_factor     2   873       -8.558579       -1.059468        0.500000
 have reached retry limit so now backup
 grid1/grid1_000875.png/png
 burst_profile/burst_profile000875.png/png
       retry log10(dt/yr), log10(dt), retry_factor     1   879       -7.956519       -0.457408        0.500000
 grid1/grid1_000880.png/png
 burst_profile/burst_profile000880.png/png
hydro_newton_step failed to accept
       retry log10(dt/yr), log10(dt), retry_factor     1   883       -8.053429       -0.554318        0.500000
hydro_newton_step failed to accept
       retry log10(dt/yr), log10(dt), retry_factor     2   883       -8.354459       -0.855348        0.500000
 have reached retry limit so now backup
 grid1/grid1_000885.png/png
 burst_profile/burst_profile000885.png/png
 grid1/grid1_000890.png/png
 burst_profile/burst_profile000890.png/png
 grid1/grid1_000895.png/png
 burst_profile/burst_profile000895.png/png
        900   8.884407  1.341E+07   2.424942   4.368733   1.400000   1.400000   0.000000   0.000000   0.275200   0.018386   4.204217    866    175
  -7.499184   6.655304  -4.792445   2.207986   3.149046  -8.522879   0.000000   0.000000   0.000000   0.020000   0.019765  29.520018      6     33
 8.6202E-04  23.323315   3.878194   4.360717  14.550920  -0.817891   0.000000   0.000000   0.000000   0.000687  9.618E-01  0.355E-10          dH/H

 grid1/grid1_000900.png/png
 burst_profile/burst_profile000900.png/png
 grid1/grid1_000905.png/png
 burst_profile/burst_profile000905.png/png
 grid1/grid1_000910.png/png
 burst_profile/burst_profile000910.png/png
       retry log10(dt/yr), log10(dt), retry_factor     1   911       -7.845626       -0.346515        0.500000
       retry log10(dt/yr), log10(dt), retry_factor     2   911       -8.146656       -0.647545        0.500000
 have reached retry limit so now backup
 grid1/grid1_000910.png/png
 burst_profile/burst_profile000910.png/png
 grid1/grid1_000915.png/png
 burst_profile/burst_profile000915.png/png

stop because model_number >= max_model_number
      916      916

        916   8.839274  1.152E+07   2.103334   3.709470   1.400000   1.400000   0.000000   0.000000   0.275200   0.016682   4.806049    872    177
  -7.243566   6.665079  -4.792561   1.999864   2.848778  -8.522879   0.000000   0.000000   0.000000   0.020000   0.018839  32.999546      6     34
 8.6252E-04  23.323405   3.614904   3.689799  14.488035  -0.769678   0.000000   0.000000   0.000000   0.000687  9.645E-01 -0.945E-10  max increase

save LOGS/profile5.data for model 916
save photos/x916 for model 916
save abund_profile_r_ni60_ng_ni61_01.data for model 916
 saved to final.mod
termination code: max_model_number
        916   8.839274  1.152E+07   2.103334   3.709470   1.400000   1.400000   0.000000   0.000000   0.275200   0.016682   4.806049    872    177
  -7.243566   6.665079  -4.792561   1.999864   2.848778  -8.522879   0.000000   0.000000   0.000000   0.020000   0.018839  32.999546      6     34
 8.6252E-04  23.323405   3.614904   3.689799  14.488035  -0.769678   0.000000   0.000000   0.000000   0.000687  9.645E-01 -0.945E-10          dH/H

DATE: 2020-09-03
TIME: 05:04:46
