mkdir: cannot create directory ‘/work/al363/runs/e_makeups/1199’: File exists
starting from 0
DATE: 2021-02-23
TIME: 19:08:57
                                         version_number       10108
 read /hpc/group/physics/al363/sens/base/inlist_base
 read inlist_cluster
load saved model /hpc/group/physics/al363/sens/base/ns_relax.mod

 change to /hpc/group/physics/al363/sens/base/rp_305.net
             set special rate factor for r_rb75_pg_sr76        1199    1.0000000000000000D+02
             set special rate factor for r_sr76_gp_rb75        1200    1.0000000000000000D+02
             set special rate factor for r_rb75_pg_sr76        1199    1.0000000000000000D+02
             set special rate factor for r_sr76_gp_rb75        1200    1.0000000000000000D+02
 number of species         305
 read /hpc/group/physics/al363/sens/base/history_customACL.list_tau
 read /hpc/group/physics/al363/sens/base/profile_customACL.list_tau
 net name /hpc/group/physics/al363/sens/base/rp_305.net
 v_flag T
                         which_atm_option: grey_and_kap
                                           xmstar/mstar    4.5461189430843640D-12
                                             xmstar (g)    1.2660395722219186D+22
                                           M_center (g)    2.7848799999878681D+33
                                            xmstar/Msun    6.3645665203193175D-12
                                          M_center/Msun    1.3999999999939012D+00
                                          R_center (cm)    1.1200000000000000D+06
                                          R_center/Rsun    1.6092416448748527D-05
                                           core density    4.7322078204273819D+14
                                          L_center/Lsun    4.1647144567650578D+00
 kappa_file_prefix gs98
 kappa_lowT_prefix lowT_fa05_gs98

   eos_file_prefix mesa
                                        OMP_NUM_THREADS           8


__________________________________________________________________________________________________________________________________________________

       step    lg_Tcntr    Teff       lg_LH     lg_Lnuc     Mass       H_rich     H_cntr     N_cntr     Y_surf     X_avg     eta_cntr  zones retry
   lg_dt_yr    lg_Dcntr    lg_R       lg_L3a    lg_Lneu     lg_Mdot    He_core    He_cntr    O_cntr     Z_surf     Y_avg     gam_cntr  iters bckup
     age_yr    lg_Pcntr    lg_L       lg_LZ     lg_Psurf    lg_Dsurf   C_core     C_cntr     Ne_cntr    Si_cntr    Z_avg     v_div_cs     dt_limit
__________________________________________________________________________________________________________________________________________________

save LOGS/profile1.data for model 2
          6   8.165156  1.497E+06   0.087590   0.087976   1.400000   1.400000   0.000000   0.000000   0.275200   0.030886  22.514775    791      0
  -5.817651   6.610341  -4.793035 -18.862378  -1.086578  -8.522879   0.000000   0.000000   0.000000   0.020000   0.011710 149.410225      6      0
 4.0040E-06  23.176196   0.068337  -2.962874  12.744977  -1.553972   0.000000   0.000000   0.000000   0.000687  9.574E-01  0.395E-11      lgT_cntr

save LOGS/profile2.data for model 6
       retry log10(dt/yr), log10(dt), retry_factor     1    30       -5.532111        1.967001        0.500000
       retry log10(dt/yr), log10(dt), retry_factor     1    35       -5.231081        2.268031        0.500000
       retry log10(dt/yr), log10(dt), retry_factor     1    36       -5.532111        1.967001        0.500000
       retry log10(dt/yr), log10(dt), retry_factor     1    40       -5.532111        1.967001        0.500000
       retry log10(dt/yr), log10(dt), retry_factor     1    45       -5.231081        2.268031        0.500000
       retry log10(dt/yr), log10(dt), retry_factor     1    49       -5.231081        2.268031        0.500000
       retry log10(dt/yr), log10(dt), retry_factor     1    53       -5.231081        2.268031        0.500000
       retry log10(dt/yr), log10(dt), retry_factor     1    56       -5.532111        1.967001        0.500000
       retry log10(dt/yr), log10(dt), retry_factor     2    56       -5.833141        1.665971        0.500000
 have reached retry limit so now backup
       retry log10(dt/yr), log10(dt), retry_factor     1    58       -6.134171        1.364941        0.500000
       retry log10(dt/yr), log10(dt), retry_factor     2    58       -6.435201        1.063911        0.500000
 have reached retry limit so now backup
       retry log10(dt/yr), log10(dt), retry_factor     1    58       -6.736231        0.762881        0.500000
       retry log10(dt/yr), log10(dt), retry_factor     2    58       -7.037261        0.461851        0.500000
 have reached retry limit so now backup
       retry log10(dt/yr), log10(dt), retry_factor     1    60       -7.338291        0.160821        0.500000
       retry log10(dt/yr), log10(dt), retry_factor     2    60       -7.639321       -0.140209        0.500000
 have reached retry limit so now backup
       retry log10(dt/yr), log10(dt), retry_factor     1    62       -7.940351       -0.441239        0.500000
       retry log10(dt/yr), log10(dt), retry_factor     2    62       -8.241381       -0.742269        0.500000
       retry log10(dt/yr), log10(dt), retry_factor     1    76       -5.231081        2.268031        0.500000
       retry log10(dt/yr), log10(dt), retry_factor     2    76       -5.532111        1.967001        0.500000
       retry log10(dt/yr), log10(dt), retry_factor     1    77       -5.833141        1.665971        0.500000
       retry log10(dt/yr), log10(dt), retry_factor     2    77       -6.134171        1.364941        0.500000
 have reached retry limit so now backup
       retry log10(dt/yr), log10(dt), retry_factor     1    80       -6.435201        1.063911        0.500000
       retry log10(dt/yr), log10(dt), retry_factor     2    80       -6.736231        0.762881        0.500000
 have reached retry limit so now backup
       retry log10(dt/yr), log10(dt), retry_factor     1    81       -7.037261        0.461851        0.500000
       retry log10(dt/yr), log10(dt), retry_factor     2    81       -7.338291        0.160821        0.500000
 have reached retry limit so now backup
       retry log10(dt/yr), log10(dt), retry_factor     1    84       -7.639321       -0.140209        0.500000
       retry log10(dt/yr), log10(dt), retry_factor     2    84       -7.940351       -0.441239        0.500000
 have reached retry limit so now backup
       retry log10(dt/yr), log10(dt), retry_factor     1    84       -8.241381       -0.742269        0.500000
       retry log10(dt/yr), log10(dt), retry_factor     1    97       -5.708197        1.790914        0.500000
       retry log10(dt/yr), log10(dt), retry_factor     1    98       -6.029742        1.469369        0.500000
       retry log10(dt/yr), log10(dt), retry_factor     1    99       -6.330772        1.168339        0.500000
        100   8.444841  4.670E+06   2.033172   2.166622   1.400000   1.400000   0.000000   0.000000   0.275200   0.100536  12.226478    752     31
  -6.029742   6.642744  -4.792800   1.206170   1.283423  -8.522879   0.000000   0.000000   0.000000   0.020000   0.058448  80.444496      6      8
 3.1300E-04  23.235090   2.045017   1.357015  13.860470  -0.943582   0.000000   0.000000   0.000000   0.000687  8.410E-01  0.987E-12          hold

       retry log10(dt/yr), log10(dt), retry_factor     1   101       -6.631802        0.867309        0.500000
       retry log10(dt/yr), log10(dt), retry_factor     1   103       -6.932832        0.566279        0.500000
hydro_newton_step failed to accept
       retry log10(dt/yr), log10(dt), retry_factor     1   104       -7.233862        0.265249        0.500000
       retry log10(dt/yr), log10(dt), retry_factor     1   106       -7.534892       -0.035780        0.500000
       retry log10(dt/yr), log10(dt), retry_factor     1   110       -7.649240       -0.150129        0.500000
       retry log10(dt/yr), log10(dt), retry_factor     2   110       -7.950270       -0.451159        0.500000
       retry log10(dt/yr), log10(dt), retry_factor     1   112       -8.333830       -0.834718        0.500000
                       super eddington wind: lg_Mdot, L/Ledd         166    -9.75803     1.00712
                       super eddington wind: lg_Mdot, L/Ledd         167    -9.00411     1.04037
                       super eddington wind: lg_Mdot, L/Ledd         168    -8.75913     1.07092
                       super eddington wind: lg_Mdot, L/Ledd         169    -8.62640     1.09620
                       super eddington wind: lg_Mdot, L/Ledd         170    -8.52189     1.12222
                       super eddington wind: lg_Mdot, L/Ledd         171    -8.42415     1.15291
                       super eddington wind: lg_Mdot, L/Ledd         172    -8.60195     1.10137
                       super eddington wind: lg_Mdot, L/Ledd         173    -8.46070     1.14021
                       super eddington wind: lg_Mdot, L/Ledd         174    -8.38543     1.16683
                       super eddington wind: lg_Mdot, L/Ledd         175    -8.53046     1.11912
                       super eddington wind: lg_Mdot, L/Ledd         176    -8.40175     1.16032
                       super eddington wind: lg_Mdot, L/Ledd         177    -8.32979     1.18911
                       super eddington wind: lg_Mdot, L/Ledd         178    -8.44600     1.14435
                       super eddington wind: lg_Mdot, L/Ledd         179    -8.34308     1.18282
                       super eddington wind: lg_Mdot, L/Ledd         180    -8.27317     1.21441
                       super eddington wind: lg_Mdot, L/Ledd         181    -8.39233     1.16278
                       super eddington wind: lg_Mdot, L/Ledd         182    -8.29710     1.20254
                       super eddington wind: lg_Mdot, L/Ledd         183    -8.24678     1.22722
                       super eddington wind: lg_Mdot, L/Ledd         184    -8.36364     1.17329
                       super eddington wind: lg_Mdot, L/Ledd         185    -8.27559     1.21206
                       super eddington wind: lg_Mdot, L/Ledd         186    -8.24399     1.22800
                       super eddington wind: lg_Mdot, L/Ledd         187    -8.35106     1.17769
                       super eddington wind: lg_Mdot, L/Ledd         188    -8.28814     1.20507
                       super eddington wind: lg_Mdot, L/Ledd         189    -8.25550     1.22108
                       super eddington wind: lg_Mdot, L/Ledd         190    -8.39037     1.16155
                       super eddington wind: lg_Mdot, L/Ledd         191    -8.34285     1.18000
                       super eddington wind: lg_Mdot, L/Ledd         192    -8.33053     1.18506
                       super eddington wind: lg_Mdot, L/Ledd         193    -8.50395     1.12382
       retry log10(dt/yr), log10(dt), retry_factor     1   193       -9.064845       -1.565733        0.500000
                       super eddington wind: lg_Mdot, L/Ledd         193    -8.50395     1.12382
       retry log10(dt/yr), log10(dt), retry_factor     2   193       -9.365875       -1.866763        0.500000
                       super eddington wind: lg_Mdot, L/Ledd         193    -8.50395     1.12382
                       super eddington wind: lg_Mdot, L/Ledd         194    -8.41471     1.15222
                       super eddington wind: lg_Mdot, L/Ledd         195    -8.62051     1.09468
                       super eddington wind: lg_Mdot, L/Ledd         196    -8.48658     1.12886
                       super eddington wind: lg_Mdot, L/Ledd         197    -8.41865     1.15066
                       super eddington wind: lg_Mdot, L/Ledd         198    -8.59945     1.09925
                       super eddington wind: lg_Mdot, L/Ledd         199    -8.53239     1.11588
                       super eddington wind: lg_Mdot, L/Ledd         200    -8.69918     1.07883
        200   8.952784  2.389E+07   3.718912   6.683775   1.400000   1.400000   0.000000   0.000000   0.295160   0.075448   3.032814    668     40
  -8.761916   6.568512  -4.791541   3.022913   4.378923  -8.699175   0.000000   0.000000   0.000000   0.202971   0.044718  23.594395      6      8
 3.1498E-04  23.235200   4.883027   6.683209  15.063862  -0.894736   0.000000   0.000000   0.000000   0.000687  8.798E-01  0.548E-04    varcontrol

                       super eddington wind: lg_Mdot, L/Ledd         201    -8.55022     1.11110
                       super eddington wind: lg_Mdot, L/Ledd         202    -8.50383     1.12353
       retry log10(dt/yr), log10(dt), retry_factor     1   202       -9.183014       -1.683902        0.500000
                       super eddington wind: lg_Mdot, L/Ledd         202    -8.50383     1.12353
                       super eddington wind: lg_Mdot, L/Ledd         203    -8.64179     1.08979
                       super eddington wind: lg_Mdot, L/Ledd         204    -8.60433     1.09791
                       super eddington wind: lg_Mdot, L/Ledd         205    -8.77910     1.06546
                       super eddington wind: lg_Mdot, L/Ledd         206    -8.67862     1.08249
                       super eddington wind: lg_Mdot, L/Ledd         207    -8.61908     1.09461
                       super eddington wind: lg_Mdot, L/Ledd         208    -8.84837     1.05573
                       super eddington wind: lg_Mdot, L/Ledd         209    -8.76300     1.06779
                       super eddington wind: lg_Mdot, L/Ledd         210    -9.18692     1.02551
                       super eddington wind: lg_Mdot, L/Ledd         211    -9.03321     1.03636
                       super eddington wind: lg_Mdot, L/Ledd         213    -9.27486     1.02081
                       super eddington wind: lg_Mdot, L/Ledd         215   -10.55099     1.00110
       retry log10(dt/yr), log10(dt), retry_factor     1   218       -9.278786       -1.779675        0.500000
       retry log10(dt/yr), log10(dt), retry_factor     1   237       -7.456327        0.042785        0.500000
       retry log10(dt/yr), log10(dt), retry_factor     2   237       -7.757357       -0.258245        0.500000
 have reached retry limit so now backup
       retry log10(dt/yr), log10(dt), retry_factor     1   244       -7.844018       -0.344907        0.500000
       retry log10(dt/yr), log10(dt), retry_factor     2   244       -8.145048       -0.645937        0.500000
 have reached retry limit so now backup
       retry log10(dt/yr), log10(dt), retry_factor     1   247       -8.493319       -0.994207        0.500000
       retry log10(dt/yr), log10(dt), retry_factor     1   251       -8.493319       -0.994207        0.500000
       retry log10(dt/yr), log10(dt), retry_factor     2   251       -8.794349       -1.295237        0.500000
 have reached retry limit so now backup
       retry log10(dt/yr), log10(dt), retry_factor     1   252       -9.095379       -1.596267        0.500000
hydro_newton_step failed to accept
       retry log10(dt/yr), log10(dt), retry_factor     1   259       -8.192289       -0.693177        0.500000
       retry log10(dt/yr), log10(dt), retry_factor     2   259       -8.493319       -0.994207        0.500000
 have reached retry limit so now backup
       retry log10(dt/yr), log10(dt), retry_factor     1   263       -8.493319       -0.994207        0.500000
       retry log10(dt/yr), log10(dt), retry_factor     2   263       -8.794349       -1.295237        0.500000
 have reached retry limit so now backup
       retry log10(dt/yr), log10(dt), retry_factor     1   278       -7.972092       -0.472980        0.500000
       retry log10(dt/yr), log10(dt), retry_factor     1   293       -7.553441       -0.054330        0.500000
hydro_newton_step failed to accept
       retry log10(dt/yr), log10(dt), retry_factor     1   296       -7.951381       -0.452270        0.500000
        300   8.788973  1.066E+07   1.981848   3.460778   1.400000   1.400000   0.000000   0.000000   0.275200   0.020309   5.080729    706     57
  -7.148386   6.611157  -4.792635   1.834020   2.745239  -8.522879   0.000000   0.000000   0.000000   0.020000   0.020491  35.549601      6     13
 3.1801E-04  23.235926   3.479308   3.435376  14.461235  -0.746638   0.000000   0.000000   0.000000   0.000687  9.592E-01  0.504E-08          dH/H

       retry log10(dt/yr), log10(dt), retry_factor     1   304       -7.619710       -0.120599        0.500000
       retry log10(dt/yr), log10(dt), retry_factor     2   304       -7.920740       -0.421629        0.500000
       retry log10(dt/yr), log10(dt), retry_factor     1   310       -7.551324       -0.052213        0.500000
       retry log10(dt/yr), log10(dt), retry_factor     2   310       -7.852354       -0.353243        0.500000
 have reached retry limit so now backup
       retry log10(dt/yr), log10(dt), retry_factor     1   311       -8.153384       -0.654273        0.500000
       retry log10(dt/yr), log10(dt), retry_factor     1   358       -5.349856        2.149256        0.500000
       retry log10(dt/yr), log10(dt), retry_factor     1   362       -5.446766        2.052346        0.500000
       retry log10(dt/yr), log10(dt), retry_factor     1   364       -5.844706        1.654406        0.500000
       retry log10(dt/yr), log10(dt), retry_factor     1   365       -6.145736        1.353376        0.500000
       retry log10(dt/yr), log10(dt), retry_factor     1   372       -5.512020        1.987092        0.500000
       retry log10(dt/yr), log10(dt), retry_factor     2   372       -5.813050        1.686062        0.500000
       retry log10(dt/yr), log10(dt), retry_factor     1   373       -6.114080        1.385032        0.500000
       retry log10(dt/yr), log10(dt), retry_factor     1   380       -5.468156        2.030955        0.500000
       retry log10(dt/yr), log10(dt), retry_factor     2   380       -5.769186        1.729925        0.500000
       retry log10(dt/yr), log10(dt), retry_factor     1   386       -5.488125        2.010986        0.500000
       retry log10(dt/yr), log10(dt), retry_factor     1   387       -5.789155        1.709956        0.500000
       retry log10(dt/yr), log10(dt), retry_factor     2   387       -6.090185        1.408926        0.500000
 have reached retry limit so now backup
       retry log10(dt/yr), log10(dt), retry_factor     1   390       -6.391215        1.107896        0.500000
       retry log10(dt/yr), log10(dt), retry_factor     2   390       -6.692245        0.806866        0.500000
 have reached retry limit so now backup
       retry log10(dt/yr), log10(dt), retry_factor     1   393       -6.993275        0.505836        0.500000
       retry log10(dt/yr), log10(dt), retry_factor     2   393       -7.294305        0.204806        0.500000
 have reached retry limit so now backup
       retry log10(dt/yr), log10(dt), retry_factor     1   395       -7.595335       -0.096224        0.500000
       retry log10(dt/yr), log10(dt), retry_factor     2   395       -7.896365       -0.397254        0.500000
        400   8.346630  3.634E+06   1.516191   1.542421   1.400000   1.400000   0.000000   0.000000   0.275200   0.061675  15.881498    754     80
  -6.993275   6.667768  -4.792872  -0.951597   0.690392  -8.522879   0.000000   0.000000   0.000000   0.020000   0.043754 102.813012      6     17
 5.0340E-04  23.267766   1.609333   0.285955  13.576400  -1.116128   0.000000   0.000000   0.000000   0.000687  8.946E-01  0.552E-10  max increase

       retry log10(dt/yr), log10(dt), retry_factor     1   409       -5.463681        2.035430        0.500000
       retry log10(dt/yr), log10(dt), retry_factor     2   409       -5.764711        1.734400        0.500000
hydro_newton_step failed to accept
       retry log10(dt/yr), log10(dt), retry_factor     1   410       -6.162651        1.336460        0.500000
       retry log10(dt/yr), log10(dt), retry_factor     1   415       -5.560591        1.938520        0.500000
       retry log10(dt/yr), log10(dt), retry_factor     1   416       -5.861621        1.637490        0.500000
hydro_newton_step failed to accept
       retry log10(dt/yr), log10(dt), retry_factor     1   417       -6.213104        1.286007        0.500000
       retry log10(dt/yr), log10(dt), retry_factor     1   422       -5.705051        1.794060        0.500000
       retry log10(dt/yr), log10(dt), retry_factor     1   423       -6.006081        1.493030        0.500000
       retry log10(dt/yr), log10(dt), retry_factor     1   425       -6.328216        1.170896        0.500000
       retry log10(dt/yr), log10(dt), retry_factor     2   425       -6.629246        0.869866        0.500000
 have reached retry limit so now backup
       retry log10(dt/yr), log10(dt), retry_factor     1   428       -6.930276        0.568836        0.500000
       retry log10(dt/yr), log10(dt), retry_factor     1   429       -7.231306        0.267806        0.500000
        436   8.420714  4.400E+06   1.903085   2.003993   1.400000   1.400000   0.000000   0.000000   0.275200   0.075914  13.472224    757     92
  -5.726156   6.674569  -4.792812   1.105447   1.082618  -8.522879   0.000000   0.000000   0.000000   0.020000   0.053837  87.142738      6     18
 5.8532E-04  23.281100   1.941573   0.912565  13.793848  -0.983624   0.000000   0.000000   0.000000   0.000687  8.702E-01  0.555E-13  max increase

save LOGS/profile3.data for model 436
       retry log10(dt/yr), log10(dt), retry_factor     1   437       -6.163791        1.335321        0.500000
       retry log10(dt/yr), log10(dt), retry_factor     1   438       -6.464821        1.034291        0.500000
hydro_newton_step failed to accept
       retry log10(dt/yr), log10(dt), retry_factor     1   439       -6.765851        0.733261        0.500000
       retry log10(dt/yr), log10(dt), retry_factor     1   441       -7.066881        0.432231        0.500000
       retry log10(dt/yr), log10(dt), retry_factor     1   443       -7.367911        0.131201        0.500000
       retry log10(dt/yr), log10(dt), retry_factor     2   443       -7.668941       -0.169829        0.500000
hydro_newton_step failed to accept
       retry log10(dt/yr), log10(dt), retry_factor     1   445       -7.969971       -0.470859        0.500000
hydro_newton_step failed to accept
       retry log10(dt/yr), log10(dt), retry_factor     2   445       -8.271001       -0.771889        0.500000
       retry log10(dt/yr), log10(dt), retry_factor     1   449       -7.692844       -0.193732        0.500000
       retry log10(dt/yr), log10(dt), retry_factor     1   450       -7.993874       -0.494762        0.500000
       retry log10(dt/yr), log10(dt), retry_factor     1   453       -8.424773       -0.925662        0.500000
        500   8.487038  2.038E+07   3.650075   6.827401   1.400000   1.400000   0.000000   0.000000   0.294460   0.066801  11.493716    787    103
  -7.949596   6.672214  -4.791735   3.041957   4.212500  -8.522879   0.000000   0.000000   0.000000   0.186314   0.042138  74.665913      7     18
 5.8885E-04  23.281523   4.607087   6.827041  14.878671  -0.855683   0.000000   0.000000   0.000000   0.000687  8.911E-01  0.539E-08        lgTeff

save LOGS/profile4.data for model 500
save photos/x500 for model 500
 grid1/grid1_000500.png/png
 burst_profile/burst_profile000500.png/png
       retry log10(dt/yr), log10(dt), retry_factor     1   532       -8.386528       -0.887417        0.500000
       retry log10(dt/yr), log10(dt), retry_factor     1   533       -8.784468       -1.285357        0.500000
       retry log10(dt/yr), log10(dt), retry_factor     1   550       -7.647818       -0.148707        0.500000
       retry log10(dt/yr), log10(dt), retry_factor     2   550       -7.948848       -0.449737        0.500000
 have reached retry limit so now backup
hydro_newton_step failed to accept
       retry log10(dt/yr), log10(dt), retry_factor     1   554       -8.199295       -0.700183        0.500000
hydro_newton_step failed to accept
       retry log10(dt/yr), log10(dt), retry_factor     2   554       -8.500325       -1.001213        0.500000
hydro_newton_step failed to accept
       retry log10(dt/yr), log10(dt), retry_factor     1   557       -8.224670       -0.725559        0.500000
hydro_newton_step failed to accept
       retry log10(dt/yr), log10(dt), retry_factor     1   558       -8.224670       -0.725559        0.500000
hydro_newton_step failed to accept
       retry log10(dt/yr), log10(dt), retry_factor     2   558       -8.525700       -1.026589        0.500000
       retry log10(dt/yr), log10(dt), retry_factor     1   559       -8.525700       -1.026589        0.500000
       retry log10(dt/yr), log10(dt), retry_factor     1   569       -7.948120       -0.449008        0.500000
hydro_newton_step failed to accept
       retry log10(dt/yr), log10(dt), retry_factor     2   569       -8.249150       -0.750038        0.500000
 have reached retry limit so now backup
       retry log10(dt/yr), log10(dt), retry_factor     1   572       -8.550180       -1.051068        0.500000
hydro_newton_step failed to accept
       retry log10(dt/yr), log10(dt), retry_factor     1   593       -8.033406       -0.534295        0.500000
       retry log10(dt/yr), log10(dt), retry_factor     2   593       -8.334436       -0.835325        0.500000
        600   8.848665  1.231E+07   2.254268   3.998707   1.400000   1.400000   0.000000   0.000000   0.275200   0.019182   4.481107    817    118
  -7.353804   6.632889  -4.792527   2.086757   2.991476  -8.522879   0.000000   0.000000   0.000000   0.020000   0.020505  31.505545     10     20
 5.9114E-04  23.281995   3.729987   3.985363  14.513251  -0.790450   0.000000   0.000000   0.000000   0.000687  9.603E-01  0.110E-08          dH/H

       retry log10(dt/yr), log10(dt), retry_factor     1   608       -7.577212       -0.078101        0.500000
       retry log10(dt/yr), log10(dt), retry_factor     2   608       -7.878242       -0.379131        0.500000
 have reached retry limit so now backup
       retry log10(dt/yr), log10(dt), retry_factor     1   609       -8.179272       -0.680161        0.500000
hydro_newton_step failed to accept
       retry log10(dt/yr), log10(dt), retry_factor     2   609       -8.480302       -0.981191        0.500000
 have reached retry limit so now backup
       retry log10(dt/yr), log10(dt), retry_factor     1   617       -7.745496       -0.246384        0.500000
       retry log10(dt/yr), log10(dt), retry_factor     2   617       -8.046526       -0.547414        0.500000
       retry log10(dt/yr), log10(dt), retry_factor     1   656       -6.652611        0.846501        0.500000
       retry log10(dt/yr), log10(dt), retry_factor     1   673       -5.414728        2.084383        0.500000
       retry log10(dt/yr), log10(dt), retry_factor     1   681       -5.496110        2.003001        0.500000
       retry log10(dt/yr), log10(dt), retry_factor     2   681       -5.797140        1.701971        0.500000
 have reached retry limit so now backup
       retry log10(dt/yr), log10(dt), retry_factor     1   687       -5.422907        2.076205        0.500000
       retry log10(dt/yr), log10(dt), retry_factor     2   687       -5.723937        1.775175        0.500000
 have reached retry limit so now backup
       retry log10(dt/yr), log10(dt), retry_factor     1   692       -5.668700        1.830411        0.500000
       retry log10(dt/yr), log10(dt), retry_factor     2   692       -5.969730        1.529381        0.500000
       retry log10(dt/yr), log10(dt), retry_factor     1   693       -6.270760        1.228351        0.500000
       retry log10(dt/yr), log10(dt), retry_factor     1   700       -5.367670        2.131441        0.500000
       retry log10(dt/yr), log10(dt), retry_factor     2   700       -5.668700        1.830411        0.500000
 have reached retry limit so now backup
        700   8.353811  3.680E+06   1.548225   1.576798   1.400000   1.400000   0.000000   0.000000   0.275200   0.057993  16.217949    855    135
  -5.464580   6.697757  -4.792854  -0.691183   0.720876  -8.522879   0.000000   0.000000   0.000000   0.020000   0.042633 103.481649      6     25
 7.9067E-04  23.312865   1.630950   0.342321  13.590488  -1.107483   0.000000   0.000000   0.000000   0.000687  8.994E-01  0.111E-12          dH/H

       retry log10(dt/yr), log10(dt), retry_factor     1   706       -5.561490        1.937621        0.500000
       retry log10(dt/yr), log10(dt), retry_factor     2   706       -5.862520        1.636591        0.500000
 have reached retry limit so now backup
hydro_newton_step failed to accept
       retry log10(dt/yr), log10(dt), retry_factor     1   710       -6.024565        1.474546        0.500000
hydro_newton_step failed to accept
       retry log10(dt/yr), log10(dt), retry_factor     2   710       -6.325595        1.173516        0.500000
       retry log10(dt/yr), log10(dt), retry_factor     1   715       -5.603876        1.895236        0.500000
       retry log10(dt/yr), log10(dt), retry_factor     2   715       -5.904906        1.594206        0.500000
hydro_newton_step failed to accept
       retry log10(dt/yr), log10(dt), retry_factor     1   720       -6.013788        1.485324        0.500000
       retry log10(dt/yr), log10(dt), retry_factor     2   720       -6.314818        1.184294        0.500000
       retry log10(dt/yr), log10(dt), retry_factor     1   724       -6.314818        1.184294        0.500000
       retry log10(dt/yr), log10(dt), retry_factor     1   726       -6.615848        0.883264        0.500000
       retry log10(dt/yr), log10(dt), retry_factor     2   726       -6.916878        0.582234        0.500000
       retry log10(dt/yr), log10(dt), retry_factor     1   728       -7.217908        0.281204        0.500000
       retry log10(dt/yr), log10(dt), retry_factor     2   728       -7.518938       -0.019826        0.500000
       retry log10(dt/yr), log10(dt), retry_factor     1   732       -7.518938       -0.019826        0.500000
hydro_newton_step failed to accept
       retry log10(dt/yr), log10(dt), retry_factor     2   732       -7.819968       -0.320856        0.500000
       retry log10(dt/yr), log10(dt), retry_factor     1   737       -7.518938       -0.019826        0.500000
       retry log10(dt/yr), log10(dt), retry_factor     1   738       -7.819968       -0.320856        0.500000
       retry log10(dt/yr), log10(dt), retry_factor     1   739       -8.120998       -0.621886        0.500000
       retry log10(dt/yr), log10(dt), retry_factor     1   774       -9.273441       -1.774329        0.500000
        800   8.628162  2.239E+07   3.558922   6.636521   1.400000   1.400000   0.000000   0.000000   0.284430   0.054113   8.426116    895    154
  -8.242465   6.691971  -4.791653   2.938351   4.274059  -8.522879   0.000000   0.000000   0.000000   0.245098   0.036005  54.775209      7     26
 8.6098E-04  23.323067   4.770292   6.636071  14.988102  -0.847589   0.000000   0.000000   0.000000   0.000687  9.099E-01  0.918E-08      lgT_cntr

       retry log10(dt/yr), log10(dt), retry_factor     1   834       -7.806600       -0.307488        0.500000
       retry log10(dt/yr), log10(dt), retry_factor     2   834       -8.107630       -0.608518        0.500000
 have reached retry limit so now backup
       retry log10(dt/yr), log10(dt), retry_factor     1   839       -8.588184       -1.089073        0.500000
       retry log10(dt/yr), log10(dt), retry_factor     2   839       -8.889214       -1.390103        0.500000
       retry log10(dt/yr), log10(dt), retry_factor     1   840       -9.190244       -1.691133        0.500000
       retry log10(dt/yr), log10(dt), retry_factor     1   844       -9.190244       -1.691133        0.500000
       retry log10(dt/yr), log10(dt), retry_factor     1   849       -8.889214       -1.390103        0.500000
hydro_newton_step failed to accept
       retry log10(dt/yr), log10(dt), retry_factor     1   858       -8.030320       -0.531208        0.500000
       retry log10(dt/yr), log10(dt), retry_factor     2   858       -8.331350       -0.832238        0.500000

stop because model_number >= max_model_number
      886      886

        886   8.851515  1.205E+07   2.196579   3.898602   1.400000   1.400000   0.000000   0.000000   0.275200   0.017233   4.638592    880    163
  -7.341078   6.662697  -4.792528   2.059602   2.940300  -8.522879   0.000000   0.000000   0.000000   0.020000   0.019018  32.023841      6     27
 8.6323E-04  23.323503   3.693067   3.883422  14.504791  -0.783741   0.000000   0.000000   0.000000   0.000687  9.637E-01  0.371E-09    varcontrol

save LOGS/profile5.data for model 886
save photos/x886 for model 886
save abund_profile_r_rb75_pg_sr76_100.data for model 886
 saved to final.mod
termination code: max_model_number
        886   8.851515  1.205E+07   2.196579   3.898602   1.400000   1.400000   0.000000   0.000000   0.275200   0.017233   4.638592    880    163
  -7.341078   6.662697  -4.792528   2.059602   2.940300  -8.522879   0.000000   0.000000   0.000000   0.020000   0.019018  32.023841      6     27
 8.6323E-04  23.323503   3.693067   3.883422  14.504791  -0.783741   0.000000   0.000000   0.000000   0.000687  9.637E-01  0.371E-09          dH/H

DATE: 2021-02-24
TIME: 07:31:48
