starting from scratch 
mkdir: cannot create directory ‘/work/al363/runs/low_overhead/runs_x100_5/879’: File exists
                                         version_number       10108
 read /hpc/group/physics/al363/low_overhead/sens/base/inlist_base
 read inlist_cluster
load saved model /hpc/group/physics/al363/sens/base/ns_relax.mod

 change to /hpc/group/physics/al363/sens/base/rp_305.net
             set special rate factor for r_zn65_pn_ga65         879    1.0000000000000000D+02
             set special rate factor for r_ga65_np_zn65         880    1.0000000000000000D+02
             set special rate factor for r_zn65_pn_ga65         879    1.0000000000000000D+02
             set special rate factor for r_ga65_np_zn65         880    1.0000000000000000D+02
 number of species         305
 read /hpc/group/physics/al363/low_overhead/sens/base/history_custom_low_overhead
 read /hpc/group/physics/al363/low_overhead/sens/base/profile_custom_low_overhead
 net name /hpc/group/physics/al363/sens/base/rp_305.net
 v_flag T
                                           xmstar/mstar    4.5461189430843640D-12
                                             xmstar (g)    1.2660395722219186D+22
                                           M_center (g)    2.7848799999878681D+33
                                            xmstar/Msun    6.3645665203193175D-12
                                          M_center/Msun    1.3999999999939012D+00
                                          R_center (cm)    1.1200000000000000D+06
                                          R_center/Rsun    1.6092416448748527D-05
                                           core density    4.7322078204273819D+14
                                          L_center/Lsun    4.1647144567650578D+00
 kappa_file_prefix gs98
 kappa_lowT_prefix lowT_fa05_gs98

   eos_file_prefix mesa
                                        OMP_NUM_THREADS           8


__________________________________________________________________________________________________________________________________________________

       step    lg_Tcntr    Teff       lg_LH     lg_Lnuc     Mass       H_rich     H_cntr     N_cntr     Y_surf     X_avg     eta_cntr  zones retry
   lg_dt_yr    lg_Dcntr    lg_R       lg_L3a    lg_Lneu     lg_Mdot    He_core    He_cntr    O_cntr     Z_surf     Y_avg     gam_cntr  iters bckup
     age_yr    lg_Pcntr    lg_L       lg_LZ     lg_Psurf    lg_Dsurf   C_core     C_cntr     Ne_cntr    Si_cntr    Z_avg     v_div_cs     dt_limit
__________________________________________________________________________________________________________________________________________________

save LOGS/profile1.data for model 2
         12   8.207068  1.596E+06   0.422373   0.422680   1.400000   1.400000   0.000000   0.000000   0.275200   0.032716  18.782540    782      0
  -5.834864   6.544453  -4.792968 -17.300136  -0.755568  -8.522879   0.000000   0.000000   0.000000   0.020000   0.012436 128.974929      6      0
 9.8181E-06  23.077272   0.179446  -2.727454  12.804639  -1.522785   0.000000   0.000000   0.000000   0.000687  9.548E-01 -0.112E-12      lgT_cntr

save LOGS/profile2.data for model 12
       retry log10(dt/yr), log10(dt), retry_factor     1    34       -5.396232        2.102880        0.500000
       retry log10(dt/yr), log10(dt), retry_factor     1    38       -5.396232        2.102880        0.500000
       retry log10(dt/yr), log10(dt), retry_factor     1    42       -5.396232        2.102880        0.500000
       retry log10(dt/yr), log10(dt), retry_factor     1    46       -5.396232        2.102880        0.500000
       retry log10(dt/yr), log10(dt), retry_factor     1    51       -5.095202        2.403909        0.500000
       retry log10(dt/yr), log10(dt), retry_factor     1    55       -5.095202        2.403909        0.500000
       retry log10(dt/yr), log10(dt), retry_factor     1    56       -5.396232        2.102880        0.500000
       retry log10(dt/yr), log10(dt), retry_factor     1    60       -5.396232        2.102880        0.500000
       retry log10(dt/yr), log10(dt), retry_factor     1    61       -5.697262        1.801850        0.500000
       retry log10(dt/yr), log10(dt), retry_factor     1    62       -5.998292        1.500820        0.500000
       retry log10(dt/yr), log10(dt), retry_factor     1    64       -6.299322        1.199790        0.500000
       retry log10(dt/yr), log10(dt), retry_factor     1    65       -6.600352        0.898760        0.500000
       retry log10(dt/yr), log10(dt), retry_factor     1    67       -6.901382        0.597730        0.500000
       retry log10(dt/yr), log10(dt), retry_factor     1    68       -7.202412        0.296700        0.500000
       retry log10(dt/yr), log10(dt), retry_factor     1    69       -7.503442       -0.004330        0.500000
       retry log10(dt/yr), log10(dt), retry_factor     1    70       -7.804472       -0.305360        0.500000
       retry log10(dt/yr), log10(dt), retry_factor     1    73       -8.202412       -0.703300        0.500000
       retry log10(dt/yr), log10(dt), retry_factor     1    74       -8.529182       -1.030070        0.500000
       retry log10(dt/yr), log10(dt), retry_factor     1   142       -8.733632       -1.234521        0.500000
hydro_newton_step failed to accept
       retry log10(dt/yr), log10(dt), retry_factor     2   142       -9.034662       -1.535551        0.500000
       retry log10(dt/yr), log10(dt), retry_factor     1   164       -8.849290       -1.350179        0.500000
       retry log10(dt/yr), log10(dt), retry_factor     1   167       -9.247230       -1.748119        0.500000
       retry log10(dt/yr), log10(dt), retry_factor     1   184       -7.303348        0.195763        0.500000
       retry log10(dt/yr), log10(dt), retry_factor     2   184       -7.604378       -0.105267        0.500000
       retry log10(dt/yr), log10(dt), retry_factor     1   190       -7.634345       -0.135234        0.500000
       retry log10(dt/yr), log10(dt), retry_factor     1   191       -8.032285       -0.533174        0.500000
       retry log10(dt/yr), log10(dt), retry_factor     2   191       -8.333315       -0.834204        0.500000
 have reached retry limit so now backup
hydro_newton_step failed to accept
       retry log10(dt/yr), log10(dt), retry_factor     1   195       -8.333315       -0.834204        0.500000
hydro_newton_step failed to accept
       retry log10(dt/yr), log10(dt), retry_factor     2   195       -8.634345       -1.135234        0.500000
hydro_newton_step failed to accept
       retry log10(dt/yr), log10(dt), retry_factor     1   200       -7.841535       -0.342423        0.500000
hydro_newton_step failed to accept
       retry log10(dt/yr), log10(dt), retry_factor     2   200       -8.142565       -0.643453        0.500000
 have reached retry limit so now backup
       retry log10(dt/yr), log10(dt), retry_factor     1   202       -8.443595       -0.944483        0.500000
       retry log10(dt/yr), log10(dt), retry_factor     2   202       -8.744625       -1.245513        0.500000
hydro_newton_step failed to accept
       retry log10(dt/yr), log10(dt), retry_factor     1   211       -7.918332       -0.419220        0.500000
       retry log10(dt/yr), log10(dt), retry_factor     2   211       -8.219362       -0.720250        0.500000
hydro_newton_step failed to accept
       retry log10(dt/yr), log10(dt), retry_factor     1   233       -7.803296       -0.304184        0.500000
       retry log10(dt/yr), log10(dt), retry_factor     1   243       -7.533016       -0.033905        0.500000
       retry log10(dt/yr), log10(dt), retry_factor     2   243       -7.834046       -0.334935        0.500000
       retry log10(dt/yr), log10(dt), retry_factor     1   249       -7.664886       -0.165775        0.500000
       retry log10(dt/yr), log10(dt), retry_factor     2   249       -7.965916       -0.466805        0.500000
       retry log10(dt/yr), log10(dt), retry_factor     1   297       -5.493723        2.005388        0.500000
       retry log10(dt/yr), log10(dt), retry_factor     1   299       -5.844949        1.654163        0.500000
       retry log10(dt/yr), log10(dt), retry_factor     1   304       -5.677924        1.821188        0.500000
       retry log10(dt/yr), log10(dt), retry_factor     1   305       -6.075864        1.423248        0.500000
       retry log10(dt/yr), log10(dt), retry_factor     1   306       -6.376894        1.122218        0.500000
       retry log10(dt/yr), log10(dt), retry_factor     1   313       -5.679346        1.819766        0.500000
       retry log10(dt/yr), log10(dt), retry_factor     1   318       -5.544257        1.954854        0.500000
       retry log10(dt/yr), log10(dt), retry_factor     1   319       -5.942197        1.556914        0.500000
       retry log10(dt/yr), log10(dt), retry_factor     1   320       -6.243227        1.255884        0.500000
       retry log10(dt/yr), log10(dt), retry_factor     2   320       -6.544257        0.954854        0.500000
       retry log10(dt/yr), log10(dt), retry_factor     1   328       -5.340137        2.158974        0.500000
       retry log10(dt/yr), log10(dt), retry_factor     1   329       -5.641167        1.857944        0.500000
       retry log10(dt/yr), log10(dt), retry_factor     1   333       -6.039107        1.460004        0.500000
       retry log10(dt/yr), log10(dt), retry_factor     1   334       -6.340137        1.158974        0.500000
       retry log10(dt/yr), log10(dt), retry_factor     1   341       -5.437047        2.062064        0.500000
       retry log10(dt/yr), log10(dt), retry_factor     1   342       -5.738077        1.761034        0.500000
hydro_newton_step failed to accept
       retry log10(dt/yr), log10(dt), retry_factor     1   343       -6.136017        1.363094        0.500000
       retry log10(dt/yr), log10(dt), retry_factor     1   348       -5.533957        1.965154        0.500000
hydro_newton_step failed to accept
       retry log10(dt/yr), log10(dt), retry_factor     1   350       -5.931897        1.567214        0.500000
hydro_newton_step failed to accept
       retry log10(dt/yr), log10(dt), retry_factor     2   350       -6.232927        1.266184        0.500000
 have reached retry limit so now backup
hydro_newton_step failed to accept
       retry log10(dt/yr), log10(dt), retry_factor     1   354       -6.297618        1.201493        0.500000
       retry log10(dt/yr), log10(dt), retry_factor     1   357       -5.744440        1.754672        0.500000
       retry log10(dt/yr), log10(dt), retry_factor     1   359       -6.100448        1.398663        0.500000
       retry log10(dt/yr), log10(dt), retry_factor     2   359       -6.401478        1.097633        0.500000
        363   8.430201  4.456E+06   1.921902   2.027977   1.400000   1.400000   0.000000   0.000000   0.275200   0.077546  12.082697    772     64
  -5.799418   6.606603  -4.792689   1.122980   1.112789  -8.522879   0.000000   0.000000   0.000000   0.020000   0.055978  80.926140      6      3
 5.8116E-04  23.180356   1.963829   0.992958  13.807910  -0.975212   0.000000   0.000000   0.000000   0.000687  8.665E-01  0.791E-14  max increase

save LOGS/profile3.data for model 363
       retry log10(dt/yr), log10(dt), retry_factor     1   364       -6.264646        1.234466        0.500000
       retry log10(dt/yr), log10(dt), retry_factor     1   365       -6.662586        0.836526        0.500000
hydro_newton_step failed to accept
       retry log10(dt/yr), log10(dt), retry_factor     1   366       -7.060526        0.438586        0.500000
       retry log10(dt/yr), log10(dt), retry_factor     1   367       -7.361556        0.137556        0.500000
       retry log10(dt/yr), log10(dt), retry_factor     1   373       -6.759496        0.739616        0.500000
       retry log10(dt/yr), log10(dt), retry_factor     1   375       -7.060526        0.438586        0.500000
       retry log10(dt/yr), log10(dt), retry_factor     1   376       -7.361556        0.137556        0.500000
       retry log10(dt/yr), log10(dt), retry_factor     1   377       -7.662586       -0.163474        0.500000
       retry log10(dt/yr), log10(dt), retry_factor     1   380       -7.963616       -0.464504        0.500000
       retry log10(dt/yr), log10(dt), retry_factor     1   381       -8.361556       -0.862444        0.500000
       retry log10(dt/yr), log10(dt), retry_factor     2   381       -8.662586       -1.163474        0.500000
       retry log10(dt/yr), log10(dt), retry_factor     1   390       -8.655745       -1.156633        0.500000
       retry log10(dt/yr), log10(dt), retry_factor     1   477       -7.704161       -0.205050        0.500000
hydro_newton_step failed to accept
       retry log10(dt/yr), log10(dt), retry_factor     2   477       -8.005191       -0.506080        0.500000
 have reached retry limit so now backup
hydro_newton_step failed to accept
       retry log10(dt/yr), log10(dt), retry_factor     1   481       -8.195078       -0.695966        0.500000
hydro_newton_step failed to accept
       retry log10(dt/yr), log10(dt), retry_factor     2   481       -8.496108       -0.996996        0.500000
       retry log10(dt/yr), log10(dt), retry_factor     1   482       -8.512645       -1.013534        0.500000
       retry log10(dt/yr), log10(dt), retry_factor     1   488       -7.910585       -0.411474        0.500000
 bad other yaxis for History panels plot num_zones

 ERROR: failed to find log_Teff in history data

 grid1/grid1_000500.png/png
       retry log10(dt/yr), log10(dt), retry_factor     1   514       -7.814971       -0.315859        0.500000
       retry log10(dt/yr), log10(dt), retry_factor     2   514       -8.116001       -0.616889        0.500000
       retry log10(dt/yr), log10(dt), retry_factor     1   525       -7.491816        0.007296        0.500000
       retry log10(dt/yr), log10(dt), retry_factor     2   525       -7.792846       -0.293734        0.500000
 have reached retry limit so now backup
       retry log10(dt/yr), log10(dt), retry_factor     1   532       -7.542084       -0.042972        0.500000
       retry log10(dt/yr), log10(dt), retry_factor     2   532       -7.843114       -0.344002        0.500000
 have reached retry limit so now backup
       retry log10(dt/yr), log10(dt), retry_factor     1   534       -8.144144       -0.645032        0.500000
       retry log10(dt/yr), log10(dt), retry_factor     1   580       -5.674321        1.824791        0.500000
       retry log10(dt/yr), log10(dt), retry_factor     1   586       -5.362588        2.136524        0.500000
       retry log10(dt/yr), log10(dt), retry_factor     2   586       -5.663618        1.835494        0.500000
 have reached retry limit so now backup
       retry log10(dt/yr), log10(dt), retry_factor     1   591       -5.493397        2.005715        0.500000
       retry log10(dt/yr), log10(dt), retry_factor     1   596       -5.454109        2.045003        0.500000
       retry log10(dt/yr), log10(dt), retry_factor     1   597       -5.852049        1.647063        0.500000
       retry log10(dt/yr), log10(dt), retry_factor     1   598       -6.153079        1.346033        0.500000
       retry log10(dt/yr), log10(dt), retry_factor     2   598       -6.454109        1.045003        0.500000
       retry log10(dt/yr), log10(dt), retry_factor     1   606       -5.583673        1.915439        0.500000
       retry log10(dt/yr), log10(dt), retry_factor     2   606       -5.884703        1.614409        0.500000
       retry log10(dt/yr), log10(dt), retry_factor     1   612       -5.523392        1.975720        0.500000
hydro_newton_step failed to accept
       retry log10(dt/yr), log10(dt), retry_factor     1   613       -5.921332        1.577780        0.500000
       retry log10(dt/yr), log10(dt), retry_factor     1   614       -6.222362        1.276750        0.500000
       retry log10(dt/yr), log10(dt), retry_factor     1   621       -5.541991        1.957121        0.500000
       retry log10(dt/yr), log10(dt), retry_factor     1   622       -5.843021        1.656091        0.500000
       retry log10(dt/yr), log10(dt), retry_factor     2   622       -6.144051        1.355061        0.500000
 have reached retry limit so now backup
       retry log10(dt/yr), log10(dt), retry_factor     1   625       -6.445081        1.054031        0.500000
       retry log10(dt/yr), log10(dt), retry_factor     1   626       -6.746111        0.753001        0.500000
       retry log10(dt/yr), log10(dt), retry_factor     1   634       -5.776465        1.722647        0.500000
       retry log10(dt/yr), log10(dt), retry_factor     1   639       -5.874553        1.624558        0.500000
hydro_newton_step failed to accept
       retry log10(dt/yr), log10(dt), retry_factor     2   639       -6.175583        1.323528        0.500000
hydro_newton_step failed to accept
       retry log10(dt/yr), log10(dt), retry_factor     1   640       -6.573523        0.925588        0.500000
       retry log10(dt/yr), log10(dt), retry_factor     1   641       -6.874553        0.624558        0.500000
       retry log10(dt/yr), log10(dt), retry_factor     1   648       -5.971463        1.527648        0.500000
       retry log10(dt/yr), log10(dt), retry_factor     1   650       -6.347648        1.151463        0.500000
       retry log10(dt/yr), log10(dt), retry_factor     2   650       -6.648678        0.850433        0.500000
 have reached retry limit so now backup
       retry log10(dt/yr), log10(dt), retry_factor     1   657       -6.429568        1.069544        0.500000
hydro_newton_step failed to accept
       retry log10(dt/yr), log10(dt), retry_factor     2   657       -6.730598        0.768514        0.500000
       retry log10(dt/yr), log10(dt), retry_factor     1   659       -7.031628        0.467484        0.500000
       retry log10(dt/yr), log10(dt), retry_factor     1   661       -7.332658        0.166454        0.500000
       retry log10(dt/yr), log10(dt), retry_factor     1   663       -7.633688       -0.134576        0.500000
       retry log10(dt/yr), log10(dt), retry_factor     1   666       -7.934718       -0.435606        0.500000
       retry log10(dt/yr), log10(dt), retry_factor     1   667       -8.235748       -0.736636        0.500000
       retry log10(dt/yr), log10(dt), retry_factor     1   671       -8.619099       -1.119987        0.500000
       retry log10(dt/yr), log10(dt), retry_factor     1   677       -8.681830       -1.182718        0.500000
       retry log10(dt/yr), log10(dt), retry_factor     1   758       -7.613484       -0.114373        0.500000
       retry log10(dt/yr), log10(dt), retry_factor     2   758       -7.914514       -0.415403        0.500000
 have reached retry limit so now backup
hydro_newton_step failed to accept
       retry log10(dt/yr), log10(dt), retry_factor     1   762       -8.441427       -0.942316        0.500000
hydro_newton_step failed to accept
       retry log10(dt/yr), log10(dt), retry_factor     2   762       -8.742457       -1.243346        0.500000
       retry log10(dt/yr), log10(dt), retry_factor     1   763       -8.742457       -1.243346        0.500000
       retry log10(dt/yr), log10(dt), retry_factor     1   772       -7.935506       -0.436394        0.500000
       retry log10(dt/yr), log10(dt), retry_factor     1   806       -7.670602       -0.171490        0.500000
       retry log10(dt/yr), log10(dt), retry_factor     2   806       -7.971632       -0.472520        0.500000
 have reached retry limit so now backup
       retry log10(dt/yr), log10(dt), retry_factor     1   814       -7.650853       -0.151741        0.500000
       retry log10(dt/yr), log10(dt), retry_factor     2   814       -7.951883       -0.452771        0.500000
 have reached retry limit so now backup
       retry log10(dt/yr), log10(dt), retry_factor     1   863       -5.271765        2.227346        0.500000
       retry log10(dt/yr), log10(dt), retry_factor     2   863       -5.572795        1.926316        0.500000
 have reached retry limit so now backup
       retry log10(dt/yr), log10(dt), retry_factor     1   864       -5.970735        1.528376        0.500000
       retry log10(dt/yr), log10(dt), retry_factor     1   870       -5.606119        1.892993        0.500000
       retry log10(dt/yr), log10(dt), retry_factor     2   870       -5.907149        1.591963        0.500000
       retry log10(dt/yr), log10(dt), retry_factor     1   871       -6.208179        1.290933        0.500000
       retry log10(dt/yr), log10(dt), retry_factor     1   878       -5.456527        2.042584        0.500000
       retry log10(dt/yr), log10(dt), retry_factor     1   883       -5.381546        2.117566        0.500000
       retry log10(dt/yr), log10(dt), retry_factor     1   888       -5.147685        2.351427        0.500000
hydro_newton_step failed to accept
       retry log10(dt/yr), log10(dt), retry_factor     2   888       -5.448715        2.050397        0.500000
 have reached retry limit so now backup
       retry log10(dt/yr), log10(dt), retry_factor     1   889       -5.943565        1.555547        0.500000
hydro_newton_step failed to accept
       retry log10(dt/yr), log10(dt), retry_factor     2   889       -6.244595        1.254517        0.500000
       retry log10(dt/yr), log10(dt), retry_factor     1   890       -6.545625        0.953487        0.500000
       retry log10(dt/yr), log10(dt), retry_factor     1   898       -5.515898        1.983214        0.500000
hydro_newton_step failed to accept
       retry log10(dt/yr), log10(dt), retry_factor     1   899       -5.913838        1.585274        0.500000
       retry log10(dt/yr), log10(dt), retry_factor     1   900       -6.214868        1.284244        0.500000
       retry log10(dt/yr), log10(dt), retry_factor     2   900       -6.515898        0.983214        0.500000
       retry log10(dt/yr), log10(dt), retry_factor     1   901       -6.816928        0.682184        0.500000
       retry log10(dt/yr), log10(dt), retry_factor     1   909       -5.612808        1.886304        0.500000
       retry log10(dt/yr), log10(dt), retry_factor     1   910       -5.913838        1.585274        0.500000
       retry log10(dt/yr), log10(dt), retry_factor     1   915       -5.808812        1.690300        0.500000
       retry log10(dt/yr), log10(dt), retry_factor     1   916       -6.190849        1.308262        0.500000
       retry log10(dt/yr), log10(dt), retry_factor     1   922       -5.914210        1.584902        0.500000
       retry log10(dt/yr), log10(dt), retry_factor     2   922       -6.215240        1.283872        0.500000
hydro_newton_step failed to accept
       retry log10(dt/yr), log10(dt), retry_factor     1   923       -6.596889        0.902223        0.500000
hydro_newton_step failed to accept
       retry log10(dt/yr), log10(dt), retry_factor     1   924       -6.897919        0.601193        0.500000
       retry log10(dt/yr), log10(dt), retry_factor     1   927       -6.751709        0.747402        0.500000
       retry log10(dt/yr), log10(dt), retry_factor     1   928       -7.149649        0.349462        0.500000
       retry log10(dt/yr), log10(dt), retry_factor     1   934       -6.714577        0.784534        0.500000
       retry log10(dt/yr), log10(dt), retry_factor     2   934       -7.015607        0.483504        0.500000
hydro_newton_step failed to accept
       retry log10(dt/yr), log10(dt), retry_factor     1   935       -7.316637        0.182474        0.500000
       retry log10(dt/yr), log10(dt), retry_factor     1   937       -7.617667       -0.118556        0.500000
       retry log10(dt/yr), log10(dt), retry_factor     1   941       -7.861802       -0.362690        0.500000
       retry log10(dt/yr), log10(dt), retry_factor     2   941       -8.162832       -0.663720        0.500000
       retry log10(dt/yr), log10(dt), retry_factor     1   942       -8.484247       -0.985136        0.500000
       retry log10(dt/yr), log10(dt), retry_factor     1   958       -8.795044       -1.295933        0.500000
       1000   8.482153  1.948E+07   3.495411   6.479636   1.400000   1.400000   0.000000   0.000000   0.275200   0.055309  11.401485   1049    170
  -7.635597   6.656846  -4.790616   2.828916   4.153859  -8.522879   0.000000   0.000000   0.000000   0.020000   0.037424  74.624989      7     14
 1.1149E-03  23.258437   4.530783   6.479088  14.819020  -0.946913   0.000000   0.000000   0.000000   0.000687  9.073E-01  0.160E-08    varcontrol

save LOGS/profile4.data for model 1000
save photos/1000 for model 1000
 bad other yaxis for History panels plot num_zones

 ERROR: failed to find log_Teff in history data

 grid1/grid1_001000.png/png
       retry log10(dt/yr), log10(dt), retry_factor     1  1033       -7.252895        0.246217        0.500000
       retry log10(dt/yr), log10(dt), retry_factor     2  1033       -7.553925       -0.054813        0.500000
 have reached retry limit so now backup
       retry log10(dt/yr), log10(dt), retry_factor     1  1034       -7.854955       -0.355843        0.500000
       retry log10(dt/yr), log10(dt), retry_factor     2  1034       -8.155985       -0.656873        0.500000
 have reached retry limit so now backup
       retry log10(dt/yr), log10(dt), retry_factor     1  1037       -8.457015       -0.957903        0.500000
       retry log10(dt/yr), log10(dt), retry_factor     2  1037       -8.758045       -1.258933        0.500000
 have reached retry limit so now backup
       retry log10(dt/yr), log10(dt), retry_factor     1  1037       -9.059075       -1.559963        0.500000
       retry log10(dt/yr), log10(dt), retry_factor     2  1037       -9.360105       -1.860993        0.500000
 have reached retry limit so now backup
       retry log10(dt/yr), log10(dt), retry_factor     1  1037       -9.661135       -2.162023        0.500000
       retry log10(dt/yr), log10(dt), retry_factor     2  1037       -9.962165       -2.463053        0.500000
 have reached retry limit so now backup
       retry log10(dt/yr), log10(dt), retry_factor     1  1039      -10.263195       -2.764083        0.500000
       retry log10(dt/yr), log10(dt), retry_factor     2  1039      -10.564225       -3.065113        0.500000
 have reached retry limit so now backup
       retry log10(dt/yr), log10(dt), retry_factor     1  1040      -10.865255       -3.366143        0.500000
hydro_newton_step failed to accept
       retry log10(dt/yr), log10(dt), retry_factor     1  1055       -8.319595       -0.820483        0.500000
hydro_newton_step failed to accept
       retry log10(dt/yr), log10(dt), retry_factor     2  1055       -8.620625       -1.121513        0.500000
hydro_newton_step failed to accept
       retry log10(dt/yr), log10(dt), retry_factor     1  1059       -8.136080       -0.636969        0.500000
       retry log10(dt/yr), log10(dt), retry_factor     2  1059       -8.437110       -0.937999        0.500000
 have reached retry limit so now backup
       retry log10(dt/yr), log10(dt), retry_factor     1  1068       -7.614568       -0.115457        0.500000
hydro_newton_step failed to accept
       retry log10(dt/yr), log10(dt), retry_factor     2  1068       -7.915598       -0.416487        0.500000
       retry log10(dt/yr), log10(dt), retry_factor     1  1071       -8.463500       -0.964389        0.500000
       retry log10(dt/yr), log10(dt), retry_factor     1  1104       -7.782758       -0.283646        0.500000
       retry log10(dt/yr), log10(dt), retry_factor     2  1104       -8.083788       -0.584676        0.500000
       retry log10(dt/yr), log10(dt), retry_factor     1  1110       -7.623368       -0.124257        0.500000
       retry log10(dt/yr), log10(dt), retry_factor     2  1110       -7.924398       -0.425287        0.500000
 have reached retry limit so now backup
       retry log10(dt/yr), log10(dt), retry_factor     1  1116       -7.706383       -0.207271        0.500000
       retry log10(dt/yr), log10(dt), retry_factor     2  1116       -8.007413       -0.508301        0.500000
       retry log10(dt/yr), log10(dt), retry_factor     1  1123       -7.578400       -0.079288        0.500000
       retry log10(dt/yr), log10(dt), retry_factor     2  1123       -7.879430       -0.380318        0.500000
hydro_newton_step failed to accept
       retry log10(dt/yr), log10(dt), retry_factor     1  1132       -7.464248        0.034864        0.500000
hydro_newton_step failed to accept
       retry log10(dt/yr), log10(dt), retry_factor     2  1132       -7.765278       -0.266166        0.500000
       retry log10(dt/yr), log10(dt), retry_factor     1  1173       -5.619525        1.879586        0.500000
hydro_newton_step failed to accept
       retry log10(dt/yr), log10(dt), retry_factor     2  1173       -5.920555        1.578556        0.500000
       retry log10(dt/yr), log10(dt), retry_factor     1  1179       -5.318495        2.180616        0.500000
       retry log10(dt/yr), log10(dt), retry_factor     2  1179       -5.619525        1.879586        0.500000
 have reached retry limit so now backup
       retry log10(dt/yr), log10(dt), retry_factor     1  1180       -6.017465        1.481646        0.500000
       retry log10(dt/yr), log10(dt), retry_factor     1  1187       -5.383787        2.115325        0.500000
hydro_newton_step failed to accept
       retry log10(dt/yr), log10(dt), retry_factor     2  1187       -5.684817        1.814295        0.500000
 have reached retry limit so now backup
       retry log10(dt/yr), log10(dt), retry_factor     1  1189       -6.042824        1.456287        0.500000
       retry log10(dt/yr), log10(dt), retry_factor     1  1196       -5.376868        2.122244        0.500000
       retry log10(dt/yr), log10(dt), retry_factor     2  1196       -5.677898        1.821214        0.500000
 have reached retry limit so now backup
       retry log10(dt/yr), log10(dt), retry_factor     1  1201       -5.553459        1.945653        0.500000
       retry log10(dt/yr), log10(dt), retry_factor     1  1202       -5.951399        1.547713        0.500000
       retry log10(dt/yr), log10(dt), retry_factor     1  1208       -5.583626        1.915485        0.500000
       retry log10(dt/yr), log10(dt), retry_factor     1  1213       -5.566441        1.932671        0.500000
hydro_newton_step failed to accept
       retry log10(dt/yr), log10(dt), retry_factor     1  1214       -5.964381        1.534731        0.500000
hydro_newton_step failed to accept
       retry log10(dt/yr), log10(dt), retry_factor     2  1214       -6.265411        1.233701        0.500000
       retry log10(dt/yr), log10(dt), retry_factor     1  1215       -6.566441        0.932671        0.500000
       retry log10(dt/yr), log10(dt), retry_factor     1  1223       -5.760261        1.738851        0.500000
       retry log10(dt/yr), log10(dt), retry_factor     2  1223       -6.061291        1.437821        0.500000
 have reached retry limit so now backup
hydro_newton_step failed to accept
       retry log10(dt/yr), log10(dt), retry_factor     1  1227       -6.132225        1.366887        0.500000
       retry log10(dt/yr), log10(dt), retry_factor     1  1230       -5.581946        1.917165        0.500000
       retry log10(dt/yr), log10(dt), retry_factor     1  1231       -5.882976        1.616135        0.500000
hydro_newton_step failed to accept
       retry log10(dt/yr), log10(dt), retry_factor     1  1232       -6.280916        1.218195        0.500000
       retry log10(dt/yr), log10(dt), retry_factor     1  1233       -6.581946        0.917165        0.500000
       retry log10(dt/yr), log10(dt), retry_factor     2  1233       -6.882976        0.616135        0.500000
       retry log10(dt/yr), log10(dt), retry_factor     1  1240       -5.979886        1.519225        0.500000
       retry log10(dt/yr), log10(dt), retry_factor     1  1241       -6.280916        1.218195        0.500000
       retry log10(dt/yr), log10(dt), retry_factor     1  1246       -6.243927        1.255184        0.500000
hydro_newton_step failed to accept
       retry log10(dt/yr), log10(dt), retry_factor     2  1246       -6.544957        0.954154        0.500000
       retry log10(dt/yr), log10(dt), retry_factor     1  1248       -6.845987        0.653124        0.500000
hydro_newton_step failed to accept
       retry log10(dt/yr), log10(dt), retry_factor     1  1249       -7.147017        0.352094        0.500000
       retry log10(dt/yr), log10(dt), retry_factor     1  1252       -7.339251        0.159861        0.500000
       retry log10(dt/yr), log10(dt), retry_factor     2  1252       -7.640281       -0.141169        0.500000
       retry log10(dt/yr), log10(dt), retry_factor     1  1255       -7.999459       -0.500348        0.500000
hydro_newton_step failed to accept
       retry log10(dt/yr), log10(dt), retry_factor     2  1255       -8.300489       -0.801378        0.500000
 have reached retry limit so now backup
       retry log10(dt/yr), log10(dt), retry_factor     1  1260       -7.999459       -0.500348        0.500000
hydro_newton_step failed to accept
       retry log10(dt/yr), log10(dt), retry_factor     2  1260       -8.300489       -0.801378        0.500000
       retry log10(dt/yr), log10(dt), retry_factor     1  1349       -7.374117        0.124995        0.500000
hydro_newton_step failed to accept
       retry log10(dt/yr), log10(dt), retry_factor     2  1349       -7.675147       -0.176035        0.500000
       retry log10(dt/yr), log10(dt), retry_factor     1  1353       -8.169997       -0.670885        0.500000
       retry log10(dt/yr), log10(dt), retry_factor     2  1353       -8.471027       -0.971915        0.500000
       retry log10(dt/yr), log10(dt), retry_factor     1  1394       -7.672728       -0.173616        0.500000
       retry log10(dt/yr), log10(dt), retry_factor     2  1394       -7.973758       -0.474646        0.500000
 have reached retry limit so now backup
       retry log10(dt/yr), log10(dt), retry_factor     1  1402       -7.471356        0.027756        0.500000
       retry log10(dt/yr), log10(dt), retry_factor     2  1402       -7.772386       -0.273274        0.500000
 have reached retry limit so now backup
       retry log10(dt/yr), log10(dt), retry_factor     1  1404       -8.073416       -0.574304        0.500000
       retry log10(dt/yr), log10(dt), retry_factor     2  1404       -8.374446       -0.875334        0.500000
       retry log10(dt/yr), log10(dt), retry_factor     1  1454       -5.487274        2.011837        0.500000
hydro_newton_step failed to accept
       retry log10(dt/yr), log10(dt), retry_factor     2  1454       -5.788304        1.710807        0.500000
 have reached retry limit so now backup
       retry log10(dt/yr), log10(dt), retry_factor     1  1460       -5.460159        2.038952        0.500000
       retry log10(dt/yr), log10(dt), retry_factor     2  1460       -5.761189        1.737922        0.500000
       retry log10(dt/yr), log10(dt), retry_factor     1  1461       -6.139334        1.359778        0.500000
       retry log10(dt/yr), log10(dt), retry_factor     1  1468       -5.554438        1.944674        0.500000
       retry log10(dt/yr), log10(dt), retry_factor     2  1468       -5.855468        1.643644        0.500000
       retry log10(dt/yr), log10(dt), retry_factor     1  1474       -5.573089        1.926022        0.500000
       retry log10(dt/yr), log10(dt), retry_factor     1  1480       -5.391109        2.108003        0.500000
       retry log10(dt/yr), log10(dt), retry_factor     1  1481       -5.692139        1.806973        0.500000
       retry log10(dt/yr), log10(dt), retry_factor     2  1481       -5.993169        1.505943        0.500000
 have reached retry limit so now backup
       retry log10(dt/yr), log10(dt), retry_factor     1  1484       -6.294199        1.204913        0.500000
       retry log10(dt/yr), log10(dt), retry_factor     1  1485       -6.595229        0.903883        0.500000
       retry log10(dt/yr), log10(dt), retry_factor     1  1493       -5.526799        1.972313        0.500000
       retry log10(dt/yr), log10(dt), retry_factor     1  1497       -5.648190        1.850922        0.500000
       retry log10(dt/yr), log10(dt), retry_factor     1  1498       -6.019375        1.479737        0.500000
 bad other yaxis for History panels plot num_zones

 ERROR: failed to find log_Teff in history data

 grid1/grid1_001500.png/png
       retry log10(dt/yr), log10(dt), retry_factor     1  1503       -6.005797        1.493314        0.500000
hydro_newton_step failed to accept
       retry log10(dt/yr), log10(dt), retry_factor     1  1504       -6.403737        1.095374        0.500000
       retry log10(dt/yr), log10(dt), retry_factor     2  1504       -6.704767        0.794344        0.500000
       retry log10(dt/yr), log10(dt), retry_factor     1  1505       -7.005797        0.493314        0.500000
       retry log10(dt/yr), log10(dt), retry_factor     2  1505       -7.306827        0.192284        0.500000
       retry log10(dt/yr), log10(dt), retry_factor     1  1513       -6.258154        1.240958        0.500000
hydro_newton_step failed to accept
       retry log10(dt/yr), log10(dt), retry_factor     2  1513       -6.559183        0.939928        0.500000
       retry log10(dt/yr), log10(dt), retry_factor     1  1515       -6.860213        0.638898        0.500000
       retry log10(dt/yr), log10(dt), retry_factor     1  1518       -7.161243        0.337868        0.500000
       retry log10(dt/yr), log10(dt), retry_factor     2  1518       -7.462273        0.036838        0.500000
       retry log10(dt/yr), log10(dt), retry_factor     1  1521       -7.838090       -0.338979        0.500000
       retry log10(dt/yr), log10(dt), retry_factor     2  1521       -8.139120       -0.640009        0.500000
       retry log10(dt/yr), log10(dt), retry_factor     1  1523       -8.440150       -0.941039        0.500000
       retry log10(dt/yr), log10(dt), retry_factor     2  1523       -8.741180       -1.242069        0.500000
 have reached retry limit so now backup
       retry log10(dt/yr), log10(dt), retry_factor     1  1530       -7.838090       -0.338979        0.500000
hydro_newton_step failed to accept
       retry log10(dt/yr), log10(dt), retry_factor     2  1530       -8.139120       -0.640009        0.500000
 have reached retry limit so now backup
hydro_newton_step failed to accept
       retry log10(dt/yr), log10(dt), retry_factor     1  1531       -8.440150       -0.941039        0.500000
       retry log10(dt/yr), log10(dt), retry_factor     1  1535       -8.139120       -0.640009        0.500000
       retry log10(dt/yr), log10(dt), retry_factor     1  1541       -8.582781       -1.083670        0.500000
hydro_newton_step failed to accept
       retry log10(dt/yr), log10(dt), retry_factor     1  1567       -9.167663       -1.668552        0.500000
       retry log10(dt/yr), log10(dt), retry_factor     2  1567       -9.468693       -1.969582        0.500000
 have reached retry limit so now backup
       retry log10(dt/yr), log10(dt), retry_factor     1  1620       -7.464655        0.034457        0.500000
       retry log10(dt/yr), log10(dt), retry_factor     2  1620       -7.765685       -0.266573        0.500000
hydro_newton_step failed to accept
       retry log10(dt/yr), log10(dt), retry_factor     1  1621       -8.163625       -0.664513        0.500000
hydro_newton_step failed to accept
       retry log10(dt/yr), log10(dt), retry_factor     2  1621       -8.464655       -0.965543        0.500000
hydro_newton_step failed to accept
       retry log10(dt/yr), log10(dt), retry_factor     1  1629       -7.903786       -0.404675        0.500000
       retry log10(dt/yr), log10(dt), retry_factor     2  1629       -8.204816       -0.705705        0.500000
       retry log10(dt/yr), log10(dt), retry_factor     1  1637       -7.672384       -0.173272        0.500000
       retry log10(dt/yr), log10(dt), retry_factor     2  1637       -7.973414       -0.474302        0.500000
       retry log10(dt/yr), log10(dt), retry_factor     1  1654       -7.931239       -0.432127        0.500000
       retry log10(dt/yr), log10(dt), retry_factor     2  1654       -8.232269       -0.733157        0.500000
       retry log10(dt/yr), log10(dt), retry_factor     1  1660       -7.630209       -0.131097        0.500000
       retry log10(dt/yr), log10(dt), retry_factor     2  1660       -7.931239       -0.432127        0.500000
 have reached retry limit so now backup
       retry log10(dt/yr), log10(dt), retry_factor     1  1665       -7.630209       -0.131097        0.500000
       retry log10(dt/yr), log10(dt), retry_factor     2  1665       -7.931239       -0.432127        0.500000
       retry log10(dt/yr), log10(dt), retry_factor     1  1671       -7.680584       -0.181472        0.500000
       retry log10(dt/yr), log10(dt), retry_factor     2  1671       -7.981614       -0.482502        0.500000
       retry log10(dt/yr), log10(dt), retry_factor     1  1677       -7.379554        0.119558        0.500000
       retry log10(dt/yr), log10(dt), retry_factor     2  1677       -7.680584       -0.181472        0.500000
       retry log10(dt/yr), log10(dt), retry_factor     1  1684       -7.390164        0.108948        0.500000
       retry log10(dt/yr), log10(dt), retry_factor     2  1684       -7.691194       -0.192082        0.500000
 have reached retry limit so now backup
       retry log10(dt/yr), log10(dt), retry_factor     1  1731       -5.368541        2.130570        0.500000
hydro_newton_step failed to accept
       retry log10(dt/yr), log10(dt), retry_factor     2  1731       -5.669571        1.829540        0.500000
 have reached retry limit so now backup
       retry log10(dt/yr), log10(dt), retry_factor     1  1736       -5.465451        2.033660        0.500000
       retry log10(dt/yr), log10(dt), retry_factor     1  1737       -5.766481        1.732630        0.500000
       retry log10(dt/yr), log10(dt), retry_factor     2  1737       -6.067511        1.431600        0.500000
       retry log10(dt/yr), log10(dt), retry_factor     1  1738       -6.368541        1.130570        0.500000
       retry log10(dt/yr), log10(dt), retry_factor     1  1744       -5.937612        1.561499        0.500000
       retry log10(dt/yr), log10(dt), retry_factor     1  1750       -5.502750        1.996362        0.500000
       retry log10(dt/yr), log10(dt), retry_factor     1  1751       -5.900690        1.598422        0.500000
       retry log10(dt/yr), log10(dt), retry_factor     1  1752       -6.201720        1.297392        0.500000
       retry log10(dt/yr), log10(dt), retry_factor     2  1752       -6.502750        0.996362        0.500000
       retry log10(dt/yr), log10(dt), retry_factor     1  1760       -5.507713        1.991398        0.500000
hydro_newton_step failed to accept
       retry log10(dt/yr), log10(dt), retry_factor     2  1760       -5.808743        1.690368        0.500000
       retry log10(dt/yr), log10(dt), retry_factor     1  1761       -6.182433        1.316678        0.500000
       retry log10(dt/yr), log10(dt), retry_factor     1  1762       -6.483463        1.015648        0.500000
       retry log10(dt/yr), log10(dt), retry_factor     1  1767       -6.182433        1.316678        0.500000
       retry log10(dt/yr), log10(dt), retry_factor     1  1774       -5.577978        1.921134        0.500000
       retry log10(dt/yr), log10(dt), retry_factor     2  1774       -5.879008        1.620104        0.500000
       retry log10(dt/yr), log10(dt), retry_factor     1  1775       -6.180038        1.319074        0.500000
       retry log10(dt/yr), log10(dt), retry_factor     2  1775       -6.481068        1.018044        0.500000
       retry log10(dt/yr), log10(dt), retry_factor     1  1776       -6.782098        0.717014        0.500000
       retry log10(dt/yr), log10(dt), retry_factor     1  1785       -5.276948        2.222164        0.500000
hydro_newton_step failed to accept
       retry log10(dt/yr), log10(dt), retry_factor     2  1785       -5.577978        1.921134        0.500000
 have reached retry limit so now backup
hydro_newton_step failed to accept
       retry log10(dt/yr), log10(dt), retry_factor     1  1786       -6.072828        1.426284        0.500000
       retry log10(dt/yr), log10(dt), retry_factor     1  1791       -5.567678        1.931434        0.500000
       retry log10(dt/yr), log10(dt), retry_factor     1  1792       -5.868708        1.630404        0.500000
hydro_newton_step failed to accept
       retry log10(dt/yr), log10(dt), retry_factor     1  1793       -6.260038        1.239074        0.500000
       retry log10(dt/yr), log10(dt), retry_factor     1  1794       -6.575268        0.923843        0.500000
       retry log10(dt/yr), log10(dt), retry_factor     2  1794       -6.876298        0.622813        0.500000
       retry log10(dt/yr), log10(dt), retry_factor     1  1802       -5.803775        1.695337        0.500000
hydro_newton_step failed to accept
       retry log10(dt/yr), log10(dt), retry_factor     1  1803       -6.167810        1.331302        0.500000
       retry log10(dt/yr), log10(dt), retry_factor     1  1807       -5.922694        1.576418        0.500000
       retry log10(dt/yr), log10(dt), retry_factor     1  1808       -6.223724        1.275388        0.500000
       retry log10(dt/yr), log10(dt), retry_factor     1  1809       -6.524754        0.974358        0.500000
       retry log10(dt/yr), log10(dt), retry_factor     2  1809       -6.825784        0.673328        0.500000
 have reached retry limit so now backup
       retry log10(dt/yr), log10(dt), retry_factor     1  1812       -7.126814        0.372298        0.500000
       retry log10(dt/yr), log10(dt), retry_factor     1  1818       -6.524754        0.974358        0.500000
       retry log10(dt/yr), log10(dt), retry_factor     1  1819       -6.825784        0.673328        0.500000
hydro_newton_step failed to accept
       retry log10(dt/yr), log10(dt), retry_factor     2  1819       -7.126814        0.372298        0.500000
       retry log10(dt/yr), log10(dt), retry_factor     1  1822       -7.427844        0.071268        0.500000
       retry log10(dt/yr), log10(dt), retry_factor     1  1824       -7.728874       -0.229762        0.500000
       retry log10(dt/yr), log10(dt), retry_factor     2  1824       -8.029904       -0.530792        0.500000
       retry log10(dt/yr), log10(dt), retry_factor     1  1825       -8.330934       -0.831822        0.500000
       retry log10(dt/yr), log10(dt), retry_factor     1  1841       -8.844824       -1.345713        0.500000
       retry log10(dt/yr), log10(dt), retry_factor     1  1865       -9.186329       -1.687218        0.500000
       retry log10(dt/yr), log10(dt), retry_factor     1  1890       -8.205300       -0.706188        0.500000
       retry log10(dt/yr), log10(dt), retry_factor     2  1890       -8.506330       -1.007218        0.500000
       retry log10(dt/yr), log10(dt), retry_factor     1  1920       -7.595039       -0.095928        0.500000
       retry log10(dt/yr), log10(dt), retry_factor     2  1920       -7.896069       -0.396958        0.500000
 have reached retry limit so now backup
hydro_newton_step failed to accept
       retry log10(dt/yr), log10(dt), retry_factor     1  1924       -8.217006       -0.717894        0.500000
       retry log10(dt/yr), log10(dt), retry_factor     1  1957       -7.882270       -0.383158        0.500000
       retry log10(dt/yr), log10(dt), retry_factor     1  1961       -7.882270       -0.383158        0.500000
       retry log10(dt/yr), log10(dt), retry_factor     2  1961       -8.183300       -0.684188        0.500000
       retry log10(dt/yr), log10(dt), retry_factor     1  1968       -7.463365        0.035746        0.500000
hydro_newton_step failed to accept
       retry log10(dt/yr), log10(dt), retry_factor     2  1968       -7.764395       -0.265284        0.500000
       retry log10(dt/yr), log10(dt), retry_factor     1  1974       -7.603901       -0.104789        0.500000
       retry log10(dt/yr), log10(dt), retry_factor     2  1974       -7.904931       -0.405819        0.500000
       retry log10(dt/yr), log10(dt), retry_factor     1  1980       -7.302871        0.196241        0.500000
       retry log10(dt/yr), log10(dt), retry_factor     1  1981       -7.603901       -0.104789        0.500000
       retry log10(dt/yr), log10(dt), retry_factor     2  1981       -7.904931       -0.405819        0.500000
       2000   8.678791  6.205E+06   1.304994   2.026279   1.400000   1.400000   0.000000   0.000000   0.275200   0.014761   7.629403   1145    364
  -6.473226   6.709801  -4.792609   0.671756   1.584371  -8.522879   0.000000   0.000000   0.000000   0.020000   0.015823  49.419498      6     40
 1.9206E-03  23.355131   2.539247   1.910400  14.145134  -0.787123   0.000000   0.000000   0.000000   0.000687  9.694E-01  0.222E-13        lgTeff

save LOGS/profile5.data for model 2000
save photos/2000 for model 2000
 bad other yaxis for History panels plot num_zones

 ERROR: failed to find log_Teff in history data

 grid1/grid1_002000.png/png
       retry log10(dt/yr), log10(dt), retry_factor     1  2029       -5.483423        2.015688        0.500000
       retry log10(dt/yr), log10(dt), retry_factor     1  2034       -5.447539        2.051573        0.500000
       retry log10(dt/yr), log10(dt), retry_factor     1  2035       -5.845479        1.653633        0.500000
       retry log10(dt/yr), log10(dt), retry_factor     1  2036       -6.146509        1.352603        0.500000
       retry log10(dt/yr), log10(dt), retry_factor     1  2043       -5.535295        1.963817        0.500000
       retry log10(dt/yr), log10(dt), retry_factor     2  2043       -5.836325        1.662787        0.500000
       retry log10(dt/yr), log10(dt), retry_factor     1  2044       -6.137355        1.361757        0.500000
       retry log10(dt/yr), log10(dt), retry_factor     2  2044       -6.438385        1.060727        0.500000
       retry log10(dt/yr), log10(dt), retry_factor     1  2052       -5.461301        2.037811        0.500000
       retry log10(dt/yr), log10(dt), retry_factor     1  2056       -5.548032        1.951079        0.500000
hydro_newton_step failed to accept
       retry log10(dt/yr), log10(dt), retry_factor     1  2057       -5.945972        1.553139        0.500000
       retry log10(dt/yr), log10(dt), retry_factor     1  2058       -6.247002        1.252109        0.500000
       retry log10(dt/yr), log10(dt), retry_factor     1  2065       -5.643361        1.855750        0.500000
hydro_newton_step failed to accept
       retry log10(dt/yr), log10(dt), retry_factor     2  2065       -5.944391        1.554720        0.500000
       retry log10(dt/yr), log10(dt), retry_factor     1  2066       -6.283196        1.215915        0.500000
       retry log10(dt/yr), log10(dt), retry_factor     2  2066       -6.584226        0.914885        0.500000
       retry log10(dt/yr), log10(dt), retry_factor     1  2067       -6.885256        0.613855        0.500000
       retry log10(dt/yr), log10(dt), retry_factor     1  2075       -5.681136        1.817975        0.500000
       retry log10(dt/yr), log10(dt), retry_factor     1  2077       -5.982166        1.516945        0.500000
hydro_newton_step failed to accept
       retry log10(dt/yr), log10(dt), retry_factor     2  2077       -6.283196        1.215915        0.500000
 have reached retry limit so now backup
       retry log10(dt/yr), log10(dt), retry_factor     1  2080       -6.584226        0.914885        0.500000
       retry log10(dt/yr), log10(dt), retry_factor     1  2081       -6.885256        0.613855        0.500000
       retry log10(dt/yr), log10(dt), retry_factor     1  2089       -5.804579        1.694532        0.500000
       retry log10(dt/yr), log10(dt), retry_factor     1  2093       -5.855713        1.643399        0.500000
       retry log10(dt/yr), log10(dt), retry_factor     1  2094       -6.156743        1.342369        0.500000
       retry log10(dt/yr), log10(dt), retry_factor     1  2095       -6.554683        0.944429        0.500000
       retry log10(dt/yr), log10(dt), retry_factor     2  2095       -6.855713        0.643399        0.500000
 have reached retry limit so now backup
       retry log10(dt/yr), log10(dt), retry_factor     1  2099       -6.889534        0.609578        0.500000
       retry log10(dt/yr), log10(dt), retry_factor     2  2099       -7.190564        0.308548        0.500000
       retry log10(dt/yr), log10(dt), retry_factor     1  2106       -6.487043        1.012068        0.500000
       retry log10(dt/yr), log10(dt), retry_factor     1  2108       -6.788073        0.711038        0.500000
       retry log10(dt/yr), log10(dt), retry_factor     1  2109       -7.089103        0.410008        0.500000
       retry log10(dt/yr), log10(dt), retry_factor     1  2112       -7.390133        0.108978        0.500000
       retry log10(dt/yr), log10(dt), retry_factor     2  2112       -7.691163       -0.192052        0.500000
       retry log10(dt/yr), log10(dt), retry_factor     1  2116       -7.862256       -0.363145        0.500000
       retry log10(dt/yr), log10(dt), retry_factor     1  2117       -8.260196       -0.761085        0.500000
       retry log10(dt/yr), log10(dt), retry_factor     1  2118       -8.561226       -1.062115        0.500000
       retry log10(dt/yr), log10(dt), retry_factor     2  2118       -8.862256       -1.363145        0.500000
       retry log10(dt/yr), log10(dt), retry_factor     1  2130       -9.073056       -1.573944        0.500000
       retry log10(dt/yr), log10(dt), retry_factor     1  2131       -9.429247       -1.930136        0.500000
       retry log10(dt/yr), log10(dt), retry_factor     1  2155       -9.147866       -1.648755        0.500000
       retry log10(dt/yr), log10(dt), retry_factor     2  2155       -9.448896       -1.949785        0.500000
       retry log10(dt/yr), log10(dt), retry_factor     1  2163       -9.290281       -1.791170        0.500000
       retry log10(dt/yr), log10(dt), retry_factor     1  2207       -7.275205        0.223906        0.500000
       retry log10(dt/yr), log10(dt), retry_factor     1  2209       -7.770055       -0.270944        0.500000
       retry log10(dt/yr), log10(dt), retry_factor     2  2209       -8.071085       -0.571974        0.500000
       retry log10(dt/yr), log10(dt), retry_factor     1  2245       -7.854295       -0.355184        0.500000
       retry log10(dt/yr), log10(dt), retry_factor     1  2252       -7.710379       -0.211267        0.500000
hydro_newton_step failed to accept
       retry log10(dt/yr), log10(dt), retry_factor     2  2252       -8.011409       -0.512297        0.500000
       retry log10(dt/yr), log10(dt), retry_factor     1  2258       -7.591890       -0.092778        0.500000
       retry log10(dt/yr), log10(dt), retry_factor     1  2264       -7.535230       -0.036118        0.500000
       retry log10(dt/yr), log10(dt), retry_factor     2  2264       -7.836260       -0.337148        0.500000
 have reached retry limit so now backup
       retry log10(dt/yr), log10(dt), retry_factor     1  2267       -8.137290       -0.638178        0.500000
       retry log10(dt/yr), log10(dt), retry_factor     2  2267       -8.438320       -0.939208        0.500000
       retry log10(dt/yr), log10(dt), retry_factor     1  2278       -7.374778        0.124334        0.500000
hydro_newton_step failed to accept
       retry log10(dt/yr), log10(dt), retry_factor     2  2278       -7.675808       -0.176696        0.500000
       retry log10(dt/yr), log10(dt), retry_factor     1  2321       -5.154916        2.344196        0.500000
       retry log10(dt/yr), log10(dt), retry_factor     2  2321       -5.455946        2.043166        0.500000
       retry log10(dt/yr), log10(dt), retry_factor     1  2325       -5.516108        1.983004        0.500000
       retry log10(dt/yr), log10(dt), retry_factor     1  2326       -5.914048        1.585064        0.500000
       retry log10(dt/yr), log10(dt), retry_factor     1  2327       -6.215078        1.284034        0.500000
       retry log10(dt/yr), log10(dt), retry_factor     2  2327       -6.516108        0.983004        0.500000
       retry log10(dt/yr), log10(dt), retry_factor     1  2335       -5.311988        2.187124        0.500000
       retry log10(dt/yr), log10(dt), retry_factor     1  2336       -5.613018        1.886094        0.500000
       retry log10(dt/yr), log10(dt), retry_factor     2  2336       -5.914048        1.585064        0.500000
 have reached retry limit so now backup
       retry log10(dt/yr), log10(dt), retry_factor     1  2339       -6.215078        1.284034        0.500000
       retry log10(dt/yr), log10(dt), retry_factor     1  2347       -5.401806        2.097305        0.500000
hydro_newton_step failed to accept
       retry log10(dt/yr), log10(dt), retry_factor     1  2348       -5.799746        1.699365        0.500000
       retry log10(dt/yr), log10(dt), retry_factor     1  2353       -5.510216        1.988895        0.500000
       retry log10(dt/yr), log10(dt), retry_factor     2  2353       -5.811246        1.687865        0.500000
       retry log10(dt/yr), log10(dt), retry_factor     1  2354       -6.112276        1.386835        0.500000
       retry log10(dt/yr), log10(dt), retry_factor     2  2354       -6.413306        1.085805        0.500000
       retry log10(dt/yr), log10(dt), retry_factor     1  2355       -6.714336        0.784775        0.500000
       retry log10(dt/yr), log10(dt), retry_factor     1  2363       -5.510216        1.988895        0.500000
       retry log10(dt/yr), log10(dt), retry_factor     1  2364       -5.811246        1.687865        0.500000
hydro_newton_step failed to accept
       retry log10(dt/yr), log10(dt), retry_factor     1  2365       -6.209186        1.289925        0.500000
       retry log10(dt/yr), log10(dt), retry_factor     1  2370       -5.698645        1.800467        0.500000
hydro_newton_step failed to accept
       retry log10(dt/yr), log10(dt), retry_factor     1  2372       -6.096585        1.402527        0.500000
hydro_newton_step failed to accept
       retry log10(dt/yr), log10(dt), retry_factor     2  2372       -6.397615        1.101497        0.500000
 have reached retry limit so now backup
hydro_newton_step failed to accept
       retry log10(dt/yr), log10(dt), retry_factor     1  2376       -6.462325        1.036786        0.500000
       retry log10(dt/yr), log10(dt), retry_factor     1  2377       -6.510819        0.988293        0.500000
       retry log10(dt/yr), log10(dt), retry_factor     2  2377       -6.811849        0.687263        0.500000
       retry log10(dt/yr), log10(dt), retry_factor     1  2385       -5.864702        1.634409        0.500000
       retry log10(dt/yr), log10(dt), retry_factor     2  2385       -6.165732        1.333379        0.500000
 have reached retry limit so now backup
       retry log10(dt/yr), log10(dt), retry_factor     1  2389       -6.563672        0.935439        0.500000
       retry log10(dt/yr), log10(dt), retry_factor     2  2389       -6.864702        0.634409        0.500000
 have reached retry limit so now backup
hydro_newton_step failed to accept
       retry log10(dt/yr), log10(dt), retry_factor     1  2393       -6.882964        0.616147        0.500000
       retry log10(dt/yr), log10(dt), retry_factor     1  2394       -6.896282        0.602830        0.500000
       retry log10(dt/yr), log10(dt), retry_factor     1  2400       -6.294222        1.204890        0.500000
hydro_newton_step failed to accept
       retry log10(dt/yr), log10(dt), retry_factor     1  2402       -6.595252        0.903860        0.500000
       retry log10(dt/yr), log10(dt), retry_factor     1  2404       -6.595252        0.903860        0.500000
       retry log10(dt/yr), log10(dt), retry_factor     2  2404       -6.896282        0.602830        0.500000
       retry log10(dt/yr), log10(dt), retry_factor     1  2407       -7.197312        0.301800        0.500000
hydro_newton_step failed to accept
       retry log10(dt/yr), log10(dt), retry_factor     2  2407       -7.498342        0.000770        0.500000
       retry log10(dt/yr), log10(dt), retry_factor     1  2411       -7.706648       -0.207536        0.500000
       retry log10(dt/yr), log10(dt), retry_factor     2  2411       -8.007678       -0.508566        0.500000
       retry log10(dt/yr), log10(dt), retry_factor     1  2418       -8.621266       -1.122155        0.500000
       retry log10(dt/yr), log10(dt), retry_factor     1  2423       -8.700439       -1.201327        0.500000
       retry log10(dt/yr), log10(dt), retry_factor     1  2428       -8.802750       -1.303638        0.500000
 bad other yaxis for History panels plot num_zones

 ERROR: failed to find log_Teff in history data

 grid1/grid1_002500.png/png
       retry log10(dt/yr), log10(dt), retry_factor     1  2502       -7.294872        0.204240        0.500000
       retry log10(dt/yr), log10(dt), retry_factor     1  2504       -7.789722       -0.290610        0.500000
       retry log10(dt/yr), log10(dt), retry_factor     2  2504       -8.090752       -0.591640        0.500000
 have reached retry limit so now backup
hydro_newton_step failed to accept
       retry log10(dt/yr), log10(dt), retry_factor     1  2510       -8.068819       -0.569707        0.500000
       retry log10(dt/yr), log10(dt), retry_factor     1  2514       -8.081197       -0.582085        0.500000
       retry log10(dt/yr), log10(dt), retry_factor     1  2548       -7.512605       -0.013494        0.500000
       retry log10(dt/yr), log10(dt), retry_factor     2  2548       -7.813635       -0.314524        0.500000
       retry log10(dt/yr), log10(dt), retry_factor     1  2558       -7.539223       -0.040112        0.500000
       retry log10(dt/yr), log10(dt), retry_factor     2  2558       -7.840253       -0.341142        0.500000
 have reached retry limit so now backup
       retry log10(dt/yr), log10(dt), retry_factor     1  2559       -8.141283       -0.642172        0.500000
       retry log10(dt/yr), log10(dt), retry_factor     2  2559       -8.442313       -0.943202        0.500000
       retry log10(dt/yr), log10(dt), retry_factor     1  2567       -7.406441        0.092670        0.500000
       retry log10(dt/yr), log10(dt), retry_factor     2  2567       -7.707471       -0.208360        0.500000
 have reached retry limit so now backup
       retry log10(dt/yr), log10(dt), retry_factor     1  2615       -5.492652        2.006459        0.500000
       retry log10(dt/yr), log10(dt), retry_factor     1  2618       -5.987502        1.511609        0.500000
       retry log10(dt/yr), log10(dt), retry_factor     1  2619       -6.288532        1.210579        0.500000
       retry log10(dt/yr), log10(dt), retry_factor     1  2620       -6.589562        0.909549        0.500000
       retry log10(dt/yr), log10(dt), retry_factor     1  2628       -5.520328        1.978783        0.500000
       retry log10(dt/yr), log10(dt), retry_factor     1  2629       -5.918268        1.580843        0.500000
       retry log10(dt/yr), log10(dt), retry_factor     1  2630       -6.219298        1.279813        0.500000
       retry log10(dt/yr), log10(dt), retry_factor     1  2631       -6.520328        0.978783        0.500000
       retry log10(dt/yr), log10(dt), retry_factor     1  2639       -5.439496        2.059616        0.500000
       retry log10(dt/yr), log10(dt), retry_factor     1  2644       -5.524969        1.974142        0.500000
       retry log10(dt/yr), log10(dt), retry_factor     2  2644       -5.825999        1.673112        0.500000
       retry log10(dt/yr), log10(dt), retry_factor     1  2649       -5.524969        1.974142        0.500000
       retry log10(dt/yr), log10(dt), retry_factor     1  2650       -5.825999        1.673112        0.500000
       retry log10(dt/yr), log10(dt), retry_factor     1  2656       -5.569130        1.929982        0.500000
       retry log10(dt/yr), log10(dt), retry_factor     1  2660       -5.666040        1.833072        0.500000
       retry log10(dt/yr), log10(dt), retry_factor     1  2662       -5.967070        1.532042        0.500000
       retry log10(dt/yr), log10(dt), retry_factor     2  2662       -6.268100        1.231012        0.500000
 have reached retry limit so now backup
hydro_newton_step failed to accept
       retry log10(dt/yr), log10(dt), retry_factor     1  2665       -6.666040        0.833072        0.500000
       retry log10(dt/yr), log10(dt), retry_factor     1  2666       -6.686400        0.812711        0.500000
       retry log10(dt/yr), log10(dt), retry_factor     2  2666       -6.987430        0.511681        0.500000
       retry log10(dt/yr), log10(dt), retry_factor     1  2667       -7.288460        0.210651        0.500000
       retry log10(dt/yr), log10(dt), retry_factor     1  2676       -5.783310        1.715801        0.500000
       retry log10(dt/yr), log10(dt), retry_factor     1  2677       -6.084340        1.414771        0.500000
hydro_newton_step failed to accept
       retry log10(dt/yr), log10(dt), retry_factor     1  2678       -6.482280        1.016831        0.500000
       retry log10(dt/yr), log10(dt), retry_factor     2  2678       -6.783310        0.715801        0.500000
       retry log10(dt/yr), log10(dt), retry_factor     1  2679       -7.084340        0.414771        0.500000
       retry log10(dt/yr), log10(dt), retry_factor     2  2679       -7.385370        0.113741        0.500000
       retry log10(dt/yr), log10(dt), retry_factor     1  2686       -6.482280        1.016831        0.500000
       retry log10(dt/yr), log10(dt), retry_factor     1  2687       -6.783310        0.715801        0.500000
       retry log10(dt/yr), log10(dt), retry_factor     1  2689       -7.084340        0.414771        0.500000
       retry log10(dt/yr), log10(dt), retry_factor     1  2691       -7.385370        0.113741        0.500000
       retry log10(dt/yr), log10(dt), retry_factor     1  2693       -7.686400       -0.187289        0.500000
       retry log10(dt/yr), log10(dt), retry_factor     1  2697       -8.181250       -0.682139        0.500000
       retry log10(dt/yr), log10(dt), retry_factor     1  2701       -8.626363       -1.127252        0.500000
       retry log10(dt/yr), log10(dt), retry_factor     1  2707       -8.748107       -1.248995        0.500000
       retry log10(dt/yr), log10(dt), retry_factor     1  2732       -9.270410       -1.771299        0.500000
       retry log10(dt/yr), log10(dt), retry_factor     1  2783       -7.503473       -0.004362        0.500000
       retry log10(dt/yr), log10(dt), retry_factor     1  2784       -7.901413       -0.402302        0.500000
       retry log10(dt/yr), log10(dt), retry_factor     2  2784       -8.202443       -0.703332        0.500000
hydro_newton_step failed to accept
       retry log10(dt/yr), log10(dt), retry_factor     1  2785       -8.503473       -1.004362        0.500000
       retry log10(dt/yr), log10(dt), retry_factor     1  2821       -7.820300       -0.321189        0.500000
       retry log10(dt/yr), log10(dt), retry_factor     1  2828       -7.823923       -0.324811        0.500000
       retry log10(dt/yr), log10(dt), retry_factor     2  2828       -8.124953       -0.625841        0.500000
       retry log10(dt/yr), log10(dt), retry_factor     1  2834       -7.638798       -0.139686        0.500000
       retry log10(dt/yr), log10(dt), retry_factor     2  2834       -7.939828       -0.440716        0.500000
 have reached retry limit so now backup
       retry log10(dt/yr), log10(dt), retry_factor     1  2840       -7.516860       -0.017749        0.500000
       retry log10(dt/yr), log10(dt), retry_factor     2  2840       -7.817890       -0.318779        0.500000
 have reached retry limit so now backup
       retry log10(dt/yr), log10(dt), retry_factor     1  2887       -6.084936        1.414176        0.500000
       retry log10(dt/yr), log10(dt), retry_factor     1  2894       -5.739801        1.759310        0.500000
       retry log10(dt/yr), log10(dt), retry_factor     1  2899       -5.606720        1.892391        0.500000
       retry log10(dt/yr), log10(dt), retry_factor     1  2904       -5.571380        1.927731        0.500000
       retry log10(dt/yr), log10(dt), retry_factor     1  2909       -5.467409        2.031703        0.500000
       retry log10(dt/yr), log10(dt), retry_factor     2  2909       -5.768439        1.730673        0.500000
       retry log10(dt/yr), log10(dt), retry_factor     1  2910       -6.153344        1.345768        0.500000
       retry log10(dt/yr), log10(dt), retry_factor     1  2911       -6.454374        1.044738        0.500000
       retry log10(dt/yr), log10(dt), retry_factor     1  2920       -5.376195        2.122916        0.500000
       retry log10(dt/yr), log10(dt), retry_factor     2  2920       -5.677225        1.821886        0.500000
       retry log10(dt/yr), log10(dt), retry_factor     1  2925       -5.590747        1.908364        0.500000
       retry log10(dt/yr), log10(dt), retry_factor     1  2930       -5.543738        1.955373        0.500000
       retry log10(dt/yr), log10(dt), retry_factor     1  2931       -5.941678        1.557433        0.500000
hydro_newton_step failed to accept
       retry log10(dt/yr), log10(dt), retry_factor     2  2931       -6.242708        1.256403        0.500000
hydro_newton_step failed to accept
       retry log10(dt/yr), log10(dt), retry_factor     1  2932       -6.621217        0.877894        0.500000
       retry log10(dt/yr), log10(dt), retry_factor     1  2933       -6.922247        0.576864        0.500000
       retry log10(dt/yr), log10(dt), retry_factor     2  2933       -7.223277        0.275834        0.500000
       retry log10(dt/yr), log10(dt), retry_factor     1  2938       -6.922247        0.576864        0.500000
       retry log10(dt/yr), log10(dt), retry_factor     2  2938       -7.223277        0.275834        0.500000
       retry log10(dt/yr), log10(dt), retry_factor     1  2947       -5.718127        1.780984        0.500000
       retry log10(dt/yr), log10(dt), retry_factor     1  2948       -6.019157        1.479954        0.500000
       retry log10(dt/yr), log10(dt), retry_factor     1  2952       -6.170083        1.329029        0.500000
hydro_newton_step failed to accept
       retry log10(dt/yr), log10(dt), retry_factor     1  2953       -6.471113        1.027999        0.500000
       retry log10(dt/yr), log10(dt), retry_factor     1  2955       -6.772143        0.726969        0.500000
       retry log10(dt/yr), log10(dt), retry_factor     1  2956       -7.170083        0.329029        0.500000
       retry log10(dt/yr), log10(dt), retry_factor     1  2959       -7.653086       -0.153975        0.500000
hydro_newton_step failed to accept
       retry log10(dt/yr), log10(dt), retry_factor     2  2959       -7.954116       -0.455005        0.500000
 have reached retry limit so now backup
       retry log10(dt/yr), log10(dt), retry_factor     1  2965       -7.501276       -0.002164        0.500000
       retry log10(dt/yr), log10(dt), retry_factor     2  2965       -7.802306       -0.303194        0.500000
       retry log10(dt/yr), log10(dt), retry_factor     1  2969       -8.200246       -0.701134        0.500000

stop because model_number >= max_model_number
     3000     3000

       3000   8.440157  1.356E+07   3.401987   6.360531   1.400000   1.400000   0.000000   0.000000   0.275200   0.038413  14.904540   1411    553
  -8.469721   6.791822  -4.791714   3.103567   3.996543  -8.522879   0.000000   0.000000   0.000000   0.020000   0.027327  91.174385     23     54
 2.9779E-03  23.455954   3.899645   6.359812  14.555484  -0.822964   0.000000   0.000000   0.000000   0.000687  9.343E-01  0.206E-08          dH/H

save LOGS/profile6.data for model 3000
save photos/3000 for model 3000
save final_profile_r_zn65_pn_ga65_01.data for model 3000
 saved to final.mod
termination code: max_model_number
 bad other yaxis for History panels plot num_zones

 ERROR: failed to find log_Teff in history data

 grid1/grid1_003000.png/png
       3000   8.440157  1.356E+07   3.401987   6.360531   1.400000   1.400000   0.000000   0.000000   0.275200   0.038413  14.904540   1411    553
  -8.469721   6.791822  -4.791714   3.103567   3.996543  -8.522879   0.000000   0.000000   0.000000   0.020000   0.027327  91.174385     23     54
 2.9779E-03  23.455954   3.899645   6.359812  14.555484  -0.822964   0.000000   0.000000   0.000000   0.000687  9.343E-01  0.206E-08  newton iters

