ls: cannot access './887/photos': No such file or directory
starting from scratch 
                                         version_number       10108
 read /hpc/group/physics/al363/low_overhead/sens/base/inlist_base
 read inlist_cluster
load saved model /hpc/group/physics/al363/sens/base/ns_relax.mod

 change to /hpc/group/physics/al363/sens/base/rp_305.net
             set special rate factor for r_zr83_pn_nb83         887    1.0000000000000000D+02
             set special rate factor for r_nb83_np_zr83         888    1.0000000000000000D+02
             set special rate factor for r_zr83_pn_nb83         887    1.0000000000000000D+02
             set special rate factor for r_nb83_np_zr83         888    1.0000000000000000D+02
 number of species         305
 read /hpc/group/physics/al363/low_overhead/sens/base/history_custom_low_overhead
 read /hpc/group/physics/al363/low_overhead/sens/base/profile_custom_low_overhead
 net name /hpc/group/physics/al363/sens/base/rp_305.net
 v_flag T
                                           xmstar/mstar    4.5461189430843640D-12
                                             xmstar (g)    1.2660395722219186D+22
                                           M_center (g)    2.7848799999878681D+33
                                            xmstar/Msun    6.3645665203193175D-12
                                          M_center/Msun    1.3999999999939012D+00
                                          R_center (cm)    1.1200000000000000D+06
                                          R_center/Rsun    1.6092416448748527D-05
                                           core density    4.7322078204273819D+14
                                          L_center/Lsun    4.1647144567650578D+00
 kappa_file_prefix gs98
 kappa_lowT_prefix lowT_fa05_gs98

   eos_file_prefix mesa
                                        OMP_NUM_THREADS           8


__________________________________________________________________________________________________________________________________________________

       step    lg_Tcntr    Teff       lg_LH     lg_Lnuc     Mass       H_rich     H_cntr     N_cntr     Y_surf     X_avg     eta_cntr  zones retry
   lg_dt_yr    lg_Dcntr    lg_R       lg_L3a    lg_Lneu     lg_Mdot    He_core    He_cntr    O_cntr     Z_surf     Y_avg     gam_cntr  iters bckup
     age_yr    lg_Pcntr    lg_L       lg_LZ     lg_Psurf    lg_Dsurf   C_core     C_cntr     Ne_cntr    Si_cntr    Z_avg     v_div_cs     dt_limit
__________________________________________________________________________________________________________________________________________________

save LOGS/profile1.data for model 2
         12   8.207068  1.596E+06   0.422373   0.422680   1.400000   1.400000   0.000000   0.000000   0.275200   0.032716  18.782540    782      0
  -5.834864   6.544453  -4.792968 -17.300136  -0.755568  -8.522879   0.000000   0.000000   0.000000   0.020000   0.012436 128.974929      6      0
 9.8181E-06  23.077272   0.179446  -2.727454  12.804639  -1.522785   0.000000   0.000000   0.000000   0.000687  9.548E-01 -0.112E-12      lgT_cntr

save LOGS/profile2.data for model 12
       retry log10(dt/yr), log10(dt), retry_factor     1    34       -5.396345        2.102767        0.500000
       retry log10(dt/yr), log10(dt), retry_factor     1    38       -5.396345        2.102767        0.500000
       retry log10(dt/yr), log10(dt), retry_factor     1    42       -5.396345        2.102767        0.500000
       retry log10(dt/yr), log10(dt), retry_factor     1    46       -5.396345        2.102767        0.500000
       retry log10(dt/yr), log10(dt), retry_factor     1    51       -5.095315        2.403797        0.500000
       retry log10(dt/yr), log10(dt), retry_factor     1    52       -5.095315        2.403797        0.500000
       retry log10(dt/yr), log10(dt), retry_factor     1    53       -5.095315        2.403797        0.500000
       retry log10(dt/yr), log10(dt), retry_factor     1    54       -5.095315        2.403797        0.500000
       retry log10(dt/yr), log10(dt), retry_factor     1    55       -5.095315        2.403797        0.500000
       retry log10(dt/yr), log10(dt), retry_factor     1    56       -5.095315        2.403797        0.500000
       retry log10(dt/yr), log10(dt), retry_factor     2    56       -5.396345        2.102767        0.500000
       retry log10(dt/yr), log10(dt), retry_factor     1    60       -5.396345        2.102767        0.500000
       retry log10(dt/yr), log10(dt), retry_factor     1    61       -5.697375        1.801737        0.500000
       retry log10(dt/yr), log10(dt), retry_factor     1    62       -5.998405        1.500707        0.500000
       retry log10(dt/yr), log10(dt), retry_factor     1    64       -6.299435        1.199677        0.500000
hydro_newton_step failed to accept
       retry log10(dt/yr), log10(dt), retry_factor     1    65       -6.600465        0.898647        0.500000
       retry log10(dt/yr), log10(dt), retry_factor     1    67       -6.901495        0.597617        0.500000
       retry log10(dt/yr), log10(dt), retry_factor     1    69       -7.202525        0.296587        0.500000
       retry log10(dt/yr), log10(dt), retry_factor     1    70       -7.503555       -0.004443        0.500000
       retry log10(dt/yr), log10(dt), retry_factor     1    72       -7.804585       -0.305473        0.500000
       retry log10(dt/yr), log10(dt), retry_factor     1    74       -8.105615       -0.606503        0.500000
       retry log10(dt/yr), log10(dt), retry_factor     1    75       -8.439704       -0.940592        0.500000
       retry log10(dt/yr), log10(dt), retry_factor     1   142       -8.644665       -1.145554        0.500000
       retry log10(dt/yr), log10(dt), retry_factor     1   143       -9.042605       -1.543494        0.500000
       retry log10(dt/yr), log10(dt), retry_factor     1   152       -9.050730       -1.551618        0.500000
       retry log10(dt/yr), log10(dt), retry_factor     1   159       -8.810477       -1.311365        0.500000
       retry log10(dt/yr), log10(dt), retry_factor     1   171       -8.819059       -1.319948        0.500000
       retry log10(dt/yr), log10(dt), retry_factor     1   187       -7.427087        0.072025        0.500000
       retry log10(dt/yr), log10(dt), retry_factor     1   193       -7.773342       -0.274231        0.500000
       retry log10(dt/yr), log10(dt), retry_factor     2   193       -8.074372       -0.575261        0.500000
 have reached retry limit so now backup
hydro_newton_step failed to accept
       retry log10(dt/yr), log10(dt), retry_factor     1   196       -8.477586       -0.978474        0.500000
       retry log10(dt/yr), log10(dt), retry_factor     1   197       -8.478831       -0.979719        0.500000
hydro_newton_step failed to accept
       retry log10(dt/yr), log10(dt), retry_factor     1   224       -7.777693       -0.278582        0.500000
hydro_newton_step failed to accept
       retry log10(dt/yr), log10(dt), retry_factor     2   224       -8.078723       -0.579612        0.500000
       retry log10(dt/yr), log10(dt), retry_factor     1   232       -7.784398       -0.285286        0.500000
       retry log10(dt/yr), log10(dt), retry_factor     2   232       -8.085428       -0.586316        0.500000
 have reached retry limit so now backup
       retry log10(dt/yr), log10(dt), retry_factor     1   239       -7.616401       -0.117289        0.500000
       retry log10(dt/yr), log10(dt), retry_factor     2   239       -7.917431       -0.418319        0.500000
 have reached retry limit so now backup
       retry log10(dt/yr), log10(dt), retry_factor     1   245       -7.729418       -0.230306        0.500000
       retry log10(dt/yr), log10(dt), retry_factor     2   245       -8.030448       -0.531336        0.500000
       retry log10(dt/yr), log10(dt), retry_factor     1   253       -7.546688       -0.047576        0.500000
       retry log10(dt/yr), log10(dt), retry_factor     2   253       -7.847718       -0.348606        0.500000
       retry log10(dt/yr), log10(dt), retry_factor     1   297       -5.644063        1.855049        0.500000
       retry log10(dt/yr), log10(dt), retry_factor     2   297       -5.945093        1.554019        0.500000
       retry log10(dt/yr), log10(dt), retry_factor     1   298       -6.246123        1.252989        0.500000
       retry log10(dt/yr), log10(dt), retry_factor     1   303       -5.945093        1.554019        0.500000
       retry log10(dt/yr), log10(dt), retry_factor     1   309       -5.343033        2.156079        0.500000
       retry log10(dt/yr), log10(dt), retry_factor     2   309       -5.644063        1.855049        0.500000
 have reached retry limit so now backup
       retry log10(dt/yr), log10(dt), retry_factor     1   310       -6.042003        1.457109        0.500000
       retry log10(dt/yr), log10(dt), retry_factor     1   316       -5.602956        1.896155        0.500000
       retry log10(dt/yr), log10(dt), retry_factor     1   320       -5.682765        1.816347        0.500000
       retry log10(dt/yr), log10(dt), retry_factor     1   325       -5.529318        1.969794        0.500000
       retry log10(dt/yr), log10(dt), retry_factor     1   327       -5.885196        1.613915        0.500000
       retry log10(dt/yr), log10(dt), retry_factor     1   333       -5.441761        2.057351        0.500000
       retry log10(dt/yr), log10(dt), retry_factor     1   338       -5.426607        2.072505        0.500000
hydro_newton_step failed to accept
       retry log10(dt/yr), log10(dt), retry_factor     1   339       -5.824547        1.674565        0.500000
       retry log10(dt/yr), log10(dt), retry_factor     1   344       -5.510267        1.988844        0.500000
       retry log10(dt/yr), log10(dt), retry_factor     2   344       -5.811297        1.687814        0.500000
 have reached retry limit so now backup
       retry log10(dt/yr), log10(dt), retry_factor     1   346       -6.112327        1.386784        0.500000
hydro_newton_step failed to accept
       retry log10(dt/yr), log10(dt), retry_factor     1   347       -6.510267        0.988844        0.500000
       retry log10(dt/yr), log10(dt), retry_factor     1   353       -5.939413        1.559698        0.500000
       retry log10(dt/yr), log10(dt), retry_factor     2   353       -6.240443        1.258668        0.500000
       retry log10(dt/yr), log10(dt), retry_factor     1   354       -6.638383        0.860728        0.500000
        359   8.438442  4.566E+06   1.966600   2.106328   1.400000   1.400000   0.000000   0.000000   0.275200   0.077736  11.846581    758     63
  -5.735293   6.606329  -4.792681   1.269205   1.191025  -8.522879   0.000000   0.000000   0.000000   0.020000   0.055713  79.388323      6      5
 5.8187E-04  23.180469   2.006144   1.218947  13.835193  -0.958783   0.000000   0.000000   0.000000   0.000687  8.666E-01 -0.278E-12  max increase

save LOGS/profile3.data for model 359
       retry log10(dt/yr), log10(dt), retry_factor     1   360       -6.276238        1.222874        0.500000
hydro_newton_step failed to accept
       retry log10(dt/yr), log10(dt), retry_factor     2   360       -6.577268        0.921844        0.500000
hydro_newton_step failed to accept
       retry log10(dt/yr), log10(dt), retry_factor     1   362       -6.975208        0.523904        0.500000
hydro_newton_step failed to accept
       retry log10(dt/yr), log10(dt), retry_factor     1   364       -6.975208        0.523904        0.500000
       retry log10(dt/yr), log10(dt), retry_factor     1   365       -6.975208        0.523904        0.500000
       retry log10(dt/yr), log10(dt), retry_factor     1   367       -7.276238        0.222874        0.500000
       retry log10(dt/yr), log10(dt), retry_factor     1   368       -7.577268       -0.078156        0.500000
       retry log10(dt/yr), log10(dt), retry_factor     1   370       -7.878298       -0.379186        0.500000
       retry log10(dt/yr), log10(dt), retry_factor     1   371       -8.237374       -0.738263        0.500000
       retry log10(dt/yr), log10(dt), retry_factor     1   462       -7.678514       -0.179403        0.500000
       retry log10(dt/yr), log10(dt), retry_factor     1   463       -8.076454       -0.577343        0.500000
       retry log10(dt/yr), log10(dt), retry_factor     2   463       -8.377484       -0.878373        0.500000
hydro_newton_step failed to accept
       retry log10(dt/yr), log10(dt), retry_factor     1   464       -8.678514       -1.179403        0.500000
       retry log10(dt/yr), log10(dt), retry_factor     1   469       -8.076454       -0.577343        0.500000
       retry log10(dt/yr), log10(dt), retry_factor     1   470       -8.377484       -0.878373        0.500000
       retry log10(dt/yr), log10(dt), retry_factor     1   479       -7.774217       -0.275105        0.500000
       retry log10(dt/yr), log10(dt), retry_factor     2   479       -8.075247       -0.576135        0.500000
 bad other yaxis for History panels plot num_zones

 ERROR: failed to find log_Teff in history data

 grid1/grid1_000500.png/png
hydro_newton_step failed to accept
       retry log10(dt/yr), log10(dt), retry_factor     1   505       -7.676820       -0.177708        0.500000
hydro_newton_step failed to accept
       retry log10(dt/yr), log10(dt), retry_factor     2   505       -7.977850       -0.478738        0.500000
hydro_newton_step failed to accept
       retry log10(dt/yr), log10(dt), retry_factor     1   510       -7.690159       -0.191048        0.500000
       retry log10(dt/yr), log10(dt), retry_factor     1   513       -7.588147       -0.089036        0.500000
       retry log10(dt/yr), log10(dt), retry_factor     2   513       -7.889177       -0.390066        0.500000
       retry log10(dt/yr), log10(dt), retry_factor     1   518       -7.648141       -0.149030        0.500000
       retry log10(dt/yr), log10(dt), retry_factor     2   518       -7.949171       -0.450060        0.500000
 have reached retry limit so now backup
       retry log10(dt/yr), log10(dt), retry_factor     1   524       -7.526199       -0.027087        0.500000
       retry log10(dt/yr), log10(dt), retry_factor     2   524       -7.827229       -0.328117        0.500000
 have reached retry limit so now backup
       retry log10(dt/yr), log10(dt), retry_factor     1   526       -8.128259       -0.629147        0.500000
       retry log10(dt/yr), log10(dt), retry_factor     2   526       -8.429289       -0.930177        0.500000
       retry log10(dt/yr), log10(dt), retry_factor     1   576       -5.246089        2.253023        0.500000
       retry log10(dt/yr), log10(dt), retry_factor     2   576       -5.547119        1.951993        0.500000
       retry log10(dt/yr), log10(dt), retry_factor     1   580       -5.945059        1.554053        0.500000
       retry log10(dt/yr), log10(dt), retry_factor     1   581       -6.246089        1.253023        0.500000
       retry log10(dt/yr), log10(dt), retry_factor     1   588       -5.534197        1.964914        0.500000
       retry log10(dt/yr), log10(dt), retry_factor     1   589       -5.835227        1.663884        0.500000
hydro_newton_step failed to accept
       retry log10(dt/yr), log10(dt), retry_factor     2   589       -6.136257        1.362854        0.500000
       retry log10(dt/yr), log10(dt), retry_factor     1   590       -6.437287        1.061824        0.500000
       retry log10(dt/yr), log10(dt), retry_factor     1   598       -5.446192        2.052920        0.500000
       retry log10(dt/yr), log10(dt), retry_factor     1   602       -5.568737        1.930374        0.500000
       retry log10(dt/yr), log10(dt), retry_factor     1   607       -5.558714        1.940398        0.500000
       retry log10(dt/yr), log10(dt), retry_factor     2   607       -5.859744        1.639368        0.500000
       retry log10(dt/yr), log10(dt), retry_factor     1   611       -6.257684        1.241428        0.500000
       retry log10(dt/yr), log10(dt), retry_factor     1   612       -6.558714        0.940398        0.500000
       retry log10(dt/yr), log10(dt), retry_factor     1   620       -5.531021        1.968091        0.500000
       retry log10(dt/yr), log10(dt), retry_factor     1   621       -5.928961        1.570151        0.500000
hydro_newton_step failed to accept
       retry log10(dt/yr), log10(dt), retry_factor     1   622       -6.326901        1.172211        0.500000
       retry log10(dt/yr), log10(dt), retry_factor     1   623       -6.627931        0.871181        0.500000
       retry log10(dt/yr), log10(dt), retry_factor     2   623       -6.928961        0.570151        0.500000
       retry log10(dt/yr), log10(dt), retry_factor     1   631       -5.724841        1.774271        0.500000
hydro_newton_step failed to accept
       retry log10(dt/yr), log10(dt), retry_factor     1   632       -6.025871        1.473241        0.500000
       retry log10(dt/yr), log10(dt), retry_factor     1   636       -6.091393        1.407719        0.500000
       retry log10(dt/yr), log10(dt), retry_factor     2   636       -6.392423        1.106689        0.500000
hydro_newton_step failed to accept
       retry log10(dt/yr), log10(dt), retry_factor     1   637       -6.780800        0.718312        0.500000
       retry log10(dt/yr), log10(dt), retry_factor     1   641       -6.545306        0.953806        0.500000
       retry log10(dt/yr), log10(dt), retry_factor     1   643       -6.846336        0.652776        0.500000
hydro_newton_step failed to accept
       retry log10(dt/yr), log10(dt), retry_factor     2   643       -7.147366        0.351746        0.500000
hydro_newton_step failed to accept
       retry log10(dt/yr), log10(dt), retry_factor     1   645       -7.448396        0.050716        0.500000
       retry log10(dt/yr), log10(dt), retry_factor     1   647       -7.448396        0.050716        0.500000
       retry log10(dt/yr), log10(dt), retry_factor     1   648       -7.749426       -0.250314        0.500000
       retry log10(dt/yr), log10(dt), retry_factor     1   651       -8.050456       -0.551344        0.500000
       retry log10(dt/yr), log10(dt), retry_factor     1   652       -8.430371       -0.931259        0.500000
hydro_newton_step failed to accept
       retry log10(dt/yr), log10(dt), retry_factor     1   697       -9.068797       -1.569686        0.500000
       retry log10(dt/yr), log10(dt), retry_factor     1   747       -7.623702       -0.124590        0.500000
hydro_newton_step failed to accept
       retry log10(dt/yr), log10(dt), retry_factor     2   747       -7.924732       -0.425620        0.500000
       retry log10(dt/yr), log10(dt), retry_factor     1   750       -8.516492       -1.017380        0.500000
       retry log10(dt/yr), log10(dt), retry_factor     1   751       -8.817522       -1.318410        0.500000
       retry log10(dt/yr), log10(dt), retry_factor     1   756       -8.516492       -1.017380        0.500000
       retry log10(dt/yr), log10(dt), retry_factor     1   761       -8.215462       -0.716350        0.500000
hydro_newton_step failed to accept
       retry log10(dt/yr), log10(dt), retry_factor     2   761       -8.516492       -1.017380        0.500000
       retry log10(dt/yr), log10(dt), retry_factor     1   767       -8.011695       -0.512583        0.500000
hydro_newton_step failed to accept
       retry log10(dt/yr), log10(dt), retry_factor     2   767       -8.312725       -0.813613        0.500000
 have reached retry limit so now backup
hydro_newton_step failed to accept
       retry log10(dt/yr), log10(dt), retry_factor     1   804       -7.574210       -0.075098        0.500000
       retry log10(dt/yr), log10(dt), retry_factor     2   804       -7.875240       -0.376128        0.500000
 have reached retry limit so now backup
       retry log10(dt/yr), log10(dt), retry_factor     1   814       -7.525815       -0.026703        0.500000
hydro_newton_step failed to accept
       retry log10(dt/yr), log10(dt), retry_factor     2   814       -7.826845       -0.327733        0.500000
       retry log10(dt/yr), log10(dt), retry_factor     1   854       -6.094874        1.404237        0.500000
       retry log10(dt/yr), log10(dt), retry_factor     2   854       -6.395904        1.103207        0.500000
       retry log10(dt/yr), log10(dt), retry_factor     1   861       -5.492814        2.006297        0.500000
       retry log10(dt/yr), log10(dt), retry_factor     1   866       -5.552252        1.946859        0.500000
       retry log10(dt/yr), log10(dt), retry_factor     2   866       -5.853282        1.645829        0.500000
       retry log10(dt/yr), log10(dt), retry_factor     1   871       -5.703692        1.795420        0.500000
       retry log10(dt/yr), log10(dt), retry_factor     1   872       -6.004722        1.494390        0.500000
       retry log10(dt/yr), log10(dt), retry_factor     1   878       -5.517847        1.981265        0.500000
       retry log10(dt/yr), log10(dt), retry_factor     1   879       -5.915787        1.583325        0.500000
       retry log10(dt/yr), log10(dt), retry_factor     1   880       -6.216817        1.282295        0.500000
       retry log10(dt/yr), log10(dt), retry_factor     2   880       -6.517847        0.981265        0.500000
       retry log10(dt/yr), log10(dt), retry_factor     1   886       -5.915787        1.583325        0.500000
       retry log10(dt/yr), log10(dt), retry_factor     1   892       -5.546964        1.952148        0.500000
       retry log10(dt/yr), log10(dt), retry_factor     1   897       -5.438420        2.060691        0.500000
       retry log10(dt/yr), log10(dt), retry_factor     1   898       -5.836360        1.662751        0.500000
hydro_newton_step failed to accept
       retry log10(dt/yr), log10(dt), retry_factor     2   898       -6.137390        1.361721        0.500000
       retry log10(dt/yr), log10(dt), retry_factor     1   899       -6.438420        1.060691        0.500000
       retry log10(dt/yr), log10(dt), retry_factor     1   907       -5.505238        1.993874        0.500000
       retry log10(dt/yr), log10(dt), retry_factor     2   907       -5.806268        1.692844        0.500000
       retry log10(dt/yr), log10(dt), retry_factor     1   912       -5.760355        1.738757        0.500000
hydro_newton_step failed to accept
       retry log10(dt/yr), log10(dt), retry_factor     1   913       -6.158295        1.340817        0.500000
       retry log10(dt/yr), log10(dt), retry_factor     1   914       -6.502899        0.996213        0.500000
       retry log10(dt/yr), log10(dt), retry_factor     2   914       -6.803929        0.695183        0.500000
       retry log10(dt/yr), log10(dt), retry_factor     1   922       -5.793956        1.705155        0.500000
       retry log10(dt/yr), log10(dt), retry_factor     1   923       -6.191896        1.307215        0.500000
       retry log10(dt/yr), log10(dt), retry_factor     2   923       -6.492926        1.006185        0.500000
 have reached retry limit so now backup
hydro_newton_step failed to accept
       retry log10(dt/yr), log10(dt), retry_factor     1   927       -6.890866        0.608245        0.500000
       retry log10(dt/yr), log10(dt), retry_factor     1   928       -6.906080        0.593031        0.500000
       retry log10(dt/yr), log10(dt), retry_factor     1   934       -6.304020        1.195091        0.500000
       retry log10(dt/yr), log10(dt), retry_factor     2   934       -6.605050        0.894061        0.500000
 have reached retry limit so now backup
       retry log10(dt/yr), log10(dt), retry_factor     1   935       -7.099900        0.399211        0.500000
       retry log10(dt/yr), log10(dt), retry_factor     1   936       -7.400930        0.098181        0.500000
       retry log10(dt/yr), log10(dt), retry_factor     1   944       -6.360872        1.138240        0.500000
       retry log10(dt/yr), log10(dt), retry_factor     2   944       -6.661902        0.837210        0.500000
       retry log10(dt/yr), log10(dt), retry_factor     1   946       -6.962932        0.536180        0.500000
       retry log10(dt/yr), log10(dt), retry_factor     1   948       -7.263962        0.235150        0.500000
       retry log10(dt/yr), log10(dt), retry_factor     1   950       -7.564992       -0.065880        0.500000
       retry log10(dt/yr), log10(dt), retry_factor     1   951       -7.866022       -0.366910        0.500000
       retry log10(dt/yr), log10(dt), retry_factor     1   953       -8.167052       -0.667940        0.500000
       retry log10(dt/yr), log10(dt), retry_factor     1   990       -9.148364       -1.649253        0.500000
       1000   8.458628  1.648E+07   3.390524   6.571977   1.400000   1.400000   0.000000   0.000000   0.275200   0.059480  12.069344    955    177
  -8.122318   6.658039  -4.791407   3.079055   4.003210  -8.522879   0.000000   0.000000   0.000000   0.020000   0.041914  78.850982      7     11
 1.1161E-03  23.258668   4.238818   6.571552  14.675411  -0.886856   0.000000   0.000000   0.000000   0.000687  8.986E-01 -0.284E-10    varcontrol

save LOGS/profile4.data for model 1000
save photos/1000 for model 1000
 bad other yaxis for History panels plot num_zones

 ERROR: failed to find log_Teff in history data

 grid1/grid1_001000.png/png
       retry log10(dt/yr), log10(dt), retry_factor     1  1037       -7.546352       -0.047241        0.500000
hydro_newton_step failed to accept
       retry log10(dt/yr), log10(dt), retry_factor     2  1037       -7.847382       -0.348271        0.500000
 have reached retry limit so now backup
       retry log10(dt/yr), log10(dt), retry_factor     1  1043       -8.171267       -0.672156        0.500000
       retry log10(dt/yr), log10(dt), retry_factor     2  1043       -8.472297       -0.973186        0.500000
 have reached retry limit so now backup
hydro_newton_step failed to accept
       retry log10(dt/yr), log10(dt), retry_factor     1  1045       -8.773327       -1.274216        0.500000
       retry log10(dt/yr), log10(dt), retry_factor     1  1053       -7.769509       -0.270397        0.500000
       retry log10(dt/yr), log10(dt), retry_factor     2  1053       -8.070539       -0.571427        0.500000
       retry log10(dt/yr), log10(dt), retry_factor     1  1085       -7.627231       -0.128119        0.500000
       retry log10(dt/yr), log10(dt), retry_factor     1  1088       -7.928261       -0.429149        0.500000
       retry log10(dt/yr), log10(dt), retry_factor     1  1100       -7.572959       -0.073847        0.500000
hydro_newton_step failed to accept
       retry log10(dt/yr), log10(dt), retry_factor     1  1106       -7.457280        0.041831        0.500000
       retry log10(dt/yr), log10(dt), retry_factor     2  1106       -7.758310       -0.259199        0.500000
 have reached retry limit so now backup
       retry log10(dt/yr), log10(dt), retry_factor     1  1132       -6.803884        0.695228        0.500000
       retry log10(dt/yr), log10(dt), retry_factor     2  1132       -7.104914        0.394198        0.500000
 have reached retry limit so now backup
       retry log10(dt/yr), log10(dt), retry_factor     1  1157       -5.390652        2.108459        0.500000
       retry log10(dt/yr), log10(dt), retry_factor     1  1161       -5.464972        2.034139        0.500000
       retry log10(dt/yr), log10(dt), retry_factor     1  1162       -5.862912        1.636199        0.500000
       retry log10(dt/yr), log10(dt), retry_factor     1  1168       -5.336180        2.162932        0.500000
       retry log10(dt/yr), log10(dt), retry_factor     2  1168       -5.637210        1.861902        0.500000
       retry log10(dt/yr), log10(dt), retry_factor     1  1174       -5.331641        2.167470        0.500000
       retry log10(dt/yr), log10(dt), retry_factor     1  1176       -5.691387        1.807724        0.500000
       retry log10(dt/yr), log10(dt), retry_factor     2  1176       -5.992417        1.506694        0.500000
 have reached retry limit so now backup
       retry log10(dt/yr), log10(dt), retry_factor     1  1179       -6.293447        1.205664        0.500000
       retry log10(dt/yr), log10(dt), retry_factor     1  1180       -6.594477        0.904634        0.500000
       retry log10(dt/yr), log10(dt), retry_factor     1  1189       -5.381965        2.117146        0.500000
       retry log10(dt/yr), log10(dt), retry_factor     2  1189       -5.682995        1.816116        0.500000
 have reached retry limit so now backup
       retry log10(dt/yr), log10(dt), retry_factor     1  1194       -5.381965        2.117146        0.500000
       retry log10(dt/yr), log10(dt), retry_factor     1  1196       -5.779905        1.719206        0.500000
       retry log10(dt/yr), log10(dt), retry_factor     2  1196       -6.080935        1.418176        0.500000
 have reached retry limit so now backup
hydro_newton_step failed to accept
       retry log10(dt/yr), log10(dt), retry_factor     1  1200       -6.140574        1.358537        0.500000
       retry log10(dt/yr), log10(dt), retry_factor     1  1203       -5.732311        1.766801        0.500000
       retry log10(dt/yr), log10(dt), retry_factor     1  1204       -6.111178        1.387933        0.500000
       retry log10(dt/yr), log10(dt), retry_factor     1  1209       -5.880780        1.618331        0.500000
       retry log10(dt/yr), log10(dt), retry_factor     1  1210       -6.181810        1.317301        0.500000
       retry log10(dt/yr), log10(dt), retry_factor     1  1214       -6.248957        1.250155        0.500000
       retry log10(dt/yr), log10(dt), retry_factor     1  1215       -6.549987        0.949125        0.500000
hydro_newton_step failed to accept
       retry log10(dt/yr), log10(dt), retry_factor     1  1216       -6.851017        0.648095        0.500000
       retry log10(dt/yr), log10(dt), retry_factor     1  1218       -7.152047        0.347065        0.500000
       retry log10(dt/yr), log10(dt), retry_factor     1  1220       -7.453077        0.046035        0.500000
       retry log10(dt/yr), log10(dt), retry_factor     1  1222       -7.819783       -0.320671        0.500000
hydro_newton_step failed to accept
       retry log10(dt/yr), log10(dt), retry_factor     2  1222       -8.120813       -0.621701        0.500000
       retry log10(dt/yr), log10(dt), retry_factor     1  1226       -8.120813       -0.621701        0.500000
       retry log10(dt/yr), log10(dt), retry_factor     1  1308       -7.328196        0.170915        0.500000
       retry log10(dt/yr), log10(dt), retry_factor     2  1308       -7.629226       -0.130115        0.500000
 have reached retry limit so now backup
       retry log10(dt/yr), log10(dt), retry_factor     1  1309       -7.930256       -0.431145        0.500000
       retry log10(dt/yr), log10(dt), retry_factor     2  1309       -8.231286       -0.732175        0.500000
 have reached retry limit so now backup
       retry log10(dt/yr), log10(dt), retry_factor     1  1310       -8.532316       -1.033205        0.500000
       retry log10(dt/yr), log10(dt), retry_factor     2  1310       -8.833346       -1.334235        0.500000
 have reached retry limit so now backup
       retry log10(dt/yr), log10(dt), retry_factor     1  1313       -9.134376       -1.635265        0.500000
       retry log10(dt/yr), log10(dt), retry_factor     2  1313       -9.435406       -1.936295        0.500000
 have reached retry limit so now backup
       retry log10(dt/yr), log10(dt), retry_factor     1  1314       -9.736436       -2.237325        0.500000
       retry log10(dt/yr), log10(dt), retry_factor     2  1314      -10.037466       -2.538355        0.500000
       retry log10(dt/yr), log10(dt), retry_factor     1  1329       -7.735259       -0.236147        0.500000
       retry log10(dt/yr), log10(dt), retry_factor     2  1329       -8.036289       -0.537177        0.500000
 have reached retry limit so now backup
hydro_newton_step failed to accept
       retry log10(dt/yr), log10(dt), retry_factor     1  1330       -8.477845       -0.978733        0.500000
       retry log10(dt/yr), log10(dt), retry_factor     2  1330       -8.778875       -1.279763        0.500000
       retry log10(dt/yr), log10(dt), retry_factor     1  1336       -8.176815       -0.677703        0.500000
       retry log10(dt/yr), log10(dt), retry_factor     1  1375       -7.527757       -0.028646        0.500000
       retry log10(dt/yr), log10(dt), retry_factor     2  1375       -7.828787       -0.329676        0.500000
 have reached retry limit so now backup
       retry log10(dt/yr), log10(dt), retry_factor     1  1381       -7.620090       -0.120979        0.500000
       retry log10(dt/yr), log10(dt), retry_factor     2  1381       -7.921120       -0.422009        0.500000
       retry log10(dt/yr), log10(dt), retry_factor     1  1389       -7.449228        0.049883        0.500000
       retry log10(dt/yr), log10(dt), retry_factor     2  1389       -7.750258       -0.251147        0.500000
       retry log10(dt/yr), log10(dt), retry_factor     1  1431       -6.098555        1.400556        0.500000
       retry log10(dt/yr), log10(dt), retry_factor     1  1432       -6.399585        1.099526        0.500000
       retry log10(dt/yr), log10(dt), retry_factor     1  1440       -5.424394        2.074718        0.500000
hydro_newton_step failed to accept
       retry log10(dt/yr), log10(dt), retry_factor     2  1440       -5.725424        1.773688        0.500000
 have reached retry limit so now backup
       retry log10(dt/yr), log10(dt), retry_factor     1  1446       -5.438731        2.060380        0.500000
hydro_newton_step failed to accept
       retry log10(dt/yr), log10(dt), retry_factor     2  1446       -5.739761        1.759350        0.500000
 have reached retry limit so now backup
       retry log10(dt/yr), log10(dt), retry_factor     1  1452       -5.483494        2.015617        0.500000
       retry log10(dt/yr), log10(dt), retry_factor     2  1452       -5.784524        1.714587        0.500000
 have reached retry limit so now backup
       retry log10(dt/yr), log10(dt), retry_factor     1  1458       -5.182464        2.316647        0.500000
hydro_newton_step failed to accept
       retry log10(dt/yr), log10(dt), retry_factor     2  1458       -5.483494        2.015617        0.500000
 have reached retry limit so now backup
       retry log10(dt/yr), log10(dt), retry_factor     1  1459       -5.881434        1.617677        0.500000
hydro_newton_step failed to accept
       retry log10(dt/yr), log10(dt), retry_factor     2  1459       -6.182464        1.316647        0.500000
       retry log10(dt/yr), log10(dt), retry_factor     1  1460       -6.483494        1.015617        0.500000
       retry log10(dt/yr), log10(dt), retry_factor     1  1468       -5.516623        1.982489        0.500000
       retry log10(dt/yr), log10(dt), retry_factor     1  1472       -5.617482        1.881630        0.500000
       retry log10(dt/yr), log10(dt), retry_factor     2  1472       -5.918512        1.580600        0.500000
 have reached retry limit so now backup
       retry log10(dt/yr), log10(dt), retry_factor     1  1479       -5.437854        2.061258        0.500000
hydro_newton_step failed to accept
       retry log10(dt/yr), log10(dt), retry_factor     1  1480       -5.835794        1.663318        0.500000
       retry log10(dt/yr), log10(dt), retry_factor     1  1481       -6.175635        1.323477        0.500000
       retry log10(dt/yr), log10(dt), retry_factor     2  1481       -6.476665        1.022447        0.500000
       retry log10(dt/yr), log10(dt), retry_factor     1  1482       -6.777695        0.721417        0.500000
       retry log10(dt/yr), log10(dt), retry_factor     1  1490       -5.696315        1.802797        0.500000
hydro_newton_step failed to accept
       retry log10(dt/yr), log10(dt), retry_factor     1  1494       -5.870927        1.628185        0.500000
hydro_newton_step failed to accept
       retry log10(dt/yr), log10(dt), retry_factor     1  1495       -6.268867        1.230245        0.500000
hydro_newton_step failed to accept
       retry log10(dt/yr), log10(dt), retry_factor     1  1496       -6.666807        0.832305        0.500000
       retry log10(dt/yr), log10(dt), retry_factor     1  1500       -6.047729        1.451383        0.500000
 bad other yaxis for History panels plot num_zones

 ERROR: failed to find log_Teff in history data

 grid1/grid1_001500.png/png
       retry log10(dt/yr), log10(dt), retry_factor     1  1501       -6.445669        1.053443        0.500000
       retry log10(dt/yr), log10(dt), retry_factor     2  1501       -6.746699        0.752413        0.500000
       retry log10(dt/yr), log10(dt), retry_factor     1  1506       -6.445669        1.053443        0.500000
       retry log10(dt/yr), log10(dt), retry_factor     1  1508       -6.746699        0.752413        0.500000
       retry log10(dt/yr), log10(dt), retry_factor     1  1509       -7.047729        0.451383        0.500000
       retry log10(dt/yr), log10(dt), retry_factor     1  1511       -7.348759        0.150353        0.500000
       retry log10(dt/yr), log10(dt), retry_factor     1  1512       -7.649789       -0.150677        0.500000
       retry log10(dt/yr), log10(dt), retry_factor     1  1516       -8.047729       -0.548617        0.500000
       retry log10(dt/yr), log10(dt), retry_factor     1  1517       -8.348759       -0.849647        0.500000
hydro_newton_step failed to accept
       retry log10(dt/yr), log10(dt), retry_factor     1  1558       -9.269392       -1.770281        0.500000
       retry log10(dt/yr), log10(dt), retry_factor     1  1604       -7.253071        0.246041        0.500000
hydro_newton_step failed to accept
       retry log10(dt/yr), log10(dt), retry_factor     2  1604       -7.554101       -0.054989        0.500000
       retry log10(dt/yr), log10(dt), retry_factor     1  1609       -8.243122       -0.744010        0.500000
hydro_newton_step failed to accept
       retry log10(dt/yr), log10(dt), retry_factor     1  1610       -8.574207       -1.075096        0.500000
       retry log10(dt/yr), log10(dt), retry_factor     2  1610       -8.875237       -1.376126        0.500000
 have reached retry limit so now backup
       retry log10(dt/yr), log10(dt), retry_factor     1  1651       -7.645884       -0.146772        0.500000
       retry log10(dt/yr), log10(dt), retry_factor     2  1651       -7.946914       -0.447802        0.500000
 have reached retry limit so now backup
       retry log10(dt/yr), log10(dt), retry_factor     1  1657       -7.344854        0.154258        0.500000
       retry log10(dt/yr), log10(dt), retry_factor     1  1658       -7.645884       -0.146772        0.500000
       retry log10(dt/yr), log10(dt), retry_factor     2  1658       -7.946914       -0.447802        0.500000
       retry log10(dt/yr), log10(dt), retry_factor     1  1659       -8.247944       -0.748832        0.500000
       retry log10(dt/yr), log10(dt), retry_factor     2  1659       -8.548974       -1.049862        0.500000
       retry log10(dt/yr), log10(dt), retry_factor     1  1668       -7.309537        0.189574        0.500000
       retry log10(dt/yr), log10(dt), retry_factor     2  1668       -7.610567       -0.111456        0.500000
 have reached retry limit so now backup
       retry log10(dt/yr), log10(dt), retry_factor     1  1677       -7.256684        0.242428        0.500000
hydro_newton_step failed to accept
       retry log10(dt/yr), log10(dt), retry_factor     2  1677       -7.557714       -0.058602        0.500000
 have reached retry limit so now backup
       retry log10(dt/yr), log10(dt), retry_factor     1  1679       -7.858744       -0.359632        0.500000
       retry log10(dt/yr), log10(dt), retry_factor     1  1716       -6.005285        1.493826        0.500000
hydro_newton_step failed to accept
       retry log10(dt/yr), log10(dt), retry_factor     2  1716       -6.306315        1.192796        0.500000
       retry log10(dt/yr), log10(dt), retry_factor     1  1723       -5.619716        1.879396        0.500000
       retry log10(dt/yr), log10(dt), retry_factor     1  1728       -5.405487        2.093625        0.500000
       retry log10(dt/yr), log10(dt), retry_factor     1  1730       -5.803427        1.695685        0.500000
       retry log10(dt/yr), log10(dt), retry_factor     1  1736       -5.433108        2.066003        0.500000
       retry log10(dt/yr), log10(dt), retry_factor     1  1741       -5.356835        2.142277        0.500000
       retry log10(dt/yr), log10(dt), retry_factor     1  1745       -5.448249        2.050862        0.500000
       retry log10(dt/yr), log10(dt), retry_factor     1  1746       -5.749279        1.749832        0.500000
       retry log10(dt/yr), log10(dt), retry_factor     1  1751       -5.640604        1.858508        0.500000
       retry log10(dt/yr), log10(dt), retry_factor     1  1755       -5.723908        1.775203        0.500000
       retry log10(dt/yr), log10(dt), retry_factor     1  1756       -6.024938        1.474173        0.500000
hydro_newton_step failed to accept
       retry log10(dt/yr), log10(dt), retry_factor     1  1762       -5.801183        1.697929        0.500000
hydro_newton_step failed to accept
       retry log10(dt/yr), log10(dt), retry_factor     2  1762       -6.102213        1.396899        0.500000
hydro_newton_step failed to accept
       retry log10(dt/yr), log10(dt), retry_factor     1  1763       -6.500153        0.998959        0.500000
       retry log10(dt/yr), log10(dt), retry_factor     1  1768       -5.778661        1.720450        0.500000
       retry log10(dt/yr), log10(dt), retry_factor     2  1768       -6.079691        1.419420        0.500000
       retry log10(dt/yr), log10(dt), retry_factor     1  1770       -6.380721        1.118390        0.500000
hydro_newton_step failed to accept
       retry log10(dt/yr), log10(dt), retry_factor     1  1771       -6.778661        0.720450        0.500000
       retry log10(dt/yr), log10(dt), retry_factor     1  1775       -6.653839        0.845273        0.500000
       retry log10(dt/yr), log10(dt), retry_factor     2  1775       -6.954869        0.544243        0.500000
hydro_newton_step failed to accept
       retry log10(dt/yr), log10(dt), retry_factor     1  1776       -7.255899        0.243213        0.500000
       retry log10(dt/yr), log10(dt), retry_factor     1  1778       -7.556929       -0.057817        0.500000
hydro_newton_step failed to accept
       retry log10(dt/yr), log10(dt), retry_factor     1  1781       -7.954869       -0.455757        0.500000
hydro_newton_step failed to accept
       retry log10(dt/yr), log10(dt), retry_factor     2  1781       -8.255899       -0.756787        0.500000
 have reached retry limit so now backup
       retry log10(dt/yr), log10(dt), retry_factor     1  1787       -7.885975       -0.386864        0.500000
       retry log10(dt/yr), log10(dt), retry_factor     1  1788       -8.283915       -0.784804        0.500000
       retry log10(dt/yr), log10(dt), retry_factor     1  1823       -9.312372       -1.813260        0.500000
       retry log10(dt/yr), log10(dt), retry_factor     1  1873       -7.342289        0.156823        0.500000
       retry log10(dt/yr), log10(dt), retry_factor     1  1876       -7.934049       -0.434937        0.500000
hydro_newton_step failed to accept
       retry log10(dt/yr), log10(dt), retry_factor     2  1876       -8.235079       -0.735967        0.500000
 have reached retry limit so now backup
hydro_newton_step failed to accept
       retry log10(dt/yr), log10(dt), retry_factor     1  1879       -8.570041       -1.070929        0.500000
hydro_newton_step failed to accept
       retry log10(dt/yr), log10(dt), retry_factor     2  1879       -8.871071       -1.371959        0.500000
       retry log10(dt/yr), log10(dt), retry_factor     1  1881       -8.681284       -1.182172        0.500000
       retry log10(dt/yr), log10(dt), retry_factor     1  1919       -7.577435       -0.078324        0.500000
       retry log10(dt/yr), log10(dt), retry_factor     2  1919       -7.878465       -0.379354        0.500000
 have reached retry limit so now backup
       retry log10(dt/yr), log10(dt), retry_factor     1  1920       -8.179495       -0.680384        0.500000
hydro_newton_step failed to accept
       retry log10(dt/yr), log10(dt), retry_factor     2  1920       -8.480525       -0.981414        0.500000
 have reached retry limit so now backup
       retry log10(dt/yr), log10(dt), retry_factor     1  1931       -7.606239       -0.107128        0.500000
       retry log10(dt/yr), log10(dt), retry_factor     2  1931       -7.907269       -0.408158        0.500000
       retry log10(dt/yr), log10(dt), retry_factor     1  1938       -7.288478        0.210633        0.500000
       retry log10(dt/yr), log10(dt), retry_factor     2  1938       -7.589508       -0.090397        0.500000
 have reached retry limit so now backup
       retry log10(dt/yr), log10(dt), retry_factor     1  1986       -5.281482        2.217630        0.500000
       retry log10(dt/yr), log10(dt), retry_factor     2  1986       -5.582512        1.916600        0.500000
 have reached retry limit so now backup
       retry log10(dt/yr), log10(dt), retry_factor     1  1992       -5.375007        2.124105        0.500000
       retry log10(dt/yr), log10(dt), retry_factor     2  1992       -5.676037        1.823075        0.500000
 have reached retry limit so now backup
       retry log10(dt/yr), log10(dt), retry_factor     1  1995       -5.977067        1.522045        0.500000
       retry log10(dt/yr), log10(dt), retry_factor     2  1995       -6.278097        1.221015        0.500000
       retry log10(dt/yr), log10(dt), retry_factor     1  1996       -6.579127        0.919985        0.500000
       2000   8.359043  3.542E+06   1.445276   1.478576   1.400000   1.400000   0.000000   0.000000   0.275200   0.030429  16.760039   1142    342
  -5.977067   6.733835  -4.792725  -1.665911   0.647961  -8.522879   0.000000   0.000000   0.000000   0.020000   0.024592 105.113287      5     40
 2.0311E-03  23.366858   1.564889   0.342452  13.547082  -1.133606   0.000000   0.000000   0.000000   0.000687  9.450E-01 -0.358E-14  max increase

save LOGS/profile5.data for model 2000
save photos/2000 for model 2000
 bad other yaxis for History panels plot num_zones

 ERROR: failed to find log_Teff in history data

 grid1/grid1_002000.png/png
       retry log10(dt/yr), log10(dt), retry_factor     1  2002       -6.118293        1.380819        0.500000
       retry log10(dt/yr), log10(dt), retry_factor     1  2003       -6.419323        1.079789        0.500000
       retry log10(dt/yr), log10(dt), retry_factor     1  2012       -5.479837        2.019274        0.500000
       retry log10(dt/yr), log10(dt), retry_factor     2  2012       -5.780867        1.718244        0.500000
 have reached retry limit so now backup
       retry log10(dt/yr), log10(dt), retry_factor     1  2014       -6.081897        1.417214        0.500000
       retry log10(dt/yr), log10(dt), retry_factor     1  2015       -6.382927        1.116184        0.500000
       retry log10(dt/yr), log10(dt), retry_factor     1  2023       -5.343147        2.155964        0.500000
       retry log10(dt/yr), log10(dt), retry_factor     1  2024       -5.741087        1.758024        0.500000
       retry log10(dt/yr), log10(dt), retry_factor     1  2030       -5.624934        1.874177        0.500000
       retry log10(dt/yr), log10(dt), retry_factor     2  2030       -5.925964        1.573147        0.500000
 have reached retry limit so now backup
hydro_newton_step failed to accept
       retry log10(dt/yr), log10(dt), retry_factor     1  2034       -5.993021        1.506091        0.500000
       retry log10(dt/yr), log10(dt), retry_factor     1  2035       -6.390961        1.108151        0.500000
       retry log10(dt/yr), log10(dt), retry_factor     1  2036       -6.691991        0.807121        0.500000
       retry log10(dt/yr), log10(dt), retry_factor     2  2036       -6.993021        0.506091        0.500000
       retry log10(dt/yr), log10(dt), retry_factor     1  2045       -5.653812        1.845300        0.500000
       retry log10(dt/yr), log10(dt), retry_factor     1  2046       -6.051752        1.447360        0.500000
hydro_newton_step failed to accept
       retry log10(dt/yr), log10(dt), retry_factor     1  2047       -6.449692        1.049420        0.500000
       retry log10(dt/yr), log10(dt), retry_factor     1  2052       -5.847632        1.651480        0.500000
hydro_newton_step failed to accept
       retry log10(dt/yr), log10(dt), retry_factor     1  2053       -6.148662        1.350450        0.500000
hydro_newton_step failed to accept
       retry log10(dt/yr), log10(dt), retry_factor     1  2054       -6.537311        0.961800        0.500000
       retry log10(dt/yr), log10(dt), retry_factor     1  2055       -6.847915        0.651196        0.500000
       retry log10(dt/yr), log10(dt), retry_factor     2  2055       -7.148945        0.350166        0.500000
       retry log10(dt/yr), log10(dt), retry_factor     1  2063       -5.944825        1.554286        0.500000
       retry log10(dt/yr), log10(dt), retry_factor     1  2064       -6.245855        1.253256        0.500000
       retry log10(dt/yr), log10(dt), retry_factor     2  2064       -6.546885        0.952226        0.500000
       retry log10(dt/yr), log10(dt), retry_factor     1  2066       -6.847915        0.651196        0.500000
       retry log10(dt/yr), log10(dt), retry_factor     1  2068       -7.148945        0.350166        0.500000
hydro_newton_step failed to accept
       retry log10(dt/yr), log10(dt), retry_factor     1  2070       -7.449975        0.049136        0.500000
       retry log10(dt/yr), log10(dt), retry_factor     1  2072       -7.449975        0.049136        0.500000
       retry log10(dt/yr), log10(dt), retry_factor     1  2073       -7.751005       -0.251894        0.500000
       retry log10(dt/yr), log10(dt), retry_factor     1  2076       -8.052035       -0.552924        0.500000
hydro_newton_step failed to accept
       retry log10(dt/yr), log10(dt), retry_factor     2  2076       -8.353065       -0.853954        0.500000
 have reached retry limit so now backup
       retry log10(dt/yr), log10(dt), retry_factor     1  2082       -7.958163       -0.459051        0.500000
       retry log10(dt/yr), log10(dt), retry_factor     1  2084       -8.453013       -0.953902        0.500000
       retry log10(dt/yr), log10(dt), retry_factor     1  2091       -8.750242       -1.251130        0.500000
       retry log10(dt/yr), log10(dt), retry_factor     1  2120       -9.323170       -1.824058        0.500000
       retry log10(dt/yr), log10(dt), retry_factor     1  2173       -7.669116       -0.170004        0.500000
       retry log10(dt/yr), log10(dt), retry_factor     2  2173       -7.970146       -0.471034        0.500000
 have reached retry limit so now backup
       retry log10(dt/yr), log10(dt), retry_factor     1  2174       -8.271176       -0.772064        0.500000
       retry log10(dt/yr), log10(dt), retry_factor     2  2174       -8.572206       -1.073094        0.500000
 have reached retry limit so now backup
       retry log10(dt/yr), log10(dt), retry_factor     1  2174       -8.873236       -1.374124        0.500000
       retry log10(dt/yr), log10(dt), retry_factor     2  2174       -9.174266       -1.675154        0.500000
 have reached retry limit so now backup
       retry log10(dt/yr), log10(dt), retry_factor     1  2177       -9.475296       -1.976184        0.500000
       retry log10(dt/yr), log10(dt), retry_factor     2  2177       -9.776326       -2.277214        0.500000
 have reached retry limit so now backup
       retry log10(dt/yr), log10(dt), retry_factor     1  2178      -10.077356       -2.578244        0.500000
       retry log10(dt/yr), log10(dt), retry_factor     2  2178      -10.378386       -2.879274        0.500000
 have reached retry limit so now backup
       retry log10(dt/yr), log10(dt), retry_factor     1  2180      -10.679416       -3.180304        0.500000
       retry log10(dt/yr), log10(dt), retry_factor     2  2180      -10.980446       -3.481334        0.500000
       retry log10(dt/yr), log10(dt), retry_factor     1  2191       -9.045655       -1.546543        0.500000
       retry log10(dt/yr), log10(dt), retry_factor     1  2202       -7.229791        0.269320        0.500000
hydro_newton_step failed to accept
       retry log10(dt/yr), log10(dt), retry_factor     2  2202       -7.530821       -0.031710        0.500000
       retry log10(dt/yr), log10(dt), retry_factor     1  2207       -8.122581       -0.623470        0.500000
hydro_newton_step failed to accept
       retry log10(dt/yr), log10(dt), retry_factor     2  2207       -8.423611       -0.924500        0.500000
       retry log10(dt/yr), log10(dt), retry_factor     1  2215       -7.915036       -0.415925        0.500000
       retry log10(dt/yr), log10(dt), retry_factor     2  2215       -8.216066       -0.716954        0.500000
hydro_newton_step failed to accept
       retry log10(dt/yr), log10(dt), retry_factor     1  2228       -7.660741       -0.161630        0.500000
       retry log10(dt/yr), log10(dt), retry_factor     1  2247       -7.563124       -0.064012        0.500000
       retry log10(dt/yr), log10(dt), retry_factor     2  2247       -7.864154       -0.365042        0.500000
       retry log10(dt/yr), log10(dt), retry_factor     1  2254       -7.403927        0.095184        0.500000
       retry log10(dt/yr), log10(dt), retry_factor     2  2254       -7.704957       -0.205846        0.500000
 have reached retry limit so now backup
       retry log10(dt/yr), log10(dt), retry_factor     1  2255       -8.005987       -0.506876        0.500000
       retry log10(dt/yr), log10(dt), retry_factor     2  2255       -8.307017       -0.807906        0.500000
 have reached retry limit so now backup
       retry log10(dt/yr), log10(dt), retry_factor     1  2260       -8.005987       -0.506876        0.500000
hydro_newton_step failed to accept
       retry log10(dt/yr), log10(dt), retry_factor     1  2268       -7.376817        0.122294        0.500000
       retry log10(dt/yr), log10(dt), retry_factor     1  2314       -5.459487        2.039625        0.500000
       retry log10(dt/yr), log10(dt), retry_factor     1  2319       -5.488394        2.010717        0.500000
       retry log10(dt/yr), log10(dt), retry_factor     2  2319       -5.789424        1.709687        0.500000
       retry log10(dt/yr), log10(dt), retry_factor     1  2321       -6.139167        1.359945        0.500000
       retry log10(dt/yr), log10(dt), retry_factor     1  2327       -5.692581        1.806531        0.500000
       retry log10(dt/yr), log10(dt), retry_factor     1  2328       -6.090521        1.408591        0.500000
       retry log10(dt/yr), log10(dt), retry_factor     1  2335       -5.405257        2.093854        0.500000
       retry log10(dt/yr), log10(dt), retry_factor     1  2336       -5.803197        1.695914        0.500000
hydro_newton_step failed to accept
       retry log10(dt/yr), log10(dt), retry_factor     2  2336       -6.104227        1.394884        0.500000
       retry log10(dt/yr), log10(dt), retry_factor     1  2337       -6.405257        1.093854        0.500000
       retry log10(dt/yr), log10(dt), retry_factor     1  2345       -5.455774        2.043337        0.500000
hydro_newton_step failed to accept
       retry log10(dt/yr), log10(dt), retry_factor     1  2348       -5.853714        1.645397        0.500000
hydro_newton_step failed to accept
       retry log10(dt/yr), log10(dt), retry_factor     2  2348       -6.154744        1.344367        0.500000
 have reached retry limit so now backup
hydro_newton_step failed to accept
       retry log10(dt/yr), log10(dt), retry_factor     1  2352       -6.221009        1.278103        0.500000
       retry log10(dt/yr), log10(dt), retry_factor     1  2355       -5.668740        1.830371        0.500000
hydro_newton_step failed to accept
       retry log10(dt/yr), log10(dt), retry_factor     1  2357       -6.066680        1.432431        0.500000
hydro_newton_step failed to accept
       retry log10(dt/yr), log10(dt), retry_factor     2  2357       -6.367710        1.131401        0.500000
       retry log10(dt/yr), log10(dt), retry_factor     1  2361       -5.888535        1.610577        0.500000
hydro_newton_step failed to accept
       retry log10(dt/yr), log10(dt), retry_factor     1  2362       -6.286475        1.212637        0.500000
hydro_newton_step failed to accept
       retry log10(dt/yr), log10(dt), retry_factor     2  2362       -6.587505        0.911607        0.500000
       retry log10(dt/yr), log10(dt), retry_factor     1  2363       -6.888535        0.610577        0.500000
       retry log10(dt/yr), log10(dt), retry_factor     2  2363       -7.189565        0.309547        0.500000
       retry log10(dt/yr), log10(dt), retry_factor     1  2370       -6.437348        1.061763        0.500000
hydro_newton_step failed to accept
       retry log10(dt/yr), log10(dt), retry_factor     1  2371       -6.835288        0.663823        0.500000
       retry log10(dt/yr), log10(dt), retry_factor     1  2372       -7.136318        0.362793        0.500000
       retry log10(dt/yr), log10(dt), retry_factor     1  2379       -6.421634        1.077478        0.500000
       retry log10(dt/yr), log10(dt), retry_factor     2  2379       -6.722664        0.776448        0.500000
       retry log10(dt/yr), log10(dt), retry_factor     1  2380       -7.023694        0.475418        0.500000
       retry log10(dt/yr), log10(dt), retry_factor     1  2382       -7.324724        0.174388        0.500000
       retry log10(dt/yr), log10(dt), retry_factor     1  2384       -7.625754       -0.126642        0.500000
       retry log10(dt/yr), log10(dt), retry_factor     1  2387       -7.926784       -0.427672        0.500000
       retry log10(dt/yr), log10(dt), retry_factor     1  2388       -8.227814       -0.728702        0.500000
hydro_newton_step failed to accept
       retry log10(dt/yr), log10(dt), retry_factor     2  2388       -8.528843       -1.029732        0.500000
 have reached retry limit so now backup
       retry log10(dt/yr), log10(dt), retry_factor     1  2396       -8.225309       -0.726198        0.500000
       retry log10(dt/yr), log10(dt), retry_factor     1  2441       -8.651408       -1.152297        0.500000
       retry log10(dt/yr), log10(dt), retry_factor     2  2441       -8.952438       -1.453327        0.500000
       retry log10(dt/yr), log10(dt), retry_factor     1  2485       -7.912729       -0.413617        0.500000
       retry log10(dt/yr), log10(dt), retry_factor     2  2485       -8.213759       -0.714647        0.500000
 bad other yaxis for History panels plot num_zones

 ERROR: failed to find log_Teff in history data

 grid1/grid1_002500.png/png
       retry log10(dt/yr), log10(dt), retry_factor     1  2514       -7.791398       -0.292287        0.500000
       retry log10(dt/yr), log10(dt), retry_factor     1  2520       -7.537711       -0.038599        0.500000
hydro_newton_step failed to accept
       retry log10(dt/yr), log10(dt), retry_factor     1  2526       -7.392984        0.106128        0.500000
       retry log10(dt/yr), log10(dt), retry_factor     2  2526       -7.694014       -0.194902        0.500000
 have reached retry limit so now backup
       retry log10(dt/yr), log10(dt), retry_factor     1  2557       -6.595777        0.903334        0.500000
       retry log10(dt/yr), log10(dt), retry_factor     1  2571       -6.041134        1.457978        0.500000
       retry log10(dt/yr), log10(dt), retry_factor     2  2571       -6.342164        1.156948        0.500000
       retry log10(dt/yr), log10(dt), retry_factor     1  2579       -5.721798        1.777313        0.500000
       retry log10(dt/yr), log10(dt), retry_factor     2  2579       -6.022828        1.476283        0.500000
       retry log10(dt/yr), log10(dt), retry_factor     1  2585       -5.613725        1.885387        0.500000
       retry log10(dt/yr), log10(dt), retry_factor     1  2589       -5.642339        1.856773        0.500000
       retry log10(dt/yr), log10(dt), retry_factor     1  2594       -5.438219        2.060893        0.500000
       retry log10(dt/yr), log10(dt), retry_factor     2  2594       -5.739249        1.759863        0.500000
 have reached retry limit so now backup
       retry log10(dt/yr), log10(dt), retry_factor     1  2595       -6.137189        1.361923        0.500000
       retry log10(dt/yr), log10(dt), retry_factor     1  2602       -5.478450        2.020662        0.500000
       retry log10(dt/yr), log10(dt), retry_factor     1  2607       -5.177420        2.321692        0.500000
       retry log10(dt/yr), log10(dt), retry_factor     2  2607       -5.478450        2.020662        0.500000
 have reached retry limit so now backup
hydro_newton_step failed to accept
       retry log10(dt/yr), log10(dt), retry_factor     1  2608       -5.973300        1.525811        0.500000
       retry log10(dt/yr), log10(dt), retry_factor     1  2609       -6.323333        1.175779        0.500000
       retry log10(dt/yr), log10(dt), retry_factor     2  2609       -6.624363        0.874749        0.500000
       retry log10(dt/yr), log10(dt), retry_factor     1  2617       -5.542373        1.956739        0.500000
       retry log10(dt/yr), log10(dt), retry_factor     1  2621       -5.683875        1.815237        0.500000
hydro_newton_step failed to accept
       retry log10(dt/yr), log10(dt), retry_factor     1  2622       -6.081815        1.417297        0.500000
hydro_newton_step failed to accept
       retry log10(dt/yr), log10(dt), retry_factor     1  2623       -6.479755        1.019357        0.500000
       retry log10(dt/yr), log10(dt), retry_factor     1  2624       -6.780785        0.718327        0.500000
       retry log10(dt/yr), log10(dt), retry_factor     2  2624       -7.081815        0.417297        0.500000
       retry log10(dt/yr), log10(dt), retry_factor     1  2633       -5.892658        1.606453        0.500000
hydro_newton_step failed to accept
       retry log10(dt/yr), log10(dt), retry_factor     2  2633       -6.193688        1.305423        0.500000
       retry log10(dt/yr), log10(dt), retry_factor     1  2634       -6.591628        0.907483        0.500000
       retry log10(dt/yr), log10(dt), retry_factor     1  2640       -5.989568        1.509543        0.500000
       retry log10(dt/yr), log10(dt), retry_factor     1  2642       -6.290598        1.208513        0.500000
hydro_newton_step failed to accept
       retry log10(dt/yr), log10(dt), retry_factor     1  2643       -6.688538        0.810573        0.500000
       retry log10(dt/yr), log10(dt), retry_factor     1  2647       -6.387508        1.111603        0.500000
       retry log10(dt/yr), log10(dt), retry_factor     1  2648       -6.688538        0.810573        0.500000
       retry log10(dt/yr), log10(dt), retry_factor     1  2650       -6.989568        0.509543        0.500000
       retry log10(dt/yr), log10(dt), retry_factor     2  2650       -7.290598        0.208513        0.500000
 have reached retry limit so now backup
       retry log10(dt/yr), log10(dt), retry_factor     1  2655       -7.075015        0.424096        0.500000
hydro_newton_step failed to accept
       retry log10(dt/yr), log10(dt), retry_factor     1  2656       -7.376045        0.123066        0.500000
       retry log10(dt/yr), log10(dt), retry_factor     1  2659       -7.376045        0.123066        0.500000
       retry log10(dt/yr), log10(dt), retry_factor     2  2659       -7.677075       -0.177964        0.500000
       retry log10(dt/yr), log10(dt), retry_factor     1  2662       -7.978105       -0.478994        0.500000
       retry log10(dt/yr), log10(dt), retry_factor     1  2663       -8.279135       -0.780024        0.500000
       retry log10(dt/yr), log10(dt), retry_factor     1  2677       -8.716049       -1.216937        0.500000
       retry log10(dt/yr), log10(dt), retry_factor     1  2756       -7.720868       -0.221757        0.500000
hydro_newton_step failed to accept
       retry log10(dt/yr), log10(dt), retry_factor     1  2757       -8.118808       -0.619697        0.500000
hydro_newton_step failed to accept
       retry log10(dt/yr), log10(dt), retry_factor     2  2757       -8.419838       -0.920727        0.500000
       retry log10(dt/yr), log10(dt), retry_factor     1  2794       -7.657268       -0.158156        0.500000
       retry log10(dt/yr), log10(dt), retry_factor     2  2794       -7.958298       -0.459186        0.500000
       retry log10(dt/yr), log10(dt), retry_factor     1  2800       -7.686829       -0.187717        0.500000
       retry log10(dt/yr), log10(dt), retry_factor     2  2800       -7.987859       -0.488747        0.500000
       retry log10(dt/yr), log10(dt), retry_factor     1  2806       -7.385799        0.113313        0.500000
       retry log10(dt/yr), log10(dt), retry_factor     1  2807       -7.686829       -0.187717        0.500000
       retry log10(dt/yr), log10(dt), retry_factor     2  2807       -7.987859       -0.488747        0.500000
       retry log10(dt/yr), log10(dt), retry_factor     1  2815       -7.374756        0.124356        0.500000
       retry log10(dt/yr), log10(dt), retry_factor     2  2815       -7.675786       -0.176674        0.500000
 have reached retry limit so now backup
       retry log10(dt/yr), log10(dt), retry_factor     1  2859       -5.528168        1.970944        0.500000
       retry log10(dt/yr), log10(dt), retry_factor     1  2862       -5.926108        1.573004        0.500000
       retry log10(dt/yr), log10(dt), retry_factor     2  2862       -6.227138        1.271974        0.500000
       retry log10(dt/yr), log10(dt), retry_factor     1  2869       -5.543235        1.955877        0.500000
       retry log10(dt/yr), log10(dt), retry_factor     1  2873       -5.941175        1.557937        0.500000
       retry log10(dt/yr), log10(dt), retry_factor     1  2879       -5.564108        1.935003        0.500000
       retry log10(dt/yr), log10(dt), retry_factor     1  2880       -5.962048        1.537063        0.500000
       retry log10(dt/yr), log10(dt), retry_factor     1  2881       -6.263078        1.236033        0.500000
       retry log10(dt/yr), log10(dt), retry_factor     1  2889       -5.557206        1.941905        0.500000
       retry log10(dt/yr), log10(dt), retry_factor     2  2889       -5.858236        1.640875        0.500000
 have reached retry limit so now backup
       retry log10(dt/yr), log10(dt), retry_factor     1  2893       -6.256176        1.242935        0.500000
       retry log10(dt/yr), log10(dt), retry_factor     1  2894       -6.557206        0.941905        0.500000
       retry log10(dt/yr), log10(dt), retry_factor     1  2902       -5.487755        2.011357        0.500000
hydro_newton_step failed to accept
       retry log10(dt/yr), log10(dt), retry_factor     1  2903       -5.869216        1.629896        0.500000
       retry log10(dt/yr), log10(dt), retry_factor     1  2904       -6.267156        1.231956        0.500000
       retry log10(dt/yr), log10(dt), retry_factor     1  2905       -6.568186        0.930926        0.500000
       retry log10(dt/yr), log10(dt), retry_factor     1  2912       -5.823768        1.675343        0.500000
hydro_newton_step failed to accept
       retry log10(dt/yr), log10(dt), retry_factor     1  2913       -6.221708        1.277403        0.500000
       retry log10(dt/yr), log10(dt), retry_factor     1  2914       -6.522738        0.976373        0.500000
       retry log10(dt/yr), log10(dt), retry_factor     2  2914       -6.823768        0.675343        0.500000
       retry log10(dt/yr), log10(dt), retry_factor     1  2923       -5.572643        1.926469        0.500000
       retry log10(dt/yr), log10(dt), retry_factor     2  2923       -5.873673        1.625439        0.500000
hydro_newton_step failed to accept
       retry log10(dt/yr), log10(dt), retry_factor     1  2924       -6.271613        1.227499        0.500000
       retry log10(dt/yr), log10(dt), retry_factor     1  2925       -6.572643        0.926469        0.500000
       retry log10(dt/yr), log10(dt), retry_factor     2  2925       -6.873673        0.625439        0.500000
hydro_newton_step failed to accept
       retry log10(dt/yr), log10(dt), retry_factor     1  2931       -6.479531        1.019581        0.500000
       retry log10(dt/yr), log10(dt), retry_factor     1  2935       -5.799653        1.699458        0.500000
       retry log10(dt/yr), log10(dt), retry_factor     1  2936       -6.124815        1.374297        0.500000
       retry log10(dt/yr), log10(dt), retry_factor     1  2937       -6.522755        0.976357        0.500000
       retry log10(dt/yr), log10(dt), retry_factor     1  2938       -6.823785        0.675327        0.500000
       retry log10(dt/yr), log10(dt), retry_factor     2  2938       -7.124815        0.374297        0.500000
       retry log10(dt/yr), log10(dt), retry_factor     1  2944       -6.679627        0.819484        0.500000
       retry log10(dt/yr), log10(dt), retry_factor     2  2944       -6.980657        0.518454        0.500000
       retry log10(dt/yr), log10(dt), retry_factor     1  2946       -7.281687        0.217424        0.500000
       retry log10(dt/yr), log10(dt), retry_factor     1  2947       -7.582717       -0.083606        0.500000
       retry log10(dt/yr), log10(dt), retry_factor     1  2950       -7.883747       -0.384636        0.500000
       retry log10(dt/yr), log10(dt), retry_factor     1  2952       -8.347000       -0.847888        0.500000
       retry log10(dt/yr), log10(dt), retry_factor     1  2960       -8.740051       -1.240939        0.500000
       retry log10(dt/yr), log10(dt), retry_factor     1  2983       -9.152331       -1.653219        0.500000
       retry log10(dt/yr), log10(dt), retry_factor     1  2988       -9.047389       -1.548278        0.500000

stop because model_number >= max_model_number
     3000     3000

       3000   8.440133  1.753E+07   3.453415   6.535442   1.400000   1.400000   0.000000   0.000000   0.275200   0.036830  14.904009   1378    539
  -7.779160   6.791748  -4.791124   2.956514   4.065081  -8.522879   0.000000   0.000000   0.000000   0.020000   0.025626  91.174232      7     58
 2.9768E-03  23.455843   4.346529   6.534968  14.723527  -0.908526   0.000000   0.000000   0.000000   0.000687  9.375E-01  0.729E-10        lgTeff

save LOGS/profile6.data for model 3000
save photos/3000 for model 3000
save final_profile_r_zr83_pn_nb83_01.data for model 3000
 saved to final.mod
termination code: max_model_number
 bad other yaxis for History panels plot num_zones

 ERROR: failed to find log_Teff in history data

 grid1/grid1_003000.png/png
       3000   8.440133  1.753E+07   3.453415   6.535442   1.400000   1.400000   0.000000   0.000000   0.275200   0.036830  14.904009   1378    539
  -7.779160   6.791748  -4.791124   2.956514   4.065081  -8.522879   0.000000   0.000000   0.000000   0.020000   0.025626  91.174232      7     58
 2.9768E-03  23.455843   4.346529   6.534968  14.723527  -0.908526   0.000000   0.000000   0.000000   0.000687  9.375E-01  0.729E-10        lgTeff

