starting from 0
DATE: 2021-01-12
TIME: 05:13:43
                                         version_number       10108
 read /hpc/group/physics/al363/sens/base/inlist_base
 read inlist_cluster
load saved model /hpc/group/physics/al363/sens/base/ns_relax.mod

 change to /hpc/group/physics/al363/sens/base/rp_305.net
             set special rate factor for r_pd92_ag_cd96        2545    1.0000000000000000D-02
             set special rate factor for r_cd96_ga_pd92        2546    1.0000000000000000D-02
             set special rate factor for r_pd92_ag_cd96        2545    1.0000000000000000D-02
             set special rate factor for r_cd96_ga_pd92        2546    1.0000000000000000D-02
 number of species         305
 read /hpc/group/physics/al363/sens/base/history_customACL.list_tau
 read /hpc/group/physics/al363/sens/base/profile_customACL.list_tau
 net name /hpc/group/physics/al363/sens/base/rp_305.net
 v_flag T
                         which_atm_option: grey_and_kap
                                           xmstar/mstar    4.5461189430843640D-12
                                             xmstar (g)    1.2660395722219186D+22
                                           M_center (g)    2.7848799999878681D+33
                                            xmstar/Msun    6.3645665203193175D-12
                                          M_center/Msun    1.3999999999939012D+00
                                          R_center (cm)    1.1200000000000000D+06
                                          R_center/Rsun    1.6092416448748527D-05
                                           core density    4.7322078204273819D+14
                                          L_center/Lsun    4.1647144567650578D+00
 kappa_file_prefix gs98
 kappa_lowT_prefix lowT_fa05_gs98

   eos_file_prefix mesa
                                        OMP_NUM_THREADS           8


__________________________________________________________________________________________________________________________________________________

       step    lg_Tcntr    Teff       lg_LH     lg_Lnuc     Mass       H_rich     H_cntr     N_cntr     Y_surf     X_avg     eta_cntr  zones retry
   lg_dt_yr    lg_Dcntr    lg_R       lg_L3a    lg_Lneu     lg_Mdot    He_core    He_cntr    O_cntr     Z_surf     Y_avg     gam_cntr  iters bckup
     age_yr    lg_Pcntr    lg_L       lg_LZ     lg_Psurf    lg_Dsurf   C_core     C_cntr     Ne_cntr    Si_cntr    Z_avg     v_div_cs     dt_limit
__________________________________________________________________________________________________________________________________________________

save LOGS/profile1.data for model 2
 grid1/grid1_000005.png/png
 burst_profile/burst_profile000005.png/png
          6   8.165156  1.497E+06   0.087590   0.087976   1.400000   1.400000   0.000000   0.000000   0.275200   0.030886  22.514775    791      0
  -5.817651   6.610341  -4.793035 -18.862378  -1.086578  -8.522879   0.000000   0.000000   0.000000   0.020000   0.011710 149.410225      6      0
 4.0040E-06  23.176196   0.068337  -2.962874  12.744977  -1.553972   0.000000   0.000000   0.000000   0.000687  9.574E-01  0.395E-11      lgT_cntr

save LOGS/profile2.data for model 6
 grid1/grid1_000010.png/png
 burst_profile/burst_profile000010.png/png
 grid1/grid1_000015.png/png
 burst_profile/burst_profile000015.png/png
 grid1/grid1_000020.png/png
 burst_profile/burst_profile000020.png/png
 grid1/grid1_000025.png/png
 burst_profile/burst_profile000025.png/png
       retry log10(dt/yr), log10(dt), retry_factor     1    30       -5.532111        1.967001        0.500000
 grid1/grid1_000030.png/png
 burst_profile/burst_profile000030.png/png
       retry log10(dt/yr), log10(dt), retry_factor     1    35       -5.231081        2.268031        0.500000
 grid1/grid1_000035.png/png
 burst_profile/burst_profile000035.png/png
       retry log10(dt/yr), log10(dt), retry_factor     1    36       -5.532111        1.967001        0.500000
       retry log10(dt/yr), log10(dt), retry_factor     1    40       -5.532111        1.967001        0.500000
 grid1/grid1_000040.png/png
 burst_profile/burst_profile000040.png/png
       retry log10(dt/yr), log10(dt), retry_factor     1    45       -5.231081        2.268031        0.500000
 grid1/grid1_000045.png/png
 burst_profile/burst_profile000045.png/png
       retry log10(dt/yr), log10(dt), retry_factor     1    49       -5.231081        2.268031        0.500000
 grid1/grid1_000050.png/png
 burst_profile/burst_profile000050.png/png
       retry log10(dt/yr), log10(dt), retry_factor     1    53       -5.231081        2.268031        0.500000
 grid1/grid1_000055.png/png
 burst_profile/burst_profile000055.png/png
       retry log10(dt/yr), log10(dt), retry_factor     1    56       -5.532111        1.967001        0.500000
       retry log10(dt/yr), log10(dt), retry_factor     2    56       -5.833141        1.665971        0.500000
 have reached retry limit so now backup
 grid1/grid1_000055.png/png
 burst_profile/burst_profile000055.png/png
       retry log10(dt/yr), log10(dt), retry_factor     1    58       -6.134171        1.364941        0.500000
       retry log10(dt/yr), log10(dt), retry_factor     2    58       -6.435201        1.063911        0.500000
 have reached retry limit so now backup
       retry log10(dt/yr), log10(dt), retry_factor     1    58       -6.736231        0.762881        0.500000
       retry log10(dt/yr), log10(dt), retry_factor     2    58       -7.037261        0.461851        0.500000
 have reached retry limit so now backup
       retry log10(dt/yr), log10(dt), retry_factor     1    60       -7.338291        0.160821        0.500000
       retry log10(dt/yr), log10(dt), retry_factor     2    60       -7.639321       -0.140209        0.500000
 have reached retry limit so now backup
 grid1/grid1_000060.png/png
 burst_profile/burst_profile000060.png/png
       retry log10(dt/yr), log10(dt), retry_factor     1    62       -7.940351       -0.441239        0.500000
       retry log10(dt/yr), log10(dt), retry_factor     2    62       -8.241381       -0.742269        0.500000
 grid1/grid1_000065.png/png
 burst_profile/burst_profile000065.png/png
 grid1/grid1_000070.png/png
 burst_profile/burst_profile000070.png/png
 grid1/grid1_000075.png/png
 burst_profile/burst_profile000075.png/png
       retry log10(dt/yr), log10(dt), retry_factor     1    76       -5.231081        2.268031        0.500000
       retry log10(dt/yr), log10(dt), retry_factor     2    76       -5.532111        1.967001        0.500000
       retry log10(dt/yr), log10(dt), retry_factor     1    77       -5.833141        1.665971        0.500000
       retry log10(dt/yr), log10(dt), retry_factor     2    77       -6.134171        1.364941        0.500000
 have reached retry limit so now backup
       retry log10(dt/yr), log10(dt), retry_factor     1    80       -6.435201        1.063911        0.500000
       retry log10(dt/yr), log10(dt), retry_factor     2    80       -6.736231        0.762881        0.500000
 have reached retry limit so now backup
 grid1/grid1_000080.png/png
 burst_profile/burst_profile000080.png/png
       retry log10(dt/yr), log10(dt), retry_factor     1    81       -7.037261        0.461851        0.500000
       retry log10(dt/yr), log10(dt), retry_factor     2    81       -7.338291        0.160821        0.500000
 have reached retry limit so now backup
 grid1/grid1_000080.png/png
 burst_profile/burst_profile000080.png/png
       retry log10(dt/yr), log10(dt), retry_factor     1    84       -7.639321       -0.140209        0.500000
       retry log10(dt/yr), log10(dt), retry_factor     2    84       -7.940351       -0.441239        0.500000
 have reached retry limit so now backup
       retry log10(dt/yr), log10(dt), retry_factor     1    84       -8.241381       -0.742269        0.500000
 grid1/grid1_000085.png/png
 burst_profile/burst_profile000085.png/png
 grid1/grid1_000090.png/png
 burst_profile/burst_profile000090.png/png
 grid1/grid1_000095.png/png
 burst_profile/burst_profile000095.png/png
       retry log10(dt/yr), log10(dt), retry_factor     1    97       -5.708197        1.790914        0.500000
       retry log10(dt/yr), log10(dt), retry_factor     1    98       -6.029742        1.469369        0.500000
       retry log10(dt/yr), log10(dt), retry_factor     1    99       -6.330772        1.168339        0.500000
        100   8.444841  4.670E+06   2.033172   2.166622   1.400000   1.400000   0.000000   0.000000   0.275200   0.100536  12.226478    752     31
  -6.029742   6.642744  -4.792800   1.206170   1.283423  -8.522879   0.000000   0.000000   0.000000   0.020000   0.058448  80.444496      6      8
 3.1300E-04  23.235090   2.045017   1.357015  13.860470  -0.943582   0.000000   0.000000   0.000000   0.000687  8.410E-01  0.987E-12          hold

 grid1/grid1_000100.png/png
 burst_profile/burst_profile000100.png/png
       retry log10(dt/yr), log10(dt), retry_factor     1   101       -6.631802        0.867309        0.500000
       retry log10(dt/yr), log10(dt), retry_factor     1   103       -6.932832        0.566279        0.500000
hydro_newton_step failed to accept
       retry log10(dt/yr), log10(dt), retry_factor     1   104       -7.233862        0.265249        0.500000
 grid1/grid1_000105.png/png
 burst_profile/burst_profile000105.png/png
       retry log10(dt/yr), log10(dt), retry_factor     1   106       -7.534892       -0.035780        0.500000
       retry log10(dt/yr), log10(dt), retry_factor     1   110       -7.649240       -0.150129        0.500000
       retry log10(dt/yr), log10(dt), retry_factor     2   110       -7.950270       -0.451159        0.500000
 grid1/grid1_000110.png/png
 burst_profile/burst_profile000110.png/png
       retry log10(dt/yr), log10(dt), retry_factor     1   112       -8.333830       -0.834718        0.500000
 grid1/grid1_000115.png/png
 burst_profile/burst_profile000115.png/png
 grid1/grid1_000120.png/png
 burst_profile/burst_profile000120.png/png
 grid1/grid1_000125.png/png
 burst_profile/burst_profile000125.png/png
 grid1/grid1_000130.png/png
 burst_profile/burst_profile000130.png/png
 grid1/grid1_000135.png/png
 burst_profile/burst_profile000135.png/png
 grid1/grid1_000140.png/png
 burst_profile/burst_profile000140.png/png
 grid1/grid1_000145.png/png
 burst_profile/burst_profile000145.png/png
 grid1/grid1_000150.png/png
 burst_profile/burst_profile000150.png/png
 grid1/grid1_000155.png/png
 burst_profile/burst_profile000155.png/png
 grid1/grid1_000160.png/png
 burst_profile/burst_profile000160.png/png
 grid1/grid1_000165.png/png
 burst_profile/burst_profile000165.png/png
                       super eddington wind: lg_Mdot, L/Ledd         166    -9.76056     1.00708
                       super eddington wind: lg_Mdot, L/Ledd         167    -9.00478     1.04031
                       super eddington wind: lg_Mdot, L/Ledd         168    -8.75953     1.07086
                       super eddington wind: lg_Mdot, L/Ledd         169    -8.62667     1.09614
                       super eddington wind: lg_Mdot, L/Ledd         170    -8.52208     1.12216
 grid1/grid1_000170.png/png
 burst_profile/burst_profile000170.png/png
                       super eddington wind: lg_Mdot, L/Ledd         171    -8.42429     1.15286
                       super eddington wind: lg_Mdot, L/Ledd         172    -8.60169     1.10143
                       super eddington wind: lg_Mdot, L/Ledd         173    -8.46097     1.14012
                       super eddington wind: lg_Mdot, L/Ledd         174    -8.38559     1.16676
                       super eddington wind: lg_Mdot, L/Ledd         175    -8.53062     1.11907
 grid1/grid1_000175.png/png
 burst_profile/burst_profile000175.png/png
                       super eddington wind: lg_Mdot, L/Ledd         176    -8.40181     1.16029
                       super eddington wind: lg_Mdot, L/Ledd         177    -8.32990     1.18906
                       super eddington wind: lg_Mdot, L/Ledd         178    -8.44989     1.14288
                       super eddington wind: lg_Mdot, L/Ledd         179    -8.33809     1.18491
                       super eddington wind: lg_Mdot, L/Ledd         180    -8.27479     1.21362
 grid1/grid1_000180.png/png
 burst_profile/burst_profile000180.png/png
                       super eddington wind: lg_Mdot, L/Ledd         181    -8.39331     1.16242
                       super eddington wind: lg_Mdot, L/Ledd         182    -8.29666     1.20273
                       super eddington wind: lg_Mdot, L/Ledd         183    -8.24132     1.23015
                       super eddington wind: lg_Mdot, L/Ledd         184    -8.36111     1.17435
                       super eddington wind: lg_Mdot, L/Ledd         185    -8.28014     1.20973
 grid1/grid1_000185.png/png
 burst_profile/burst_profile000185.png/png
                       super eddington wind: lg_Mdot, L/Ledd         186    -8.23671     1.23166
                       super eddington wind: lg_Mdot, L/Ledd         187    -8.35578     1.17572
                       super eddington wind: lg_Mdot, L/Ledd         188    -8.29009     1.20416
                       super eddington wind: lg_Mdot, L/Ledd         189    -8.25231     1.22271
                       super eddington wind: lg_Mdot, L/Ledd         190    -8.39439     1.16019
 grid1/grid1_000190.png/png
 burst_profile/burst_profile000190.png/png
                       super eddington wind: lg_Mdot, L/Ledd         191    -8.33559     1.18317
                       super eddington wind: lg_Mdot, L/Ledd         192    -8.32248     1.18856
                       super eddington wind: lg_Mdot, L/Ledd         193    -8.51113     1.12184
       retry log10(dt/yr), log10(dt), retry_factor     1   193       -9.066207       -1.567096        0.500000
                       super eddington wind: lg_Mdot, L/Ledd         193    -8.51113     1.12184
       retry log10(dt/yr), log10(dt), retry_factor     2   193       -9.367237       -1.868126        0.500000
                       super eddington wind: lg_Mdot, L/Ledd         193    -8.51113     1.12184
 have reached retry limit so now backup
                       super eddington wind: lg_Mdot, L/Ledd         192    -8.32248     1.18856
                       super eddington wind: lg_Mdot, L/Ledd         193    -8.69495     1.07991
                       super eddington wind: lg_Mdot, L/Ledd         194    -8.39636     1.15896
                       super eddington wind: lg_Mdot, L/Ledd         195    -8.56473     1.10769
 grid1/grid1_000195.png/png
 burst_profile/burst_profile000195.png/png
                       super eddington wind: lg_Mdot, L/Ledd         196    -8.46665     1.13508
                       super eddington wind: lg_Mdot, L/Ledd         197    -8.38312     1.16376
                       super eddington wind: lg_Mdot, L/Ledd         198    -8.55858     1.10924
                       super eddington wind: lg_Mdot, L/Ledd         199    -8.46557     1.13519
                       super eddington wind: lg_Mdot, L/Ledd         200    -8.38135     1.16422
        200   8.945236  2.382E+07   3.761388   6.698931   1.400000   1.400000   0.000000   0.000000   0.295793   0.076046   3.115683    668     40
  -8.830916   6.571145  -4.791534   3.025258   4.390288  -8.381348   0.000000   0.000000   0.000000   0.199583   0.044895  24.056603      6      9
 3.1497E-04  23.235202   4.878001   6.698337  15.060023  -0.895736   0.000000   0.000000   0.000000   0.000687  8.791E-01  0.818E-04    varcontrol

 grid1/grid1_000200.png/png
 burst_profile/burst_profile000200.png/png
                       super eddington wind: lg_Mdot, L/Ledd         201    -8.60059     1.09899
                       super eddington wind: lg_Mdot, L/Ledd         202    -8.48995     1.12777
                       super eddington wind: lg_Mdot, L/Ledd         203    -8.63234     1.09191
                       super eddington wind: lg_Mdot, L/Ledd         204    -8.54911     1.11133
                       super eddington wind: lg_Mdot, L/Ledd         205    -8.49026     1.12743
 grid1/grid1_000205.png/png
 burst_profile/burst_profile000205.png/png
                       super eddington wind: lg_Mdot, L/Ledd         206    -8.75167     1.06973
                       super eddington wind: lg_Mdot, L/Ledd         207    -8.89527     1.05003
                       super eddington wind: lg_Mdot, L/Ledd         208    -8.66375     1.08516
                       super eddington wind: lg_Mdot, L/Ledd         209    -8.77247     1.06629
                       super eddington wind: lg_Mdot, L/Ledd         210    -9.34133     1.01788
 grid1/grid1_000210.png/png
 burst_profile/burst_profile000210.png/png
                       super eddington wind: lg_Mdot, L/Ledd         211    -9.09992     1.03114
                       super eddington wind: lg_Mdot, L/Ledd         213    -9.32743     1.01844
 grid1/grid1_000215.png/png
 burst_profile/burst_profile000215.png/png
 grid1/grid1_000220.png/png
 burst_profile/burst_profile000220.png/png
 grid1/grid1_000225.png/png
 burst_profile/burst_profile000225.png/png
 grid1/grid1_000230.png/png
 burst_profile/burst_profile000230.png/png
       retry log10(dt/yr), log10(dt), retry_factor     1   231       -7.595364       -0.096253        0.500000
       retry log10(dt/yr), log10(dt), retry_factor     2   231       -7.896394       -0.397283        0.500000
 have reached retry limit so now backup
 grid1/grid1_000230.png/png
 burst_profile/burst_profile000230.png/png
 grid1/grid1_000235.png/png
 burst_profile/burst_profile000235.png/png
       retry log10(dt/yr), log10(dt), retry_factor     1   238       -7.913485       -0.414373        0.500000
       retry log10(dt/yr), log10(dt), retry_factor     1   239       -8.311425       -0.812313        0.500000
       retry log10(dt/yr), log10(dt), retry_factor     2   239       -8.612455       -1.113343        0.500000
 grid1/grid1_000240.png/png
 burst_profile/burst_profile000240.png/png
       retry log10(dt/yr), log10(dt), retry_factor     1   243       -8.612455       -1.113343        0.500000
       retry log10(dt/yr), log10(dt), retry_factor     2   243       -8.913485       -1.414373        0.500000
 grid1/grid1_000245.png/png
 burst_profile/burst_profile000245.png/png
       retry log10(dt/yr), log10(dt), retry_factor     1   249       -8.311425       -0.812313        0.500000
hydro_newton_step failed to accept
       retry log10(dt/yr), log10(dt), retry_factor     2   249       -8.612455       -1.113343        0.500000
 grid1/grid1_000250.png/png
 burst_profile/burst_profile000250.png/png
 grid1/grid1_000255.png/png
 burst_profile/burst_profile000255.png/png
       retry log10(dt/yr), log10(dt), retry_factor     1   260       -7.932871       -0.433760        0.500000
 grid1/grid1_000260.png/png
 burst_profile/burst_profile000260.png/png
 grid1/grid1_000265.png/png
 burst_profile/burst_profile000265.png/png
 grid1/grid1_000270.png/png
 burst_profile/burst_profile000270.png/png
hydro_newton_step failed to accept
       retry log10(dt/yr), log10(dt), retry_factor     1   271       -7.942422       -0.443311        0.500000
hydro_newton_step failed to accept
       retry log10(dt/yr), log10(dt), retry_factor     2   271       -8.243452       -0.744341        0.500000
 grid1/grid1_000275.png/png
 burst_profile/burst_profile000275.png/png
 grid1/grid1_000280.png/png
 burst_profile/burst_profile000280.png/png
       retry log10(dt/yr), log10(dt), retry_factor     1   281       -7.651042       -0.151931        0.500000
       retry log10(dt/yr), log10(dt), retry_factor     2   281       -7.952072       -0.452961        0.500000
 grid1/grid1_000285.png/png
 burst_profile/burst_profile000285.png/png
 grid1/grid1_000290.png/png
 burst_profile/burst_profile000290.png/png
       retry log10(dt/yr), log10(dt), retry_factor     1   293       -7.629262       -0.130150        0.500000
       retry log10(dt/yr), log10(dt), retry_factor     2   293       -7.930292       -0.431180        0.500000
 have reached retry limit so now backup
 grid1/grid1_000295.png/png
 burst_profile/burst_profile000295.png/png
       retry log10(dt/yr), log10(dt), retry_factor     1   299       -7.556132       -0.057020        0.500000
       retry log10(dt/yr), log10(dt), retry_factor     2   299       -7.857162       -0.358050        0.500000
 have reached retry limit so now backup
        300   8.758420  9.439E+06   1.655995   3.039704   1.400000   1.400000   0.000000   0.000000   0.275200   0.019873   5.532599    719     58
  -7.556132   6.616335  -4.792699   1.624335   2.474918  -8.522879   0.000000   0.000000   0.000000   0.020000   0.020224  38.292539      6     12
 3.1838E-04  23.236000   3.267806   3.003605  14.415431  -0.722405   0.000000   0.000000   0.000000   0.000687  9.599E-01  0.191E-09          hold

 grid1/grid1_000300.png/png
 burst_profile/burst_profile000300.png/png
 grid1/grid1_000305.png/png
 burst_profile/burst_profile000305.png/png
 grid1/grid1_000310.png/png
 burst_profile/burst_profile000310.png/png
 grid1/grid1_000315.png/png
 burst_profile/burst_profile000315.png/png
 grid1/grid1_000320.png/png
 burst_profile/burst_profile000320.png/png
 grid1/grid1_000325.png/png
 burst_profile/burst_profile000325.png/png
 grid1/grid1_000330.png/png
 burst_profile/burst_profile000330.png/png
 grid1/grid1_000335.png/png
 burst_profile/burst_profile000335.png/png
 grid1/grid1_000340.png/png
 burst_profile/burst_profile000340.png/png
 grid1/grid1_000345.png/png
 burst_profile/burst_profile000345.png/png
       retry log10(dt/yr), log10(dt), retry_factor     1   347       -5.448197        2.050914        0.500000
       retry log10(dt/yr), log10(dt), retry_factor     1   348       -5.749227        1.749884        0.500000
 grid1/grid1_000350.png/png
 burst_profile/burst_profile000350.png/png
       retry log10(dt/yr), log10(dt), retry_factor     1   353       -5.603890        1.895221        0.500000
       retry log10(dt/yr), log10(dt), retry_factor     1   354       -5.904920        1.594191        0.500000
 grid1/grid1_000355.png/png
 burst_profile/burst_profile000355.png/png
       retry log10(dt/yr), log10(dt), retry_factor     1   360       -5.515511        1.983601        0.500000
 grid1/grid1_000360.png/png
 burst_profile/burst_profile000360.png/png
       retry log10(dt/yr), log10(dt), retry_factor     1   365       -5.214481        2.284631        0.500000
       retry log10(dt/yr), log10(dt), retry_factor     2   365       -5.515511        1.983601        0.500000
 have reached retry limit so now backup
 grid1/grid1_000365.png/png
 burst_profile/burst_profile000365.png/png
 grid1/grid1_000370.png/png
 burst_profile/burst_profile000370.png/png
       retry log10(dt/yr), log10(dt), retry_factor     1   371       -5.376465        2.122647        0.500000
       retry log10(dt/yr), log10(dt), retry_factor     2   371       -5.677495        1.821617        0.500000
 have reached retry limit so now backup
 grid1/grid1_000370.png/png
 burst_profile/burst_profile000370.png/png
       retry log10(dt/yr), log10(dt), retry_factor     1   373       -5.978525        1.520587        0.500000
       retry log10(dt/yr), log10(dt), retry_factor     2   373       -6.279555        1.219557        0.500000
 have reached retry limit so now backup
 grid1/grid1_000375.png/png
 burst_profile/burst_profile000375.png/png
       retry log10(dt/yr), log10(dt), retry_factor     1   376       -6.580585        0.918527        0.500000
       retry log10(dt/yr), log10(dt), retry_factor     2   376       -6.881615        0.617497        0.500000
 have reached retry limit so now backup
 grid1/grid1_000375.png/png
 burst_profile/burst_profile000375.png/png
       retry log10(dt/yr), log10(dt), retry_factor     1   379       -7.182645        0.316467        0.500000
       retry log10(dt/yr), log10(dt), retry_factor     2   379       -7.483675        0.015437        0.500000
 have reached retry limit so now backup
 grid1/grid1_000380.png/png
 burst_profile/burst_profile000380.png/png
       retry log10(dt/yr), log10(dt), retry_factor     1   382       -7.784705       -0.285593        0.500000
       retry log10(dt/yr), log10(dt), retry_factor     2   382       -8.085735       -0.586623        0.500000
 grid1/grid1_000385.png/png
 burst_profile/burst_profile000385.png/png
 grid1/grid1_000390.png/png
 burst_profile/burst_profile000390.png/png
       retry log10(dt/yr), log10(dt), retry_factor     1   395       -5.376465        2.122647        0.500000
 grid1/grid1_000395.png/png
 burst_profile/burst_profile000395.png/png
       retry log10(dt/yr), log10(dt), retry_factor     1   396       -5.677495        1.821617        0.500000
hydro_newton_step failed to accept
       retry log10(dt/yr), log10(dt), retry_factor     1   397       -6.075435        1.423677        0.500000
       retry log10(dt/yr), log10(dt), retry_factor     1   398       -6.376465        1.122647        0.500000
       retry log10(dt/yr), log10(dt), retry_factor     1   399       -6.677495        0.821617        0.500000
        400   8.358928  3.763E+06   1.616873   1.645957   1.400000   1.400000   0.000000   0.000000   0.275200   0.067898  15.496242    756     80
  -6.376465   6.671037  -4.792858  -0.415629   0.761658  -8.522879   0.000000   0.000000   0.000000   0.020000   0.048110 100.193650      6     17
 5.3602E-04  23.273127   1.669837   0.394891  13.616041  -1.091929   0.000000   0.000000   0.000000   0.000687  8.840E-01 -0.847E-11          hold

 grid1/grid1_000400.png/png
 burst_profile/burst_profile000400.png/png
 grid1/grid1_000405.png/png
 burst_profile/burst_profile000405.png/png
       retry log10(dt/yr), log10(dt), retry_factor     1   407       -5.582089        1.917022        0.500000
 grid1/grid1_000410.png/png
 burst_profile/burst_profile000410.png/png
       retry log10(dt/yr), log10(dt), retry_factor     1   411       -5.704296        1.794816        0.500000
       retry log10(dt/yr), log10(dt), retry_factor     1   412       -6.091553        1.407558        0.500000
hydro_newton_step failed to accept
       retry log10(dt/yr), log10(dt), retry_factor     1   413       -6.484398        1.014713        0.500000
       retry log10(dt/yr), log10(dt), retry_factor     1   414       -6.785428        0.713683        0.500000
 grid1/grid1_000415.png/png
 burst_profile/burst_profile000415.png/png
 grid1/grid1_000420.png/png
 burst_profile/burst_profile000420.png/png
       retry log10(dt/yr), log10(dt), retry_factor     1   421       -6.008275        1.490836        0.500000
       retry log10(dt/yr), log10(dt), retry_factor     1   422       -6.346328        1.152784        0.500000
        422   8.420751  4.407E+06   1.914012   2.015606   1.400000   1.400000   0.000000   0.000000   0.275200   0.075846  13.469920    765     87
  -6.045298   6.674502  -4.792812   1.120387   1.089849  -8.522879   0.000000   0.000000   0.000000   0.020000   0.053737  87.130877      6     17
 5.8471E-04  23.281002   1.944467   0.925673  13.795721  -0.982494   0.000000   0.000000   0.000000   0.000687  8.704E-01  0.452E-11         retry

save LOGS/profile3.data for model 422
 grid1/grid1_000425.png/png
 burst_profile/burst_profile000425.png/png
       retry log10(dt/yr), log10(dt), retry_factor     1   426       -6.547532        0.951580        0.500000
       retry log10(dt/yr), log10(dt), retry_factor     2   426       -6.848562        0.650550        0.500000
       retry log10(dt/yr), log10(dt), retry_factor     1   428       -7.149592        0.349520        0.500000
       retry log10(dt/yr), log10(dt), retry_factor     1   429       -7.450622        0.048490        0.500000
 grid1/grid1_000430.png/png
 burst_profile/burst_profile000430.png/png
       retry log10(dt/yr), log10(dt), retry_factor     1   432       -7.751652       -0.252540        0.500000
       retry log10(dt/yr), log10(dt), retry_factor     1   434       -8.052682       -0.553570        0.500000
hydro_newton_step failed to accept
       retry log10(dt/yr), log10(dt), retry_factor     2   434       -8.353712       -0.854600        0.500000
       retry log10(dt/yr), log10(dt), retry_factor     1   435       -8.654742       -1.155630        0.500000
       retry log10(dt/yr), log10(dt), retry_factor     2   435       -8.955772       -1.456660        0.500000
 grid1/grid1_000435.png/png
 burst_profile/burst_profile000435.png/png
 grid1/grid1_000440.png/png
 burst_profile/burst_profile000440.png/png
       retry log10(dt/yr), log10(dt), retry_factor     1   444       -8.371524       -0.872413        0.500000
 grid1/grid1_000445.png/png
 burst_profile/burst_profile000445.png/png
 grid1/grid1_000450.png/png
 burst_profile/burst_profile000450.png/png
 grid1/grid1_000455.png/png
 burst_profile/burst_profile000455.png/png
 grid1/grid1_000460.png/png
 burst_profile/burst_profile000460.png/png
 grid1/grid1_000465.png/png
 burst_profile/burst_profile000465.png/png
       retry log10(dt/yr), log10(dt), retry_factor     1   470       -9.348567       -1.849455        0.500000
 grid1/grid1_000470.png/png
 burst_profile/burst_profile000470.png/png
 grid1/grid1_000475.png/png
 burst_profile/burst_profile000475.png/png
 grid1/grid1_000480.png/png
 burst_profile/burst_profile000480.png/png
 grid1/grid1_000485.png/png
 burst_profile/burst_profile000485.png/png
 grid1/grid1_000490.png/png
 burst_profile/burst_profile000490.png/png
 grid1/grid1_000495.png/png
 burst_profile/burst_profile000495.png/png
        500   8.657778  2.202E+07   3.553922   6.699478   1.400000   1.400000   0.000000   0.000000   0.286779   0.064842   7.531513    863     98
  -8.597456   6.660662  -4.791625   2.947347   4.275671  -8.522879   0.000000   0.000000   0.000000   0.212377   0.039753  49.949538      7     17
 5.8848E-04  23.281446   4.741844   6.699090  14.966091  -0.865860   0.000000   0.000000   0.000000   0.000687  8.954E-01 -0.348E-07      lgT_cntr

save LOGS/profile4.data for model 500
save photos/x500 for model 500
 grid1/grid1_000500.png/png
 burst_profile/burst_profile000500.png/png
 grid1/grid1_000505.png/png
 burst_profile/burst_profile000505.png/png
 grid1/grid1_000510.png/png
 burst_profile/burst_profile000510.png/png
 grid1/grid1_000515.png/png
 burst_profile/burst_profile000515.png/png
 grid1/grid1_000520.png/png
 burst_profile/burst_profile000520.png/png
 grid1/grid1_000525.png/png
 burst_profile/burst_profile000525.png/png
 grid1/grid1_000530.png/png
 burst_profile/burst_profile000530.png/png
       retry log10(dt/yr), log10(dt), retry_factor     1   534       -7.710243       -0.211131        0.500000
       retry log10(dt/yr), log10(dt), retry_factor     1   535       -8.108183       -0.609071        0.500000
       retry log10(dt/yr), log10(dt), retry_factor     2   535       -8.409213       -0.910101        0.500000
 grid1/grid1_000535.png/png
 burst_profile/burst_profile000535.png/png
hydro_newton_step failed to accept
       retry log10(dt/yr), log10(dt), retry_factor     1   536       -8.710243       -1.211131        0.500000
       retry log10(dt/yr), log10(dt), retry_factor     1   540       -8.409213       -0.910101        0.500000
 grid1/grid1_000540.png/png
 burst_profile/burst_profile000540.png/png
 grid1/grid1_000545.png/png
 burst_profile/burst_profile000545.png/png
 grid1/grid1_000550.png/png
 burst_profile/burst_profile000550.png/png
 grid1/grid1_000555.png/png
 burst_profile/burst_profile000555.png/png
 grid1/grid1_000560.png/png
 burst_profile/burst_profile000560.png/png
 grid1/grid1_000565.png/png
 burst_profile/burst_profile000565.png/png
 grid1/grid1_000570.png/png
 burst_profile/burst_profile000570.png/png
 grid1/grid1_000575.png/png
 burst_profile/burst_profile000575.png/png
       retry log10(dt/yr), log10(dt), retry_factor     1   578       -7.707521       -0.208409        0.500000
 grid1/grid1_000580.png/png
 burst_profile/burst_profile000580.png/png
       retry log10(dt/yr), log10(dt), retry_factor     1   585       -7.729952       -0.230841        0.500000
hydro_newton_step failed to accept
       retry log10(dt/yr), log10(dt), retry_factor     2   585       -8.030982       -0.531871        0.500000
 grid1/grid1_000585.png/png
 burst_profile/burst_profile000585.png/png
 grid1/grid1_000590.png/png
 burst_profile/burst_profile000590.png/png
 grid1/grid1_000595.png/png
 burst_profile/burst_profile000595.png/png
        600   8.659368  6.609E+06   1.197970   2.196750   1.400000   1.400000   0.000000   0.000000   0.275200   0.019199   7.507506    849    106
  -6.664362   6.661176  -4.792810   0.802653   1.752763  -8.522879   0.000000   0.000000   0.000000   0.020000   0.019305  49.786605      6     17
 5.9346E-04  23.282408   2.648437   2.130926  14.198211  -0.763254   0.000000   0.000000   0.000000   0.000687  9.615E-01  0.130E-10    varcontrol

 grid1/grid1_000600.png/png
 burst_profile/burst_profile000600.png/png
 grid1/grid1_000605.png/png
 burst_profile/burst_profile000605.png/png
 grid1/grid1_000610.png/png
 burst_profile/burst_profile000610.png/png
 grid1/grid1_000615.png/png
 burst_profile/burst_profile000615.png/png
 grid1/grid1_000620.png/png
 burst_profile/burst_profile000620.png/png
 grid1/grid1_000625.png/png
 burst_profile/burst_profile000625.png/png
 grid1/grid1_000630.png/png
 burst_profile/burst_profile000630.png/png
       retry log10(dt/yr), log10(dt), retry_factor     1   631       -5.338142        2.160969        0.500000
 grid1/grid1_000635.png/png
 burst_profile/burst_profile000635.png/png
       retry log10(dt/yr), log10(dt), retry_factor     1   636       -5.635290        1.863822        0.500000
       retry log10(dt/yr), log10(dt), retry_factor     2   636       -5.936320        1.562792        0.500000
 have reached retry limit so now backup
 grid1/grid1_000635.png/png
 burst_profile/burst_profile000635.png/png
 grid1/grid1_000640.png/png
 burst_profile/burst_profile000640.png/png
       retry log10(dt/yr), log10(dt), retry_factor     1   642       -5.334260        2.164852        0.500000
 grid1/grid1_000645.png/png
 burst_profile/burst_profile000645.png/png
       retry log10(dt/yr), log10(dt), retry_factor     1   646       -5.400984        2.098128        0.500000
 grid1/grid1_000650.png/png
 burst_profile/burst_profile000650.png/png
       retry log10(dt/yr), log10(dt), retry_factor     1   653       -5.357332        2.141779        0.500000
       retry log10(dt/yr), log10(dt), retry_factor     2   653       -5.658362        1.840749        0.500000
 have reached retry limit so now backup
 grid1/grid1_000655.png/png
 burst_profile/burst_profile000655.png/png
       retry log10(dt/yr), log10(dt), retry_factor     1   658       -5.556841        1.942271        0.500000
 grid1/grid1_000660.png/png
 burst_profile/burst_profile000660.png/png
       retry log10(dt/yr), log10(dt), retry_factor     1   662       -5.702982        1.796129        0.500000
       retry log10(dt/yr), log10(dt), retry_factor     2   662       -6.004012        1.495099        0.500000
 have reached retry limit so now backup
 grid1/grid1_000665.png/png
 burst_profile/burst_profile000665.png/png
       retry log10(dt/yr), log10(dt), retry_factor     1   667       -5.813139        1.685972        0.500000
 grid1/grid1_000670.png/png
 burst_profile/burst_profile000670.png/png
       retry log10(dt/yr), log10(dt), retry_factor     1   671       -5.957437        1.541674        0.500000
       retry log10(dt/yr), log10(dt), retry_factor     1   672       -6.351298        1.147813        0.500000
 grid1/grid1_000675.png/png
 burst_profile/burst_profile000675.png/png
       retry log10(dt/yr), log10(dt), retry_factor     1   677       -6.139534        1.359577        0.500000
       retry log10(dt/yr), log10(dt), retry_factor     1   678       -6.440564        1.058547        0.500000
       retry log10(dt/yr), log10(dt), retry_factor     1   680       -6.838504        0.660607        0.500000
       retry log10(dt/yr), log10(dt), retry_factor     2   680       -7.139534        0.359577        0.500000
 grid1/grid1_000680.png/png
 burst_profile/burst_profile000680.png/png
       retry log10(dt/yr), log10(dt), retry_factor     1   685       -6.974751        0.524361        0.500000
       retry log10(dt/yr), log10(dt), retry_factor     2   685       -7.275781        0.223331        0.500000
 grid1/grid1_000685.png/png
 burst_profile/burst_profile000685.png/png
       retry log10(dt/yr), log10(dt), retry_factor     1   686       -7.576811       -0.077699        0.500000
       retry log10(dt/yr), log10(dt), retry_factor     1   690       -7.802334       -0.303223        0.500000
 grid1/grid1_000690.png/png
 burst_profile/burst_profile000690.png/png
       retry log10(dt/yr), log10(dt), retry_factor     1   691       -8.200274       -0.701163        0.500000
 grid1/grid1_000695.png/png
 burst_profile/burst_profile000695.png/png
        700   8.455188  9.187E+06   3.888559   5.474129   1.400000   1.400000   0.000000   0.000000   0.275200   0.066881  12.853279    920    128
  -8.620075   6.701348  -4.792462   3.310864   3.988039  -8.522879   0.000000   0.000000   0.000000   0.020000   0.045729  82.164412      6     20
 8.5786E-04  23.322712   3.221207   5.459630  14.403051  -0.720213   0.000000   0.000000   0.000000   0.000687  8.874E-01 -0.367E-08        lgTeff

 grid1/grid1_000700.png/png
 burst_profile/burst_profile000700.png/png
 grid1/grid1_000705.png/png
 burst_profile/burst_profile000705.png/png
hydro_newton_step failed to accept
       retry log10(dt/yr), log10(dt), retry_factor     1   708       -9.348851       -1.849739        0.500000
       retry log10(dt/yr), log10(dt), retry_factor     2   708       -9.649881       -2.150769        0.500000
 grid1/grid1_000710.png/png
 burst_profile/burst_profile000710.png/png
 grid1/grid1_000715.png/png
 burst_profile/burst_profile000715.png/png
       retry log10(dt/yr), log10(dt), retry_factor     1   717       -9.471971       -1.972859        0.500000
 grid1/grid1_000720.png/png
 burst_profile/burst_profile000720.png/png
 grid1/grid1_000725.png/png
 burst_profile/burst_profile000725.png/png
 grid1/grid1_000730.png/png
 burst_profile/burst_profile000730.png/png
 grid1/grid1_000735.png/png
 burst_profile/burst_profile000735.png/png
 grid1/grid1_000740.png/png
 burst_profile/burst_profile000740.png/png
 grid1/grid1_000745.png/png
 burst_profile/burst_profile000745.png/png
 grid1/grid1_000750.png/png
 burst_profile/burst_profile000750.png/png
 grid1/grid1_000755.png/png
 burst_profile/burst_profile000755.png/png
 grid1/grid1_000760.png/png
 burst_profile/burst_profile000760.png/png
 grid1/grid1_000765.png/png
 burst_profile/burst_profile000765.png/png
 grid1/grid1_000770.png/png
 burst_profile/burst_profile000770.png/png
       retry log10(dt/yr), log10(dt), retry_factor     1   774       -7.860482       -0.361371        0.500000
       retry log10(dt/yr), log10(dt), retry_factor     2   774       -8.161512       -0.662401        0.500000
hydro_newton_step failed to accept
       retry log10(dt/yr), log10(dt), retry_factor     1   775       -8.534892       -1.035781        0.500000
       retry log10(dt/yr), log10(dt), retry_factor     2   775       -8.835922       -1.336811        0.500000
 grid1/grid1_000775.png/png
 burst_profile/burst_profile000775.png/png
       retry log10(dt/yr), log10(dt), retry_factor     1   777       -9.136952       -1.637841        0.500000
 grid1/grid1_000780.png/png
 burst_profile/burst_profile000780.png/png
hydro_newton_step failed to accept
       retry log10(dt/yr), log10(dt), retry_factor     1   784       -8.467097       -0.967986        0.500000
 grid1/grid1_000785.png/png
 burst_profile/burst_profile000785.png/png
 grid1/grid1_000790.png/png
 burst_profile/burst_profile000790.png/png
 grid1/grid1_000795.png/png
 burst_profile/burst_profile000795.png/png
        800   8.904387  1.427E+07   2.557820   4.696553   1.400000   1.400000   0.000000   0.000000   0.275200   0.019981   3.951189   1005    137
  -7.322905   6.650123  -4.792381   2.286312   3.270536  -8.522879   0.000000   0.000000   0.000000   0.020000   0.020484  28.080766      6     20
 8.5975E-04  23.322970   3.986792   4.691682  14.583223  -0.838233   0.000000   0.000000   0.000000   0.000687  9.595E-01  0.707E-08          dH/H

 grid1/grid1_000800.png/png
 burst_profile/burst_profile000800.png/png
 grid1/grid1_000805.png/png
 burst_profile/burst_profile000805.png/png
 grid1/grid1_000810.png/png
 burst_profile/burst_profile000810.png/png
hydro_newton_step failed to accept
       retry log10(dt/yr), log10(dt), retry_factor     1   812       -7.883185       -0.384073        0.500000
hydro_newton_step failed to accept
       retry log10(dt/yr), log10(dt), retry_factor     2   812       -8.184215       -0.685103        0.500000
 grid1/grid1_000815.png/png
 burst_profile/burst_profile000815.png/png
       retry log10(dt/yr), log10(dt), retry_factor     1   820       -7.784201       -0.285089        0.500000
hydro_newton_step failed to accept
       retry log10(dt/yr), log10(dt), retry_factor     2   820       -8.085231       -0.586119        0.500000
 have reached retry limit so now backup
 grid1/grid1_000820.png/png
 burst_profile/burst_profile000820.png/png
 grid1/grid1_000825.png/png
 burst_profile/burst_profile000825.png/png
       retry log10(dt/yr), log10(dt), retry_factor     1   830       -7.630116       -0.131005        0.500000
 grid1/grid1_000830.png/png
 burst_profile/burst_profile000830.png/png
       retry log10(dt/yr), log10(dt), retry_factor     1   834       -7.630116       -0.131005        0.500000
       retry log10(dt/yr), log10(dt), retry_factor     2   834       -7.931146       -0.432035        0.500000
 have reached retry limit so now backup
 grid1/grid1_000835.png/png
 burst_profile/burst_profile000835.png/png
 grid1/grid1_000840.png/png
 burst_profile/burst_profile000840.png/png
 grid1/grid1_000845.png/png
 burst_profile/burst_profile000845.png/png
 grid1/grid1_000850.png/png
 burst_profile/burst_profile000850.png/png
 grid1/grid1_000855.png/png
 burst_profile/burst_profile000855.png/png

stop because model_number >= max_model_number
      856      856

        856   8.623511  5.972E+06   1.197030   2.071022   1.400000   1.400000   0.000000   0.000000   0.275200   0.016476   8.529534   1008    144
  -6.466297   6.692759  -4.792829   0.503135   1.661357  -8.522879   0.000000   0.000000   0.000000   0.020000   0.018180  55.398492      6     22
 8.6416E-04  23.323686   2.472409   1.994934  14.111317  -0.803514   0.000000   0.000000   0.000000   0.000687  9.653E-01  0.293E-11    varcontrol

save LOGS/profile5.data for model 856
save photos/x856 for model 856
save abund_profile_r_pd92_ag_cd96_01.data for model 856
 saved to final.mod
termination code: max_model_number
        856   8.623511  5.972E+06   1.197030   2.071022   1.400000   1.400000   0.000000   0.000000   0.275200   0.016476   8.529534   1008    144
  -6.466297   6.692759  -4.792829   0.503135   1.661357  -8.522879   0.000000   0.000000   0.000000   0.020000   0.018180  55.398492      6     22
 8.6416E-04  23.323686   2.472409   1.994934  14.111317  -0.803514   0.000000   0.000000   0.000000   0.000687  9.653E-01  0.293E-11      lgT_cntr

DATE: 2021-01-12
TIME: 13:50:22
