the mesa run folder is /work/al363/runs/low_overhead/runs_x100_7

starting from photo
cp: 'restart_photo' and 'restart_photo' are the same file
                                         version_number       10108
 read /hpc/group/physics/al363/low_overhead/sens/base/inlist_base
 read inlist_cluster
load saved model /hpc/group/physics/al363/sens/base/ns_relax.mod

 change to /hpc/group/physics/al363/sens/base/rp_305.net
              set special rate factor for r_y81_pg_zr82        1345    1.0000000000000000D+02
              set special rate factor for r_zr82_gp_y81        1346    1.0000000000000000D+02
              set special rate factor for r_y81_pg_zr82        1345    1.0000000000000000D+02
              set special rate factor for r_zr82_gp_y81        1346    1.0000000000000000D+02
 number of species         305
 read /hpc/group/physics/al363/low_overhead/sens/base/history_custom_low_overhead
 read /hpc/group/physics/al363/low_overhead/sens/base/profile_custom_low_overhead
 net name /hpc/group/physics/al363/sens/base/rp_305.net
 v_flag T
                                           xmstar/mstar    4.5461189430843640D-12
                                             xmstar (g)    1.2660395722219186D+22
                                           M_center (g)    2.7848799999878681D+33
                                            xmstar/Msun    6.3645665203193175D-12
                                          M_center/Msun    1.3999999999939012D+00
                                          R_center (cm)    1.1200000000000000D+06
                                          R_center/Rsun    1.6092416448748527D-05
                                           core density    4.7322078204273819D+14
                                          L_center/Lsun    4.1647144567650578D+00
 kappa_file_prefix gs98
 kappa_lowT_prefix lowT_fa05_gs98

   eos_file_prefix mesa
                                        OMP_NUM_THREADS           8


__________________________________________________________________________________________________________________________________________________

       step    lg_Tcntr    Teff       lg_LH     lg_Lnuc     Mass       H_rich     H_cntr     N_cntr     Y_surf     X_avg     eta_cntr  zones retry
   lg_dt_yr    lg_Dcntr    lg_R       lg_L3a    lg_Lneu     lg_Mdot    He_core    He_cntr    O_cntr     Z_surf     Y_avg     gam_cntr  iters bckup
     age_yr    lg_Pcntr    lg_L       lg_LZ     lg_Psurf    lg_Dsurf   C_core     C_cntr     Ne_cntr    Si_cntr    Z_avg     v_div_cs     dt_limit
__________________________________________________________________________________________________________________________________________________

save LOGS/profile1.data for model 2
         12   8.207068  1.596E+06   0.422373   0.422680   1.400000   1.400000   0.000000   0.000000   0.275200   0.032716  18.782540    782      0
  -5.834864   6.544453  -4.792968 -17.300136  -0.755568  -8.522879   0.000000   0.000000   0.000000   0.020000   0.012436 128.974929      6      0
 9.8181E-06  23.077272   0.179446  -2.727454  12.804639  -1.522785   0.000000   0.000000   0.000000   0.000687  9.548E-01 -0.112E-12      lgT_cntr

save LOGS/profile2.data for model 12
       retry log10(dt/yr), log10(dt), retry_factor     1    34       -5.396345        2.102767        0.500000
       retry log10(dt/yr), log10(dt), retry_factor     1    38       -5.396345        2.102767        0.500000
       retry log10(dt/yr), log10(dt), retry_factor     1    42       -5.396345        2.102767        0.500000
       retry log10(dt/yr), log10(dt), retry_factor     1    46       -5.396345        2.102767        0.500000
       retry log10(dt/yr), log10(dt), retry_factor     1    51       -5.095315        2.403797        0.500000
       retry log10(dt/yr), log10(dt), retry_factor     1    52       -5.095315        2.403797        0.500000
       retry log10(dt/yr), log10(dt), retry_factor     1    53       -5.095315        2.403797        0.500000
       retry log10(dt/yr), log10(dt), retry_factor     1    54       -5.095315        2.403797        0.500000
       retry log10(dt/yr), log10(dt), retry_factor     1    55       -5.095315        2.403797        0.500000
       retry log10(dt/yr), log10(dt), retry_factor     1    56       -5.095315        2.403797        0.500000
       retry log10(dt/yr), log10(dt), retry_factor     2    56       -5.396345        2.102767        0.500000
       retry log10(dt/yr), log10(dt), retry_factor     1    60       -5.396345        2.102767        0.500000
       retry log10(dt/yr), log10(dt), retry_factor     1    61       -5.697375        1.801737        0.500000
       retry log10(dt/yr), log10(dt), retry_factor     1    62       -5.998405        1.500707        0.500000
       retry log10(dt/yr), log10(dt), retry_factor     1    64       -6.299435        1.199677        0.500000
hydro_newton_step failed to accept
       retry log10(dt/yr), log10(dt), retry_factor     1    65       -6.600465        0.898647        0.500000
       retry log10(dt/yr), log10(dt), retry_factor     1    67       -6.901495        0.597617        0.500000
       retry log10(dt/yr), log10(dt), retry_factor     1    69       -7.202525        0.296587        0.500000
       retry log10(dt/yr), log10(dt), retry_factor     1    70       -7.503555       -0.004443        0.500000
       retry log10(dt/yr), log10(dt), retry_factor     1    72       -7.804585       -0.305473        0.500000
       retry log10(dt/yr), log10(dt), retry_factor     1    74       -8.105615       -0.606503        0.500000
       retry log10(dt/yr), log10(dt), retry_factor     1    75       -8.439704       -0.940592        0.500000
       retry log10(dt/yr), log10(dt), retry_factor     1   142       -8.644644       -1.145533        0.500000
       retry log10(dt/yr), log10(dt), retry_factor     1   143       -9.042584       -1.543473        0.500000
       retry log10(dt/yr), log10(dt), retry_factor     1   152       -9.051209       -1.552097        0.500000
       retry log10(dt/yr), log10(dt), retry_factor     1   159       -8.805779       -1.306668        0.500000
       retry log10(dt/yr), log10(dt), retry_factor     1   171       -8.819959       -1.320847        0.500000
       retry log10(dt/yr), log10(dt), retry_factor     1   187       -7.427193        0.071919        0.500000
       retry log10(dt/yr), log10(dt), retry_factor     1   193       -7.772814       -0.273702        0.500000
       retry log10(dt/yr), log10(dt), retry_factor     2   193       -8.073844       -0.574732        0.500000
 have reached retry limit so now backup
hydro_newton_step failed to accept
       retry log10(dt/yr), log10(dt), retry_factor     1   196       -8.496063       -0.996951        0.500000
hydro_newton_step failed to accept
       retry log10(dt/yr), log10(dt), retry_factor     1   197       -8.496063       -0.996951        0.500000
       retry log10(dt/yr), log10(dt), retry_factor     1   199       -8.195033       -0.695921        0.500000
hydro_newton_step failed to accept
       retry log10(dt/yr), log10(dt), retry_factor     2   199       -8.496063       -0.996951        0.500000
       retry log10(dt/yr), log10(dt), retry_factor     1   209       -7.716632       -0.217520        0.500000
       retry log10(dt/yr), log10(dt), retry_factor     1   235       -7.594741       -0.095630        0.500000
hydro_newton_step failed to accept
       retry log10(dt/yr), log10(dt), retry_factor     2   235       -7.895771       -0.396660        0.500000
       retry log10(dt/yr), log10(dt), retry_factor     1   244       -7.683526       -0.184415        0.500000
hydro_newton_step failed to accept
       retry log10(dt/yr), log10(dt), retry_factor     2   244       -7.984556       -0.485445        0.500000
       retry log10(dt/yr), log10(dt), retry_factor     1   289       -5.648247        1.850865        0.500000
       retry log10(dt/yr), log10(dt), retry_factor     1   294       -5.556056        1.943056        0.500000
       retry log10(dt/yr), log10(dt), retry_factor     1   299       -5.566369        1.932742        0.500000
       retry log10(dt/yr), log10(dt), retry_factor     1   303       -5.637749        1.861363        0.500000
       retry log10(dt/yr), log10(dt), retry_factor     2   303       -5.938779        1.560333        0.500000
       retry log10(dt/yr), log10(dt), retry_factor     1   309       -5.524585        1.974526        0.500000
       retry log10(dt/yr), log10(dt), retry_factor     1   314       -5.320465        2.178646        0.500000
       retry log10(dt/yr), log10(dt), retry_factor     1   315       -5.621495        1.877616        0.500000
       retry log10(dt/yr), log10(dt), retry_factor     1   320       -5.417375        2.081736        0.500000
       retry log10(dt/yr), log10(dt), retry_factor     1   321       -5.718405        1.780706        0.500000
hydro_newton_step failed to accept
       retry log10(dt/yr), log10(dt), retry_factor     1   322       -6.019435        1.479676        0.500000
hydro_newton_step failed to accept
       retry log10(dt/yr), log10(dt), retry_factor     2   322       -6.320465        1.178646        0.500000
       retry log10(dt/yr), log10(dt), retry_factor     1   323       -6.621495        0.877616        0.500000
       retry log10(dt/yr), log10(dt), retry_factor     1   330       -5.868281        1.630831        0.500000
hydro_newton_step failed to accept
       retry log10(dt/yr), log10(dt), retry_factor     1   331       -6.266221        1.232891        0.500000
       retry log10(dt/yr), log10(dt), retry_factor     1   332       -6.567251        0.931861        0.500000
       retry log10(dt/yr), log10(dt), retry_factor     2   332       -6.868281        0.630831        0.500000
       retry log10(dt/yr), log10(dt), retry_factor     1   340       -5.771337        1.727774        0.500000
       retry log10(dt/yr), log10(dt), retry_factor     1   342       -6.097384        1.401728        0.500000
hydro_newton_step failed to accept
       retry log10(dt/yr), log10(dt), retry_factor     2   342       -6.398414        1.100698        0.500000
 have reached retry limit so now backup
       retry log10(dt/yr), log10(dt), retry_factor     1   345       -6.699444        0.799668        0.500000
       retry log10(dt/yr), log10(dt), retry_factor     1   346       -7.000474        0.498638        0.500000
       retry log10(dt/yr), log10(dt), retry_factor     1   354       -5.796354        1.702758        0.500000
hydro_newton_step failed to accept
       retry log10(dt/yr), log10(dt), retry_factor     1   355       -6.097384        1.401728        0.500000
        357   8.430536  4.460E+06   1.919286   2.026810   1.400000   1.400000   0.000000   0.000000   0.275200   0.077913  12.074640    750     63
  -5.796354   6.606697  -4.792689   1.123233   1.114472  -8.522879   0.000000   0.000000   0.000000   0.020000   0.056015  80.869565      6      2
 5.8217E-04  23.180517   1.965288   1.002036  13.808851  -0.974645   0.000000   0.000000   0.000000   0.000687  8.661E-01  0.199E-13          hold

save LOGS/profile3.data for model 357
       retry log10(dt/yr), log10(dt), retry_factor     1   358       -6.242579        1.256533        0.500000
       retry log10(dt/yr), log10(dt), retry_factor     1   359       -6.543609        0.955503        0.500000
       retry log10(dt/yr), log10(dt), retry_factor     1   361       -6.844639        0.654473        0.500000
       retry log10(dt/yr), log10(dt), retry_factor     2   361       -7.145669        0.353443        0.500000
       retry log10(dt/yr), log10(dt), retry_factor     1   366       -6.844639        0.654473        0.500000
       retry log10(dt/yr), log10(dt), retry_factor     2   366       -7.145669        0.353443        0.500000
       retry log10(dt/yr), log10(dt), retry_factor     1   368       -7.446699        0.052413        0.500000
       retry log10(dt/yr), log10(dt), retry_factor     1   369       -7.747729       -0.248617        0.500000
       retry log10(dt/yr), log10(dt), retry_factor     1   371       -8.048759       -0.549647        0.500000
       retry log10(dt/yr), log10(dt), retry_factor     1   463       -7.675755       -0.176644        0.500000
       retry log10(dt/yr), log10(dt), retry_factor     2   463       -7.976785       -0.477674        0.500000
 have reached retry limit so now backup
       retry log10(dt/yr), log10(dt), retry_factor     1   467       -8.183583       -0.684471        0.500000
       retry log10(dt/yr), log10(dt), retry_factor     1   472       -7.882553       -0.383441        0.500000
       retry log10(dt/yr), log10(dt), retry_factor     2   472       -8.183583       -0.684471        0.500000
       retry log10(dt/yr), log10(dt), retry_factor     1   479       -7.923665       -0.424553        0.500000
hydro_newton_step failed to accept
       retry log10(dt/yr), log10(dt), retry_factor     2   479       -8.224695       -0.725583        0.500000
 have reached retry limit so now backup
 bad other yaxis for History panels plot num_zones

 ERROR: failed to find log_Teff in history data

 grid1/grid1_000500.png/png
       retry log10(dt/yr), log10(dt), retry_factor     1   503       -7.551621       -0.052509        0.500000
       retry log10(dt/yr), log10(dt), retry_factor     2   503       -7.852651       -0.353539        0.500000
 have reached retry limit so now backup
       retry log10(dt/yr), log10(dt), retry_factor     1   509       -7.671194       -0.172082        0.500000
       retry log10(dt/yr), log10(dt), retry_factor     2   509       -7.972224       -0.473112        0.500000
       retry log10(dt/yr), log10(dt), retry_factor     1   515       -7.380513        0.118599        0.500000
       retry log10(dt/yr), log10(dt), retry_factor     1   516       -7.681543       -0.182431        0.500000
       retry log10(dt/yr), log10(dt), retry_factor     2   516       -7.982573       -0.483461        0.500000
 have reached retry limit so now backup
       retry log10(dt/yr), log10(dt), retry_factor     1   533       -7.419823        0.079289        0.500000
       retry log10(dt/yr), log10(dt), retry_factor     1   555       -6.496471        1.002641        0.500000
       retry log10(dt/yr), log10(dt), retry_factor     1   568       -5.460552        2.038560        0.500000
       retry log10(dt/yr), log10(dt), retry_factor     1   570       -5.761582        1.737530        0.500000
       retry log10(dt/yr), log10(dt), retry_factor     2   570       -6.062612        1.436500        0.500000
       retry log10(dt/yr), log10(dt), retry_factor     1   576       -5.460552        2.038560        0.500000
       retry log10(dt/yr), log10(dt), retry_factor     1   581       -5.159522        2.339590        0.500000
       retry log10(dt/yr), log10(dt), retry_factor     2   581       -5.460552        2.038560        0.500000
 have reached retry limit so now backup
       retry log10(dt/yr), log10(dt), retry_factor     1   582       -5.955402        1.543710        0.500000
       retry log10(dt/yr), log10(dt), retry_factor     1   583       -6.256432        1.242680        0.500000
       retry log10(dt/yr), log10(dt), retry_factor     1   591       -5.326617        2.172494        0.500000
       retry log10(dt/yr), log10(dt), retry_factor     2   591       -5.627647        1.871464        0.500000
 have reached retry limit so now backup
       retry log10(dt/yr), log10(dt), retry_factor     1   596       -5.481774        2.017338        0.500000
hydro_newton_step failed to accept
       retry log10(dt/yr), log10(dt), retry_factor     1   597       -5.879714        1.619398        0.500000
       retry log10(dt/yr), log10(dt), retry_factor     1   598       -6.180744        1.318368        0.500000
       retry log10(dt/yr), log10(dt), retry_factor     1   604       -5.719362        1.779749        0.500000
       retry log10(dt/yr), log10(dt), retry_factor     1   611       -5.593118        1.905994        0.500000
       retry log10(dt/yr), log10(dt), retry_factor     2   611       -5.894148        1.604964        0.500000
 have reached retry limit so now backup
       retry log10(dt/yr), log10(dt), retry_factor     1   615       -5.894148        1.604964        0.500000
hydro_newton_step failed to accept
       retry log10(dt/yr), log10(dt), retry_factor     1   616       -6.195178        1.303934        0.500000
       retry log10(dt/yr), log10(dt), retry_factor     1   621       -5.826520        1.672591        0.500000
hydro_newton_step failed to accept
       retry log10(dt/yr), log10(dt), retry_factor     1   622       -6.224460        1.274651        0.500000
hydro_newton_step failed to accept
       retry log10(dt/yr), log10(dt), retry_factor     1   623       -6.622400        0.876711        0.500000
       retry log10(dt/yr), log10(dt), retry_factor     1   624       -6.923430        0.575681        0.500000
       retry log10(dt/yr), log10(dt), retry_factor     1   631       -6.020340        1.478771        0.500000
hydro_newton_step failed to accept
       retry log10(dt/yr), log10(dt), retry_factor     1   633       -6.418280        1.080831        0.500000
       retry log10(dt/yr), log10(dt), retry_factor     2   633       -6.719310        0.779801        0.500000
       retry log10(dt/yr), log10(dt), retry_factor     1   634       -7.020340        0.478771        0.500000
       retry log10(dt/yr), log10(dt), retry_factor     1   640       -6.418280        1.080831        0.500000
hydro_newton_step failed to accept
       retry log10(dt/yr), log10(dt), retry_factor     1   642       -6.816220        0.682891        0.500000
       retry log10(dt/yr), log10(dt), retry_factor     2   642       -7.117250        0.381861        0.500000
hydro_newton_step failed to accept
       retry log10(dt/yr), log10(dt), retry_factor     1   646       -7.117250        0.381861        0.500000
       retry log10(dt/yr), log10(dt), retry_factor     1   647       -7.117250        0.381861        0.500000
       retry log10(dt/yr), log10(dt), retry_factor     1   649       -7.418280        0.080831        0.500000
       retry log10(dt/yr), log10(dt), retry_factor     1   650       -7.719310       -0.220199        0.500000
       retry log10(dt/yr), log10(dt), retry_factor     1   654       -7.892913       -0.393801        0.500000
       retry log10(dt/yr), log10(dt), retry_factor     1   656       -8.339672       -0.840561        0.500000
       retry log10(dt/yr), log10(dt), retry_factor     1   657       -8.706993       -1.207881        0.500000
hydro_newton_step failed to accept
       retry log10(dt/yr), log10(dt), retry_factor     2   657       -9.008023       -1.508911        0.500000
hydro_newton_step failed to accept
       retry log10(dt/yr), log10(dt), retry_factor     1   698       -9.270463       -1.771351        0.500000
       retry log10(dt/yr), log10(dt), retry_factor     1   753       -7.423452        0.075660        0.500000
hydro_newton_step failed to accept
       retry log10(dt/yr), log10(dt), retry_factor     2   753       -7.724482       -0.225370        0.500000
       retry log10(dt/yr), log10(dt), retry_factor     1   759       -8.206519       -0.707408        0.500000
       retry log10(dt/yr), log10(dt), retry_factor     1   766       -8.108679       -0.609567        0.500000
hydro_newton_step failed to accept
       retry log10(dt/yr), log10(dt), retry_factor     2   766       -8.409709       -0.910597        0.500000
       retry log10(dt/yr), log10(dt), retry_factor     1   776       -8.063196       -0.564084        0.500000
       retry log10(dt/yr), log10(dt), retry_factor     1   792       -8.028196       -0.529085        0.500000
       retry log10(dt/yr), log10(dt), retry_factor     1   803       -7.574280       -0.075169        0.500000
       retry log10(dt/yr), log10(dt), retry_factor     2   803       -7.875310       -0.376199        0.500000
 have reached retry limit so now backup
       retry log10(dt/yr), log10(dt), retry_factor     1   809       -7.665471       -0.166360        0.500000
       retry log10(dt/yr), log10(dt), retry_factor     2   809       -7.966501       -0.467390        0.500000
       retry log10(dt/yr), log10(dt), retry_factor     1   858       -5.406607        2.092504        0.500000
       retry log10(dt/yr), log10(dt), retry_factor     2   858       -5.707637        1.791474        0.500000
 have reached retry limit so now backup
       retry log10(dt/yr), log10(dt), retry_factor     1   859       -6.008667        1.490444        0.500000
hydro_newton_step failed to accept
       retry log10(dt/yr), log10(dt), retry_factor     2   859       -6.309697        1.189414        0.500000
       retry log10(dt/yr), log10(dt), retry_factor     1   866       -5.406607        2.092504        0.500000
       retry log10(dt/yr), log10(dt), retry_factor     1   868       -5.804547        1.694564        0.500000
       retry log10(dt/yr), log10(dt), retry_factor     1   874       -5.514878        1.984234        0.500000
       retry log10(dt/yr), log10(dt), retry_factor     1   878       -5.605823        1.893288        0.500000
       retry log10(dt/yr), log10(dt), retry_factor     1   879       -5.906853        1.592258        0.500000
hydro_newton_step failed to accept
       retry log10(dt/yr), log10(dt), retry_factor     2   879       -6.207883        1.291228        0.500000
       retry log10(dt/yr), log10(dt), retry_factor     1   880       -6.508913        0.990198        0.500000
       retry log10(dt/yr), log10(dt), retry_factor     1   888       -5.504154        1.994958        0.500000
       retry log10(dt/yr), log10(dt), retry_factor     1   892       -5.584625        1.914487        0.500000
hydro_newton_step failed to accept
       retry log10(dt/yr), log10(dt), retry_factor     1   893       -5.982565        1.516547        0.500000
       retry log10(dt/yr), log10(dt), retry_factor     1   894       -6.283595        1.215517        0.500000
       retry log10(dt/yr), log10(dt), retry_factor     1   901       -5.601889        1.897222        0.500000
       retry log10(dt/yr), log10(dt), retry_factor     1   902       -5.902919        1.596192        0.500000
hydro_newton_step failed to accept
       retry log10(dt/yr), log10(dt), retry_factor     2   902       -6.203949        1.295162        0.500000
 have reached retry limit so now backup
       retry log10(dt/yr), log10(dt), retry_factor     1   905       -6.504979        0.994132        0.500000
       retry log10(dt/yr), log10(dt), retry_factor     1   906       -6.806009        0.693102        0.500000
       retry log10(dt/yr), log10(dt), retry_factor     1   914       -5.720251        1.778861        0.500000
       retry log10(dt/yr), log10(dt), retry_factor     1   918       -5.757763        1.741349        0.500000
hydro_newton_step failed to accept
       retry log10(dt/yr), log10(dt), retry_factor     1   920       -6.155703        1.343409        0.500000
hydro_newton_step failed to accept
       retry log10(dt/yr), log10(dt), retry_factor     2   920       -6.456733        1.042379        0.500000
       retry log10(dt/yr), log10(dt), retry_factor     1   921       -6.757763        0.741349        0.500000
       retry log10(dt/yr), log10(dt), retry_factor     2   921       -7.058793        0.440319        0.500000
       retry log10(dt/yr), log10(dt), retry_factor     1   929       -6.146386        1.352726        0.500000
       retry log10(dt/yr), log10(dt), retry_factor     2   929       -6.447415        1.051696        0.500000
       retry log10(dt/yr), log10(dt), retry_factor     1   933       -6.521913        0.977199        0.500000
       retry log10(dt/yr), log10(dt), retry_factor     2   933       -6.822943        0.676169        0.500000
       retry log10(dt/yr), log10(dt), retry_factor     1   936       -7.123973        0.375139        0.500000
       retry log10(dt/yr), log10(dt), retry_factor     1   937       -7.425003        0.074109        0.500000
       retry log10(dt/yr), log10(dt), retry_factor     1   938       -7.817587       -0.318475        0.500000
hydro_newton_step failed to accept
       retry log10(dt/yr), log10(dt), retry_factor     1   940       -8.118617       -0.619505        0.500000
hydro_newton_step failed to accept
       retry log10(dt/yr), log10(dt), retry_factor     2   940       -8.419647       -0.920535        0.500000
       retry log10(dt/yr), log10(dt), retry_factor     1   944       -8.019926       -0.520814        0.500000
       retry log10(dt/yr), log10(dt), retry_factor     1   945       -8.328735       -0.829624        0.500000
       1000   8.462362  1.842E+07   3.532955   6.534405   1.400000   1.400000   0.000000   0.000000   0.275200   0.058565  11.960298    954    174
  -7.717627   6.657811  -4.790956   2.896831   4.137563  -8.522879   0.000000   0.000000   0.000000   0.020000   0.038988  78.162209      7     12
 1.1156E-03  23.258563   4.432419   6.533872  14.766122  -0.926031   0.000000   0.000000   0.000000   0.000687  9.024E-01  0.289E-09        lgTeff

save LOGS/profile4.data for model 1000
save photos/1000 for model 1000
 bad other yaxis for History panels plot num_zones

 ERROR: failed to find log_Teff in history data

 grid1/grid1_001000.png/png
       retry log10(dt/yr), log10(dt), retry_factor     1  1034       -7.411274        0.087838        0.500000
       retry log10(dt/yr), log10(dt), retry_factor     2  1034       -7.712304       -0.213192        0.500000
 have reached retry limit so now backup
       retry log10(dt/yr), log10(dt), retry_factor     1  1038       -8.278601       -0.779490        0.500000
hydro_newton_step failed to accept
       retry log10(dt/yr), log10(dt), retry_factor     1  1039       -8.579631       -1.080520        0.500000
       retry log10(dt/yr), log10(dt), retry_factor     1  1044       -8.097488       -0.598377        0.500000
       retry log10(dt/yr), log10(dt), retry_factor     2  1044       -8.398518       -0.899407        0.500000
       retry log10(dt/yr), log10(dt), retry_factor     1  1072       -7.603431       -0.104320        0.500000
       retry log10(dt/yr), log10(dt), retry_factor     2  1072       -7.904461       -0.405350        0.500000
       retry log10(dt/yr), log10(dt), retry_factor     1  1084       -7.469659        0.029452        0.500000
       retry log10(dt/yr), log10(dt), retry_factor     2  1084       -7.770689       -0.271578        0.500000
 have reached retry limit so now backup
       retry log10(dt/yr), log10(dt), retry_factor     1  1086       -8.071719       -0.572608        0.500000
       retry log10(dt/yr), log10(dt), retry_factor     2  1086       -8.372749       -0.873638        0.500000
       retry log10(dt/yr), log10(dt), retry_factor     1  1096       -7.568304       -0.069193        0.500000
       retry log10(dt/yr), log10(dt), retry_factor     2  1096       -7.869334       -0.370223        0.500000
       retry log10(dt/yr), log10(dt), retry_factor     1  1136       -5.952104        1.547007        0.500000
       retry log10(dt/yr), log10(dt), retry_factor     2  1136       -6.253134        1.245977        0.500000
       retry log10(dt/yr), log10(dt), retry_factor     1  1144       -5.322483        2.176629        0.500000
       retry log10(dt/yr), log10(dt), retry_factor     2  1144       -5.623513        1.875599        0.500000
 have reached retry limit so now backup
       retry log10(dt/yr), log10(dt), retry_factor     1  1151       -5.434106        2.065005        0.500000
       retry log10(dt/yr), log10(dt), retry_factor     1  1155       -5.832046        1.667065        0.500000
       retry log10(dt/yr), log10(dt), retry_factor     1  1161       -5.513322        1.985790        0.500000
       retry log10(dt/yr), log10(dt), retry_factor     1  1165       -5.568444        1.930668        0.500000
       retry log10(dt/yr), log10(dt), retry_factor     1  1170       -5.343419        2.155692        0.500000
       retry log10(dt/yr), log10(dt), retry_factor     2  1170       -5.644449        1.854662        0.500000
 have reached retry limit so now backup
hydro_newton_step failed to accept
       retry log10(dt/yr), log10(dt), retry_factor     1  1171       -6.139299        1.359812        0.500000
       retry log10(dt/yr), log10(dt), retry_factor     1  1172       -6.440329        1.058782        0.500000
       retry log10(dt/yr), log10(dt), retry_factor     1  1179       -5.699464        1.799647        0.500000
hydro_newton_step failed to accept
       retry log10(dt/yr), log10(dt), retry_factor     1  1180       -6.097404        1.401707        0.500000
       retry log10(dt/yr), log10(dt), retry_factor     1  1181       -6.398434        1.100677        0.500000
       retry log10(dt/yr), log10(dt), retry_factor     1  1187       -5.796374        1.702737        0.500000
hydro_newton_step failed to accept
       retry log10(dt/yr), log10(dt), retry_factor     1  1189       -6.194314        1.304797        0.500000
hydro_newton_step failed to accept
       retry log10(dt/yr), log10(dt), retry_factor     2  1189       -6.495344        1.003767        0.500000
 have reached retry limit so now backup
hydro_newton_step failed to accept
       retry log10(dt/yr), log10(dt), retry_factor     1  1193       -6.556043        0.943069        0.500000
hydro_newton_step failed to accept
       retry log10(dt/yr), log10(dt), retry_factor     1  1197       -6.084196        1.414915        0.500000
       retry log10(dt/yr), log10(dt), retry_factor     2  1197       -6.385226        1.113885        0.500000
hydro_newton_step failed to accept
       retry log10(dt/yr), log10(dt), retry_factor     1  1201       -6.385226        1.113885        0.500000
       retry log10(dt/yr), log10(dt), retry_factor     1  1202       -6.385226        1.113885        0.500000
       retry log10(dt/yr), log10(dt), retry_factor     1  1204       -6.686256        0.812855        0.500000
hydro_newton_step failed to accept
       retry log10(dt/yr), log10(dt), retry_factor     2  1204       -6.987286        0.511825        0.500000
       retry log10(dt/yr), log10(dt), retry_factor     1  1207       -7.288316        0.210795        0.500000
       retry log10(dt/yr), log10(dt), retry_factor     2  1207       -7.589346       -0.090235        0.500000
 have reached retry limit so now backup
       retry log10(dt/yr), log10(dt), retry_factor     1  1212       -7.288316        0.210795        0.500000
       retry log10(dt/yr), log10(dt), retry_factor     2  1212       -7.589346       -0.090235        0.500000
 have reached retry limit so now backup
       retry log10(dt/yr), log10(dt), retry_factor     1  1216       -7.589346       -0.090235        0.500000
       retry log10(dt/yr), log10(dt), retry_factor     1  1217       -7.890376       -0.391265        0.500000
       retry log10(dt/yr), log10(dt), retry_factor     1  1218       -8.191406       -0.692295        0.500000
       retry log10(dt/yr), log10(dt), retry_factor     1  1221       -8.560482       -1.061370        0.500000
       retry log10(dt/yr), log10(dt), retry_factor     1  1227       -8.719741       -1.220629        0.500000
       retry log10(dt/yr), log10(dt), retry_factor     1  1275       -8.491584       -0.992473        0.500000
hydro_newton_step failed to accept
       retry log10(dt/yr), log10(dt), retry_factor     2  1275       -8.792614       -1.293503        0.500000
       retry log10(dt/yr), log10(dt), retry_factor     1  1305       -8.547715       -1.048603        0.500000
hydro_newton_step failed to accept
       retry log10(dt/yr), log10(dt), retry_factor     2  1305       -8.848745       -1.349633        0.500000
 have reached retry limit so now backup
       retry log10(dt/yr), log10(dt), retry_factor     1  1305       -9.149775       -1.650663        0.500000
       retry log10(dt/yr), log10(dt), retry_factor     1  1314       -9.009357       -1.510245        0.500000
       retry log10(dt/yr), log10(dt), retry_factor     1  1318       -9.009357       -1.510245        0.500000
       retry log10(dt/yr), log10(dt), retry_factor     1  1335       -7.323947        0.175164        0.500000
hydro_newton_step failed to accept
       retry log10(dt/yr), log10(dt), retry_factor     2  1335       -7.624977       -0.125866        0.500000
hydro_newton_step failed to accept
       retry log10(dt/yr), log10(dt), retry_factor     1  1344       -8.075522       -0.576410        0.500000
       retry log10(dt/yr), log10(dt), retry_factor     2  1344       -8.376552       -0.877440        0.500000
       retry log10(dt/yr), log10(dt), retry_factor     1  1350       -7.774492       -0.275380        0.500000
hydro_newton_step failed to accept
       retry log10(dt/yr), log10(dt), retry_factor     1  1351       -8.075522       -0.576410        0.500000
       retry log10(dt/yr), log10(dt), retry_factor     1  1382       -7.790909       -0.291798        0.500000
       retry log10(dt/yr), log10(dt), retry_factor     1  1392       -7.437327        0.061785        0.500000
       retry log10(dt/yr), log10(dt), retry_factor     2  1392       -7.738357       -0.239245        0.500000
 have reached retry limit so now backup
hydro_newton_step failed to accept
       retry log10(dt/yr), log10(dt), retry_factor     1  1398       -7.374526        0.124586        0.500000
       retry log10(dt/yr), log10(dt), retry_factor     2  1398       -7.675556       -0.176444        0.500000
       retry log10(dt/yr), log10(dt), retry_factor     1  1442       -5.501325        1.997787        0.500000
       retry log10(dt/yr), log10(dt), retry_factor     1  1446       -5.899265        1.599847        0.500000
       retry log10(dt/yr), log10(dt), retry_factor     1  1452       -5.297205        2.201907        0.500000
       retry log10(dt/yr), log10(dt), retry_factor     2  1452       -5.598235        1.900877        0.500000
 have reached retry limit so now backup
       retry log10(dt/yr), log10(dt), retry_factor     1  1453       -6.093085        1.406027        0.500000
       retry log10(dt/yr), log10(dt), retry_factor     1  1454       -6.394115        1.104997        0.500000
       retry log10(dt/yr), log10(dt), retry_factor     1  1461       -5.656899        1.842213        0.500000
       retry log10(dt/yr), log10(dt), retry_factor     1  1462       -5.957929        1.541183        0.500000
       retry log10(dt/yr), log10(dt), retry_factor     2  1462       -6.258959        1.240153        0.500000
       retry log10(dt/yr), log10(dt), retry_factor     1  1463       -6.559989        0.939123        0.500000
       retry log10(dt/yr), log10(dt), retry_factor     1  1471       -5.484272        2.014839        0.500000
       retry log10(dt/yr), log10(dt), retry_factor     1  1473       -5.858460        1.640651        0.500000
       retry log10(dt/yr), log10(dt), retry_factor     2  1473       -6.159490        1.339622        0.500000
 have reached retry limit so now backup
       retry log10(dt/yr), log10(dt), retry_factor     1  1475       -6.460520        1.038592        0.500000
       retry log10(dt/yr), log10(dt), retry_factor     1  1479       -6.460520        1.038592        0.500000
       retry log10(dt/yr), log10(dt), retry_factor     1  1487       -5.413510        2.085602        0.500000
       retry log10(dt/yr), log10(dt), retry_factor     1  1488       -5.811450        1.687662        0.500000
       retry log10(dt/yr), log10(dt), retry_factor     1  1494       -5.540103        1.959009        0.500000
       retry log10(dt/yr), log10(dt), retry_factor     2  1494       -5.841133        1.657979        0.500000
       retry log10(dt/yr), log10(dt), retry_factor     1  1499       -5.770194        1.728917        0.500000
hydro_newton_step failed to accept
       retry log10(dt/yr), log10(dt), retry_factor     1  1500       -6.168134        1.330977        0.500000
 bad other yaxis for History panels plot num_zones

 ERROR: failed to find log_Teff in history data

 grid1/grid1_001500.png/png
       retry log10(dt/yr), log10(dt), retry_factor     1  1501       -6.469164        1.029947        0.500000
       retry log10(dt/yr), log10(dt), retry_factor     1  1508       -5.719823        1.779289        0.500000
       retry log10(dt/yr), log10(dt), retry_factor     1  1509       -6.117763        1.381349        0.500000
hydro_newton_step failed to accept
       retry log10(dt/yr), log10(dt), retry_factor     1  1510       -6.515703        0.983409        0.500000
       retry log10(dt/yr), log10(dt), retry_factor     1  1511       -6.816733        0.682379        0.500000
       retry log10(dt/yr), log10(dt), retry_factor     1  1512       -7.117763        0.381349        0.500000
       retry log10(dt/yr), log10(dt), retry_factor     1  1521       -5.841281        1.657830        0.500000
       retry log10(dt/yr), log10(dt), retry_factor     1  1522       -6.239221        1.259890        0.500000
       retry log10(dt/yr), log10(dt), retry_factor     2  1522       -6.540251        0.958860        0.500000
 have reached retry limit so now backup
       retry log10(dt/yr), log10(dt), retry_factor     1  1526       -6.620624        0.878487        0.500000
hydro_newton_step failed to accept
       retry log10(dt/yr), log10(dt), retry_factor     1  1532       -6.511584        0.987528        0.500000
       retry log10(dt/yr), log10(dt), retry_factor     2  1532       -6.812614        0.686498        0.500000
 have reached retry limit so now backup
hydro_newton_step failed to accept
       retry log10(dt/yr), log10(dt), retry_factor     1  1536       -6.869981        0.629131        0.500000
       retry log10(dt/yr), log10(dt), retry_factor     1  1537       -6.916897        0.582214        0.500000
       retry log10(dt/yr), log10(dt), retry_factor     2  1537       -7.217927        0.281184        0.500000
       retry log10(dt/yr), log10(dt), retry_factor     1  1543       -6.615867        0.883244        0.500000
       retry log10(dt/yr), log10(dt), retry_factor     1  1545       -6.916897        0.582214        0.500000
       retry log10(dt/yr), log10(dt), retry_factor     1  1548       -7.217927        0.281184        0.500000
       retry log10(dt/yr), log10(dt), retry_factor     1  1549       -7.518957       -0.019846        0.500000
       retry log10(dt/yr), log10(dt), retry_factor     1  1551       -7.819987       -0.320876        0.500000
       retry log10(dt/yr), log10(dt), retry_factor     1  1554       -8.121017       -0.621906        0.500000
       retry log10(dt/yr), log10(dt), retry_factor     1  1555       -8.478170       -0.979058        0.500000
       retry log10(dt/yr), log10(dt), retry_factor     1  1567       -8.913507       -1.414396        0.500000
       retry log10(dt/yr), log10(dt), retry_factor     1  1593       -9.155957       -1.656845        0.500000
       retry log10(dt/yr), log10(dt), retry_factor     1  1599       -9.050493       -1.551382        0.500000
       retry log10(dt/yr), log10(dt), retry_factor     1  1654       -7.357649        0.141462        0.500000
       retry log10(dt/yr), log10(dt), retry_factor     2  1654       -7.658679       -0.159568        0.500000
 have reached retry limit so now backup
hydro_newton_step failed to accept
       retry log10(dt/yr), log10(dt), retry_factor     1  1657       -8.250439       -0.751328        0.500000
hydro_newton_step failed to accept
       retry log10(dt/yr), log10(dt), retry_factor     2  1657       -8.551469       -1.052358        0.500000
hydro_newton_step failed to accept
       retry log10(dt/yr), log10(dt), retry_factor     1  1658       -8.551469       -1.052358        0.500000
       retry log10(dt/yr), log10(dt), retry_factor     1  1692       -7.564651       -0.065540        0.500000
       retry log10(dt/yr), log10(dt), retry_factor     1  1696       -7.675315       -0.176204        0.500000
       retry log10(dt/yr), log10(dt), retry_factor     1  1701       -7.676400       -0.177288        0.500000
       retry log10(dt/yr), log10(dt), retry_factor     2  1701       -7.977430       -0.478318        0.500000
       retry log10(dt/yr), log10(dt), retry_factor     1  1751       -5.250321        2.248790        0.500000
       retry log10(dt/yr), log10(dt), retry_factor     2  1751       -5.551351        1.947760        0.500000
 have reached retry limit so now backup
       retry log10(dt/yr), log10(dt), retry_factor     1  1752       -5.949291        1.549820        0.500000
       retry log10(dt/yr), log10(dt), retry_factor     1  1758       -5.347231        2.151880        0.500000
       retry log10(dt/yr), log10(dt), retry_factor     2  1758       -5.648261        1.850850        0.500000
 have reached retry limit so now backup
       retry log10(dt/yr), log10(dt), retry_factor     1  1759       -6.046201        1.452910        0.500000
       retry log10(dt/yr), log10(dt), retry_factor     1  1765       -5.577571        1.921540        0.500000
       retry log10(dt/yr), log10(dt), retry_factor     1  1766       -5.975511        1.523600        0.500000
       retry log10(dt/yr), log10(dt), retry_factor     1  1767       -6.276541        1.222570        0.500000
       retry log10(dt/yr), log10(dt), retry_factor     1  1768       -6.577571        0.921540        0.500000
       retry log10(dt/yr), log10(dt), retry_factor     1  1776       -5.500290        1.998821        0.500000
       retry log10(dt/yr), log10(dt), retry_factor     1  1781       -5.498061        2.001051        0.500000
       retry log10(dt/yr), log10(dt), retry_factor     1  1785       -5.559807        1.939305        0.500000
       retry log10(dt/yr), log10(dt), retry_factor     1  1790       -5.343698        2.155414        0.500000
       retry log10(dt/yr), log10(dt), retry_factor     1  1791       -5.721242        1.777869        0.500000
       retry log10(dt/yr), log10(dt), retry_factor     2  1791       -6.022272        1.476839        0.500000
 have reached retry limit so now backup
hydro_newton_step failed to accept
       retry log10(dt/yr), log10(dt), retry_factor     1  1798       -5.741474        1.757638        0.500000
       retry log10(dt/yr), log10(dt), retry_factor     1  1799       -6.139414        1.359698        0.500000
       retry log10(dt/yr), log10(dt), retry_factor     1  1805       -5.780369        1.718743        0.500000
hydro_newton_step failed to accept
       retry log10(dt/yr), log10(dt), retry_factor     1  1806       -6.178309        1.320803        0.500000
       retry log10(dt/yr), log10(dt), retry_factor     1  1807       -6.540961        0.958150        0.500000
       retry log10(dt/yr), log10(dt), retry_factor     2  1807       -6.841991        0.657120        0.500000
       retry log10(dt/yr), log10(dt), retry_factor     1  1815       -6.001326        1.497785        0.500000
       retry log10(dt/yr), log10(dt), retry_factor     2  1815       -6.302356        1.196755        0.500000
 have reached retry limit so now backup
hydro_newton_step failed to accept
       retry log10(dt/yr), log10(dt), retry_factor     1  1819       -6.395908        1.103203        0.500000
       retry log10(dt/yr), log10(dt), retry_factor     1  1820       -6.793848        0.705263        0.500000
       retry log10(dt/yr), log10(dt), retry_factor     1  1821       -7.094878        0.404233        0.500000
hydro_newton_step failed to accept
       retry log10(dt/yr), log10(dt), retry_factor     1  1827       -6.622166        0.876945        0.500000
       retry log10(dt/yr), log10(dt), retry_factor     1  1831       -6.388288        1.110824        0.500000
       retry log10(dt/yr), log10(dt), retry_factor     2  1831       -6.689318        0.809794        0.500000
hydro_newton_step failed to accept
       retry log10(dt/yr), log10(dt), retry_factor     1  1832       -6.990348        0.508764        0.500000
       retry log10(dt/yr), log10(dt), retry_factor     1  1835       -6.990348        0.508764        0.500000
       retry log10(dt/yr), log10(dt), retry_factor     2  1835       -7.291378        0.207734        0.500000
       retry log10(dt/yr), log10(dt), retry_factor     1  1836       -7.592408       -0.093296        0.500000
       retry log10(dt/yr), log10(dt), retry_factor     1  1838       -7.893438       -0.394326        0.500000
       retry log10(dt/yr), log10(dt), retry_factor     1  1839       -8.291378       -0.792266        0.500000
       retry log10(dt/yr), log10(dt), retry_factor     2  1839       -8.592408       -1.093296        0.500000
       retry log10(dt/yr), log10(dt), retry_factor     1  1844       -8.645598       -1.146486        0.500000
       retry log10(dt/yr), log10(dt), retry_factor     1  1852       -8.735770       -1.236659        0.500000
hydro_newton_step failed to accept
       retry log10(dt/yr), log10(dt), retry_factor     1  1870       -9.227237       -1.728126        0.500000
hydro_newton_step failed to accept
       retry log10(dt/yr), log10(dt), retry_factor     2  1870       -9.528267       -2.029156        0.500000
 have reached retry limit so now backup
       retry log10(dt/yr), log10(dt), retry_factor     1  1881       -9.176702       -1.677590        0.500000
hydro_newton_step failed to accept
       retry log10(dt/yr), log10(dt), retry_factor     1  1889       -9.052665       -1.553553        0.500000
       retry log10(dt/yr), log10(dt), retry_factor     1  1936       -7.524966       -0.025854        0.500000
hydro_newton_step failed to accept
       retry log10(dt/yr), log10(dt), retry_factor     2  1936       -7.825996       -0.326884        0.500000
       retry log10(dt/yr), log10(dt), retry_factor     1  1937       -8.223936       -0.724824        0.500000
       retry log10(dt/yr), log10(dt), retry_factor     2  1937       -8.524966       -1.025854        0.500000
       retry log10(dt/yr), log10(dt), retry_factor     1  1941       -8.584559       -1.085448        0.500000
slurmstepd: error: *** JOB 8225194 ON dcc-gcb-63 CANCELLED AT 2021-04-22T17:26:23 ***
