the mesa run folder is /work/al363/runs/low_overhead/runs_x100_1_2

starting from 0
DATE: 2021-04-12
TIME: 21:49:52
                                         version_number       10108
 read /hpc/group/physics/al363/low_overhead/sens/base/inlist_base
 read inlist_cluster
load saved model /hpc/group/physics/al363/sens/base/ns_relax.mod

 change to /hpc/group/physics/al363/sens/base/rp_305.net
             set special rate factor for r_cl31_ng_cl32          81    1.0000000000000000D+02
             set special rate factor for r_cl32_gn_cl31          82    1.0000000000000000D+02
             set special rate factor for r_cl31_ng_cl32          81    1.0000000000000000D+02
             set special rate factor for r_cl32_gn_cl31          82    1.0000000000000000D+02
 number of species         305
 read /hpc/group/physics/al363/low_overhead/sens/base/history_custom_low_overhead
 read /hpc/group/physics/al363/low_overhead/sens/base/profile_custom_low_overhead
 net name /hpc/group/physics/al363/sens/base/rp_305.net
 v_flag T
                                           xmstar/mstar    4.5461189430843640D-12
                                             xmstar (g)    1.2660395722219186D+22
                                           M_center (g)    2.7848799999878681D+33
                                            xmstar/Msun    6.3645665203193175D-12
                                          M_center/Msun    1.3999999999939012D+00
                                          R_center (cm)    1.1200000000000000D+06
                                          R_center/Rsun    1.6092416448748527D-05
                                           core density    4.7322078204273819D+14
                                          L_center/Lsun    4.1647144567650578D+00
 kappa_file_prefix gs98
 kappa_lowT_prefix lowT_fa05_gs98

   eos_file_prefix mesa
                                        OMP_NUM_THREADS           8


__________________________________________________________________________________________________________________________________________________

       step    lg_Tcntr    Teff       lg_LH     lg_Lnuc     Mass       H_rich     H_cntr     N_cntr     Y_surf     X_avg     eta_cntr  zones retry
   lg_dt_yr    lg_Dcntr    lg_R       lg_L3a    lg_Lneu     lg_Mdot    He_core    He_cntr    O_cntr     Z_surf     Y_avg     gam_cntr  iters bckup
     age_yr    lg_Pcntr    lg_L       lg_LZ     lg_Psurf    lg_Dsurf   C_core     C_cntr     Ne_cntr    Si_cntr    Z_avg     v_div_cs     dt_limit
__________________________________________________________________________________________________________________________________________________

         12   8.207068  1.596E+06   0.422373   0.422680   1.400000   1.400000   0.000000   0.000000   0.275200   0.032716  18.782540    782      0
  -5.834864   6.544453  -4.792968 -17.300136  -0.755568  -8.522879   0.000000   0.000000   0.000000   0.020000   0.012436 128.974929      6      0
 9.8181E-06  23.077272   0.179446  -2.727454  12.804639  -1.522785   0.000000   0.000000   0.000000   0.000687  9.548E-01 -0.112E-12      lgT_cntr

save LOGS/profile2.data for model 12
       retry log10(dt/yr), log10(dt), retry_factor     1    34       -5.396345        2.102767        0.500000
       retry log10(dt/yr), log10(dt), retry_factor     1    38       -5.396345        2.102767        0.500000
       retry log10(dt/yr), log10(dt), retry_factor     1    42       -5.396345        2.102767        0.500000
       retry log10(dt/yr), log10(dt), retry_factor     1    46       -5.396345        2.102767        0.500000
       retry log10(dt/yr), log10(dt), retry_factor     1    51       -5.095315        2.403797        0.500000
       retry log10(dt/yr), log10(dt), retry_factor     1    52       -5.095315        2.403797        0.500000
       retry log10(dt/yr), log10(dt), retry_factor     1    53       -5.095315        2.403797        0.500000
       retry log10(dt/yr), log10(dt), retry_factor     1    54       -5.095315        2.403797        0.500000
       retry log10(dt/yr), log10(dt), retry_factor     1    55       -5.095315        2.403797        0.500000
       retry log10(dt/yr), log10(dt), retry_factor     1    56       -5.095315        2.403797        0.500000
       retry log10(dt/yr), log10(dt), retry_factor     2    56       -5.396345        2.102767        0.500000
       retry log10(dt/yr), log10(dt), retry_factor     1    60       -5.396345        2.102767        0.500000
       retry log10(dt/yr), log10(dt), retry_factor     1    61       -5.697375        1.801737        0.500000
       retry log10(dt/yr), log10(dt), retry_factor     1    62       -5.998405        1.500707        0.500000
       retry log10(dt/yr), log10(dt), retry_factor     1    64       -6.299435        1.199677        0.500000
hydro_newton_step failed to accept
       retry log10(dt/yr), log10(dt), retry_factor     1    65       -6.600465        0.898647        0.500000
       retry log10(dt/yr), log10(dt), retry_factor     1    67       -6.901495        0.597617        0.500000
       retry log10(dt/yr), log10(dt), retry_factor     1    69       -7.202525        0.296587        0.500000
       retry log10(dt/yr), log10(dt), retry_factor     1    70       -7.503555       -0.004443        0.500000
       retry log10(dt/yr), log10(dt), retry_factor     1    72       -7.804585       -0.305473        0.500000
       retry log10(dt/yr), log10(dt), retry_factor     1    74       -8.105615       -0.606503        0.500000
       retry log10(dt/yr), log10(dt), retry_factor     1    75       -8.439771       -0.940660        0.500000
       retry log10(dt/yr), log10(dt), retry_factor     1   142       -8.642407       -1.143295        0.500000
       retry log10(dt/yr), log10(dt), retry_factor     1   143       -9.040347       -1.541235        0.500000
       retry log10(dt/yr), log10(dt), retry_factor     1   169       -8.707940       -1.208828        0.500000
       retry log10(dt/yr), log10(dt), retry_factor     2   169       -9.008970       -1.509858        0.500000
 have reached retry limit so now backup
       retry log10(dt/yr), log10(dt), retry_factor     1   185       -7.392319        0.106792        0.500000
       retry log10(dt/yr), log10(dt), retry_factor     1   191       -7.735060       -0.235948        0.500000
       retry log10(dt/yr), log10(dt), retry_factor     2   191       -8.036090       -0.536978        0.500000
 have reached retry limit so now backup
hydro_newton_step failed to accept
       retry log10(dt/yr), log10(dt), retry_factor     1   195       -8.203942       -0.704830        0.500000
       retry log10(dt/yr), log10(dt), retry_factor     2   195       -8.504972       -1.005860        0.500000
hydro_newton_step failed to accept
       retry log10(dt/yr), log10(dt), retry_factor     1   222       -7.777310       -0.278198        0.500000
hydro_newton_step failed to accept
       retry log10(dt/yr), log10(dt), retry_factor     2   222       -8.078340       -0.579228        0.500000
       retry log10(dt/yr), log10(dt), retry_factor     1   232       -7.563686       -0.064574        0.500000
       retry log10(dt/yr), log10(dt), retry_factor     2   232       -7.864716       -0.365604        0.500000
       retry log10(dt/yr), log10(dt), retry_factor     1   237       -7.563686       -0.064574        0.500000
       retry log10(dt/yr), log10(dt), retry_factor     2   237       -7.864716       -0.365604        0.500000
 have reached retry limit so now backup
       retry log10(dt/yr), log10(dt), retry_factor     1   244       -7.674933       -0.175822        0.500000
       retry log10(dt/yr), log10(dt), retry_factor     1   290       -5.334332        2.164779        0.500000
       retry log10(dt/yr), log10(dt), retry_factor     1   291       -5.732272        1.766839        0.500000
       retry log10(dt/yr), log10(dt), retry_factor     1   292       -6.033302        1.465809        0.500000
       retry log10(dt/yr), log10(dt), retry_factor     2   292       -6.334332        1.164779        0.500000
       retry log10(dt/yr), log10(dt), retry_factor     1   299       -5.555599        1.943512        0.500000
       retry log10(dt/yr), log10(dt), retry_factor     1   304       -5.517673        1.981439        0.500000
       retry log10(dt/yr), log10(dt), retry_factor     1   308       -5.517673        1.981439        0.500000
       retry log10(dt/yr), log10(dt), retry_factor     1   309       -5.818703        1.680409        0.500000
       retry log10(dt/yr), log10(dt), retry_factor     1   315       -5.259396        2.239715        0.500000
       retry log10(dt/yr), log10(dt), retry_factor     1   317       -5.560426        1.938685        0.500000
       retry log10(dt/yr), log10(dt), retry_factor     2   317       -5.861456        1.637655        0.500000
 have reached retry limit so now backup
       retry log10(dt/yr), log10(dt), retry_factor     1   320       -6.162486        1.336625        0.500000
       retry log10(dt/yr), log10(dt), retry_factor     2   320       -6.463516        1.035595        0.500000
       retry log10(dt/yr), log10(dt), retry_factor     1   322       -6.764546        0.734565        0.500000
hydro_newton_step failed to accept
       retry log10(dt/yr), log10(dt), retry_factor     2   322       -7.065576        0.433535        0.500000
 have reached retry limit so now backup
       retry log10(dt/yr), log10(dt), retry_factor     1   332       -5.479999        2.019112        0.500000
       retry log10(dt/yr), log10(dt), retry_factor     1   333       -5.877939        1.621172        0.500000
       retry log10(dt/yr), log10(dt), retry_factor     2   333       -6.178969        1.320142        0.500000
 have reached retry limit so now backup
hydro_newton_step failed to accept
       retry log10(dt/yr), log10(dt), retry_factor     1   338       -6.176854        1.322257        0.500000
       retry log10(dt/yr), log10(dt), retry_factor     2   338       -6.477884        1.021227        0.500000
       retry log10(dt/yr), log10(dt), retry_factor     1   339       -6.778914        0.720198        0.500000
       retry log10(dt/yr), log10(dt), retry_factor     1   347       -5.740508        1.758604        0.500000
hydro_newton_step failed to accept
       retry log10(dt/yr), log10(dt), retry_factor     1   348       -6.138448        1.360664        0.500000
       retry log10(dt/yr), log10(dt), retry_factor     1   349       -6.536388        0.962724        0.500000
hydro_newton_step failed to accept
       retry log10(dt/yr), log10(dt), retry_factor     1   354       -6.235358        1.263754        0.500000
       retry log10(dt/yr), log10(dt), retry_factor     1   355       -6.235358        1.263754        0.500000
        355   8.436059  4.528E+06   1.952981   2.079880   1.400000   1.400000   0.000000   0.000000   0.275200   0.077731  11.915204    747     64
  -5.934328   6.606461  -4.792684   1.223705   1.162629  -8.522879   0.000000   0.000000   0.000000   0.020000   0.055866  79.833193      6      6
 5.8215E-04  23.180513   1.991888   1.137235  13.826013  -0.964305   0.000000   0.000000   0.000000   0.000687  8.664E-01  0.147E-13         retry

save LOGS/profile3.data for model 355
hydro_newton_step failed to accept
       retry log10(dt/yr), log10(dt), retry_factor     1   356       -6.536388        0.962724        0.500000
       retry log10(dt/yr), log10(dt), retry_factor     1   359       -6.767539        0.731572        0.500000
       retry log10(dt/yr), log10(dt), retry_factor     2   359       -7.068569        0.430542        0.500000
       retry log10(dt/yr), log10(dt), retry_factor     1   361       -7.375337        0.123775        0.500000
       retry log10(dt/yr), log10(dt), retry_factor     1   365       -7.375337        0.123775        0.500000
       retry log10(dt/yr), log10(dt), retry_factor     2   365       -7.676367       -0.177255        0.500000
       retry log10(dt/yr), log10(dt), retry_factor     1   368       -7.977397       -0.478285        0.500000
       retry log10(dt/yr), log10(dt), retry_factor     1   369       -8.278427       -0.779315        0.500000
       retry log10(dt/yr), log10(dt), retry_factor     1   379       -8.866853       -1.367741        0.500000
hydro_newton_step failed to accept
       retry log10(dt/yr), log10(dt), retry_factor     1   406       -9.249762       -1.750651        0.500000
       retry log10(dt/yr), log10(dt), retry_factor     1   465       -7.636028       -0.136917        0.500000
       retry log10(dt/yr), log10(dt), retry_factor     1   466       -8.033968       -0.534857        0.500000
hydro_newton_step failed to accept
       retry log10(dt/yr), log10(dt), retry_factor     2   466       -8.334998       -0.835887        0.500000
       retry log10(dt/yr), log10(dt), retry_factor     1   467       -8.636028       -1.136917        0.500000
       retry log10(dt/yr), log10(dt), retry_factor     1   477       -7.777580       -0.278468        0.500000
       retry log10(dt/yr), log10(dt), retry_factor     2   477       -8.078610       -0.579498        0.500000
 have reached retry limit so now backup
       retry log10(dt/yr), log10(dt), retry_factor     1   480       -8.391438       -0.892326        0.500000
       retry log10(dt/yr), log10(dt), retry_factor     2   480       -8.692468       -1.193356        0.500000
 bad other yaxis for History panels plot num_zones

 ERROR: failed to find log_Teff in history data

 grid1/grid1_000500.png/png
       retry log10(dt/yr), log10(dt), retry_factor     1   514       -7.652397       -0.153285        0.500000
       retry log10(dt/yr), log10(dt), retry_factor     2   514       -7.953427       -0.454315        0.500000
       retry log10(dt/yr), log10(dt), retry_factor     1   554       -6.440398        1.058713        0.500000
       retry log10(dt/yr), log10(dt), retry_factor     1   566       -5.681945        1.817167        0.500000
       retry log10(dt/yr), log10(dt), retry_factor     2   566       -5.982975        1.516137        0.500000
       retry log10(dt/yr), log10(dt), retry_factor     1   572       -5.487895        2.011217        0.500000
       retry log10(dt/yr), log10(dt), retry_factor     1   573       -5.830983        1.668128        0.500000
       retry log10(dt/yr), log10(dt), retry_factor     1   574       -6.132013        1.367098        0.500000
       retry log10(dt/yr), log10(dt), retry_factor     1   578       -6.132013        1.367098        0.500000
       retry log10(dt/yr), log10(dt), retry_factor     1   585       -5.524768        1.974344        0.500000
       retry log10(dt/yr), log10(dt), retry_factor     2   585       -5.825798        1.673314        0.500000
       retry log10(dt/yr), log10(dt), retry_factor     1   586       -6.126828        1.372284        0.500000
       retry log10(dt/yr), log10(dt), retry_factor     2   586       -6.427858        1.071254        0.500000
       retry log10(dt/yr), log10(dt), retry_factor     1   594       -5.551283        1.947828        0.500000
       retry log10(dt/yr), log10(dt), retry_factor     2   594       -5.852313        1.646798        0.500000
 have reached retry limit so now backup
       retry log10(dt/yr), log10(dt), retry_factor     1   600       -5.305489        2.193623        0.500000
       retry log10(dt/yr), log10(dt), retry_factor     1   602       -5.696407        1.802704        0.500000
       retry log10(dt/yr), log10(dt), retry_factor     1   608       -5.371525        2.127587        0.500000
       retry log10(dt/yr), log10(dt), retry_factor     1   609       -5.769465        1.729647        0.500000
       retry log10(dt/yr), log10(dt), retry_factor     1   610       -6.070495        1.428617        0.500000
hydro_newton_step failed to accept
       retry log10(dt/yr), log10(dt), retry_factor     2   610       -6.371525        1.127587        0.500000
       retry log10(dt/yr), log10(dt), retry_factor     1   611       -6.672555        0.826557        0.500000
       retry log10(dt/yr), log10(dt), retry_factor     1   619       -5.772516        1.726596        0.500000
       retry log10(dt/yr), log10(dt), retry_factor     2   619       -6.073546        1.425566        0.500000
hydro_newton_step failed to accept
       retry log10(dt/yr), log10(dt), retry_factor     1   625       -5.932025        1.567087        0.500000
hydro_newton_step failed to accept
       retry log10(dt/yr), log10(dt), retry_factor     2   625       -6.233055        1.266057        0.500000
 have reached retry limit so now backup
hydro_newton_step failed to accept
       retry log10(dt/yr), log10(dt), retry_factor     1   629       -6.302144        1.196967        0.500000
       retry log10(dt/yr), log10(dt), retry_factor     1   632       -5.884422        1.614690        0.500000
       retry log10(dt/yr), log10(dt), retry_factor     1   634       -6.219358        1.279753        0.500000
hydro_newton_step failed to accept
       retry log10(dt/yr), log10(dt), retry_factor     2   634       -6.520388        0.978723        0.500000
 have reached retry limit so now backup
       retry log10(dt/yr), log10(dt), retry_factor     1   637       -6.821418        0.677693        0.500000
       retry log10(dt/yr), log10(dt), retry_factor     1   643       -6.219358        1.279753        0.500000
hydro_newton_step failed to accept
       retry log10(dt/yr), log10(dt), retry_factor     1   645       -6.520388        0.978723        0.500000
       retry log10(dt/yr), log10(dt), retry_factor     1   647       -6.520388        0.978723        0.500000
hydro_newton_step failed to accept
       retry log10(dt/yr), log10(dt), retry_factor     2   647       -6.821418        0.677693        0.500000
       retry log10(dt/yr), log10(dt), retry_factor     1   650       -7.122448        0.376663        0.500000
       retry log10(dt/yr), log10(dt), retry_factor     1   651       -7.423478        0.075633        0.500000
       retry log10(dt/yr), log10(dt), retry_factor     1   654       -7.724508       -0.225397        0.500000
       retry log10(dt/yr), log10(dt), retry_factor     1   656       -8.122448       -0.623337        0.500000
       retry log10(dt/yr), log10(dt), retry_factor     1   657       -8.457740       -0.958628        0.500000
       retry log10(dt/yr), log10(dt), retry_factor     2   657       -8.758770       -1.259658        0.500000
hydro_newton_step failed to accept
       retry log10(dt/yr), log10(dt), retry_factor     1   681       -9.473571       -1.974459        0.500000
       retry log10(dt/yr), log10(dt), retry_factor     2   681       -9.774601       -2.275489        0.500000
       retry log10(dt/yr), log10(dt), retry_factor     1   697       -9.031509       -1.532398        0.500000
       retry log10(dt/yr), log10(dt), retry_factor     2   697       -9.332539       -1.833428        0.500000
 have reached retry limit so now backup
       retry log10(dt/yr), log10(dt), retry_factor     1   751       -7.234273        0.264839        0.500000
       retry log10(dt/yr), log10(dt), retry_factor     2   751       -7.535303       -0.036191        0.500000
 have reached retry limit so now backup
       retry log10(dt/yr), log10(dt), retry_factor     1   753       -7.836333       -0.337221        0.500000
       retry log10(dt/yr), log10(dt), retry_factor     2   753       -8.137363       -0.638251        0.500000
 have reached retry limit so now backup
       retry log10(dt/yr), log10(dt), retry_factor     1   754       -8.438393       -0.939281        0.500000
       retry log10(dt/yr), log10(dt), retry_factor     2   754       -8.739423       -1.240311        0.500000
 have reached retry limit so now backup
       retry log10(dt/yr), log10(dt), retry_factor     1   754       -9.040453       -1.541341        0.500000
       retry log10(dt/yr), log10(dt), retry_factor     2   754       -9.341483       -1.842371        0.500000
 have reached retry limit so now backup
       retry log10(dt/yr), log10(dt), retry_factor     1   754       -9.642513       -2.143401        0.500000
       retry log10(dt/yr), log10(dt), retry_factor     2   754       -9.943543       -2.444431        0.500000
 have reached retry limit so now backup
       retry log10(dt/yr), log10(dt), retry_factor     1   755      -10.244573       -2.745461        0.500000
       retry log10(dt/yr), log10(dt), retry_factor     2   755      -10.545603       -3.046491        0.500000
 have reached retry limit so now backup
       retry log10(dt/yr), log10(dt), retry_factor     1   757      -10.846633       -3.347521        0.500000
hydro_newton_step failed to accept
       retry log10(dt/yr), log10(dt), retry_factor     1   771       -8.332934       -0.833823        0.500000
hydro_newton_step failed to accept
       retry log10(dt/yr), log10(dt), retry_factor     2   771       -8.633964       -1.134853        0.500000
 have reached retry limit so now backup
       retry log10(dt/yr), log10(dt), retry_factor     1   782       -7.632006       -0.132895        0.500000
       retry log10(dt/yr), log10(dt), retry_factor     2   782       -7.933036       -0.433925        0.500000
 have reached retry limit so now backup
       retry log10(dt/yr), log10(dt), retry_factor     1   785       -8.427886       -0.928775        0.500000
hydro_newton_step failed to accept
       retry log10(dt/yr), log10(dt), retry_factor     1   786       -8.728916       -1.229805        0.500000
       retry log10(dt/yr), log10(dt), retry_factor     1   821       -7.700111       -0.201000        0.500000
hydro_newton_step failed to accept
       retry log10(dt/yr), log10(dt), retry_factor     2   821       -8.001141       -0.502030        0.500000
       retry log10(dt/yr), log10(dt), retry_factor     1   827       -7.399081        0.100030        0.500000
       retry log10(dt/yr), log10(dt), retry_factor     2   827       -7.700111       -0.201000        0.500000
 have reached retry limit so now backup
       retry log10(dt/yr), log10(dt), retry_factor     1   834       -7.532479       -0.033368        0.500000
       retry log10(dt/yr), log10(dt), retry_factor     2   834       -7.833509       -0.334398        0.500000
 have reached retry limit so now backup
       retry log10(dt/yr), log10(dt), retry_factor     1   877       -6.103663        1.395448        0.500000
       retry log10(dt/yr), log10(dt), retry_factor     2   877       -6.404693        1.094418        0.500000
       retry log10(dt/yr), log10(dt), retry_factor     1   885       -5.764901        1.734210        0.500000
       retry log10(dt/yr), log10(dt), retry_factor     1   890       -5.687907        1.811205        0.500000
       retry log10(dt/yr), log10(dt), retry_factor     2   890       -5.988937        1.510175        0.500000
       retry log10(dt/yr), log10(dt), retry_factor     1   891       -6.289967        1.209145        0.500000
       retry log10(dt/yr), log10(dt), retry_factor     1   898       -5.569184        1.929928        0.500000
       retry log10(dt/yr), log10(dt), retry_factor     1   899       -5.870214        1.628898        0.500000
hydro_newton_step failed to accept
       retry log10(dt/yr), log10(dt), retry_factor     2   899       -6.171244        1.327868        0.500000

stop because model_number >= max_model_number
      902      902

        902   8.346188  3.495E+06   1.413476   1.450355   1.400000   1.400000   0.000000   0.000000   0.275200   0.039697  15.490873    925    161
  -5.870214   6.647240  -4.792774  -1.854226   0.624963  -8.522879   0.000000   0.000000   0.000000   0.020000   0.031616 101.308923      6     21
 9.5766E-04  23.237004   1.541496   0.358382  13.532170  -1.142850   0.000000   0.000000   0.000000   0.000687  9.287E-01 -0.110E-14          hold

save LOGS/profile4.data for model 902
save photos/x902 for model 902
save abund_profile_r_cl31_ng_cl32_100.data for model 902
 saved to final.mod
termination code: max_model_number
        902   8.346188  3.495E+06   1.413476   1.450355   1.400000   1.400000   0.000000   0.000000   0.275200   0.039697  15.490873    925    161
  -5.870214   6.647240  -4.792774  -1.854226   0.624963  -8.522879   0.000000   0.000000   0.000000   0.020000   0.031616 101.308923      6     21
 9.5766E-04  23.237004   1.541496   0.358382  13.532170  -1.142850   0.000000   0.000000   0.000000   0.000687  9.287E-01 -0.110E-14  max increase

DATE: 2021-04-13
TIME: 05:55:32
