the mesa run folder is /work/al363/runs/low_overhead/runs_x100_7

starting from photo
cp: 'restart_photo' and 'restart_photo' are the same file
                                         version_number       10108
 read /hpc/group/physics/al363/low_overhead/sens/base/inlist_base
 read inlist_cluster
load saved model /hpc/group/physics/al363/sens/base/ns_relax.mod

 change to /hpc/group/physics/al363/sens/base/rp_305.net
             set special rate factor for r_zn63_pg_ga64        1365    1.0000000000000000D+02
             set special rate factor for r_ga64_gp_zn63        1366    1.0000000000000000D+02
             set special rate factor for r_zn63_pg_ga64        1365    1.0000000000000000D+02
             set special rate factor for r_ga64_gp_zn63        1366    1.0000000000000000D+02
 number of species         305
 read /hpc/group/physics/al363/low_overhead/sens/base/history_custom_low_overhead
 read /hpc/group/physics/al363/low_overhead/sens/base/profile_custom_low_overhead
 net name /hpc/group/physics/al363/sens/base/rp_305.net
 v_flag T
                                           xmstar/mstar    4.5461189430843640D-12
                                             xmstar (g)    1.2660395722219186D+22
                                           M_center (g)    2.7848799999878681D+33
                                            xmstar/Msun    6.3645665203193175D-12
                                          M_center/Msun    1.3999999999939012D+00
                                          R_center (cm)    1.1200000000000000D+06
                                          R_center/Rsun    1.6092416448748527D-05
                                           core density    4.7322078204273819D+14
                                          L_center/Lsun    4.1647144567650578D+00
 kappa_file_prefix gs98
 kappa_lowT_prefix lowT_fa05_gs98

   eos_file_prefix mesa
                                        OMP_NUM_THREADS           8


__________________________________________________________________________________________________________________________________________________

       step    lg_Tcntr    Teff       lg_LH     lg_Lnuc     Mass       H_rich     H_cntr     N_cntr     Y_surf     X_avg     eta_cntr  zones retry
   lg_dt_yr    lg_Dcntr    lg_R       lg_L3a    lg_Lneu     lg_Mdot    He_core    He_cntr    O_cntr     Z_surf     Y_avg     gam_cntr  iters bckup
     age_yr    lg_Pcntr    lg_L       lg_LZ     lg_Psurf    lg_Dsurf   C_core     C_cntr     Ne_cntr    Si_cntr    Z_avg     v_div_cs     dt_limit
__________________________________________________________________________________________________________________________________________________

save LOGS/profile1.data for model 2
         12   8.207068  1.596E+06   0.422373   0.422680   1.400000   1.400000   0.000000   0.000000   0.275200   0.032716  18.782540    782      0
  -5.834864   6.544453  -4.792968 -17.300136  -0.755568  -8.522879   0.000000   0.000000   0.000000   0.020000   0.012436 128.974929      6      0
 9.8181E-06  23.077272   0.179446  -2.727454  12.804639  -1.522785   0.000000   0.000000   0.000000   0.000687  9.548E-01 -0.112E-12      lgT_cntr

save LOGS/profile2.data for model 12
       retry log10(dt/yr), log10(dt), retry_factor     1    34       -5.396345        2.102767        0.500000
       retry log10(dt/yr), log10(dt), retry_factor     1    38       -5.396345        2.102767        0.500000
       retry log10(dt/yr), log10(dt), retry_factor     1    42       -5.396345        2.102767        0.500000
       retry log10(dt/yr), log10(dt), retry_factor     1    46       -5.396345        2.102767        0.500000
       retry log10(dt/yr), log10(dt), retry_factor     1    51       -5.095315        2.403797        0.500000
       retry log10(dt/yr), log10(dt), retry_factor     1    52       -5.095315        2.403797        0.500000
       retry log10(dt/yr), log10(dt), retry_factor     1    53       -5.095315        2.403797        0.500000
       retry log10(dt/yr), log10(dt), retry_factor     1    54       -5.095315        2.403797        0.500000
       retry log10(dt/yr), log10(dt), retry_factor     1    55       -5.095315        2.403797        0.500000
       retry log10(dt/yr), log10(dt), retry_factor     1    56       -5.095315        2.403797        0.500000
       retry log10(dt/yr), log10(dt), retry_factor     2    56       -5.396345        2.102767        0.500000
       retry log10(dt/yr), log10(dt), retry_factor     1    60       -5.396345        2.102767        0.500000
       retry log10(dt/yr), log10(dt), retry_factor     1    61       -5.697375        1.801737        0.500000
       retry log10(dt/yr), log10(dt), retry_factor     1    62       -5.998405        1.500707        0.500000
       retry log10(dt/yr), log10(dt), retry_factor     1    64       -6.299435        1.199677        0.500000
hydro_newton_step failed to accept
       retry log10(dt/yr), log10(dt), retry_factor     1    65       -6.600465        0.898647        0.500000
       retry log10(dt/yr), log10(dt), retry_factor     1    67       -6.901495        0.597617        0.500000
       retry log10(dt/yr), log10(dt), retry_factor     1    69       -7.202525        0.296587        0.500000
       retry log10(dt/yr), log10(dt), retry_factor     1    70       -7.503555       -0.004443        0.500000
       retry log10(dt/yr), log10(dt), retry_factor     1    72       -7.804585       -0.305473        0.500000
       retry log10(dt/yr), log10(dt), retry_factor     1    74       -8.105615       -0.606503        0.500000
       retry log10(dt/yr), log10(dt), retry_factor     1    75       -8.439704       -0.940593        0.500000
       retry log10(dt/yr), log10(dt), retry_factor     1   142       -8.645193       -1.146081        0.500000
       retry log10(dt/yr), log10(dt), retry_factor     1   143       -9.043133       -1.544021        0.500000
       retry log10(dt/yr), log10(dt), retry_factor     1   152       -9.052207       -1.553096        0.500000
       retry log10(dt/yr), log10(dt), retry_factor     1   159       -8.805964       -1.306852        0.500000
       retry log10(dt/yr), log10(dt), retry_factor     1   171       -8.812270       -1.313159        0.500000
       retry log10(dt/yr), log10(dt), retry_factor     1   186       -7.404592        0.094520        0.500000
       retry log10(dt/yr), log10(dt), retry_factor     1   192       -7.534898       -0.035787        0.500000
       retry log10(dt/yr), log10(dt), retry_factor     2   192       -7.835928       -0.336817        0.500000
 have reached retry limit so now backup
hydro_newton_step failed to accept
       retry log10(dt/yr), log10(dt), retry_factor     1   196       -8.074097       -0.574985        0.500000
       retry log10(dt/yr), log10(dt), retry_factor     2   196       -8.375127       -0.876015        0.500000
 have reached retry limit so now backup
       retry log10(dt/yr), log10(dt), retry_factor     1   197       -8.676157       -1.177045        0.500000
       retry log10(dt/yr), log10(dt), retry_factor     1   229       -7.782477       -0.283365        0.500000
hydro_newton_step failed to accept
       retry log10(dt/yr), log10(dt), retry_factor     2   229       -8.083507       -0.584395        0.500000
       retry log10(dt/yr), log10(dt), retry_factor     1   235       -7.628945       -0.129834        0.500000
       retry log10(dt/yr), log10(dt), retry_factor     2   235       -7.929975       -0.430864        0.500000
       retry log10(dt/yr), log10(dt), retry_factor     1   244       -7.536174       -0.037062        0.500000
       retry log10(dt/yr), log10(dt), retry_factor     2   244       -7.837204       -0.338092        0.500000
 have reached retry limit so now backup
       retry log10(dt/yr), log10(dt), retry_factor     1   253       -7.624237       -0.125126        0.500000
       retry log10(dt/yr), log10(dt), retry_factor     2   253       -7.925267       -0.426156        0.500000
       retry log10(dt/yr), log10(dt), retry_factor     1   292       -5.674716        1.824396        0.500000
       retry log10(dt/yr), log10(dt), retry_factor     1   293       -5.975746        1.523366        0.500000
       retry log10(dt/yr), log10(dt), retry_factor     2   293       -6.276776        1.222336        0.500000
       retry log10(dt/yr), log10(dt), retry_factor     1   301       -5.431881        2.067230        0.500000
       retry log10(dt/yr), log10(dt), retry_factor     1   305       -5.829821        1.669290        0.500000
       retry log10(dt/yr), log10(dt), retry_factor     1   311       -5.442899        2.056212        0.500000
       retry log10(dt/yr), log10(dt), retry_factor     2   311       -5.743929        1.755182        0.500000
 have reached retry limit so now backup
       retry log10(dt/yr), log10(dt), retry_factor     1   316       -5.442899        2.056212        0.500000
       retry log10(dt/yr), log10(dt), retry_factor     1   317       -5.743929        1.755182        0.500000
       retry log10(dt/yr), log10(dt), retry_factor     1   323       -5.351669        2.147442        0.500000
       retry log10(dt/yr), log10(dt), retry_factor     1   325       -5.763053        1.736059        0.500000
       retry log10(dt/yr), log10(dt), retry_factor     2   325       -6.064083        1.435029        0.500000
       retry log10(dt/yr), log10(dt), retry_factor     1   332       -5.503733        1.995379        0.500000
       retry log10(dt/yr), log10(dt), retry_factor     2   332       -5.804763        1.694349        0.500000
hydro_newton_step failed to accept
       retry log10(dt/yr), log10(dt), retry_factor     1   333       -6.166795        1.332317        0.500000
       retry log10(dt/yr), log10(dt), retry_factor     1   334       -6.467825        1.031287        0.500000
       retry log10(dt/yr), log10(dt), retry_factor     1   337       -6.768855        0.730257        0.500000
       retry log10(dt/yr), log10(dt), retry_factor     1   345       -5.720736        1.778376        0.500000
hydro_newton_step failed to accept
       retry log10(dt/yr), log10(dt), retry_factor     1   346       -6.115082        1.384030        0.500000
hydro_newton_step failed to accept
       retry log10(dt/yr), log10(dt), retry_factor     1   347       -6.513022        0.986090        0.500000
       retry log10(dt/yr), log10(dt), retry_factor     1   348       -6.814052        0.685060        0.500000
       retry log10(dt/yr), log10(dt), retry_factor     1   349       -7.115082        0.384030        0.500000
        356   8.430703  4.461E+06   1.922435   2.029110   1.400000   1.400000   0.000000   0.000000   0.275200   0.077546  12.067249    762     63
  -5.609932   6.606526  -4.792689   1.119386   1.116043  -8.522879   0.000000   0.000000   0.000000   0.020000   0.055804  80.827836      6      4
 5.8065E-04  23.180273   1.965849   1.005380  13.809215  -0.974426   0.000000   0.000000   0.000000   0.000687  8.666E-01 -0.325E-13  max increase

save LOGS/profile3.data for model 356
       retry log10(dt/yr), log10(dt), retry_factor     1   357       -6.088082        1.411030        0.500000
hydro_newton_step failed to accept
       retry log10(dt/yr), log10(dt), retry_factor     2   357       -6.389112        1.110000        0.500000
       retry log10(dt/yr), log10(dt), retry_factor     1   360       -6.714495        0.784616        0.500000
       retry log10(dt/yr), log10(dt), retry_factor     2   360       -7.015525        0.483586        0.500000
       retry log10(dt/yr), log10(dt), retry_factor     1   363       -7.316555        0.182556        0.500000
       retry log10(dt/yr), log10(dt), retry_factor     1   364       -7.617585       -0.118474        0.500000
       retry log10(dt/yr), log10(dt), retry_factor     1   367       -7.918615       -0.419504        0.500000
       retry log10(dt/yr), log10(dt), retry_factor     1   370       -8.316555       -0.817444        0.500000
       retry log10(dt/yr), log10(dt), retry_factor     1   371       -8.617585       -1.118474        0.500000
       retry log10(dt/yr), log10(dt), retry_factor     1   376       -8.620416       -1.121305        0.500000
       retry log10(dt/yr), log10(dt), retry_factor     1   381       -8.855418       -1.356306        0.500000
hydro_newton_step failed to accept
       retry log10(dt/yr), log10(dt), retry_factor     1   406       -9.247216       -1.748104        0.500000
       retry log10(dt/yr), log10(dt), retry_factor     1   466       -7.727270       -0.228158        0.500000
       retry log10(dt/yr), log10(dt), retry_factor     2   466       -8.028300       -0.529188        0.500000
 have reached retry limit so now backup
hydro_newton_step failed to accept
       retry log10(dt/yr), log10(dt), retry_factor     1   470       -8.547682       -1.048571        0.500000
hydro_newton_step failed to accept
       retry log10(dt/yr), log10(dt), retry_factor     1   474       -8.270754       -0.771642        0.500000
hydro_newton_step failed to accept
       retry log10(dt/yr), log10(dt), retry_factor     2   474       -8.571784       -1.072672        0.500000
hydro_newton_step failed to accept
       retry log10(dt/yr), log10(dt), retry_factor     1   475       -8.571784       -1.072672        0.500000
       retry log10(dt/yr), log10(dt), retry_factor     1   480       -8.292878       -0.793766        0.500000
       retry log10(dt/yr), log10(dt), retry_factor     1   485       -7.991848       -0.492736        0.500000
 bad other yaxis for History panels plot num_zones

 ERROR: failed to find log_Teff in history data

 grid1/grid1_000500.png/png
       retry log10(dt/yr), log10(dt), retry_factor     1   508       -7.725690       -0.226578        0.500000
       retry log10(dt/yr), log10(dt), retry_factor     2   508       -8.026720       -0.527608        0.500000
       retry log10(dt/yr), log10(dt), retry_factor     1   513       -7.725690       -0.226578        0.500000
       retry log10(dt/yr), log10(dt), retry_factor     1   518       -7.621897       -0.122786        0.500000
       retry log10(dt/yr), log10(dt), retry_factor     2   518       -7.922927       -0.423816        0.500000
 have reached retry limit so now backup
       retry log10(dt/yr), log10(dt), retry_factor     1   526       -7.664497       -0.165386        0.500000
       retry log10(dt/yr), log10(dt), retry_factor     2   526       -7.965527       -0.466416        0.500000
 have reached retry limit so now backup
       retry log10(dt/yr), log10(dt), retry_factor     1   574       -5.465482        2.033630        0.500000
       retry log10(dt/yr), log10(dt), retry_factor     1   578       -5.520069        1.979043        0.500000
       retry log10(dt/yr), log10(dt), retry_factor     1   579       -5.918009        1.581103        0.500000
       retry log10(dt/yr), log10(dt), retry_factor     1   580       -6.219039        1.280073        0.500000
       retry log10(dt/yr), log10(dt), retry_factor     1   587       -5.452164        2.046947        0.500000
       retry log10(dt/yr), log10(dt), retry_factor     1   588       -5.850104        1.649007        0.500000
       retry log10(dt/yr), log10(dt), retry_factor     1   595       -5.313485        2.185626        0.500000
       retry log10(dt/yr), log10(dt), retry_factor     1   596       -5.711425        1.787686        0.500000
       retry log10(dt/yr), log10(dt), retry_factor     2   596       -6.012455        1.486656        0.500000
       retry log10(dt/yr), log10(dt), retry_factor     1   597       -6.313485        1.185626        0.500000
       retry log10(dt/yr), log10(dt), retry_factor     2   597       -6.614515        0.884596        0.500000
       retry log10(dt/yr), log10(dt), retry_factor     1   606       -5.250856        2.248256        0.500000
       retry log10(dt/yr), log10(dt), retry_factor     2   606       -5.551886        1.947226        0.500000
 have reached retry limit so now backup
       retry log10(dt/yr), log10(dt), retry_factor     1   611       -5.379645        2.119466        0.500000
       retry log10(dt/yr), log10(dt), retry_factor     2   611       -5.680675        1.818436        0.500000
 have reached retry limit so now backup
       retry log10(dt/yr), log10(dt), retry_factor     1   616       -5.379645        2.119466        0.500000
hydro_newton_step failed to accept
       retry log10(dt/yr), log10(dt), retry_factor     2   616       -5.680675        1.818436        0.500000
 have reached retry limit so now backup
hydro_newton_step failed to accept
       retry log10(dt/yr), log10(dt), retry_factor     1   617       -6.175525        1.323586        0.500000
       retry log10(dt/yr), log10(dt), retry_factor     1   622       -5.820871        1.678241        0.500000
hydro_newton_step failed to accept
       retry log10(dt/yr), log10(dt), retry_factor     2   622       -6.121901        1.377211        0.500000
       retry log10(dt/yr), log10(dt), retry_factor     1   628       -5.912952        1.586160        0.500000
       retry log10(dt/yr), log10(dt), retry_factor     2   628       -6.213982        1.285130        0.500000
       retry log10(dt/yr), log10(dt), retry_factor     1   629       -6.611922        0.887190        0.500000
hydro_newton_step failed to accept
       retry log10(dt/yr), log10(dt), retry_factor     2   629       -6.912952        0.586160        0.500000
 have reached retry limit so now backup
hydro_newton_step failed to accept
       retry log10(dt/yr), log10(dt), retry_factor     1   634       -6.801017        0.698095        0.500000
       retry log10(dt/yr), log10(dt), retry_factor     1   638       -6.530074        0.969038        0.500000
hydro_newton_step failed to accept
       retry log10(dt/yr), log10(dt), retry_factor     2   638       -6.831104        0.668008        0.500000
       retry log10(dt/yr), log10(dt), retry_factor     1   640       -7.132134        0.366978        0.500000
       retry log10(dt/yr), log10(dt), retry_factor     1   643       -7.433164        0.065948        0.500000
       retry log10(dt/yr), log10(dt), retry_factor     1   644       -7.734194       -0.235082        0.500000
       retry log10(dt/yr), log10(dt), retry_factor     1   646       -8.035224       -0.536112        0.500000
       retry log10(dt/yr), log10(dt), retry_factor     1   647       -8.433164       -0.934052        0.500000
       retry log10(dt/yr), log10(dt), retry_factor     1   688       -9.117726       -1.618615        0.500000
       retry log10(dt/yr), log10(dt), retry_factor     1   695       -9.024784       -1.525673        0.500000
       retry log10(dt/yr), log10(dt), retry_factor     1   746       -7.516773       -0.017661        0.500000
       retry log10(dt/yr), log10(dt), retry_factor     2   746       -7.817803       -0.318691        0.500000
hydro_newton_step failed to accept
       retry log10(dt/yr), log10(dt), retry_factor     1   748       -8.215743       -0.716631        0.500000
hydro_newton_step failed to accept
       retry log10(dt/yr), log10(dt), retry_factor     2   748       -8.516773       -1.017661        0.500000
       retry log10(dt/yr), log10(dt), retry_factor     1   750       -8.586973       -1.087861        0.500000
       retry log10(dt/yr), log10(dt), retry_factor     1   791       -7.546197       -0.047086        0.500000
       retry log10(dt/yr), log10(dt), retry_factor     2   791       -7.847227       -0.348116        0.500000
 have reached retry limit so now backup
       retry log10(dt/yr), log10(dt), retry_factor     1   797       -7.459351        0.039760        0.500000
       retry log10(dt/yr), log10(dt), retry_factor     2   797       -7.760381       -0.261270        0.500000
 have reached retry limit so now backup
       retry log10(dt/yr), log10(dt), retry_factor     1   843       -5.712626        1.786485        0.500000
       retry log10(dt/yr), log10(dt), retry_factor     2   843       -6.013656        1.485455        0.500000
       retry log10(dt/yr), log10(dt), retry_factor     1   849       -5.684118        1.814993        0.500000
       retry log10(dt/yr), log10(dt), retry_factor     2   849       -5.985148        1.513963        0.500000
       retry log10(dt/yr), log10(dt), retry_factor     1   850       -6.286178        1.212934        0.500000
       retry log10(dt/yr), log10(dt), retry_factor     1   857       -5.513825        1.985286        0.500000
       retry log10(dt/yr), log10(dt), retry_factor     1   862       -5.407960        2.091151        0.500000
       retry log10(dt/yr), log10(dt), retry_factor     1   864       -5.820380        1.678732        0.500000
       retry log10(dt/yr), log10(dt), retry_factor     1   865       -6.121410        1.377702        0.500000
       retry log10(dt/yr), log10(dt), retry_factor     2   865       -6.422440        1.076672        0.500000
 have reached retry limit so now backup
       retry log10(dt/yr), log10(dt), retry_factor     1   873       -5.347554        2.151558        0.500000
       retry log10(dt/yr), log10(dt), retry_factor     1   878       -5.382149        2.116963        0.500000
       retry log10(dt/yr), log10(dt), retry_factor     1   882       -5.876999        1.622113        0.500000
hydro_newton_step failed to accept
       retry log10(dt/yr), log10(dt), retry_factor     1   883       -6.274939        1.224173        0.500000
       retry log10(dt/yr), log10(dt), retry_factor     1   884       -6.575969        0.923143        0.500000
       retry log10(dt/yr), log10(dt), retry_factor     1   891       -5.785735        1.713376        0.500000
hydro_newton_step failed to accept
       retry log10(dt/yr), log10(dt), retry_factor     1   895       -5.827078        1.672033        0.500000
hydro_newton_step failed to accept
       retry log10(dt/yr), log10(dt), retry_factor     1   896       -5.992664        1.506447        0.500000
       retry log10(dt/yr), log10(dt), retry_factor     1   899       -6.061518        1.437593        0.500000
       retry log10(dt/yr), log10(dt), retry_factor     1   901       -6.362548        1.136563        0.500000
hydro_newton_step failed to accept
       retry log10(dt/yr), log10(dt), retry_factor     1   902       -6.760488        0.738623        0.500000
       retry log10(dt/yr), log10(dt), retry_factor     1   905       -6.760488        0.738623        0.500000
hydro_newton_step failed to accept
       retry log10(dt/yr), log10(dt), retry_factor     1   907       -7.061518        0.437593        0.500000
       retry log10(dt/yr), log10(dt), retry_factor     1   909       -7.061518        0.437593        0.500000
       retry log10(dt/yr), log10(dt), retry_factor     2   909       -7.362548        0.136563        0.500000
       retry log10(dt/yr), log10(dt), retry_factor     1   911       -7.663578       -0.164467        0.500000
       retry log10(dt/yr), log10(dt), retry_factor     1   913       -7.964608       -0.465497        0.500000
       retry log10(dt/yr), log10(dt), retry_factor     1   914       -8.265638       -0.766527        0.500000
       retry log10(dt/yr), log10(dt), retry_factor     1   929       -8.764828       -1.265716        0.500000
       1000   8.957310  1.741E+07   3.076112   5.880311   1.400000   1.400000   0.000000   0.000000   0.275200   0.039513   3.072062   1010    162
  -6.890447   6.584995  -4.791332   2.649561   3.719863  -8.522879   0.000000   0.000000   0.000000   0.020000   0.029537  23.647078      7     14
 1.1148E-03  23.258439   4.333873   5.879373  14.717941  -0.905708   0.000000   0.000000   0.000000   0.000687  9.310E-01 -0.967E-10  max increase

save LOGS/profile4.data for model 1000
save photos/1000 for model 1000
 bad other yaxis for History panels plot num_zones

 ERROR: failed to find log_Teff in history data

 grid1/grid1_001000.png/png
hydro_newton_step failed to accept
       retry log10(dt/yr), log10(dt), retry_factor     1  1002       -7.186444        0.312668        0.500000
       retry log10(dt/yr), log10(dt), retry_factor     2  1002       -7.487474        0.011638        0.500000
 have reached retry limit so now backup
       retry log10(dt/yr), log10(dt), retry_factor     1  1005       -7.788504       -0.289392        0.500000
       retry log10(dt/yr), log10(dt), retry_factor     2  1005       -8.089534       -0.590422        0.500000
 have reached retry limit so now backup
       retry log10(dt/yr), log10(dt), retry_factor     1  1005       -8.390564       -0.891452        0.500000
       retry log10(dt/yr), log10(dt), retry_factor     2  1005       -8.691594       -1.192482        0.500000
 have reached retry limit so now backup
       retry log10(dt/yr), log10(dt), retry_factor     1  1006       -8.992624       -1.493512        0.500000
       retry log10(dt/yr), log10(dt), retry_factor     2  1006       -9.293654       -1.794542        0.500000
 have reached retry limit so now backup
       retry log10(dt/yr), log10(dt), retry_factor     1  1009       -9.594684       -2.095572        0.500000
       retry log10(dt/yr), log10(dt), retry_factor     2  1009       -9.895714       -2.396602        0.500000
 have reached retry limit so now backup
       retry log10(dt/yr), log10(dt), retry_factor     1  1012      -10.196744       -2.697632        0.500000
       retry log10(dt/yr), log10(dt), retry_factor     2  1012      -10.497774       -2.998662        0.500000
 have reached retry limit so now backup
       retry log10(dt/yr), log10(dt), retry_factor     1  1014      -10.798804       -3.299692        0.500000
       retry log10(dt/yr), log10(dt), retry_factor     2  1014      -11.099834       -3.600722        0.500000
       retry log10(dt/yr), log10(dt), retry_factor     1  1033       -7.265788        0.233323        0.500000
hydro_newton_step failed to accept
       retry log10(dt/yr), log10(dt), retry_factor     2  1033       -7.566818       -0.067707        0.500000
       retry log10(dt/yr), log10(dt), retry_factor     1  1038       -8.150369       -0.651258        0.500000
hydro_newton_step failed to accept
       retry log10(dt/yr), log10(dt), retry_factor     1  1039       -8.508189       -1.009078        0.500000
       retry log10(dt/yr), log10(dt), retry_factor     1  1061       -7.866844       -0.367733        0.500000
       retry log10(dt/yr), log10(dt), retry_factor     2  1061       -8.167874       -0.668763        0.500000
       retry log10(dt/yr), log10(dt), retry_factor     1  1068       -8.072919       -0.573808        0.500000
       retry log10(dt/yr), log10(dt), retry_factor     1  1081       -7.534305       -0.035193        0.500000
       retry log10(dt/yr), log10(dt), retry_factor     1  1089       -7.618134       -0.119022        0.500000
       retry log10(dt/yr), log10(dt), retry_factor     2  1089       -7.919164       -0.420052        0.500000
 have reached retry limit so now backup
       retry log10(dt/yr), log10(dt), retry_factor     1  1132       -5.833009        1.666103        0.500000
       retry log10(dt/yr), log10(dt), retry_factor     1  1135       -6.134039        1.365073        0.500000
       retry log10(dt/yr), log10(dt), retry_factor     1  1142       -5.230949        2.268163        0.500000
       retry log10(dt/yr), log10(dt), retry_factor     2  1142       -5.531979        1.967133        0.500000
 have reached retry limit so now backup
       retry log10(dt/yr), log10(dt), retry_factor     1  1143       -6.026829        1.472283        0.500000
       retry log10(dt/yr), log10(dt), retry_factor     1  1144       -6.327859        1.171253        0.500000
       retry log10(dt/yr), log10(dt), retry_factor     1  1151       -5.612611        1.886501        0.500000
       retry log10(dt/yr), log10(dt), retry_factor     1  1156       -5.508821        1.990290        0.500000
       retry log10(dt/yr), log10(dt), retry_factor     1  1157       -5.906761        1.592350        0.500000
       retry log10(dt/yr), log10(dt), retry_factor     2  1157       -6.207791        1.291320        0.500000
       retry log10(dt/yr), log10(dt), retry_factor     1  1165       -5.169642        2.329470        0.500000
hydro_newton_step failed to accept
       retry log10(dt/yr), log10(dt), retry_factor     2  1165       -5.470672        2.028440        0.500000
 have reached retry limit so now backup
       retry log10(dt/yr), log10(dt), retry_factor     1  1170       -5.567582        1.931530        0.500000
       retry log10(dt/yr), log10(dt), retry_factor     2  1170       -5.868612        1.630500        0.500000
 have reached retry limit so now backup
hydro_newton_step failed to accept
       retry log10(dt/yr), log10(dt), retry_factor     1  1174       -5.965605        1.533507        0.500000
       retry log10(dt/yr), log10(dt), retry_factor     1  1178       -5.674438        1.824674        0.500000
       retry log10(dt/yr), log10(dt), retry_factor     1  1182       -5.782791        1.716321        0.500000
hydro_newton_step failed to accept
       retry log10(dt/yr), log10(dt), retry_factor     1  1183       -6.180731        1.318381        0.500000
       retry log10(dt/yr), log10(dt), retry_factor     1  1188       -5.755512        1.743599        0.500000
hydro_newton_step failed to accept
       retry log10(dt/yr), log10(dt), retry_factor     1  1189       -6.153452        1.345659        0.500000
       retry log10(dt/yr), log10(dt), retry_factor     1  1193       -5.938613        1.560499        0.500000
       retry log10(dt/yr), log10(dt), retry_factor     1  1195       -6.336553        1.162559        0.500000
       retry log10(dt/yr), log10(dt), retry_factor     2  1195       -6.637583        0.861529        0.500000
       retry log10(dt/yr), log10(dt), retry_factor     1  1196       -6.938613        0.560499        0.500000
       retry log10(dt/yr), log10(dt), retry_factor     2  1196       -7.239643        0.259469        0.500000
       retry log10(dt/yr), log10(dt), retry_factor     1  1203       -6.336553        1.162559        0.500000
       retry log10(dt/yr), log10(dt), retry_factor     1  1205       -6.637583        0.861529        0.500000
       retry log10(dt/yr), log10(dt), retry_factor     1  1206       -6.938613        0.560499        0.500000
       retry log10(dt/yr), log10(dt), retry_factor     1  1207       -7.239643        0.259469        0.500000
       retry log10(dt/yr), log10(dt), retry_factor     1  1208       -7.540673       -0.041561        0.500000
       retry log10(dt/yr), log10(dt), retry_factor     1  1211       -7.938613       -0.439501        0.500000
       retry log10(dt/yr), log10(dt), retry_factor     1  1212       -8.305239       -0.806127        0.500000
       retry log10(dt/yr), log10(dt), retry_factor     1  1247       -9.358052       -1.858940        0.500000
       retry log10(dt/yr), log10(dt), retry_factor     1  1300       -7.523824       -0.024712        0.500000
       retry log10(dt/yr), log10(dt), retry_factor     2  1300       -7.824854       -0.325742        0.500000
 have reached retry limit so now backup
       retry log10(dt/yr), log10(dt), retry_factor     1  1300       -8.125884       -0.626772        0.500000
       retry log10(dt/yr), log10(dt), retry_factor     2  1300       -8.426914       -0.927802        0.500000
 have reached retry limit so now backup
       retry log10(dt/yr), log10(dt), retry_factor     1  1303       -8.727944       -1.228832        0.500000
       retry log10(dt/yr), log10(dt), retry_factor     2  1303       -9.028974       -1.529862        0.500000
 have reached retry limit so now backup
       retry log10(dt/yr), log10(dt), retry_factor     1  1305       -9.330004       -1.830892        0.500000
       retry log10(dt/yr), log10(dt), retry_factor     1  1315       -8.056790       -0.557678        0.500000
       retry log10(dt/yr), log10(dt), retry_factor     2  1315       -8.357820       -0.858708        0.500000
hydro_newton_step failed to accept
       retry log10(dt/yr), log10(dt), retry_factor     1  1317       -8.658850       -1.159738        0.500000
       retry log10(dt/yr), log10(dt), retry_factor     1  1325       -7.784271       -0.285160        0.500000
       retry log10(dt/yr), log10(dt), retry_factor     1  1349       -7.934915       -0.435803        0.500000
       retry log10(dt/yr), log10(dt), retry_factor     1  1356       -7.750232       -0.251120        0.500000
hydro_newton_step failed to accept
       retry log10(dt/yr), log10(dt), retry_factor     2  1356       -8.051262       -0.552150        0.500000
       retry log10(dt/yr), log10(dt), retry_factor     1  1363       -7.597482       -0.098371        0.500000
       retry log10(dt/yr), log10(dt), retry_factor     2  1363       -7.898512       -0.399401        0.500000
       retry log10(dt/yr), log10(dt), retry_factor     1  1370       -7.447559        0.051553        0.500000
hydro_newton_step failed to accept
       retry log10(dt/yr), log10(dt), retry_factor     2  1370       -7.748589       -0.249477        0.500000
 have reached retry limit so now backup
hydro_newton_step failed to accept
       retry log10(dt/yr), log10(dt), retry_factor     1  1378       -7.545871       -0.046760        0.500000
       retry log10(dt/yr), log10(dt), retry_factor     2  1378       -7.846901       -0.347790        0.500000
       retry log10(dt/yr), log10(dt), retry_factor     1  1418       -5.963657        1.535455        0.500000
       retry log10(dt/yr), log10(dt), retry_factor     1  1424       -5.361597        2.137515        0.500000
       retry log10(dt/yr), log10(dt), retry_factor     2  1424       -5.662627        1.836485        0.500000
 have reached retry limit so now backup
       retry log10(dt/yr), log10(dt), retry_factor     1  1430       -5.494099        2.005013        0.500000
       retry log10(dt/yr), log10(dt), retry_factor     2  1430       -5.795129        1.703983        0.500000
       retry log10(dt/yr), log10(dt), retry_factor     1  1436       -5.403127        2.095984        0.500000
       retry log10(dt/yr), log10(dt), retry_factor     1  1441       -5.399454        2.099658        0.500000
       retry log10(dt/yr), log10(dt), retry_factor     1  1442       -5.700484        1.798628        0.500000
       retry log10(dt/yr), log10(dt), retry_factor     2  1442       -6.001514        1.497598        0.500000
 have reached retry limit so now backup
       retry log10(dt/yr), log10(dt), retry_factor     1  1445       -6.302544        1.196568        0.500000
       retry log10(dt/yr), log10(dt), retry_factor     1  1452       -5.577988        1.921124        0.500000
       retry log10(dt/yr), log10(dt), retry_factor     1  1453       -5.975928        1.523184        0.500000
       retry log10(dt/yr), log10(dt), retry_factor     1  1459       -5.596242        1.902869        0.500000
       retry log10(dt/yr), log10(dt), retry_factor     1  1464       -5.566102        1.933010        0.500000
hydro_newton_step failed to accept
       retry log10(dt/yr), log10(dt), retry_factor     1  1465       -5.964042        1.535070        0.500000
hydro_newton_step failed to accept
       retry log10(dt/yr), log10(dt), retry_factor     2  1465       -6.265072        1.234040        0.500000
       retry log10(dt/yr), log10(dt), retry_factor     1  1470       -5.663012        1.836100        0.500000
       retry log10(dt/yr), log10(dt), retry_factor     1  1471       -5.964042        1.535070        0.500000
hydro_newton_step failed to accept
       retry log10(dt/yr), log10(dt), retry_factor     1  1472       -6.357972        1.141140        0.500000
       retry log10(dt/yr), log10(dt), retry_factor     1  1477       -5.825481        1.673631        0.500000
       retry log10(dt/yr), log10(dt), retry_factor     1  1478       -6.126511        1.372601        0.500000
       retry log10(dt/yr), log10(dt), retry_factor     1  1482       -6.185357        1.313755        0.500000
       retry log10(dt/yr), log10(dt), retry_factor     1  1483       -6.486387        1.012725        0.500000
       retry log10(dt/yr), log10(dt), retry_factor     1  1484       -6.811807        0.687304        0.500000
       retry log10(dt/yr), log10(dt), retry_factor     1  1485       -7.209747        0.289364        0.500000
       retry log10(dt/yr), log10(dt), retry_factor     1  1486       -7.510777       -0.011666        0.500000
       retry log10(dt/yr), log10(dt), retry_factor     1  1490       -7.510777       -0.011666        0.500000
       retry log10(dt/yr), log10(dt), retry_factor     1  1492       -7.811807       -0.312696        0.500000
       retry log10(dt/yr), log10(dt), retry_factor     1  1494       -8.209747       -0.710636        0.500000
       retry log10(dt/yr), log10(dt), retry_factor     1  1495       -8.510777       -1.011666        0.500000
 bad other yaxis for History panels plot num_zones

 ERROR: failed to find log_Teff in history data

 grid1/grid1_001500.png/png
hydro_newton_step failed to accept
       retry log10(dt/yr), log10(dt), retry_factor     1  1525       -9.181517       -1.682405        0.500000
       retry log10(dt/yr), log10(dt), retry_factor     2  1525       -9.482547       -1.983435        0.500000
 have reached retry limit so now backup
       retry log10(dt/yr), log10(dt), retry_factor     1  1583       -7.358156        0.140956        0.500000
       retry log10(dt/yr), log10(dt), retry_factor     2  1583       -7.659186       -0.160074        0.500000
 have reached retry limit so now backup
       retry log10(dt/yr), log10(dt), retry_factor     1  1585       -8.250946       -0.751834        0.500000
hydro_newton_step failed to accept
       retry log10(dt/yr), log10(dt), retry_factor     2  1585       -8.551976       -1.052864        0.500000
hydro_newton_step failed to accept
       retry log10(dt/yr), log10(dt), retry_factor     1  1590       -8.250946       -0.751834        0.500000
       retry log10(dt/yr), log10(dt), retry_factor     2  1590       -8.551976       -1.052864        0.500000
       retry log10(dt/yr), log10(dt), retry_factor     1  1625       -7.615967       -0.116856        0.500000
       retry log10(dt/yr), log10(dt), retry_factor     2  1625       -7.916997       -0.417886        0.500000
       retry log10(dt/yr), log10(dt), retry_factor     1  1630       -7.615967       -0.116856        0.500000
       retry log10(dt/yr), log10(dt), retry_factor     2  1630       -7.916997       -0.417886        0.500000
       retry log10(dt/yr), log10(dt), retry_factor     1  1635       -7.615967       -0.116856        0.500000
       retry log10(dt/yr), log10(dt), retry_factor     2  1635       -7.916997       -0.417886        0.500000
       retry log10(dt/yr), log10(dt), retry_factor     1  1641       -7.314937        0.184174        0.500000
       retry log10(dt/yr), log10(dt), retry_factor     2  1641       -7.615967       -0.116856        0.500000
       retry log10(dt/yr), log10(dt), retry_factor     1  1686       -5.619802        1.879309        0.500000
       retry log10(dt/yr), log10(dt), retry_factor     2  1686       -5.920832        1.578279        0.500000
 have reached retry limit so now backup
       retry log10(dt/yr), log10(dt), retry_factor     1  1692       -5.586938        1.912173        0.500000
       retry log10(dt/yr), log10(dt), retry_factor     1  1693       -5.984878        1.514233        0.500000
       retry log10(dt/yr), log10(dt), retry_factor     1  1694       -6.285908        1.213203        0.500000
       retry log10(dt/yr), log10(dt), retry_factor     1  1701       -5.522614        1.976498        0.500000
       retry log10(dt/yr), log10(dt), retry_factor     1  1702       -5.920554        1.578558        0.500000
       retry log10(dt/yr), log10(dt), retry_factor     1  1703       -6.221584        1.277528        0.500000
       retry log10(dt/yr), log10(dt), retry_factor     1  1710       -5.605058        1.894054        0.500000
       retry log10(dt/yr), log10(dt), retry_factor     2  1710       -5.906088        1.593024        0.500000
       retry log10(dt/yr), log10(dt), retry_factor     1  1711       -6.286884        1.212228        0.500000
       retry log10(dt/yr), log10(dt), retry_factor     1  1718       -5.523928        1.975183        0.500000
       retry log10(dt/yr), log10(dt), retry_factor     1  1723       -5.527172        1.971939        0.500000
       retry log10(dt/yr), log10(dt), retry_factor     1  1728       -5.564038        1.935074        0.500000
       retry log10(dt/yr), log10(dt), retry_factor     2  1728       -5.865068        1.634044        0.500000
 have reached retry limit so now backup
       retry log10(dt/yr), log10(dt), retry_factor     1  1734       -5.263008        2.236104        0.500000
hydro_newton_step failed to accept
       retry log10(dt/yr), log10(dt), retry_factor     2  1734       -5.564038        1.935074        0.500000
 have reached retry limit so now backup
hydro_newton_step failed to accept
       retry log10(dt/yr), log10(dt), retry_factor     1  1735       -6.058888        1.440224        0.500000
       retry log10(dt/yr), log10(dt), retry_factor     1  1736       -6.412634        1.086478        0.500000
       retry log10(dt/yr), log10(dt), retry_factor     1  1743       -5.509544        1.989568        0.500000
       retry log10(dt/yr), log10(dt), retry_factor     1  1744       -5.810574        1.688538        0.500000
hydro_newton_step failed to accept
       retry log10(dt/yr), log10(dt), retry_factor     1  1745       -6.175133        1.323978        0.500000
hydro_newton_step failed to accept
       retry log10(dt/yr), log10(dt), retry_factor     1  1746       -6.570240        0.928871        0.500000
       retry log10(dt/yr), log10(dt), retry_factor     1  1747       -6.871270        0.627841        0.500000
       retry log10(dt/yr), log10(dt), retry_factor     1  1751       -6.871270        0.627841        0.500000
       retry log10(dt/yr), log10(dt), retry_factor     1  1759       -5.895374        1.603738        0.500000
       retry log10(dt/yr), log10(dt), retry_factor     1  1760       -6.293314        1.205798        0.500000
       retry log10(dt/yr), log10(dt), retry_factor     2  1760       -6.594344        0.904768        0.500000
 have reached retry limit so now backup
hydro_newton_step failed to accept
       retry log10(dt/yr), log10(dt), retry_factor     1  1764       -6.666038        0.833073        0.500000
       retry log10(dt/yr), log10(dt), retry_factor     1  1765       -6.719179        0.779932        0.500000
       retry log10(dt/yr), log10(dt), retry_factor     2  1765       -7.020209        0.478902        0.500000
       retry log10(dt/yr), log10(dt), retry_factor     1  1772       -6.117119        1.381992        0.500000
       retry log10(dt/yr), log10(dt), retry_factor     1  1773       -6.418149        1.080962        0.500000
       retry log10(dt/yr), log10(dt), retry_factor     1  1774       -6.719179        0.779932        0.500000
hydro_newton_step failed to accept
       retry log10(dt/yr), log10(dt), retry_factor     1  1775       -7.020209        0.478902        0.500000
       retry log10(dt/yr), log10(dt), retry_factor     1  1777       -7.321239        0.177872        0.500000
       retry log10(dt/yr), log10(dt), retry_factor     1  1779       -7.622269       -0.123158        0.500000
       retry log10(dt/yr), log10(dt), retry_factor     2  1779       -7.923299       -0.424188        0.500000
 have reached retry limit so now backup
       retry log10(dt/yr), log10(dt), retry_factor     1  1784       -7.649985       -0.150874        0.500000
       retry log10(dt/yr), log10(dt), retry_factor     1  1786       -8.047925       -0.548814        0.500000
       retry log10(dt/yr), log10(dt), retry_factor     1  1787       -8.445865       -0.946754        0.500000
       retry log10(dt/yr), log10(dt), retry_factor     1  1876       -7.219221        0.279890        0.500000
hydro_newton_step failed to accept
       retry log10(dt/yr), log10(dt), retry_factor     2  1876       -7.520251       -0.021140        0.500000
       retry log10(dt/yr), log10(dt), retry_factor     1  1881       -8.104192       -0.605080        0.500000
       retry log10(dt/yr), log10(dt), retry_factor     1  1882       -8.405222       -0.906110        0.500000
       retry log10(dt/yr), log10(dt), retry_factor     1  1887       -8.104192       -0.605080        0.500000
       retry log10(dt/yr), log10(dt), retry_factor     1  1897       -7.750508       -0.251397        0.500000
       retry log10(dt/yr), log10(dt), retry_factor     1  1922       -7.616048       -0.116936        0.500000
       retry log10(dt/yr), log10(dt), retry_factor     2  1922       -7.917078       -0.417966        0.500000
 have reached retry limit so now backup
       retry log10(dt/yr), log10(dt), retry_factor     1  1929       -7.657627       -0.158516        0.500000
       retry log10(dt/yr), log10(dt), retry_factor     2  1929       -7.958657       -0.459546        0.500000
       retry log10(dt/yr), log10(dt), retry_factor     1  1978       -5.676062        1.823050        0.500000
       retry log10(dt/yr), log10(dt), retry_factor     2  1978       -5.977092        1.522020        0.500000
 have reached retry limit so now backup
       retry log10(dt/yr), log10(dt), retry_factor     1  1977       -6.278122        1.220990        0.500000
       retry log10(dt/yr), log10(dt), retry_factor     1  1981       -6.278122        1.220990        0.500000
       retry log10(dt/yr), log10(dt), retry_factor     1  1989       -5.379297        2.119814        0.500000
hydro_newton_step failed to accept
       retry log10(dt/yr), log10(dt), retry_factor     2  1989       -5.680327        1.818784        0.500000
 have reached retry limit so now backup
       retry log10(dt/yr), log10(dt), retry_factor     1  1995       -5.576578        1.922533        0.500000
       retry log10(dt/yr), log10(dt), retry_factor     2  1995       -5.877608        1.621503        0.500000
       retry log10(dt/yr), log10(dt), retry_factor     1  2000       -5.793243        1.705869        0.500000
       2000   8.359059  3.541E+06   1.450678   1.483185   1.400000   1.400000   0.000000   0.000000   0.275200   0.030510  16.756942   1212    345
  -5.492213   6.733716  -4.792725  -1.684452   0.646669  -8.522879   0.000000   0.000000   0.000000   0.020000   0.024470 105.099858      6     40
 2.0295E-03  23.366682   1.564750   0.337111  13.546992  -1.133661   0.000000   0.000000   0.000000   0.000687  9.450E-01  0.581E-12         retry

save LOGS/profile5.data for model 2000
save photos/2000 for model 2000
 bad other yaxis for History panels plot num_zones

 ERROR: failed to find log_Teff in history data

 grid1/grid1_002000.png/png
       retry log10(dt/yr), log10(dt), retry_factor     1  2006       -5.480115        2.018996        0.500000
       retry log10(dt/yr), log10(dt), retry_factor     1  2007       -5.878055        1.621056        0.500000
hydro_newton_step failed to accept
       retry log10(dt/yr), log10(dt), retry_factor     2  2007       -6.179085        1.320026        0.500000
       retry log10(dt/yr), log10(dt), retry_factor     1  2008       -6.480115        1.018996        0.500000
       retry log10(dt/yr), log10(dt), retry_factor     1  2016       -5.275995        2.223116        0.500000
       retry log10(dt/yr), log10(dt), retry_factor     1  2017       -5.582548        1.916563        0.500000
       retry log10(dt/yr), log10(dt), retry_factor     2  2017       -5.883578        1.615533        0.500000
 have reached retry limit so now backup
       retry log10(dt/yr), log10(dt), retry_factor     1  2023       -5.689404        1.809708        0.500000
       retry log10(dt/yr), log10(dt), retry_factor     2  2023       -5.990434        1.508678        0.500000
       retry log10(dt/yr), log10(dt), retry_factor     1  2029       -5.656488        1.842623        0.500000
hydro_newton_step failed to accept
       retry log10(dt/yr), log10(dt), retry_factor     1  2030       -6.054428        1.444683        0.500000
       retry log10(dt/yr), log10(dt), retry_factor     1  2035       -5.544220        1.954892        0.500000
hydro_newton_step failed to accept
       retry log10(dt/yr), log10(dt), retry_factor     1  2037       -5.942160        1.556952        0.500000
hydro_newton_step failed to accept
       retry log10(dt/yr), log10(dt), retry_factor     2  2037       -6.243190        1.255922        0.500000
       retry log10(dt/yr), log10(dt), retry_factor     1  2039       -6.243190        1.255922        0.500000
hydro_newton_step failed to accept
       retry log10(dt/yr), log10(dt), retry_factor     2  2039       -6.544220        0.954892        0.500000
       retry log10(dt/yr), log10(dt), retry_factor     1  2046       -5.771705        1.727406        0.500000
hydro_newton_step failed to accept
       retry log10(dt/yr), log10(dt), retry_factor     1  2047       -6.169645        1.329466        0.500000
       retry log10(dt/yr), log10(dt), retry_factor     1  2050       -6.306206        1.192906        0.500000
       retry log10(dt/yr), log10(dt), retry_factor     2  2050       -6.607236        0.891876        0.500000
 have reached retry limit so now backup
       retry log10(dt/yr), log10(dt), retry_factor     1  2052       -6.908266        0.590846        0.500000
       retry log10(dt/yr), log10(dt), retry_factor     2  2052       -7.209296        0.289816        0.500000
       retry log10(dt/yr), log10(dt), retry_factor     1  2059       -6.306206        1.192906        0.500000
       retry log10(dt/yr), log10(dt), retry_factor     1  2060       -6.607236        0.891876        0.500000
hydro_newton_step failed to accept
       retry log10(dt/yr), log10(dt), retry_factor     1  2061       -7.005176        0.493936        0.500000
       retry log10(dt/yr), log10(dt), retry_factor     1  2066       -6.619936        0.879176        0.500000
hydro_newton_step failed to accept
       retry log10(dt/yr), log10(dt), retry_factor     2  2066       -6.920966        0.578146        0.500000
       retry log10(dt/yr), log10(dt), retry_factor     1  2068       -7.221996        0.277116        0.500000
       retry log10(dt/yr), log10(dt), retry_factor     1  2069       -7.523026       -0.023914        0.500000
       retry log10(dt/yr), log10(dt), retry_factor     1  2072       -7.824056       -0.324944        0.500000
       retry log10(dt/yr), log10(dt), retry_factor     1  2075       -8.303382       -0.804270        0.500000
       retry log10(dt/yr), log10(dt), retry_factor     1  2079       -8.689222       -1.190111        0.500000
       retry log10(dt/yr), log10(dt), retry_factor     1  2106       -9.183830       -1.684718        0.500000
       retry log10(dt/yr), log10(dt), retry_factor     1  2112       -9.205349       -1.706238        0.500000
       retry log10(dt/yr), log10(dt), retry_factor     1  2156       -8.166334       -0.667223        0.500000
       retry log10(dt/yr), log10(dt), retry_factor     1  2164       -7.891913       -0.392802        0.500000
hydro_newton_step failed to accept
       retry log10(dt/yr), log10(dt), retry_factor     1  2166       -8.192943       -0.693832        0.500000
hydro_newton_step failed to accept
       retry log10(dt/yr), log10(dt), retry_factor     2  2166       -8.493973       -0.994862        0.500000
 have reached retry limit so now backup
       retry log10(dt/yr), log10(dt), retry_factor     1  2177       -7.713835       -0.214723        0.500000
       retry log10(dt/yr), log10(dt), retry_factor     2  2177       -8.014865       -0.515753        0.500000
       retry log10(dt/yr), log10(dt), retry_factor     1  2183       -8.018543       -0.519431        0.500000
hydro_newton_step failed to accept
       retry log10(dt/yr), log10(dt), retry_factor     2  2183       -8.319573       -0.820461        0.500000
 have reached retry limit so now backup
       retry log10(dt/yr), log10(dt), retry_factor     1  2186       -8.620603       -1.121491        0.500000
       retry log10(dt/yr), log10(dt), retry_factor     1  2219       -8.010421       -0.511310        0.500000
       retry log10(dt/yr), log10(dt), retry_factor     1  2226       -7.487293        0.011818        0.500000
       retry log10(dt/yr), log10(dt), retry_factor     2  2226       -7.788323       -0.289212        0.500000
 have reached retry limit so now backup
       retry log10(dt/yr), log10(dt), retry_factor     1  2227       -8.089353       -0.590242        0.500000
       retry log10(dt/yr), log10(dt), retry_factor     2  2227       -8.390383       -0.891272        0.500000
 have reached retry limit so now backup
       retry log10(dt/yr), log10(dt), retry_factor     1  2235       -7.523507       -0.024396        0.500000
hydro_newton_step failed to accept
       retry log10(dt/yr), log10(dt), retry_factor     1  2241       -7.380187        0.118925        0.500000
       retry log10(dt/yr), log10(dt), retry_factor     2  2241       -7.681217       -0.182105        0.500000
 have reached retry limit so now backup
       retry log10(dt/yr), log10(dt), retry_factor     1  2286       -5.874137        1.624974        0.500000
       retry log10(dt/yr), log10(dt), retry_factor     1  2291       -5.725222        1.773890        0.500000
       retry log10(dt/yr), log10(dt), retry_factor     1  2298       -5.467835        2.031277        0.500000
       retry log10(dt/yr), log10(dt), retry_factor     1  2299       -5.865775        1.633337        0.500000
       retry log10(dt/yr), log10(dt), retry_factor     1  2305       -5.604692        1.894419        0.500000
       retry log10(dt/yr), log10(dt), retry_factor     2  2305       -5.905722        1.593389        0.500000
 have reached retry limit so now backup
       retry log10(dt/yr), log10(dt), retry_factor     1  2311       -5.510943        1.988169        0.500000
hydro_newton_step failed to accept
       retry log10(dt/yr), log10(dt), retry_factor     1  2312       -5.908883        1.590229        0.500000
       retry log10(dt/yr), log10(dt), retry_factor     1  2313       -6.209913        1.289199        0.500000
       retry log10(dt/yr), log10(dt), retry_factor     1  2320       -5.541268        1.957844        0.500000
       retry log10(dt/yr), log10(dt), retry_factor     1  2324       -5.606126        1.892986        0.500000
       retry log10(dt/yr), log10(dt), retry_factor     1  2329       -5.605947        1.893165        0.500000
hydro_newton_step failed to accept
       retry log10(dt/yr), log10(dt), retry_factor     1  2330       -6.003887        1.495225        0.500000
slurmstepd: error: *** JOB 8225204 ON dcc-compeb-13 CANCELLED AT 2021-04-22T17:26:23 ***
