the mesa run folder is /work/al363/runs/low_overhead/runs_x100_7

starting from photo
cp: 'restart_photo' and 'restart_photo' are the same file
                                         version_number       10108
 read /hpc/group/physics/al363/low_overhead/sens/base/inlist_base
 read inlist_cluster
load saved model /hpc/group/physics/al363/sens/base/ns_relax.mod

 change to /hpc/group/physics/al363/sens/base/rp_305.net
              set special rate factor for r_y82_pg_zr83        1347    1.0000000000000000D+02
              set special rate factor for r_zr83_gp_y82        1348    1.0000000000000000D+02
              set special rate factor for r_y82_pg_zr83        1347    1.0000000000000000D+02
              set special rate factor for r_zr83_gp_y82        1348    1.0000000000000000D+02
 number of species         305
 read /hpc/group/physics/al363/low_overhead/sens/base/history_custom_low_overhead
 read /hpc/group/physics/al363/low_overhead/sens/base/profile_custom_low_overhead
 net name /hpc/group/physics/al363/sens/base/rp_305.net
 v_flag T
                                           xmstar/mstar    4.5461189430843640D-12
                                             xmstar (g)    1.2660395722219186D+22
                                           M_center (g)    2.7848799999878681D+33
                                            xmstar/Msun    6.3645665203193175D-12
                                          M_center/Msun    1.3999999999939012D+00
                                          R_center (cm)    1.1200000000000000D+06
                                          R_center/Rsun    1.6092416448748527D-05
                                           core density    4.7322078204273819D+14
                                          L_center/Lsun    4.1647144567650578D+00
 kappa_file_prefix gs98
 kappa_lowT_prefix lowT_fa05_gs98

   eos_file_prefix mesa
                                        OMP_NUM_THREADS           8


__________________________________________________________________________________________________________________________________________________

       step    lg_Tcntr    Teff       lg_LH     lg_Lnuc     Mass       H_rich     H_cntr     N_cntr     Y_surf     X_avg     eta_cntr  zones retry
   lg_dt_yr    lg_Dcntr    lg_R       lg_L3a    lg_Lneu     lg_Mdot    He_core    He_cntr    O_cntr     Z_surf     Y_avg     gam_cntr  iters bckup
     age_yr    lg_Pcntr    lg_L       lg_LZ     lg_Psurf    lg_Dsurf   C_core     C_cntr     Ne_cntr    Si_cntr    Z_avg     v_div_cs     dt_limit
__________________________________________________________________________________________________________________________________________________

save LOGS/profile1.data for model 2
         12   8.207068  1.596E+06   0.422373   0.422680   1.400000   1.400000   0.000000   0.000000   0.275200   0.032716  18.782540    782      0
  -5.834864   6.544453  -4.792968 -17.300136  -0.755568  -8.522879   0.000000   0.000000   0.000000   0.020000   0.012436 128.974929      6      0
 9.8181E-06  23.077272   0.179446  -2.727454  12.804639  -1.522785   0.000000   0.000000   0.000000   0.000687  9.548E-01 -0.112E-12      lgT_cntr

save LOGS/profile2.data for model 12
       retry log10(dt/yr), log10(dt), retry_factor     1    34       -5.396345        2.102767        0.500000
       retry log10(dt/yr), log10(dt), retry_factor     1    38       -5.396345        2.102767        0.500000
       retry log10(dt/yr), log10(dt), retry_factor     1    42       -5.396345        2.102767        0.500000
       retry log10(dt/yr), log10(dt), retry_factor     1    46       -5.396345        2.102767        0.500000
       retry log10(dt/yr), log10(dt), retry_factor     1    51       -5.095315        2.403797        0.500000
       retry log10(dt/yr), log10(dt), retry_factor     1    52       -5.095315        2.403797        0.500000
       retry log10(dt/yr), log10(dt), retry_factor     1    53       -5.095315        2.403797        0.500000
       retry log10(dt/yr), log10(dt), retry_factor     1    54       -5.095315        2.403797        0.500000
       retry log10(dt/yr), log10(dt), retry_factor     1    55       -5.095315        2.403797        0.500000
       retry log10(dt/yr), log10(dt), retry_factor     1    56       -5.095315        2.403797        0.500000
       retry log10(dt/yr), log10(dt), retry_factor     2    56       -5.396345        2.102767        0.500000
       retry log10(dt/yr), log10(dt), retry_factor     1    60       -5.396345        2.102767        0.500000
       retry log10(dt/yr), log10(dt), retry_factor     1    61       -5.697375        1.801737        0.500000
       retry log10(dt/yr), log10(dt), retry_factor     1    62       -5.998405        1.500707        0.500000
       retry log10(dt/yr), log10(dt), retry_factor     1    64       -6.299435        1.199677        0.500000
hydro_newton_step failed to accept
       retry log10(dt/yr), log10(dt), retry_factor     1    65       -6.600465        0.898647        0.500000
       retry log10(dt/yr), log10(dt), retry_factor     1    67       -6.901495        0.597617        0.500000
       retry log10(dt/yr), log10(dt), retry_factor     1    69       -7.202525        0.296587        0.500000
       retry log10(dt/yr), log10(dt), retry_factor     1    70       -7.503555       -0.004443        0.500000
       retry log10(dt/yr), log10(dt), retry_factor     1    72       -7.804585       -0.305473        0.500000
       retry log10(dt/yr), log10(dt), retry_factor     1    74       -8.105615       -0.606503        0.500000
       retry log10(dt/yr), log10(dt), retry_factor     1    75       -8.439704       -0.940592        0.500000
       retry log10(dt/yr), log10(dt), retry_factor     1   142       -8.644567       -1.145455        0.500000
       retry log10(dt/yr), log10(dt), retry_factor     1   143       -9.042507       -1.543395        0.500000
       retry log10(dt/yr), log10(dt), retry_factor     1   152       -9.050870       -1.551759        0.500000
       retry log10(dt/yr), log10(dt), retry_factor     1   159       -8.810243       -1.311131        0.500000
       retry log10(dt/yr), log10(dt), retry_factor     1   171       -8.819284       -1.320173        0.500000
       retry log10(dt/yr), log10(dt), retry_factor     1   187       -7.427066        0.072046        0.500000
       retry log10(dt/yr), log10(dt), retry_factor     1   193       -7.773504       -0.274393        0.500000
       retry log10(dt/yr), log10(dt), retry_factor     2   193       -8.074534       -0.575423        0.500000
 have reached retry limit so now backup
hydro_newton_step failed to accept
       retry log10(dt/yr), log10(dt), retry_factor     1   196       -8.477083       -0.977971        0.500000
hydro_newton_step failed to accept
       retry log10(dt/yr), log10(dt), retry_factor     1   197       -8.477580       -0.978469        0.500000
       retry log10(dt/yr), log10(dt), retry_factor     1   218       -8.030464       -0.531353        0.500000
       retry log10(dt/yr), log10(dt), retry_factor     1   222       -8.033114       -0.534003        0.500000
       retry log10(dt/yr), log10(dt), retry_factor     1   231       -7.773100       -0.273988        0.500000
       retry log10(dt/yr), log10(dt), retry_factor     2   231       -8.074130       -0.575018        0.500000
       retry log10(dt/yr), log10(dt), retry_factor     1   237       -7.629292       -0.130180        0.500000
       retry log10(dt/yr), log10(dt), retry_factor     2   237       -7.930322       -0.431210        0.500000
 have reached retry limit so now backup
       retry log10(dt/yr), log10(dt), retry_factor     1   243       -7.718428       -0.219317        0.500000
       retry log10(dt/yr), log10(dt), retry_factor     2   243       -8.019458       -0.520347        0.500000
       retry log10(dt/yr), log10(dt), retry_factor     1   251       -7.544710       -0.045599        0.500000
       retry log10(dt/yr), log10(dt), retry_factor     2   251       -7.845740       -0.346629        0.500000
 have reached retry limit so now backup
       retry log10(dt/yr), log10(dt), retry_factor     1   260       -7.628110       -0.128998        0.500000
       retry log10(dt/yr), log10(dt), retry_factor     1   299       -5.751157        1.747955        0.500000
       retry log10(dt/yr), log10(dt), retry_factor     1   304       -5.655948        1.843163        0.500000
       retry log10(dt/yr), log10(dt), retry_factor     1   309       -5.354918        2.144193        0.500000
       retry log10(dt/yr), log10(dt), retry_factor     2   309       -5.655948        1.843163        0.500000
 have reached retry limit so now backup
       retry log10(dt/yr), log10(dt), retry_factor     1   310       -6.053888        1.445223        0.500000
       retry log10(dt/yr), log10(dt), retry_factor     1   316       -5.451828        2.047283        0.500000
       retry log10(dt/yr), log10(dt), retry_factor     2   316       -5.752858        1.746253        0.500000
 have reached retry limit so now backup
       retry log10(dt/yr), log10(dt), retry_factor     1   322       -5.479156        2.019955        0.500000
       retry log10(dt/yr), log10(dt), retry_factor     2   322       -5.780186        1.718925        0.500000
       retry log10(dt/yr), log10(dt), retry_factor     1   323       -6.081216        1.417895        0.500000
       retry log10(dt/yr), log10(dt), retry_factor     1   330       -5.353749        2.145362        0.500000
       retry log10(dt/yr), log10(dt), retry_factor     1   331       -5.751689        1.747422        0.500000
       retry log10(dt/yr), log10(dt), retry_factor     1   332       -6.052719        1.446392        0.500000
       retry log10(dt/yr), log10(dt), retry_factor     1   338       -5.450659        2.048452        0.500000
       retry log10(dt/yr), log10(dt), retry_factor     1   339       -5.751689        1.747422        0.500000
hydro_newton_step failed to accept
       retry log10(dt/yr), log10(dt), retry_factor     1   340       -6.149629        1.349482        0.500000
       retry log10(dt/yr), log10(dt), retry_factor     1   341       -6.450659        1.048452        0.500000
       retry log10(dt/yr), log10(dt), retry_factor     1   349       -5.644479        1.854632        0.500000
       retry log10(dt/yr), log10(dt), retry_factor     2   349       -5.945509        1.553602        0.500000
 have reached retry limit so now backup
       retry log10(dt/yr), log10(dt), retry_factor     1   354       -5.644479        1.854632        0.500000
       retry log10(dt/yr), log10(dt), retry_factor     2   354       -5.945509        1.553602        0.500000
 have reached retry limit so now backup
hydro_newton_step failed to accept
       retry log10(dt/yr), log10(dt), retry_factor     1   355       -6.440359        1.058752        0.500000
       retry log10(dt/yr), log10(dt), retry_factor     1   360       -5.838299        1.660812        0.500000
hydro_newton_step failed to accept
       retry log10(dt/yr), log10(dt), retry_factor     1   361       -6.139329        1.359782        0.500000
       retry log10(dt/yr), log10(dt), retry_factor     1   364       -6.166033        1.333079        0.500000
hydro_newton_step failed to accept
       retry log10(dt/yr), log10(dt), retry_factor     2   364       -6.467063        1.032049        0.500000
 have reached retry limit so now backup
       retry log10(dt/yr), log10(dt), retry_factor     1   363       -6.768093        0.731019        0.500000
       retry log10(dt/yr), log10(dt), retry_factor     2   363       -7.069123        0.429989        0.500000
       retry log10(dt/yr), log10(dt), retry_factor     1   370       -6.166033        1.333079        0.500000
        370   8.436937  4.543E+06   1.959245   2.092747   1.400000   1.400000   0.000000   0.000000   0.275200   0.078099  11.892674    748     72
  -5.865003   6.606595  -4.792682   1.249625   1.175154  -8.522879   0.000000   0.000000   0.000000   0.020000   0.056015  79.680192      6      8
 5.8376E-04  23.180770   1.997347   1.176015  13.829529  -0.962190   0.000000   0.000000   0.000000   0.000687  8.659E-01  0.109E-13         retry

save LOGS/profile3.data for model 370
       retry log10(dt/yr), log10(dt), retry_factor     1   371       -6.467063        1.032049        0.500000
       retry log10(dt/yr), log10(dt), retry_factor     1   373       -6.796351        0.702760        0.500000
       retry log10(dt/yr), log10(dt), retry_factor     2   373       -7.097381        0.401730        0.500000
 have reached retry limit so now backup
       retry log10(dt/yr), log10(dt), retry_factor     1   378       -6.796351        0.702760        0.500000
       retry log10(dt/yr), log10(dt), retry_factor     1   379       -7.097381        0.401730        0.500000
       retry log10(dt/yr), log10(dt), retry_factor     1   380       -7.398411        0.100700        0.500000
       retry log10(dt/yr), log10(dt), retry_factor     1   382       -7.699441       -0.200330        0.500000
       retry log10(dt/yr), log10(dt), retry_factor     2   382       -8.000471       -0.501360        0.500000
       retry log10(dt/yr), log10(dt), retry_factor     1   386       -8.513978       -1.014867        0.500000
hydro_newton_step failed to accept
       retry log10(dt/yr), log10(dt), retry_factor     1   418       -9.238496       -1.739384        0.500000
       retry log10(dt/yr), log10(dt), retry_factor     2   418       -9.539526       -2.040414        0.500000
 have reached retry limit so now backup
       retry log10(dt/yr), log10(dt), retry_factor     1   425       -9.301048       -1.801936        0.500000
       retry log10(dt/yr), log10(dt), retry_factor     1   475       -8.375097       -0.875985        0.500000
       retry log10(dt/yr), log10(dt), retry_factor     2   475       -8.676127       -1.177015        0.500000
 have reached retry limit so now backup
hydro_newton_step failed to accept
       retry log10(dt/yr), log10(dt), retry_factor     1   477       -9.163947       -1.664835        0.500000
hydro_newton_step failed to accept
       retry log10(dt/yr), log10(dt), retry_factor     1   479       -9.163947       -1.664835        0.500000
       retry log10(dt/yr), log10(dt), retry_factor     1   493       -7.705031       -0.205920        0.500000
hydro_newton_step failed to accept
       retry log10(dt/yr), log10(dt), retry_factor     1   494       -8.102971       -0.603860        0.500000
hydro_newton_step failed to accept
       retry log10(dt/yr), log10(dt), retry_factor     2   494       -8.404001       -0.904890        0.500000
       retry log10(dt/yr), log10(dt), retry_factor     1   497       -8.404001       -0.904890        0.500000
 bad other yaxis for History panels plot num_zones

 ERROR: failed to find log_Teff in history data

 grid1/grid1_000500.png/png
       retry log10(dt/yr), log10(dt), retry_factor     1   530       -7.836793       -0.337681        0.500000
       retry log10(dt/yr), log10(dt), retry_factor     1   539       -7.506629       -0.007517        0.500000
       retry log10(dt/yr), log10(dt), retry_factor     2   539       -7.807659       -0.308547        0.500000
 have reached retry limit so now backup
       retry log10(dt/yr), log10(dt), retry_factor     1   544       -7.506629       -0.007517        0.500000
       retry log10(dt/yr), log10(dt), retry_factor     1   551       -7.621059       -0.121948        0.500000
hydro_newton_step failed to accept
       retry log10(dt/yr), log10(dt), retry_factor     2   551       -7.922089       -0.422978        0.500000
       retry log10(dt/yr), log10(dt), retry_factor     1   586       -6.450214        1.048898        0.500000
       retry log10(dt/yr), log10(dt), retry_factor     1   597       -5.489593        2.009519        0.500000
       retry log10(dt/yr), log10(dt), retry_factor     1   602       -5.344799        2.154312        0.500000
       retry log10(dt/yr), log10(dt), retry_factor     1   604       -5.742739        1.756372        0.500000
       retry log10(dt/yr), log10(dt), retry_factor     1   610       -5.140679        2.358432        0.500000
hydro_newton_step failed to accept
       retry log10(dt/yr), log10(dt), retry_factor     2   610       -5.441709        2.057402        0.500000
 have reached retry limit so now backup
       retry log10(dt/yr), log10(dt), retry_factor     1   615       -5.466580        2.032532        0.500000
       retry log10(dt/yr), log10(dt), retry_factor     2   615       -5.767610        1.731502        0.500000
       retry log10(dt/yr), log10(dt), retry_factor     1   616       -6.068640        1.430472        0.500000
       retry log10(dt/yr), log10(dt), retry_factor     1   623       -5.402576        2.096536        0.500000
       retry log10(dt/yr), log10(dt), retry_factor     1   624       -5.703606        1.795506        0.500000
       retry log10(dt/yr), log10(dt), retry_factor     2   624       -6.004636        1.494476        0.500000
 have reached retry limit so now backup
       retry log10(dt/yr), log10(dt), retry_factor     1   627       -6.305666        1.193446        0.500000
       retry log10(dt/yr), log10(dt), retry_factor     1   634       -5.598117        1.900994        0.500000
hydro_newton_step failed to accept
       retry log10(dt/yr), log10(dt), retry_factor     1   635       -5.996057        1.503054        0.500000
hydro_newton_step failed to accept
       retry log10(dt/yr), log10(dt), retry_factor     2   635       -6.297087        1.202024        0.500000
       retry log10(dt/yr), log10(dt), retry_factor     1   636       -6.598117        0.900994        0.500000
       retry log10(dt/yr), log10(dt), retry_factor     1   643       -5.695027        1.804084        0.500000
       retry log10(dt/yr), log10(dt), retry_factor     1   644       -5.996057        1.503054        0.500000
       retry log10(dt/yr), log10(dt), retry_factor     1   649       -5.758396        1.740716        0.500000
       retry log10(dt/yr), log10(dt), retry_factor     1   650       -6.059426        1.439686        0.500000
hydro_newton_step failed to accept
       retry log10(dt/yr), log10(dt), retry_factor     1   651       -6.457366        1.041746        0.500000
       retry log10(dt/yr), log10(dt), retry_factor     1   652       -6.758396        0.740716        0.500000
       retry log10(dt/yr), log10(dt), retry_factor     2   652       -7.059426        0.439686        0.500000
       retry log10(dt/yr), log10(dt), retry_factor     1   653       -7.360456        0.138656        0.500000
       retry log10(dt/yr), log10(dt), retry_factor     1   661       -6.156336        1.342776        0.500000
       retry log10(dt/yr), log10(dt), retry_factor     2   661       -6.457366        1.041746        0.500000
       retry log10(dt/yr), log10(dt), retry_factor     1   663       -6.758396        0.740716        0.500000
       retry log10(dt/yr), log10(dt), retry_factor     1   664       -7.059426        0.439686        0.500000
hydro_newton_step failed to accept
       retry log10(dt/yr), log10(dt), retry_factor     2   664       -7.360456        0.138656        0.500000
       retry log10(dt/yr), log10(dt), retry_factor     1   667       -7.661486       -0.162374        0.500000
       retry log10(dt/yr), log10(dt), retry_factor     1   669       -7.962516       -0.463404        0.500000
       retry log10(dt/yr), log10(dt), retry_factor     1   670       -8.335689       -0.836578        0.500000
       retry log10(dt/yr), log10(dt), retry_factor     1   674       -8.710819       -1.211708        0.500000
       retry log10(dt/yr), log10(dt), retry_factor     1   684       -8.930988       -1.431877        0.500000
       retry log10(dt/yr), log10(dt), retry_factor     1   721       -9.009377       -1.510266        0.500000
       retry log10(dt/yr), log10(dt), retry_factor     1   771       -7.324315        0.174796        0.500000
       retry log10(dt/yr), log10(dt), retry_factor     2   771       -7.625345       -0.126234        0.500000
 have reached retry limit so now backup
       retry log10(dt/yr), log10(dt), retry_factor     1   771       -7.926375       -0.427264        0.500000
       retry log10(dt/yr), log10(dt), retry_factor     2   771       -8.227405       -0.728294        0.500000
 have reached retry limit so now backup
       retry log10(dt/yr), log10(dt), retry_factor     1   774       -8.528435       -1.029324        0.500000
       retry log10(dt/yr), log10(dt), retry_factor     2   774       -8.829465       -1.330354        0.500000
 have reached retry limit so now backup
       retry log10(dt/yr), log10(dt), retry_factor     1   777       -9.130495       -1.631384        0.500000
       retry log10(dt/yr), log10(dt), retry_factor     2   777       -9.431525       -1.932414        0.500000
 have reached retry limit so now backup
       retry log10(dt/yr), log10(dt), retry_factor     1   777       -9.732555       -2.233444        0.500000
       retry log10(dt/yr), log10(dt), retry_factor     2   777      -10.033585       -2.534474        0.500000
 have reached retry limit so now backup
       retry log10(dt/yr), log10(dt), retry_factor     1   779      -10.334615       -2.835504        0.500000
       retry log10(dt/yr), log10(dt), retry_factor     2   779      -10.635645       -3.136534        0.500000
       retry log10(dt/yr), log10(dt), retry_factor     1   796       -7.490901        0.008211        0.500000
hydro_newton_step failed to accept
       retry log10(dt/yr), log10(dt), retry_factor     2   796       -7.791931       -0.292819        0.500000
       retry log10(dt/yr), log10(dt), retry_factor     1   798       -8.286781       -0.787669        0.500000
hydro_newton_step failed to accept
       retry log10(dt/yr), log10(dt), retry_factor     2   798       -8.587811       -1.088699        0.500000
       retry log10(dt/yr), log10(dt), retry_factor     1   817       -8.002095       -0.502983        0.500000
hydro_newton_step failed to accept
       retry log10(dt/yr), log10(dt), retry_factor     1   832       -7.777909       -0.278797        0.500000
       retry log10(dt/yr), log10(dt), retry_factor     2   832       -8.078939       -0.579827        0.500000
       retry log10(dt/yr), log10(dt), retry_factor     1   844       -8.011357       -0.512245        0.500000
       retry log10(dt/yr), log10(dt), retry_factor     2   844       -8.312387       -0.813275        0.500000
       retry log10(dt/yr), log10(dt), retry_factor     1   850       -7.710327       -0.211215        0.500000
hydro_newton_step failed to accept
       retry log10(dt/yr), log10(dt), retry_factor     2   850       -8.011357       -0.512245        0.500000
       retry log10(dt/yr), log10(dt), retry_factor     1   856       -7.409297        0.089815        0.500000
       retry log10(dt/yr), log10(dt), retry_factor     1   857       -7.710327       -0.211215        0.500000
hydro_newton_step failed to accept
       retry log10(dt/yr), log10(dt), retry_factor     2   857       -8.011357       -0.512245        0.500000
       retry log10(dt/yr), log10(dt), retry_factor     1   900       -6.219462        1.279649        0.500000
       retry log10(dt/yr), log10(dt), retry_factor     1   907       -5.372645        2.126467        0.500000
hydro_newton_step failed to accept
       retry log10(dt/yr), log10(dt), retry_factor     2   907       -5.673675        1.825437        0.500000
 have reached retry limit so now backup
       retry log10(dt/yr), log10(dt), retry_factor     1   908       -6.071615        1.427497        0.500000
       retry log10(dt/yr), log10(dt), retry_factor     1   914       -5.645618        1.853493        0.500000
       retry log10(dt/yr), log10(dt), retry_factor     1   915       -5.946648        1.552463        0.500000
       retry log10(dt/yr), log10(dt), retry_factor     2   915       -6.247678        1.251433        0.500000
       retry log10(dt/yr), log10(dt), retry_factor     1   922       -5.497747        2.001364        0.500000
       retry log10(dt/yr), log10(dt), retry_factor     1   923       -5.895687        1.603424        0.500000
       retry log10(dt/yr), log10(dt), retry_factor     1   924       -6.196717        1.302394        0.500000
       retry log10(dt/yr), log10(dt), retry_factor     1   931       -5.449940        2.049172        0.500000
       retry log10(dt/yr), log10(dt), retry_factor     1   932       -5.847880        1.651232        0.500000
       retry log10(dt/yr), log10(dt), retry_factor     1   933       -6.148910        1.350202        0.500000
       retry log10(dt/yr), log10(dt), retry_factor     1   934       -6.449940        1.049172        0.500000
       retry log10(dt/yr), log10(dt), retry_factor     1   942       -5.588235        1.910877        0.500000
       retry log10(dt/yr), log10(dt), retry_factor     2   942       -5.889265        1.609847        0.500000
       retry log10(dt/yr), log10(dt), retry_factor     1   947       -5.807787        1.691325        0.500000
       retry log10(dt/yr), log10(dt), retry_factor     1   953       -5.621093        1.878019        0.500000
       retry log10(dt/yr), log10(dt), retry_factor     2   953       -5.922123        1.576989        0.500000
       retry log10(dt/yr), log10(dt), retry_factor     1   959       -5.399342        2.099770        0.500000
       retry log10(dt/yr), log10(dt), retry_factor     1   960       -5.700372        1.798740        0.500000
hydro_newton_step failed to accept
       retry log10(dt/yr), log10(dt), retry_factor     1   961       -6.098312        1.400800        0.500000
       retry log10(dt/yr), log10(dt), retry_factor     1   962       -6.489473        1.009639        0.500000
       retry log10(dt/yr), log10(dt), retry_factor     2   962       -6.790503        0.708609        0.500000
       retry log10(dt/yr), log10(dt), retry_factor     1   970       -5.586383        1.912729        0.500000
       retry log10(dt/yr), log10(dt), retry_factor     1   971       -5.887413        1.611699        0.500000
hydro_newton_step failed to accept
       retry log10(dt/yr), log10(dt), retry_factor     1   972       -6.285353        1.213759        0.500000
hydro_newton_step failed to accept
       retry log10(dt/yr), log10(dt), retry_factor     1   977       -5.932545        1.566566        0.500000
hydro_newton_step failed to accept
       retry log10(dt/yr), log10(dt), retry_factor     1   978       -6.330485        1.168626        0.500000
hydro_newton_step failed to accept
       retry log10(dt/yr), log10(dt), retry_factor     1   979       -6.728425        0.770686        0.500000
       retry log10(dt/yr), log10(dt), retry_factor     1   980       -6.752013        0.747099        0.500000
       retry log10(dt/yr), log10(dt), retry_factor     2   980       -7.053043        0.446069        0.500000
       retry log10(dt/yr), log10(dt), retry_factor     1   988       -6.163735        1.335377        0.500000
       retry log10(dt/yr), log10(dt), retry_factor     2   988       -6.464765        1.034347        0.500000
hydro_newton_step failed to accept
       retry log10(dt/yr), log10(dt), retry_factor     1   989       -6.862705        0.636407        0.500000
       retry log10(dt/yr), log10(dt), retry_factor     1   990       -7.163735        0.335377        0.500000
       retry log10(dt/yr), log10(dt), retry_factor     1   996       -6.561675        0.937437        0.500000
       retry log10(dt/yr), log10(dt), retry_factor     2   996       -6.862705        0.636407        0.500000
       retry log10(dt/yr), log10(dt), retry_factor     1   998       -7.163735        0.335377        0.500000
       retry log10(dt/yr), log10(dt), retry_factor     1   999       -7.464765        0.034347        0.500000
       1000   8.454631  5.055E+06   2.261105   2.892980   1.400000   1.400000   0.000000   0.000000   0.275200   0.064612  12.189481    878    200
  -7.163735   6.658436  -4.792610   2.122468   2.114030  -8.522879   0.000000   0.000000   0.000000   0.020000   0.047665  79.604265      6     20
 1.1179E-03  23.259010   2.183077   2.668927  13.946434  -0.892976   0.000000   0.000000   0.000000   0.000687  8.877E-01 -0.314E-14          hold

save LOGS/profile4.data for model 1000
save photos/1000 for model 1000
 bad other yaxis for History panels plot num_zones

 ERROR: failed to find log_Teff in history data

 grid1/grid1_001000.png/png
       retry log10(dt/yr), log10(dt), retry_factor     1  1001       -7.765795       -0.266683        0.500000
       retry log10(dt/yr), log10(dt), retry_factor     1  1005       -8.163735       -0.664623        0.500000
       retry log10(dt/yr), log10(dt), retry_factor     1  1008       -8.630561       -1.131449        0.500000
hydro_newton_step failed to accept
       retry log10(dt/yr), log10(dt), retry_factor     2  1008       -8.931591       -1.432479        0.500000
 have reached retry limit so now backup
hydro_newton_step failed to accept
       retry log10(dt/yr), log10(dt), retry_factor     1  1036       -9.219414       -1.720302        0.500000
       retry log10(dt/yr), log10(dt), retry_factor     1  1045       -9.237379       -1.738267        0.500000
       retry log10(dt/yr), log10(dt), retry_factor     1  1094       -7.461827        0.037285        0.500000
       retry log10(dt/yr), log10(dt), retry_factor     2  1094       -7.762857       -0.263745        0.500000
 have reached retry limit so now backup
hydro_newton_step failed to accept
       retry log10(dt/yr), log10(dt), retry_factor     1  1097       -8.451527       -0.952415        0.500000
hydro_newton_step failed to accept
       retry log10(dt/yr), log10(dt), retry_factor     2  1097       -8.752557       -1.253445        0.500000
       retry log10(dt/yr), log10(dt), retry_factor     1  1099       -8.451527       -0.952415        0.500000
       retry log10(dt/yr), log10(dt), retry_factor     2  1099       -8.752557       -1.253445        0.500000
       retry log10(dt/yr), log10(dt), retry_factor     1  1104       -8.451527       -0.952415        0.500000
       retry log10(dt/yr), log10(dt), retry_factor     2  1104       -8.752557       -1.253445        0.500000
hydro_newton_step failed to accept
       retry log10(dt/yr), log10(dt), retry_factor     1  1112       -8.143995       -0.644883        0.500000
       retry log10(dt/yr), log10(dt), retry_factor     1  1141       -7.585708       -0.086597        0.500000
       retry log10(dt/yr), log10(dt), retry_factor     1  1142       -7.886738       -0.387627        0.500000
hydro_newton_step failed to accept
       retry log10(dt/yr), log10(dt), retry_factor     2  1142       -8.187768       -0.688657        0.500000
       retry log10(dt/yr), log10(dt), retry_factor     1  1152       -7.517690       -0.018579        0.500000
       retry log10(dt/yr), log10(dt), retry_factor     2  1152       -7.818720       -0.319609        0.500000
 have reached retry limit so now backup
       retry log10(dt/yr), log10(dt), retry_factor     1  1160       -7.593339       -0.094228        0.500000
       retry log10(dt/yr), log10(dt), retry_factor     2  1160       -7.894369       -0.395258        0.500000
       retry log10(dt/yr), log10(dt), retry_factor     1  1203       -5.614321        1.884791        0.500000
       retry log10(dt/yr), log10(dt), retry_factor     1  1208       -5.528609        1.970503        0.500000
       retry log10(dt/yr), log10(dt), retry_factor     1  1213       -5.477453        2.021658        0.500000
       retry log10(dt/yr), log10(dt), retry_factor     1  1214       -5.875393        1.623718        0.500000
       retry log10(dt/yr), log10(dt), retry_factor     1  1220       -5.483183        2.015928        0.500000
       retry log10(dt/yr), log10(dt), retry_factor     2  1220       -5.784213        1.714898        0.500000
 have reached retry limit so now backup
       retry log10(dt/yr), log10(dt), retry_factor     1  1226       -5.497754        2.001358        0.500000
hydro_newton_step failed to accept
       retry log10(dt/yr), log10(dt), retry_factor     2  1226       -5.798784        1.700328        0.500000
 have reached retry limit so now backup
       retry log10(dt/yr), log10(dt), retry_factor     1  1232       -5.554576        1.944536        0.500000
hydro_newton_step failed to accept
       retry log10(dt/yr), log10(dt), retry_factor     2  1232       -5.855606        1.643506        0.500000
       retry log10(dt/yr), log10(dt), retry_factor     1  1238       -5.531570        1.967542        0.500000
hydro_newton_step failed to accept
       retry log10(dt/yr), log10(dt), retry_factor     1  1239       -5.929510        1.569602        0.500000
       retry log10(dt/yr), log10(dt), retry_factor     1  1244       -5.589139        1.909973        0.500000
hydro_newton_step failed to accept
       retry log10(dt/yr), log10(dt), retry_factor     1  1245       -5.987079        1.512033        0.500000
       retry log10(dt/yr), log10(dt), retry_factor     1  1246       -6.331948        1.167164        0.500000
       retry log10(dt/yr), log10(dt), retry_factor     1  1252       -5.850331        1.648781        0.500000
       retry log10(dt/yr), log10(dt), retry_factor     1  1257       -6.014828        1.484284        0.500000
hydro_newton_step failed to accept
       retry log10(dt/yr), log10(dt), retry_factor     2  1257       -6.315858        1.183254        0.500000
 have reached retry limit so now backup
hydro_newton_step failed to accept
       retry log10(dt/yr), log10(dt), retry_factor     1  1261       -6.370628        1.128484        0.500000
       retry log10(dt/yr), log10(dt), retry_factor     1  1265       -5.961760        1.537352        0.500000
       retry log10(dt/yr), log10(dt), retry_factor     1  1266       -6.262790        1.236322        0.500000
hydro_newton_step failed to accept
       retry log10(dt/yr), log10(dt), retry_factor     1  1267       -6.660730        0.838382        0.500000
hydro_newton_step failed to accept
       retry log10(dt/yr), log10(dt), retry_factor     1  1268       -7.058670        0.440442        0.500000
       retry log10(dt/yr), log10(dt), retry_factor     1  1272       -6.456610        1.042502        0.500000
       retry log10(dt/yr), log10(dt), retry_factor     2  1272       -6.757640        0.741472        0.500000
       retry log10(dt/yr), log10(dt), retry_factor     1  1274       -7.058670        0.440442        0.500000
       retry log10(dt/yr), log10(dt), retry_factor     2  1274       -7.359700        0.139412        0.500000
       retry log10(dt/yr), log10(dt), retry_factor     1  1277       -7.660730       -0.161618        0.500000
       retry log10(dt/yr), log10(dt), retry_factor     1  1279       -8.058670       -0.559558        0.500000
       retry log10(dt/yr), log10(dt), retry_factor     1  1285       -8.693634       -1.194522        0.500000
       retry log10(dt/yr), log10(dt), retry_factor     1  1366       -7.493111        0.006001        0.500000
hydro_newton_step failed to accept
       retry log10(dt/yr), log10(dt), retry_factor     2  1366       -7.794141       -0.295029        0.500000
hydro_newton_step failed to accept
       retry log10(dt/yr), log10(dt), retry_factor     1  1367       -8.192081       -0.692969        0.500000
       retry log10(dt/yr), log10(dt), retry_factor     2  1367       -8.493111       -0.993999        0.500000
 have reached retry limit so now backup
hydro_newton_step failed to accept
       retry log10(dt/yr), log10(dt), retry_factor     1  1370       -8.794141       -1.295029        0.500000
       retry log10(dt/yr), log10(dt), retry_factor     1  1372       -8.627838       -1.128726        0.500000
hydro_newton_step failed to accept
       retry log10(dt/yr), log10(dt), retry_factor     1  1378       -8.135810       -0.636698        0.500000
       retry log10(dt/yr), log10(dt), retry_factor     2  1378       -8.436840       -0.937728        0.500000
hydro_newton_step failed to accept
       retry log10(dt/yr), log10(dt), retry_factor     1  1383       -8.135810       -0.636698        0.500000
       retry log10(dt/yr), log10(dt), retry_factor     1  1410       -7.713047       -0.213936        0.500000
       retry log10(dt/yr), log10(dt), retry_factor     1  1420       -7.629014       -0.129903        0.500000
       retry log10(dt/yr), log10(dt), retry_factor     2  1420       -7.930044       -0.430933        0.500000
 have reached retry limit so now backup
       retry log10(dt/yr), log10(dt), retry_factor     1  1441       -7.080267        0.418844        0.500000
hydro_newton_step failed to accept
       retry log10(dt/yr), log10(dt), retry_factor     2  1441       -7.381297        0.117814        0.500000
       retry log10(dt/yr), log10(dt), retry_factor     1  1467       -6.311318        1.187793        0.500000
       retry log10(dt/yr), log10(dt), retry_factor     1  1475       -5.719191        1.779920        0.500000
       retry log10(dt/yr), log10(dt), retry_factor     1  1481       -5.441177        2.057935        0.500000
       retry log10(dt/yr), log10(dt), retry_factor     1  1485       -5.441177        2.057935        0.500000
       retry log10(dt/yr), log10(dt), retry_factor     1  1490       -5.322191        2.176921        0.500000
       retry log10(dt/yr), log10(dt), retry_factor     1  1491       -5.720131        1.778981        0.500000
       retry log10(dt/yr), log10(dt), retry_factor     2  1491       -6.021161        1.477951        0.500000
       retry log10(dt/yr), log10(dt), retry_factor     1  1492       -6.322191        1.176921        0.500000
       retry log10(dt/yr), log10(dt), retry_factor     1  1493       -6.623221        0.875891        0.500000
       retry log10(dt/yr), log10(dt), retry_factor     1  1498       -6.322191        1.176921        0.500000
       retry log10(dt/yr), log10(dt), retry_factor     2  1498       -6.623221        0.875891        0.500000
 bad other yaxis for History panels plot num_zones

 ERROR: failed to find log_Teff in history data

 grid1/grid1_001500.png/png
       retry log10(dt/yr), log10(dt), retry_factor     1  1508       -5.722954        1.776158        0.500000
hydro_newton_step failed to accept
       retry log10(dt/yr), log10(dt), retry_factor     1  1509       -6.120894        1.378218        0.500000
       retry log10(dt/yr), log10(dt), retry_factor     1  1510       -6.421924        1.077188        0.500000
       retry log10(dt/yr), log10(dt), retry_factor     1  1517       -5.645645        1.853466        0.500000
       retry log10(dt/yr), log10(dt), retry_factor     1  1521       -5.694161        1.804950        0.500000
hydro_newton_step failed to accept
       retry log10(dt/yr), log10(dt), retry_factor     1  1522       -5.995191        1.503920        0.500000
hydro_newton_step failed to accept
       retry log10(dt/yr), log10(dt), retry_factor     1  1523       -6.393131        1.105980        0.500000
       retry log10(dt/yr), log10(dt), retry_factor     1  1527       -5.979850        1.519261        0.500000
       retry log10(dt/yr), log10(dt), retry_factor     1  1529       -6.284337        1.214774        0.500000
       retry log10(dt/yr), log10(dt), retry_factor     2  1529       -6.585367        0.913744        0.500000
hydro_newton_step failed to accept
       retry log10(dt/yr), log10(dt), retry_factor     1  1530       -6.983308        0.515804        0.500000
       retry log10(dt/yr), log10(dt), retry_factor     1  1534       -6.682278        0.816834        0.500000
       retry log10(dt/yr), log10(dt), retry_factor     1  1536       -7.009766        0.489346        0.500000
       retry log10(dt/yr), log10(dt), retry_factor     2  1536       -7.310796        0.188316        0.500000
 have reached retry limit so now backup
       retry log10(dt/yr), log10(dt), retry_factor     1  1540       -7.388826        0.110286        0.500000
       retry log10(dt/yr), log10(dt), retry_factor     1  1544       -7.388826        0.110286        0.500000
       retry log10(dt/yr), log10(dt), retry_factor     1  1546       -7.689856       -0.190744        0.500000
       retry log10(dt/yr), log10(dt), retry_factor     1  1550       -7.893842       -0.394731        0.500000
       retry log10(dt/yr), log10(dt), retry_factor     1  1551       -8.291782       -0.792671        0.500000
       retry log10(dt/yr), log10(dt), retry_factor     1  1552       -8.592812       -1.093701        0.500000
       retry log10(dt/yr), log10(dt), retry_factor     1  1558       -8.698722       -1.199610        0.500000
       retry log10(dt/yr), log10(dt), retry_factor     1  1588       -9.166393       -1.667281        0.500000
       retry log10(dt/yr), log10(dt), retry_factor     1  1643       -7.398950        0.100162        0.500000
       retry log10(dt/yr), log10(dt), retry_factor     2  1643       -7.699980       -0.200868        0.500000
 have reached retry limit so now backup
       retry log10(dt/yr), log10(dt), retry_factor     1  1644       -8.001010       -0.501898        0.500000
       retry log10(dt/yr), log10(dt), retry_factor     2  1644       -8.302040       -0.802928        0.500000
 have reached retry limit so now backup
       retry log10(dt/yr), log10(dt), retry_factor     1  1644       -8.603070       -1.103958        0.500000
       retry log10(dt/yr), log10(dt), retry_factor     2  1644       -8.904100       -1.404988        0.500000
 have reached retry limit so now backup
       retry log10(dt/yr), log10(dt), retry_factor     1  1646       -9.205130       -1.706018        0.500000
       retry log10(dt/yr), log10(dt), retry_factor     2  1646       -9.506160       -2.007048        0.500000
 have reached retry limit so now backup
       retry log10(dt/yr), log10(dt), retry_factor     1  1648       -9.807190       -2.308078        0.500000
       retry log10(dt/yr), log10(dt), retry_factor     2  1648      -10.108220       -2.609108        0.500000
 have reached retry limit so now backup
       retry log10(dt/yr), log10(dt), retry_factor     1  1651      -10.409250       -2.910138        0.500000
       retry log10(dt/yr), log10(dt), retry_factor     2  1651      -10.710280       -3.211168        0.500000
 have reached retry limit so now backup
       retry log10(dt/yr), log10(dt), retry_factor     1  1652      -11.011310       -3.512198        0.500000
       retry log10(dt/yr), log10(dt), retry_factor     1  1671       -7.573424       -0.074312        0.500000
       retry log10(dt/yr), log10(dt), retry_factor     2  1671       -7.874454       -0.375342        0.500000
 have reached retry limit so now backup
hydro_newton_step failed to accept
       retry log10(dt/yr), log10(dt), retry_factor     1  1675       -8.462264       -0.963152        0.500000
       retry log10(dt/yr), log10(dt), retry_factor     1  1679       -7.986517       -0.487406        0.500000
       retry log10(dt/yr), log10(dt), retry_factor     1  1687       -7.819556       -0.320444        0.500000
       retry log10(dt/yr), log10(dt), retry_factor     1  1723       -7.537291       -0.038180        0.500000
       retry log10(dt/yr), log10(dt), retry_factor     1  1727       -7.605097       -0.105986        0.500000
       retry log10(dt/yr), log10(dt), retry_factor     2  1727       -7.906127       -0.407016        0.500000
       retry log10(dt/yr), log10(dt), retry_factor     1  1735       -7.419903        0.079209        0.500000
hydro_newton_step failed to accept
       retry log10(dt/yr), log10(dt), retry_factor     2  1735       -7.720933       -0.221821        0.500000
       retry log10(dt/yr), log10(dt), retry_factor     1  1765       -6.445531        1.053580        0.500000
       retry log10(dt/yr), log10(dt), retry_factor     1  1780       -5.638996        1.860115        0.500000
       retry log10(dt/yr), log10(dt), retry_factor     2  1780       -5.940026        1.559085        0.500000
       retry log10(dt/yr), log10(dt), retry_factor     1  1786       -5.545323        1.953788        0.500000
       retry log10(dt/yr), log10(dt), retry_factor     1  1787       -5.943263        1.555848        0.500000
       retry log10(dt/yr), log10(dt), retry_factor     1  1788       -6.244293        1.254818        0.500000
       retry log10(dt/yr), log10(dt), retry_factor     1  1795       -5.530479        1.968633        0.500000
       retry log10(dt/yr), log10(dt), retry_factor     2  1795       -5.831509        1.667603        0.500000
 have reached retry limit so now backup
       retry log10(dt/yr), log10(dt), retry_factor     1  1801       -5.480013        2.019099        0.500000
       retry log10(dt/yr), log10(dt), retry_factor     1  1802       -5.877953        1.621159        0.500000
hydro_newton_step failed to accept
       retry log10(dt/yr), log10(dt), retry_factor     2  1802       -6.178983        1.320129        0.500000
       retry log10(dt/yr), log10(dt), retry_factor     1  1803       -6.480013        1.019099        0.500000
       retry log10(dt/yr), log10(dt), retry_factor     1  1807       -6.480013        1.019099        0.500000
       retry log10(dt/yr), log10(dt), retry_factor     1  1815       -5.453334        2.045778        0.500000
hydro_newton_step failed to accept
       retry log10(dt/yr), log10(dt), retry_factor     1  1816       -5.851274        1.647838        0.500000
       retry log10(dt/yr), log10(dt), retry_factor     1  1821       -5.453279        2.045832        0.500000
       retry log10(dt/yr), log10(dt), retry_factor     1  1822       -5.851219        1.647892        0.500000
hydro_newton_step failed to accept
       retry log10(dt/yr), log10(dt), retry_factor     2  1822       -6.152249        1.346862        0.500000
       retry log10(dt/yr), log10(dt), retry_factor     1  1829       -5.491564        2.007547        0.500000
       retry log10(dt/yr), log10(dt), retry_factor     1  1830       -5.889504        1.609607        0.500000
hydro_newton_step failed to accept
       retry log10(dt/yr), log10(dt), retry_factor     1  1831       -6.287444        1.211667        0.500000
       retry log10(dt/yr), log10(dt), retry_factor     1  1832       -6.588474        0.910637        0.500000
       retry log10(dt/yr), log10(dt), retry_factor     2  1832       -6.889504        0.609607        0.500000
       retry log10(dt/yr), log10(dt), retry_factor     1  1840       -5.685384        1.813727        0.500000
       retry log10(dt/yr), log10(dt), retry_factor     1  1841       -5.986414        1.512697        0.500000
hydro_newton_step failed to accept
       retry log10(dt/yr), log10(dt), retry_factor     1  1842       -6.384354        1.114757        0.500000
       retry log10(dt/yr), log10(dt), retry_factor     1  1843       -6.685384        0.813727        0.500000
       retry log10(dt/yr), log10(dt), retry_factor     2  1843       -6.986414        0.512697        0.500000
       retry log10(dt/yr), log10(dt), retry_factor     1  1851       -5.782295        1.716817        0.500000
       retry log10(dt/yr), log10(dt), retry_factor     2  1851       -6.083324        1.415787        0.500000
       retry log10(dt/yr), log10(dt), retry_factor     1  1853       -6.384354        1.114757        0.500000
       retry log10(dt/yr), log10(dt), retry_factor     1  1855       -6.685384        0.813727        0.500000
       retry log10(dt/yr), log10(dt), retry_factor     1  1857       -6.986414        0.512697        0.500000
       retry log10(dt/yr), log10(dt), retry_factor     1  1858       -7.384354        0.114757        0.500000
hydro_newton_step failed to accept
       retry log10(dt/yr), log10(dt), retry_factor     1  1863       -7.083324        0.415787        0.500000
       retry log10(dt/yr), log10(dt), retry_factor     1  1864       -7.083324        0.415787        0.500000
       retry log10(dt/yr), log10(dt), retry_factor     1  1865       -7.384354        0.114757        0.500000
slurmstepd: error: *** JOB 8225195 ON dcc-gcb-63 CANCELLED AT 2021-04-22T17:26:23 ***
