the mesa run folder is /work/al363/runs/low_overhead/runs_x100_1_2

starting from 0
DATE: 2021-04-12
TIME: 21:49:53
                                         version_number       10108
 read /hpc/group/physics/al363/low_overhead/sens/base/inlist_base
 read inlist_cluster
load saved model /hpc/group/physics/al363/sens/base/ns_relax.mod

 change to /hpc/group/physics/al363/sens/base/rp_305.net
             set special rate factor for r_cr44_ng_cr45         101    1.0000000000000000D+02
             set special rate factor for r_cr45_gn_cr44         102    1.0000000000000000D+02
             set special rate factor for r_cr44_ng_cr45         101    1.0000000000000000D+02
             set special rate factor for r_cr45_gn_cr44         102    1.0000000000000000D+02
 number of species         305
 read /hpc/group/physics/al363/low_overhead/sens/base/history_custom_low_overhead
 read /hpc/group/physics/al363/low_overhead/sens/base/profile_custom_low_overhead
 net name /hpc/group/physics/al363/sens/base/rp_305.net
 v_flag T
                                           xmstar/mstar    4.5461189430843640D-12
                                             xmstar (g)    1.2660395722219186D+22
                                           M_center (g)    2.7848799999878681D+33
                                            xmstar/Msun    6.3645665203193175D-12
                                          M_center/Msun    1.3999999999939012D+00
                                          R_center (cm)    1.1200000000000000D+06
                                          R_center/Rsun    1.6092416448748527D-05
                                           core density    4.7322078204273819D+14
                                          L_center/Lsun    4.1647144567650578D+00
 kappa_file_prefix gs98
 kappa_lowT_prefix lowT_fa05_gs98

   eos_file_prefix mesa
                                        OMP_NUM_THREADS           8


__________________________________________________________________________________________________________________________________________________

       step    lg_Tcntr    Teff       lg_LH     lg_Lnuc     Mass       H_rich     H_cntr     N_cntr     Y_surf     X_avg     eta_cntr  zones retry
   lg_dt_yr    lg_Dcntr    lg_R       lg_L3a    lg_Lneu     lg_Mdot    He_core    He_cntr    O_cntr     Z_surf     Y_avg     gam_cntr  iters bckup
     age_yr    lg_Pcntr    lg_L       lg_LZ     lg_Psurf    lg_Dsurf   C_core     C_cntr     Ne_cntr    Si_cntr    Z_avg     v_div_cs     dt_limit
__________________________________________________________________________________________________________________________________________________

         12   8.207068  1.596E+06   0.422373   0.422680   1.400000   1.400000   0.000000   0.000000   0.275200   0.032716  18.782540    782      0
  -5.834864   6.544453  -4.792968 -17.300136  -0.755568  -8.522879   0.000000   0.000000   0.000000   0.020000   0.012436 128.974929      6      0
 9.8181E-06  23.077272   0.179446  -2.727454  12.804639  -1.522785   0.000000   0.000000   0.000000   0.000687  9.548E-01 -0.112E-12      lgT_cntr

save LOGS/profile2.data for model 12
       retry log10(dt/yr), log10(dt), retry_factor     1    34       -5.396345        2.102767        0.500000
       retry log10(dt/yr), log10(dt), retry_factor     1    38       -5.396345        2.102767        0.500000
       retry log10(dt/yr), log10(dt), retry_factor     1    42       -5.396345        2.102767        0.500000
       retry log10(dt/yr), log10(dt), retry_factor     1    46       -5.396345        2.102767        0.500000
       retry log10(dt/yr), log10(dt), retry_factor     1    51       -5.095315        2.403797        0.500000
       retry log10(dt/yr), log10(dt), retry_factor     1    52       -5.095315        2.403797        0.500000
       retry log10(dt/yr), log10(dt), retry_factor     1    53       -5.095315        2.403797        0.500000
       retry log10(dt/yr), log10(dt), retry_factor     1    54       -5.095315        2.403797        0.500000
       retry log10(dt/yr), log10(dt), retry_factor     1    55       -5.095315        2.403797        0.500000
       retry log10(dt/yr), log10(dt), retry_factor     1    56       -5.095315        2.403797        0.500000
       retry log10(dt/yr), log10(dt), retry_factor     2    56       -5.396345        2.102767        0.500000
       retry log10(dt/yr), log10(dt), retry_factor     1    60       -5.396345        2.102767        0.500000
       retry log10(dt/yr), log10(dt), retry_factor     1    61       -5.697375        1.801737        0.500000
       retry log10(dt/yr), log10(dt), retry_factor     1    62       -5.998405        1.500707        0.500000
       retry log10(dt/yr), log10(dt), retry_factor     1    64       -6.299435        1.199677        0.500000
hydro_newton_step failed to accept
       retry log10(dt/yr), log10(dt), retry_factor     1    65       -6.600465        0.898647        0.500000
       retry log10(dt/yr), log10(dt), retry_factor     1    67       -6.901495        0.597617        0.500000
       retry log10(dt/yr), log10(dt), retry_factor     1    69       -7.202525        0.296587        0.500000
       retry log10(dt/yr), log10(dt), retry_factor     1    70       -7.503555       -0.004443        0.500000
       retry log10(dt/yr), log10(dt), retry_factor     1    72       -7.804585       -0.305473        0.500000
       retry log10(dt/yr), log10(dt), retry_factor     1    74       -8.105615       -0.606503        0.500000
       retry log10(dt/yr), log10(dt), retry_factor     1    75       -8.439704       -0.940592        0.500000
       retry log10(dt/yr), log10(dt), retry_factor     1   142       -8.644790       -1.145679        0.500000
       retry log10(dt/yr), log10(dt), retry_factor     1   143       -9.042730       -1.543619        0.500000
       retry log10(dt/yr), log10(dt), retry_factor     1   152       -9.056491       -1.557380        0.500000
       retry log10(dt/yr), log10(dt), retry_factor     1   160       -8.864247       -1.365135        0.500000
       retry log10(dt/yr), log10(dt), retry_factor     2   160       -9.165277       -1.666165        0.500000
 have reached retry limit so now backup
       retry log10(dt/yr), log10(dt), retry_factor     1   169       -8.522183       -1.023071        0.500000
       retry log10(dt/yr), log10(dt), retry_factor     2   169       -8.823213       -1.324101        0.500000
 have reached retry limit so now backup
       retry log10(dt/yr), log10(dt), retry_factor     1   192       -7.289384        0.209728        0.500000
       retry log10(dt/yr), log10(dt), retry_factor     2   192       -7.590414       -0.091302        0.500000
       retry log10(dt/yr), log10(dt), retry_factor     1   199       -7.731514       -0.232402        0.500000
       retry log10(dt/yr), log10(dt), retry_factor     2   199       -8.032544       -0.533432        0.500000
 have reached retry limit so now backup
hydro_newton_step failed to accept
       retry log10(dt/yr), log10(dt), retry_factor     1   200       -8.430484       -0.931372        0.500000
       retry log10(dt/yr), log10(dt), retry_factor     1   201       -8.731514       -1.232402        0.500000
hydro_newton_step failed to accept
       retry log10(dt/yr), log10(dt), retry_factor     1   229       -7.769791       -0.270679        0.500000
       retry log10(dt/yr), log10(dt), retry_factor     2   229       -8.070821       -0.571709        0.500000
hydro_newton_step failed to accept
       retry log10(dt/yr), log10(dt), retry_factor     1   236       -7.624498       -0.125387        0.500000
       retry log10(dt/yr), log10(dt), retry_factor     2   236       -7.925528       -0.426417        0.500000
       retry log10(dt/yr), log10(dt), retry_factor     1   246       -7.517700       -0.018589        0.500000
       retry log10(dt/yr), log10(dt), retry_factor     2   246       -7.818730       -0.319619        0.500000
 have reached retry limit so now backup
       retry log10(dt/yr), log10(dt), retry_factor     1   253       -7.557360       -0.058249        0.500000
       retry log10(dt/yr), log10(dt), retry_factor     2   253       -7.858390       -0.359279        0.500000
 have reached retry limit so now backup
       retry log10(dt/yr), log10(dt), retry_factor     1   298       -5.592629        1.906483        0.500000
       retry log10(dt/yr), log10(dt), retry_factor     1   303       -5.543969        1.955142        0.500000
       retry log10(dt/yr), log10(dt), retry_factor     1   307       -5.595297        1.903814        0.500000
       retry log10(dt/yr), log10(dt), retry_factor     1   308       -5.993237        1.505874        0.500000
       retry log10(dt/yr), log10(dt), retry_factor     1   309       -6.294267        1.204844        0.500000
       retry log10(dt/yr), log10(dt), retry_factor     1   316       -5.558304        1.940807        0.500000
       retry log10(dt/yr), log10(dt), retry_factor     1   317       -5.859334        1.639777        0.500000
       retry log10(dt/yr), log10(dt), retry_factor     1   323       -5.513350        1.985761        0.500000
       retry log10(dt/yr), log10(dt), retry_factor     2   323       -5.814380        1.684731        0.500000
       retry log10(dt/yr), log10(dt), retry_factor     1   325       -6.153877        1.345235        0.500000
       retry log10(dt/yr), log10(dt), retry_factor     1   332       -5.493640        2.005472        0.500000
       retry log10(dt/yr), log10(dt), retry_factor     1   337       -5.471059        2.028052        0.500000
       retry log10(dt/yr), log10(dt), retry_factor     1   338       -5.845688        1.653424        0.500000
hydro_newton_step failed to accept
       retry log10(dt/yr), log10(dt), retry_factor     1   339       -6.211965        1.287146        0.500000
       retry log10(dt/yr), log10(dt), retry_factor     1   340       -6.512995        0.986116        0.500000
       retry log10(dt/yr), log10(dt), retry_factor     1   343       -6.814025        0.685086        0.500000
       retry log10(dt/yr), log10(dt), retry_factor     1   351       -5.728507        1.770605        0.500000
hydro_newton_step failed to accept
       retry log10(dt/yr), log10(dt), retry_factor     1   352       -6.061837        1.437274        0.500000
       retry log10(dt/yr), log10(dt), retry_factor     1   356       -6.002762        1.496350        0.500000
       retry log10(dt/yr), log10(dt), retry_factor     2   356       -6.303792        1.195320        0.500000
        356   8.434239  4.511E+06   1.945715   2.066186   1.400000   1.400000   0.000000   0.000000   0.275200   0.077598  11.965450    756     63
  -6.002762   6.606404  -4.792685   1.191661   1.150672  -8.522879   0.000000   0.000000   0.000000   0.020000   0.055740  80.164950      6      5
 5.8090E-04  23.180313   1.985210   1.102599  13.821709  -0.966897   0.000000   0.000000   0.000000   0.000687  8.667E-01  0.101E-13         retry

save LOGS/profile3.data for model 356
       retry log10(dt/yr), log10(dt), retry_factor     1   358       -6.604822        0.894290        0.500000
hydro_newton_step failed to accept
       retry log10(dt/yr), log10(dt), retry_factor     1   359       -7.002762        0.496350        0.500000
hydro_newton_step failed to accept
       retry log10(dt/yr), log10(dt), retry_factor     1   362       -7.002762        0.496350        0.500000
       retry log10(dt/yr), log10(dt), retry_factor     1   363       -7.002762        0.496350        0.500000
       retry log10(dt/yr), log10(dt), retry_factor     1   365       -7.303792        0.195320        0.500000
       retry log10(dt/yr), log10(dt), retry_factor     1   366       -7.604822       -0.105710        0.500000
       retry log10(dt/yr), log10(dt), retry_factor     1   368       -7.905852       -0.406740        0.500000
       retry log10(dt/yr), log10(dt), retry_factor     1   369       -8.303792       -0.804680        0.500000
       retry log10(dt/yr), log10(dt), retry_factor     2   369       -8.604822       -1.105710        0.500000
       retry log10(dt/yr), log10(dt), retry_factor     1   377       -8.618030       -1.118918        0.500000
       retry log10(dt/yr), log10(dt), retry_factor     1   382       -8.867667       -1.368555        0.500000
       retry log10(dt/yr), log10(dt), retry_factor     1   409       -9.276336       -1.777224        0.500000
       retry log10(dt/yr), log10(dt), retry_factor     1   462       -7.212979        0.286133        0.500000
       retry log10(dt/yr), log10(dt), retry_factor     2   462       -7.514009       -0.014897        0.500000
 have reached retry limit so now backup
       retry log10(dt/yr), log10(dt), retry_factor     1   463       -7.815039       -0.315927        0.500000
       retry log10(dt/yr), log10(dt), retry_factor     2   463       -8.116069       -0.616957        0.500000
 have reached retry limit so now backup
       retry log10(dt/yr), log10(dt), retry_factor     1   466       -8.417099       -0.917987        0.500000
       retry log10(dt/yr), log10(dt), retry_factor     2   466       -8.718129       -1.219017        0.500000
 have reached retry limit so now backup
       retry log10(dt/yr), log10(dt), retry_factor     1   466       -9.019159       -1.520047        0.500000
       retry log10(dt/yr), log10(dt), retry_factor     2   466       -9.320189       -1.821077        0.500000
 have reached retry limit so now backup
       retry log10(dt/yr), log10(dt), retry_factor     1   467       -9.621219       -2.122107        0.500000
       retry log10(dt/yr), log10(dt), retry_factor     2   467       -9.922249       -2.423137        0.500000
 have reached retry limit so now backup
       retry log10(dt/yr), log10(dt), retry_factor     1   470      -10.223279       -2.724167        0.500000
       retry log10(dt/yr), log10(dt), retry_factor     2   470      -10.524309       -3.025197        0.500000
 have reached retry limit so now backup
       retry log10(dt/yr), log10(dt), retry_factor     1   486       -7.292078        0.207034        0.500000
hydro_newton_step failed to accept
       retry log10(dt/yr), log10(dt), retry_factor     2   486       -7.593108       -0.093996        0.500000
       retry log10(dt/yr), log10(dt), retry_factor     1   491       -8.153546       -0.654434        0.500000
       retry log10(dt/yr), log10(dt), retry_factor     2   491       -8.454576       -0.955464        0.500000
hydro_newton_step failed to accept
       retry log10(dt/yr), log10(dt), retry_factor     1   493       -8.755606       -1.256494        0.500000
       retry log10(dt/yr), log10(dt), retry_factor     1   495       -8.755606       -1.256494        0.500000
hydro_newton_step failed to accept
       retry log10(dt/yr), log10(dt), retry_factor     2   495       -9.056636       -1.557524        0.500000
 have reached retry limit so now backup
 bad other yaxis for History panels plot num_zones

 ERROR: failed to find log_Teff in history data

 grid1/grid1_000500.png/png
       retry log10(dt/yr), log10(dt), retry_factor     1   503       -7.852516       -0.353404        0.500000
       retry log10(dt/yr), log10(dt), retry_factor     2   503       -8.153546       -0.654434        0.500000
       retry log10(dt/yr), log10(dt), retry_factor     1   520       -7.921602       -0.422490        0.500000
       retry log10(dt/yr), log10(dt), retry_factor     1   534       -7.712243       -0.213131        0.500000
       retry log10(dt/yr), log10(dt), retry_factor     1   542       -7.646750       -0.147639        0.500000
       retry log10(dt/yr), log10(dt), retry_factor     2   542       -7.947780       -0.448669        0.500000
 have reached retry limit so now backup
       retry log10(dt/yr), log10(dt), retry_factor     1   591       -5.654494        1.844618        0.500000
       retry log10(dt/yr), log10(dt), retry_factor     1   596       -5.353464        2.145648        0.500000
       retry log10(dt/yr), log10(dt), retry_factor     2   596       -5.654494        1.844618        0.500000
 have reached retry limit so now backup
       retry log10(dt/yr), log10(dt), retry_factor     1   597       -6.052434        1.446678        0.500000
       retry log10(dt/yr), log10(dt), retry_factor     1   604       -5.369235        2.129876        0.500000
       retry log10(dt/yr), log10(dt), retry_factor     2   604       -5.670265        1.828846        0.500000
 have reached retry limit so now backup
       retry log10(dt/yr), log10(dt), retry_factor     1   605       -5.971295        1.527817        0.500000
       retry log10(dt/yr), log10(dt), retry_factor     1   606       -6.272325        1.226787        0.500000
       retry log10(dt/yr), log10(dt), retry_factor     1   613       -5.369235        2.129876        0.500000
       retry log10(dt/yr), log10(dt), retry_factor     1   615       -5.767175        1.731936        0.500000
       retry log10(dt/yr), log10(dt), retry_factor     1   616       -6.068205        1.430906        0.500000
       retry log10(dt/yr), log10(dt), retry_factor     2   616       -6.369235        1.129876        0.500000
       retry log10(dt/yr), log10(dt), retry_factor     1   624       -5.306592        2.192520        0.500000
hydro_newton_step failed to accept
       retry log10(dt/yr), log10(dt), retry_factor     2   624       -5.607622        1.891490        0.500000
 have reached retry limit so now backup
       retry log10(dt/yr), log10(dt), retry_factor     1   629       -5.306592        2.192520        0.500000
hydro_newton_step failed to accept
       retry log10(dt/yr), log10(dt), retry_factor     2   629       -5.607622        1.891490        0.500000
 have reached retry limit so now backup
       retry log10(dt/yr), log10(dt), retry_factor     1   634       -5.650680        1.848432        0.500000
       retry log10(dt/yr), log10(dt), retry_factor     1   638       -5.786482        1.712630        0.500000
       retry log10(dt/yr), log10(dt), retry_factor     1   642       -5.875889        1.623222        0.500000
hydro_newton_step failed to accept
       retry log10(dt/yr), log10(dt), retry_factor     1   643       -6.273829        1.225282        0.500000
       retry log10(dt/yr), log10(dt), retry_factor     1   644       -6.574859        0.924252        0.500000
       retry log10(dt/yr), log10(dt), retry_factor     1   651       -5.888261        1.610850        0.500000
       retry log10(dt/yr), log10(dt), retry_factor     1   652       -6.286201        1.212910        0.500000
       retry log10(dt/yr), log10(dt), retry_factor     2   652       -6.587231        0.911880        0.500000
       retry log10(dt/yr), log10(dt), retry_factor     1   653       -6.888261        0.610850        0.500000
       retry log10(dt/yr), log10(dt), retry_factor     2   653       -7.189291        0.309820        0.500000
       retry log10(dt/yr), log10(dt), retry_factor     1   660       -6.286201        1.212910        0.500000
hydro_newton_step failed to accept
       retry log10(dt/yr), log10(dt), retry_factor     1   661       -6.587231        0.911880        0.500000
       retry log10(dt/yr), log10(dt), retry_factor     1   663       -6.888261        0.610850        0.500000
       retry log10(dt/yr), log10(dt), retry_factor     1   665       -7.189291        0.309820        0.500000
       retry log10(dt/yr), log10(dt), retry_factor     1   667       -7.490321        0.008790        0.500000
hydro_newton_step failed to accept
       retry log10(dt/yr), log10(dt), retry_factor     1   669       -7.791351       -0.292240        0.500000
hydro_newton_step failed to accept
       retry log10(dt/yr), log10(dt), retry_factor     2   669       -8.092381       -0.593270        0.500000
       retry log10(dt/yr), log10(dt), retry_factor     1   674       -7.611291       -0.112179        0.500000
       retry log10(dt/yr), log10(dt), retry_factor     1   676       -7.912321       -0.413209        0.500000
       retry log10(dt/yr), log10(dt), retry_factor     1   677       -8.310261       -0.811149        0.500000
       retry log10(dt/yr), log10(dt), retry_factor     2   677       -8.611291       -1.112179        0.500000
hydro_newton_step failed to accept
       retry log10(dt/yr), log10(dt), retry_factor     1   710       -9.241640       -1.742529        0.500000
       retry log10(dt/yr), log10(dt), retry_factor     2   710       -9.542670       -2.043559        0.500000
 have reached retry limit so now backup
hydro_newton_step failed to accept
       retry log10(dt/yr), log10(dt), retry_factor     1   718       -9.186204       -1.687092        0.500000
hydro_newton_step failed to accept
       retry log10(dt/yr), log10(dt), retry_factor     1   719       -9.273470       -1.774359        0.500000
       retry log10(dt/yr), log10(dt), retry_factor     1   770       -7.346036        0.153076        0.500000
hydro_newton_step failed to accept
       retry log10(dt/yr), log10(dt), retry_factor     2   770       -7.647066       -0.147954        0.500000
hydro_newton_step failed to accept
       retry log10(dt/yr), log10(dt), retry_factor     1   775       -8.046580       -0.547469        0.500000
hydro_newton_step failed to accept
       retry log10(dt/yr), log10(dt), retry_factor     2   775       -8.347610       -0.848499        0.500000
 have reached retry limit so now backup
hydro_newton_step failed to accept
       retry log10(dt/yr), log10(dt), retry_factor     1   777       -8.648640       -1.149529        0.500000
       retry log10(dt/yr), log10(dt), retry_factor     1   785       -8.239804       -0.740693        0.500000
       retry log10(dt/yr), log10(dt), retry_factor     2   785       -8.540834       -1.041723        0.500000
       retry log10(dt/yr), log10(dt), retry_factor     1   818       -7.640053       -0.140941        0.500000
       retry log10(dt/yr), log10(dt), retry_factor     2   818       -7.941083       -0.441971        0.500000
       retry log10(dt/yr), log10(dt), retry_factor     1   824       -7.702248       -0.203137        0.500000
       retry log10(dt/yr), log10(dt), retry_factor     2   824       -8.003278       -0.504167        0.500000
       retry log10(dt/yr), log10(dt), retry_factor     1   849       -7.028051        0.471061        0.500000
hydro_newton_step failed to accept
       retry log10(dt/yr), log10(dt), retry_factor     2   849       -7.329081        0.170031        0.500000
hydro_newton_step failed to accept
       retry log10(dt/yr), log10(dt), retry_factor     1   878       -5.709974        1.789138        0.500000
       retry log10(dt/yr), log10(dt), retry_factor     2   878       -6.011004        1.488108        0.500000
       retry log10(dt/yr), log10(dt), retry_factor     1   884       -5.570680        1.928432        0.500000
       retry log10(dt/yr), log10(dt), retry_factor     1   885       -5.968620        1.530492        0.500000
       retry log10(dt/yr), log10(dt), retry_factor     1   891       -5.657646        1.841466        0.500000
       retry log10(dt/yr), log10(dt), retry_factor     2   891       -5.958676        1.540436        0.500000
       retry log10(dt/yr), log10(dt), retry_factor     1   897       -5.356616        2.142496        0.500000
       retry log10(dt/yr), log10(dt), retry_factor     2   897       -5.657646        1.841466        0.500000
 have reached retry limit so now backup
       retry log10(dt/yr), log10(dt), retry_factor     1   898       -6.055586        1.443526        0.500000
       retry log10(dt/yr), log10(dt), retry_factor     1   904       -5.589655        1.909457        0.500000
       retry log10(dt/yr), log10(dt), retry_factor     1   909       -5.383944        2.115167        0.500000
       retry log10(dt/yr), log10(dt), retry_factor     1   911       -5.684974        1.814137        0.500000
       retry log10(dt/yr), log10(dt), retry_factor     2   911       -5.986004        1.513107        0.500000
 have reached retry limit so now backup
       retry log10(dt/yr), log10(dt), retry_factor     1   915       -6.035242        1.463870        0.500000
       retry log10(dt/yr), log10(dt), retry_factor     1   922       -5.467621        2.031491        0.500000
       retry log10(dt/yr), log10(dt), retry_factor     2   922       -5.768651        1.730461        0.500000
 have reached retry limit so now backup
hydro_newton_step failed to accept
       retry log10(dt/yr), log10(dt), retry_factor     1   926       -5.861150        1.637961        0.500000
       retry log10(dt/yr), log10(dt), retry_factor     1   929       -5.468554        2.030557        0.500000
       retry log10(dt/yr), log10(dt), retry_factor     1   930       -5.840643        1.658469        0.500000
       retry log10(dt/yr), log10(dt), retry_factor     1   935       -5.803426        1.695686        0.500000
hydro_newton_step failed to accept
       retry log10(dt/yr), log10(dt), retry_factor     1   936       -6.201366        1.297746        0.500000
hydro_newton_step failed to accept
       retry log10(dt/yr), log10(dt), retry_factor     2   936       -6.502396        0.996716        0.500000

stop because model_number >= max_model_number
      936      936

        936   8.410940  4.229E+06   1.827156   1.887954   1.400000   1.400000   0.000000   0.000000   0.275200   0.064031  13.512563    882    176
  -6.201366   6.658847  -4.792681   0.759697   0.991076  -8.522879   0.000000   0.000000   0.000000   0.020000   0.048209  88.057203      6     22
 1.1043E-03  23.257183   1.872905   0.637738  13.748919  -1.010803   0.000000   0.000000   0.000000   0.000687  8.878E-01 -0.196E-15         retry

save LOGS/profile4.data for model 936
save photos/x936 for model 936
save abund_profile_r_cr44_ng_cr45_100.data for model 936
 saved to final.mod
termination code: max_model_number
        936   8.410940  4.229E+06   1.827156   1.887954   1.400000   1.400000   0.000000   0.000000   0.275200   0.064031  13.512563    882    176
  -6.201366   6.658847  -4.792681   0.759697   0.991076  -8.522879   0.000000   0.000000   0.000000   0.020000   0.048209  88.057203      6     22
 1.1043E-03  23.257183   1.872905   0.637738  13.748919  -1.010803   0.000000   0.000000   0.000000   0.000687  8.878E-01 -0.196E-15          dH/H

DATE: 2021-04-13
TIME: 09:02:06
