the mesa run folder is /work/al363/runs/low_overhead/runs_x100_7

ls: cannot access './1275/photos': No such file or directory
starting from scratch 
mkdir: cannot create directory ‘/work/al363/runs/low_overhead/runs_x100_7/1275’: File exists
                                         version_number       10108
 read /hpc/group/physics/al363/low_overhead/sens/base/inlist_base
 read inlist_cluster
load saved model /hpc/group/physics/al363/sens/base/ns_relax.mod

 change to /hpc/group/physics/al363/sens/base/rp_305.net
              set special rate factor for r_si26_pg_p27        1275    1.0000000000000000D+02
              set special rate factor for r_p27_gp_si26        1276    1.0000000000000000D+02
              set special rate factor for r_si26_pg_p27        1275    1.0000000000000000D+02
              set special rate factor for r_p27_gp_si26        1276    1.0000000000000000D+02
 number of species         305
 read /hpc/group/physics/al363/low_overhead/sens/base/history_custom_low_overhead
 read /hpc/group/physics/al363/low_overhead/sens/base/profile_custom_low_overhead
 net name /hpc/group/physics/al363/sens/base/rp_305.net
 v_flag T
                                           xmstar/mstar    4.5461189430843640D-12
                                             xmstar (g)    1.2660395722219186D+22
                                           M_center (g)    2.7848799999878681D+33
                                            xmstar/Msun    6.3645665203193175D-12
                                          M_center/Msun    1.3999999999939012D+00
                                          R_center (cm)    1.1200000000000000D+06
                                          R_center/Rsun    1.6092416448748527D-05
                                           core density    4.7322078204273819D+14
                                          L_center/Lsun    4.1647144567650578D+00
 kappa_file_prefix gs98
 kappa_lowT_prefix lowT_fa05_gs98

   eos_file_prefix mesa
                                        OMP_NUM_THREADS           8


__________________________________________________________________________________________________________________________________________________

       step    lg_Tcntr    Teff       lg_LH     lg_Lnuc     Mass       H_rich     H_cntr     N_cntr     Y_surf     X_avg     eta_cntr  zones retry
   lg_dt_yr    lg_Dcntr    lg_R       lg_L3a    lg_Lneu     lg_Mdot    He_core    He_cntr    O_cntr     Z_surf     Y_avg     gam_cntr  iters bckup
     age_yr    lg_Pcntr    lg_L       lg_LZ     lg_Psurf    lg_Dsurf   C_core     C_cntr     Ne_cntr    Si_cntr    Z_avg     v_div_cs     dt_limit
__________________________________________________________________________________________________________________________________________________

save LOGS/profile1.data for model 2
         12   8.207068  1.596E+06   0.422373   0.422680   1.400000   1.400000   0.000000   0.000000   0.275200   0.032716  18.782540    782      0
  -5.834864   6.544453  -4.792968 -17.300136  -0.755568  -8.522879   0.000000   0.000000   0.000000   0.020000   0.012436 128.974929      6      0
 9.8181E-06  23.077272   0.179446  -2.727454  12.804639  -1.522785   0.000000   0.000000   0.000000   0.000687  9.548E-01 -0.112E-12      lgT_cntr

save LOGS/profile2.data for model 12
       retry log10(dt/yr), log10(dt), retry_factor     1    34       -5.396102        2.103009        0.500000
       retry log10(dt/yr), log10(dt), retry_factor     1    38       -5.396102        2.103009        0.500000
       retry log10(dt/yr), log10(dt), retry_factor     1    42       -5.396102        2.103009        0.500000
       retry log10(dt/yr), log10(dt), retry_factor     1    46       -5.396102        2.103009        0.500000
       retry log10(dt/yr), log10(dt), retry_factor     1    51       -5.095072        2.404039        0.500000
       retry log10(dt/yr), log10(dt), retry_factor     1    52       -5.095072        2.404039        0.500000
       retry log10(dt/yr), log10(dt), retry_factor     1    56       -5.095072        2.404039        0.500000
       retry log10(dt/yr), log10(dt), retry_factor     2    56       -5.396102        2.103009        0.500000
       retry log10(dt/yr), log10(dt), retry_factor     1    60       -5.396102        2.103009        0.500000
       retry log10(dt/yr), log10(dt), retry_factor     1    61       -5.697132        1.801979        0.500000
       retry log10(dt/yr), log10(dt), retry_factor     1    62       -5.998162        1.500949        0.500000
       retry log10(dt/yr), log10(dt), retry_factor     1    64       -6.299192        1.199919        0.500000
       retry log10(dt/yr), log10(dt), retry_factor     1    65       -6.600222        0.898889        0.500000
hydro_newton_step failed to accept
       retry log10(dt/yr), log10(dt), retry_factor     1    66       -6.901252        0.597860        0.500000
       retry log10(dt/yr), log10(dt), retry_factor     1    68       -7.202282        0.296830        0.500000
       retry log10(dt/yr), log10(dt), retry_factor     1    70       -7.503312       -0.004200        0.500000
       retry log10(dt/yr), log10(dt), retry_factor     1    72       -7.804342       -0.305230        0.500000
       retry log10(dt/yr), log10(dt), retry_factor     1    75       -8.105372       -0.606260        0.500000
       retry log10(dt/yr), log10(dt), retry_factor     1    76       -8.444521       -0.945410        0.500000
       retry log10(dt/yr), log10(dt), retry_factor     1   143       -8.664982       -1.165871        0.500000
       retry log10(dt/yr), log10(dt), retry_factor     2   143       -8.966012       -1.466901        0.500000
       retry log10(dt/yr), log10(dt), retry_factor     1   166       -9.095958       -1.596846        0.500000
       retry log10(dt/yr), log10(dt), retry_factor     1   171       -8.909326       -1.410214        0.500000
       retry log10(dt/yr), log10(dt), retry_factor     2   171       -9.210356       -1.711244        0.500000
       retry log10(dt/yr), log10(dt), retry_factor     1   188       -7.341169        0.157943        0.500000
       retry log10(dt/yr), log10(dt), retry_factor     2   188       -7.642199       -0.143087        0.500000
 have reached retry limit so now backup
       retry log10(dt/yr), log10(dt), retry_factor     1   195       -7.438737        0.060374        0.500000
hydro_newton_step failed to accept
       retry log10(dt/yr), log10(dt), retry_factor     2   195       -7.739767       -0.240656        0.500000
 have reached retry limit so now backup
hydro_newton_step failed to accept
       retry log10(dt/yr), log10(dt), retry_factor     1   201       -8.299709       -0.800597        0.500000
hydro_newton_step failed to accept
       retry log10(dt/yr), log10(dt), retry_factor     2   201       -8.600739       -1.101627        0.500000
hydro_newton_step failed to accept
       retry log10(dt/yr), log10(dt), retry_factor     1   202       -8.600739       -1.101627        0.500000
hydro_newton_step failed to accept
       retry log10(dt/yr), log10(dt), retry_factor     1   203       -8.600739       -1.101627        0.500000
hydro_newton_step failed to accept
       retry log10(dt/yr), log10(dt), retry_factor     1   210       -7.858460       -0.359349        0.500000
hydro_newton_step failed to accept
       retry log10(dt/yr), log10(dt), retry_factor     2   210       -8.159490       -0.660379        0.500000
       retry log10(dt/yr), log10(dt), retry_factor     1   237       -7.573536       -0.074424        0.500000
       retry log10(dt/yr), log10(dt), retry_factor     2   237       -7.874566       -0.375454        0.500000
       retry log10(dt/yr), log10(dt), retry_factor     1   242       -7.573536       -0.074424        0.500000
       retry log10(dt/yr), log10(dt), retry_factor     2   242       -7.874566       -0.375454        0.500000
       retry log10(dt/yr), log10(dt), retry_factor     1   249       -7.507511       -0.008399        0.500000
       retry log10(dt/yr), log10(dt), retry_factor     2   249       -7.808541       -0.309429        0.500000
       retry log10(dt/yr), log10(dt), retry_factor     1   256       -7.552253       -0.053142        0.500000
       retry log10(dt/yr), log10(dt), retry_factor     2   256       -7.853283       -0.354172        0.500000
       retry log10(dt/yr), log10(dt), retry_factor     1   296       -5.747317        1.751795        0.500000
       retry log10(dt/yr), log10(dt), retry_factor     1   297       -6.123038        1.376074        0.500000
       retry log10(dt/yr), log10(dt), retry_factor     1   304       -5.489882        2.009230        0.500000
       retry log10(dt/yr), log10(dt), retry_factor     2   304       -5.790912        1.708200        0.500000
       retry log10(dt/yr), log10(dt), retry_factor     1   311       -5.341044        2.158068        0.500000
       retry log10(dt/yr), log10(dt), retry_factor     1   319       -5.323250        2.175862        0.500000
       retry log10(dt/yr), log10(dt), retry_factor     1   320       -5.624280        1.874832        0.500000
       retry log10(dt/yr), log10(dt), retry_factor     2   320       -5.925310        1.573802        0.500000
 have reached retry limit so now backup
       retry log10(dt/yr), log10(dt), retry_factor     1   327       -5.447210        2.051901        0.500000
       retry log10(dt/yr), log10(dt), retry_factor     2   327       -5.748240        1.750871        0.500000
hydro_newton_step failed to accept
       retry log10(dt/yr), log10(dt), retry_factor     1   329       -6.185247        1.313864        0.500000
       retry log10(dt/yr), log10(dt), retry_factor     1   333       -5.583187        1.915924        0.500000
hydro_newton_step failed to accept
       retry log10(dt/yr), log10(dt), retry_factor     1   334       -5.884217        1.614894        0.500000
hydro_newton_step failed to accept
       retry log10(dt/yr), log10(dt), retry_factor     1   335       -6.282157        1.216954        0.500000
hydro_newton_step failed to accept
       retry log10(dt/yr), log10(dt), retry_factor     2   335       -6.583187        0.915924        0.500000
       retry log10(dt/yr), log10(dt), retry_factor     1   336       -6.884217        0.614894        0.500000
       retry log10(dt/yr), log10(dt), retry_factor     1   337       -7.185247        0.313864        0.500000
       retry log10(dt/yr), log10(dt), retry_factor     1   345       -5.981127        1.517984        0.500000
        345   8.433160  4.495E+06   1.938638   2.054855   1.400000   1.400000   0.000000   0.000000   0.275200   0.077469  11.995891    747     60
  -5.680097   6.606407  -4.792687   1.170573   1.139614  -8.522879   0.000000   0.000000   0.000000   0.020000   0.055764  80.364486      6      3
 5.8051E-04  23.180250   1.978902   1.072943  13.817641  -0.969347   0.000000   0.000000   0.000000   0.000687  8.668E-01 -0.314E-13         retry

save LOGS/profile3.data for model 345
       retry log10(dt/yr), log10(dt), retry_factor     1   346       -6.282157        1.216954        0.500000
       retry log10(dt/yr), log10(dt), retry_factor     1   347       -6.618977        0.880135        0.500000
       retry log10(dt/yr), log10(dt), retry_factor     1   349       -6.969175        0.529936        0.500000
       retry log10(dt/yr), log10(dt), retry_factor     1   353       -6.969175        0.529936        0.500000
       retry log10(dt/yr), log10(dt), retry_factor     2   353       -7.270205        0.228906        0.500000
       retry log10(dt/yr), log10(dt), retry_factor     1   354       -7.571235       -0.072124        0.500000
       retry log10(dt/yr), log10(dt), retry_factor     1   357       -7.872265       -0.373154        0.500000
       retry log10(dt/yr), log10(dt), retry_factor     1   360       -8.270205       -0.771094        0.500000
       retry log10(dt/yr), log10(dt), retry_factor     1   395       -9.326315       -1.827204        0.500000
       retry log10(dt/yr), log10(dt), retry_factor     1   451       -7.643301       -0.144190        0.500000
hydro_newton_step failed to accept
       retry log10(dt/yr), log10(dt), retry_factor     2   451       -7.944331       -0.445220        0.500000
 have reached retry limit so now backup
       retry log10(dt/yr), log10(dt), retry_factor     1   457       -8.170663       -0.671551        0.500000
hydro_newton_step failed to accept
       retry log10(dt/yr), log10(dt), retry_factor     2   457       -8.471693       -0.972581        0.500000
 have reached retry limit so now backup
hydro_newton_step failed to accept
       retry log10(dt/yr), log10(dt), retry_factor     1   459       -8.772723       -1.273611        0.500000
       retry log10(dt/yr), log10(dt), retry_factor     1   497       -7.470444        0.028668        0.500000
       retry log10(dt/yr), log10(dt), retry_factor     2   497       -7.771473       -0.272362        0.500000
 bad other yaxis for History panels plot num_zones

 ERROR: failed to find log_Teff in history data

 grid1/grid1_000500.png/png
       retry log10(dt/yr), log10(dt), retry_factor     1   502       -7.470444        0.028668        0.500000
       retry log10(dt/yr), log10(dt), retry_factor     2   502       -7.771473       -0.272362        0.500000
       retry log10(dt/yr), log10(dt), retry_factor     1   509       -7.569286       -0.070175        0.500000
       retry log10(dt/yr), log10(dt), retry_factor     1   552       -5.381659        2.117453        0.500000
       retry log10(dt/yr), log10(dt), retry_factor     1   557       -5.371196        2.127916        0.500000
       retry log10(dt/yr), log10(dt), retry_factor     1   561       -5.482681        2.016430        0.500000
       retry log10(dt/yr), log10(dt), retry_factor     2   561       -5.783711        1.715400        0.500000
 have reached retry limit so now backup
       retry log10(dt/yr), log10(dt), retry_factor     1   566       -5.605992        1.893120        0.500000
       retry log10(dt/yr), log10(dt), retry_factor     1   572       -5.350887        2.148225        0.500000
       retry log10(dt/yr), log10(dt), retry_factor     2   572       -5.651917        1.847195        0.500000
 have reached retry limit so now backup
       retry log10(dt/yr), log10(dt), retry_factor     1   574       -5.952947        1.546165        0.500000
hydro_newton_step failed to accept
       retry log10(dt/yr), log10(dt), retry_factor     2   574       -6.253977        1.245135        0.500000
       retry log10(dt/yr), log10(dt), retry_factor     1   575       -6.555007        0.944105        0.500000
       retry log10(dt/yr), log10(dt), retry_factor     1   583       -5.474400        2.024711        0.500000
       retry log10(dt/yr), log10(dt), retry_factor     1   585       -5.823576        1.675535        0.500000
       retry log10(dt/yr), log10(dt), retry_factor     2   585       -6.124606        1.374505        0.500000
 have reached retry limit so now backup
       retry log10(dt/yr), log10(dt), retry_factor     1   588       -6.425636        1.073475        0.500000
       retry log10(dt/yr), log10(dt), retry_factor     1   595       -5.699930        1.799182        0.500000
hydro_newton_step failed to accept
       retry log10(dt/yr), log10(dt), retry_factor     1   596       -6.097870        1.401242        0.500000
       retry log10(dt/yr), log10(dt), retry_factor     1   597       -6.483198        1.015914        0.500000
       retry log10(dt/yr), log10(dt), retry_factor     2   597       -6.784228        0.714884        0.500000
hydro_newton_step failed to accept
       retry log10(dt/yr), log10(dt), retry_factor     1   605       -5.845726        1.653385        0.500000
hydro_newton_step failed to accept
       retry log10(dt/yr), log10(dt), retry_factor     2   605       -6.146756        1.352355        0.500000
       retry log10(dt/yr), log10(dt), retry_factor     1   607       -6.311240        1.187872        0.500000
       retry log10(dt/yr), log10(dt), retry_factor     1   612       -6.211087        1.288025        0.500000
hydro_newton_step failed to accept
       retry log10(dt/yr), log10(dt), retry_factor     2   612       -6.512117        0.986995        0.500000
       retry log10(dt/yr), log10(dt), retry_factor     1   614       -6.813147        0.685965        0.500000
       retry log10(dt/yr), log10(dt), retry_factor     1   616       -7.145011        0.354101        0.500000
       retry log10(dt/yr), log10(dt), retry_factor     2   616       -7.446041        0.053071        0.500000
 have reached retry limit so now backup
       retry log10(dt/yr), log10(dt), retry_factor     1   620       -7.446041        0.053071        0.500000
       retry log10(dt/yr), log10(dt), retry_factor     1   624       -7.446041        0.053071        0.500000
hydro_newton_step failed to accept
       retry log10(dt/yr), log10(dt), retry_factor     1   625       -7.747071       -0.247959        0.500000
       retry log10(dt/yr), log10(dt), retry_factor     1   628       -7.747071       -0.247959        0.500000
       retry log10(dt/yr), log10(dt), retry_factor     1   629       -8.048101       -0.548989        0.500000
       retry log10(dt/yr), log10(dt), retry_factor     1   630       -8.363293       -0.864182        0.500000
       retry log10(dt/yr), log10(dt), retry_factor     1   634       -8.713608       -1.214496        0.500000
       retry log10(dt/yr), log10(dt), retry_factor     1   722       -7.693078       -0.193966        0.500000
hydro_newton_step failed to accept
       retry log10(dt/yr), log10(dt), retry_factor     2   722       -7.994108       -0.494996        0.500000
 have reached retry limit so now backup
hydro_newton_step failed to accept
       retry log10(dt/yr), log10(dt), retry_factor     1   725       -8.494898       -0.995787        0.500000
hydro_newton_step failed to accept
       retry log10(dt/yr), log10(dt), retry_factor     1   726       -8.494898       -0.995787        0.500000
       retry log10(dt/yr), log10(dt), retry_factor     1   727       -8.494898       -0.995787        0.500000
       retry log10(dt/yr), log10(dt), retry_factor     1   758       -7.728548       -0.229436        0.500000
       retry log10(dt/yr), log10(dt), retry_factor     2   758       -8.029578       -0.530466        0.500000
 have reached retry limit so now backup
       retry log10(dt/yr), log10(dt), retry_factor     1   767       -7.596941       -0.097829        0.500000
       retry log10(dt/yr), log10(dt), retry_factor     2   767       -7.897971       -0.398859        0.500000
       retry log10(dt/yr), log10(dt), retry_factor     1   774       -7.534649       -0.035538        0.500000
hydro_newton_step failed to accept
       retry log10(dt/yr), log10(dt), retry_factor     1   778       -7.604720       -0.105609        0.500000
       retry log10(dt/yr), log10(dt), retry_factor     1   820       -5.680914        1.818197        0.500000
       retry log10(dt/yr), log10(dt), retry_factor     1   828       -5.744275        1.754836        0.500000
hydro_newton_step failed to accept
       retry log10(dt/yr), log10(dt), retry_factor     2   828       -6.045305        1.453806        0.500000
       retry log10(dt/yr), log10(dt), retry_factor     1   834       -5.602910        1.896201        0.500000
       retry log10(dt/yr), log10(dt), retry_factor     1   835       -6.000850        1.498261        0.500000
       retry log10(dt/yr), log10(dt), retry_factor     1   842       -5.350159        2.148952        0.500000
       retry log10(dt/yr), log10(dt), retry_factor     2   842       -5.651189        1.847922        0.500000
 have reached retry limit so now backup
       retry log10(dt/yr), log10(dt), retry_factor     1   843       -5.952219        1.546892        0.500000
       retry log10(dt/yr), log10(dt), retry_factor     1   850       -5.338074        2.161037        0.500000
hydro_newton_step failed to accept
       retry log10(dt/yr), log10(dt), retry_factor     1   851       -5.736014        1.763097        0.500000
       retry log10(dt/yr), log10(dt), retry_factor     1   856       -5.602582        1.896529        0.500000
       retry log10(dt/yr), log10(dt), retry_factor     2   856       -5.903612        1.595499        0.500000
 have reached retry limit so now backup
       retry log10(dt/yr), log10(dt), retry_factor     1   860       -5.962842        1.536269        0.500000
hydro_newton_step failed to accept
       retry log10(dt/yr), log10(dt), retry_factor     1   861       -6.360782        1.138329        0.500000
       retry log10(dt/yr), log10(dt), retry_factor     1   862       -6.661812        0.837299        0.500000
       retry log10(dt/yr), log10(dt), retry_factor     1   863       -6.962842        0.536269        0.500000
hydro_newton_step failed to accept
       retry log10(dt/yr), log10(dt), retry_factor     1   872       -5.740688        1.758424        0.500000
hydro_newton_step failed to accept
       retry log10(dt/yr), log10(dt), retry_factor     2   872       -6.041718        1.457394        0.500000
hydro_newton_step failed to accept
       retry log10(dt/yr), log10(dt), retry_factor     1   873       -6.415713        1.083399        0.500000
       retry log10(dt/yr), log10(dt), retry_factor     1   874       -6.717943        0.781168        0.500000
       retry log10(dt/yr), log10(dt), retry_factor     1   881       -5.972942        1.526169        0.500000
       retry log10(dt/yr), log10(dt), retry_factor     1   882       -6.300730        1.198382        0.500000
       retry log10(dt/yr), log10(dt), retry_factor     1   883       -6.642027        0.857085        0.500000
       retry log10(dt/yr), log10(dt), retry_factor     1   884       -6.974959        0.524152        0.500000
       retry log10(dt/yr), log10(dt), retry_factor     2   884       -7.275989        0.223122        0.500000
       retry log10(dt/yr), log10(dt), retry_factor     1   888       -7.275989        0.223122        0.500000
       retry log10(dt/yr), log10(dt), retry_factor     1   892       -7.275989        0.223122        0.500000
       retry log10(dt/yr), log10(dt), retry_factor     1   893       -7.577019       -0.077908        0.500000
       retry log10(dt/yr), log10(dt), retry_factor     1   895       -7.878049       -0.378938        0.500000
       retry log10(dt/yr), log10(dt), retry_factor     1   896       -8.179079       -0.679968        0.500000
       retry log10(dt/yr), log10(dt), retry_factor     1   899       -8.511612       -1.012501        0.500000
       retry log10(dt/yr), log10(dt), retry_factor     1   931       -9.309291       -1.810179        0.500000
       retry log10(dt/yr), log10(dt), retry_factor     1   983       -7.329565        0.169547        0.500000
       retry log10(dt/yr), log10(dt), retry_factor     2   983       -7.630595       -0.131483        0.500000
 have reached retry limit so now backup
       retry log10(dt/yr), log10(dt), retry_factor     1   985       -7.931625       -0.432513        0.500000
       retry log10(dt/yr), log10(dt), retry_factor     2   985       -8.232655       -0.733543        0.500000
 have reached retry limit so now backup
       retry log10(dt/yr), log10(dt), retry_factor     1   985       -8.533685       -1.034573        0.500000
       retry log10(dt/yr), log10(dt), retry_factor     2   985       -8.834715       -1.335603        0.500000
 have reached retry limit so now backup
       retry log10(dt/yr), log10(dt), retry_factor     1   986       -9.135745       -1.636633        0.500000
       retry log10(dt/yr), log10(dt), retry_factor     2   986       -9.436775       -1.937663        0.500000
       1000   8.915552  1.469E+07   2.679121   6.411677   1.400000   1.400000   0.000000   0.000000   0.275200   0.025062   3.545323    930    163
  -7.239446   6.598427  -4.791868   2.316232   3.339139  -8.522879   0.000000   0.000000   0.000000   0.020000   0.022794  26.303409      7     16
 1.1145E-03  23.258468   4.037587   6.411561  14.599031  -0.848363   0.000000   0.000000   0.000000   0.000687  9.521E-01  0.453E-09          dH/H

save LOGS/profile4.data for model 1000
save photos/1000 for model 1000
 bad other yaxis for History panels plot num_zones

 ERROR: failed to find log_Teff in history data

 grid1/grid1_001000.png/png
       retry log10(dt/yr), log10(dt), retry_factor     1  1023       -7.705929       -0.206817        0.500000
       retry log10(dt/yr), log10(dt), retry_factor     2  1023       -8.006959       -0.507847        0.500000
 have reached retry limit so now backup
       retry log10(dt/yr), log10(dt), retry_factor     1  1030       -7.772477       -0.273365        0.500000
       retry log10(dt/yr), log10(dt), retry_factor     2  1030       -8.073507       -0.574395        0.500000
       retry log10(dt/yr), log10(dt), retry_factor     1  1037       -7.436381        0.062730        0.500000
hydro_newton_step failed to accept
       retry log10(dt/yr), log10(dt), retry_factor     1  1041       -7.533291       -0.034180        0.500000
       retry log10(dt/yr), log10(dt), retry_factor     1  1044       -7.528165       -0.029053        0.500000
       retry log10(dt/yr), log10(dt), retry_factor     2  1044       -7.829195       -0.330083        0.500000
       retry log10(dt/yr), log10(dt), retry_factor     1  1086       -6.043269        1.455842        0.500000
       retry log10(dt/yr), log10(dt), retry_factor     2  1086       -6.344299        1.154812        0.500000
       retry log10(dt/yr), log10(dt), retry_factor     1  1093       -5.654382        1.844729        0.500000
       retry log10(dt/yr), log10(dt), retry_factor     1  1095       -6.013681        1.485431        0.500000
       retry log10(dt/yr), log10(dt), retry_factor     1  1101       -5.535784        1.963327        0.500000
       retry log10(dt/yr), log10(dt), retry_factor     1  1106       -5.488843        2.010269        0.500000
       retry log10(dt/yr), log10(dt), retry_factor     1  1107       -5.886783        1.612329        0.500000
       retry log10(dt/yr), log10(dt), retry_factor     1  1113       -5.585453        1.913659        0.500000
       retry log10(dt/yr), log10(dt), retry_factor     2  1113       -5.886483        1.612629        0.500000
       retry log10(dt/yr), log10(dt), retry_factor     1  1119       -5.526455        1.972657        0.500000
       retry log10(dt/yr), log10(dt), retry_factor     1  1123       -5.633108        1.866003        0.500000
       retry log10(dt/yr), log10(dt), retry_factor     1  1127       -5.706181        1.792931        0.500000
hydro_newton_step failed to accept
       retry log10(dt/yr), log10(dt), retry_factor     1  1128       -6.104121        1.394991        0.500000
       retry log10(dt/yr), log10(dt), retry_factor     1  1129       -6.405151        1.093961        0.500000
       retry log10(dt/yr), log10(dt), retry_factor     1  1136       -5.697094        1.802017        0.500000
hydro_newton_step failed to accept
       retry log10(dt/yr), log10(dt), retry_factor     1  1137       -6.095034        1.404077        0.500000
hydro_newton_step failed to accept
       retry log10(dt/yr), log10(dt), retry_factor     2  1137       -6.396064        1.103047        0.500000
       retry log10(dt/yr), log10(dt), retry_factor     1  1138       -6.697094        0.802017        0.500000
       retry log10(dt/yr), log10(dt), retry_factor     2  1138       -6.998124        0.500987        0.500000
hydro_newton_step failed to accept
       retry log10(dt/yr), log10(dt), retry_factor     1  1147       -5.890915        1.608197        0.500000
hydro_newton_step failed to accept
       retry log10(dt/yr), log10(dt), retry_factor     2  1147       -6.191945        1.307167        0.500000
 have reached retry limit so now backup
hydro_newton_step failed to accept
       retry log10(dt/yr), log10(dt), retry_factor     1  1151       -6.261126        1.237985        0.500000
       retry log10(dt/yr), log10(dt), retry_factor     1  1154       -5.711663        1.787449        0.500000
       retry log10(dt/yr), log10(dt), retry_factor     1  1155       -6.012693        1.486419        0.500000
hydro_newton_step failed to accept
       retry log10(dt/yr), log10(dt), retry_factor     1  1158       -6.435683        1.063428        0.500000
       retry log10(dt/yr), log10(dt), retry_factor     1  1159       -6.435683        1.063428        0.500000
       retry log10(dt/yr), log10(dt), retry_factor     1  1161       -6.736713        0.762398        0.500000
       retry log10(dt/yr), log10(dt), retry_factor     1  1162       -7.097965        0.401147        0.500000
       retry log10(dt/yr), log10(dt), retry_factor     1  1163       -7.495905        0.003207        0.500000
       retry log10(dt/yr), log10(dt), retry_factor     1  1167       -7.495905        0.003207        0.500000
       retry log10(dt/yr), log10(dt), retry_factor     2  1167       -7.796935       -0.297823        0.500000
       retry log10(dt/yr), log10(dt), retry_factor     1  1171       -7.973589       -0.474477        0.500000
       retry log10(dt/yr), log10(dt), retry_factor     1  1172       -8.357663       -0.858551        0.500000
       retry log10(dt/yr), log10(dt), retry_factor     1  1249       -7.274946        0.224165        0.500000
       retry log10(dt/yr), log10(dt), retry_factor     2  1249       -7.575976       -0.076865        0.500000
 have reached retry limit so now backup
       retry log10(dt/yr), log10(dt), retry_factor     1  1250       -7.877006       -0.377895        0.500000
       retry log10(dt/yr), log10(dt), retry_factor     2  1250       -8.178036       -0.678925        0.500000
 have reached retry limit so now backup
       retry log10(dt/yr), log10(dt), retry_factor     1  1250       -8.479066       -0.979955        0.500000
       retry log10(dt/yr), log10(dt), retry_factor     2  1250       -8.780096       -1.280984        0.500000
 have reached retry limit so now backup
       retry log10(dt/yr), log10(dt), retry_factor     1  1252       -9.081126       -1.582014        0.500000
       retry log10(dt/yr), log10(dt), retry_factor     2  1252       -9.382156       -1.883044        0.500000
 have reached retry limit so now backup
       retry log10(dt/yr), log10(dt), retry_factor     1  1253       -9.683186       -2.184074        0.500000
       retry log10(dt/yr), log10(dt), retry_factor     2  1253       -9.984216       -2.485104        0.500000
       retry log10(dt/yr), log10(dt), retry_factor     1  1268       -7.658474       -0.159362        0.500000
hydro_newton_step failed to accept
       retry log10(dt/yr), log10(dt), retry_factor     2  1268       -7.959504       -0.460392        0.500000
 have reached retry limit so now backup
hydro_newton_step failed to accept
       retry log10(dt/yr), log10(dt), retry_factor     1  1272       -8.255322       -0.756210        0.500000
hydro_newton_step failed to accept
       retry log10(dt/yr), log10(dt), retry_factor     2  1272       -8.556352       -1.057240        0.500000
hydro_newton_step failed to accept
       retry log10(dt/yr), log10(dt), retry_factor     1  1274       -8.352248       -0.853136        0.500000
hydro_newton_step failed to accept
       retry log10(dt/yr), log10(dt), retry_factor     2  1274       -8.653278       -1.154166        0.500000
       retry log10(dt/yr), log10(dt), retry_factor     1  1315       -7.517423       -0.018312        0.500000
hydro_newton_step failed to accept
       retry log10(dt/yr), log10(dt), retry_factor     2  1315       -7.818453       -0.319342        0.500000
       retry log10(dt/yr), log10(dt), retry_factor     1  1320       -7.517423       -0.018312        0.500000
       retry log10(dt/yr), log10(dt), retry_factor     2  1320       -7.818453       -0.319342        0.500000
       retry log10(dt/yr), log10(dt), retry_factor     1  1329       -7.412285        0.086826        0.500000
       retry log10(dt/yr), log10(dt), retry_factor     1  1370       -5.403647        2.095465        0.500000
       retry log10(dt/yr), log10(dt), retry_factor     1  1372       -5.801587        1.697525        0.500000
       retry log10(dt/yr), log10(dt), retry_factor     1  1378       -5.526369        1.972743        0.500000
hydro_newton_step failed to accept
       retry log10(dt/yr), log10(dt), retry_factor     2  1378       -5.827399        1.671713        0.500000
       retry log10(dt/yr), log10(dt), retry_factor     1  1384       -5.553204        1.945907        0.500000
       retry log10(dt/yr), log10(dt), retry_factor     2  1384       -5.854234        1.644877        0.500000
       retry log10(dt/yr), log10(dt), retry_factor     1  1386       -6.186325        1.312787        0.500000
       retry log10(dt/yr), log10(dt), retry_factor     1  1393       -5.467432        2.031679        0.500000
       retry log10(dt/yr), log10(dt), retry_factor     1  1394       -5.865372        1.633739        0.500000
       retry log10(dt/yr), log10(dt), retry_factor     1  1400       -5.494098        2.005013        0.500000
hydro_newton_step failed to accept
       retry log10(dt/yr), log10(dt), retry_factor     1  1401       -5.892038        1.607073        0.500000
       retry log10(dt/yr), log10(dt), retry_factor     1  1402       -6.193068        1.306043        0.500000
       retry log10(dt/yr), log10(dt), retry_factor     1  1409       -5.594640        1.904472        0.500000
       retry log10(dt/yr), log10(dt), retry_factor     2  1409       -5.895670        1.603442        0.500000
       retry log10(dt/yr), log10(dt), retry_factor     1  1410       -6.196700        1.302412        0.500000
       retry log10(dt/yr), log10(dt), retry_factor     2  1410       -6.497730        1.001382        0.500000
       retry log10(dt/yr), log10(dt), retry_factor     1  1411       -6.798760        0.700352        0.500000
       retry log10(dt/yr), log10(dt), retry_factor     1  1419       -5.594640        1.904472        0.500000
       retry log10(dt/yr), log10(dt), retry_factor     1  1420       -5.895670        1.603442        0.500000
       retry log10(dt/yr), log10(dt), retry_factor     1  1425       -5.662920        1.836192        0.500000
hydro_newton_step failed to accept
       retry log10(dt/yr), log10(dt), retry_factor     1  1428       -6.022438        1.476673        0.500000
       retry log10(dt/yr), log10(dt), retry_factor     1  1429       -6.022438        1.476673        0.500000
       retry log10(dt/yr), log10(dt), retry_factor     1  1430       -6.323468        1.175643        0.500000
       retry log10(dt/yr), log10(dt), retry_factor     1  1432       -6.624498        0.874613        0.500000
       retry log10(dt/yr), log10(dt), retry_factor     1  1433       -6.925528        0.573583        0.500000
hydro_newton_step failed to accept
       retry log10(dt/yr), log10(dt), retry_factor     2  1433       -7.226558        0.272553        0.500000
 have reached retry limit so now backup
       retry log10(dt/yr), log10(dt), retry_factor     1  1438       -6.925528        0.573583        0.500000
       retry log10(dt/yr), log10(dt), retry_factor     1  1440       -7.226558        0.272553        0.500000
       retry log10(dt/yr), log10(dt), retry_factor     1  1441       -7.527588       -0.028477        0.500000
       retry log10(dt/yr), log10(dt), retry_factor     1  1443       -7.828618       -0.329507        0.500000
       retry log10(dt/yr), log10(dt), retry_factor     1  1446       -8.226558       -0.727447        0.500000
       retry log10(dt/yr), log10(dt), retry_factor     1  1447       -8.527588       -1.028477        0.500000
       retry log10(dt/yr), log10(dt), retry_factor     1  1456       -8.708635       -1.209523        0.500000
 bad other yaxis for History panels plot num_zones

 ERROR: failed to find log_Teff in history data

 grid1/grid1_001500.png/png
       retry log10(dt/yr), log10(dt), retry_factor     1  1532       -7.618688       -0.119576        0.500000
hydro_newton_step failed to accept
       retry log10(dt/yr), log10(dt), retry_factor     2  1532       -7.919718       -0.420606        0.500000
 have reached retry limit so now backup
hydro_newton_step failed to accept
       retry log10(dt/yr), log10(dt), retry_factor     1  1536       -8.508717       -1.009605        0.500000
hydro_newton_step failed to accept
       retry log10(dt/yr), log10(dt), retry_factor     2  1536       -8.809747       -1.310635        0.500000
 have reached retry limit so now backup
hydro_newton_step failed to accept
       retry log10(dt/yr), log10(dt), retry_factor     1  1540       -8.809747       -1.310635        0.500000
       retry log10(dt/yr), log10(dt), retry_factor     1  1546       -7.857101       -0.357990        0.500000
hydro_newton_step failed to accept
       retry log10(dt/yr), log10(dt), retry_factor     2  1546       -8.158131       -0.659020        0.500000
 have reached retry limit so now backup
       retry log10(dt/yr), log10(dt), retry_factor     1  1551       -7.883496       -0.384385        0.500000
hydro_newton_step failed to accept
       retry log10(dt/yr), log10(dt), retry_factor     2  1551       -8.184526       -0.685415        0.500000
       retry log10(dt/yr), log10(dt), retry_factor     1  1557       -7.840789       -0.341678        0.500000
hydro_newton_step failed to accept
       retry log10(dt/yr), log10(dt), retry_factor     2  1557       -8.141819       -0.642708        0.500000
 have reached retry limit so now backup
       retry log10(dt/yr), log10(dt), retry_factor     1  1593       -7.452111        0.047001        0.500000
       retry log10(dt/yr), log10(dt), retry_factor     1  1594       -7.753141       -0.254029        0.500000
       retry log10(dt/yr), log10(dt), retry_factor     2  1594       -8.054171       -0.555059        0.500000
       retry log10(dt/yr), log10(dt), retry_factor     1  1600       -7.452111        0.047001        0.500000
       retry log10(dt/yr), log10(dt), retry_factor     1  1605       -7.398715        0.100396        0.500000
       retry log10(dt/yr), log10(dt), retry_factor     1  1610       -7.395621        0.103491        0.500000
       retry log10(dt/yr), log10(dt), retry_factor     2  1610       -7.696651       -0.197539        0.500000
 have reached retry limit so now backup
       retry log10(dt/yr), log10(dt), retry_factor     1  1653       -5.586455        1.912657        0.500000
hydro_newton_step failed to accept
       retry log10(dt/yr), log10(dt), retry_factor     2  1653       -5.887485        1.611627        0.500000
 have reached retry limit so now backup
       retry log10(dt/yr), log10(dt), retry_factor     1  1655       -6.188515        1.310597        0.500000
hydro_newton_step failed to accept
       retry log10(dt/yr), log10(dt), retry_factor     2  1655       -6.489545        1.009567        0.500000
       retry log10(dt/yr), log10(dt), retry_factor     1  1663       -5.486421        2.012691        0.500000
       retry log10(dt/yr), log10(dt), retry_factor     1  1664       -5.787451        1.711661        0.500000
       retry log10(dt/yr), log10(dt), retry_factor     1  1669       -5.486421        2.012691        0.500000
       retry log10(dt/yr), log10(dt), retry_factor     1  1671       -5.787451        1.711661        0.500000
       retry log10(dt/yr), log10(dt), retry_factor     1  1672       -6.094937        1.404175        0.500000
       retry log10(dt/yr), log10(dt), retry_factor     2  1672       -6.395967        1.103145        0.500000
       retry log10(dt/yr), log10(dt), retry_factor     1  1680       -5.465677        2.033435        0.500000
hydro_newton_step failed to accept
       retry log10(dt/yr), log10(dt), retry_factor     2  1680       -5.766707        1.732405        0.500000
       retry log10(dt/yr), log10(dt), retry_factor     1  1681       -6.067737        1.431375        0.500000
       retry log10(dt/yr), log10(dt), retry_factor     1  1687       -5.640278        1.858834        0.500000
       retry log10(dt/yr), log10(dt), retry_factor     1  1692       -5.536402        1.962709        0.500000
hydro_newton_step failed to accept
       retry log10(dt/yr), log10(dt), retry_factor     1  1693       -5.934342        1.564769        0.500000
hydro_newton_step failed to accept
       retry log10(dt/yr), log10(dt), retry_factor     2  1693       -6.235372        1.263739        0.500000
       retry log10(dt/yr), log10(dt), retry_factor     1  1694       -6.536402        0.962709        0.500000
       retry log10(dt/yr), log10(dt), retry_factor     2  1694       -6.837432        0.661679        0.500000
       retry log10(dt/yr), log10(dt), retry_factor     1  1703       -5.543129        1.955983        0.500000
       retry log10(dt/yr), log10(dt), retry_factor     1  1704       -5.844159        1.654953        0.500000
hydro_newton_step failed to accept
       retry log10(dt/yr), log10(dt), retry_factor     2  1704       -6.145189        1.353923        0.500000
 have reached retry limit so now backup
       retry log10(dt/yr), log10(dt), retry_factor     1  1707       -6.446219        1.052893        0.500000
       retry log10(dt/yr), log10(dt), retry_factor     1  1708       -6.747249        0.751863        0.500000
       retry log10(dt/yr), log10(dt), retry_factor     1  1716       -5.543129        1.955983        0.500000
       retry log10(dt/yr), log10(dt), retry_factor     1  1717       -5.844159        1.654953        0.500000
       retry log10(dt/yr), log10(dt), retry_factor     1  1722       -5.857409        1.641702        0.500000
hydro_newton_step failed to accept
       retry log10(dt/yr), log10(dt), retry_factor     2  1722       -6.158439        1.340672        0.500000
       retry log10(dt/yr), log10(dt), retry_factor     1  1724       -6.478177        1.020934        0.500000
       retry log10(dt/yr), log10(dt), retry_factor     2  1724       -6.779207        0.719904        0.500000
 have reached retry limit so now backup
       retry log10(dt/yr), log10(dt), retry_factor     1  1730       -6.345395        1.153717        0.500000
       retry log10(dt/yr), log10(dt), retry_factor     1  1731       -6.646425        0.852687        0.500000
       retry log10(dt/yr), log10(dt), retry_factor     1  1734       -6.947455        0.551657        0.500000
       retry log10(dt/yr), log10(dt), retry_factor     2  1734       -7.248485        0.250627        0.500000
       retry log10(dt/yr), log10(dt), retry_factor     1  1736       -7.549515       -0.050403        0.500000
       retry log10(dt/yr), log10(dt), retry_factor     1  1739       -7.850545       -0.351433        0.500000
       retry log10(dt/yr), log10(dt), retry_factor     1  1741       -8.345395       -0.846283        0.500000
       retry log10(dt/yr), log10(dt), retry_factor     1  1759       -9.416696       -1.917585        0.500000
       retry log10(dt/yr), log10(dt), retry_factor     1  1778       -9.286467       -1.787356        0.500000
       retry log10(dt/yr), log10(dt), retry_factor     1  1828       -7.415571        0.083540        0.500000
hydro_newton_step failed to accept
       retry log10(dt/yr), log10(dt), retry_factor     2  1828       -7.716601       -0.217490        0.500000
 have reached retry limit so now backup
       retry log10(dt/yr), log10(dt), retry_factor     1  1831       -8.373813       -0.874701        0.500000
hydro_newton_step failed to accept
       retry log10(dt/yr), log10(dt), retry_factor     2  1831       -8.674843       -1.175731        0.500000
hydro_newton_step failed to accept
       retry log10(dt/yr), log10(dt), retry_factor     1  1869       -7.722367       -0.223255        0.500000
hydro_newton_step failed to accept
       retry log10(dt/yr), log10(dt), retry_factor     2  1869       -8.023397       -0.524285        0.500000
 have reached retry limit so now backup
       retry log10(dt/yr), log10(dt), retry_factor     1  1875       -7.421337        0.077775        0.500000
       retry log10(dt/yr), log10(dt), retry_factor     2  1875       -7.722367       -0.223255        0.500000
       retry log10(dt/yr), log10(dt), retry_factor     1  1880       -7.421337        0.077775        0.500000
       retry log10(dt/yr), log10(dt), retry_factor     2  1880       -7.722367       -0.223255        0.500000
hydro_newton_step failed to accept
       retry log10(dt/yr), log10(dt), retry_factor     1  1888       -7.479593        0.019518        0.500000
hydro_newton_step failed to accept
       retry log10(dt/yr), log10(dt), retry_factor     2  1888       -7.780623       -0.281512        0.500000
       retry log10(dt/yr), log10(dt), retry_factor     1  1928       -5.522581        1.976531        0.500000
       retry log10(dt/yr), log10(dt), retry_factor     1  1933       -5.514934        1.984178        0.500000
       retry log10(dt/yr), log10(dt), retry_factor     1  1937       -5.577014        1.922098        0.500000
       retry log10(dt/yr), log10(dt), retry_factor     1  1938       -5.974954        1.524158        0.500000
       retry log10(dt/yr), log10(dt), retry_factor     1  1939       -6.275984        1.223128        0.500000
       retry log10(dt/yr), log10(dt), retry_factor     2  1939       -6.577014        0.922098        0.500000
       retry log10(dt/yr), log10(dt), retry_factor     1  1947       -5.554501        1.944610        0.500000
       retry log10(dt/yr), log10(dt), retry_factor     1  1952       -5.483538        2.015574        0.500000
       retry log10(dt/yr), log10(dt), retry_factor     1  1957       -5.182508        2.316604        0.500000
hydro_newton_step failed to accept
       retry log10(dt/yr), log10(dt), retry_factor     2  1957       -5.483538        2.015574        0.500000
 have reached retry limit so now backup
hydro_newton_step failed to accept
       retry log10(dt/yr), log10(dt), retry_factor     1  1958       -5.978388        1.520724        0.500000
       retry log10(dt/yr), log10(dt), retry_factor     1  1959       -6.337521        1.161591        0.500000
       retry log10(dt/yr), log10(dt), retry_factor     2  1959       -6.638551        0.860561        0.500000
       retry log10(dt/yr), log10(dt), retry_factor     1  1960       -6.939581        0.559531        0.500000
       retry log10(dt/yr), log10(dt), retry_factor     1  1969       -5.563237        1.935874        0.500000
       retry log10(dt/yr), log10(dt), retry_factor     1  1970       -5.924650        1.574461        0.500000
hydro_newton_step failed to accept
       retry log10(dt/yr), log10(dt), retry_factor     1  1971       -6.322590        1.176521        0.500000
       retry log10(dt/yr), log10(dt), retry_factor     1  1972       -6.623620        0.875491        0.500000
       retry log10(dt/yr), log10(dt), retry_factor     2  1972       -6.924650        0.574461        0.500000
       retry log10(dt/yr), log10(dt), retry_factor     1  1980       -5.720530        1.778581        0.500000
       retry log10(dt/yr), log10(dt), retry_factor     1  1983       -6.141348        1.357763        0.500000
       retry log10(dt/yr), log10(dt), retry_factor     1  1984       -6.442378        1.056733        0.500000
       retry log10(dt/yr), log10(dt), retry_factor     1  1986       -6.743408        0.755703        0.500000
       retry log10(dt/yr), log10(dt), retry_factor     1  1987       -7.133367        0.365745        0.500000
       retry log10(dt/yr), log10(dt), retry_factor     1  1992       -6.904677        0.594435        0.500000
       retry log10(dt/yr), log10(dt), retry_factor     2  1992       -7.205707        0.293405        0.500000
       retry log10(dt/yr), log10(dt), retry_factor     1  1993       -7.506737       -0.007625        0.500000
       retry log10(dt/yr), log10(dt), retry_factor     1  1994       -7.807767       -0.308655        0.500000
       retry log10(dt/yr), log10(dt), retry_factor     1  1997       -8.108797       -0.609685        0.500000
       retry log10(dt/yr), log10(dt), retry_factor     1  1998       -8.506737       -1.007625        0.500000
       2000   8.445218  5.272E+06   2.955369   3.984267   1.400000   1.400000   0.000000   0.000000   0.275200   0.047875  13.837552   1145    357
  -8.221931   6.741537  -4.792524   2.800088   3.124030  -8.522879   0.000000   0.000000   0.000000   0.020000   0.035558  86.706215      6     35
 2.1764E-03  23.381754   2.256337   3.909063  13.990040  -0.868176   0.000000   0.000000   0.000000   0.000687  9.166E-01  0.145E-08       Lnuc_He

save LOGS/profile5.data for model 2000
save photos/2000 for model 2000
 bad other yaxis for History panels plot num_zones

 ERROR: failed to find log_Teff in history data

 grid1/grid1_002000.png/png
       retry log10(dt/yr), log10(dt), retry_factor     1  2005       -8.526724       -1.027613        0.500000
       retry log10(dt/yr), log10(dt), retry_factor     1  2056       -8.268534       -0.769422        0.500000
       retry log10(dt/yr), log10(dt), retry_factor     2  2056       -8.569564       -1.070452        0.500000
 have reached retry limit so now backup
       retry log10(dt/yr), log10(dt), retry_factor     1  2059       -9.063524       -1.564412        0.500000
       retry log10(dt/yr), log10(dt), retry_factor     1  2091       -7.248992        0.250119        0.500000
hydro_newton_step failed to accept
       retry log10(dt/yr), log10(dt), retry_factor     2  2091       -7.550022       -0.050911        0.500000
 have reached retry limit so now backup
       retry log10(dt/yr), log10(dt), retry_factor     1  2097       -7.814688       -0.315576        0.500000
hydro_newton_step failed to accept
       retry log10(dt/yr), log10(dt), retry_factor     2  2097       -8.115718       -0.616606        0.500000
 have reached retry limit so now backup
hydro_newton_step failed to accept
       retry log10(dt/yr), log10(dt), retry_factor     1  2100       -8.514877       -1.015766        0.500000
hydro_newton_step failed to accept
       retry log10(dt/yr), log10(dt), retry_factor     1  2101       -8.514877       -1.015766        0.500000
hydro_newton_step failed to accept
       retry log10(dt/yr), log10(dt), retry_factor     1  2104       -8.011827       -0.512716        0.500000
hydro_newton_step failed to accept
       retry log10(dt/yr), log10(dt), retry_factor     2  2104       -8.312857       -0.813746        0.500000
 have reached retry limit so now backup
       retry log10(dt/yr), log10(dt), retry_factor     1  2110       -7.913211       -0.414099        0.500000
hydro_newton_step failed to accept
       retry log10(dt/yr), log10(dt), retry_factor     2  2110       -8.214241       -0.715129        0.500000
 have reached retry limit so now backup
       retry log10(dt/yr), log10(dt), retry_factor     1  2115       -7.913211       -0.414099        0.500000
hydro_newton_step failed to accept
       retry log10(dt/yr), log10(dt), retry_factor     2  2115       -8.214241       -0.715129        0.500000
 have reached retry limit so now backup
       retry log10(dt/yr), log10(dt), retry_factor     1  2143       -7.744836       -0.245724        0.500000
       retry log10(dt/yr), log10(dt), retry_factor     2  2143       -8.045866       -0.546754        0.500000
       retry log10(dt/yr), log10(dt), retry_factor     1  2147       -8.045866       -0.546754        0.500000
       retry log10(dt/yr), log10(dt), retry_factor     1  2159       -7.450746        0.048365        0.500000
       retry log10(dt/yr), log10(dt), retry_factor     1  2164       -7.272092        0.227019        0.500000
       retry log10(dt/yr), log10(dt), retry_factor     2  2164       -7.573122       -0.074011        0.500000
 have reached retry limit so now backup
       retry log10(dt/yr), log10(dt), retry_factor     1  2173       -7.239697        0.259414        0.500000
       retry log10(dt/yr), log10(dt), retry_factor     2  2173       -7.540727       -0.041616        0.500000
 have reached retry limit so now backup
       retry log10(dt/yr), log10(dt), retry_factor     1  2213       -5.827207        1.671905        0.500000
       retry log10(dt/yr), log10(dt), retry_factor     2  2213       -6.128237        1.370875        0.500000
       retry log10(dt/yr), log10(dt), retry_factor     1  2214       -6.429267        1.069845        0.500000
       retry log10(dt/yr), log10(dt), retry_factor     1  2222       -5.444060        2.055052        0.500000
       retry log10(dt/yr), log10(dt), retry_factor     2  2222       -5.745090        1.754022        0.500000
 have reached retry limit so now backup
       retry log10(dt/yr), log10(dt), retry_factor     1  2228       -5.485811        2.013300        0.500000
       retry log10(dt/yr), log10(dt), retry_factor     1  2232       -5.532405        1.966706        0.500000
       retry log10(dt/yr), log10(dt), retry_factor     1  2237       -5.532852        1.966259        0.500000
       retry log10(dt/yr), log10(dt), retry_factor     1  2241       -5.624111        1.875000        0.500000
       retry log10(dt/yr), log10(dt), retry_factor     1  2242       -6.022051        1.477060        0.500000
       retry log10(dt/yr), log10(dt), retry_factor     1  2250       -5.574469        1.924643        0.500000
hydro_newton_step failed to accept
       retry log10(dt/yr), log10(dt), retry_factor     1  2251       -5.972409        1.526703        0.500000
       retry log10(dt/yr), log10(dt), retry_factor     1  2252       -6.331956        1.167155        0.500000
       retry log10(dt/yr), log10(dt), retry_factor     2  2252       -6.632986        0.866125        0.500000
       retry log10(dt/yr), log10(dt), retry_factor     1  2253       -6.934016        0.565095        0.500000
       retry log10(dt/yr), log10(dt), retry_factor     1  2262       -5.620580        1.878532        0.500000
hydro_newton_step failed to accept
       retry log10(dt/yr), log10(dt), retry_factor     1  2263       -6.018520        1.480592        0.500000
hydro_newton_step failed to accept
       retry log10(dt/yr), log10(dt), retry_factor     2  2263       -6.319550        1.179562        0.500000
       retry log10(dt/yr), log10(dt), retry_factor     1  2268       -5.790596        1.708516        0.500000
       retry log10(dt/yr), log10(dt), retry_factor     1  2270       -6.091626        1.407486        0.500000
       retry log10(dt/yr), log10(dt), retry_factor     1  2272       -6.409306        1.089805        0.500000
       retry log10(dt/yr), log10(dt), retry_factor     2  2272       -6.710336        0.788775        0.500000
 have reached retry limit so now backup
       retry log10(dt/yr), log10(dt), retry_factor     1  2276       -6.830471        0.668641        0.500000
       retry log10(dt/yr), log10(dt), retry_factor     2  2276       -7.131501        0.367611        0.500000
 have reached retry limit so now backup
       retry log10(dt/yr), log10(dt), retry_factor     1  2283       -6.228411        1.270701        0.500000
       retry log10(dt/yr), log10(dt), retry_factor     2  2283       -6.529441        0.969671        0.500000
       retry log10(dt/yr), log10(dt), retry_factor     1  2284       -6.830471        0.668641        0.500000
       retry log10(dt/yr), log10(dt), retry_factor     1  2287       -7.131501        0.367611        0.500000
       retry log10(dt/yr), log10(dt), retry_factor     1  2288       -7.432531        0.066581        0.500000
       retry log10(dt/yr), log10(dt), retry_factor     1  2289       -7.733561       -0.234449        0.500000
       retry log10(dt/yr), log10(dt), retry_factor     1  2293       -8.058373       -0.559262        0.500000
       retry log10(dt/yr), log10(dt), retry_factor     2  2293       -8.359403       -0.860292        0.500000
       retry log10(dt/yr), log10(dt), retry_factor     1  2326       -9.252166       -1.753055        0.500000
hydro_newton_step failed to accept
       retry log10(dt/yr), log10(dt), retry_factor     2  2326       -9.553196       -2.054085        0.500000
       retry log10(dt/yr), log10(dt), retry_factor     1  2335       -9.022407       -1.523295        0.500000
       retry log10(dt/yr), log10(dt), retry_factor     1  2386       -7.526746       -0.027634        0.500000
hydro_newton_step failed to accept
       retry log10(dt/yr), log10(dt), retry_factor     2  2386       -7.827776       -0.328664        0.500000
 have reached retry limit so now backup
hydro_newton_step failed to accept
       retry log10(dt/yr), log10(dt), retry_factor     1  2391       -8.451629       -0.952517        0.500000
       retry log10(dt/yr), log10(dt), retry_factor     1  2395       -7.983129       -0.484017        0.500000
       retry log10(dt/yr), log10(dt), retry_factor     1  2396       -8.284159       -0.785047        0.500000
       retry log10(dt/yr), log10(dt), retry_factor     2  2396       -8.585188       -1.086077        0.500000
 have reached retry limit so now backup
hydro_newton_step failed to accept
       retry log10(dt/yr), log10(dt), retry_factor     1  2408       -7.833572       -0.334460        0.500000
hydro_newton_step failed to accept
       retry log10(dt/yr), log10(dt), retry_factor     2  2408       -8.134602       -0.635490        0.500000
       retry log10(dt/yr), log10(dt), retry_factor     1  2439       -7.538675       -0.039564        0.500000
       retry log10(dt/yr), log10(dt), retry_factor     1  2443       -7.606946       -0.107835        0.500000
       retry log10(dt/yr), log10(dt), retry_factor     2  2443       -7.907976       -0.408865        0.500000
       retry log10(dt/yr), log10(dt), retry_factor     1  2450       -7.616961       -0.117850        0.500000
       retry log10(dt/yr), log10(dt), retry_factor     2  2450       -7.917991       -0.418880        0.500000
       retry log10(dt/yr), log10(dt), retry_factor     1  2460       -7.235827        0.263285        0.500000
       retry log10(dt/yr), log10(dt), retry_factor     2  2460       -7.536857       -0.037745        0.500000
 have reached retry limit so now backup
       retry log10(dt/yr), log10(dt), retry_factor     1  2499       -6.096413        1.402698        0.500000
 bad other yaxis for History panels plot num_zones

 ERROR: failed to find log_Teff in history data

 grid1/grid1_002500.png/png
       retry log10(dt/yr), log10(dt), retry_factor     1  2505       -5.494353        2.004758        0.500000
       retry log10(dt/yr), log10(dt), retry_factor     1  2510       -5.490012        2.009099        0.500000
       retry log10(dt/yr), log10(dt), retry_factor     2  2510       -5.791042        1.708069        0.500000
 have reached retry limit so now backup
       retry log10(dt/yr), log10(dt), retry_factor     1  2516       -5.473410        2.025702        0.500000
       retry log10(dt/yr), log10(dt), retry_factor     1  2519       -5.871350        1.627762        0.500000
       retry log10(dt/yr), log10(dt), retry_factor     1  2525       -5.611138        1.887974        0.500000
       retry log10(dt/yr), log10(dt), retry_factor     1  2530       -5.310108        2.189004        0.500000
       retry log10(dt/yr), log10(dt), retry_factor     1  2532       -5.708048        1.791064        0.500000
hydro_newton_step failed to accept
       retry log10(dt/yr), log10(dt), retry_factor     1  2533       -6.105988        1.393124        0.500000
       retry log10(dt/yr), log10(dt), retry_factor     1  2538       -5.503928        1.995184        0.500000
       retry log10(dt/yr), log10(dt), retry_factor     1  2539       -5.804958        1.694154        0.500000
hydro_newton_step failed to accept
       retry log10(dt/yr), log10(dt), retry_factor     1  2540       -6.202898        1.296214        0.500000
       retry log10(dt/yr), log10(dt), retry_factor     2  2540       -6.503928        0.995184        0.500000
       retry log10(dt/yr), log10(dt), retry_factor     1  2546       -6.035028        1.464083        0.500000
       retry log10(dt/yr), log10(dt), retry_factor     1  2551       -5.817698        1.681414        0.500000
       retry log10(dt/yr), log10(dt), retry_factor     1  2552       -6.118728        1.380384        0.500000
       retry log10(dt/yr), log10(dt), retry_factor     1  2553       -6.458439        1.040672        0.500000
hydro_newton_step failed to accept
       retry log10(dt/yr), log10(dt), retry_factor     1  2554       -6.855509        0.643602        0.500000
       retry log10(dt/yr), log10(dt), retry_factor     1  2558       -6.634482        0.864629        0.500000
       retry log10(dt/yr), log10(dt), retry_factor     1  2559       -6.935512        0.563599        0.500000
       retry log10(dt/yr), log10(dt), retry_factor     1  2561       -7.283256        0.215855        0.500000
       retry log10(dt/yr), log10(dt), retry_factor     2  2561       -7.584286       -0.085175        0.500000
 have reached retry limit so now backup
       retry log10(dt/yr), log10(dt), retry_factor     1  2566       -7.283256        0.215855        0.500000
       retry log10(dt/yr), log10(dt), retry_factor     1  2568       -7.584286       -0.085175        0.500000
       retry log10(dt/yr), log10(dt), retry_factor     1  2570       -7.885316       -0.386205        0.500000
       retry log10(dt/yr), log10(dt), retry_factor     1  2571       -8.186346       -0.687235        0.500000
       retry log10(dt/yr), log10(dt), retry_factor     1  2606       -9.189698       -1.690586        0.500000
       retry log10(dt/yr), log10(dt), retry_factor     2  2606       -9.490728       -1.991616        0.500000
hydro_newton_step failed to accept
       retry log10(dt/yr), log10(dt), retry_factor     1  2610       -9.490728       -1.991616        0.500000
       retry log10(dt/yr), log10(dt), retry_factor     1  2664       -7.579484       -0.080373        0.500000
hydro_newton_step failed to accept
       retry log10(dt/yr), log10(dt), retry_factor     2  2664       -7.880514       -0.381403        0.500000
 have reached retry limit so now backup
hydro_newton_step failed to accept
       retry log10(dt/yr), log10(dt), retry_factor     1  2669       -8.460942       -0.961830        0.500000
hydro_newton_step failed to accept
       retry log10(dt/yr), log10(dt), retry_factor     1  2671       -8.430047       -0.930936        0.500000
       retry log10(dt/yr), log10(dt), retry_factor     1  2676       -7.984851       -0.485740        0.500000
       retry log10(dt/yr), log10(dt), retry_factor     2  2676       -8.285881       -0.786770        0.500000
 have reached retry limit so now backup
       retry log10(dt/yr), log10(dt), retry_factor     1  2708       -7.689716       -0.190605        0.500000
       retry log10(dt/yr), log10(dt), retry_factor     1  2712       -7.689716       -0.190605        0.500000
       retry log10(dt/yr), log10(dt), retry_factor     2  2712       -7.990746       -0.491635        0.500000
       retry log10(dt/yr), log10(dt), retry_factor     1  2717       -7.689716       -0.190605        0.500000
       retry log10(dt/yr), log10(dt), retry_factor     2  2717       -7.990746       -0.491635        0.500000
       retry log10(dt/yr), log10(dt), retry_factor     1  2725       -7.340771        0.158341        0.500000
       retry log10(dt/yr), log10(dt), retry_factor     2  2725       -7.641801       -0.142689        0.500000
 have reached retry limit so now backup
hydro_newton_step failed to accept
       retry log10(dt/yr), log10(dt), retry_factor     1  2733       -7.415095        0.084017        0.500000
hydro_newton_step failed to accept
       retry log10(dt/yr), log10(dt), retry_factor     2  2733       -7.716125       -0.217013        0.500000
       retry log10(dt/yr), log10(dt), retry_factor     1  2771       -5.703484        1.795627        0.500000
hydro_newton_step failed to accept
       retry log10(dt/yr), log10(dt), retry_factor     2  2771       -6.004514        1.494597        0.500000
 have reached retry limit so now backup
       retry log10(dt/yr), log10(dt), retry_factor     1  2773       -6.305544        1.193567        0.500000
       retry log10(dt/yr), log10(dt), retry_factor     1  2780       -5.687213        1.811899        0.500000
       retry log10(dt/yr), log10(dt), retry_factor     1  2785       -5.484621        2.014491        0.500000
hydro_newton_step failed to accept
       retry log10(dt/yr), log10(dt), retry_factor     2  2785       -5.785651        1.713461        0.500000
 have reached retry limit so now backup
       retry log10(dt/yr), log10(dt), retry_factor     1  2792       -5.397301        2.101810        0.500000
hydro_newton_step failed to accept
       retry log10(dt/yr), log10(dt), retry_factor     1  2793       -5.795241        1.703870        0.500000
       retry log10(dt/yr), log10(dt), retry_factor     1  2794       -6.096271        1.402840        0.500000
       retry log10(dt/yr), log10(dt), retry_factor     2  2794       -6.397301        1.101810        0.500000
       retry log10(dt/yr), log10(dt), retry_factor     1  2795       -6.698331        0.800780        0.500000
       retry log10(dt/yr), log10(dt), retry_factor     1  2804       -5.481740        2.017371        0.500000
       retry log10(dt/yr), log10(dt), retry_factor     2  2804       -5.782770        1.716341        0.500000
       retry log10(dt/yr), log10(dt), retry_factor     1  2805       -6.180710        1.318401        0.500000
hydro_newton_step failed to accept
       retry log10(dt/yr), log10(dt), retry_factor     2  2805       -6.481740        1.017371        0.500000
 have reached retry limit so now backup
       retry log10(dt/yr), log10(dt), retry_factor     1  2810       -6.180710        1.318401        0.500000
       retry log10(dt/yr), log10(dt), retry_factor     1  2817       -5.552133        1.946978        0.500000
       retry log10(dt/yr), log10(dt), retry_factor     2  2817       -5.853163        1.645948        0.500000
       retry log10(dt/yr), log10(dt), retry_factor     1  2818       -6.251103        1.248008        0.500000
       retry log10(dt/yr), log10(dt), retry_factor     1  2819       -6.552133        0.946978        0.500000
       retry log10(dt/yr), log10(dt), retry_factor     1  2827       -5.623110        1.876002        0.500000
       retry log10(dt/yr), log10(dt), retry_factor     2  2827       -5.924140        1.574972        0.500000
       retry log10(dt/yr), log10(dt), retry_factor     1  2828       -6.322080        1.177032        0.500000
       retry log10(dt/yr), log10(dt), retry_factor     1  2829       -6.623110        0.876002        0.500000
       retry log10(dt/yr), log10(dt), retry_factor     2  2829       -6.924140        0.574972        0.500000
       retry log10(dt/yr), log10(dt), retry_factor     1  2838       -5.567272        1.931840        0.500000
hydro_newton_step failed to accept
       retry log10(dt/yr), log10(dt), retry_factor     1  2839       -5.965212        1.533900        0.500000
       retry log10(dt/yr), log10(dt), retry_factor     1  2841       -6.414077        1.085035        0.500000
       retry log10(dt/yr), log10(dt), retry_factor     1  2842       -6.715107        0.784005        0.500000
       retry log10(dt/yr), log10(dt), retry_factor     2  2842       -7.016137        0.482975        0.500000
       retry log10(dt/yr), log10(dt), retry_factor     1  2851       -5.705518        1.793594        0.500000
       retry log10(dt/yr), log10(dt), retry_factor     1  2852       -6.103458        1.395654        0.500000
       retry log10(dt/yr), log10(dt), retry_factor     2  2852       -6.404488        1.094624        0.500000
       retry log10(dt/yr), log10(dt), retry_factor     1  2853       -6.705518        0.793594        0.500000
       retry log10(dt/yr), log10(dt), retry_factor     2  2853       -7.006548        0.492564        0.500000
       retry log10(dt/yr), log10(dt), retry_factor     1  2854       -7.307578        0.191534        0.500000
       retry log10(dt/yr), log10(dt), retry_factor     1  2863       -6.016074        1.483038        0.500000
       retry log10(dt/yr), log10(dt), retry_factor     2  2863       -6.317104        1.182008        0.500000
       retry log10(dt/yr), log10(dt), retry_factor     1  2864       -6.618134        0.880978        0.500000
hydro_newton_step failed to accept
       retry log10(dt/yr), log10(dt), retry_factor     1  2866       -6.919164        0.579948        0.500000
       retry log10(dt/yr), log10(dt), retry_factor     1  2868       -6.919164        0.579948        0.500000
       retry log10(dt/yr), log10(dt), retry_factor     2  2868       -7.220194        0.278918        0.500000
       retry log10(dt/yr), log10(dt), retry_factor     1  2870       -7.521224       -0.022112        0.500000
       retry log10(dt/yr), log10(dt), retry_factor     1  2873       -7.822254       -0.323142        0.500000
hydro_newton_step failed to accept
       retry log10(dt/yr), log10(dt), retry_factor     1  2875       -8.123284       -0.624172        0.500000
hydro_newton_step failed to accept
       retry log10(dt/yr), log10(dt), retry_factor     2  2875       -8.424314       -0.925202        0.500000
       retry log10(dt/yr), log10(dt), retry_factor     1  2880       -8.114661       -0.615550        0.500000
       retry log10(dt/yr), log10(dt), retry_factor     2  2880       -8.415691       -0.916580        0.500000
       retry log10(dt/yr), log10(dt), retry_factor     1  2881       -8.716721       -1.217610        0.500000
       retry log10(dt/yr), log10(dt), retry_factor     1  2888       -8.741015       -1.241904        0.500000
       retry log10(dt/yr), log10(dt), retry_factor     1  2912       -9.313734       -1.814623        0.500000
       retry log10(dt/yr), log10(dt), retry_factor     1  2971       -7.663461       -0.164349        0.500000
       retry log10(dt/yr), log10(dt), retry_factor     2  2971       -7.964491       -0.465379        0.500000
 have reached retry limit so now backup
       retry log10(dt/yr), log10(dt), retry_factor     1  2974       -8.430867       -0.931756        0.500000
       retry log10(dt/yr), log10(dt), retry_factor     2  2974       -8.731897       -1.232786        0.500000
 have reached retry limit so now backup
       retry log10(dt/yr), log10(dt), retry_factor     1  2975       -9.032927       -1.533816        0.500000
       retry log10(dt/yr), log10(dt), retry_factor     2  2975       -9.333957       -1.834846        0.500000
       retry log10(dt/yr), log10(dt), retry_factor     1  2982       -8.430867       -0.931756        0.500000
       retry log10(dt/yr), log10(dt), retry_factor     1  2988       -7.828807       -0.329696        0.500000
       retry log10(dt/yr), log10(dt), retry_factor     2  2988       -8.129837       -0.630726        0.500000
 have reached retry limit so now backup

stop because model_number >= max_model_number
     3000     3000

       3000   8.882536  1.352E+07   2.529582   5.795208   1.400000   1.400000   0.000000   0.000000   0.275200   0.015168   4.848495   1391    536
  -7.108961   6.753341  -4.791929   2.210068   3.203432  -8.522879   0.000000   0.000000   0.000000   0.020000   0.014174  31.964408      6     60
 2.9764E-03  23.455818   3.894133   5.794859  14.554350  -0.821604   0.000000   0.000000   0.000000   0.000687  9.707E-01  0.414E-08          dH/H

save LOGS/profile6.data for model 3000
save photos/3000 for model 3000
save final_profile_r_si26_pg_p27_01.data for model 3000
 saved to final.mod
termination code: max_model_number
 bad other yaxis for History panels plot num_zones

 ERROR: failed to find log_Teff in history data

 grid1/grid1_003000.png/png
       3000   8.882536  1.352E+07   2.529582   5.795208   1.400000   1.400000   0.000000   0.000000   0.275200   0.015168   4.848495   1391    536
  -7.108961   6.753341  -4.791929   2.210068   3.203432  -8.522879   0.000000   0.000000   0.000000   0.020000   0.014174  31.964408      6     60
 2.9764E-03  23.455818   3.894133   5.794859  14.554350  -0.821604   0.000000   0.000000   0.000000   0.000687  9.707E-01  0.414E-08          dH/H

