the mesa run folder is /work/al363/runs/low_overhead/runs_x100_1_2

starting from 0
DATE: 2021-04-12
TIME: 21:49:52
                                         version_number       10108
 read /hpc/group/physics/al363/low_overhead/sens/base/inlist_base
 read inlist_cluster
load saved model /hpc/group/physics/al363/sens/base/ns_relax.mod

 change to /hpc/group/physics/al363/sens/base/rp_305.net
             set special rate factor for r_ar36_ng_ar37          29    1.0000000000000000D+02
             set special rate factor for r_ar37_gn_ar36          30    1.0000000000000000D+02
             set special rate factor for r_ar36_ng_ar37          29    1.0000000000000000D+02
             set special rate factor for r_ar37_gn_ar36          30    1.0000000000000000D+02
 number of species         305
 read /hpc/group/physics/al363/low_overhead/sens/base/history_custom_low_overhead
 read /hpc/group/physics/al363/low_overhead/sens/base/profile_custom_low_overhead
 net name /hpc/group/physics/al363/sens/base/rp_305.net
 v_flag T
                                           xmstar/mstar    4.5461189430843640D-12
                                             xmstar (g)    1.2660395722219186D+22
                                           M_center (g)    2.7848799999878681D+33
                                            xmstar/Msun    6.3645665203193175D-12
                                          M_center/Msun    1.3999999999939012D+00
                                          R_center (cm)    1.1200000000000000D+06
                                          R_center/Rsun    1.6092416448748527D-05
                                           core density    4.7322078204273819D+14
                                          L_center/Lsun    4.1647144567650578D+00
 kappa_file_prefix gs98
 kappa_lowT_prefix lowT_fa05_gs98

   eos_file_prefix mesa
                                        OMP_NUM_THREADS           8


__________________________________________________________________________________________________________________________________________________

       step    lg_Tcntr    Teff       lg_LH     lg_Lnuc     Mass       H_rich     H_cntr     N_cntr     Y_surf     X_avg     eta_cntr  zones retry
   lg_dt_yr    lg_Dcntr    lg_R       lg_L3a    lg_Lneu     lg_Mdot    He_core    He_cntr    O_cntr     Z_surf     Y_avg     gam_cntr  iters bckup
     age_yr    lg_Pcntr    lg_L       lg_LZ     lg_Psurf    lg_Dsurf   C_core     C_cntr     Ne_cntr    Si_cntr    Z_avg     v_div_cs     dt_limit
__________________________________________________________________________________________________________________________________________________

         12   8.207068  1.596E+06   0.422373   0.422680   1.400000   1.400000   0.000000   0.000000   0.275200   0.032716  18.782540    782      0
  -5.834864   6.544453  -4.792968 -17.300136  -0.755568  -8.522879   0.000000   0.000000   0.000000   0.020000   0.012436 128.974929      6      0
 9.8181E-06  23.077272   0.179446  -2.727454  12.804639  -1.522785   0.000000   0.000000   0.000000   0.000687  9.548E-01 -0.112E-12      lgT_cntr

save LOGS/profile2.data for model 12
       retry log10(dt/yr), log10(dt), retry_factor     1    34       -5.396128        2.102984        0.500000
       retry log10(dt/yr), log10(dt), retry_factor     1    38       -5.396128        2.102984        0.500000
       retry log10(dt/yr), log10(dt), retry_factor     1    42       -5.396128        2.102984        0.500000
       retry log10(dt/yr), log10(dt), retry_factor     1    46       -5.396128        2.102984        0.500000
       retry log10(dt/yr), log10(dt), retry_factor     1    51       -5.095098        2.404014        0.500000
       retry log10(dt/yr), log10(dt), retry_factor     1    52       -5.095098        2.404014        0.500000
       retry log10(dt/yr), log10(dt), retry_factor     1    56       -5.095098        2.404014        0.500000
       retry log10(dt/yr), log10(dt), retry_factor     2    56       -5.396128        2.102984        0.500000
       retry log10(dt/yr), log10(dt), retry_factor     1    60       -5.396128        2.102984        0.500000
       retry log10(dt/yr), log10(dt), retry_factor     1    61       -5.697158        1.801954        0.500000
       retry log10(dt/yr), log10(dt), retry_factor     1    62       -5.998188        1.500924        0.500000
       retry log10(dt/yr), log10(dt), retry_factor     1    64       -6.299218        1.199894        0.500000
       retry log10(dt/yr), log10(dt), retry_factor     1    65       -6.600248        0.898864        0.500000
       retry log10(dt/yr), log10(dt), retry_factor     1    66       -6.901278        0.597834        0.500000
       retry log10(dt/yr), log10(dt), retry_factor     1    68       -7.202308        0.296804        0.500000
       retry log10(dt/yr), log10(dt), retry_factor     1    71       -7.503338       -0.004226        0.500000
       retry log10(dt/yr), log10(dt), retry_factor     1    72       -7.804368       -0.305256        0.500000
       retry log10(dt/yr), log10(dt), retry_factor     1    73       -8.105398       -0.606286        0.500000
       retry log10(dt/yr), log10(dt), retry_factor     1    77       -8.570181       -1.071069        0.500000
       retry log10(dt/yr), log10(dt), retry_factor     1   144       -8.652359       -1.153247        0.500000
       retry log10(dt/yr), log10(dt), retry_factor     1   158       -8.703467       -1.204356        0.500000
       retry log10(dt/yr), log10(dt), retry_factor     2   158       -9.004497       -1.505386        0.500000
 have reached retry limit so now backup
       retry log10(dt/yr), log10(dt), retry_factor     1   172       -9.266962       -1.767851        0.500000
       retry log10(dt/yr), log10(dt), retry_factor     1   176       -9.266962       -1.767851        0.500000
       retry log10(dt/yr), log10(dt), retry_factor     1   193       -7.350858        0.148254        0.500000
hydro_newton_step failed to accept
       retry log10(dt/yr), log10(dt), retry_factor     1   199       -7.529196       -0.030084        0.500000
hydro_newton_step failed to accept
       retry log10(dt/yr), log10(dt), retry_factor     2   199       -7.830226       -0.331114        0.500000
 have reached retry limit so now backup
hydro_newton_step failed to accept
       retry log10(dt/yr), log10(dt), retry_factor     1   203       -8.166593       -0.667481        0.500000
       retry log10(dt/yr), log10(dt), retry_factor     2   203       -8.467623       -0.968511        0.500000
       retry log10(dt/yr), log10(dt), retry_factor     1   240       -7.468987        0.030125        0.500000
       retry log10(dt/yr), log10(dt), retry_factor     1   245       -7.522914       -0.023802        0.500000
       retry log10(dt/yr), log10(dt), retry_factor     2   245       -7.823944       -0.324832        0.500000
       retry log10(dt/yr), log10(dt), retry_factor     1   252       -7.562452       -0.063340        0.500000
       retry log10(dt/yr), log10(dt), retry_factor     2   252       -7.863482       -0.364370        0.500000
hydro_newton_step failed to accept
       retry log10(dt/yr), log10(dt), retry_factor     1   293       -5.791391        1.707721        0.500000
       retry log10(dt/yr), log10(dt), retry_factor     2   293       -6.092421        1.406691        0.500000
       retry log10(dt/yr), log10(dt), retry_factor     1   300       -5.396094        2.103017        0.500000
hydro_newton_step failed to accept
       retry log10(dt/yr), log10(dt), retry_factor     2   300       -5.697124        1.801987        0.500000
       retry log10(dt/yr), log10(dt), retry_factor     1   305       -5.396094        2.103017        0.500000
       retry log10(dt/yr), log10(dt), retry_factor     1   309       -5.438628        2.060484        0.500000
       retry log10(dt/yr), log10(dt), retry_factor     1   310       -5.836568        1.662544        0.500000
       retry log10(dt/yr), log10(dt), retry_factor     1   316       -5.270786        2.228325        0.500000
       retry log10(dt/yr), log10(dt), retry_factor     1   317       -5.571816        1.927295        0.500000
       retry log10(dt/yr), log10(dt), retry_factor     1   322       -5.345522        2.153589        0.500000
       retry log10(dt/yr), log10(dt), retry_factor     1   324       -5.646552        1.852559        0.500000
       retry log10(dt/yr), log10(dt), retry_factor     2   324       -5.947582        1.551529        0.500000
 have reached retry limit so now backup
       retry log10(dt/yr), log10(dt), retry_factor     1   327       -6.248612        1.250499        0.500000
       retry log10(dt/yr), log10(dt), retry_factor     1   328       -6.549642        0.949469        0.500000
       retry log10(dt/yr), log10(dt), retry_factor     2   328       -6.850672        0.648439        0.500000
       retry log10(dt/yr), log10(dt), retry_factor     1   337       -5.607704        1.891408        0.500000
       retry log10(dt/yr), log10(dt), retry_factor     2   337       -5.908734        1.590378        0.500000
hydro_newton_step failed to accept
       retry log10(dt/yr), log10(dt), retry_factor     1   342       -5.836171        1.662940        0.500000
hydro_newton_step failed to accept
       retry log10(dt/yr), log10(dt), retry_factor     1   343       -6.234111        1.265000        0.500000
hydro_newton_step failed to accept
       retry log10(dt/yr), log10(dt), retry_factor     1   344       -6.632051        0.867060        0.500000
hydro_newton_step failed to accept
       retry log10(dt/yr), log10(dt), retry_factor     1   347       -6.115443        1.383669        0.500000
       retry log10(dt/yr), log10(dt), retry_factor     1   348       -6.115443        1.383669        0.500000
        348   8.429771  4.452E+06   1.921157   2.026028   1.400000   1.400000   0.000000   0.000000   0.275200   0.077381  12.094387    745     56
  -5.814413   6.606569  -4.792690   1.116837   1.110887  -8.522879   0.000000   0.000000   0.000000   0.020000   0.055951  81.004168      6      3
 5.8068E-04  23.180279   1.962221   0.986381  13.806872  -0.975838   0.000000   0.000000   0.000000   0.000687  8.667E-01  0.954E-14         retry

save LOGS/profile3.data for model 348
       retry log10(dt/yr), log10(dt), retry_factor     1   349       -6.416473        1.082639        0.500000
       retry log10(dt/yr), log10(dt), retry_factor     1   353       -6.790205        0.708907        0.500000
       retry log10(dt/yr), log10(dt), retry_factor     1   354       -7.091235        0.407877        0.500000
       retry log10(dt/yr), log10(dt), retry_factor     1   355       -7.392265        0.106847        0.500000
       retry log10(dt/yr), log10(dt), retry_factor     1   358       -7.693295       -0.194183        0.500000
       retry log10(dt/yr), log10(dt), retry_factor     1   360       -7.994325       -0.495213        0.500000
       retry log10(dt/yr), log10(dt), retry_factor     1   362       -8.379463       -0.880352        0.500000
       retry log10(dt/yr), log10(dt), retry_factor     1   363       -8.680493       -1.181382        0.500000
       retry log10(dt/yr), log10(dt), retry_factor     1   451       -7.523009       -0.023897        0.500000
       retry log10(dt/yr), log10(dt), retry_factor     2   451       -7.824039       -0.324927        0.500000
 have reached retry limit so now backup
       retry log10(dt/yr), log10(dt), retry_factor     1   452       -8.125069       -0.625957        0.500000
       retry log10(dt/yr), log10(dt), retry_factor     2   452       -8.426099       -0.926987        0.500000
 have reached retry limit so now backup
       retry log10(dt/yr), log10(dt), retry_factor     1   454       -8.727129       -1.228017        0.500000
       retry log10(dt/yr), log10(dt), retry_factor     2   454       -9.028159       -1.529047        0.500000
 have reached retry limit so now backup
       retry log10(dt/yr), log10(dt), retry_factor     1   454       -9.329189       -1.830077        0.500000
       retry log10(dt/yr), log10(dt), retry_factor     1   465       -7.787007       -0.287896        0.500000
       retry log10(dt/yr), log10(dt), retry_factor     1   466       -8.184947       -0.685836        0.500000
hydro_newton_step failed to accept
       retry log10(dt/yr), log10(dt), retry_factor     1   467       -8.485977       -0.986866        0.500000
       retry log10(dt/yr), log10(dt), retry_factor     1   500       -7.743585       -0.244474        0.500000
       retry log10(dt/yr), log10(dt), retry_factor     2   500       -8.044615       -0.545504        0.500000
 have reached retry limit so now backup
 bad other yaxis for History panels plot num_zones

 ERROR: failed to find log_Teff in history data

 grid1/grid1_000500.png/png
       retry log10(dt/yr), log10(dt), retry_factor     1   506       -7.503837       -0.004726        0.500000
       retry log10(dt/yr), log10(dt), retry_factor     1   512       -7.544741       -0.045630        0.500000
       retry log10(dt/yr), log10(dt), retry_factor     2   512       -7.845771       -0.346660        0.500000
       retry log10(dt/yr), log10(dt), retry_factor     1   556       -5.720202        1.778910        0.500000
hydro_newton_step failed to accept
       retry log10(dt/yr), log10(dt), retry_factor     2   556       -6.021232        1.477880        0.500000
 have reached retry limit so now backup
       retry log10(dt/yr), log10(dt), retry_factor     1   562       -5.628369        1.870743        0.500000
       retry log10(dt/yr), log10(dt), retry_factor     1   566       -5.690661        1.808450        0.500000
       retry log10(dt/yr), log10(dt), retry_factor     1   567       -5.991691        1.507420        0.500000
       retry log10(dt/yr), log10(dt), retry_factor     1   574       -5.370066        2.129045        0.500000
hydro_newton_step failed to accept
       retry log10(dt/yr), log10(dt), retry_factor     2   574       -5.671096        1.828015        0.500000
 have reached retry limit so now backup
       retry log10(dt/yr), log10(dt), retry_factor     1   580       -5.391515        2.107597        0.500000
       retry log10(dt/yr), log10(dt), retry_factor     1   581       -5.692545        1.806567        0.500000
       retry log10(dt/yr), log10(dt), retry_factor     2   581       -5.993575        1.505537        0.500000
 have reached retry limit so now backup
       retry log10(dt/yr), log10(dt), retry_factor     1   584       -6.294605        1.204507        0.500000
       retry log10(dt/yr), log10(dt), retry_factor     1   591       -5.596115        1.902996        0.500000
       retry log10(dt/yr), log10(dt), retry_factor     1   595       -5.702528        1.796584        0.500000
       retry log10(dt/yr), log10(dt), retry_factor     1   600       -5.401498        2.097614        0.500000
       retry log10(dt/yr), log10(dt), retry_factor     2   600       -5.702528        1.796584        0.500000
 have reached retry limit so now backup
       retry log10(dt/yr), log10(dt), retry_factor     1   600       -6.100468        1.398643        0.500000
       retry log10(dt/yr), log10(dt), retry_factor     2   600       -6.401498        1.097614        0.500000
 have reached retry limit so now backup
       retry log10(dt/yr), log10(dt), retry_factor     1   600       -6.702528        0.796584        0.500000
       retry log10(dt/yr), log10(dt), retry_factor     2   600       -7.003558        0.495554        0.500000
 have reached retry limit so now backup
       retry log10(dt/yr), log10(dt), retry_factor     1   600       -7.304588        0.194524        0.500000
       retry log10(dt/yr), log10(dt), retry_factor     2   600       -7.605618       -0.106506        0.500000
 have reached retry limit so now backup
       retry log10(dt/yr), log10(dt), retry_factor     1   600       -7.906648       -0.407536        0.500000
       retry log10(dt/yr), log10(dt), retry_factor     2   600       -8.207678       -0.708566        0.500000
 have reached retry limit so now backup
       retry log10(dt/yr), log10(dt), retry_factor     1   600       -8.508708       -1.009596        0.500000
       retry log10(dt/yr), log10(dt), retry_factor     2   600       -8.809738       -1.310626        0.500000
 have reached retry limit so now backup
       retry log10(dt/yr), log10(dt), retry_factor     1   600       -9.110768       -1.611656        0.500000
       retry log10(dt/yr), log10(dt), retry_factor     2   600       -9.411798       -1.912686        0.500000
 have reached retry limit so now backup
       retry log10(dt/yr), log10(dt), retry_factor     1   600       -9.712828       -2.213716        0.500000
       retry log10(dt/yr), log10(dt), retry_factor     2   600      -10.013858       -2.514746        0.500000
 have reached retry limit so now backup
       retry log10(dt/yr), log10(dt), retry_factor     1   601      -10.314888       -2.815776        0.500000
       retry log10(dt/yr), log10(dt), retry_factor     2   601      -10.615918       -3.116806        0.500000
 have reached retry limit so now backup
       retry log10(dt/yr), log10(dt), retry_factor     1   601      -10.916948       -3.417836        0.500000
       retry log10(dt/yr), log10(dt), retry_factor     2   601      -11.217978       -3.718866        0.500000
       retry log10(dt/yr), log10(dt), retry_factor     1   608      -10.314888       -2.815776        0.500000
       retry log10(dt/yr), log10(dt), retry_factor     2   608      -10.615918       -3.116806        0.500000
 have reached retry limit so now backup
       retry log10(dt/yr), log10(dt), retry_factor     1   608      -10.916948       -3.417836        0.500000
       retry log10(dt/yr), log10(dt), retry_factor     2   608      -11.217978       -3.718866        0.500000
 have reached retry limit so now backup
       retry log10(dt/yr), log10(dt), retry_factor     1   610      -11.519008       -4.019896        0.500000
       retry log10(dt/yr), log10(dt), retry_factor     2   610      -11.820038       -4.320926        0.500000
 have reached retry limit so now backup
       retry log10(dt/yr), log10(dt), retry_factor     1   610      -12.121068       -4.621956        0.500000
       retry log10(dt/yr), log10(dt), retry_factor     2   610      -12.422098       -4.922986        0.500000
 have reached retry limit so now backup
       retry log10(dt/yr), log10(dt), retry_factor     1   611      -12.723128       -5.224016        0.500000
       retry log10(dt/yr), log10(dt), retry_factor     2   611      -13.024158       -5.525046        0.500000
 have reached retry limit so now backup
       retry log10(dt/yr), log10(dt), retry_factor     1   614      -13.325188       -5.826076        0.500000
       retry log10(dt/yr), log10(dt), retry_factor     2   614      -13.626218       -6.127106        0.500000
 have reached retry limit so now backup
       retry log10(dt/yr), log10(dt), retry_factor     1   624      -11.820038       -4.320926        0.500000
       retry log10(dt/yr), log10(dt), retry_factor     1   635       -9.712828       -2.213716        0.500000
       retry log10(dt/yr), log10(dt), retry_factor     2   635      -10.013858       -2.514746        0.500000
 have reached retry limit so now backup
       retry log10(dt/yr), log10(dt), retry_factor     1   635      -10.314888       -2.815776        0.500000
       retry log10(dt/yr), log10(dt), retry_factor     2   635      -10.615918       -3.116806        0.500000
 have reached retry limit so now backup
       retry log10(dt/yr), log10(dt), retry_factor     1   635      -10.916948       -3.417836        0.500000
       retry log10(dt/yr), log10(dt), retry_factor     2   635      -11.217978       -3.718866        0.500000
 have reached retry limit so now backup
       retry log10(dt/yr), log10(dt), retry_factor     1   636      -11.519008       -4.019896        0.500000
       retry log10(dt/yr), log10(dt), retry_factor     2   636      -11.820038       -4.320926        0.500000
 have reached retry limit so now backup
       retry log10(dt/yr), log10(dt), retry_factor     1   636      -12.121068       -4.621956        0.500000
       retry log10(dt/yr), log10(dt), retry_factor     2   636      -12.422098       -4.922986        0.500000
 have reached retry limit so now backup
       retry log10(dt/yr), log10(dt), retry_factor     1   636      -12.723128       -5.224016        0.500000
       retry log10(dt/yr), log10(dt), retry_factor     2   636      -13.024158       -5.525046        0.500000
 have reached retry limit so now backup
       retry log10(dt/yr), log10(dt), retry_factor     1   636      -13.325188       -5.826076        0.500000
       retry log10(dt/yr), log10(dt), retry_factor     2   636      -13.626218       -6.127106        0.500000
 have reached retry limit so now backup
       retry log10(dt/yr), log10(dt), retry_factor     1   636      -13.927248       -6.428136        0.500000
       retry log10(dt/yr), log10(dt), retry_factor     2   636      -14.228278       -6.729166        0.500000
 have reached retry limit so now backup
       retry log10(dt/yr), log10(dt), retry_factor     1   636      -14.529308       -7.030196        0.500000
       retry log10(dt/yr), log10(dt), retry_factor     1   637      -14.830338       -7.331226        0.500000
       retry log10(dt/yr), log10(dt), retry_factor     1   643      -14.228278       -6.729166        0.500000
       retry log10(dt/yr), log10(dt), retry_factor     1   651      -13.024158       -5.525046        0.500000
       retry log10(dt/yr), log10(dt), retry_factor     2   651      -13.325188       -5.826076        0.500000
 have reached retry limit so now backup
       retry log10(dt/yr), log10(dt), retry_factor     1   652      -13.626218       -6.127106        0.500000
       retry log10(dt/yr), log10(dt), retry_factor     2   652      -13.927248       -6.428136        0.500000
 have reached retry limit so now backup
       retry log10(dt/yr), log10(dt), retry_factor     1   654      -14.228278       -6.729166        0.500000
       retry log10(dt/yr), log10(dt), retry_factor     2   654      -14.529308       -7.030196        0.500000
       retry log10(dt/yr), log10(dt), retry_factor     1   655      -14.830338       -7.331226        0.500000
       retry log10(dt/yr), log10(dt), retry_factor     1   672      -10.916948       -3.417836        0.500000
       retry log10(dt/yr), log10(dt), retry_factor     2   672      -11.217978       -3.718866        0.500000
 have reached retry limit so now backup
       retry log10(dt/yr), log10(dt), retry_factor     1   672      -11.519008       -4.019896        0.500000
       retry log10(dt/yr), log10(dt), retry_factor     2   672      -11.820038       -4.320926        0.500000
 have reached retry limit so now backup
       retry log10(dt/yr), log10(dt), retry_factor     1   673      -12.121068       -4.621956        0.500000
       retry log10(dt/yr), log10(dt), retry_factor     2   673      -12.422098       -4.922986        0.500000
 have reached retry limit so now backup
       retry log10(dt/yr), log10(dt), retry_factor     1   673      -12.723128       -5.224016        0.500000
       retry log10(dt/yr), log10(dt), retry_factor     2   673      -13.024158       -5.525046        0.500000
 have reached retry limit so now backup
       retry log10(dt/yr), log10(dt), retry_factor     1   673      -13.325188       -5.826076        0.500000
       retry log10(dt/yr), log10(dt), retry_factor     2   673      -13.626218       -6.127106        0.500000
 have reached retry limit so now backup
       retry log10(dt/yr), log10(dt), retry_factor     1   673      -13.927248       -6.428136        0.500000
       retry log10(dt/yr), log10(dt), retry_factor     2   673      -14.228278       -6.729166        0.500000
 have reached retry limit so now backup
       retry log10(dt/yr), log10(dt), retry_factor     1   673      -14.529308       -7.030196        0.500000
       retry log10(dt/yr), log10(dt), retry_factor     2   673      -14.830338       -7.331226        0.500000
       retry log10(dt/yr), log10(dt), retry_factor     1   678      -14.529308       -7.030196        0.500000
       retry log10(dt/yr), log10(dt), retry_factor     1   679      -14.830338       -7.331226        0.500000
       retry log10(dt/yr), log10(dt), retry_factor     2   679      -15.131368       -7.632256        0.500000
       retry log10(dt/yr), log10(dt), retry_factor     1   688      -13.626218       -6.127106        0.500000
       retry log10(dt/yr), log10(dt), retry_factor     2   688      -13.927248       -6.428136        0.500000
 have reached retry limit so now backup
       retry log10(dt/yr), log10(dt), retry_factor     1   688      -14.228278       -6.729166        0.500000
       retry log10(dt/yr), log10(dt), retry_factor     2   688      -14.529308       -7.030196        0.500000
 have reached retry limit so now backup
       retry log10(dt/yr), log10(dt), retry_factor     1   688      -14.830338       -7.331226        0.500000
       retry log10(dt/yr), log10(dt), retry_factor     2   688      -15.131368       -7.632256        0.500000
       retry log10(dt/yr), log10(dt), retry_factor     1   725       -5.392093        2.107018        0.500000
       retry log10(dt/yr), log10(dt), retry_factor     1   726       -5.697284        1.801828        0.500000
       retry log10(dt/yr), log10(dt), retry_factor     1   728       -5.998314        1.500798        0.500000
       retry log10(dt/yr), log10(dt), retry_factor     1   729       -6.299344        1.199768        0.500000
       retry log10(dt/yr), log10(dt), retry_factor     1   731       -6.600374        0.898738        0.500000
       retry log10(dt/yr), log10(dt), retry_factor     1   732       -6.901404        0.597708        0.500000
hydro_newton_step failed to accept
       retry log10(dt/yr), log10(dt), retry_factor     1   733       -7.202434        0.296678        0.500000
       retry log10(dt/yr), log10(dt), retry_factor     1   735       -7.503464       -0.004352        0.500000
       retry log10(dt/yr), log10(dt), retry_factor     1   738       -7.804494       -0.305382        0.500000
       retry log10(dt/yr), log10(dt), retry_factor     1   742       -8.026432       -0.527321        0.500000
       retry log10(dt/yr), log10(dt), retry_factor     2   742       -8.327462       -0.828351        0.500000
 have reached retry limit so now backup
       retry log10(dt/yr), log10(dt), retry_factor     1   746       -8.697334       -1.198222        0.500000
       retry log10(dt/yr), log10(dt), retry_factor     1   757       -9.041113       -1.542002        0.500000
       retry log10(dt/yr), log10(dt), retry_factor     1   762       -8.977097       -1.477986        0.500000
       retry log10(dt/yr), log10(dt), retry_factor     1   777       -9.499032       -1.999921        0.500000
       retry log10(dt/yr), log10(dt), retry_factor     1   839       -8.385080       -0.885969        0.500000
       retry log10(dt/yr), log10(dt), retry_factor     2   839       -8.686110       -1.186999        0.500000
hydro_newton_step failed to accept
       retry log10(dt/yr), log10(dt), retry_factor     1   841       -8.987140       -1.488029        0.500000
       retry log10(dt/yr), log10(dt), retry_factor     1   851       -7.384390        0.114722        0.500000
hydro_newton_step failed to accept
       retry log10(dt/yr), log10(dt), retry_factor     2   851       -7.685420       -0.186308        0.500000
hydro_newton_step failed to accept
       retry log10(dt/yr), log10(dt), retry_factor     1   855       -8.272676       -0.773564        0.500000
       retry log10(dt/yr), log10(dt), retry_factor     1   856       -8.299928       -0.800817        0.500000
       retry log10(dt/yr), log10(dt), retry_factor     1   858       -8.642777       -1.143665        0.500000
hydro_newton_step failed to accept
       retry log10(dt/yr), log10(dt), retry_factor     1   863       -8.341747       -0.842635        0.500000
       retry log10(dt/yr), log10(dt), retry_factor     2   863       -8.642777       -1.143665        0.500000
       retry log10(dt/yr), log10(dt), retry_factor     1   870       -7.977637       -0.478526        0.500000
hydro_newton_step failed to accept
       retry log10(dt/yr), log10(dt), retry_factor     1   872       -8.358433       -0.859321        0.500000
       retry log10(dt/yr), log10(dt), retry_factor     2   872       -8.659463       -1.160351        0.500000
 have reached retry limit so now backup

stop because model_number >= max_model_number
      886      886

        886   8.919237  1.475E+07   2.701725   4.868272   1.400000   1.400000   0.000000   0.000000   0.275200   0.022817   3.344014    871    202
  -7.443235   6.567351  -4.791934   2.360185   3.322895  -8.522879   0.000000   0.000000   0.000000   0.020000   0.024518  25.466481      6     45
 8.3443E-04  23.219161   4.044988   4.863943  14.601708  -0.849630   0.000000   0.000000   0.000000   0.000687  9.527E-01  0.739E-08          dH/H

save LOGS/profile4.data for model 886
save photos/x886 for model 886
save abund_profile_r_ar36_ng_ar37_100.data for model 886
 saved to final.mod
termination code: max_model_number
        886   8.919237  1.475E+07   2.701725   4.868272   1.400000   1.400000   0.000000   0.000000   0.275200   0.022817   3.344014    871    202
  -7.443235   6.567351  -4.791934   2.360185   3.322895  -8.522879   0.000000   0.000000   0.000000   0.020000   0.024518  25.466481      6     45
 8.3443E-04  23.219161   4.044988   4.863943  14.601708  -0.849630   0.000000   0.000000   0.000000   0.000687  9.527E-01  0.739E-08          dH/H

DATE: 2021-04-13
TIME: 08:21:33
