the mesa run folder is /work/al363/runs/low_overhead/runs_x100_7

/var/spool/slurmd/job8213886/slurm_script: line 52: 1]: ambiguous redirect
starting from photo
cp: 'restart_photo' and 'restart_photo' are the same file
                                         version_number       10108
 read /hpc/group/physics/al363/low_overhead/sens/base/inlist_base
 read inlist_cluster
load saved model /hpc/group/physics/al363/sens/base/ns_relax.mod

 change to /hpc/group/physics/al363/sens/base/rp_305.net
             set special rate factor for r_rh93_pg_pd94        1213    1.0000000000000000D+02
             set special rate factor for r_pd94_gp_rh93        1214    1.0000000000000000D+02
             set special rate factor for r_rh93_pg_pd94        1213    1.0000000000000000D+02
             set special rate factor for r_pd94_gp_rh93        1214    1.0000000000000000D+02
 number of species         305
 read /hpc/group/physics/al363/low_overhead/sens/base/history_custom_low_overhead
 read /hpc/group/physics/al363/low_overhead/sens/base/profile_custom_low_overhead
 net name /hpc/group/physics/al363/sens/base/rp_305.net
 v_flag T
                                           xmstar/mstar    4.5461189430843640D-12
                                             xmstar (g)    1.2660395722219186D+22
                                           M_center (g)    2.7848799999878681D+33
                                            xmstar/Msun    6.3645665203193175D-12
                                          M_center/Msun    1.3999999999939012D+00
                                          R_center (cm)    1.1200000000000000D+06
                                          R_center/Rsun    1.6092416448748527D-05
                                           core density    4.7322078204273819D+14
                                          L_center/Lsun    4.1647144567650578D+00
 kappa_file_prefix gs98
 kappa_lowT_prefix lowT_fa05_gs98

   eos_file_prefix mesa
                                        OMP_NUM_THREADS           8


__________________________________________________________________________________________________________________________________________________

       step    lg_Tcntr    Teff       lg_LH     lg_Lnuc     Mass       H_rich     H_cntr     N_cntr     Y_surf     X_avg     eta_cntr  zones retry
   lg_dt_yr    lg_Dcntr    lg_R       lg_L3a    lg_Lneu     lg_Mdot    He_core    He_cntr    O_cntr     Z_surf     Y_avg     gam_cntr  iters bckup
     age_yr    lg_Pcntr    lg_L       lg_LZ     lg_Psurf    lg_Dsurf   C_core     C_cntr     Ne_cntr    Si_cntr    Z_avg     v_div_cs     dt_limit
__________________________________________________________________________________________________________________________________________________

save LOGS/profile1.data for model 2
         12   8.207068  1.596E+06   0.422373   0.422680   1.400000   1.400000   0.000000   0.000000   0.275200   0.032716  18.782540    782      0
  -5.834864   6.544453  -4.792968 -17.300136  -0.755568  -8.522879   0.000000   0.000000   0.000000   0.020000   0.012436 128.974929      6      0
 9.8181E-06  23.077272   0.179446  -2.727454  12.804639  -1.522785   0.000000   0.000000   0.000000   0.000687  9.548E-01 -0.112E-12      lgT_cntr

save LOGS/profile2.data for model 12
       retry log10(dt/yr), log10(dt), retry_factor     1    34       -5.396345        2.102767        0.500000
       retry log10(dt/yr), log10(dt), retry_factor     1    38       -5.396345        2.102767        0.500000
       retry log10(dt/yr), log10(dt), retry_factor     1    42       -5.396345        2.102767        0.500000
       retry log10(dt/yr), log10(dt), retry_factor     1    46       -5.396345        2.102767        0.500000
       retry log10(dt/yr), log10(dt), retry_factor     1    51       -5.095315        2.403797        0.500000
       retry log10(dt/yr), log10(dt), retry_factor     1    52       -5.095315        2.403797        0.500000
       retry log10(dt/yr), log10(dt), retry_factor     1    53       -5.095315        2.403797        0.500000
       retry log10(dt/yr), log10(dt), retry_factor     1    54       -5.095315        2.403797        0.500000
       retry log10(dt/yr), log10(dt), retry_factor     1    55       -5.095315        2.403797        0.500000
       retry log10(dt/yr), log10(dt), retry_factor     1    56       -5.095315        2.403797        0.500000
       retry log10(dt/yr), log10(dt), retry_factor     2    56       -5.396345        2.102767        0.500000
       retry log10(dt/yr), log10(dt), retry_factor     1    60       -5.396345        2.102767        0.500000
       retry log10(dt/yr), log10(dt), retry_factor     1    61       -5.697375        1.801737        0.500000
       retry log10(dt/yr), log10(dt), retry_factor     1    62       -5.998405        1.500707        0.500000
       retry log10(dt/yr), log10(dt), retry_factor     1    64       -6.299435        1.199677        0.500000
hydro_newton_step failed to accept
       retry log10(dt/yr), log10(dt), retry_factor     1    65       -6.600465        0.898647        0.500000
       retry log10(dt/yr), log10(dt), retry_factor     1    67       -6.901495        0.597617        0.500000
       retry log10(dt/yr), log10(dt), retry_factor     1    69       -7.202525        0.296587        0.500000
       retry log10(dt/yr), log10(dt), retry_factor     1    70       -7.503555       -0.004443        0.500000
       retry log10(dt/yr), log10(dt), retry_factor     1    72       -7.804585       -0.305473        0.500000
       retry log10(dt/yr), log10(dt), retry_factor     1    74       -8.105615       -0.606503        0.500000
       retry log10(dt/yr), log10(dt), retry_factor     1    75       -8.439704       -0.940592        0.500000
       retry log10(dt/yr), log10(dt), retry_factor     1   142       -8.644644       -1.145532        0.500000
       retry log10(dt/yr), log10(dt), retry_factor     1   143       -9.042584       -1.543473        0.500000
       retry log10(dt/yr), log10(dt), retry_factor     1   152       -9.051215       -1.552104        0.500000
       retry log10(dt/yr), log10(dt), retry_factor     1   159       -8.805806       -1.306694        0.500000
       retry log10(dt/yr), log10(dt), retry_factor     1   171       -8.820117       -1.321005        0.500000
       retry log10(dt/yr), log10(dt), retry_factor     1   187       -7.427173        0.071938        0.500000
       retry log10(dt/yr), log10(dt), retry_factor     1   193       -7.772646       -0.273534        0.500000
       retry log10(dt/yr), log10(dt), retry_factor     1   194       -8.170586       -0.671474        0.500000
       retry log10(dt/yr), log10(dt), retry_factor     2   194       -8.471616       -0.972504        0.500000
 have reached retry limit so now backup
       retry log10(dt/yr), log10(dt), retry_factor     1   204       -7.734309       -0.235197        0.500000
hydro_newton_step failed to accept
       retry log10(dt/yr), log10(dt), retry_factor     1   221       -7.768710       -0.269599        0.500000
hydro_newton_step failed to accept
       retry log10(dt/yr), log10(dt), retry_factor     1   223       -7.757793       -0.258682        0.500000
hydro_newton_step failed to accept
       retry log10(dt/yr), log10(dt), retry_factor     2   223       -8.058823       -0.559712        0.500000
 have reached retry limit so now backup
       retry log10(dt/yr), log10(dt), retry_factor     1   231       -7.785728       -0.286616        0.500000
       retry log10(dt/yr), log10(dt), retry_factor     2   231       -8.086758       -0.587646        0.500000
       retry log10(dt/yr), log10(dt), retry_factor     1   237       -7.634235       -0.135123        0.500000
       retry log10(dt/yr), log10(dt), retry_factor     1   241       -7.634235       -0.135123        0.500000
       retry log10(dt/yr), log10(dt), retry_factor     2   241       -7.935265       -0.436153        0.500000
 have reached retry limit so now backup
       retry log10(dt/yr), log10(dt), retry_factor     1   254       -7.490280        0.008832        0.500000
hydro_newton_step failed to accept
       retry log10(dt/yr), log10(dt), retry_factor     2   254       -7.791310       -0.292198        0.500000
       retry log10(dt/yr), log10(dt), retry_factor     1   293       -5.585756        1.913355        0.500000
hydro_newton_step failed to accept
       retry log10(dt/yr), log10(dt), retry_factor     2   293       -5.886786        1.612325        0.500000
 have reached retry limit so now backup
       retry log10(dt/yr), log10(dt), retry_factor     1   298       -5.585756        1.913355        0.500000
       retry log10(dt/yr), log10(dt), retry_factor     1   303       -5.448498        2.050614        0.500000
       retry log10(dt/yr), log10(dt), retry_factor     1   307       -5.578379        1.920733        0.500000
       retry log10(dt/yr), log10(dt), retry_factor     1   312       -5.531527        1.967585        0.500000
       retry log10(dt/yr), log10(dt), retry_factor     2   312       -5.832557        1.666555        0.500000
       retry log10(dt/yr), log10(dt), retry_factor     1   313       -6.133587        1.365525        0.500000
       retry log10(dt/yr), log10(dt), retry_factor     1   314       -6.434617        1.064495        0.500000
       retry log10(dt/yr), log10(dt), retry_factor     1   322       -5.381977        2.117135        0.500000
       retry log10(dt/yr), log10(dt), retry_factor     2   322       -5.683007        1.816105        0.500000
       retry log10(dt/yr), log10(dt), retry_factor     1   326       -5.737892        1.761219        0.500000
       retry log10(dt/yr), log10(dt), retry_factor     1   327       -6.135832        1.363279        0.500000
       retry log10(dt/yr), log10(dt), retry_factor     1   328       -6.436862        1.062249        0.500000
       retry log10(dt/yr), log10(dt), retry_factor     1   336       -5.571909        1.927202        0.500000
       retry log10(dt/yr), log10(dt), retry_factor     1   340       -5.969849        1.529262        0.500000
       retry log10(dt/yr), log10(dt), retry_factor     1   345       -5.959004        1.540108        0.500000
hydro_newton_step failed to accept
       retry log10(dt/yr), log10(dt), retry_factor     1   346       -6.356944        1.142168        0.500000
        349   8.431912  4.474E+06   1.925977   2.035870   1.400000   1.400000   0.000000   0.000000   0.275200   0.077656  12.032787    772     60
  -5.754884   6.606512  -4.792688   1.137570   1.123054  -8.522879   0.000000   0.000000   0.000000   0.020000   0.055827  80.602369      6      4
 5.8098E-04  23.180327   1.971050   1.023427  13.812573  -0.972402   0.000000   0.000000   0.000000   0.000687  8.665E-01  0.246E-14  max increase

save LOGS/profile3.data for model 349
       retry log10(dt/yr), log10(dt), retry_factor     1   350       -6.210103        1.289009        0.500000
       retry log10(dt/yr), log10(dt), retry_factor     1   351       -6.582047        0.917064        0.500000
hydro_newton_step failed to accept
       retry log10(dt/yr), log10(dt), retry_factor     1   352       -6.979987        0.519124        0.500000
       retry log10(dt/yr), log10(dt), retry_factor     1   353       -7.281017        0.218094        0.500000
hydro_newton_step failed to accept
       retry log10(dt/yr), log10(dt), retry_factor     1   358       -6.979987        0.519124        0.500000
       retry log10(dt/yr), log10(dt), retry_factor     1   359       -6.979987        0.519124        0.500000
hydro_newton_step failed to accept
       retry log10(dt/yr), log10(dt), retry_factor     1   360       -7.281017        0.218094        0.500000
       retry log10(dt/yr), log10(dt), retry_factor     1   363       -7.281017        0.218094        0.500000
       retry log10(dt/yr), log10(dt), retry_factor     2   363       -7.582047       -0.082936        0.500000
       retry log10(dt/yr), log10(dt), retry_factor     1   366       -7.883077       -0.383966        0.500000
       retry log10(dt/yr), log10(dt), retry_factor     1   367       -8.281017       -0.781906        0.500000
       retry log10(dt/yr), log10(dt), retry_factor     2   367       -8.582047       -1.082936        0.500000
       retry log10(dt/yr), log10(dt), retry_factor     1   372       -8.647308       -1.148196        0.500000
       retry log10(dt/yr), log10(dt), retry_factor     1   378       -8.697784       -1.198672        0.500000
hydro_newton_step failed to accept
       retry log10(dt/yr), log10(dt), retry_factor     1   463       -7.710038       -0.210927        0.500000
       retry log10(dt/yr), log10(dt), retry_factor     2   463       -8.011068       -0.511957        0.500000
 have reached retry limit so now backup
       retry log10(dt/yr), log10(dt), retry_factor     1   473       -8.037774       -0.538663        0.500000
       retry log10(dt/yr), log10(dt), retry_factor     1   479       -8.054542       -0.555431        0.500000
 bad other yaxis for History panels plot num_zones

 ERROR: failed to find log_Teff in history data

 grid1/grid1_000500.png/png
       retry log10(dt/yr), log10(dt), retry_factor     1   507       -7.845903       -0.346791        0.500000
       retry log10(dt/yr), log10(dt), retry_factor     1   514       -7.516856       -0.017744        0.500000
       retry log10(dt/yr), log10(dt), retry_factor     2   514       -7.817886       -0.318774        0.500000
 have reached retry limit so now backup
       retry log10(dt/yr), log10(dt), retry_factor     1   521       -7.546835       -0.047723        0.500000
       retry log10(dt/yr), log10(dt), retry_factor     2   521       -7.847865       -0.348753        0.500000
       retry log10(dt/yr), log10(dt), retry_factor     1   564       -5.984595        1.514516        0.500000
       retry log10(dt/yr), log10(dt), retry_factor     2   564       -6.285625        1.213486        0.500000
       retry log10(dt/yr), log10(dt), retry_factor     1   572       -5.342835        2.156277        0.500000
hydro_newton_step failed to accept
       retry log10(dt/yr), log10(dt), retry_factor     2   572       -5.643865        1.855247        0.500000
       retry log10(dt/yr), log10(dt), retry_factor     1   576       -5.680045        1.819067        0.500000
       retry log10(dt/yr), log10(dt), retry_factor     1   583       -5.433204        2.065907        0.500000
       retry log10(dt/yr), log10(dt), retry_factor     1   584       -5.831144        1.667967        0.500000
       retry log10(dt/yr), log10(dt), retry_factor     1   585       -6.132174        1.366937        0.500000
       retry log10(dt/yr), log10(dt), retry_factor     1   592       -5.473238        2.025874        0.500000
       retry log10(dt/yr), log10(dt), retry_factor     1   596       -5.574981        1.924131        0.500000
       retry log10(dt/yr), log10(dt), retry_factor     2   596       -5.876011        1.623101        0.500000
 have reached retry limit so now backup
       retry log10(dt/yr), log10(dt), retry_factor     1   602       -5.662159        1.836952        0.500000
       retry log10(dt/yr), log10(dt), retry_factor     2   602       -5.963189        1.535922        0.500000
 have reached retry limit so now backup
hydro_newton_step failed to accept
       retry log10(dt/yr), log10(dt), retry_factor     1   606       -6.057354        1.441757        0.500000
       retry log10(dt/yr), log10(dt), retry_factor     1   611       -5.504365        1.994747        0.500000
       retry log10(dt/yr), log10(dt), retry_factor     2   611       -5.805395        1.693717        0.500000
hydro_newton_step failed to accept
       retry log10(dt/yr), log10(dt), retry_factor     1   612       -6.196011        1.303101        0.500000
       retry log10(dt/yr), log10(dt), retry_factor     1   613       -6.497041        1.002071        0.500000
       retry log10(dt/yr), log10(dt), retry_factor     1   620       -5.593951        1.905161        0.500000
hydro_newton_step failed to accept
       retry log10(dt/yr), log10(dt), retry_factor     1   621       -5.894981        1.604131        0.500000
hydro_newton_step failed to accept
       retry log10(dt/yr), log10(dt), retry_factor     1   622       -6.292921        1.206191        0.500000
       retry log10(dt/yr), log10(dt), retry_factor     2   622       -6.593951        0.905161        0.500000
       retry log10(dt/yr), log10(dt), retry_factor     1   628       -5.991891        1.507221        0.500000
       retry log10(dt/yr), log10(dt), retry_factor     1   629       -6.292921        1.206191        0.500000
       retry log10(dt/yr), log10(dt), retry_factor     1   630       -6.593951        0.905161        0.500000
       retry log10(dt/yr), log10(dt), retry_factor     2   630       -6.894981        0.604131        0.500000
 have reached retry limit so now backup
       retry log10(dt/yr), log10(dt), retry_factor     1   633       -7.196011        0.303101        0.500000
       retry log10(dt/yr), log10(dt), retry_factor     1   639       -6.593951        0.905161        0.500000
       retry log10(dt/yr), log10(dt), retry_factor     1   640       -6.894981        0.604131        0.500000
       retry log10(dt/yr), log10(dt), retry_factor     1   642       -7.196011        0.303101        0.500000
       retry log10(dt/yr), log10(dt), retry_factor     2   642       -7.497041        0.002071        0.500000
       retry log10(dt/yr), log10(dt), retry_factor     1   645       -7.798071       -0.298959        0.500000
       retry log10(dt/yr), log10(dt), retry_factor     1   647       -8.253096       -0.753985        0.500000
       retry log10(dt/yr), log10(dt), retry_factor     1   651       -8.632230       -1.133118        0.500000
       retry log10(dt/yr), log10(dt), retry_factor     1   657       -8.736945       -1.237833        0.500000
       retry log10(dt/yr), log10(dt), retry_factor     1   684       -9.361034       -1.861922        0.500000
       retry log10(dt/yr), log10(dt), retry_factor     1   741       -7.593729       -0.094618        0.500000
       retry log10(dt/yr), log10(dt), retry_factor     2   741       -7.894759       -0.395648        0.500000
 have reached retry limit so now backup
       retry log10(dt/yr), log10(dt), retry_factor     1   743       -8.195789       -0.696678        0.500000
       retry log10(dt/yr), log10(dt), retry_factor     2   743       -8.496819       -0.997708        0.500000
 have reached retry limit so now backup
       retry log10(dt/yr), log10(dt), retry_factor     1   743       -8.797849       -1.298738        0.500000
       retry log10(dt/yr), log10(dt), retry_factor     2   743       -9.098879       -1.599768        0.500000
hydro_newton_step failed to accept
       retry log10(dt/yr), log10(dt), retry_factor     1   753       -8.197210       -0.698098        0.500000
hydro_newton_step failed to accept
       retry log10(dt/yr), log10(dt), retry_factor     2   753       -8.498240       -0.999128        0.500000
 have reached retry limit so now backup
       retry log10(dt/yr), log10(dt), retry_factor     1   757       -8.603312       -1.104201        0.500000
hydro_newton_step failed to accept
       retry log10(dt/yr), log10(dt), retry_factor     2   757       -8.904342       -1.405231        0.500000
       retry log10(dt/yr), log10(dt), retry_factor     1   763       -8.302282       -0.803171        0.500000
hydro_newton_step failed to accept
       retry log10(dt/yr), log10(dt), retry_factor     1   772       -8.201752       -0.702640        0.500000
       retry log10(dt/yr), log10(dt), retry_factor     1   803       -7.731714       -0.232602        0.500000
       retry log10(dt/yr), log10(dt), retry_factor     2   803       -8.032744       -0.533632        0.500000
 have reached retry limit so now backup
       retry log10(dt/yr), log10(dt), retry_factor     1   809       -7.430684        0.068428        0.500000
hydro_newton_step failed to accept
       retry log10(dt/yr), log10(dt), retry_factor     2   809       -7.731714       -0.232602        0.500000
       retry log10(dt/yr), log10(dt), retry_factor     1   811       -8.032744       -0.533632        0.500000
       retry log10(dt/yr), log10(dt), retry_factor     1   860       -5.693127        1.805984        0.500000
       retry log10(dt/yr), log10(dt), retry_factor     2   860       -5.994157        1.504954        0.500000
       retry log10(dt/yr), log10(dt), retry_factor     1   861       -6.295187        1.203924        0.500000
       retry log10(dt/yr), log10(dt), retry_factor     1   869       -5.337211        2.161900        0.500000
       retry log10(dt/yr), log10(dt), retry_factor     2   869       -5.638241        1.860870        0.500000
 have reached retry limit so now backup
       retry log10(dt/yr), log10(dt), retry_factor     1   875       -5.578631        1.920481        0.500000
       retry log10(dt/yr), log10(dt), retry_factor     2   875       -5.879661        1.619451        0.500000
       retry log10(dt/yr), log10(dt), retry_factor     1   880       -5.722251        1.776861        0.500000
       retry log10(dt/yr), log10(dt), retry_factor     1   881       -6.120191        1.378921        0.500000
       retry log10(dt/yr), log10(dt), retry_factor     1   882       -6.421221        1.077891        0.500000
       retry log10(dt/yr), log10(dt), retry_factor     1   890       -5.571759        1.927353        0.500000
       retry log10(dt/yr), log10(dt), retry_factor     2   890       -5.872789        1.626323        0.500000
       retry log10(dt/yr), log10(dt), retry_factor     1   896       -5.528413        1.970698        0.500000
hydro_newton_step failed to accept
       retry log10(dt/yr), log10(dt), retry_factor     1   897       -5.926354        1.572758        0.500000
       retry log10(dt/yr), log10(dt), retry_factor     1   898       -6.227384        1.271728        0.500000
       retry log10(dt/yr), log10(dt), retry_factor     1   905       -5.699778        1.799333        0.500000
       retry log10(dt/yr), log10(dt), retry_factor     2   905       -6.000808        1.498303        0.500000
 have reached retry limit so now backup
       retry log10(dt/yr), log10(dt), retry_factor     1   913       -5.635884        1.863227        0.500000
       retry log10(dt/yr), log10(dt), retry_factor     2   913       -5.936914        1.562197        0.500000
       retry log10(dt/yr), log10(dt), retry_factor     1   919       -5.636499        1.862613        0.500000
       retry log10(dt/yr), log10(dt), retry_factor     2   919       -5.937529        1.561583        0.500000
 have reached retry limit so now backup
hydro_newton_step failed to accept
       retry log10(dt/yr), log10(dt), retry_factor     1   921       -6.238559        1.260553        0.500000
       retry log10(dt/yr), log10(dt), retry_factor     2   921       -6.539589        0.959523        0.500000
hydro_newton_step failed to accept
       retry log10(dt/yr), log10(dt), retry_factor     1   925       -6.564243        0.934869        0.500000
       retry log10(dt/yr), log10(dt), retry_factor     1   926       -6.582493        0.916619        0.500000
       retry log10(dt/yr), log10(dt), retry_factor     2   926       -6.883523        0.615589        0.500000
       retry log10(dt/yr), log10(dt), retry_factor     1   927       -7.184553        0.314559        0.500000
       retry log10(dt/yr), log10(dt), retry_factor     1   936       -5.995196        1.503916        0.500000
       retry log10(dt/yr), log10(dt), retry_factor     2   936       -6.296226        1.202886        0.500000
hydro_newton_step failed to accept
       retry log10(dt/yr), log10(dt), retry_factor     1   937       -6.694166        0.804946        0.500000
       retry log10(dt/yr), log10(dt), retry_factor     1   938       -6.995196        0.503916        0.500000
       retry log10(dt/yr), log10(dt), retry_factor     1   944       -6.393136        1.105976        0.500000
       retry log10(dt/yr), log10(dt), retry_factor     2   944       -6.694166        0.804946        0.500000
       retry log10(dt/yr), log10(dt), retry_factor     1   946       -6.995196        0.503916        0.500000
hydro_newton_step failed to accept
       retry log10(dt/yr), log10(dt), retry_factor     1   947       -7.296226        0.202886        0.500000
       retry log10(dt/yr), log10(dt), retry_factor     1   950       -7.296226        0.202886        0.500000
       retry log10(dt/yr), log10(dt), retry_factor     2   950       -7.597255       -0.098144        0.500000
       retry log10(dt/yr), log10(dt), retry_factor     1   952       -7.898285       -0.399174        0.500000
       retry log10(dt/yr), log10(dt), retry_factor     1   954       -8.199315       -0.700204        0.500000
       1000   8.458841  1.567E+07   3.369855   6.527534   1.400000   1.400000   0.000000   0.000000   0.275200   0.060715  12.061251   1010    175
  -8.213166   6.657905  -4.791530   3.098613   3.984959  -8.522879   0.000000   0.000000   0.000000   0.020000   0.042309  78.804291      7     16
 1.1147E-03  23.258481   4.150627   6.527070  14.639666  -0.869851   0.000000   0.000000   0.000000   0.000687  8.970E-01 -0.332E-11        lgTeff

save LOGS/profile4.data for model 1000
save photos/1000 for model 1000
 bad other yaxis for History panels plot num_zones

 ERROR: failed to find log_Teff in history data

 grid1/grid1_001000.png/png
       retry log10(dt/yr), log10(dt), retry_factor     1  1039       -7.238441        0.260671        0.500000
hydro_newton_step failed to accept
       retry log10(dt/yr), log10(dt), retry_factor     2  1039       -7.539471       -0.040359        0.500000
       retry log10(dt/yr), log10(dt), retry_factor     1  1044       -8.106489       -0.607377        0.500000
hydro_newton_step failed to accept
       retry log10(dt/yr), log10(dt), retry_factor     1  1045       -8.450990       -0.951879        0.500000
       retry log10(dt/yr), log10(dt), retry_factor     1  1051       -7.892151       -0.393039        0.500000
       retry log10(dt/yr), log10(dt), retry_factor     2  1051       -8.193181       -0.694069        0.500000
 have reached retry limit so now backup
       retry log10(dt/yr), log10(dt), retry_factor     1  1054       -8.494211       -0.995099        0.500000
       retry log10(dt/yr), log10(dt), retry_factor     1  1091       -7.580896       -0.081784        0.500000
       retry log10(dt/yr), log10(dt), retry_factor     1  1095       -7.580896       -0.081784        0.500000
       retry log10(dt/yr), log10(dt), retry_factor     2  1095       -7.881926       -0.382814        0.500000
 have reached retry limit so now backup
       retry log10(dt/yr), log10(dt), retry_factor     1  1102       -7.549847       -0.050736        0.500000
       retry log10(dt/yr), log10(dt), retry_factor     2  1102       -7.850877       -0.351766        0.500000
 have reached retry limit so now backup
       retry log10(dt/yr), log10(dt), retry_factor     1  1143       -6.201797        1.297314        0.500000
       retry log10(dt/yr), log10(dt), retry_factor     1  1152       -5.391620        2.107492        0.500000
       retry log10(dt/yr), log10(dt), retry_factor     1  1153       -5.789560        1.709552        0.500000
       retry log10(dt/yr), log10(dt), retry_factor     1  1154       -6.090590        1.408522        0.500000
       retry log10(dt/yr), log10(dt), retry_factor     2  1154       -6.391620        1.107492        0.500000
       retry log10(dt/yr), log10(dt), retry_factor     1  1161       -5.611178        1.887934        0.500000
       retry log10(dt/yr), log10(dt), retry_factor     1  1166       -5.553567        1.945544        0.500000
       retry log10(dt/yr), log10(dt), retry_factor     1  1167       -5.951507        1.547604        0.500000
       retry log10(dt/yr), log10(dt), retry_factor     1  1174       -5.330436        2.168676        0.500000
       retry log10(dt/yr), log10(dt), retry_factor     2  1174       -5.631466        1.867646        0.500000
 have reached retry limit so now backup
       retry log10(dt/yr), log10(dt), retry_factor     1  1176       -5.932496        1.566616        0.500000
hydro_newton_step failed to accept
       retry log10(dt/yr), log10(dt), retry_factor     2  1176       -6.233526        1.265586        0.500000
       retry log10(dt/yr), log10(dt), retry_factor     1  1183       -5.459304        2.039807        0.500000
       retry log10(dt/yr), log10(dt), retry_factor     1  1185       -5.824648        1.674463        0.500000
       retry log10(dt/yr), log10(dt), retry_factor     2  1185       -6.125678        1.373433        0.500000
 have reached retry limit so now backup
       retry log10(dt/yr), log10(dt), retry_factor     1  1188       -6.426708        1.072403        0.500000
       retry log10(dt/yr), log10(dt), retry_factor     1  1195       -5.655153        1.843959        0.500000
       retry log10(dt/yr), log10(dt), retry_factor     1  1200       -5.708963        1.790149        0.500000
hydro_newton_step failed to accept
       retry log10(dt/yr), log10(dt), retry_factor     2  1200       -6.009993        1.489119        0.500000
hydro_newton_step failed to accept
       retry log10(dt/yr), log10(dt), retry_factor     1  1201       -6.407933        1.091179        0.500000
       retry log10(dt/yr), log10(dt), retry_factor     1  1202       -6.708963        0.790149        0.500000
       retry log10(dt/yr), log10(dt), retry_factor     1  1209       -5.805873        1.693239        0.500000
       retry log10(dt/yr), log10(dt), retry_factor     1  1213       -5.948963        1.550148        0.500000
hydro_newton_step failed to accept
       retry log10(dt/yr), log10(dt), retry_factor     1  1214       -6.346903        1.152208        0.500000
       retry log10(dt/yr), log10(dt), retry_factor     1  1218       -6.045873        1.453238        0.500000
       retry log10(dt/yr), log10(dt), retry_factor     1  1219       -6.346903        1.152208        0.500000
hydro_newton_step failed to accept
       retry log10(dt/yr), log10(dt), retry_factor     2  1219       -6.647933        0.851178        0.500000
       retry log10(dt/yr), log10(dt), retry_factor     1  1222       -6.948963        0.550148        0.500000
       retry log10(dt/yr), log10(dt), retry_factor     1  1223       -7.249993        0.249118        0.500000
       retry log10(dt/yr), log10(dt), retry_factor     1  1225       -7.551023       -0.051912        0.500000
       retry log10(dt/yr), log10(dt), retry_factor     2  1225       -7.852053       -0.352942        0.500000
       retry log10(dt/yr), log10(dt), retry_factor     1  1229       -7.852053       -0.352942        0.500000
       retry log10(dt/yr), log10(dt), retry_factor     1  1232       -8.153083       -0.653972        0.500000
       retry log10(dt/yr), log10(dt), retry_factor     1  1240       -8.818475       -1.319364        0.500000
       retry log10(dt/yr), log10(dt), retry_factor     1  1269       -9.209302       -1.710191        0.500000
       retry log10(dt/yr), log10(dt), retry_factor     2  1269       -9.510332       -2.011221        0.500000
 have reached retry limit so now backup
       retry log10(dt/yr), log10(dt), retry_factor     1  1321       -7.370251        0.128860        0.500000
hydro_newton_step failed to accept
       retry log10(dt/yr), log10(dt), retry_factor     2  1321       -7.671281       -0.172170        0.500000
 have reached retry limit so now backup
       retry log10(dt/yr), log10(dt), retry_factor     1  1327       -8.021989       -0.522877        0.500000
hydro_newton_step failed to accept
       retry log10(dt/yr), log10(dt), retry_factor     2  1327       -8.323019       -0.823907        0.500000
 have reached retry limit so now backup
hydro_newton_step failed to accept
       retry log10(dt/yr), log10(dt), retry_factor     1  1329       -8.624049       -1.124937        0.500000
hydro_newton_step failed to accept
       retry log10(dt/yr), log10(dt), retry_factor     1  1335       -7.990504       -0.491393        0.500000
       retry log10(dt/yr), log10(dt), retry_factor     1  1336       -8.045703       -0.546592        0.500000
hydro_newton_step failed to accept
       retry log10(dt/yr), log10(dt), retry_factor     2  1336       -8.346733       -0.847622        0.500000
hydro_newton_step failed to accept
       retry log10(dt/yr), log10(dt), retry_factor     1  1365       -7.625084       -0.125972        0.500000
       retry log10(dt/yr), log10(dt), retry_factor     2  1365       -7.926114       -0.427002        0.500000
       retry log10(dt/yr), log10(dt), retry_factor     1  1373       -7.684115       -0.185003        0.500000
hydro_newton_step failed to accept
       retry log10(dt/yr), log10(dt), retry_factor     2  1373       -7.985145       -0.486033        0.500000
       retry log10(dt/yr), log10(dt), retry_factor     1  1379       -7.383085        0.116027        0.500000
       retry log10(dt/yr), log10(dt), retry_factor     2  1379       -7.684115       -0.185003        0.500000
 have reached retry limit so now backup
hydro_newton_step failed to accept
       retry log10(dt/yr), log10(dt), retry_factor     1  1385       -7.343767        0.155345        0.500000
       retry log10(dt/yr), log10(dt), retry_factor     2  1385       -7.644797       -0.145685        0.500000
 have reached retry limit so now backup
       retry log10(dt/yr), log10(dt), retry_factor     1  1432       -5.586618        1.912493        0.500000
hydro_newton_step failed to accept
       retry log10(dt/yr), log10(dt), retry_factor     2  1432       -5.887648        1.611463        0.500000
       retry log10(dt/yr), log10(dt), retry_factor     1  1437       -5.730248        1.768863        0.500000
       retry log10(dt/yr), log10(dt), retry_factor     1  1438       -6.031278        1.467833        0.500000
       retry log10(dt/yr), log10(dt), retry_factor     1  1444       -5.651053        1.848058        0.500000
       retry log10(dt/yr), log10(dt), retry_factor     1  1449       -5.519409        1.979703        0.500000
       retry log10(dt/yr), log10(dt), retry_factor     1  1450       -5.917349        1.581763        0.500000
       retry log10(dt/yr), log10(dt), retry_factor     1  1451       -6.259909        1.239202        0.500000
       retry log10(dt/yr), log10(dt), retry_factor     2  1451       -6.560939        0.938172        0.500000
       retry log10(dt/yr), log10(dt), retry_factor     1  1459       -5.356819        2.142292        0.500000
       retry log10(dt/yr), log10(dt), retry_factor     1  1461       -5.754759        1.744352        0.500000
hydro_newton_step failed to accept
       retry log10(dt/yr), log10(dt), retry_factor     2  1461       -6.055789        1.443322        0.500000
       retry log10(dt/yr), log10(dt), retry_factor     1  1462       -6.356819        1.142292        0.500000
       retry log10(dt/yr), log10(dt), retry_factor     1  1470       -5.152699        2.346412        0.500000
hydro_newton_step failed to accept
       retry log10(dt/yr), log10(dt), retry_factor     2  1470       -5.453729        2.045382        0.500000
       retry log10(dt/yr), log10(dt), retry_factor     1  1474       -5.634242        1.864870        0.500000
       retry log10(dt/yr), log10(dt), retry_factor     1  1475       -6.032182        1.466930        0.500000
       retry log10(dt/yr), log10(dt), retry_factor     1  1480       -5.953733        1.545378        0.500000
       retry log10(dt/yr), log10(dt), retry_factor     1  1481       -6.254763        1.244348        0.500000
       retry log10(dt/yr), log10(dt), retry_factor     1  1482       -6.555793        0.943318        0.500000
hydro_newton_step failed to accept
       retry log10(dt/yr), log10(dt), retry_factor     1  1484       -6.953733        0.545378        0.500000
hydro_newton_step failed to accept
       retry log10(dt/yr), log10(dt), retry_factor     2  1484       -7.254763        0.244348        0.500000
       retry log10(dt/yr), log10(dt), retry_factor     1  1486       -7.254763        0.244348        0.500000
       retry log10(dt/yr), log10(dt), retry_factor     1  1491       -6.953733        0.545378        0.500000
hydro_newton_step failed to accept
       retry log10(dt/yr), log10(dt), retry_factor     1  1492       -7.254763        0.244348        0.500000
       retry log10(dt/yr), log10(dt), retry_factor     1  1495       -7.652703       -0.153592        0.500000
       retry log10(dt/yr), log10(dt), retry_factor     1  1499       -7.652703       -0.153592        0.500000
       retry log10(dt/yr), log10(dt), retry_factor     1  1500       -7.953733       -0.454622        0.500000
 bad other yaxis for History panels plot num_zones

 ERROR: failed to find log_Teff in history data

 grid1/grid1_001500.png/png
       retry log10(dt/yr), log10(dt), retry_factor     1  1501       -8.318253       -0.819142        0.500000
       retry log10(dt/yr), log10(dt), retry_factor     2  1501       -8.619283       -1.120172        0.500000
       retry log10(dt/yr), log10(dt), retry_factor     1  1508       -8.528532       -1.029421        0.500000
       retry log10(dt/yr), log10(dt), retry_factor     1  1513       -8.834475       -1.335363        0.500000
       retry log10(dt/yr), log10(dt), retry_factor     1  1585       -7.379059        0.120052        0.500000
       retry log10(dt/yr), log10(dt), retry_factor     1  1588       -7.873909       -0.374798        0.500000
       retry log10(dt/yr), log10(dt), retry_factor     2  1588       -8.174939       -0.675828        0.500000
 have reached retry limit so now backup
hydro_newton_step failed to accept
       retry log10(dt/yr), log10(dt), retry_factor     1  1589       -8.522398       -1.023287        0.500000
       retry log10(dt/yr), log10(dt), retry_factor     2  1589       -8.823428       -1.324317        0.500000
       retry log10(dt/yr), log10(dt), retry_factor     1  1599       -7.968744       -0.469633        0.500000
       retry log10(dt/yr), log10(dt), retry_factor     1  1639       -7.466814        0.032297        0.500000
       retry log10(dt/yr), log10(dt), retry_factor     2  1639       -7.767844       -0.268733        0.500000
 have reached retry limit so now backup
       retry log10(dt/yr), log10(dt), retry_factor     1  1646       -7.478873        0.020238        0.500000
       retry log10(dt/yr), log10(dt), retry_factor     2  1646       -7.779903       -0.280792        0.500000
       retry log10(dt/yr), log10(dt), retry_factor     1  1691       -5.479876        2.019235        0.500000
       retry log10(dt/yr), log10(dt), retry_factor     2  1691       -5.780906        1.718205        0.500000
 have reached retry limit so now backup
       retry log10(dt/yr), log10(dt), retry_factor     1  1697       -5.447272        2.051840        0.500000
       retry log10(dt/yr), log10(dt), retry_factor     1  1698       -5.845212        1.653900        0.500000
       retry log10(dt/yr), log10(dt), retry_factor     1  1704       -5.504102        1.995010        0.500000
hydro_newton_step failed to accept
       retry log10(dt/yr), log10(dt), retry_factor     2  1704       -5.805132        1.693980        0.500000
       retry log10(dt/yr), log10(dt), retry_factor     1  1705       -6.203072        1.296040        0.500000
       retry log10(dt/yr), log10(dt), retry_factor     1  1706       -6.504102        0.995010        0.500000
       retry log10(dt/yr), log10(dt), retry_factor     1  1714       -5.456833        2.042279        0.500000
hydro_newton_step failed to accept
       retry log10(dt/yr), log10(dt), retry_factor     1  1715       -5.854773        1.644339        0.500000
       retry log10(dt/yr), log10(dt), retry_factor     1  1716       -6.252713        1.246399        0.500000
       retry log10(dt/yr), log10(dt), retry_factor     1  1717       -6.553743        0.945369        0.500000
       retry log10(dt/yr), log10(dt), retry_factor     1  1727       -5.301714        2.197398        0.500000
       retry log10(dt/yr), log10(dt), retry_factor     1  1728       -5.602744        1.896368        0.500000
       retry log10(dt/yr), log10(dt), retry_factor     2  1728       -5.903774        1.595338        0.500000
 have reached retry limit so now backup
       retry log10(dt/yr), log10(dt), retry_factor     1  1731       -6.301714        1.197398        0.500000
       retry log10(dt/yr), log10(dt), retry_factor     1  1732       -6.602744        0.896368        0.500000
       retry log10(dt/yr), log10(dt), retry_factor     2  1732       -6.903774        0.595338        0.500000
       retry log10(dt/yr), log10(dt), retry_factor     1  1741       -5.571029        1.928082        0.500000
hydro_newton_step failed to accept
       retry log10(dt/yr), log10(dt), retry_factor     1  1742       -5.968969        1.530142        0.500000
       retry log10(dt/yr), log10(dt), retry_factor     1  1743       -6.353466        1.145646        0.500000
       retry log10(dt/yr), log10(dt), retry_factor     2  1743       -6.654496        0.844616        0.500000
       retry log10(dt/yr), log10(dt), retry_factor     1  1750       -5.862416        1.636696        0.500000
       retry log10(dt/yr), log10(dt), retry_factor     1  1754       -5.902855        1.596256        0.500000
       retry log10(dt/yr), log10(dt), retry_factor     1  1755       -6.203885        1.295226        0.500000
       retry log10(dt/yr), log10(dt), retry_factor     1  1759       -6.243344        1.255768        0.500000
       retry log10(dt/yr), log10(dt), retry_factor     1  1760       -6.544374        0.954738        0.500000
hydro_newton_step failed to accept
       retry log10(dt/yr), log10(dt), retry_factor     2  1760       -6.845404        0.653708        0.500000
       retry log10(dt/yr), log10(dt), retry_factor     1  1763       -7.146434        0.352678        0.500000
       retry log10(dt/yr), log10(dt), retry_factor     1  1764       -7.447464        0.051648        0.500000
       retry log10(dt/yr), log10(dt), retry_factor     1  1767       -7.748494       -0.249382        0.500000
       retry log10(dt/yr), log10(dt), retry_factor     1  1770       -8.062465       -0.563354        0.500000
       retry log10(dt/yr), log10(dt), retry_factor     2  1770       -8.363495       -0.864384        0.500000
       retry log10(dt/yr), log10(dt), retry_factor     1  1809       -9.115586       -1.616475        0.500000
       retry log10(dt/yr), log10(dt), retry_factor     1  1833       -8.093514       -0.594402        0.500000
hydro_newton_step failed to accept
       retry log10(dt/yr), log10(dt), retry_factor     1  1834       -8.491454       -0.992342        0.500000
       retry log10(dt/yr), log10(dt), retry_factor     2  1834       -8.792484       -1.293372        0.500000
 have reached retry limit so now backup
       retry log10(dt/yr), log10(dt), retry_factor     1  1867       -7.425741        0.073371        0.500000
       retry log10(dt/yr), log10(dt), retry_factor     2  1867       -7.726771       -0.227659        0.500000
 have reached retry limit so now backup
       retry log10(dt/yr), log10(dt), retry_factor     1  1905       -7.713732       -0.214621        0.500000
       retry log10(dt/yr), log10(dt), retry_factor     1  1909       -7.713732       -0.214621        0.500000
       retry log10(dt/yr), log10(dt), retry_factor     2  1909       -8.014762       -0.515651        0.500000
 have reached retry limit so now backup
hydro_newton_step failed to accept
       retry log10(dt/yr), log10(dt), retry_factor     1  1956       -5.918644        1.580467        0.500000
       retry log10(dt/yr), log10(dt), retry_factor     2  1956       -6.219674        1.279437        0.500000
       retry log10(dt/yr), log10(dt), retry_factor     1  1963       -5.625964        1.873148        0.500000
       retry log10(dt/yr), log10(dt), retry_factor     1  1968       -5.324934        2.174178        0.500000
       retry log10(dt/yr), log10(dt), retry_factor     2  1968       -5.625964        1.873148        0.500000
 have reached retry limit so now backup
       retry log10(dt/yr), log10(dt), retry_factor     1  1969       -6.023904        1.475208        0.500000
       retry log10(dt/yr), log10(dt), retry_factor     2  1969       -6.324934        1.174178        0.500000
       retry log10(dt/yr), log10(dt), retry_factor     1  1979       -5.422461        2.076651        0.500000
       retry log10(dt/yr), log10(dt), retry_factor     1  1983       -5.540176        1.958936        0.500000
       retry log10(dt/yr), log10(dt), retry_factor     1  1988       -5.583688        1.915424        0.500000
       retry log10(dt/yr), log10(dt), retry_factor     1  1993       -5.581841        1.917271        0.500000
       retry log10(dt/yr), log10(dt), retry_factor     2  1993       -5.882871        1.616241        0.500000
       retry log10(dt/yr), log10(dt), retry_factor     1  1994       -6.280811        1.218301        0.500000
       retry log10(dt/yr), log10(dt), retry_factor     2  1994       -6.581841        0.917271        0.500000
       retry log10(dt/yr), log10(dt), retry_factor     1  1997       -6.882871        0.616241        0.500000
       2000   8.389449  3.932E+06   1.669082   1.703339   1.400000   1.400000   0.000000   0.000000   0.275200   0.045350  15.753231   1181    338
  -6.581841   6.741000  -4.792666   0.066206   0.842794  -8.522879   0.000000   0.000000   0.000000   0.020000   0.034849  98.546308      6     34
 2.1452E-03  23.378616   1.746722   0.425869  13.666188  -1.061006   0.000000   0.000000   0.000000   0.000687  9.198E-01 -0.683E-14          hold

save LOGS/profile5.data for model 2000
save photos/2000 for model 2000
 bad other yaxis for History panels plot num_zones

 ERROR: failed to find log_Teff in history data

 grid1/grid1_002000.png/png
       retry log10(dt/yr), log10(dt), retry_factor     1  2005       -5.812534        1.686578        0.500000
hydro_newton_step failed to accept
       retry log10(dt/yr), log10(dt), retry_factor     1  2006       -6.201614        1.297497        0.500000
       retry log10(dt/yr), log10(dt), retry_factor     1  2011       -5.666705        1.832407        0.500000
       retry log10(dt/yr), log10(dt), retry_factor     1  2012       -5.967735        1.531377        0.500000
hydro_newton_step failed to accept
       retry log10(dt/yr), log10(dt), retry_factor     1  2013       -6.365675        1.133437        0.500000
       retry log10(dt/yr), log10(dt), retry_factor     2  2013       -6.666705        0.832407        0.500000
 have reached retry limit so now backup
hydro_newton_step failed to accept
       retry log10(dt/yr), log10(dt), retry_factor     1  2017       -6.742733        0.756379        0.500000
       retry log10(dt/yr), log10(dt), retry_factor     1  2018       -6.797162        0.701949        0.500000
       retry log10(dt/yr), log10(dt), retry_factor     2  2018       -7.098192        0.400919        0.500000
       retry log10(dt/yr), log10(dt), retry_factor     1  2025       -6.195102        1.304009        0.500000
hydro_newton_step failed to accept
       retry log10(dt/yr), log10(dt), retry_factor     1  2026       -6.496132        1.002979        0.500000
hydro_newton_step failed to accept
       retry log10(dt/yr), log10(dt), retry_factor     1  2028       -6.797162        0.701949        0.500000
hydro_newton_step failed to accept
       retry log10(dt/yr), log10(dt), retry_factor     1  2029       -6.797162        0.701949        0.500000
       retry log10(dt/yr), log10(dt), retry_factor     1  2030       -6.797162        0.701949        0.500000
       retry log10(dt/yr), log10(dt), retry_factor     1  2031       -7.098192        0.400919        0.500000
       retry log10(dt/yr), log10(dt), retry_factor     1  2032       -7.399222        0.099889        0.500000
       retry log10(dt/yr), log10(dt), retry_factor     1  2034       -7.700252       -0.201141        0.500000
       retry log10(dt/yr), log10(dt), retry_factor     1  2037       -8.001282       -0.502171        0.500000
hydro_newton_step failed to accept
       retry log10(dt/yr), log10(dt), retry_factor     2  2037       -8.302312       -0.803201        0.500000
 have reached retry limit so now backup
       retry log10(dt/yr), log10(dt), retry_factor     1  2043       -8.037089       -0.537978        0.500000
       retry log10(dt/yr), log10(dt), retry_factor     1  2044       -8.435029       -0.935918        0.500000
       retry log10(dt/yr), log10(dt), retry_factor     1  2051       -8.849167       -1.350055        0.500000
       retry log10(dt/yr), log10(dt), retry_factor     1  2077       -9.217209       -1.718097        0.500000
       retry log10(dt/yr), log10(dt), retry_factor     1  2127       -7.486412        0.012700        0.500000
hydro_newton_step failed to accept
       retry log10(dt/yr), log10(dt), retry_factor     2  2127       -7.787442       -0.288330        0.500000
       retry log10(dt/yr), log10(dt), retry_factor     1  2129       -8.281766       -0.782654        0.500000
hydro_newton_step failed to accept
       retry log10(dt/yr), log10(dt), retry_factor     2  2129       -8.582796       -1.083684        0.500000
       retry log10(dt/yr), log10(dt), retry_factor     1  2162       -7.649763       -0.150651        0.500000
       retry log10(dt/yr), log10(dt), retry_factor     1  2167       -7.654518       -0.155407        0.500000
       retry log10(dt/yr), log10(dt), retry_factor     2  2167       -7.955548       -0.456437        0.500000
       retry log10(dt/yr), log10(dt), retry_factor     1  2173       -7.699879       -0.200767        0.500000
       retry log10(dt/yr), log10(dt), retry_factor     2  2173       -8.000909       -0.501797        0.500000
       retry log10(dt/yr), log10(dt), retry_factor     1  2179       -7.398849        0.100263        0.500000
       retry log10(dt/yr), log10(dt), retry_factor     1  2180       -7.699879       -0.200767        0.500000
       retry log10(dt/yr), log10(dt), retry_factor     2  2180       -8.000909       -0.501797        0.500000
 have reached retry limit so now backup
       retry log10(dt/yr), log10(dt), retry_factor     1  2189       -7.491149        0.007962        0.500000
       retry log10(dt/yr), log10(dt), retry_factor     2  2189       -7.792179       -0.293068        0.500000
       retry log10(dt/yr), log10(dt), retry_factor     1  2234       -5.247694        2.251417        0.500000
       retry log10(dt/yr), log10(dt), retry_factor     2  2234       -5.548724        1.950387        0.500000
 have reached retry limit so now backup
       retry log10(dt/yr), log10(dt), retry_factor     1  2239       -5.398618        2.100494        0.500000
       retry log10(dt/yr), log10(dt), retry_factor     1  2240       -5.699648        1.799464        0.500000
       retry log10(dt/yr), log10(dt), retry_factor     1  2241       -6.000678        1.498434        0.500000
       retry log10(dt/yr), log10(dt), retry_factor     1  2244       -6.301708        1.197404        0.500000
       retry log10(dt/yr), log10(dt), retry_factor     1  2252       -5.562662        1.936449        0.500000
       retry log10(dt/yr), log10(dt), retry_factor     2  2252       -5.863692        1.635419        0.500000
 have reached retry limit so now backup
       retry log10(dt/yr), log10(dt), retry_factor     1  2258       -5.500772        1.998340        0.500000
hydro_newton_step failed to accept
       retry log10(dt/yr), log10(dt), retry_factor     1  2259       -5.898712        1.600400        0.500000
       retry log10(dt/yr), log10(dt), retry_factor     1  2265       -5.314514        2.184598        0.500000
       retry log10(dt/yr), log10(dt), retry_factor     1  2267       -5.615544        1.883568        0.500000
       retry log10(dt/yr), log10(dt), retry_factor     1  2268       -6.013484        1.485628        0.500000
       retry log10(dt/yr), log10(dt), retry_factor     1  2274       -5.726330        1.772782        0.500000
hydro_newton_step failed to accept
       retry log10(dt/yr), log10(dt), retry_factor     1  2278       -5.823240        1.675872        0.500000
hydro_newton_step failed to accept
       retry log10(dt/yr), log10(dt), retry_factor     1  2279       -6.017260        1.481851        0.500000
       retry log10(dt/yr), log10(dt), retry_factor     1  2281       -5.861466        1.637646        0.500000
       retry log10(dt/yr), log10(dt), retry_factor     1  2282       -6.162496        1.336616        0.500000
       retry log10(dt/yr), log10(dt), retry_factor     1  2284       -6.544636        0.954476        0.500000
       retry log10(dt/yr), log10(dt), retry_factor     2  2284       -6.845666        0.653446        0.500000
 have reached retry limit so now backup
       retry log10(dt/yr), log10(dt), retry_factor     1  2290       -6.674466        0.824646        0.500000
       retry log10(dt/yr), log10(dt), retry_factor     2  2290       -6.975496        0.523616        0.500000
       retry log10(dt/yr), log10(dt), retry_factor     1  2294       -6.975496        0.523616        0.500000
hydro_newton_step failed to accept
       retry log10(dt/yr), log10(dt), retry_factor     1  2295       -7.276526        0.222586        0.500000
       retry log10(dt/yr), log10(dt), retry_factor     1  2298       -7.276526        0.222586        0.500000
       retry log10(dt/yr), log10(dt), retry_factor     2  2298       -7.577556       -0.078444        0.500000
       retry log10(dt/yr), log10(dt), retry_factor     1  2300       -7.878586       -0.379474        0.500000
       retry log10(dt/yr), log10(dt), retry_factor     1  2302       -8.179616       -0.680504        0.500000
       retry log10(dt/yr), log10(dt), retry_factor     1  2308       -8.632749       -1.133638        0.500000
       retry log10(dt/yr), log10(dt), retry_factor     1  2358       -8.452847       -0.953736        0.500000
       retry log10(dt/yr), log10(dt), retry_factor     1  2392       -7.708177       -0.209066        0.500000
slurmstepd: error: *** JOB 8213886 ON dcc-liulab-01 CANCELLED AT 2021-04-22T17:26:23 ***
