the mesa run folder is /work/al363/runs/low_overhead/runs_x100_1_2

starting from 0
DATE: 2021-04-12
TIME: 21:49:52
                                         version_number       10108
 read /hpc/group/physics/al363/low_overhead/sens/base/inlist_base
 read inlist_cluster
load saved model /hpc/group/physics/al363/sens/base/ns_relax.mod

 change to /hpc/group/physics/al363/sens/base/rp_305.net
             set special rate factor for r_cd97_ng_cd98          75    1.0000000000000000D+02
             set special rate factor for r_cd98_gn_cd97          76    1.0000000000000000D+02
             set special rate factor for r_cd97_ng_cd98          75    1.0000000000000000D+02
             set special rate factor for r_cd98_gn_cd97          76    1.0000000000000000D+02
 number of species         305
 read /hpc/group/physics/al363/low_overhead/sens/base/history_custom_low_overhead
 read /hpc/group/physics/al363/low_overhead/sens/base/profile_custom_low_overhead
 net name /hpc/group/physics/al363/sens/base/rp_305.net
 v_flag T
                                           xmstar/mstar    4.5461189430843640D-12
                                             xmstar (g)    1.2660395722219186D+22
                                           M_center (g)    2.7848799999878681D+33
                                            xmstar/Msun    6.3645665203193175D-12
                                          M_center/Msun    1.3999999999939012D+00
                                          R_center (cm)    1.1200000000000000D+06
                                          R_center/Rsun    1.6092416448748527D-05
                                           core density    4.7322078204273819D+14
                                          L_center/Lsun    4.1647144567650578D+00
 kappa_file_prefix gs98
 kappa_lowT_prefix lowT_fa05_gs98

   eos_file_prefix mesa
                                        OMP_NUM_THREADS           8


__________________________________________________________________________________________________________________________________________________

       step    lg_Tcntr    Teff       lg_LH     lg_Lnuc     Mass       H_rich     H_cntr     N_cntr     Y_surf     X_avg     eta_cntr  zones retry
   lg_dt_yr    lg_Dcntr    lg_R       lg_L3a    lg_Lneu     lg_Mdot    He_core    He_cntr    O_cntr     Z_surf     Y_avg     gam_cntr  iters bckup
     age_yr    lg_Pcntr    lg_L       lg_LZ     lg_Psurf    lg_Dsurf   C_core     C_cntr     Ne_cntr    Si_cntr    Z_avg     v_div_cs     dt_limit
__________________________________________________________________________________________________________________________________________________

         12   8.207068  1.596E+06   0.422373   0.422680   1.400000   1.400000   0.000000   0.000000   0.275200   0.032716  18.782540    782      0
  -5.834864   6.544453  -4.792968 -17.300136  -0.755568  -8.522879   0.000000   0.000000   0.000000   0.020000   0.012436 128.974929      6      0
 9.8181E-06  23.077272   0.179446  -2.727454  12.804639  -1.522785   0.000000   0.000000   0.000000   0.000687  9.548E-01 -0.112E-12      lgT_cntr

save LOGS/profile3.data for model 12
       retry log10(dt/yr), log10(dt), retry_factor     1    34       -5.396345        2.102767        0.500000
       retry log10(dt/yr), log10(dt), retry_factor     1    38       -5.396345        2.102767        0.500000
       retry log10(dt/yr), log10(dt), retry_factor     1    42       -5.396345        2.102767        0.500000
       retry log10(dt/yr), log10(dt), retry_factor     1    46       -5.396345        2.102767        0.500000
       retry log10(dt/yr), log10(dt), retry_factor     1    51       -5.095315        2.403797        0.500000
       retry log10(dt/yr), log10(dt), retry_factor     1    52       -5.095315        2.403797        0.500000
       retry log10(dt/yr), log10(dt), retry_factor     1    53       -5.095315        2.403797        0.500000
       retry log10(dt/yr), log10(dt), retry_factor     1    54       -5.095315        2.403797        0.500000
       retry log10(dt/yr), log10(dt), retry_factor     1    55       -5.095315        2.403797        0.500000
       retry log10(dt/yr), log10(dt), retry_factor     1    56       -5.095315        2.403797        0.500000
       retry log10(dt/yr), log10(dt), retry_factor     2    56       -5.396345        2.102767        0.500000
       retry log10(dt/yr), log10(dt), retry_factor     1    60       -5.396345        2.102767        0.500000
       retry log10(dt/yr), log10(dt), retry_factor     1    61       -5.697375        1.801737        0.500000
       retry log10(dt/yr), log10(dt), retry_factor     1    62       -5.998405        1.500707        0.500000
       retry log10(dt/yr), log10(dt), retry_factor     1    64       -6.299435        1.199677        0.500000
hydro_newton_step failed to accept
       retry log10(dt/yr), log10(dt), retry_factor     1    65       -6.600465        0.898647        0.500000
       retry log10(dt/yr), log10(dt), retry_factor     1    67       -6.901495        0.597617        0.500000
       retry log10(dt/yr), log10(dt), retry_factor     1    69       -7.202525        0.296587        0.500000
       retry log10(dt/yr), log10(dt), retry_factor     1    70       -7.503555       -0.004443        0.500000
       retry log10(dt/yr), log10(dt), retry_factor     1    72       -7.804585       -0.305473        0.500000
       retry log10(dt/yr), log10(dt), retry_factor     1    74       -8.105615       -0.606503        0.500000
       retry log10(dt/yr), log10(dt), retry_factor     1    75       -8.439704       -0.940592        0.500000
       retry log10(dt/yr), log10(dt), retry_factor     1   142       -8.644644       -1.145533        0.500000
       retry log10(dt/yr), log10(dt), retry_factor     1   143       -9.042584       -1.543473        0.500000
       retry log10(dt/yr), log10(dt), retry_factor     1   152       -9.051209       -1.552097        0.500000
       retry log10(dt/yr), log10(dt), retry_factor     1   159       -8.805779       -1.306668        0.500000
       retry log10(dt/yr), log10(dt), retry_factor     1   171       -8.819959       -1.320847        0.500000
       retry log10(dt/yr), log10(dt), retry_factor     1   187       -7.427163        0.071948        0.500000
       retry log10(dt/yr), log10(dt), retry_factor     1   193       -7.772711       -0.273599        0.500000
       retry log10(dt/yr), log10(dt), retry_factor     2   193       -8.073741       -0.574629        0.500000
 have reached retry limit so now backup
hydro_newton_step failed to accept
       retry log10(dt/yr), log10(dt), retry_factor     1   196       -8.494371       -0.995260        0.500000
hydro_newton_step failed to accept
       retry log10(dt/yr), log10(dt), retry_factor     1   197       -8.494371       -0.995260        0.500000
       retry log10(dt/yr), log10(dt), retry_factor     1   199       -8.193341       -0.694230        0.500000
hydro_newton_step failed to accept
       retry log10(dt/yr), log10(dt), retry_factor     2   199       -8.494371       -0.995260        0.500000
       retry log10(dt/yr), log10(dt), retry_factor     1   209       -7.717506       -0.218395        0.500000
       retry log10(dt/yr), log10(dt), retry_factor     1   224       -8.076988       -0.577877        0.500000
hydro_newton_step failed to accept
       retry log10(dt/yr), log10(dt), retry_factor     1   234       -7.642694       -0.143582        0.500000
       retry log10(dt/yr), log10(dt), retry_factor     1   237       -7.588153       -0.089041        0.500000
       retry log10(dt/yr), log10(dt), retry_factor     2   237       -7.889183       -0.390071        0.500000
 have reached retry limit so now backup
       retry log10(dt/yr), log10(dt), retry_factor     1   242       -7.588153       -0.089041        0.500000
       retry log10(dt/yr), log10(dt), retry_factor     2   242       -7.889183       -0.390071        0.500000
       retry log10(dt/yr), log10(dt), retry_factor     1   248       -7.699639       -0.200528        0.500000
       retry log10(dt/yr), log10(dt), retry_factor     2   248       -8.000669       -0.501558        0.500000
hydro_newton_step failed to accept
       retry log10(dt/yr), log10(dt), retry_factor     1   256       -7.543771       -0.044660        0.500000
       retry log10(dt/yr), log10(dt), retry_factor     2   256       -7.844801       -0.345690        0.500000
       retry log10(dt/yr), log10(dt), retry_factor     1   300       -5.638507        1.860605        0.500000
       retry log10(dt/yr), log10(dt), retry_factor     1   301       -5.939537        1.559575        0.500000
       retry log10(dt/yr), log10(dt), retry_factor     1   307       -5.520382        1.978730        0.500000
       retry log10(dt/yr), log10(dt), retry_factor     1   311       -5.573850        1.925262        0.500000
       retry log10(dt/yr), log10(dt), retry_factor     1   312       -5.971790        1.527322        0.500000
       retry log10(dt/yr), log10(dt), retry_factor     1   313       -6.272820        1.226292        0.500000
       retry log10(dt/yr), log10(dt), retry_factor     1   324       -5.432664        2.066448        0.500000
       retry log10(dt/yr), log10(dt), retry_factor     1   325       -5.830604        1.668508        0.500000
       retry log10(dt/yr), log10(dt), retry_factor     1   331       -5.448499        2.050612        0.500000
hydro_newton_step failed to accept
       retry log10(dt/yr), log10(dt), retry_factor     1   332       -5.846439        1.652672        0.500000
       retry log10(dt/yr), log10(dt), retry_factor     1   333       -6.244379        1.254732        0.500000
       retry log10(dt/yr), log10(dt), retry_factor     1   334       -6.545409        0.953702        0.500000
       retry log10(dt/yr), log10(dt), retry_factor     1   342       -5.650683        1.848429        0.500000
       retry log10(dt/yr), log10(dt), retry_factor     2   342       -5.951713        1.547399        0.500000
       retry log10(dt/yr), log10(dt), retry_factor     1   343       -6.297549        1.201562        0.500000
       retry log10(dt/yr), log10(dt), retry_factor     2   343       -6.598579        0.900533        0.500000
       retry log10(dt/yr), log10(dt), retry_factor     1   344       -6.899609        0.599503        0.500000
       retry log10(dt/yr), log10(dt), retry_factor     1   352       -5.840856        1.658255        0.500000
hydro_newton_step failed to accept
       retry log10(dt/yr), log10(dt), retry_factor     1   353       -6.238796        1.260315        0.500000
       retry log10(dt/yr), log10(dt), retry_factor     1   354       -6.636736        0.862375        0.500000
       retry log10(dt/yr), log10(dt), retry_factor     1   355       -6.937766        0.561345        0.500000
       retry log10(dt/yr), log10(dt), retry_factor     1   363       -5.910725        1.588386        0.500000
hydro_newton_step failed to accept
       retry log10(dt/yr), log10(dt), retry_factor     1   364       -6.308665        1.190446        0.500000
       retry log10(dt/yr), log10(dt), retry_factor     1   365       -6.706605        0.792506        0.500000
       retry log10(dt/yr), log10(dt), retry_factor     2   365       -7.007635        0.491476        0.500000
        371   8.440228  4.587E+06   1.969554   2.117347   1.400000   1.400000   0.000000   0.000000   0.275200   0.077802  11.796838    750     70
  -5.803515   6.606324  -4.792679   1.296464   1.203605  -8.522879   0.000000   0.000000   0.000000   0.020000   0.055784  79.062303      6      2
 5.8256E-04  23.180578   2.014372   1.255327  13.840484  -0.955604   0.000000   0.000000   0.000000   0.000687  8.664E-01 -0.570E-13  max increase

save LOGS/profile4.data for model 371
       retry log10(dt/yr), log10(dt), retry_factor     1   372       -6.278729        1.220383        0.500000
       retry log10(dt/yr), log10(dt), retry_factor     2   372       -6.579759        0.919353        0.500000
       retry log10(dt/yr), log10(dt), retry_factor     1   374       -6.880789        0.618323        0.500000
hydro_newton_step failed to accept
       retry log10(dt/yr), log10(dt), retry_factor     1   376       -7.181819        0.317293        0.500000
       retry log10(dt/yr), log10(dt), retry_factor     1   378       -7.181819        0.317293        0.500000
hydro_newton_step failed to accept
       retry log10(dt/yr), log10(dt), retry_factor     2   378       -7.482849        0.016263        0.500000
       retry log10(dt/yr), log10(dt), retry_factor     1   381       -7.783879       -0.284767        0.500000
       retry log10(dt/yr), log10(dt), retry_factor     1   382       -8.084909       -0.585797        0.500000
hydro_newton_step failed to accept
       retry log10(dt/yr), log10(dt), retry_factor     2   382       -8.385939       -0.886827        0.500000
       retry log10(dt/yr), log10(dt), retry_factor     1   389       -8.385273       -0.886161        0.500000
       retry log10(dt/yr), log10(dt), retry_factor     1   471       -7.475554        0.023558        0.500000
       retry log10(dt/yr), log10(dt), retry_factor     2   471       -7.776584       -0.277472        0.500000
 have reached retry limit so now backup
hydro_newton_step failed to accept
       retry log10(dt/yr), log10(dt), retry_factor     1   476       -8.414039       -0.914927        0.500000
hydro_newton_step failed to accept
       retry log10(dt/yr), log10(dt), retry_factor     1   479       -7.957001       -0.457889        0.500000
 bad other yaxis for History panels plot num_zones

 ERROR: failed to find log_Teff in history data

 grid1/grid1_000500.png/png
       retry log10(dt/yr), log10(dt), retry_factor     1   516       -7.540168       -0.041056        0.500000
       retry log10(dt/yr), log10(dt), retry_factor     2   516       -7.841198       -0.342086        0.500000
 have reached retry limit so now backup
hydro_newton_step failed to accept
       retry log10(dt/yr), log10(dt), retry_factor     1   522       -7.469031        0.030080        0.500000
       retry log10(dt/yr), log10(dt), retry_factor     2   522       -7.770061       -0.270950        0.500000
 have reached retry limit so now backup
hydro_newton_step failed to accept
       retry log10(dt/yr), log10(dt), retry_factor     1   567       -5.689072        1.810040        0.500000
       retry log10(dt/yr), log10(dt), retry_factor     2   567       -5.990102        1.509010        0.500000
 have reached retry limit so now backup
       retry log10(dt/yr), log10(dt), retry_factor     1   569       -6.291132        1.207980        0.500000
       retry log10(dt/yr), log10(dt), retry_factor     1   576       -5.556658        1.942453        0.500000
       retry log10(dt/yr), log10(dt), retry_factor     1   577       -5.954598        1.544513        0.500000
       retry log10(dt/yr), log10(dt), retry_factor     1   578       -6.255628        1.243483        0.500000
       retry log10(dt/yr), log10(dt), retry_factor     1   585       -5.572734        1.926378        0.500000
       retry log10(dt/yr), log10(dt), retry_factor     1   591       -5.404088        2.095023        0.500000
       retry log10(dt/yr), log10(dt), retry_factor     2   591       -5.705118        1.793993        0.500000
       retry log10(dt/yr), log10(dt), retry_factor     1   597       -5.507051        1.992060        0.500000
       retry log10(dt/yr), log10(dt), retry_factor     2   597       -5.808081        1.691030        0.500000
       retry log10(dt/yr), log10(dt), retry_factor     1   603       -5.506531        1.992580        0.500000
       retry log10(dt/yr), log10(dt), retry_factor     2   603       -5.807561        1.691550        0.500000
       retry log10(dt/yr), log10(dt), retry_factor     1   604       -6.108591        1.390520        0.500000
       retry log10(dt/yr), log10(dt), retry_factor     1   610       -5.621306        1.877806        0.500000
       retry log10(dt/yr), log10(dt), retry_factor     1   614       -5.663322        1.835790        0.500000
       retry log10(dt/yr), log10(dt), retry_factor     1   615       -5.964352        1.534760        0.500000
hydro_newton_step failed to accept
       retry log10(dt/yr), log10(dt), retry_factor     1   616       -6.362292        1.136820        0.500000
       retry log10(dt/yr), log10(dt), retry_factor     1   621       -5.760232        1.738879        0.500000
       retry log10(dt/yr), log10(dt), retry_factor     1   623       -6.158172        1.340939        0.500000
       retry log10(dt/yr), log10(dt), retry_factor     2   623       -6.459202        1.039909        0.500000
 have reached retry limit so now backup
hydro_newton_step failed to accept
       retry log10(dt/yr), log10(dt), retry_factor     1   627       -6.459202        1.039909        0.500000
       retry log10(dt/yr), log10(dt), retry_factor     2   627       -6.760232        0.738879        0.500000
       retry log10(dt/yr), log10(dt), retry_factor     1   634       -6.029903        1.469209        0.500000
       retry log10(dt/yr), log10(dt), retry_factor     1   635       -6.427843        1.071269        0.500000
hydro_newton_step failed to accept
       retry log10(dt/yr), log10(dt), retry_factor     1   636       -6.728873        0.770239        0.500000
       retry log10(dt/yr), log10(dt), retry_factor     2   636       -7.029903        0.469209        0.500000
 have reached retry limit so now backup
       retry log10(dt/yr), log10(dt), retry_factor     1   641       -6.829870        0.669242        0.500000
hydro_newton_step failed to accept
       retry log10(dt/yr), log10(dt), retry_factor     2   641       -7.130900        0.368212        0.500000
       retry log10(dt/yr), log10(dt), retry_factor     1   646       -6.829870        0.669242        0.500000
       retry log10(dt/yr), log10(dt), retry_factor     2   646       -7.130900        0.368212        0.500000
       retry log10(dt/yr), log10(dt), retry_factor     1   647       -7.431930        0.067182        0.500000
       retry log10(dt/yr), log10(dt), retry_factor     1   650       -7.732960       -0.233848        0.500000
       retry log10(dt/yr), log10(dt), retry_factor     1   653       -8.033990       -0.534878        0.500000
       retry log10(dt/yr), log10(dt), retry_factor     1   654       -8.366662       -0.867551        0.500000
       retry log10(dt/yr), log10(dt), retry_factor     2   654       -8.667692       -1.168581        0.500000
       retry log10(dt/yr), log10(dt), retry_factor     1   662       -8.659638       -1.160527        0.500000
       retry log10(dt/yr), log10(dt), retry_factor     1   741       -7.278296        0.220815        0.500000
       retry log10(dt/yr), log10(dt), retry_factor     2   741       -7.579326       -0.080215        0.500000
 have reached retry limit so now backup
       retry log10(dt/yr), log10(dt), retry_factor     1   744       -7.880356       -0.381245        0.500000
       retry log10(dt/yr), log10(dt), retry_factor     2   744       -8.181386       -0.682275        0.500000
 have reached retry limit so now backup
       retry log10(dt/yr), log10(dt), retry_factor     1   745       -8.482416       -0.983305        0.500000
       retry log10(dt/yr), log10(dt), retry_factor     2   745       -8.783446       -1.284335        0.500000
 have reached retry limit so now backup
       retry log10(dt/yr), log10(dt), retry_factor     1   747       -9.084476       -1.585365        0.500000
       retry log10(dt/yr), log10(dt), retry_factor     2   747       -9.385506       -1.886395        0.500000
 have reached retry limit so now backup
       retry log10(dt/yr), log10(dt), retry_factor     1   747       -9.686536       -2.187425        0.500000
       retry log10(dt/yr), log10(dt), retry_factor     1   748       -9.987566       -2.488455        0.500000
       retry log10(dt/yr), log10(dt), retry_factor     1   762       -7.644763       -0.145651        0.500000
       retry log10(dt/yr), log10(dt), retry_factor     2   762       -7.945793       -0.446681        0.500000
 have reached retry limit so now backup
       retry log10(dt/yr), log10(dt), retry_factor     1   766       -8.181798       -0.682687        0.500000
hydro_newton_step failed to accept
       retry log10(dt/yr), log10(dt), retry_factor     2   766       -8.482828       -0.983717        0.500000
       retry log10(dt/yr), log10(dt), retry_factor     1   767       -8.783858       -1.284747        0.500000
       retry log10(dt/yr), log10(dt), retry_factor     1   807       -7.687063       -0.187951        0.500000
hydro_newton_step failed to accept
       retry log10(dt/yr), log10(dt), retry_factor     2   807       -7.988093       -0.488981        0.500000
       retry log10(dt/yr), log10(dt), retry_factor     1   812       -7.687063       -0.187951        0.500000
       retry log10(dt/yr), log10(dt), retry_factor     2   812       -7.988093       -0.488981        0.500000
       retry log10(dt/yr), log10(dt), retry_factor     1   818       -7.392119        0.106992        0.500000
       retry log10(dt/yr), log10(dt), retry_factor     1   819       -7.693149       -0.194038        0.500000
       retry log10(dt/yr), log10(dt), retry_factor     2   819       -7.994179       -0.495068        0.500000
hydro_newton_step failed to accept
       retry log10(dt/yr), log10(dt), retry_factor     1   867       -5.710499        1.788612        0.500000
       retry log10(dt/yr), log10(dt), retry_factor     2   867       -6.011529        1.487582        0.500000
       retry log10(dt/yr), log10(dt), retry_factor     1   868       -6.312559        1.186552        0.500000
       retry log10(dt/yr), log10(dt), retry_factor     1   875       -5.409469        2.089642        0.500000
       retry log10(dt/yr), log10(dt), retry_factor     1   880       -5.315577        2.183535        0.500000
hydro_newton_step failed to accept
       retry log10(dt/yr), log10(dt), retry_factor     2   880       -5.616607        1.882505        0.500000
 have reached retry limit so now backup
       retry log10(dt/yr), log10(dt), retry_factor     1   885       -5.495882        2.003229        0.500000
       retry log10(dt/yr), log10(dt), retry_factor     1   886       -5.893822        1.605289        0.500000

stop because model_number >= max_model_number
      888      888

        888   8.353785  3.598E+06   1.487400   1.514467   1.400000   1.400000   0.000000   0.000000   0.275200   0.047438  15.296192    954    155
  -5.689702   6.651251  -4.792753  -1.249532   0.669133  -8.522879   0.000000   0.000000   0.000000   0.020000   0.036695  99.859048      6     14
 1.0028E-03  23.243313   1.592352   0.283100  13.564977  -1.123025   0.000000   0.000000   0.000000   0.000687  9.159E-01 -0.625E-15          hold

save LOGS/profile5.data for model 888
save photos/x888 for model 888
save abund_profile_r_cd97_ng_cd98_100.data for model 888
 saved to final.mod
termination code: max_model_number
        888   8.353785  3.598E+06   1.487400   1.514467   1.400000   1.400000   0.000000   0.000000   0.275200   0.047438  15.296192    954    155
  -5.689702   6.651251  -4.792753  -1.249532   0.669133  -8.522879   0.000000   0.000000   0.000000   0.020000   0.036695  99.859048      6     14
 1.0028E-03  23.243313   1.592352   0.283100  13.564977  -1.123025   0.000000   0.000000   0.000000   0.000687  9.159E-01 -0.625E-15          hold

DATE: 2021-04-13
TIME: 07:43:24
