the mesa run folder is /work/al363/runs/low_overhead/runs_x100_7

ls: cannot access './1393/photos': No such file or directory
starting from scratch 
mkdir: cannot create directory ‘/work/al363/runs/low_overhead/runs_x100_7/1393’: File exists
                                         version_number       10108
 read /hpc/group/physics/al363/low_overhead/sens/base/inlist_base
 read inlist_cluster
load saved model /hpc/group/physics/al363/sens/base/ns_relax.mod

 change to /hpc/group/physics/al363/sens/base/rp_305.net
             set special rate factor for r_cr50_ap_mn53        1393    1.0000000000000000D+02
             set special rate factor for r_mn53_pa_cr50        1394    1.0000000000000000D+02
             set special rate factor for r_cr50_ap_mn53        1393    1.0000000000000000D+02
             set special rate factor for r_mn53_pa_cr50        1394    1.0000000000000000D+02
 number of species         305
 read /hpc/group/physics/al363/low_overhead/sens/base/history_custom_low_overhead
 read /hpc/group/physics/al363/low_overhead/sens/base/profile_custom_low_overhead
 net name /hpc/group/physics/al363/sens/base/rp_305.net
 v_flag T
                                           xmstar/mstar    4.5461189430843640D-12
                                             xmstar (g)    1.2660395722219186D+22
                                           M_center (g)    2.7848799999878681D+33
                                            xmstar/Msun    6.3645665203193175D-12
                                          M_center/Msun    1.3999999999939012D+00
                                          R_center (cm)    1.1200000000000000D+06
                                          R_center/Rsun    1.6092416448748527D-05
                                           core density    4.7322078204273819D+14
                                          L_center/Lsun    4.1647144567650578D+00
 kappa_file_prefix gs98
 kappa_lowT_prefix lowT_fa05_gs98

   eos_file_prefix mesa
                                        OMP_NUM_THREADS           8


__________________________________________________________________________________________________________________________________________________

       step    lg_Tcntr    Teff       lg_LH     lg_Lnuc     Mass       H_rich     H_cntr     N_cntr     Y_surf     X_avg     eta_cntr  zones retry
   lg_dt_yr    lg_Dcntr    lg_R       lg_L3a    lg_Lneu     lg_Mdot    He_core    He_cntr    O_cntr     Z_surf     Y_avg     gam_cntr  iters bckup
     age_yr    lg_Pcntr    lg_L       lg_LZ     lg_Psurf    lg_Dsurf   C_core     C_cntr     Ne_cntr    Si_cntr    Z_avg     v_div_cs     dt_limit
__________________________________________________________________________________________________________________________________________________

save LOGS/profile1.data for model 2
         12   8.207068  1.596E+06   0.422373   0.422680   1.400000   1.400000   0.000000   0.000000   0.275200   0.032716  18.782540    782      0
  -5.834864   6.544453  -4.792968 -17.300136  -0.755568  -8.522879   0.000000   0.000000   0.000000   0.020000   0.012436 128.974929      6      0
 9.8181E-06  23.077272   0.179446  -2.727454  12.804639  -1.522785   0.000000   0.000000   0.000000   0.000687  9.548E-01 -0.112E-12      lgT_cntr

save LOGS/profile2.data for model 12
       retry log10(dt/yr), log10(dt), retry_factor     1    34       -5.396345        2.102767        0.500000
       retry log10(dt/yr), log10(dt), retry_factor     1    38       -5.396345        2.102767        0.500000
       retry log10(dt/yr), log10(dt), retry_factor     1    42       -5.396345        2.102767        0.500000
       retry log10(dt/yr), log10(dt), retry_factor     1    46       -5.396345        2.102767        0.500000
       retry log10(dt/yr), log10(dt), retry_factor     1    51       -5.095315        2.403797        0.500000
       retry log10(dt/yr), log10(dt), retry_factor     1    52       -5.095315        2.403797        0.500000
       retry log10(dt/yr), log10(dt), retry_factor     1    53       -5.095315        2.403797        0.500000
       retry log10(dt/yr), log10(dt), retry_factor     1    54       -5.095315        2.403797        0.500000
       retry log10(dt/yr), log10(dt), retry_factor     1    55       -5.095315        2.403797        0.500000
       retry log10(dt/yr), log10(dt), retry_factor     1    56       -5.095315        2.403797        0.500000
       retry log10(dt/yr), log10(dt), retry_factor     2    56       -5.396345        2.102767        0.500000
       retry log10(dt/yr), log10(dt), retry_factor     1    60       -5.396345        2.102767        0.500000
       retry log10(dt/yr), log10(dt), retry_factor     1    61       -5.697375        1.801737        0.500000
       retry log10(dt/yr), log10(dt), retry_factor     1    62       -5.998405        1.500707        0.500000
       retry log10(dt/yr), log10(dt), retry_factor     1    64       -6.299435        1.199677        0.500000
hydro_newton_step failed to accept
       retry log10(dt/yr), log10(dt), retry_factor     1    65       -6.600465        0.898647        0.500000
       retry log10(dt/yr), log10(dt), retry_factor     1    67       -6.901495        0.597617        0.500000
       retry log10(dt/yr), log10(dt), retry_factor     1    69       -7.202525        0.296587        0.500000
       retry log10(dt/yr), log10(dt), retry_factor     1    70       -7.503555       -0.004443        0.500000
       retry log10(dt/yr), log10(dt), retry_factor     1    72       -7.804585       -0.305473        0.500000
       retry log10(dt/yr), log10(dt), retry_factor     1    74       -8.105615       -0.606503        0.500000
       retry log10(dt/yr), log10(dt), retry_factor     1    75       -8.439704       -0.940592        0.500000
       retry log10(dt/yr), log10(dt), retry_factor     1   142       -8.645188       -1.146077        0.500000
       retry log10(dt/yr), log10(dt), retry_factor     1   143       -9.043128       -1.544017        0.500000
       retry log10(dt/yr), log10(dt), retry_factor     1   152       -9.051944       -1.552833        0.500000
       retry log10(dt/yr), log10(dt), retry_factor     1   159       -8.806104       -1.306992        0.500000
       retry log10(dt/yr), log10(dt), retry_factor     1   171       -8.792927       -1.293816        0.500000
       retry log10(dt/yr), log10(dt), retry_factor     2   171       -9.093957       -1.594846        0.500000
       retry log10(dt/yr), log10(dt), retry_factor     1   187       -7.402894        0.096217        0.500000
       retry log10(dt/yr), log10(dt), retry_factor     1   193       -7.543090       -0.043978        0.500000
       retry log10(dt/yr), log10(dt), retry_factor     2   193       -7.844120       -0.345008        0.500000
 have reached retry limit so now backup
hydro_newton_step failed to accept
       retry log10(dt/yr), log10(dt), retry_factor     1   197       -8.104638       -0.605526        0.500000
hydro_newton_step failed to accept
       retry log10(dt/yr), log10(dt), retry_factor     2   197       -8.405668       -0.906556        0.500000
       retry log10(dt/yr), log10(dt), retry_factor     1   206       -7.996953       -0.497842        0.500000
hydro_newton_step failed to accept
       retry log10(dt/yr), log10(dt), retry_factor     2   206       -8.297983       -0.798872        0.500000
       retry log10(dt/yr), log10(dt), retry_factor     1   232       -7.601301       -0.102190        0.500000
       retry log10(dt/yr), log10(dt), retry_factor     2   232       -7.902331       -0.403220        0.500000
 have reached retry limit so now backup
       retry log10(dt/yr), log10(dt), retry_factor     1   238       -7.704006       -0.204894        0.500000
       retry log10(dt/yr), log10(dt), retry_factor     2   238       -8.005036       -0.505924        0.500000
hydro_newton_step failed to accept
       retry log10(dt/yr), log10(dt), retry_factor     1   246       -7.545349       -0.046238        0.500000
       retry log10(dt/yr), log10(dt), retry_factor     2   246       -7.846379       -0.347268        0.500000
       retry log10(dt/yr), log10(dt), retry_factor     1   283       -6.338169        1.160942        0.500000
       retry log10(dt/yr), log10(dt), retry_factor     1   294       -5.372361        2.126750        0.500000
       retry log10(dt/yr), log10(dt), retry_factor     1   298       -5.525645        1.973467        0.500000
       retry log10(dt/yr), log10(dt), retry_factor     1   299       -5.923585        1.575527        0.500000
       retry log10(dt/yr), log10(dt), retry_factor     1   300       -6.224615        1.274497        0.500000
       retry log10(dt/yr), log10(dt), retry_factor     1   307       -5.543394        1.955718        0.500000
       retry log10(dt/yr), log10(dt), retry_factor     2   307       -5.844424        1.654688        0.500000
 have reached retry limit so now backup
       retry log10(dt/yr), log10(dt), retry_factor     1   313       -5.488131        2.010981        0.500000
       retry log10(dt/yr), log10(dt), retry_factor     2   313       -5.789161        1.709951        0.500000
       retry log10(dt/yr), log10(dt), retry_factor     1   314       -6.090191        1.408921        0.500000
       retry log10(dt/yr), log10(dt), retry_factor     1   321       -5.353308        2.145804        0.500000
       retry log10(dt/yr), log10(dt), retry_factor     1   322       -5.751248        1.747864        0.500000
       retry log10(dt/yr), log10(dt), retry_factor     1   323       -6.149188        1.349924        0.500000
       retry log10(dt/yr), log10(dt), retry_factor     1   330       -5.430788        2.068324        0.500000
hydro_newton_step failed to accept
       retry log10(dt/yr), log10(dt), retry_factor     1   331       -5.828728        1.670384        0.500000
       retry log10(dt/yr), log10(dt), retry_factor     1   335       -5.527698        1.971413        0.500000
       retry log10(dt/yr), log10(dt), retry_factor     1   336       -5.828728        1.670384        0.500000
hydro_newton_step failed to accept
       retry log10(dt/yr), log10(dt), retry_factor     1   337       -6.226668        1.272443        0.500000
       retry log10(dt/yr), log10(dt), retry_factor     2   337       -6.527698        0.971413        0.500000
       retry log10(dt/yr), log10(dt), retry_factor     1   338       -6.828728        0.670384        0.500000
       retry log10(dt/yr), log10(dt), retry_factor     1   339       -7.129758        0.369354        0.500000
       retry log10(dt/yr), log10(dt), retry_factor     1   348       -5.962626        1.536485        0.500000
hydro_newton_step failed to accept
       retry log10(dt/yr), log10(dt), retry_factor     2   348       -6.263656        1.235455        0.500000
       retry log10(dt/yr), log10(dt), retry_factor     1   349       -6.564686        0.934425        0.500000
       retry log10(dt/yr), log10(dt), retry_factor     2   349       -6.865716        0.633395        0.500000
       retry log10(dt/yr), log10(dt), retry_factor     1   350       -7.166746        0.332365        0.500000
       retry log10(dt/yr), log10(dt), retry_factor     1   357       -6.263656        1.235455        0.500000
        357   8.431437  4.465E+06   1.922245   2.028996   1.400000   1.400000   0.000000   0.000000   0.275200   0.077592  12.046020    759     68
  -5.962626   6.606499  -4.792689   1.123499   1.116226  -8.522879   0.000000   0.000000   0.000000   0.020000   0.055809  80.689655      6      3
 5.8068E-04  23.180279   1.967404   1.000339  13.810219  -0.973820   0.000000   0.000000   0.000000   0.000687  8.666E-01  0.870E-14         retry

save LOGS/profile3.data for model 357
       retry log10(dt/yr), log10(dt), retry_factor     1   360       -6.661596        0.837515        0.500000
hydro_newton_step failed to accept
       retry log10(dt/yr), log10(dt), retry_factor     2   360       -6.962626        0.536485        0.500000
 have reached retry limit so now backup
hydro_newton_step failed to accept
       retry log10(dt/yr), log10(dt), retry_factor     1   364       -7.081300        0.417811        0.500000
       retry log10(dt/yr), log10(dt), retry_factor     1   366       -6.865245        0.633866        0.500000
       retry log10(dt/yr), log10(dt), retry_factor     1   368       -7.166275        0.332836        0.500000
       retry log10(dt/yr), log10(dt), retry_factor     1   371       -7.467305        0.031806        0.500000
       retry log10(dt/yr), log10(dt), retry_factor     1   372       -7.768335       -0.269224        0.500000
       retry log10(dt/yr), log10(dt), retry_factor     1   377       -8.488845       -0.989734        0.500000
       retry log10(dt/yr), log10(dt), retry_factor     1   407       -9.296942       -1.797830        0.500000
       retry log10(dt/yr), log10(dt), retry_factor     1   458       -7.327765        0.171347        0.500000
       retry log10(dt/yr), log10(dt), retry_factor     2   458       -7.628794       -0.129683        0.500000
 have reached retry limit so now backup
       retry log10(dt/yr), log10(dt), retry_factor     1   461       -7.929824       -0.430713        0.500000
       retry log10(dt/yr), log10(dt), retry_factor     2   461       -8.230854       -0.731743        0.500000
 have reached retry limit so now backup
       retry log10(dt/yr), log10(dt), retry_factor     1   464       -8.531884       -1.032773        0.500000
       retry log10(dt/yr), log10(dt), retry_factor     2   464       -8.832914       -1.333803        0.500000
 have reached retry limit so now backup
       retry log10(dt/yr), log10(dt), retry_factor     1   474       -7.363969        0.135143        0.500000
hydro_newton_step failed to accept
       retry log10(dt/yr), log10(dt), retry_factor     2   474       -7.664999       -0.165887        0.500000
       retry log10(dt/yr), log10(dt), retry_factor     1   481       -7.906500       -0.407389        0.500000
       retry log10(dt/yr), log10(dt), retry_factor     2   481       -8.207530       -0.708419        0.500000
 have reached retry limit so now backup
hydro_newton_step failed to accept
       retry log10(dt/yr), log10(dt), retry_factor     1   488       -7.966386       -0.467275        0.500000
       retry log10(dt/yr), log10(dt), retry_factor     2   488       -8.267416       -0.768305        0.500000
 have reached retry limit so now backup
 bad other yaxis for History panels plot num_zones

 ERROR: failed to find log_Teff in history data

 grid1/grid1_000500.png/png
hydro_newton_step failed to accept
       retry log10(dt/yr), log10(dt), retry_factor     1   512       -7.876873       -0.377761        0.500000
       retry log10(dt/yr), log10(dt), retry_factor     2   512       -8.177903       -0.678791        0.500000
 have reached retry limit so now backup
       retry log10(dt/yr), log10(dt), retry_factor     1   519       -7.747545       -0.248434        0.500000
hydro_newton_step failed to accept
       retry log10(dt/yr), log10(dt), retry_factor     2   519       -8.048575       -0.549464        0.500000
       retry log10(dt/yr), log10(dt), retry_factor     1   526       -7.646337       -0.147225        0.500000
       retry log10(dt/yr), log10(dt), retry_factor     2   526       -7.947367       -0.448255        0.500000
 have reached retry limit so now backup
       retry log10(dt/yr), log10(dt), retry_factor     1   533       -7.730758       -0.231646        0.500000
       retry log10(dt/yr), log10(dt), retry_factor     2   533       -8.031788       -0.532676        0.500000
       retry log10(dt/yr), log10(dt), retry_factor     1   539       -7.429728        0.069384        0.500000
       retry log10(dt/yr), log10(dt), retry_factor     2   539       -7.730758       -0.231646        0.500000
       retry log10(dt/yr), log10(dt), retry_factor     1   584       -5.629018        1.870094        0.500000
       retry log10(dt/yr), log10(dt), retry_factor     1   586       -5.930048        1.569064        0.500000
       retry log10(dt/yr), log10(dt), retry_factor     2   586       -6.231078        1.268034        0.500000
       retry log10(dt/yr), log10(dt), retry_factor     1   597       -5.326870        2.172242        0.500000
       retry log10(dt/yr), log10(dt), retry_factor     1   598       -5.724810        1.774302        0.500000
       retry log10(dt/yr), log10(dt), retry_factor     1   599       -6.025840        1.473272        0.500000
       retry log10(dt/yr), log10(dt), retry_factor     2   599       -6.326870        1.172242        0.500000
       retry log10(dt/yr), log10(dt), retry_factor     1   607       -5.281169        2.217942        0.500000
       retry log10(dt/yr), log10(dt), retry_factor     2   607       -5.582199        1.916912        0.500000
 have reached retry limit so now backup
       retry log10(dt/yr), log10(dt), retry_factor     1   612       -5.281169        2.217942        0.500000
hydro_newton_step failed to accept
       retry log10(dt/yr), log10(dt), retry_factor     2   612       -5.582199        1.916912        0.500000
 have reached retry limit so now backup
       retry log10(dt/yr), log10(dt), retry_factor     1   617       -5.526563        1.972548        0.500000
       retry log10(dt/yr), log10(dt), retry_factor     1   618       -5.923096        1.576015        0.500000
       retry log10(dt/yr), log10(dt), retry_factor     1   619       -6.290348        1.208763        0.500000
       retry log10(dt/yr), log10(dt), retry_factor     1   620       -6.591378        0.907733        0.500000
       retry log10(dt/yr), log10(dt), retry_factor     1   628       -5.574690        1.924422        0.500000
hydro_newton_step failed to accept
       retry log10(dt/yr), log10(dt), retry_factor     1   629       -5.972630        1.526482        0.500000
hydro_newton_step failed to accept
       retry log10(dt/yr), log10(dt), retry_factor     2   629       -6.273660        1.225452        0.500000
       retry log10(dt/yr), log10(dt), retry_factor     1   630       -6.574690        0.924422        0.500000
       retry log10(dt/yr), log10(dt), retry_factor     1   631       -6.875720        0.623392        0.500000
       retry log10(dt/yr), log10(dt), retry_factor     1   639       -5.845751        1.653361        0.500000
hydro_newton_step failed to accept
       retry log10(dt/yr), log10(dt), retry_factor     1   640       -6.243691        1.255421        0.500000
       retry log10(dt/yr), log10(dt), retry_factor     1   644       -5.942661        1.556451        0.500000
       retry log10(dt/yr), log10(dt), retry_factor     1   645       -6.243691        1.255421        0.500000
       retry log10(dt/yr), log10(dt), retry_factor     1   649       -6.284031        1.215080        0.500000
       retry log10(dt/yr), log10(dt), retry_factor     1   651       -6.585061        0.914050        0.500000
       retry log10(dt/yr), log10(dt), retry_factor     2   651       -6.886091        0.613020        0.500000
       retry log10(dt/yr), log10(dt), retry_factor     1   654       -7.187121        0.311990        0.500000
       retry log10(dt/yr), log10(dt), retry_factor     2   654       -7.488151        0.010960        0.500000
 have reached retry limit so now backup
       retry log10(dt/yr), log10(dt), retry_factor     1   659       -7.187121        0.311990        0.500000
hydro_newton_step failed to accept
       retry log10(dt/yr), log10(dt), retry_factor     2   659       -7.488151        0.010960        0.500000
       retry log10(dt/yr), log10(dt), retry_factor     1   663       -7.488151        0.010960        0.500000
       retry log10(dt/yr), log10(dt), retry_factor     2   663       -7.789181       -0.290070        0.500000
       retry log10(dt/yr), log10(dt), retry_factor     1   664       -8.090211       -0.591100        0.500000
       retry log10(dt/yr), log10(dt), retry_factor     1   665       -8.412961       -0.913850        0.500000
       retry log10(dt/yr), log10(dt), retry_factor     1   700       -9.202189       -1.703077        0.500000
       retry log10(dt/yr), log10(dt), retry_factor     1   754       -7.617271       -0.118160        0.500000
       retry log10(dt/yr), log10(dt), retry_factor     1   755       -8.015211       -0.516100        0.500000
       retry log10(dt/yr), log10(dt), retry_factor     2   755       -8.316241       -0.817130        0.500000
 have reached retry limit so now backup
hydro_newton_step failed to accept
       retry log10(dt/yr), log10(dt), retry_factor     1   759       -8.332686       -0.833574        0.500000
       retry log10(dt/yr), log10(dt), retry_factor     2   759       -8.633716       -1.134604        0.500000
 have reached retry limit so now backup
       retry log10(dt/yr), log10(dt), retry_factor     1   767       -8.334376       -0.835264        0.500000
       retry log10(dt/yr), log10(dt), retry_factor     2   767       -8.635406       -1.136294        0.500000
       retry log10(dt/yr), log10(dt), retry_factor     1   776       -7.800316       -0.301204        0.500000
hydro_newton_step failed to accept
       retry log10(dt/yr), log10(dt), retry_factor     2   776       -8.101346       -0.602234        0.500000
 have reached retry limit so now backup
       retry log10(dt/yr), log10(dt), retry_factor     1   804       -7.635892       -0.136780        0.500000
       retry log10(dt/yr), log10(dt), retry_factor     2   804       -7.936922       -0.437810        0.500000
 have reached retry limit so now backup
       retry log10(dt/yr), log10(dt), retry_factor     1   810       -7.549340       -0.050228        0.500000
       retry log10(dt/yr), log10(dt), retry_factor     2   810       -7.850370       -0.351258        0.500000
 have reached retry limit so now backup
       retry log10(dt/yr), log10(dt), retry_factor     1   816       -7.461703        0.037408        0.500000
       retry log10(dt/yr), log10(dt), retry_factor     2   816       -7.762733       -0.263622        0.500000
 have reached retry limit so now backup
       retry log10(dt/yr), log10(dt), retry_factor     1   863       -5.711335        1.787777        0.500000
       retry log10(dt/yr), log10(dt), retry_factor     1   868       -5.620851        1.878261        0.500000
       retry log10(dt/yr), log10(dt), retry_factor     1   872       -5.670958        1.828154        0.500000
       retry log10(dt/yr), log10(dt), retry_factor     1   873       -6.068898        1.430214        0.500000
       retry log10(dt/yr), log10(dt), retry_factor     1   874       -6.369928        1.129184        0.500000
       retry log10(dt/yr), log10(dt), retry_factor     1   881       -5.466838        2.032274        0.500000
hydro_newton_step failed to accept
       retry log10(dt/yr), log10(dt), retry_factor     2   881       -5.767868        1.731244        0.500000
 have reached retry limit so now backup
       retry log10(dt/yr), log10(dt), retry_factor     1   887       -5.502881        1.996231        0.500000
       retry log10(dt/yr), log10(dt), retry_factor     1   888       -5.900821        1.598291        0.500000
       retry log10(dt/yr), log10(dt), retry_factor     1   889       -6.201851        1.297261        0.500000
       retry log10(dt/yr), log10(dt), retry_factor     1   896       -5.441855        2.057256        0.500000
       retry log10(dt/yr), log10(dt), retry_factor     1   901       -5.366993        2.132119        0.500000
       retry log10(dt/yr), log10(dt), retry_factor     2   901       -5.668023        1.831089        0.500000
 have reached retry limit so now backup
       retry log10(dt/yr), log10(dt), retry_factor     1   905       -5.709552        1.789559        0.500000
       retry log10(dt/yr), log10(dt), retry_factor     1   910       -5.738818        1.760294        0.500000
hydro_newton_step failed to accept
       retry log10(dt/yr), log10(dt), retry_factor     2   910       -6.039848        1.459264        0.500000
       retry log10(dt/yr), log10(dt), retry_factor     1   911       -6.437788        1.061324        0.500000
       retry log10(dt/yr), log10(dt), retry_factor     1   912       -6.738818        0.760294        0.500000
       retry log10(dt/yr), log10(dt), retry_factor     1   920       -5.764584        1.734528        0.500000
       retry log10(dt/yr), log10(dt), retry_factor     1   924       -5.995244        1.503868        0.500000
hydro_newton_step failed to accept
       retry log10(dt/yr), log10(dt), retry_factor     1   925       -6.393184        1.105928        0.500000
       retry log10(dt/yr), log10(dt), retry_factor     1   926       -6.694214        0.804898        0.500000
       retry log10(dt/yr), log10(dt), retry_factor     2   926       -6.995244        0.503868        0.500000
       retry log10(dt/yr), log10(dt), retry_factor     1   933       -6.092154        1.406958        0.500000
       retry log10(dt/yr), log10(dt), retry_factor     2   933       -6.393184        1.105928        0.500000
       retry log10(dt/yr), log10(dt), retry_factor     1   935       -6.694214        0.804898        0.500000
hydro_newton_step failed to accept
       retry log10(dt/yr), log10(dt), retry_factor     1   936       -7.092154        0.406958        0.500000
       retry log10(dt/yr), log10(dt), retry_factor     1   939       -7.197148        0.301964        0.500000
       retry log10(dt/yr), log10(dt), retry_factor     1   944       -6.896118        0.602994        0.500000
       retry log10(dt/yr), log10(dt), retry_factor     2   944       -7.197148        0.301964        0.500000
       retry log10(dt/yr), log10(dt), retry_factor     1   945       -7.498178        0.000934        0.500000
       retry log10(dt/yr), log10(dt), retry_factor     1   948       -7.799208       -0.300096        0.500000
       retry log10(dt/yr), log10(dt), retry_factor     1   949       -8.100238       -0.601126        0.500000
       retry log10(dt/yr), log10(dt), retry_factor     2   949       -8.401268       -0.902156        0.500000
       retry log10(dt/yr), log10(dt), retry_factor     1   955       -8.667505       -1.168393        0.500000
       retry log10(dt/yr), log10(dt), retry_factor     1   960       -8.687660       -1.188549        0.500000
       1000   8.459772  1.656E+07   3.411803   6.585563   1.400000   1.400000   0.000000   0.000000   0.275200   0.059906  12.034893    960    186
  -8.109255   6.657907  -4.791394   3.062306   4.011941  -8.522879   0.000000   0.000000   0.000000   0.020000   0.041733  78.635633      7     22
 1.1152E-03  23.258543   4.246894   6.585141  14.678851  -0.888442   0.000000   0.000000   0.000000   0.000687  8.984E-01 -0.356E-10    varcontrol

save LOGS/profile4.data for model 1000
save photos/1000 for model 1000
 bad other yaxis for History panels plot num_zones

 ERROR: failed to find log_Teff in history data

 grid1/grid1_001000.png/png
       retry log10(dt/yr), log10(dt), retry_factor     1  1028       -8.684573       -1.185462        0.500000
hydro_newton_step failed to accept
       retry log10(dt/yr), log10(dt), retry_factor     1  1030       -9.082513       -1.583402        0.500000
       retry log10(dt/yr), log10(dt), retry_factor     1  1045       -7.296452        0.202660        0.500000
hydro_newton_step failed to accept
       retry log10(dt/yr), log10(dt), retry_factor     2  1045       -7.597482       -0.098370        0.500000
 have reached retry limit so now backup
       retry log10(dt/yr), log10(dt), retry_factor     1  1051       -7.884134       -0.385023        0.500000
       retry log10(dt/yr), log10(dt), retry_factor     2  1051       -8.185164       -0.686053        0.500000
 have reached retry limit so now backup
hydro_newton_step failed to accept
       retry log10(dt/yr), log10(dt), retry_factor     1  1054       -8.587216       -1.088105        0.500000
hydro_newton_step failed to accept
       retry log10(dt/yr), log10(dt), retry_factor     1  1061       -7.826324       -0.327213        0.500000
       retry log10(dt/yr), log10(dt), retry_factor     2  1061       -8.127354       -0.628243        0.500000
 have reached retry limit so now backup
hydro_newton_step failed to accept
       retry log10(dt/yr), log10(dt), retry_factor     1  1087       -7.780742       -0.281630        0.500000
hydro_newton_step failed to accept
       retry log10(dt/yr), log10(dt), retry_factor     2  1087       -8.081772       -0.582660        0.500000
       retry log10(dt/yr), log10(dt), retry_factor     1  1099       -7.510123       -0.011012        0.500000
       retry log10(dt/yr), log10(dt), retry_factor     2  1099       -7.811153       -0.312042        0.500000
 have reached retry limit so now backup
       retry log10(dt/yr), log10(dt), retry_factor     1  1106       -7.636058       -0.136947        0.500000
       retry log10(dt/yr), log10(dt), retry_factor     2  1106       -7.937088       -0.437977        0.500000
       retry log10(dt/yr), log10(dt), retry_factor     1  1153       -5.576817        1.922295        0.500000
       retry log10(dt/yr), log10(dt), retry_factor     1  1158       -5.372697        2.126415        0.500000
       retry log10(dt/yr), log10(dt), retry_factor     1  1163       -5.385267        2.113845        0.500000
       retry log10(dt/yr), log10(dt), retry_factor     1  1164       -5.686297        1.812815        0.500000
hydro_newton_step failed to accept
       retry log10(dt/yr), log10(dt), retry_factor     2  1164       -5.987327        1.511785        0.500000
 have reached retry limit so now backup
       retry log10(dt/yr), log10(dt), retry_factor     1  1167       -6.288357        1.210755        0.500000
       retry log10(dt/yr), log10(dt), retry_factor     1  1174       -5.541558        1.957553        0.500000
       retry log10(dt/yr), log10(dt), retry_factor     1  1175       -5.939498        1.559613        0.500000
       retry log10(dt/yr), log10(dt), retry_factor     1  1176       -6.240528        1.258583        0.500000
       retry log10(dt/yr), log10(dt), retry_factor     1  1177       -6.541558        0.957553        0.500000
       retry log10(dt/yr), log10(dt), retry_factor     1  1185       -5.579769        1.919342        0.500000
       retry log10(dt/yr), log10(dt), retry_factor     1  1189       -5.669822        1.829290        0.500000
hydro_newton_step failed to accept
       retry log10(dt/yr), log10(dt), retry_factor     1  1190       -6.067762        1.431350        0.500000
       retry log10(dt/yr), log10(dt), retry_factor     1  1191       -6.368792        1.130320        0.500000
       retry log10(dt/yr), log10(dt), retry_factor     2  1191       -6.669822        0.829290        0.500000
       retry log10(dt/yr), log10(dt), retry_factor     1  1199       -5.701284        1.797827        0.500000
       retry log10(dt/yr), log10(dt), retry_factor     1  1203       -5.701284        1.797827        0.500000
       retry log10(dt/yr), log10(dt), retry_factor     1  1204       -6.002314        1.496797        0.500000
hydro_newton_step failed to accept
       retry log10(dt/yr), log10(dt), retry_factor     1  1205       -6.400254        1.098857        0.500000
       retry log10(dt/yr), log10(dt), retry_factor     1  1206       -6.701284        0.797827        0.500000
       retry log10(dt/yr), log10(dt), retry_factor     2  1206       -7.002314        0.496797        0.500000
       retry log10(dt/yr), log10(dt), retry_factor     1  1214       -5.798194        1.700917        0.500000
hydro_newton_step failed to accept
       retry log10(dt/yr), log10(dt), retry_factor     1  1215       -6.099224        1.399887        0.500000
       retry log10(dt/yr), log10(dt), retry_factor     1  1216       -6.497164        1.001947        0.500000
hydro_newton_step failed to accept
       retry log10(dt/yr), log10(dt), retry_factor     2  1216       -6.798194        0.700917        0.500000
       retry log10(dt/yr), log10(dt), retry_factor     1  1217       -7.099224        0.399887        0.500000
       retry log10(dt/yr), log10(dt), retry_factor     1  1224       -6.196134        1.302977        0.500000
       retry log10(dt/yr), log10(dt), retry_factor     1  1227       -6.594074        0.905037        0.500000
       retry log10(dt/yr), log10(dt), retry_factor     1  1228       -6.895104        0.604007        0.500000
       retry log10(dt/yr), log10(dt), retry_factor     1  1230       -7.196134        0.302977        0.500000
hydro_newton_step failed to accept
       retry log10(dt/yr), log10(dt), retry_factor     1  1231       -7.497164        0.001947        0.500000
       retry log10(dt/yr), log10(dt), retry_factor     1  1234       -7.497164        0.001947        0.500000
       retry log10(dt/yr), log10(dt), retry_factor     2  1234       -7.798194       -0.299083        0.500000
       retry log10(dt/yr), log10(dt), retry_factor     1  1238       -7.977802       -0.478690        0.500000
       retry log10(dt/yr), log10(dt), retry_factor     1  1239       -8.375742       -0.876630        0.500000
       retry log10(dt/yr), log10(dt), retry_factor     1  1270       -9.394320       -1.895208        0.500000
       retry log10(dt/yr), log10(dt), retry_factor     1  1319       -7.225911        0.273201        0.500000
       retry log10(dt/yr), log10(dt), retry_factor     2  1319       -7.526941       -0.027829        0.500000
 have reached retry limit so now backup
       retry log10(dt/yr), log10(dt), retry_factor     1  1325       -7.566780       -0.067668        0.500000
hydro_newton_step failed to accept
       retry log10(dt/yr), log10(dt), retry_factor     2  1325       -7.867810       -0.368698        0.500000
       retry log10(dt/yr), log10(dt), retry_factor     1  1326       -8.265750       -0.766638        0.500000
hydro_newton_step failed to accept
       retry log10(dt/yr), log10(dt), retry_factor     2  1326       -8.566780       -1.067668        0.500000
       retry log10(dt/yr), log10(dt), retry_factor     1  1360       -7.825097       -0.325985        0.500000
       retry log10(dt/yr), log10(dt), retry_factor     1  1367       -7.786992       -0.287880        0.500000
hydro_newton_step failed to accept
       retry log10(dt/yr), log10(dt), retry_factor     2  1367       -8.088022       -0.588910        0.500000
 have reached retry limit so now backup
       retry log10(dt/yr), log10(dt), retry_factor     1  1373       -7.485962        0.013150        0.500000
       retry log10(dt/yr), log10(dt), retry_factor     1  1374       -7.786992       -0.287880        0.500000
       retry log10(dt/yr), log10(dt), retry_factor     2  1374       -8.088022       -0.588910        0.500000
 have reached retry limit so now backup
       retry log10(dt/yr), log10(dt), retry_factor     1  1380       -7.485962        0.013150        0.500000
       retry log10(dt/yr), log10(dt), retry_factor     1  1415       -6.538163        0.960949        0.500000
       retry log10(dt/yr), log10(dt), retry_factor     1  1427       -5.575149        1.923963        0.500000
       retry log10(dt/yr), log10(dt), retry_factor     1  1430       -5.973089        1.526023        0.500000
       retry log10(dt/yr), log10(dt), retry_factor     1  1436       -5.371029        2.128083        0.500000
       retry log10(dt/yr), log10(dt), retry_factor     1  1438       -5.768969        1.730143        0.500000
       retry log10(dt/yr), log10(dt), retry_factor     1  1443       -5.685137        1.813974        0.500000
       retry log10(dt/yr), log10(dt), retry_factor     1  1448       -5.546415        1.952697        0.500000
       retry log10(dt/yr), log10(dt), retry_factor     1  1449       -5.944355        1.554757        0.500000
       retry log10(dt/yr), log10(dt), retry_factor     1  1450       -6.245385        1.253727        0.500000
       retry log10(dt/yr), log10(dt), retry_factor     1  1460       -5.441462        2.057650        0.500000
       retry log10(dt/yr), log10(dt), retry_factor     2  1460       -5.742492        1.756620        0.500000
 have reached retry limit so now backup
       retry log10(dt/yr), log10(dt), retry_factor     1  1465       -5.664871        1.834241        0.500000
hydro_newton_step failed to accept
       retry log10(dt/yr), log10(dt), retry_factor     1  1469       -6.062811        1.436301        0.500000
hydro_newton_step failed to accept
       retry log10(dt/yr), log10(dt), retry_factor     2  1469       -6.363841        1.135271        0.500000
       retry log10(dt/yr), log10(dt), retry_factor     1  1470       -6.396806        1.102306        0.500000
       retry log10(dt/yr), log10(dt), retry_factor     2  1470       -6.697836        0.801276        0.500000
       retry log10(dt/yr), log10(dt), retry_factor     1  1477       -5.794746        1.704366        0.500000
hydro_newton_step failed to accept
       retry log10(dt/yr), log10(dt), retry_factor     1  1478       -6.095776        1.403336        0.500000
hydro_newton_step failed to accept
       retry log10(dt/yr), log10(dt), retry_factor     1  1479       -6.489220        1.009891        0.500000
       retry log10(dt/yr), log10(dt), retry_factor     1  1484       -5.932337        1.566775        0.500000
hydro_newton_step failed to accept
       retry log10(dt/yr), log10(dt), retry_factor     2  1484       -6.233367        1.265745        0.500000
       retry log10(dt/yr), log10(dt), retry_factor     1  1486       -6.534397        0.964715        0.500000
       retry log10(dt/yr), log10(dt), retry_factor     1  1487       -6.932337        0.566775        0.500000
       retry log10(dt/yr), log10(dt), retry_factor     1  1488       -7.233367        0.265745        0.500000
       retry log10(dt/yr), log10(dt), retry_factor     1  1494       -6.631307        0.867805        0.500000
       retry log10(dt/yr), log10(dt), retry_factor     1  1495       -6.932337        0.566775        0.500000
       retry log10(dt/yr), log10(dt), retry_factor     1  1496       -7.233367        0.265745        0.500000
       retry log10(dt/yr), log10(dt), retry_factor     1  1498       -7.534397       -0.035285        0.500000
       retry log10(dt/yr), log10(dt), retry_factor     1  1500       -7.835427       -0.336315        0.500000
 bad other yaxis for History panels plot num_zones

 ERROR: failed to find log_Teff in history data

 grid1/grid1_001500.png/png
       retry log10(dt/yr), log10(dt), retry_factor     1  1505       -8.330277       -0.831165        0.500000
       retry log10(dt/yr), log10(dt), retry_factor     1  1578       -7.258045        0.241067        0.500000
       retry log10(dt/yr), log10(dt), retry_factor     2  1578       -7.559075       -0.059963        0.500000
 have reached retry limit so now backup
       retry log10(dt/yr), log10(dt), retry_factor     1  1579       -7.860105       -0.360993        0.500000
       retry log10(dt/yr), log10(dt), retry_factor     2  1579       -8.161135       -0.662023        0.500000
 have reached retry limit so now backup
       retry log10(dt/yr), log10(dt), retry_factor     1  1579       -8.462165       -0.963053        0.500000
       retry log10(dt/yr), log10(dt), retry_factor     2  1579       -8.763195       -1.264083        0.500000
 have reached retry limit so now backup
       retry log10(dt/yr), log10(dt), retry_factor     1  1580       -9.064225       -1.565113        0.500000
       retry log10(dt/yr), log10(dt), retry_factor     2  1580       -9.365255       -1.866143        0.500000
 have reached retry limit so now backup
       retry log10(dt/yr), log10(dt), retry_factor     1  1583       -9.666285       -2.167173        0.500000
       retry log10(dt/yr), log10(dt), retry_factor     2  1583       -9.967315       -2.468203        0.500000
 have reached retry limit so now backup
       retry log10(dt/yr), log10(dt), retry_factor     1  1583      -10.268345       -2.769233        0.500000
       retry log10(dt/yr), log10(dt), retry_factor     2  1583      -10.569375       -3.070263        0.500000
 have reached retry limit so now backup
       retry log10(dt/yr), log10(dt), retry_factor     1  1585      -10.870405       -3.371293        0.500000
       retry log10(dt/yr), log10(dt), retry_factor     1  1602       -7.314373        0.184739        0.500000
hydro_newton_step failed to accept
       retry log10(dt/yr), log10(dt), retry_factor     2  1602       -7.615403       -0.116291        0.500000
 have reached retry limit so now backup
hydro_newton_step failed to accept
       retry log10(dt/yr), log10(dt), retry_factor     1  1609       -8.255635       -0.756523        0.500000
hydro_newton_step failed to accept
       retry log10(dt/yr), log10(dt), retry_factor     2  1609       -8.556665       -1.057553        0.500000
       retry log10(dt/yr), log10(dt), retry_factor     1  1614       -8.091947       -0.592836        0.500000
hydro_newton_step failed to accept
       retry log10(dt/yr), log10(dt), retry_factor     2  1614       -8.392977       -0.893866        0.500000
 have reached retry limit so now backup
       retry log10(dt/yr), log10(dt), retry_factor     1  1652       -7.420820        0.078292        0.500000
hydro_newton_step failed to accept
       retry log10(dt/yr), log10(dt), retry_factor     1  1656       -7.517730       -0.018618        0.500000
       retry log10(dt/yr), log10(dt), retry_factor     2  1656       -7.818760       -0.319648        0.500000
 have reached retry limit so now backup
       retry log10(dt/yr), log10(dt), retry_factor     1  1657       -8.119790       -0.620678        0.500000
       retry log10(dt/yr), log10(dt), retry_factor     2  1657       -8.420820       -0.921708        0.500000
       retry log10(dt/yr), log10(dt), retry_factor     1  1666       -7.496173        0.002938        0.500000
       retry log10(dt/yr), log10(dt), retry_factor     2  1666       -7.797203       -0.298092        0.500000
 have reached retry limit so now backup
       retry log10(dt/yr), log10(dt), retry_factor     1  1695       -6.619284        0.879828        0.500000
       retry log10(dt/yr), log10(dt), retry_factor     1  1714       -5.249222        2.249890        0.500000
       retry log10(dt/yr), log10(dt), retry_factor     1  1717       -5.550252        1.948860        0.500000
       retry log10(dt/yr), log10(dt), retry_factor     1  1718       -5.879016        1.620096        0.500000
       retry log10(dt/yr), log10(dt), retry_factor     1  1724       -5.556286        1.942825        0.500000
       retry log10(dt/yr), log10(dt), retry_factor     2  1724       -5.857316        1.641795        0.500000
 have reached retry limit so now backup
       retry log10(dt/yr), log10(dt), retry_factor     1  1730       -5.600659        1.898452        0.500000
       retry log10(dt/yr), log10(dt), retry_factor     1  1735       -5.562227        1.936884        0.500000
       retry log10(dt/yr), log10(dt), retry_factor     2  1735       -5.863257        1.635854        0.500000
       retry log10(dt/yr), log10(dt), retry_factor     1  1741       -5.318489        2.180622        0.500000
       retry log10(dt/yr), log10(dt), retry_factor     1  1742       -5.619519        1.879592        0.500000
hydro_newton_step failed to accept
       retry log10(dt/yr), log10(dt), retry_factor     1  1743       -6.017459        1.481652        0.500000
       retry log10(dt/yr), log10(dt), retry_factor     1  1744       -6.365042        1.134070        0.500000
       retry log10(dt/yr), log10(dt), retry_factor     1  1751       -5.461952        2.037160        0.500000
       retry log10(dt/yr), log10(dt), retry_factor     1  1752       -5.762982        1.736130        0.500000
       retry log10(dt/yr), log10(dt), retry_factor     2  1752       -6.064012        1.435100        0.500000
 have reached retry limit so now backup
       retry log10(dt/yr), log10(dt), retry_factor     1  1755       -6.461952        1.037160        0.500000
       retry log10(dt/yr), log10(dt), retry_factor     1  1756       -6.762982        0.736130        0.500000
hydro_newton_step failed to accept
       retry log10(dt/yr), log10(dt), retry_factor     1  1763       -6.090717        1.408395        0.500000
hydro_newton_step failed to accept
       retry log10(dt/yr), log10(dt), retry_factor     2  1763       -6.391747        1.107365        0.500000
       retry log10(dt/yr), log10(dt), retry_factor     1  1764       -6.411172        1.087939        0.500000
       retry log10(dt/yr), log10(dt), retry_factor     2  1764       -6.712202        0.786909        0.500000
       retry log10(dt/yr), log10(dt), retry_factor     1  1765       -7.013232        0.485879        0.500000
       retry log10(dt/yr), log10(dt), retry_factor     1  1774       -5.753484        1.745628        0.500000
       retry log10(dt/yr), log10(dt), retry_factor     1  1775       -6.112342        1.386770        0.500000
       retry log10(dt/yr), log10(dt), retry_factor     2  1775       -6.413372        1.085740        0.500000
 have reached retry limit so now backup
       retry log10(dt/yr), log10(dt), retry_factor     1  1781       -6.047583        1.451529        0.500000
       retry log10(dt/yr), log10(dt), retry_factor     1  1782       -6.445523        1.053589        0.500000
       retry log10(dt/yr), log10(dt), retry_factor     1  1783       -6.843463        0.655649        0.500000
       retry log10(dt/yr), log10(dt), retry_factor     2  1783       -7.144493        0.354619        0.500000
       retry log10(dt/yr), log10(dt), retry_factor     1  1788       -6.843463        0.655649        0.500000
       retry log10(dt/yr), log10(dt), retry_factor     1  1790       -7.144493        0.354619        0.500000
       retry log10(dt/yr), log10(dt), retry_factor     2  1790       -7.445523        0.053589        0.500000
 have reached retry limit so now backup
       retry log10(dt/yr), log10(dt), retry_factor     1  1795       -7.144493        0.354619        0.500000
       retry log10(dt/yr), log10(dt), retry_factor     2  1795       -7.445523        0.053589        0.500000
       retry log10(dt/yr), log10(dt), retry_factor     1  1797       -7.746553       -0.247441        0.500000
       retry log10(dt/yr), log10(dt), retry_factor     1  1800       -8.047583       -0.548471        0.500000
       retry log10(dt/yr), log10(dt), retry_factor     1  1801       -8.348613       -0.849501        0.500000
       retry log10(dt/yr), log10(dt), retry_factor     1  1804       -8.681683       -1.182572        0.500000
       retry log10(dt/yr), log10(dt), retry_factor     1  1809       -8.524384       -1.025272        0.500000
       retry log10(dt/yr), log10(dt), retry_factor     1  1879       -7.288434        0.210677        0.500000
hydro_newton_step failed to accept
       retry log10(dt/yr), log10(dt), retry_factor     2  1879       -7.589464       -0.090353        0.500000
 have reached retry limit so now backup
       retry log10(dt/yr), log10(dt), retry_factor     1  1885       -7.836367       -0.337256        0.500000
hydro_newton_step failed to accept
       retry log10(dt/yr), log10(dt), retry_factor     2  1885       -8.137397       -0.638286        0.500000
       retry log10(dt/yr), log10(dt), retry_factor     1  1913       -7.779975       -0.280863        0.500000
       retry log10(dt/yr), log10(dt), retry_factor     2  1913       -8.081005       -0.581893        0.500000
 have reached retry limit so now backup
       retry log10(dt/yr), log10(dt), retry_factor     1  1923       -7.494041        0.005071        0.500000
       retry log10(dt/yr), log10(dt), retry_factor     2  1923       -7.795071       -0.295959        0.500000
 have reached retry limit so now backup
hydro_newton_step failed to accept
       retry log10(dt/yr), log10(dt), retry_factor     1  1924       -8.096101       -0.596989        0.500000
       retry log10(dt/yr), log10(dt), retry_factor     1  1930       -7.414230        0.084882        0.500000
       retry log10(dt/yr), log10(dt), retry_factor     2  1930       -7.715260       -0.216148        0.500000
 have reached retry limit so now backup
hydro_newton_step failed to accept
       retry log10(dt/yr), log10(dt), retry_factor     1  1936       -7.337134        0.161978        0.500000
       retry log10(dt/yr), log10(dt), retry_factor     2  1936       -7.638164       -0.139052        0.500000
 have reached retry limit so now backup
       retry log10(dt/yr), log10(dt), retry_factor     1  1943       -7.410026        0.089085        0.500000
hydro_newton_step failed to accept
       retry log10(dt/yr), log10(dt), retry_factor     2  1943       -7.711056       -0.211945        0.500000
 have reached retry limit so now backup
       retry log10(dt/yr), log10(dt), retry_factor     1  1983       -6.099843        1.399268        0.500000
       retry log10(dt/yr), log10(dt), retry_factor     2  1983       -6.400873        1.098238        0.500000
 have reached retry limit so now backup
       retry log10(dt/yr), log10(dt), retry_factor     1  1992       -5.566792        1.932320        0.500000
       retry log10(dt/yr), log10(dt), retry_factor     1  1993       -5.964732        1.534380        0.500000
       retry log10(dt/yr), log10(dt), retry_factor     1  1994       -6.265762        1.233350        0.500000
       2000   8.358587  3.499E+06   1.414788   1.454338   1.400000   1.400000   0.000000   0.000000   0.275200   0.027532  16.737065   1191    366
  -5.061642   6.731880  -4.792735  -1.982921   0.635129  -8.522879   0.000000   0.000000   0.000000   0.020000   0.022407 105.065954      6     52
 2.0032E-03  23.363931   1.543756   0.392247  13.533499  -1.141789   0.000000   0.000000   0.000000   0.000687  9.501E-01 -0.922E-16  max increase

save LOGS/profile5.data for model 2000
save photos/2000 for model 2000
 bad other yaxis for History panels plot num_zones

 ERROR: failed to find log_Teff in history data

 grid1/grid1_002000.png/png
       retry log10(dt/yr), log10(dt), retry_factor     1  2001       -5.604414        1.894697        0.500000
       retry log10(dt/yr), log10(dt), retry_factor     2  2001       -5.905444        1.593667        0.500000
       retry log10(dt/yr), log10(dt), retry_factor     1  2002       -6.206474        1.292637        0.500000
       retry log10(dt/yr), log10(dt), retry_factor     1  2009       -5.602046        1.897066        0.500000
       retry log10(dt/yr), log10(dt), retry_factor     2  2009       -5.903076        1.596036        0.500000
       retry log10(dt/yr), log10(dt), retry_factor     1  2015       -5.512831        1.986280        0.500000
       retry log10(dt/yr), log10(dt), retry_factor     1  2020       -5.472984        2.026127        0.500000
hydro_newton_step failed to accept
       retry log10(dt/yr), log10(dt), retry_factor     1  2021       -5.870924        1.628187        0.500000
       retry log10(dt/yr), log10(dt), retry_factor     1  2022       -6.171954        1.327157        0.500000
       retry log10(dt/yr), log10(dt), retry_factor     2  2022       -6.472984        1.026127        0.500000
       retry log10(dt/yr), log10(dt), retry_factor     1  2030       -5.436884        2.062228        0.500000
hydro_newton_step failed to accept
       retry log10(dt/yr), log10(dt), retry_factor     1  2031       -5.834824        1.664288        0.500000
       retry log10(dt/yr), log10(dt), retry_factor     1  2036       -5.561524        1.937588        0.500000
       retry log10(dt/yr), log10(dt), retry_factor     2  2036       -5.862554        1.636558        0.500000
       retry log10(dt/yr), log10(dt), retry_factor     1  2041       -5.828606        1.670505        0.500000
hydro_newton_step failed to accept
       retry log10(dt/yr), log10(dt), retry_factor     1  2042       -6.226546        1.272565        0.500000
       retry log10(dt/yr), log10(dt), retry_factor     2  2042       -6.527576        0.971535        0.500000
       retry log10(dt/yr), log10(dt), retry_factor     1  2049       -5.934021        1.565091        0.500000
       retry log10(dt/yr), log10(dt), retry_factor     2  2049       -6.235051        1.264061        0.500000
       retry log10(dt/yr), log10(dt), retry_factor     1  2053       -6.297799        1.201313        0.500000
       retry log10(dt/yr), log10(dt), retry_factor     2  2053       -6.598829        0.900283        0.500000
hydro_newton_step failed to accept
       retry log10(dt/yr), log10(dt), retry_factor     1  2055       -6.899859        0.599253        0.500000
       retry log10(dt/yr), log10(dt), retry_factor     1  2057       -6.899859        0.599253        0.500000
       retry log10(dt/yr), log10(dt), retry_factor     1  2058       -7.200889        0.298223        0.500000
       retry log10(dt/yr), log10(dt), retry_factor     1  2059       -7.501919       -0.002807        0.500000
       retry log10(dt/yr), log10(dt), retry_factor     1  2060       -7.802949       -0.303837        0.500000
       retry log10(dt/yr), log10(dt), retry_factor     1  2064       -8.297799       -0.798687        0.500000
       retry log10(dt/yr), log10(dt), retry_factor     1  2067       -8.729917       -1.230805        0.500000
       retry log10(dt/yr), log10(dt), retry_factor     1  2134       -7.685468       -0.186356        0.500000
       retry log10(dt/yr), log10(dt), retry_factor     2  2134       -7.986498       -0.487386        0.500000
 have reached retry limit so now backup
       retry log10(dt/yr), log10(dt), retry_factor     1  2135       -8.287528       -0.788416        0.500000
       retry log10(dt/yr), log10(dt), retry_factor     2  2135       -8.588558       -1.089446        0.500000
 have reached retry limit so now backup
       retry log10(dt/yr), log10(dt), retry_factor     1  2135       -8.889588       -1.390476        0.500000
       retry log10(dt/yr), log10(dt), retry_factor     2  2135       -9.190617       -1.691506        0.500000
 have reached retry limit so now backup
       retry log10(dt/yr), log10(dt), retry_factor     1  2138       -9.491647       -1.992536        0.500000
       retry log10(dt/yr), log10(dt), retry_factor     2  2138       -9.792677       -2.293566        0.500000
 have reached retry limit so now backup
       retry log10(dt/yr), log10(dt), retry_factor     1  2141      -10.093707       -2.594596        0.500000
       retry log10(dt/yr), log10(dt), retry_factor     2  2141      -10.394737       -2.895626        0.500000
 have reached retry limit so now backup
       retry log10(dt/yr), log10(dt), retry_factor     1  2141      -10.695767       -3.196656        0.500000
       retry log10(dt/yr), log10(dt), retry_factor     2  2141      -10.996797       -3.497686        0.500000
       retry log10(dt/yr), log10(dt), retry_factor     1  2153       -8.886329       -1.387218        0.500000
       retry log10(dt/yr), log10(dt), retry_factor     1  2164       -7.380691        0.118421        0.500000
hydro_newton_step failed to accept
       retry log10(dt/yr), log10(dt), retry_factor     2  2164       -7.681721       -0.182609        0.500000
hydro_newton_step failed to accept
       retry log10(dt/yr), log10(dt), retry_factor     1  2169       -8.321777       -0.822666        0.500000
hydro_newton_step failed to accept
       retry log10(dt/yr), log10(dt), retry_factor     2  2169       -8.622807       -1.123696        0.500000
hydro_newton_step failed to accept
       retry log10(dt/yr), log10(dt), retry_factor     1  2175       -7.902942       -0.403830        0.500000
hydro_newton_step failed to accept
       retry log10(dt/yr), log10(dt), retry_factor     2  2175       -8.203972       -0.704860        0.500000
 have reached retry limit so now backup
       retry log10(dt/yr), log10(dt), retry_factor     1  2205       -7.731735       -0.232624        0.500000
       retry log10(dt/yr), log10(dt), retry_factor     1  2207       -8.032765       -0.533654        0.500000
       retry log10(dt/yr), log10(dt), retry_factor     1  2214       -7.557662       -0.058550        0.500000
       retry log10(dt/yr), log10(dt), retry_factor     2  2214       -7.858692       -0.359580        0.500000
 have reached retry limit so now backup
       retry log10(dt/yr), log10(dt), retry_factor     1  2222       -7.408799        0.090312        0.500000
       retry log10(dt/yr), log10(dt), retry_factor     2  2222       -7.709829       -0.210718        0.500000
 have reached retry limit so now backup
       retry log10(dt/yr), log10(dt), retry_factor     1  2229       -7.344910        0.154201        0.500000
       retry log10(dt/yr), log10(dt), retry_factor     2  2229       -7.645940       -0.146829        0.500000
 have reached retry limit so now backup
       retry log10(dt/yr), log10(dt), retry_factor     1  2278       -5.369523        2.129589        0.500000
       retry log10(dt/yr), log10(dt), retry_factor     1  2280       -5.840198        1.658914        0.500000
       retry log10(dt/yr), log10(dt), retry_factor     1  2286       -5.461247        2.037865        0.500000
       retry log10(dt/yr), log10(dt), retry_factor     1  2291       -5.454266        2.044846        0.500000
       retry log10(dt/yr), log10(dt), retry_factor     1  2295       -5.577906        1.921206        0.500000
       retry log10(dt/yr), log10(dt), retry_factor     2  2295       -5.878936        1.620176        0.500000
 have reached retry limit so now backup
       retry log10(dt/yr), log10(dt), retry_factor     1  2302       -5.481115        2.017996        0.500000
       retry log10(dt/yr), log10(dt), retry_factor     1  2303       -5.782145        1.716966        0.500000
       retry log10(dt/yr), log10(dt), retry_factor     2  2303       -6.083175        1.415936        0.500000
 have reached retry limit so now backup
hydro_newton_step failed to accept
       retry log10(dt/yr), log10(dt), retry_factor     1  2306       -6.481115        1.017996        0.500000
       retry log10(dt/yr), log10(dt), retry_factor     1  2307       -6.527348        0.971764        0.500000
       retry log10(dt/yr), log10(dt), retry_factor     2  2307       -6.828378        0.670734        0.500000
 have reached retry limit so now backup
hydro_newton_step failed to accept
       retry log10(dt/yr), log10(dt), retry_factor     1  2315       -5.797481        1.701631        0.500000
hydro_newton_step failed to accept
       retry log10(dt/yr), log10(dt), retry_factor     1  2316       -6.195421        1.303691        0.500000
       retry log10(dt/yr), log10(dt), retry_factor     1  2319       -5.941858        1.557253        0.500000
       retry log10(dt/yr), log10(dt), retry_factor     2  2319       -6.242888        1.256223        0.500000
hydro_newton_step failed to accept
       retry log10(dt/yr), log10(dt), retry_factor     1  2320       -6.623324        0.875787        0.500000
       retry log10(dt/yr), log10(dt), retry_factor     1  2321       -7.021264        0.477847        0.500000
       retry log10(dt/yr), log10(dt), retry_factor     1  2326       -6.720234        0.778877        0.500000
hydro_newton_step failed to accept
       retry log10(dt/yr), log10(dt), retry_factor     1  2327       -7.021264        0.477847        0.500000
       retry log10(dt/yr), log10(dt), retry_factor     1  2328       -7.322294        0.176817        0.500000
hydro_newton_step failed to accept
       retry log10(dt/yr), log10(dt), retry_factor     1  2334       -6.720234        0.778877        0.500000
       retry log10(dt/yr), log10(dt), retry_factor     1  2335       -6.720234        0.778877        0.500000
       retry log10(dt/yr), log10(dt), retry_factor     1  2336       -7.021264        0.477847        0.500000
       retry log10(dt/yr), log10(dt), retry_factor     1  2338       -7.322294        0.176817        0.500000
       retry log10(dt/yr), log10(dt), retry_factor     1  2339       -7.623324       -0.124213        0.500000
       retry log10(dt/yr), log10(dt), retry_factor     2  2339       -7.924354       -0.425243        0.500000
       retry log10(dt/yr), log10(dt), retry_factor     1  2344       -7.623324       -0.124213        0.500000
       retry log10(dt/yr), log10(dt), retry_factor     1  2345       -7.924354       -0.425243        0.500000
       retry log10(dt/yr), log10(dt), retry_factor     1  2346       -8.300779       -0.801668        0.500000
       retry log10(dt/yr), log10(dt), retry_factor     2  2346       -8.601809       -1.102698        0.500000
hydro_newton_step failed to accept
       retry log10(dt/yr), log10(dt), retry_factor     1  2378       -9.311853       -1.812741        0.500000
       retry log10(dt/yr), log10(dt), retry_factor     1  2409       -8.161729       -0.662617        0.500000
       retry log10(dt/yr), log10(dt), retry_factor     1  2410       -8.559669       -1.060557        0.500000
       retry log10(dt/yr), log10(dt), retry_factor     2  2410       -8.860699       -1.361587        0.500000
hydro_newton_step failed to accept
       retry log10(dt/yr), log10(dt), retry_factor     1  2411       -9.161729       -1.662617        0.500000
       retry log10(dt/yr), log10(dt), retry_factor     1  2449       -7.530665       -0.031553        0.500000
       retry log10(dt/yr), log10(dt), retry_factor     2  2449       -7.831695       -0.332583        0.500000
 have reached retry limit so now backup
       retry log10(dt/yr), log10(dt), retry_factor     1  2453       -8.326545       -0.827433        0.500000
       retry log10(dt/yr), log10(dt), retry_factor     1  2461       -7.768757       -0.269645        0.500000
       retry log10(dt/yr), log10(dt), retry_factor     2  2461       -8.069787       -0.570675        0.500000
       retry log10(dt/yr), log10(dt), retry_factor     1  2493       -7.549074       -0.049963        0.500000
       retry log10(dt/yr), log10(dt), retry_factor     1  2498       -7.248044        0.251067        0.500000
       retry log10(dt/yr), log10(dt), retry_factor     2  2498       -7.549074       -0.049963        0.500000
 bad other yaxis for History panels plot num_zones

 ERROR: failed to find log_Teff in history data

 grid1/grid1_002500.png/png
       retry log10(dt/yr), log10(dt), retry_factor     1  2505       -7.365079        0.134032        0.500000
       retry log10(dt/yr), log10(dt), retry_factor     1  2552       -5.902694        1.596418        0.500000
       retry log10(dt/yr), log10(dt), retry_factor     1  2558       -5.627675        1.871436        0.500000
       retry log10(dt/yr), log10(dt), retry_factor     2  2558       -5.928705        1.570406        0.500000
       retry log10(dt/yr), log10(dt), retry_factor     1  2559       -6.229735        1.269376        0.500000
       retry log10(dt/yr), log10(dt), retry_factor     1  2560       -6.530765        0.968346        0.500000
       retry log10(dt/yr), log10(dt), retry_factor     1  2570       -5.494900        2.004212        0.500000
       retry log10(dt/yr), log10(dt), retry_factor     2  2570       -5.795930        1.703182        0.500000
hydro_newton_step failed to accept
       retry log10(dt/yr), log10(dt), retry_factor     1  2574       -5.852037        1.647074        0.500000
       retry log10(dt/yr), log10(dt), retry_factor     1  2577       -5.511761        1.987351        0.500000
       retry log10(dt/yr), log10(dt), retry_factor     1  2581       -5.607437        1.891674        0.500000
hydro_newton_step failed to accept
       retry log10(dt/yr), log10(dt), retry_factor     1  2582       -6.005377        1.493734        0.500000
       retry log10(dt/yr), log10(dt), retry_factor     1  2583       -6.363949        1.135163        0.500000
       retry log10(dt/yr), log10(dt), retry_factor     2  2583       -6.664979        0.834133        0.500000
       retry log10(dt/yr), log10(dt), retry_factor     1  2584       -6.966009        0.533103        0.500000
       retry log10(dt/yr), log10(dt), retry_factor     1  2593       -5.774811        1.724301        0.500000
/var/spool/slurmd/job7850808/slurm_script: line 66: 1688063 Killed                  $MESA_BASE/star >> /hpc/group/physics/al363/low_overhead/sens/errors/x100_7._${SLURM_ARRAY_JOB_ID}_${SLURM_ARRAY_TASK_ID}.err
slurmstepd: error: Detected 1 oom-kill event(s) in StepId=7850808.batch cgroup. Some of your processes may have been killed by the cgroup out-of-memory handler.
