the mesa run folder is /work/al363/runs/low_overhead/runs_x100_1_2

starting from 0
DATE: 2021-04-12
TIME: 21:49:52
                                         version_number       10108
 read /hpc/group/physics/al363/low_overhead/sens/base/inlist_base
 read inlist_cluster
load saved model /hpc/group/physics/al363/sens/base/ns_relax.mod

 change to /hpc/group/physics/al363/sens/base/rp_305.net
             set special rate factor for r_ca37_ng_ca38          57    1.0000000000000000D+02
             set special rate factor for r_ca38_gn_ca37          58    1.0000000000000000D+02
             set special rate factor for r_ca37_ng_ca38          57    1.0000000000000000D+02
             set special rate factor for r_ca38_gn_ca37          58    1.0000000000000000D+02
 number of species         305
 read /hpc/group/physics/al363/low_overhead/sens/base/history_custom_low_overhead
 read /hpc/group/physics/al363/low_overhead/sens/base/profile_custom_low_overhead
 net name /hpc/group/physics/al363/sens/base/rp_305.net
 v_flag T
                                           xmstar/mstar    4.5461189430843640D-12
                                             xmstar (g)    1.2660395722219186D+22
                                           M_center (g)    2.7848799999878681D+33
                                            xmstar/Msun    6.3645665203193175D-12
                                          M_center/Msun    1.3999999999939012D+00
                                          R_center (cm)    1.1200000000000000D+06
                                          R_center/Rsun    1.6092416448748527D-05
                                           core density    4.7322078204273819D+14
                                          L_center/Lsun    4.1647144567650578D+00
 kappa_file_prefix gs98
 kappa_lowT_prefix lowT_fa05_gs98

   eos_file_prefix mesa
                                        OMP_NUM_THREADS           8


__________________________________________________________________________________________________________________________________________________

       step    lg_Tcntr    Teff       lg_LH     lg_Lnuc     Mass       H_rich     H_cntr     N_cntr     Y_surf     X_avg     eta_cntr  zones retry
   lg_dt_yr    lg_Dcntr    lg_R       lg_L3a    lg_Lneu     lg_Mdot    He_core    He_cntr    O_cntr     Z_surf     Y_avg     gam_cntr  iters bckup
     age_yr    lg_Pcntr    lg_L       lg_LZ     lg_Psurf    lg_Dsurf   C_core     C_cntr     Ne_cntr    Si_cntr    Z_avg     v_div_cs     dt_limit
__________________________________________________________________________________________________________________________________________________

         12   8.207068  1.596E+06   0.422373   0.422680   1.400000   1.400000   0.000000   0.000000   0.275200   0.032716  18.782540    782      0
  -5.834864   6.544453  -4.792968 -17.300136  -0.755568  -8.522879   0.000000   0.000000   0.000000   0.020000   0.012436 128.974929      6      0
 9.8181E-06  23.077272   0.179446  -2.727454  12.804639  -1.522785   0.000000   0.000000   0.000000   0.000687  9.548E-01 -0.112E-12      lgT_cntr

save LOGS/profile2.data for model 12
       retry log10(dt/yr), log10(dt), retry_factor     1    34       -5.396345        2.102767        0.500000
       retry log10(dt/yr), log10(dt), retry_factor     1    38       -5.396345        2.102767        0.500000
       retry log10(dt/yr), log10(dt), retry_factor     1    42       -5.396345        2.102767        0.500000
       retry log10(dt/yr), log10(dt), retry_factor     1    46       -5.396345        2.102767        0.500000
       retry log10(dt/yr), log10(dt), retry_factor     1    51       -5.095315        2.403797        0.500000
       retry log10(dt/yr), log10(dt), retry_factor     1    52       -5.095315        2.403797        0.500000
       retry log10(dt/yr), log10(dt), retry_factor     1    53       -5.095315        2.403797        0.500000
       retry log10(dt/yr), log10(dt), retry_factor     1    54       -5.095315        2.403797        0.500000
       retry log10(dt/yr), log10(dt), retry_factor     1    55       -5.095315        2.403797        0.500000
       retry log10(dt/yr), log10(dt), retry_factor     1    56       -5.095315        2.403797        0.500000
       retry log10(dt/yr), log10(dt), retry_factor     2    56       -5.396345        2.102767        0.500000
       retry log10(dt/yr), log10(dt), retry_factor     1    60       -5.396345        2.102767        0.500000
       retry log10(dt/yr), log10(dt), retry_factor     1    61       -5.697375        1.801737        0.500000
       retry log10(dt/yr), log10(dt), retry_factor     1    62       -5.998405        1.500707        0.500000
       retry log10(dt/yr), log10(dt), retry_factor     1    64       -6.299435        1.199677        0.500000
hydro_newton_step failed to accept
       retry log10(dt/yr), log10(dt), retry_factor     1    65       -6.600465        0.898647        0.500000
       retry log10(dt/yr), log10(dt), retry_factor     1    67       -6.901495        0.597617        0.500000
       retry log10(dt/yr), log10(dt), retry_factor     1    69       -7.202525        0.296587        0.500000
       retry log10(dt/yr), log10(dt), retry_factor     1    70       -7.503555       -0.004443        0.500000
       retry log10(dt/yr), log10(dt), retry_factor     1    72       -7.804585       -0.305473        0.500000
       retry log10(dt/yr), log10(dt), retry_factor     1    74       -8.105615       -0.606503        0.500000
       retry log10(dt/yr), log10(dt), retry_factor     1    75       -8.439704       -0.940592        0.500000
       retry log10(dt/yr), log10(dt), retry_factor     1   142       -8.645183       -1.146072        0.500000
       retry log10(dt/yr), log10(dt), retry_factor     1   143       -9.043123       -1.544012        0.500000
       retry log10(dt/yr), log10(dt), retry_factor     1   152       -9.052072       -1.552961        0.500000
       retry log10(dt/yr), log10(dt), retry_factor     1   159       -8.806309       -1.307197        0.500000
       retry log10(dt/yr), log10(dt), retry_factor     1   171       -8.809318       -1.310207        0.500000
       retry log10(dt/yr), log10(dt), retry_factor     2   171       -9.110348       -1.611237        0.500000
       retry log10(dt/yr), log10(dt), retry_factor     1   188       -7.426097        0.073014        0.500000
       retry log10(dt/yr), log10(dt), retry_factor     1   219       -7.781968       -0.282857        0.500000
hydro_newton_step failed to accept
       retry log10(dt/yr), log10(dt), retry_factor     2   219       -8.082998       -0.583887        0.500000
       retry log10(dt/yr), log10(dt), retry_factor     1   225       -7.629018       -0.129907        0.500000
       retry log10(dt/yr), log10(dt), retry_factor     2   225       -7.930048       -0.430937        0.500000
 have reached retry limit so now backup
       retry log10(dt/yr), log10(dt), retry_factor     1   231       -7.704701       -0.205589        0.500000
       retry log10(dt/yr), log10(dt), retry_factor     2   231       -8.005731       -0.506619        0.500000
       retry log10(dt/yr), log10(dt), retry_factor     1   239       -7.543661       -0.044549        0.500000
       retry log10(dt/yr), log10(dt), retry_factor     2   239       -7.844691       -0.345579        0.500000
       retry log10(dt/yr), log10(dt), retry_factor     1   276       -6.342889        1.156223        0.500000
       retry log10(dt/yr), log10(dt), retry_factor     2   276       -6.643919        0.855193        0.500000
       retry log10(dt/yr), log10(dt), retry_factor     1   287       -5.769137        1.729975        0.500000
       retry log10(dt/yr), log10(dt), retry_factor     2   287       -6.070167        1.428945        0.500000
       retry log10(dt/yr), log10(dt), retry_factor     1   293       -5.468107        2.031005        0.500000
       retry log10(dt/yr), log10(dt), retry_factor     1   297       -5.517425        1.981687        0.500000
       retry log10(dt/yr), log10(dt), retry_factor     1   298       -5.915365        1.583747        0.500000
       retry log10(dt/yr), log10(dt), retry_factor     1   299       -6.216395        1.282717        0.500000
       retry log10(dt/yr), log10(dt), retry_factor     1   306       -5.531489        1.967622        0.500000
       retry log10(dt/yr), log10(dt), retry_factor     2   306       -5.832519        1.666592        0.500000
 have reached retry limit so now backup
       retry log10(dt/yr), log10(dt), retry_factor     1   312       -5.488525        2.010587        0.500000
       retry log10(dt/yr), log10(dt), retry_factor     2   312       -5.789555        1.709557        0.500000
       retry log10(dt/yr), log10(dt), retry_factor     1   319       -5.487417        2.011694        0.500000
       retry log10(dt/yr), log10(dt), retry_factor     2   319       -5.788447        1.710664        0.500000
 have reached retry limit so now backup
hydro_newton_step failed to accept
       retry log10(dt/yr), log10(dt), retry_factor     1   323       -5.879106        1.620005        0.500000
       retry log10(dt/yr), log10(dt), retry_factor     1   324       -6.225615        1.273496        0.500000
       retry log10(dt/yr), log10(dt), retry_factor     2   324       -6.526645        0.972466        0.500000
       retry log10(dt/yr), log10(dt), retry_factor     1   332       -5.441966        2.057146        0.500000
       retry log10(dt/yr), log10(dt), retry_factor     1   334       -5.768140        1.730971        0.500000
       retry log10(dt/yr), log10(dt), retry_factor     2   334       -6.069170        1.429941        0.500000
 have reached retry limit so now backup
       retry log10(dt/yr), log10(dt), retry_factor     1   337       -6.370200        1.128911        0.500000
       retry log10(dt/yr), log10(dt), retry_factor     1   338       -6.671230        0.827881        0.500000
       retry log10(dt/yr), log10(dt), retry_factor     1   346       -5.633715        1.865397        0.500000
       retry log10(dt/yr), log10(dt), retry_factor     1   347       -6.031655        1.467457        0.500000
hydro_newton_step failed to accept
       retry log10(dt/yr), log10(dt), retry_factor     1   348       -6.374799        1.124313        0.500000
       retry log10(dt/yr), log10(dt), retry_factor     2   348       -6.675829        0.823283        0.500000
       retry log10(dt/yr), log10(dt), retry_factor     1   349       -6.976859        0.522253        0.500000
       retry log10(dt/yr), log10(dt), retry_factor     1   357       -5.908723        1.590388        0.500000
hydro_newton_step failed to accept
       retry log10(dt/yr), log10(dt), retry_factor     1   358       -6.259288        1.239824        0.500000
       retry log10(dt/yr), log10(dt), retry_factor     1   362       -6.150415        1.348697        0.500000
        362   8.438766  4.571E+06   1.970232   2.112762   1.400000   1.400000   0.000000   0.000000   0.275200   0.077981  11.839608    759     67
  -5.849385   6.606463  -4.792680   1.282498   1.196418  -8.522879   0.000000   0.000000   0.000000   0.020000   0.055873  79.337362      6      4
 5.8326E-04  23.180691   2.008174   1.233175  13.836498  -0.957999   0.000000   0.000000   0.000000   0.000687  8.661E-01  0.149E-14         retry

save LOGS/profile3.data for model 362
       retry log10(dt/yr), log10(dt), retry_factor     1   363       -6.497726        1.001386        0.500000
       retry log10(dt/yr), log10(dt), retry_factor     1   364       -6.878546        0.620565        0.500000
       retry log10(dt/yr), log10(dt), retry_factor     1   368       -6.951113        0.547998        0.500000
       retry log10(dt/yr), log10(dt), retry_factor     1   370       -7.252143        0.246968        0.500000
       retry log10(dt/yr), log10(dt), retry_factor     1   371       -7.553173       -0.054062        0.500000
       retry log10(dt/yr), log10(dt), retry_factor     1   373       -7.854203       -0.355092        0.500000
       retry log10(dt/yr), log10(dt), retry_factor     1   374       -8.252143       -0.753032        0.500000
       retry log10(dt/yr), log10(dt), retry_factor     1   376       -8.619887       -1.120776        0.500000
       retry log10(dt/yr), log10(dt), retry_factor     1   385       -8.600700       -1.101588        0.500000
hydro_newton_step failed to accept
       retry log10(dt/yr), log10(dt), retry_factor     2   385       -8.901730       -1.402618        0.500000
       retry log10(dt/yr), log10(dt), retry_factor     1   455       -9.037674       -1.538562        0.500000
       retry log10(dt/yr), log10(dt), retry_factor     1   478       -7.392058        0.107054        0.500000
       retry log10(dt/yr), log10(dt), retry_factor     2   478       -7.693088       -0.193976        0.500000
 have reached retry limit so now backup
       retry log10(dt/yr), log10(dt), retry_factor     1   480       -7.994118       -0.495006        0.500000
       retry log10(dt/yr), log10(dt), retry_factor     2   480       -8.295148       -0.796036        0.500000
 have reached retry limit so now backup
       retry log10(dt/yr), log10(dt), retry_factor     1   483       -8.596178       -1.097066        0.500000
       retry log10(dt/yr), log10(dt), retry_factor     2   483       -8.897208       -1.398096        0.500000
 have reached retry limit so now backup
       retry log10(dt/yr), log10(dt), retry_factor     1   485       -9.198238       -1.699126        0.500000
       retry log10(dt/yr), log10(dt), retry_factor     2   485       -9.499268       -2.000156        0.500000
 have reached retry limit so now backup
       retry log10(dt/yr), log10(dt), retry_factor     1   497       -7.996556       -0.497444        0.500000
       retry log10(dt/yr), log10(dt), retry_factor     2   497       -8.297586       -0.798474        0.500000
hydro_newton_step failed to accept
       retry log10(dt/yr), log10(dt), retry_factor     1   498       -8.598616       -1.099504        0.500000
hydro_newton_step failed to accept
       retry log10(dt/yr), log10(dt), retry_factor     2   498       -8.899646       -1.400534        0.500000
 bad other yaxis for History panels plot num_zones

 ERROR: failed to find log_Teff in history data

 grid1/grid1_000500.png/png
       retry log10(dt/yr), log10(dt), retry_factor     1   502       -8.598616       -1.099504        0.500000
       retry log10(dt/yr), log10(dt), retry_factor     1   510       -8.011614       -0.512502        0.500000
       retry log10(dt/yr), log10(dt), retry_factor     2   510       -8.312644       -0.813532        0.500000
hydro_newton_step failed to accept
       retry log10(dt/yr), log10(dt), retry_factor     1   515       -8.011614       -0.512502        0.500000
hydro_newton_step failed to accept
       retry log10(dt/yr), log10(dt), retry_factor     1   519       -8.226002       -0.726890        0.500000
       retry log10(dt/yr), log10(dt), retry_factor     2   519       -8.527032       -1.027920        0.500000
       retry log10(dt/yr), log10(dt), retry_factor     1   525       -7.924972       -0.425860        0.500000
       retry log10(dt/yr), log10(dt), retry_factor     2   525       -8.226002       -0.726890        0.500000
 have reached retry limit so now backup
       retry log10(dt/yr), log10(dt), retry_factor     1   556       -7.774838       -0.275726        0.500000
hydro_newton_step failed to accept
       retry log10(dt/yr), log10(dt), retry_factor     2   556       -8.075868       -0.576756        0.500000
       retry log10(dt/yr), log10(dt), retry_factor     1   562       -7.473808        0.025304        0.500000
       retry log10(dt/yr), log10(dt), retry_factor     2   562       -7.774838       -0.275726        0.500000
 have reached retry limit so now backup
       retry log10(dt/yr), log10(dt), retry_factor     1   567       -7.473808        0.025304        0.500000
       retry log10(dt/yr), log10(dt), retry_factor     2   567       -7.774838       -0.275726        0.500000
       retry log10(dt/yr), log10(dt), retry_factor     1   569       -8.075868       -0.576756        0.500000
       retry log10(dt/yr), log10(dt), retry_factor     2   569       -8.376898       -0.877786        0.500000
       retry log10(dt/yr), log10(dt), retry_factor     1   617       -5.432297        2.066814        0.500000
       retry log10(dt/yr), log10(dt), retry_factor     1   622       -5.501493        1.997619        0.500000
       retry log10(dt/yr), log10(dt), retry_factor     2   622       -5.802523        1.696589        0.500000
       retry log10(dt/yr), log10(dt), retry_factor     1   623       -6.103553        1.395559        0.500000
       retry log10(dt/yr), log10(dt), retry_factor     2   623       -6.404583        1.094529        0.500000
       retry log10(dt/yr), log10(dt), retry_factor     1   630       -5.646839        1.852272        0.500000
       retry log10(dt/yr), log10(dt), retry_factor     1   631       -6.044779        1.454332        0.500000
       retry log10(dt/yr), log10(dt), retry_factor     1   637       -5.624404        1.874708        0.500000
       retry log10(dt/yr), log10(dt), retry_factor     1   638       -5.925434        1.573678        0.500000
hydro_newton_step failed to accept
       retry log10(dt/yr), log10(dt), retry_factor     2   638       -6.226464        1.272648        0.500000
       retry log10(dt/yr), log10(dt), retry_factor     1   639       -6.527494        0.971618        0.500000
       retry log10(dt/yr), log10(dt), retry_factor     1   649       -5.413405        2.085706        0.500000
       retry log10(dt/yr), log10(dt), retry_factor     1   654       -5.594907        1.904204        0.500000
       retry log10(dt/yr), log10(dt), retry_factor     2   654       -5.895937        1.603174        0.500000
 have reached retry limit so now backup
hydro_newton_step failed to accept
       retry log10(dt/yr), log10(dt), retry_factor     1   658       -5.982084        1.517028        0.500000
       retry log10(dt/yr), log10(dt), retry_factor     1   659       -6.344461        1.154651        0.500000
       retry log10(dt/yr), log10(dt), retry_factor     2   659       -6.645491        0.853621        0.500000
       retry log10(dt/yr), log10(dt), retry_factor     1   667       -5.579883        1.919228        0.500000
       retry log10(dt/yr), log10(dt), retry_factor     1   668       -5.953157        1.545955        0.500000
       retry log10(dt/yr), log10(dt), retry_factor     1   673       -5.818288        1.680824        0.500000
hydro_newton_step failed to accept
       retry log10(dt/yr), log10(dt), retry_factor     1   674       -6.119318        1.379794        0.500000
hydro_newton_step failed to accept
       retry log10(dt/yr), log10(dt), retry_factor     2   674       -6.420348        1.078764        0.500000
 have reached retry limit so now backup
hydro_newton_step failed to accept
       retry log10(dt/yr), log10(dt), retry_factor     1   680       -6.138371        1.360741        0.500000
       retry log10(dt/yr), log10(dt), retry_factor     1   683       -6.026350        1.472761        0.500000
       retry log10(dt/yr), log10(dt), retry_factor     1   685       -6.327380        1.171731        0.500000
       retry log10(dt/yr), log10(dt), retry_factor     1   686       -6.725320        0.773791        0.500000
       retry log10(dt/yr), log10(dt), retry_factor     1   691       -6.424291        1.074821        0.500000
       retry log10(dt/yr), log10(dt), retry_factor     2   691       -6.725320        0.773791        0.500000
       retry log10(dt/yr), log10(dt), retry_factor     1   693       -7.026350        0.472761        0.500000
       retry log10(dt/yr), log10(dt), retry_factor     1   694       -7.327380        0.171731        0.500000
       retry log10(dt/yr), log10(dt), retry_factor     1   697       -7.628410       -0.129299        0.500000
hydro_newton_step failed to accept
       retry log10(dt/yr), log10(dt), retry_factor     1   699       -7.929440       -0.430329        0.500000
       retry log10(dt/yr), log10(dt), retry_factor     1   702       -8.201150       -0.702039        0.500000
       retry log10(dt/yr), log10(dt), retry_factor     1   705       -8.607914       -1.108802        0.500000
       retry log10(dt/yr), log10(dt), retry_factor     1   713       -9.328837       -1.829725        0.500000
       retry log10(dt/yr), log10(dt), retry_factor     1   738       -9.222957       -1.723845        0.500000
       retry log10(dt/yr), log10(dt), retry_factor     2   738       -9.523987       -2.024875        0.500000
hydro_newton_step failed to accept
       retry log10(dt/yr), log10(dt), retry_factor     1   743       -9.222957       -1.723845        0.500000
       retry log10(dt/yr), log10(dt), retry_factor     1   789       -8.138391       -0.639280        0.500000
       retry log10(dt/yr), log10(dt), retry_factor     1   799       -7.395626        0.103485        0.500000
hydro_newton_step failed to accept
       retry log10(dt/yr), log10(dt), retry_factor     2   799       -7.696656       -0.197545        0.500000
       retry log10(dt/yr), log10(dt), retry_factor     1   802       -8.288416       -0.789305        0.500000
hydro_newton_step failed to accept
       retry log10(dt/yr), log10(dt), retry_factor     1   807       -8.044923       -0.545812        0.500000
hydro_newton_step failed to accept
       retry log10(dt/yr), log10(dt), retry_factor     1   841       -7.521221       -0.022110        0.500000
       retry log10(dt/yr), log10(dt), retry_factor     1   843       -7.577406       -0.078294        0.500000

stop because model_number >= max_model_number
      878      878

        878   8.471001  4.375E+06   1.258592   1.662463   1.400000   1.400000   0.000000   0.000000   0.275200   0.021901  11.368727    984    151
  -6.053686   6.634020  -4.792766  -0.806897   1.186784  -8.522879   0.000000   0.000000   0.000000   0.020000   0.021701  75.236330      7     12
 8.6560E-04  23.223826   1.931978   1.442082  13.787492  -0.987454   0.000000   0.000000   0.000000   0.000687  9.564E-01 -0.133E-12      lgT_cntr

save LOGS/profile4.data for model 878
save photos/x878 for model 878
save abund_profile_r_ca37_ng_ca38_100.data for model 878
 saved to final.mod
termination code: max_model_number
        878   8.471001  4.375E+06   1.258592   1.662463   1.400000   1.400000   0.000000   0.000000   0.275200   0.021901  11.368727    984    151
  -6.053686   6.634020  -4.792766  -0.806897   1.186784  -8.522879   0.000000   0.000000   0.000000   0.020000   0.021701  75.236330      7     12
 8.6560E-04  23.223826   1.931978   1.442082  13.787492  -0.987454   0.000000   0.000000   0.000000   0.000687  9.564E-01 -0.133E-12      lgT_cntr

DATE: 2021-04-13
TIME: 04:43:06
